<?xml version="1.0" encoding="UTF-8"?>
<testsuite xmlns:xsi="http://www.w3.org/2001/XMLSchema-instance" xsi:noNamespaceSchemaLocation="https://maven.apache.org/surefire/maven-surefire-plugin/xsd/surefire-test-report-3.0.xsd" version="3.0" name="com.iluwatar.reactor.app.ReactorTest" time="12.116" tests="2" errors="0" skipped="0" failures="0">
  <properties>
    <property name="gopherProxySet" value="false"/>
    <property name="awt.toolkit" value="sun.lwawt.macosx.LWCToolkit"/>
    <property name="java.specification.version" value="11"/>
    <property name="sun.cpu.isalist" value=""/>
    <property name="sun.jnu.encoding" value="UTF-8"/>
    <property name="java.class.path" value="/Users/nyalllivett/Desktop/LLMTestGeneration/projects-used-for-data/java-design-patterns/reactor/target/test-classes:/Users/nyalllivett/Desktop/LLMTestGeneration/projects-used-for-data/java-design-patterns/reactor/target/classes:/Users/nyalllivett/.m2/repository/org/junit/jupiter/junit-jupiter-engine/5.8.2/junit-jupiter-engine-5.8.2.jar:/Users/nyalllivett/.m2/repository/org/junit/platform/junit-platform-engine/1.8.2/junit-platform-engine-1.8.2.jar:/Users/nyalllivett/.m2/repository/org/apiguardian/apiguardian-api/1.1.2/apiguardian-api-1.1.2.jar:/Users/nyalllivett/.m2/repository/org/junit/jupiter/junit-jupiter-api/5.8.2/junit-jupiter-api-5.8.2.jar:/Users/nyalllivett/.m2/repository/org/opentest4j/opentest4j/1.2.0/opentest4j-1.2.0.jar:/Users/nyalllivett/.m2/repository/org/junit/platform/junit-platform-commons/1.8.2/junit-platform-commons-1.8.2.jar:/Users/nyalllivett/.m2/repository/org/junit/vintage/junit-vintage-engine/5.8.2/junit-vintage-engine-5.8.2.jar:/Users/nyalllivett/.m2/repository/junit/junit/4.13.2/junit-4.13.2.jar:/Users/nyalllivett/.m2/repository/org/hamcrest/hamcrest-core/2.2/hamcrest-core-2.2.jar:/Users/nyalllivett/.m2/repository/org/hamcrest/hamcrest/2.2/hamcrest-2.2.jar:/Users/nyalllivett/.m2/repository/org/slf4j/slf4j-api/1.7.36/slf4j-api-1.7.36.jar:/Users/nyalllivett/.m2/repository/org/evosuite/evosuite-runtime/1.2.0/evosuite-runtime-1.2.0.jar:/Users/nyalllivett/.m2/repository/ch/qos/logback/logback-classic/1.2.11/logback-classic-1.2.11.jar:/Users/nyalllivett/.m2/repository/ch/qos/logback/logback-core/1.2.11/logback-core-1.2.11.jar:/Users/nyalllivett/.m2/repository/org/projectlombok/lombok/1.18.24/lombok-1.18.24.jar:"/>
    <property name="java.vm.vendor" value="Amazon.com Inc."/>
    <property name="sun.arch.data.model" value="64"/>
    <property name="java.vendor.url" value="https://aws.amazon.com/corretto/"/>
    <property name="user.timezone" value="Europe/London"/>
    <property name="java.vm.specification.version" value="11"/>
    <property name="os.name" value="Mac OS X"/>
    <property name="sun.java.launcher" value="SUN_STANDARD"/>
    <property name="user.country" value="GB"/>
    <property name="sun.boot.library.path" value="/Users/nyalllivett/Library/Java/JavaVirtualMachines/corretto-11.0.22/Contents/Home/lib"/>
    <property name="sun.java.command" value="/Users/nyalllivett/Desktop/LLMTestGeneration/projects-used-for-data/java-design-patterns/reactor/target/surefire/surefirebooter-20240416125926309_356.jar /Users/nyalllivett/Desktop/LLMTestGeneration/projects-used-for-data/java-design-patterns/reactor/target/surefire 2024-04-16T12-56-39_886-jvmRun1 surefire-20240416125926309_354tmp surefire_62-20240416125926309_355tmp"/>
    <property name="http.nonProxyHosts" value="local|*.local|169.254/16|*.169.254/16"/>
    <property name="jdk.debug" value="release"/>
    <property name="surefire.test.class.path" value="/Users/nyalllivett/Desktop/LLMTestGeneration/projects-used-for-data/java-design-patterns/reactor/target/test-classes:/Users/nyalllivett/Desktop/LLMTestGeneration/projects-used-for-data/java-design-patterns/reactor/target/classes:/Users/nyalllivett/.m2/repository/org/junit/jupiter/junit-jupiter-engine/5.8.2/junit-jupiter-engine-5.8.2.jar:/Users/nyalllivett/.m2/repository/org/junit/platform/junit-platform-engine/1.8.2/junit-platform-engine-1.8.2.jar:/Users/nyalllivett/.m2/repository/org/apiguardian/apiguardian-api/1.1.2/apiguardian-api-1.1.2.jar:/Users/nyalllivett/.m2/repository/org/junit/jupiter/junit-jupiter-api/5.8.2/junit-jupiter-api-5.8.2.jar:/Users/nyalllivett/.m2/repository/org/opentest4j/opentest4j/1.2.0/opentest4j-1.2.0.jar:/Users/nyalllivett/.m2/repository/org/junit/platform/junit-platform-commons/1.8.2/junit-platform-commons-1.8.2.jar:/Users/nyalllivett/.m2/repository/org/junit/vintage/junit-vintage-engine/5.8.2/junit-vintage-engine-5.8.2.jar:/Users/nyalllivett/.m2/repository/junit/junit/4.13.2/junit-4.13.2.jar:/Users/nyalllivett/.m2/repository/org/hamcrest/hamcrest-core/2.2/hamcrest-core-2.2.jar:/Users/nyalllivett/.m2/repository/org/hamcrest/hamcrest/2.2/hamcrest-2.2.jar:/Users/nyalllivett/.m2/repository/org/slf4j/slf4j-api/1.7.36/slf4j-api-1.7.36.jar:/Users/nyalllivett/.m2/repository/org/evosuite/evosuite-runtime/1.2.0/evosuite-runtime-1.2.0.jar:/Users/nyalllivett/.m2/repository/ch/qos/logback/logback-classic/1.2.11/logback-classic-1.2.11.jar:/Users/nyalllivett/.m2/repository/ch/qos/logback/logback-core/1.2.11/logback-core-1.2.11.jar:/Users/nyalllivett/.m2/repository/org/projectlombok/lombok/1.18.24/lombok-1.18.24.jar:"/>
    <property name="sun.cpu.endian" value="little"/>
    <property name="user.home" value="/Users/nyalllivett"/>
    <property name="user.language" value="en"/>
    <property name="java.specification.vendor" value="Oracle Corporation"/>
    <property name="java.version.date" value="2024-01-16"/>
    <property name="java.home" value="/Users/nyalllivett/Library/Java/JavaVirtualMachines/corretto-11.0.22/Contents/Home"/>
    <property name="file.separator" value="/"/>
    <property name="basedir" value="/Users/nyalllivett/Desktop/LLMTestGeneration/projects-used-for-data/java-design-patterns/reactor"/>
    <property name="java.vm.compressedOopsMode" value="Zero based"/>
    <property name="line.separator" value="&#10;"/>
    <property name="checkstyle.skip" value="true"/>
    <property name="java.specification.name" value="Java Platform API Specification"/>
    <property name="java.vm.specification.vendor" value="Oracle Corporation"/>
    <property name="java.awt.graphicsenv" value="sun.awt.CGraphicsEnvironment"/>
    <property name="surefire.real.class.path" value="/Users/nyalllivett/Desktop/LLMTestGeneration/projects-used-for-data/java-design-patterns/reactor/target/surefire/surefirebooter-20240416125926309_356.jar"/>
    <property name="sun.management.compiler" value="HotSpot 64-Bit Tiered Compilers"/>
    <property name="ftp.nonProxyHosts" value="local|*.local|169.254/16|*.169.254/16"/>
    <property name="java.runtime.version" value="11.0.22+7-LTS"/>
    <property name="user.name" value="nyalllivett"/>
    <property name="path.separator" value=":"/>
    <property name="os.version" value="13.5.1"/>
    <property name="java.runtime.name" value="OpenJDK Runtime Environment"/>
    <property name="file.encoding" value="UTF-8"/>
    <property name="java.vm.name" value="OpenJDK 64-Bit Server VM"/>
    <property name="java.vendor.version" value="Corretto-11.0.22.7.1"/>
    <property name="localRepository" value="/Users/nyalllivett/.m2/repository"/>
    <property name="java.vendor.url.bug" value="https://github.com/corretto/corretto-11/issues/"/>
    <property name="java.io.tmpdir" value="/var/folders/r5/wybk1jdx0sd04gfc1n3_j0yw0000gn/T/"/>
    <property name="java.version" value="11.0.22"/>
    <property name="user.dir" value="/Users/nyalllivett/Desktop/LLMTestGeneration/projects-used-for-data/java-design-patterns/reactor"/>
    <property name="os.arch" value="aarch64"/>
    <property name="java.vm.specification.name" value="Java Virtual Machine Specification"/>
    <property name="java.awt.printerjob" value="sun.lwawt.macosx.CPrinterJob"/>
    <property name="sun.os.patch.level" value="unknown"/>
    <property name="java.library.path" value="/Users/nyalllivett/Library/Java/Extensions:/Library/Java/Extensions:/Network/Library/Java/Extensions:/System/Library/Java/Extensions:/usr/lib/java:."/>
    <property name="java.vm.info" value="mixed mode"/>
    <property name="java.vendor" value="Amazon.com Inc."/>
    <property name="java.vm.version" value="11.0.22+7-LTS"/>
    <property name="java.specification.maintenance.version" value="2"/>
    <property name="sun.io.unicode.encoding" value="UnicodeBig"/>
    <property name="java.class.version" value="55.0"/>
    <property name="socksNonProxyHosts" value="local|*.local|169.254/16|*.169.254/16"/>
  </properties>
  <testcase name="testAppUsingThreadPoolDispatcher" classname="com.iluwatar.reactor.app.ReactorTest" time="6.049">
    <system-out><![CDATA[12:59:26.756 [main] INFO com.iluwatar.reactor.app.ReactorTest - testAppUsingThreadPoolDispatcher start
12:59:26.767 [main] INFO com.iluwatar.reactor.framework.NioServerSocketChannel - Bound TCP socket at port: 16666
12:59:26.768 [main] INFO com.iluwatar.reactor.framework.NioServerSocketChannel - Bound TCP socket at port: 16667
12:59:26.769 [main] INFO com.iluwatar.reactor.framework.NioDatagramChannel - Bound UDP socket at port: 16668
12:59:26.769 [main] INFO com.iluwatar.reactor.framework.NioDatagramChannel - Bound UDP socket at port: 16669
12:59:26.770 [pool-3-thread-1] INFO com.iluwatar.reactor.framework.NioReactor - Reactor started, waiting for events...
12:59:26.773 [main] INFO com.iluwatar.reactor.app.AppClient - Starting logging clients
12:59:26.784 [pool-2-thread-1] INFO com.iluwatar.reactor.app.LoggingHandler - Client 2 - Log request: 0

12:59:26.784 [pool-2-thread-2] INFO com.iluwatar.reactor.app.LoggingHandler - Client 4 - Log request: 0
12:59:26.784 [pool-2-thread-1] INFO com.iluwatar.reactor.app.LoggingHandler - Client 3 - Log request: 0
12:59:26.784 [pool-2-thread-2] INFO com.iluwatar.reactor.app.LoggingHandler - Client 1 - Log request: 0

12:59:26.785 [pool-4-thread-2] INFO com.iluwatar.reactor.app.AppClient - Data logged successfully
12:59:26.785 [pool-4-thread-4] INFO com.iluwatar.reactor.app.AppClient - Data logged successfully
12:59:26.785 [pool-4-thread-3] INFO com.iluwatar.reactor.app.AppClient - Data logged successfully
12:59:26.785 [pool-4-thread-1] INFO com.iluwatar.reactor.app.AppClient - Data logged successfully
12:59:26.890 [pool-2-thread-2] INFO com.iluwatar.reactor.app.LoggingHandler - Client 1 - Log request: 1

12:59:26.890 [pool-2-thread-1] INFO com.iluwatar.reactor.app.LoggingHandler - Client 2 - Log request: 1

12:59:26.890 [pool-2-thread-2] INFO com.iluwatar.reactor.app.LoggingHandler - Client 4 - Log request: 1
12:59:26.890 [pool-2-thread-1] INFO com.iluwatar.reactor.app.LoggingHandler - Client 3 - Log request: 1
12:59:26.890 [pool-4-thread-1] INFO com.iluwatar.reactor.app.AppClient - Data logged successfully
12:59:26.890 [pool-4-thread-2] INFO com.iluwatar.reactor.app.AppClient - Data logged successfully
12:59:26.890 [pool-4-thread-3] INFO com.iluwatar.reactor.app.AppClient - Data logged successfully
12:59:26.890 [pool-4-thread-4] INFO com.iluwatar.reactor.app.AppClient - Data logged successfully
12:59:26.995 [pool-2-thread-2] INFO com.iluwatar.reactor.app.LoggingHandler - Client 2 - Log request: 2

12:59:26.995 [pool-2-thread-1] INFO com.iluwatar.reactor.app.LoggingHandler - Client 4 - Log request: 2
12:59:26.996 [pool-2-thread-2] INFO com.iluwatar.reactor.app.LoggingHandler - Client 3 - Log request: 2
12:59:26.996 [pool-2-thread-1] INFO com.iluwatar.reactor.app.LoggingHandler - Client 1 - Log request: 2

12:59:26.996 [pool-4-thread-2] INFO com.iluwatar.reactor.app.AppClient - Data logged successfully
12:59:26.996 [pool-4-thread-3] INFO com.iluwatar.reactor.app.AppClient - Data logged successfully
12:59:26.996 [pool-4-thread-4] INFO com.iluwatar.reactor.app.AppClient - Data logged successfully
12:59:26.996 [pool-4-thread-1] INFO com.iluwatar.reactor.app.AppClient - Data logged successfully
12:59:27.101 [pool-2-thread-2] INFO com.iluwatar.reactor.app.LoggingHandler - Client 2 - Log request: 3

12:59:27.101 [pool-2-thread-1] INFO com.iluwatar.reactor.app.LoggingHandler - Client 4 - Log request: 3
12:59:27.102 [pool-2-thread-2] INFO com.iluwatar.reactor.app.LoggingHandler - Client 3 - Log request: 3
12:59:27.102 [pool-2-thread-1] INFO com.iluwatar.reactor.app.LoggingHandler - Client 1 - Log request: 3

12:59:27.102 [pool-4-thread-2] INFO com.iluwatar.reactor.app.AppClient - Data logged successfully
12:59:27.102 [pool-4-thread-3] INFO com.iluwatar.reactor.app.AppClient - Data logged successfully
12:59:27.102 [pool-4-thread-4] INFO com.iluwatar.reactor.app.AppClient - Data logged successfully
12:59:27.102 [pool-4-thread-1] INFO com.iluwatar.reactor.app.AppClient - Data logged successfully
12:59:28.779 [main] INFO com.iluwatar.reactor.app.AppClient - Logging clients stopped
12:59:32.783 [main] INFO com.iluwatar.reactor.framework.NioReactor - Reactor stopped
12:59:32.784 [main] INFO com.iluwatar.reactor.app.ReactorTest - testAppUsingThreadPoolDispatcher stop
]]></system-out>
  </testcase>
  <testcase name="testAppUsingSameThreadDispatcher" classname="com.iluwatar.reactor.app.ReactorTest" time="6.018">
    <system-out><![CDATA[12:59:32.800 [main] INFO com.iluwatar.reactor.app.ReactorTest - testAppUsingSameThreadDispatcher start
12:59:32.803 [main] INFO com.iluwatar.reactor.framework.NioServerSocketChannel - Bound TCP socket at port: 16666
12:59:32.803 [main] INFO com.iluwatar.reactor.framework.NioServerSocketChannel - Bound TCP socket at port: 16667
12:59:32.803 [main] INFO com.iluwatar.reactor.framework.NioDatagramChannel - Bound UDP socket at port: 16668
12:59:32.803 [main] INFO com.iluwatar.reactor.framework.NioDatagramChannel - Bound UDP socket at port: 16669
12:59:32.803 [main] INFO com.iluwatar.reactor.app.AppClient - Starting logging clients
12:59:32.803 [pool-5-thread-1] INFO com.iluwatar.reactor.framework.NioReactor - Reactor started, waiting for events...
12:59:32.804 [pool-5-thread-1] INFO com.iluwatar.reactor.app.LoggingHandler - Client 3 - Log request: 0
12:59:32.805 [pool-5-thread-1] INFO com.iluwatar.reactor.app.LoggingHandler - Client 1 - Log request: 0

12:59:32.805 [pool-5-thread-1] INFO com.iluwatar.reactor.app.LoggingHandler - Client 4 - Log request: 0
12:59:32.805 [pool-6-thread-3] INFO com.iluwatar.reactor.app.AppClient - Data logged successfully
12:59:32.805 [pool-6-thread-1] INFO com.iluwatar.reactor.app.AppClient - Data logged successfully
12:59:32.805 [pool-5-thread-1] INFO com.iluwatar.reactor.app.LoggingHandler - Client 2 - Log request: 0

12:59:32.805 [pool-6-thread-4] INFO com.iluwatar.reactor.app.AppClient - Data logged successfully
12:59:32.805 [pool-6-thread-2] INFO com.iluwatar.reactor.app.AppClient - Data logged successfully
12:59:32.910 [pool-5-thread-1] INFO com.iluwatar.reactor.app.LoggingHandler - Client 3 - Log request: 1
12:59:32.910 [pool-5-thread-1] INFO com.iluwatar.reactor.app.LoggingHandler - Client 1 - Log request: 1

12:59:32.911 [pool-6-thread-3] INFO com.iluwatar.reactor.app.AppClient - Data logged successfully
12:59:32.911 [pool-5-thread-1] INFO com.iluwatar.reactor.app.LoggingHandler - Client 2 - Log request: 1

12:59:32.911 [pool-5-thread-1] INFO com.iluwatar.reactor.app.LoggingHandler - Client 4 - Log request: 1
12:59:32.911 [pool-6-thread-1] INFO com.iluwatar.reactor.app.AppClient - Data logged successfully
12:59:32.911 [pool-6-thread-2] INFO com.iluwatar.reactor.app.AppClient - Data logged successfully
12:59:32.911 [pool-6-thread-4] INFO com.iluwatar.reactor.app.AppClient - Data logged successfully
12:59:33.016 [pool-5-thread-1] INFO com.iluwatar.reactor.app.LoggingHandler - Client 2 - Log request: 2

12:59:33.016 [pool-5-thread-1] INFO com.iluwatar.reactor.app.LoggingHandler - Client 4 - Log request: 2
12:59:33.016 [pool-5-thread-1] INFO com.iluwatar.reactor.app.LoggingHandler - Client 3 - Log request: 2
12:59:33.016 [pool-5-thread-1] INFO com.iluwatar.reactor.app.LoggingHandler - Client 1 - Log request: 2

12:59:33.017 [pool-6-thread-2] INFO com.iluwatar.reactor.app.AppClient - Data logged successfully
12:59:33.017 [pool-6-thread-4] INFO com.iluwatar.reactor.app.AppClient - Data logged successfully
12:59:33.017 [pool-6-thread-1] INFO com.iluwatar.reactor.app.AppClient - Data logged successfully
12:59:33.017 [pool-6-thread-3] INFO com.iluwatar.reactor.app.AppClient - Data logged successfully
12:59:33.117 [pool-5-thread-1] INFO com.iluwatar.reactor.app.LoggingHandler - Client 1 - Log request: 3

12:59:33.118 [pool-5-thread-1] INFO com.iluwatar.reactor.app.LoggingHandler - Client 3 - Log request: 3
12:59:33.118 [pool-6-thread-1] INFO com.iluwatar.reactor.app.AppClient - Data logged successfully
12:59:33.118 [pool-6-thread-3] INFO com.iluwatar.reactor.app.AppClient - Data logged successfully
12:59:33.122 [pool-5-thread-1] INFO com.iluwatar.reactor.app.LoggingHandler - Client 2 - Log request: 3

12:59:33.122 [pool-6-thread-2] INFO com.iluwatar.reactor.app.AppClient - Data logged successfully
12:59:33.122 [pool-5-thread-1] INFO com.iluwatar.reactor.app.LoggingHandler - Client 4 - Log request: 3
12:59:33.122 [pool-6-thread-4] INFO com.iluwatar.reactor.app.AppClient - Data logged successfully
12:59:34.810 [main] INFO com.iluwatar.reactor.app.AppClient - Logging clients stopped
12:59:38.816 [main] INFO com.iluwatar.reactor.framework.NioReactor - Reactor stopped
12:59:38.816 [main] INFO com.iluwatar.reactor.app.ReactorTest - testAppUsingSameThreadDispatcher stop
]]></system-out>
    <system-err><![CDATA[Exception in thread "pool-5-thread-1" java.nio.channels.ClosedSelectorException
	at java.base/sun.nio.ch.SelectorImpl.ensureOpen(SelectorImpl.java:75)
	at java.base/sun.nio.ch.SelectorImpl.selectedKeys(SelectorImpl.java:86)
	at com.iluwatar.reactor.framework.NioReactor.eventLoop(NioReactor.java:141)
	at com.iluwatar.reactor.framework.NioReactor.lambda$start$0(NioReactor.java:86)
	at java.base/java.util.concurrent.ThreadPoolExecutor.runWorker(ThreadPoolExecutor.java:1128)
	at java.base/java.util.concurrent.ThreadPoolExecutor$Worker.run(ThreadPoolExecutor.java:628)
	at java.base/java.lang.Thread.run(Thread.java:829)
]]></system-err>
  </testcase>
</testsuite>