<?xml version="1.0" encoding="UTF-8"?>
<testsuite xmlns:xsi="http://www.w3.org/2001/XMLSchema-instance" xsi:noNamespaceSchemaLocation="https://maven.apache.org/surefire/maven-surefire-plugin/xsd/surefire-test-report-3.0.xsd" version="3.0" name="com.iluwatar.domainmodel.AppTest" time="0.349" tests="1" errors="0" skipped="0" failures="0">
  <properties>
    <property name="gopherProxySet" value="false"/>
    <property name="awt.toolkit" value="sun.lwawt.macosx.LWCToolkit"/>
    <property name="java.specification.version" value="11"/>
    <property name="sun.cpu.isalist" value=""/>
    <property name="sun.jnu.encoding" value="UTF-8"/>
    <property name="java.class.path" value="/Users/nyalllivett/Desktop/LLMTestGeneration/projects-used-for-data/java-design-patterns/domain-model/target/test-classes:/Users/nyalllivett/Desktop/LLMTestGeneration/projects-used-for-data/java-design-patterns/domain-model/target/classes:/Users/nyalllivett/.m2/repository/com/h2database/h2/2.1.214/h2-2.1.214.jar:/Users/nyalllivett/.m2/repository/org/junit/jupiter/junit-jupiter-engine/5.8.2/junit-jupiter-engine-5.8.2.jar:/Users/nyalllivett/.m2/repository/org/junit/platform/junit-platform-engine/1.8.2/junit-platform-engine-1.8.2.jar:/Users/nyalllivett/.m2/repository/org/apiguardian/apiguardian-api/1.1.2/apiguardian-api-1.1.2.jar:/Users/nyalllivett/.m2/repository/org/mockito/mockito-core/4.5.1/mockito-core-4.5.1.jar:/Users/nyalllivett/.m2/repository/net/bytebuddy/byte-buddy/1.12.18/byte-buddy-1.12.18.jar:/Users/nyalllivett/.m2/repository/net/bytebuddy/byte-buddy-agent/1.12.18/byte-buddy-agent-1.12.18.jar:/Users/nyalllivett/.m2/repository/org/objenesis/objenesis/3.2/objenesis-3.2.jar:/Users/nyalllivett/.m2/repository/org/joda/joda-money/1.0.1/joda-money-1.0.1.jar:/Users/nyalllivett/.m2/repository/org/junit/jupiter/junit-jupiter-api/5.8.2/junit-jupiter-api-5.8.2.jar:/Users/nyalllivett/.m2/repository/org/opentest4j/opentest4j/1.2.0/opentest4j-1.2.0.jar:/Users/nyalllivett/.m2/repository/org/junit/platform/junit-platform-commons/1.8.2/junit-platform-commons-1.8.2.jar:/Users/nyalllivett/.m2/repository/org/junit/vintage/junit-vintage-engine/5.8.2/junit-vintage-engine-5.8.2.jar:/Users/nyalllivett/.m2/repository/junit/junit/4.13.2/junit-4.13.2.jar:/Users/nyalllivett/.m2/repository/org/hamcrest/hamcrest-core/2.2/hamcrest-core-2.2.jar:/Users/nyalllivett/.m2/repository/org/hamcrest/hamcrest/2.2/hamcrest-2.2.jar:/Users/nyalllivett/.m2/repository/org/slf4j/slf4j-api/1.7.36/slf4j-api-1.7.36.jar:/Users/nyalllivett/.m2/repository/org/evosuite/evosuite-runtime/1.2.0/evosuite-runtime-1.2.0.jar:/Users/nyalllivett/.m2/repository/ch/qos/logback/logback-classic/1.2.11/logback-classic-1.2.11.jar:/Users/nyalllivett/.m2/repository/ch/qos/logback/logback-core/1.2.11/logback-core-1.2.11.jar:/Users/nyalllivett/.m2/repository/org/projectlombok/lombok/1.18.24/lombok-1.18.24.jar:"/>
    <property name="java.vm.vendor" value="Amazon.com Inc."/>
    <property name="sun.arch.data.model" value="64"/>
    <property name="java.vendor.url" value="https://aws.amazon.com/corretto/"/>
    <property name="user.timezone" value="Europe/London"/>
    <property name="java.vm.specification.version" value="11"/>
    <property name="os.name" value="Mac OS X"/>
    <property name="sun.java.launcher" value="SUN_STANDARD"/>
    <property name="user.country" value="GB"/>
    <property name="sun.boot.library.path" value="/Users/nyalllivett/Library/Java/JavaVirtualMachines/corretto-11.0.22/Contents/Home/lib"/>
    <property name="sun.java.command" value="/Users/nyalllivett/Desktop/LLMTestGeneration/projects-used-for-data/java-design-patterns/domain-model/target/surefire/surefirebooter-20240416130338283_792.jar /Users/nyalllivett/Desktop/LLMTestGeneration/projects-used-for-data/java-design-patterns/domain-model/target/surefire 2024-04-16T12-56-39_886-jvmRun1 surefire-20240416130338283_790tmp surefire_138-20240416130338283_791tmp"/>
    <property name="http.nonProxyHosts" value="local|*.local|169.254/16|*.169.254/16"/>
    <property name="jdk.debug" value="release"/>
    <property name="surefire.test.class.path" value="/Users/nyalllivett/Desktop/LLMTestGeneration/projects-used-for-data/java-design-patterns/domain-model/target/test-classes:/Users/nyalllivett/Desktop/LLMTestGeneration/projects-used-for-data/java-design-patterns/domain-model/target/classes:/Users/nyalllivett/.m2/repository/com/h2database/h2/2.1.214/h2-2.1.214.jar:/Users/nyalllivett/.m2/repository/org/junit/jupiter/junit-jupiter-engine/5.8.2/junit-jupiter-engine-5.8.2.jar:/Users/nyalllivett/.m2/repository/org/junit/platform/junit-platform-engine/1.8.2/junit-platform-engine-1.8.2.jar:/Users/nyalllivett/.m2/repository/org/apiguardian/apiguardian-api/1.1.2/apiguardian-api-1.1.2.jar:/Users/nyalllivett/.m2/repository/org/mockito/mockito-core/4.5.1/mockito-core-4.5.1.jar:/Users/nyalllivett/.m2/repository/net/bytebuddy/byte-buddy/1.12.18/byte-buddy-1.12.18.jar:/Users/nyalllivett/.m2/repository/net/bytebuddy/byte-buddy-agent/1.12.18/byte-buddy-agent-1.12.18.jar:/Users/nyalllivett/.m2/repository/org/objenesis/objenesis/3.2/objenesis-3.2.jar:/Users/nyalllivett/.m2/repository/org/joda/joda-money/1.0.1/joda-money-1.0.1.jar:/Users/nyalllivett/.m2/repository/org/junit/jupiter/junit-jupiter-api/5.8.2/junit-jupiter-api-5.8.2.jar:/Users/nyalllivett/.m2/repository/org/opentest4j/opentest4j/1.2.0/opentest4j-1.2.0.jar:/Users/nyalllivett/.m2/repository/org/junit/platform/junit-platform-commons/1.8.2/junit-platform-commons-1.8.2.jar:/Users/nyalllivett/.m2/repository/org/junit/vintage/junit-vintage-engine/5.8.2/junit-vintage-engine-5.8.2.jar:/Users/nyalllivett/.m2/repository/junit/junit/4.13.2/junit-4.13.2.jar:/Users/nyalllivett/.m2/repository/org/hamcrest/hamcrest-core/2.2/hamcrest-core-2.2.jar:/Users/nyalllivett/.m2/repository/org/hamcrest/hamcrest/2.2/hamcrest-2.2.jar:/Users/nyalllivett/.m2/repository/org/slf4j/slf4j-api/1.7.36/slf4j-api-1.7.36.jar:/Users/nyalllivett/.m2/repository/org/evosuite/evosuite-runtime/1.2.0/evosuite-runtime-1.2.0.jar:/Users/nyalllivett/.m2/repository/ch/qos/logback/logback-classic/1.2.11/logback-classic-1.2.11.jar:/Users/nyalllivett/.m2/repository/ch/qos/logback/logback-core/1.2.11/logback-core-1.2.11.jar:/Users/nyalllivett/.m2/repository/org/projectlombok/lombok/1.18.24/lombok-1.18.24.jar:"/>
    <property name="sun.cpu.endian" value="little"/>
    <property name="user.home" value="/Users/nyalllivett"/>
    <property name="user.language" value="en"/>
    <property name="java.specification.vendor" value="Oracle Corporation"/>
    <property name="java.version.date" value="2024-01-16"/>
    <property name="java.home" value="/Users/nyalllivett/Library/Java/JavaVirtualMachines/corretto-11.0.22/Contents/Home"/>
    <property name="file.separator" value="/"/>
    <property name="basedir" value="/Users/nyalllivett/Desktop/LLMTestGeneration/projects-used-for-data/java-design-patterns/domain-model"/>
    <property name="java.vm.compressedOopsMode" value="Zero based"/>
    <property name="line.separator" value="&#10;"/>
    <property name="checkstyle.skip" value="true"/>
    <property name="java.specification.name" value="Java Platform API Specification"/>
    <property name="java.vm.specification.vendor" value="Oracle Corporation"/>
    <property name="java.awt.graphicsenv" value="sun.awt.CGraphicsEnvironment"/>
    <property name="surefire.real.class.path" value="/Users/nyalllivett/Desktop/LLMTestGeneration/projects-used-for-data/java-design-patterns/domain-model/target/surefire/surefirebooter-20240416130338283_792.jar"/>
    <property name="sun.management.compiler" value="HotSpot 64-Bit Tiered Compilers"/>
    <property name="ftp.nonProxyHosts" value="local|*.local|169.254/16|*.169.254/16"/>
    <property name="java.runtime.version" value="11.0.22+7-LTS"/>
    <property name="user.name" value="nyalllivett"/>
    <property name="path.separator" value=":"/>
    <property name="os.version" value="13.5.1"/>
    <property name="java.runtime.name" value="OpenJDK Runtime Environment"/>
    <property name="file.encoding" value="UTF-8"/>
    <property name="java.vm.name" value="OpenJDK 64-Bit Server VM"/>
    <property name="java.vendor.version" value="Corretto-11.0.22.7.1"/>
    <property name="localRepository" value="/Users/nyalllivett/.m2/repository"/>
    <property name="java.vendor.url.bug" value="https://github.com/corretto/corretto-11/issues/"/>
    <property name="java.io.tmpdir" value="/var/folders/r5/wybk1jdx0sd04gfc1n3_j0yw0000gn/T/"/>
    <property name="java.version" value="11.0.22"/>
    <property name="user.dir" value="/Users/nyalllivett/Desktop/LLMTestGeneration/projects-used-for-data/java-design-patterns/domain-model"/>
    <property name="os.arch" value="aarch64"/>
    <property name="java.vm.specification.name" value="Java Virtual Machine Specification"/>
    <property name="java.awt.printerjob" value="sun.lwawt.macosx.CPrinterJob"/>
    <property name="sun.os.patch.level" value="unknown"/>
    <property name="java.library.path" value="/Users/nyalllivett/Library/Java/Extensions:/Library/Java/Extensions:/Network/Library/Java/Extensions:/System/Library/Java/Extensions:/usr/lib/java:."/>
    <property name="java.vm.info" value="mixed mode"/>
    <property name="java.vendor" value="Amazon.com Inc."/>
    <property name="java.vm.version" value="11.0.22+7-LTS"/>
    <property name="java.specification.maintenance.version" value="2"/>
    <property name="sun.io.unicode.encoding" value="UnicodeBig"/>
    <property name="java.class.version" value="55.0"/>
    <property name="socksNonProxyHosts" value="local|*.local|169.254/16|*.169.254/16"/>
  </properties>
  <testcase name="shouldExecuteApplicationWithoutException" classname="com.iluwatar.domainmodel.AppTest" time="0.341">
    <system-out><![CDATA[13:03:39.053 [main] INFO com.iluwatar.domainmodel.Customer - Tom balance: USD 30.00
13:03:39.055 [main] INFO com.iluwatar.domainmodel.Customer - Tom didn't bought anything
13:03:39.055 [main] INFO com.iluwatar.domainmodel.Customer - Tom want to buy Eggs($10.00)...
13:03:39.056 [main] INFO com.iluwatar.domainmodel.Customer - Tom bought Eggs!
13:03:39.056 [main] INFO com.iluwatar.domainmodel.Customer - Tom balance: USD 20.00
13:03:39.056 [main] INFO com.iluwatar.domainmodel.Customer - Tom want to buy Butter($20.00)...
13:03:39.056 [main] INFO com.iluwatar.domainmodel.Customer - Tom bought Butter!
13:03:39.057 [main] INFO com.iluwatar.domainmodel.Customer - Tom balance: USD 0.00
13:03:39.057 [main] INFO com.iluwatar.domainmodel.Customer - Tom want to buy Cheese($20.00)...
13:03:39.057 [main] ERROR com.iluwatar.domainmodel.Customer - Not enough money!
13:03:39.057 [main] INFO com.iluwatar.domainmodel.Customer - Tom balance: USD 0.00
13:03:39.057 [main] INFO com.iluwatar.domainmodel.Customer - Tom want to return Butter($20.00)...
13:03:39.058 [main] INFO com.iluwatar.domainmodel.Customer - Tom returned Butter!
13:03:39.058 [main] INFO com.iluwatar.domainmodel.Customer - Tom balance: USD 20.00
13:03:39.058 [main] INFO com.iluwatar.domainmodel.Customer - Tom want to buy Cheese($20.00)...
13:03:39.059 [main] INFO com.iluwatar.domainmodel.Customer - Tom bought Cheese!
13:03:39.060 [main] INFO com.iluwatar.domainmodel.Customer - Tom balance: USD 0.00
13:03:39.061 [main] INFO com.iluwatar.domainmodel.Customer - Tom bought: Eggs - $10.00, Cheese - $20.00
]]></system-out>
  </testcase>
</testsuite>