<?xml version="1.0" encoding="UTF-8"?>
<testsuite xmlns:xsi="http://www.w3.org/2001/XMLSchema-instance" xsi:noNamespaceSchemaLocation="https://maven.apache.org/surefire/maven-surefire-plugin/xsd/surefire-test-report-3.0.xsd" version="3.0" name="com.iluwatar.commander.CommanderTest" time="0.289" tests="16" errors="0" skipped="0" failures="0">
  <properties>
    <property name="gopherProxySet" value="false"/>
    <property name="awt.toolkit" value="sun.lwawt.macosx.LWCToolkit"/>
    <property name="java.specification.version" value="11"/>
    <property name="sun.cpu.isalist" value=""/>
    <property name="sun.jnu.encoding" value="UTF-8"/>
    <property name="java.class.path" value="/Users/nyalllivett/Desktop/LLMTestGeneration/projects-used-for-data/java-design-patterns/commander/target/test-classes:/Users/nyalllivett/Desktop/LLMTestGeneration/projects-used-for-data/java-design-patterns/commander/target/classes:/Users/nyalllivett/.m2/repository/org/junit/jupiter/junit-jupiter-engine/5.8.2/junit-jupiter-engine-5.8.2.jar:/Users/nyalllivett/.m2/repository/org/junit/platform/junit-platform-engine/1.8.2/junit-platform-engine-1.8.2.jar:/Users/nyalllivett/.m2/repository/org/apiguardian/apiguardian-api/1.1.2/apiguardian-api-1.1.2.jar:/Users/nyalllivett/.m2/repository/org/junit/jupiter/junit-jupiter-api/5.8.2/junit-jupiter-api-5.8.2.jar:/Users/nyalllivett/.m2/repository/org/opentest4j/opentest4j/1.2.0/opentest4j-1.2.0.jar:/Users/nyalllivett/.m2/repository/org/junit/platform/junit-platform-commons/1.8.2/junit-platform-commons-1.8.2.jar:/Users/nyalllivett/.m2/repository/org/junit/vintage/junit-vintage-engine/5.8.2/junit-vintage-engine-5.8.2.jar:/Users/nyalllivett/.m2/repository/junit/junit/4.13.2/junit-4.13.2.jar:/Users/nyalllivett/.m2/repository/org/hamcrest/hamcrest-core/2.2/hamcrest-core-2.2.jar:/Users/nyalllivett/.m2/repository/org/hamcrest/hamcrest/2.2/hamcrest-2.2.jar:/Users/nyalllivett/.m2/repository/org/slf4j/slf4j-api/1.7.36/slf4j-api-1.7.36.jar:/Users/nyalllivett/.m2/repository/org/evosuite/evosuite-runtime/1.2.0/evosuite-runtime-1.2.0.jar:/Users/nyalllivett/.m2/repository/ch/qos/logback/logback-classic/1.2.11/logback-classic-1.2.11.jar:/Users/nyalllivett/.m2/repository/ch/qos/logback/logback-core/1.2.11/logback-core-1.2.11.jar:/Users/nyalllivett/.m2/repository/org/projectlombok/lombok/1.18.24/lombok-1.18.24.jar:"/>
    <property name="java.vm.vendor" value="Amazon.com Inc."/>
    <property name="sun.arch.data.model" value="64"/>
    <property name="java.vendor.url" value="https://aws.amazon.com/corretto/"/>
    <property name="user.timezone" value="Europe/London"/>
    <property name="java.vm.specification.version" value="11"/>
    <property name="os.name" value="Mac OS X"/>
    <property name="sun.java.launcher" value="SUN_STANDARD"/>
    <property name="user.country" value="GB"/>
    <property name="sun.boot.library.path" value="/Users/nyalllivett/Library/Java/JavaVirtualMachines/corretto-11.0.22/Contents/Home/lib"/>
    <property name="sun.java.command" value="/Users/nyalllivett/Desktop/LLMTestGeneration/projects-used-for-data/java-design-patterns/commander/target/surefire/surefirebooter-20240416130204640_580.jar /Users/nyalllivett/Desktop/LLMTestGeneration/projects-used-for-data/java-design-patterns/commander/target/surefire 2024-04-16T12-56-39_886-jvmRun1 surefire-20240416130204640_578tmp surefire_107-20240416130204640_579tmp"/>
    <property name="http.nonProxyHosts" value="local|*.local|169.254/16|*.169.254/16"/>
    <property name="jdk.debug" value="release"/>
    <property name="surefire.test.class.path" value="/Users/nyalllivett/Desktop/LLMTestGeneration/projects-used-for-data/java-design-patterns/commander/target/test-classes:/Users/nyalllivett/Desktop/LLMTestGeneration/projects-used-for-data/java-design-patterns/commander/target/classes:/Users/nyalllivett/.m2/repository/org/junit/jupiter/junit-jupiter-engine/5.8.2/junit-jupiter-engine-5.8.2.jar:/Users/nyalllivett/.m2/repository/org/junit/platform/junit-platform-engine/1.8.2/junit-platform-engine-1.8.2.jar:/Users/nyalllivett/.m2/repository/org/apiguardian/apiguardian-api/1.1.2/apiguardian-api-1.1.2.jar:/Users/nyalllivett/.m2/repository/org/junit/jupiter/junit-jupiter-api/5.8.2/junit-jupiter-api-5.8.2.jar:/Users/nyalllivett/.m2/repository/org/opentest4j/opentest4j/1.2.0/opentest4j-1.2.0.jar:/Users/nyalllivett/.m2/repository/org/junit/platform/junit-platform-commons/1.8.2/junit-platform-commons-1.8.2.jar:/Users/nyalllivett/.m2/repository/org/junit/vintage/junit-vintage-engine/5.8.2/junit-vintage-engine-5.8.2.jar:/Users/nyalllivett/.m2/repository/junit/junit/4.13.2/junit-4.13.2.jar:/Users/nyalllivett/.m2/repository/org/hamcrest/hamcrest-core/2.2/hamcrest-core-2.2.jar:/Users/nyalllivett/.m2/repository/org/hamcrest/hamcrest/2.2/hamcrest-2.2.jar:/Users/nyalllivett/.m2/repository/org/slf4j/slf4j-api/1.7.36/slf4j-api-1.7.36.jar:/Users/nyalllivett/.m2/repository/org/evosuite/evosuite-runtime/1.2.0/evosuite-runtime-1.2.0.jar:/Users/nyalllivett/.m2/repository/ch/qos/logback/logback-classic/1.2.11/logback-classic-1.2.11.jar:/Users/nyalllivett/.m2/repository/ch/qos/logback/logback-core/1.2.11/logback-core-1.2.11.jar:/Users/nyalllivett/.m2/repository/org/projectlombok/lombok/1.18.24/lombok-1.18.24.jar:"/>
    <property name="sun.cpu.endian" value="little"/>
    <property name="user.home" value="/Users/nyalllivett"/>
    <property name="user.language" value="en"/>
    <property name="java.specification.vendor" value="Oracle Corporation"/>
    <property name="java.version.date" value="2024-01-16"/>
    <property name="java.home" value="/Users/nyalllivett/Library/Java/JavaVirtualMachines/corretto-11.0.22/Contents/Home"/>
    <property name="file.separator" value="/"/>
    <property name="basedir" value="/Users/nyalllivett/Desktop/LLMTestGeneration/projects-used-for-data/java-design-patterns/commander"/>
    <property name="java.vm.compressedOopsMode" value="Zero based"/>
    <property name="line.separator" value="&#10;"/>
    <property name="checkstyle.skip" value="true"/>
    <property name="java.specification.name" value="Java Platform API Specification"/>
    <property name="java.vm.specification.vendor" value="Oracle Corporation"/>
    <property name="java.awt.graphicsenv" value="sun.awt.CGraphicsEnvironment"/>
    <property name="surefire.real.class.path" value="/Users/nyalllivett/Desktop/LLMTestGeneration/projects-used-for-data/java-design-patterns/commander/target/surefire/surefirebooter-20240416130204640_580.jar"/>
    <property name="sun.management.compiler" value="HotSpot 64-Bit Tiered Compilers"/>
    <property name="ftp.nonProxyHosts" value="local|*.local|169.254/16|*.169.254/16"/>
    <property name="java.runtime.version" value="11.0.22+7-LTS"/>
    <property name="user.name" value="nyalllivett"/>
    <property name="path.separator" value=":"/>
    <property name="os.version" value="13.5.1"/>
    <property name="java.runtime.name" value="OpenJDK Runtime Environment"/>
    <property name="file.encoding" value="UTF-8"/>
    <property name="java.vm.name" value="OpenJDK 64-Bit Server VM"/>
    <property name="java.vendor.version" value="Corretto-11.0.22.7.1"/>
    <property name="localRepository" value="/Users/nyalllivett/.m2/repository"/>
    <property name="java.vendor.url.bug" value="https://github.com/corretto/corretto-11/issues/"/>
    <property name="java.io.tmpdir" value="/var/folders/r5/wybk1jdx0sd04gfc1n3_j0yw0000gn/T/"/>
    <property name="java.version" value="11.0.22"/>
    <property name="user.dir" value="/Users/nyalllivett/Desktop/LLMTestGeneration/projects-used-for-data/java-design-patterns/commander"/>
    <property name="os.arch" value="aarch64"/>
    <property name="java.vm.specification.name" value="Java Virtual Machine Specification"/>
    <property name="java.awt.printerjob" value="sun.lwawt.macosx.CPrinterJob"/>
    <property name="sun.os.patch.level" value="unknown"/>
    <property name="java.library.path" value="/Users/nyalllivett/Library/Java/Extensions:/Library/Java/Extensions:/Network/Library/Java/Extensions:/System/Library/Java/Extensions:/usr/lib/java:."/>
    <property name="java.vm.info" value="mixed mode"/>
    <property name="java.vendor" value="Amazon.com Inc."/>
    <property name="java.vm.version" value="11.0.22+7-LTS"/>
    <property name="java.specification.maintenance.version" value="2"/>
    <property name="sun.io.unicode.encoding" value="UnicodeBig"/>
    <property name="java.class.version" value="55.0"/>
    <property name="socksNonProxyHosts" value="local|*.local|169.254/16|*.169.254/16"/>
  </properties>
  <testcase name="testPlaceOrderNoExceptionShortMsgDuration" classname="com.iluwatar.commander.CommanderTest" time="0.07">
    <system-out><![CDATA[13:02:07.513 [main] INFO com.iluwatar.commander.Commander - Order WPTPGHCRXWYB: Shipping placed successfully, transaction id: 0Y45M4J9X2L0
13:02:07.515 [main] INFO com.iluwatar.commander.Commander - Order has been placed and will be shipped to you. Please wait while we make your payment... 
13:02:07.515 [main] INFO com.iluwatar.commander.Commander - Order WPTPGHCRXWYB: Shipping placed successfully, transaction id: KKEJDZHL016R
13:02:07.516 [main] INFO com.iluwatar.commander.Commander - Order has been placed and will be shipped to you. Please wait while we make your payment... 
13:02:07.516 [main] INFO com.iluwatar.commander.Commander - Order WPTPGHCRXWYB: Shipping placed successfully, transaction id: XF5HDBX5734I
13:02:07.516 [main] INFO com.iluwatar.commander.Commander - Order has been placed and will be shipped to you. Please wait while we make your payment... 
13:02:07.516 [Thread-3] INFO com.iluwatar.commander.Commander - Order WPTPGHCRXWYB: Payment successful, transaction Id: 82GK3J1TALAG
13:02:07.516 [Thread-3] INFO com.iluwatar.commander.Commander - Payment made successfully, thank you for shopping with us!!
13:02:07.516 [main] INFO com.iluwatar.commander.Commander - Order WPTPGHCRXWYB: Shipping placed successfully, transaction id: NRK7YQN1RKOO
13:02:07.516 [main] INFO com.iluwatar.commander.Commander - Order has been placed and will be shipped to you. Please wait while we make your payment... 
13:02:07.516 [Thread-2] INFO com.iluwatar.commander.Commander - Order WPTPGHCRXWYB: Payment successful, transaction Id: C31Q6917QQKR
13:02:07.517 [main] INFO com.iluwatar.commander.Commander - Order HCGX0OWKZGWN: Shipping placed successfully, transaction id: YQAC9SU090VG
13:02:07.517 [main] INFO com.iluwatar.commander.Commander - Order has been placed and will be shipped to you. Please wait while we make your payment... 
13:02:07.517 [main] INFO com.iluwatar.commander.Commander - Order HCGX0OWKZGWN: Shipping placed successfully, transaction id: 3P43NDYTKA95
13:02:07.517 [main] INFO com.iluwatar.commander.Commander - Order has been placed and will be shipped to you. Please wait while we make your payment... 
13:02:07.517 [Thread-8] INFO com.iluwatar.commander.Commander - Order HCGX0OWKZGWN: Payment successful, transaction Id: ZAY8Z48R3JZ4
13:02:07.518 [Thread-8] INFO com.iluwatar.commander.Commander - Payment made successfully, thank you for shopping with us!!
13:02:07.518 [main] INFO com.iluwatar.commander.Commander - Order HCGX0OWKZGWN: Shipping placed successfully, transaction id: RG9QBIMXGK4I
13:02:07.518 [main] INFO com.iluwatar.commander.Commander - Order has been placed and will be shipped to you. Please wait while we make your payment... 
13:02:07.518 [Thread-5] INFO com.iluwatar.commander.messagingservice.MessagingService - Msg: Your order has been placed and paid for successfully! Thank you for shopping with us!
13:02:07.518 [Thread-7] INFO com.iluwatar.commander.messagingservice.MessagingService - Msg: Your order has been placed and paid for successfully! Thank you for shopping with us!
13:02:07.518 [Thread-7] INFO com.iluwatar.commander.Commander - Order WPTPGHCRXWYB: Payment Success message sent, request Id: MF7JY5H5NW1Q
13:02:07.518 [Thread-5] INFO com.iluwatar.commander.Commander - Order WPTPGHCRXWYB: Payment Success message sent, request Id: KRIASDAHN0W7
13:02:07.518 [Thread-10] INFO com.iluwatar.commander.messagingservice.MessagingService - Msg: Your order has been placed and paid for successfully! Thank you for shopping with us!
13:02:07.518 [Thread-10] INFO com.iluwatar.commander.Commander - Order HCGX0OWKZGWN: Payment Success message sent, request Id: GNEDR73VPHED
13:02:07.518 [main] INFO com.iluwatar.commander.Commander - Order HCGX0OWKZGWN: Shipping placed successfully, transaction id: 826FNBVURLFL
13:02:07.519 [main] INFO com.iluwatar.commander.Commander - Order has been placed and will be shipped to you. Please wait while we make your payment... 
13:02:07.519 [main] INFO com.iluwatar.commander.Commander - Order SQ4F2B02Z3YJ: Shipping placed successfully, transaction id: 3YCF7G8JZJ2P
13:02:07.519 [main] INFO com.iluwatar.commander.Commander - Order has been placed and will be shipped to you. Please wait while we make your payment... 
13:02:07.520 [main] INFO com.iluwatar.commander.Commander - Order SQ4F2B02Z3YJ: Shipping placed successfully, transaction id: 3BQS9BWO9COJ
13:02:07.520 [Thread-13] INFO com.iluwatar.commander.Commander - Order SQ4F2B02Z3YJ: Payment successful, transaction Id: 0EW897Y5JOXQ
13:02:07.520 [main] INFO com.iluwatar.commander.Commander - Order has been placed and will be shipped to you. Please wait while we make your payment... 
13:02:07.520 [Thread-13] INFO com.iluwatar.commander.Commander - Payment made successfully, thank you for shopping with us!!
13:02:07.520 [main] INFO com.iluwatar.commander.Commander - Order SQ4F2B02Z3YJ: Shipping placed successfully, transaction id: HEOHJBOWHNDV
13:02:07.520 [main] INFO com.iluwatar.commander.Commander - Order has been placed and will be shipped to you. Please wait while we make your payment... 
13:02:07.520 [Thread-15] INFO com.iluwatar.commander.messagingservice.MessagingService - Msg: Your order has been placed and paid for successfully! Thank you for shopping with us!
13:02:07.520 [Thread-15] INFO com.iluwatar.commander.Commander - Order SQ4F2B02Z3YJ: Payment Success message sent, request Id: XXY76HIH0807
13:02:07.520 [main] INFO com.iluwatar.commander.Commander - Order SQ4F2B02Z3YJ: Shipping placed successfully, transaction id: B7JEE33GFX79
13:02:07.520 [main] INFO com.iluwatar.commander.Commander - Order has been placed and will be shipped to you. Please wait while we make your payment... 
13:02:07.520 [main] INFO com.iluwatar.commander.Commander - Order MQNTVCK5HVTY: Shipping placed successfully, transaction id: RV8K2MXUZE33
13:02:07.520 [main] INFO com.iluwatar.commander.Commander - Order has been placed and will be shipped to you. Please wait while we make your payment... 
13:02:07.521 [main] INFO com.iluwatar.commander.Commander - Order MQNTVCK5HVTY: Shipping placed successfully, transaction id: VMARRUKBJDLN
13:02:07.521 [Thread-18] INFO com.iluwatar.commander.Commander - Order MQNTVCK5HVTY: Payment successful, transaction Id: HXRQZ8YSG6EI
13:02:07.521 [main] INFO com.iluwatar.commander.Commander - Order has been placed and will be shipped to you. Please wait while we make your payment... 
13:02:07.521 [Thread-18] INFO com.iluwatar.commander.Commander - Payment made successfully, thank you for shopping with us!!
13:02:07.521 [main] INFO com.iluwatar.commander.Commander - Order MQNTVCK5HVTY: Shipping placed successfully, transaction id: RPL64MOSCZHG
13:02:07.521 [Thread-20] INFO com.iluwatar.commander.messagingservice.MessagingService - Msg: Your order has been placed and paid for successfully! Thank you for shopping with us!
13:02:07.521 [main] INFO com.iluwatar.commander.Commander - Order has been placed and will be shipped to you. Please wait while we make your payment... 
13:02:07.521 [Thread-20] INFO com.iluwatar.commander.Commander - Order MQNTVCK5HVTY: Payment Success message sent, request Id: CH0J9V31988H
13:02:07.521 [main] INFO com.iluwatar.commander.Commander - Order MQNTVCK5HVTY: Shipping placed successfully, transaction id: HGYCUYTN35UY
13:02:07.521 [main] INFO com.iluwatar.commander.Commander - Order has been placed and will be shipped to you. Please wait while we make your payment... 
13:02:07.521 [main] INFO com.iluwatar.commander.Commander - Order PPF507V83TLR: Shipping placed successfully, transaction id: 7S7BUB6LDWCO
13:02:07.521 [main] INFO com.iluwatar.commander.Commander - Order has been placed and will be shipped to you. Please wait while we make your payment... 
13:02:07.522 [main] INFO com.iluwatar.commander.Commander - Order PPF507V83TLR: Shipping placed successfully, transaction id: QKNB53C66P87
13:02:07.522 [Thread-23] INFO com.iluwatar.commander.Commander - Order PPF507V83TLR: Payment successful, transaction Id: C2INFC502BBL
13:02:07.522 [main] INFO com.iluwatar.commander.Commander - Order has been placed and will be shipped to you. Please wait while we make your payment... 
13:02:07.522 [Thread-23] INFO com.iluwatar.commander.Commander - Payment made successfully, thank you for shopping with us!!
13:02:07.522 [main] INFO com.iluwatar.commander.Commander - Order PPF507V83TLR: Shipping placed successfully, transaction id: X0L1LGOLB70I
13:02:07.522 [main] INFO com.iluwatar.commander.Commander - Order has been placed and will be shipped to you. Please wait while we make your payment... 
13:02:07.522 [Thread-25] INFO com.iluwatar.commander.messagingservice.MessagingService - Msg: Your order has been placed and paid for successfully! Thank you for shopping with us!
13:02:07.522 [Thread-25] INFO com.iluwatar.commander.Commander - Order PPF507V83TLR: Payment Success message sent, request Id: MRHJCNHPRS4N
13:02:07.522 [main] INFO com.iluwatar.commander.Commander - Order PPF507V83TLR: Shipping placed successfully, transaction id: G8JBSKRS8R4N
13:02:07.522 [main] INFO com.iluwatar.commander.Commander - Order has been placed and will be shipped to you. Please wait while we make your payment... 
13:02:07.522 [main] INFO com.iluwatar.commander.Commander - Order X7RGGANW0A6L: Shipping placed successfully, transaction id: C3TRV3GS9QAE
13:02:07.522 [main] INFO com.iluwatar.commander.Commander - Order has been placed and will be shipped to you. Please wait while we make your payment... 
13:02:07.523 [Thread-28] INFO com.iluwatar.commander.Commander - Order X7RGGANW0A6L: Payment successful, transaction Id: HIN0YL7CK5FU
13:02:07.523 [main] INFO com.iluwatar.commander.Commander - Order X7RGGANW0A6L: Shipping placed successfully, transaction id: 18L4CRUIDKXH
13:02:07.523 [Thread-28] INFO com.iluwatar.commander.Commander - Payment made successfully, thank you for shopping with us!!
13:02:07.523 [main] INFO com.iluwatar.commander.Commander - Order has been placed and will be shipped to you. Please wait while we make your payment... 
13:02:07.526 [main] INFO com.iluwatar.commander.Commander - Order X7RGGANW0A6L: Shipping placed successfully, transaction id: 52G7HF9GAO1O
13:02:07.526 [main] INFO com.iluwatar.commander.Commander - Order has been placed and will be shipped to you. Please wait while we make your payment... 
13:02:07.526 [main] INFO com.iluwatar.commander.Commander - Order X7RGGANW0A6L: Shipping placed successfully, transaction id: HZZPQNZSX0H9
13:02:07.526 [Thread-29] INFO com.iluwatar.commander.messagingservice.MessagingService - Msg: Your order has been placed and paid for successfully! Thank you for shopping with us!
13:02:07.526 [main] INFO com.iluwatar.commander.Commander - Order has been placed and will be shipped to you. Please wait while we make your payment... 
13:02:07.526 [Thread-29] INFO com.iluwatar.commander.Commander - Order X7RGGANW0A6L: Payment Success message sent, request Id: VETLRX0AOM8H
13:02:07.527 [main] INFO com.iluwatar.commander.Commander - Order 7Y4A67LOF74J: Shipping placed successfully, transaction id: 7WUK0AYNJ501
13:02:07.527 [main] INFO com.iluwatar.commander.Commander - Order has been placed and will be shipped to you. Please wait while we make your payment... 
13:02:07.527 [main] INFO com.iluwatar.commander.Commander - Order 7Y4A67LOF74J: Shipping placed successfully, transaction id: 5Q6FC0OS7ZVL
13:02:07.527 [main] INFO com.iluwatar.commander.Commander - Order has been placed and will be shipped to you. Please wait while we make your payment... 
13:02:07.527 [Thread-31] INFO com.iluwatar.commander.Commander - Order 7Y4A67LOF74J: Payment successful, transaction Id: WM1HB2MF8JMT
13:02:07.527 [Thread-31] INFO com.iluwatar.commander.Commander - Payment made successfully, thank you for shopping with us!!
13:02:07.527 [main] INFO com.iluwatar.commander.Commander - Order 7Y4A67LOF74J: Shipping placed successfully, transaction id: N4AUS3PADCSW
13:02:07.527 [main] INFO com.iluwatar.commander.Commander - Order has been placed and will be shipped to you. Please wait while we make your payment... 
13:02:07.527 [Thread-33] INFO com.iluwatar.commander.messagingservice.MessagingService - Msg: Your order has been placed and paid for successfully! Thank you for shopping with us!
13:02:07.527 [Thread-33] INFO com.iluwatar.commander.Commander - Order 7Y4A67LOF74J: Payment Success message sent, request Id: I1PZ0WJ39OSS
13:02:07.527 [main] INFO com.iluwatar.commander.Commander - Order 7Y4A67LOF74J: Shipping placed successfully, transaction id: UYIQUF33OVQL
13:02:07.527 [main] INFO com.iluwatar.commander.Commander - Order has been placed and will be shipped to you. Please wait while we make your payment... 
13:02:07.528 [main] INFO com.iluwatar.commander.Commander - Order VC219VIHAWX8: Shipping placed successfully, transaction id: JIMFZAA3LJT7
13:02:07.528 [main] INFO com.iluwatar.commander.Commander - Order has been placed and will be shipped to you. Please wait while we make your payment... 
13:02:07.528 [main] ERROR com.iluwatar.commander.Commander - Order VC219VIHAWX8: Payment time for order over, failed and returning..
13:02:07.528 [main] INFO com.iluwatar.commander.Commander - Order VC219VIHAWX8: Shipping placed successfully, transaction id: A8YFV8TV2Y98
13:02:07.528 [main] INFO com.iluwatar.commander.Commander - Order has been placed and will be shipped to you. Please wait while we make your payment... 
13:02:07.528 [main] INFO com.iluwatar.commander.Commander - Order VC219VIHAWX8: Shipping placed successfully, transaction id: OZ7O8Y4ZA62K
13:02:07.528 [main] INFO com.iluwatar.commander.Commander - Order has been placed and will be shipped to you. Please wait while we make your payment... 
13:02:07.528 [main] INFO com.iluwatar.commander.Commander - Order VC219VIHAWX8: Shipping placed successfully, transaction id: YX1C3GIJKAUZ
13:02:07.528 [main] INFO com.iluwatar.commander.Commander - Order has been placed and will be shipped to you. Please wait while we make your payment... 
13:02:07.528 [main] INFO com.iluwatar.commander.Commander - Order WIYRY228FBA1: Shipping placed successfully, transaction id: VR2EYWTDNXCM
13:02:07.528 [main] INFO com.iluwatar.commander.Commander - Order has been placed and will be shipped to you. Please wait while we make your payment... 
13:02:07.528 [main] ERROR com.iluwatar.commander.Commander - Order WIYRY228FBA1: Payment time for order over, failed and returning..
13:02:07.528 [main] INFO com.iluwatar.commander.Commander - Order WIYRY228FBA1: Shipping placed successfully, transaction id: MIKA9GMBYVZP
13:02:07.528 [main] INFO com.iluwatar.commander.Commander - Order has been placed and will be shipped to you. Please wait while we make your payment... 
13:02:07.528 [main] INFO com.iluwatar.commander.Commander - Order WIYRY228FBA1: Shipping placed successfully, transaction id: NKVMNFXSTC6M
13:02:07.528 [main] INFO com.iluwatar.commander.Commander - Order has been placed and will be shipped to you. Please wait while we make your payment... 
13:02:07.528 [main] INFO com.iluwatar.commander.Commander - Order WIYRY228FBA1: Shipping placed successfully, transaction id: MOCI8TQ4ZYMT
13:02:07.528 [main] INFO com.iluwatar.commander.Commander - Order has been placed and will be shipped to you. Please wait while we make your payment... 
13:02:07.528 [main] INFO com.iluwatar.commander.Commander - Order K6M61FAFDXCW: Shipping placed successfully, transaction id: 0N1EVGJFX4C3
13:02:07.528 [main] INFO com.iluwatar.commander.Commander - Order has been placed and will be shipped to you. Please wait while we make your payment... 
13:02:07.528 [main] ERROR com.iluwatar.commander.Commander - Order K6M61FAFDXCW: Payment time for order over, failed and returning..
13:02:07.529 [main] INFO com.iluwatar.commander.Commander - Order K6M61FAFDXCW: Shipping placed successfully, transaction id: OHGLGR62E6E4
13:02:07.529 [main] INFO com.iluwatar.commander.Commander - Order has been placed and will be shipped to you. Please wait while we make your payment... 
13:02:07.529 [main] INFO com.iluwatar.commander.Commander - Order K6M61FAFDXCW: Shipping placed successfully, transaction id: 91HL882L0CK8
13:02:07.529 [main] INFO com.iluwatar.commander.Commander - Order has been placed and will be shipped to you. Please wait while we make your payment... 
13:02:07.529 [main] INFO com.iluwatar.commander.Commander - Order K6M61FAFDXCW: Shipping placed successfully, transaction id: HSMWMSPTIBD7
13:02:07.529 [main] INFO com.iluwatar.commander.Commander - Order has been placed and will be shipped to you. Please wait while we make your payment... 
13:02:07.529 [main] INFO com.iluwatar.commander.Commander - Order 5G729QSJXPZX: Shipping placed successfully, transaction id: CSLPCJ5UU5IU
13:02:07.529 [main] INFO com.iluwatar.commander.Commander - Order has been placed and will be shipped to you. Please wait while we make your payment... 
13:02:07.529 [main] ERROR com.iluwatar.commander.Commander - Order 5G729QSJXPZX: Payment time for order over, failed and returning..
13:02:07.529 [main] INFO com.iluwatar.commander.Commander - Order 5G729QSJXPZX: Shipping placed successfully, transaction id: FXRR3AIOZEXR
13:02:07.529 [main] INFO com.iluwatar.commander.Commander - Order has been placed and will be shipped to you. Please wait while we make your payment... 
13:02:07.529 [main] INFO com.iluwatar.commander.Commander - Order 5G729QSJXPZX: Shipping placed successfully, transaction id: RQG8MVM3CKYG
13:02:07.529 [main] INFO com.iluwatar.commander.Commander - Order has been placed and will be shipped to you. Please wait while we make your payment... 
13:02:07.529 [main] INFO com.iluwatar.commander.Commander - Order 5G729QSJXPZX: Shipping placed successfully, transaction id: DYHP0YW3WL6M
13:02:07.529 [main] INFO com.iluwatar.commander.Commander - Order has been placed and will be shipped to you. Please wait while we make your payment... 
13:02:07.529 [main] INFO com.iluwatar.commander.Commander - Order VAAP8H3NJ7BA: Shipping placed successfully, transaction id: 49OAMAAJV4G8
13:02:07.529 [main] INFO com.iluwatar.commander.Commander - Order has been placed and will be shipped to you. Please wait while we make your payment... 
13:02:07.529 [main] ERROR com.iluwatar.commander.Commander - Order VAAP8H3NJ7BA: Payment time for order over, failed and returning..
13:02:07.529 [main] INFO com.iluwatar.commander.Commander - Order VAAP8H3NJ7BA: Shipping placed successfully, transaction id: PIDYTUPU0FJ6
13:02:07.529 [main] INFO com.iluwatar.commander.Commander - Order has been placed and will be shipped to you. Please wait while we make your payment... 
13:02:07.529 [main] INFO com.iluwatar.commander.Commander - Order VAAP8H3NJ7BA: Shipping placed successfully, transaction id: 4VHP2RJ7T22D
13:02:07.529 [main] INFO com.iluwatar.commander.Commander - Order has been placed and will be shipped to you. Please wait while we make your payment... 
13:02:07.529 [main] INFO com.iluwatar.commander.Commander - Order VAAP8H3NJ7BA: Shipping placed successfully, transaction id: HGWZRJYVW3V2
13:02:07.529 [main] INFO com.iluwatar.commander.Commander - Order has been placed and will be shipped to you. Please wait while we make your payment... 
13:02:07.530 [main] INFO com.iluwatar.commander.Commander - Order 7KRIYY516E60: Shipping placed successfully, transaction id: Z743R594RZKG
13:02:07.530 [main] INFO com.iluwatar.commander.Commander - Order has been placed and will be shipped to you. Please wait while we make your payment... 
13:02:07.530 [main] ERROR com.iluwatar.commander.Commander - Order 7KRIYY516E60: Payment time for order over, failed and returning..
13:02:07.530 [main] INFO com.iluwatar.commander.Commander - Order 7KRIYY516E60: Shipping placed successfully, transaction id: KCXUS11RDETV
13:02:07.530 [main] INFO com.iluwatar.commander.Commander - Order has been placed and will be shipped to you. Please wait while we make your payment... 
13:02:07.530 [main] INFO com.iluwatar.commander.Commander - Order 7KRIYY516E60: Shipping placed successfully, transaction id: 45VAZ2Y1BXNR
13:02:07.530 [main] INFO com.iluwatar.commander.Commander - Order has been placed and will be shipped to you. Please wait while we make your payment... 
13:02:07.530 [main] INFO com.iluwatar.commander.Commander - Order 7KRIYY516E60: Shipping placed successfully, transaction id: LFJNZJR4PD70
13:02:07.530 [main] INFO com.iluwatar.commander.Commander - Order has been placed and will be shipped to you. Please wait while we make your payment... 
13:02:07.530 [main] INFO com.iluwatar.commander.Commander - Order YWM2MSMAODKM: Shipping placed successfully, transaction id: UL4375E7VOY4
13:02:07.530 [main] INFO com.iluwatar.commander.Commander - Order has been placed and will be shipped to you. Please wait while we make your payment... 
13:02:07.530 [main] ERROR com.iluwatar.commander.Commander - Order YWM2MSMAODKM: Payment time for order over, failed and returning..
13:02:07.530 [main] INFO com.iluwatar.commander.Commander - Order YWM2MSMAODKM: Shipping placed successfully, transaction id: 9DBMV6NIRJGJ
13:02:07.530 [main] INFO com.iluwatar.commander.Commander - Order has been placed and will be shipped to you. Please wait while we make your payment... 
13:02:07.530 [main] INFO com.iluwatar.commander.Commander - Order YWM2MSMAODKM: Shipping placed successfully, transaction id: W3KYKFIJFOQF
13:02:07.530 [main] INFO com.iluwatar.commander.Commander - Order has been placed and will be shipped to you. Please wait while we make your payment... 
13:02:07.530 [main] INFO com.iluwatar.commander.Commander - Order YWM2MSMAODKM: Shipping placed successfully, transaction id: ZS7BZF5XBY28
13:02:07.530 [main] INFO com.iluwatar.commander.Commander - Order has been placed and will be shipped to you. Please wait while we make your payment... 
13:02:07.530 [main] INFO com.iluwatar.commander.Commander - Order BIDMUVTVWFXQ: Shipping placed successfully, transaction id: 2RI6JJUG5CE4
13:02:07.530 [main] INFO com.iluwatar.commander.Commander - Order has been placed and will be shipped to you. Please wait while we make your payment... 
13:02:07.530 [main] ERROR com.iluwatar.commander.Commander - Order BIDMUVTVWFXQ: Payment time for order over, failed and returning..
13:02:07.530 [main] INFO com.iluwatar.commander.Commander - Order BIDMUVTVWFXQ: Shipping placed successfully, transaction id: 3Q3FJU4QECRM
13:02:07.530 [main] INFO com.iluwatar.commander.Commander - Order has been placed and will be shipped to you. Please wait while we make your payment... 
13:02:07.530 [main] INFO com.iluwatar.commander.Commander - Order BIDMUVTVWFXQ: Shipping placed successfully, transaction id: AQ67HAEF2BI2
13:02:07.530 [main] INFO com.iluwatar.commander.Commander - Order has been placed and will be shipped to you. Please wait while we make your payment... 
13:02:07.530 [main] INFO com.iluwatar.commander.Commander - Order BIDMUVTVWFXQ: Shipping placed successfully, transaction id: 1OUJQ7BSR41I
13:02:07.530 [main] INFO com.iluwatar.commander.Commander - Order has been placed and will be shipped to you. Please wait while we make your payment... 
13:02:07.531 [main] INFO com.iluwatar.commander.Commander - Order 5J3XE3TOVQLI: Shipping placed successfully, transaction id: GW2KL2OTHBNY
13:02:07.531 [main] INFO com.iluwatar.commander.Commander - Order has been placed and will be shipped to you. Please wait while we make your payment... 
13:02:07.531 [main] ERROR com.iluwatar.commander.Commander - Order 5J3XE3TOVQLI: Payment time for order over, failed and returning..
13:02:07.531 [main] INFO com.iluwatar.commander.Commander - Order 5J3XE3TOVQLI: Shipping placed successfully, transaction id: 4BM6UB4A64BO
13:02:07.531 [main] INFO com.iluwatar.commander.Commander - Order has been placed and will be shipped to you. Please wait while we make your payment... 
13:02:07.531 [main] INFO com.iluwatar.commander.Commander - Order 5J3XE3TOVQLI: Shipping placed successfully, transaction id: 09FSE94GCO0Z
13:02:07.531 [main] INFO com.iluwatar.commander.Commander - Order has been placed and will be shipped to you. Please wait while we make your payment... 
13:02:07.531 [main] INFO com.iluwatar.commander.Commander - Order 5J3XE3TOVQLI: Shipping placed successfully, transaction id: U1A2HGMYI0YI
13:02:07.531 [main] INFO com.iluwatar.commander.Commander - Order has been placed and will be shipped to you. Please wait while we make your payment... 
13:02:07.531 [main] INFO com.iluwatar.commander.Commander - Order 2DNMXNN54DHX: Shipping placed successfully, transaction id: QPGVSAN74KJ9
13:02:07.531 [main] INFO com.iluwatar.commander.Commander - Order has been placed and will be shipped to you. Please wait while we make your payment... 
13:02:07.531 [main] ERROR com.iluwatar.commander.Commander - Order 2DNMXNN54DHX: Payment time for order over, failed and returning..
13:02:07.531 [main] INFO com.iluwatar.commander.Commander - Order 2DNMXNN54DHX: Shipping placed successfully, transaction id: 1FL8ENHJOQOB
13:02:07.531 [main] INFO com.iluwatar.commander.Commander - Order has been placed and will be shipped to you. Please wait while we make your payment... 
13:02:07.531 [main] INFO com.iluwatar.commander.Commander - Order 2DNMXNN54DHX: Shipping placed successfully, transaction id: 57ATRX8Z7FIL
13:02:07.531 [main] INFO com.iluwatar.commander.Commander - Order has been placed and will be shipped to you. Please wait while we make your payment... 
13:02:07.531 [main] INFO com.iluwatar.commander.Commander - Order 2DNMXNN54DHX: Shipping placed successfully, transaction id: ZNNJXNOSBJQ8
13:02:07.531 [main] INFO com.iluwatar.commander.Commander - Order has been placed and will be shipped to you. Please wait while we make your payment... 
13:02:07.531 [main] INFO com.iluwatar.commander.Commander - Order KMBGY3QZLBCT: Shipping placed successfully, transaction id: 0KC17REZDE90
13:02:07.531 [main] INFO com.iluwatar.commander.Commander - Order has been placed and will be shipped to you. Please wait while we make your payment... 
13:02:07.531 [main] ERROR com.iluwatar.commander.Commander - Order KMBGY3QZLBCT: Payment time for order over, failed and returning..
13:02:07.531 [main] INFO com.iluwatar.commander.Commander - Order KMBGY3QZLBCT: Shipping placed successfully, transaction id: 6HSJ9L53JVRP
13:02:07.531 [main] INFO com.iluwatar.commander.Commander - Order has been placed and will be shipped to you. Please wait while we make your payment... 
13:02:07.531 [main] INFO com.iluwatar.commander.Commander - Order KMBGY3QZLBCT: Shipping placed successfully, transaction id: 6E2AP5TNCCNJ
13:02:07.531 [main] INFO com.iluwatar.commander.Commander - Order has been placed and will be shipped to you. Please wait while we make your payment... 
13:02:07.531 [main] INFO com.iluwatar.commander.Commander - Order KMBGY3QZLBCT: Shipping placed successfully, transaction id: 5U5B86513CB7
13:02:07.531 [main] INFO com.iluwatar.commander.Commander - Order has been placed and will be shipped to you. Please wait while we make your payment... 
13:02:07.532 [main] INFO com.iluwatar.commander.Commander - Order WVOSA8MIULZ4: Shipping placed successfully, transaction id: H0HUGYFNGQ42
13:02:07.532 [main] INFO com.iluwatar.commander.Commander - Order has been placed and will be shipped to you. Please wait while we make your payment... 
13:02:07.532 [main] ERROR com.iluwatar.commander.Commander - Order WVOSA8MIULZ4: Payment time for order over, failed and returning..
13:02:07.532 [main] INFO com.iluwatar.commander.Commander - Order WVOSA8MIULZ4: Shipping placed successfully, transaction id: UZRRRIAUSW0S
13:02:07.532 [main] INFO com.iluwatar.commander.Commander - Order has been placed and will be shipped to you. Please wait while we make your payment... 
13:02:07.532 [main] INFO com.iluwatar.commander.Commander - Order WVOSA8MIULZ4: Shipping placed successfully, transaction id: BWV47EIA4FLG
13:02:07.532 [main] INFO com.iluwatar.commander.Commander - Order has been placed and will be shipped to you. Please wait while we make your payment... 
13:02:07.532 [main] INFO com.iluwatar.commander.Commander - Order WVOSA8MIULZ4: Shipping placed successfully, transaction id: CF03JME2KXZT
13:02:07.532 [main] INFO com.iluwatar.commander.Commander - Order has been placed and will be shipped to you. Please wait while we make your payment... 
]]></system-out>
  </testcase>
  <testcase name="testPlaceOrderVanilla" classname="com.iluwatar.commander.CommanderTest" time="0.025">
    <system-out><![CDATA[13:02:07.533 [main] INFO com.iluwatar.commander.Commander - Order I4L1321QIBGU: Shipping placed successfully, transaction id: DPT3RGKNULFL
13:02:07.533 [main] INFO com.iluwatar.commander.Commander - Order has been placed and will be shipped to you. Please wait while we make your payment... 
13:02:07.533 [main] INFO com.iluwatar.commander.Commander - Order I4L1321QIBGU: Shipping placed successfully, transaction id: TQBS7NUK49R0
13:02:07.533 [main] INFO com.iluwatar.commander.Commander - Order has been placed and will be shipped to you. Please wait while we make your payment... 
13:02:07.533 [main] INFO com.iluwatar.commander.Commander - Order I4L1321QIBGU: Shipping placed successfully, transaction id: GOUBEIP4F4S4
13:02:07.533 [main] INFO com.iluwatar.commander.Commander - Order has been placed and will be shipped to you. Please wait while we make your payment... 
13:02:07.533 [Thread-36] DEBUG com.iluwatar.commander.Commander - Order I4L1321QIBGU: Error in connecting to payment service, trying again..
13:02:07.533 [main] INFO com.iluwatar.commander.Commander - Order I4L1321QIBGU: Shipping placed successfully, transaction id: W5SFHSOCUKK7
13:02:07.533 [main] INFO com.iluwatar.commander.Commander - Order has been placed and will be shipped to you. Please wait while we make your payment... 
13:02:07.533 [Thread-37] DEBUG com.iluwatar.commander.Commander - Order I4L1321QIBGU: Error in connecting to payment service, trying again..
13:02:07.533 [Thread-38] DEBUG com.iluwatar.commander.Commander - Order I4L1321QIBGU: Error in connecting to payment service, trying again..
13:02:07.533 [Thread-38] INFO com.iluwatar.commander.Commander - There was an error in payment. We are on it, and will get back to you asap. Don't worry, your order has been placed and will be shipped.
13:02:07.533 [Thread-37] INFO com.iluwatar.commander.Commander - There was an error in payment. We are on it, and will get back to you asap. Don't worry, your order has been placed and will be shipped.
13:02:07.533 [Thread-36] INFO com.iluwatar.commander.Commander - There was an error in payment. We are on it, and will get back to you asap. Don't worry, your order has been placed and will be shipped.
13:02:07.533 [Thread-39] DEBUG com.iluwatar.commander.Commander - Order I4L1321QIBGU: Error in connecting to payment service, trying again..
13:02:07.533 [Thread-38] WARN com.iluwatar.commander.Commander - Order I4L1321QIBGU: Payment error, going to queue..
13:02:07.534 [Thread-39] WARN com.iluwatar.commander.Commander - Order I4L1321QIBGU: Payment error, going to queue..
13:02:07.533 [main] INFO com.iluwatar.commander.Commander - Order 1Y5K75DESJUQ: Shipping placed successfully, transaction id: QXTBE6M2O4X8
13:02:07.534 [main] INFO com.iluwatar.commander.Commander - Order has been placed and will be shipped to you. Please wait while we make your payment... 
13:02:07.533 [Thread-37] WARN com.iluwatar.commander.Commander - Order I4L1321QIBGU: Payment error, going to queue..
13:02:07.534 [Thread-40] DEBUG com.iluwatar.commander.Commander - Order 1Y5K75DESJUQ: Error in connecting to payment service, trying again..
13:02:07.535 [Thread-40] INFO com.iluwatar.commander.Commander - There was an error in payment. We are on it, and will get back to you asap. Don't worry, your order has been placed and will be shipped.
13:02:07.535 [Thread-40] WARN com.iluwatar.commander.Commander - Order 1Y5K75DESJUQ: Payment error, going to queue..
13:02:07.534 [Thread-36] WARN com.iluwatar.commander.Commander - Order I4L1321QIBGU: Payment error, going to queue..
13:02:07.534 [main] INFO com.iluwatar.commander.Commander - Order 1Y5K75DESJUQ: Shipping placed successfully, transaction id: SJCOMKJUDSE7
13:02:07.535 [main] INFO com.iluwatar.commander.Commander - Order has been placed and will be shipped to you. Please wait while we make your payment... 
13:02:07.535 [Thread-41] INFO com.iluwatar.commander.messagingservice.MessagingService - Msg: There was an error in your payment process, we are working on it and will return back to you shortly. Meanwhile, your order has been placed and will be shipped.
13:02:07.536 [Thread-41] INFO com.iluwatar.commander.Commander - Order I4L1321QIBGU: Payment Error message sent successfully, request Id: JS6Y7PV4NKK9
13:02:07.536 [Thread-45] DEBUG com.iluwatar.commander.Commander - Order 1Y5K75DESJUQ: Error in connecting to payment service, trying again..
13:02:07.536 [main] INFO com.iluwatar.commander.Commander - Order 1Y5K75DESJUQ: Shipping placed successfully, transaction id: KVIA5BMPFER2
13:02:07.536 [Thread-45] WARN com.iluwatar.commander.Commander - Order 1Y5K75DESJUQ: Payment error, going to queue..
13:02:07.536 [main] INFO com.iluwatar.commander.Commander - Order has been placed and will be shipped to you. Please wait while we make your payment... 
13:02:07.536 [Thread-42] INFO com.iluwatar.commander.messagingservice.MessagingService - Msg: There was an error in your payment process, we are working on it and will return back to you shortly. Meanwhile, your order has been placed and will be shipped.
13:02:07.536 [Thread-42] INFO com.iluwatar.commander.Commander - Order 1Y5K75DESJUQ: Payment Error message sent successfully, request Id: 9VWP6P293A7E
13:02:07.536 [main] INFO com.iluwatar.commander.Commander - Order 1Y5K75DESJUQ: Shipping placed successfully, transaction id: CV2B94TDJ82A
13:02:07.536 [main] INFO com.iluwatar.commander.Commander - Order has been placed and will be shipped to you. Please wait while we make your payment... 
13:02:07.536 [Thread-48] DEBUG com.iluwatar.commander.Commander - Order 1Y5K75DESJUQ: Error in connecting to payment service, trying again..
13:02:07.536 [Thread-44] INFO com.iluwatar.commander.messagingservice.MessagingService - Msg: There was an error in your payment process, we are working on it and will return back to you shortly. Meanwhile, your order has been placed and will be shipped.
13:02:07.536 [Thread-44] INFO com.iluwatar.commander.Commander - Order I4L1321QIBGU: Payment Error message sent successfully, request Id: B31IWL9KVYZV
13:02:07.536 [Thread-46] INFO com.iluwatar.commander.messagingservice.MessagingService - Msg: There was an error in your payment process, we are working on it and will return back to you shortly. Meanwhile, your order has been placed and will be shipped.
13:02:07.536 [Thread-46] INFO com.iluwatar.commander.Commander - Order I4L1321QIBGU: Payment Error message sent successfully, request Id: P9WPWE0DIT8O
13:02:07.536 [main] INFO com.iluwatar.commander.Commander - Order L4NNRBPNB1T8: Shipping placed successfully, transaction id: CB4BE44U4N1K
13:02:07.536 [main] INFO com.iluwatar.commander.Commander - Order has been placed and will be shipped to you. Please wait while we make your payment... 
13:02:07.536 [Thread-53] DEBUG com.iluwatar.commander.Commander - Order 1Y5K75DESJUQ: Error in connecting to payment service, trying again..
13:02:07.537 [Thread-51] WARN com.iluwatar.commander.Commander - Order I4L1321QIBGU: Error in connecting to queue db, trying again..
13:02:07.537 [Thread-52] WARN com.iluwatar.commander.Commander - Order I4L1321QIBGU: Error in connecting to queue db, trying again..
13:02:07.537 [Thread-49] WARN com.iluwatar.commander.Commander - Order I4L1321QIBGU: Error in connecting to queue db, trying again..
13:02:07.537 [main] INFO com.iluwatar.commander.Commander - Order L4NNRBPNB1T8: Shipping placed successfully, transaction id: X5STXWNPP3LM
13:02:07.537 [main] INFO com.iluwatar.commander.Commander - Order has been placed and will be shipped to you. Please wait while we make your payment... 
13:02:07.537 [Thread-56] DEBUG com.iluwatar.commander.Commander - Order L4NNRBPNB1T8: Error in connecting to payment service, trying again..
13:02:07.537 [Thread-56] INFO com.iluwatar.commander.Commander - There was an error in payment. We are on it, and will get back to you asap. Don't worry, your order has been placed and will be shipped.
13:02:07.537 [Thread-56] WARN com.iluwatar.commander.Commander - Order L4NNRBPNB1T8: Payment error, going to queue..
13:02:07.537 [Thread-50] WARN com.iluwatar.commander.Commander - Order 1Y5K75DESJUQ: Error in connecting to queue db, trying again..
13:02:07.537 [Thread-49] ERROR com.iluwatar.commander.Commander - Order I4L1321QIBGU: Unable to enqueue payment task, payment failed..
13:02:07.537 [Thread-49] ERROR com.iluwatar.commander.Commander - Order I4L1321QIBGU: Unable to enqueue task of type PAYMENT, trying to add to employee handle..
13:02:07.537 [Thread-62] INFO com.iluwatar.commander.messagingservice.MessagingService - Msg: There was an error in your payment process, we are working on it and will return back to you shortly. Meanwhile, your order has been placed and will be shipped.
13:02:07.537 [Thread-62] INFO com.iluwatar.commander.Commander - Order L4NNRBPNB1T8: Payment Error message sent successfully, request Id: 1LNRJX1IZYSL
13:02:07.537 [Thread-64] WARN com.iluwatar.commander.Commander - Order L4NNRBPNB1T8: Error in connecting to queue db, trying again..
13:02:07.537 [Thread-52] ERROR com.iluwatar.commander.Commander - Order I4L1321QIBGU: Unable to enqueue payment task, payment failed..
13:02:07.537 [Thread-52] ERROR com.iluwatar.commander.Commander - Order I4L1321QIBGU: Unable to enqueue task of type PAYMENT, trying to add to employee handle..
13:02:07.537 [Thread-47] INFO com.iluwatar.commander.messagingservice.MessagingService - Msg: There was an error in your payment process, we are working on it and will return back to you shortly. Meanwhile, your order has been placed and will be shipped.
13:02:07.538 [Thread-47] INFO com.iluwatar.commander.Commander - Order 1Y5K75DESJUQ: Payment Error message sent successfully, request Id: 0HHDTIRMIDNJ
13:02:07.537 [Thread-57] WARN com.iluwatar.commander.Commander - Order 1Y5K75DESJUQ: Error in connecting to queue db, trying again..
13:02:07.537 [Thread-55] WARN com.iluwatar.commander.Commander - Order 1Y5K75DESJUQ: Error in connecting to queue db, trying again..
13:02:07.538 [Thread-67] WARN com.iluwatar.commander.Commander - Order I4L1321QIBGU: Error in connecting to employee handle, trying again..
13:02:07.537 [Thread-54] WARN com.iluwatar.commander.Commander - Order 1Y5K75DESJUQ: Error in connecting to queue db, trying again..
13:02:07.538 [Thread-55] ERROR com.iluwatar.commander.Commander - Order 1Y5K75DESJUQ: Unable to enqueue payment task, payment failed..
13:02:07.537 [Thread-51] ERROR com.iluwatar.commander.Commander - Order I4L1321QIBGU: Unable to enqueue payment task, payment failed..
13:02:07.538 [Thread-64] ERROR com.iluwatar.commander.Commander - Order L4NNRBPNB1T8: Unable to enqueue payment task, payment failed..
13:02:07.538 [Thread-59] INFO com.iluwatar.commander.messagingservice.MessagingService - Msg: There was an error in your payment process. Your order is placed and has been converted to COD. Please reach us on CUSTOMER-CARE-NUBER in case of any queries. Thank you for shopping with us!
13:02:07.538 [Thread-69] INFO com.iluwatar.commander.messagingservice.MessagingService - Msg: There was an error in your payment process. Your order is placed and has been converted to COD. Please reach us on CUSTOMER-CARE-NUBER in case of any queries. Thank you for shopping with us!
13:02:07.538 [Thread-69] INFO com.iluwatar.commander.Commander - Order 1Y5K75DESJUQ: Payment Failure message sent successfully, request Id: IQ3PCHE8WERS
13:02:07.538 [Thread-55] ERROR com.iluwatar.commander.Commander - Order 1Y5K75DESJUQ: Unable to enqueue task of type PAYMENT, trying to add to employee handle..
13:02:07.538 [Thread-51] ERROR com.iluwatar.commander.Commander - Order I4L1321QIBGU: Unable to enqueue task of type PAYMENT, trying to add to employee handle..
13:02:07.538 [Thread-60] INFO com.iluwatar.commander.messagingservice.MessagingService - Msg: There was an error in your payment process. Your order is placed and has been converted to COD. Please reach us on CUSTOMER-CARE-NUBER in case of any queries. Thank you for shopping with us!
13:02:07.538 [Thread-64] ERROR com.iluwatar.commander.Commander - Order L4NNRBPNB1T8: Unable to enqueue task of type PAYMENT, trying to add to employee handle..
13:02:07.538 [Thread-59] INFO com.iluwatar.commander.Commander - Order I4L1321QIBGU: Payment Failure message sent successfully, request Id: UGXZ71FGQQLL
13:02:07.538 [Thread-58] INFO com.iluwatar.commander.messagingservice.MessagingService - Msg: There was an error in your payment process. Your order is placed and has been converted to COD. Please reach us on CUSTOMER-CARE-NUBER in case of any queries. Thank you for shopping with us!
13:02:07.538 [Thread-73] WARN com.iluwatar.commander.Commander - Order I4L1321QIBGU: Error in connecting to employee handle, trying again..
13:02:07.538 [Thread-65] WARN com.iluwatar.commander.Commander - Order I4L1321QIBGU: Error in connecting to employee handle, trying again..
13:02:07.538 [Thread-60] INFO com.iluwatar.commander.Commander - Order I4L1321QIBGU: Payment Failure message sent successfully, request Id: KIUBC20G2HIA
13:02:07.539 [Thread-73] WARN com.iluwatar.commander.Commander - Order I4L1321QIBGU: Error in adding to employee db, trying to queue task..
13:02:07.538 [Thread-58] INFO com.iluwatar.commander.Commander - Order I4L1321QIBGU: Payment Failure message sent successfully, request Id: PIIUO8GE7UGN
13:02:07.538 [Thread-74] WARN com.iluwatar.commander.Commander - Order L4NNRBPNB1T8: Error in connecting to employee handle, trying again..
13:02:07.539 [Thread-50] ERROR com.iluwatar.commander.Commander - Order 1Y5K75DESJUQ: Unable to enqueue payment task, payment failed..
13:02:07.539 [Thread-50] ERROR com.iluwatar.commander.Commander - Order 1Y5K75DESJUQ: Unable to enqueue task of type PAYMENT, trying to add to employee handle..
13:02:07.539 [Thread-75] WARN com.iluwatar.commander.Commander - Order I4L1321QIBGU: Error in connecting to queue db, trying again..
13:02:07.539 [Thread-74] WARN com.iluwatar.commander.Commander - Order L4NNRBPNB1T8: Error in adding to employee db, trying to queue task..
13:02:07.539 [Thread-75] ERROR com.iluwatar.commander.Commander - Order I4L1321QIBGU: Unable to enqueue task of type EMPLOYEE_DB, trying to add to employee handle..
13:02:07.539 [Thread-77] WARN com.iluwatar.commander.Commander - Order L4NNRBPNB1T8: Error in connecting to queue db, trying again..
13:02:07.539 [Thread-77] ERROR com.iluwatar.commander.Commander - Order L4NNRBPNB1T8: Unable to enqueue task of type EMPLOYEE_DB, trying to add to employee handle..
13:02:07.539 [main] INFO com.iluwatar.commander.Commander - Order L4NNRBPNB1T8: Shipping placed successfully, transaction id: OBQE612PSEMM
13:02:07.539 [main] INFO com.iluwatar.commander.Commander - Order has been placed and will be shipped to you. Please wait while we make your payment... 
13:02:07.539 [Thread-61] DEBUG com.iluwatar.commander.Commander - Order L4NNRBPNB1T8: Error in connecting to payment service, trying again..
13:02:07.539 [Thread-79] WARN com.iluwatar.commander.Commander - Order I4L1321QIBGU: Error in connecting to employee handle, trying again..
13:02:07.539 [Thread-80] WARN com.iluwatar.commander.Commander - Order L4NNRBPNB1T8: Error in connecting to employee handle, trying again..
13:02:07.539 [Thread-78] WARN com.iluwatar.commander.Commander - Order 1Y5K75DESJUQ: Error in connecting to employee handle, trying again..
13:02:07.539 [Thread-80] WARN com.iluwatar.commander.Commander - Order L4NNRBPNB1T8: Error in adding to employee db, trying to queue task..
13:02:07.539 [Thread-83] WARN com.iluwatar.commander.Commander - Order L4NNRBPNB1T8: Error in connecting to queue db, trying again..
13:02:07.539 [Thread-78] WARN com.iluwatar.commander.Commander - Order 1Y5K75DESJUQ: Error in adding to employee db, trying to queue task..
13:02:07.539 [Thread-83] ERROR com.iluwatar.commander.Commander - Order L4NNRBPNB1T8: Unable to enqueue task of type EMPLOYEE_DB, trying to add to employee handle..
13:02:07.539 [Thread-84] WARN com.iluwatar.commander.Commander - Order 1Y5K75DESJUQ: Error in connecting to queue db, trying again..
13:02:07.539 [Thread-84] ERROR com.iluwatar.commander.Commander - Order 1Y5K75DESJUQ: Unable to enqueue task of type EMPLOYEE_DB, trying to add to employee handle..
13:02:07.539 [Thread-65] WARN com.iluwatar.commander.Commander - Order I4L1321QIBGU: Error in adding to employee db, trying to queue task..
13:02:07.539 [Thread-76] WARN com.iluwatar.commander.Commander - Order I4L1321QIBGU: Error in connecting to queue db, trying again..
13:02:07.539 [Thread-76] ERROR com.iluwatar.commander.Commander - Order I4L1321QIBGU: Unable to enqueue task of type EMPLOYEE_DB, trying to add to employee handle..
13:02:07.539 [Thread-86] WARN com.iluwatar.commander.Commander - Order 1Y5K75DESJUQ: Error in connecting to employee handle, trying again..
13:02:07.539 [Thread-66] INFO com.iluwatar.commander.messagingservice.MessagingService - Msg: There was an error in your payment process. Your order is placed and has been converted to COD. Please reach us on CUSTOMER-CARE-NUBER in case of any queries. Thank you for shopping with us!
13:02:07.539 [Thread-66] INFO com.iluwatar.commander.Commander - Order L4NNRBPNB1T8: Payment Failure message sent successfully, request Id: YFWWYOFGCSY8
13:02:07.539 [Thread-54] ERROR com.iluwatar.commander.Commander - Order 1Y5K75DESJUQ: Unable to enqueue payment task, payment failed..
13:02:07.539 [Thread-54] ERROR com.iluwatar.commander.Commander - Order 1Y5K75DESJUQ: Unable to enqueue task of type PAYMENT, trying to add to employee handle..
13:02:07.539 [Thread-72] WARN com.iluwatar.commander.Commander - Order 1Y5K75DESJUQ: Error in connecting to employee handle, trying again..
13:02:07.539 [Thread-67] WARN com.iluwatar.commander.Commander - Order I4L1321QIBGU: Error in adding to employee db, trying to queue task..
13:02:07.539 [Thread-70] WARN com.iluwatar.commander.Commander - Order I4L1321QIBGU: Error in connecting to queue db, trying again..
13:02:07.539 [Thread-70] ERROR com.iluwatar.commander.Commander - Order I4L1321QIBGU: Unable to enqueue task of type EMPLOYEE_DB, trying to add to employee handle..
13:02:07.539 [Thread-72] WARN com.iluwatar.commander.Commander - Order 1Y5K75DESJUQ: Error in adding to employee db, trying to queue task..
13:02:07.539 [Thread-90] WARN com.iluwatar.commander.Commander - Order 1Y5K75DESJUQ: Error in connecting to queue db, trying again..
13:02:07.539 [Thread-57] ERROR com.iluwatar.commander.Commander - Order 1Y5K75DESJUQ: Unable to enqueue payment task, payment failed..
13:02:07.540 [Thread-90] ERROR com.iluwatar.commander.Commander - Order 1Y5K75DESJUQ: Unable to enqueue task of type EMPLOYEE_DB, trying to add to employee handle..
13:02:07.540 [Thread-57] ERROR com.iluwatar.commander.Commander - Order 1Y5K75DESJUQ: Unable to enqueue task of type PAYMENT, trying to add to employee handle..
13:02:07.540 [Thread-91] WARN com.iluwatar.commander.Commander - Order I4L1321QIBGU: Error in connecting to employee handle, trying again..
13:02:07.540 [Thread-89] WARN com.iluwatar.commander.Commander - Order 1Y5K75DESJUQ: Error in connecting to employee handle, trying again..
13:02:07.540 [Thread-89] WARN com.iluwatar.commander.Commander - Order 1Y5K75DESJUQ: Error in adding to employee db, trying to queue task..
13:02:07.540 [Thread-91] WARN com.iluwatar.commander.Commander - Order I4L1321QIBGU: Error in adding to employee db, trying to queue task..
13:02:07.540 [Thread-87] WARN com.iluwatar.commander.Commander - Order I4L1321QIBGU: Error in connecting to employee handle, trying again..
13:02:07.540 [Thread-87] WARN com.iluwatar.commander.Commander - Order I4L1321QIBGU: Error in adding to employee db, trying to queue task..
13:02:07.540 [Thread-86] WARN com.iluwatar.commander.Commander - Order 1Y5K75DESJUQ: Error in adding to employee db, trying to queue task..
13:02:07.540 [Thread-79] WARN com.iluwatar.commander.Commander - Order I4L1321QIBGU: Error in adding to employee db, trying to queue task..
13:02:07.540 [Thread-85] WARN com.iluwatar.commander.Commander - Order L4NNRBPNB1T8: Error in connecting to employee handle, trying again..
13:02:07.540 [main] INFO com.iluwatar.commander.Commander - Order L4NNRBPNB1T8: Shipping placed successfully, transaction id: UHEONW9YSVKB
13:02:07.540 [main] INFO com.iluwatar.commander.Commander - Order has been placed and will be shipped to you. Please wait while we make your payment... 
13:02:07.540 [Thread-81] DEBUG com.iluwatar.commander.Commander - Order L4NNRBPNB1T8: Error in connecting to payment service, trying again..
13:02:07.540 [Thread-85] WARN com.iluwatar.commander.Commander - Order L4NNRBPNB1T8: Error in adding to employee db, trying to queue task..
13:02:07.540 [Thread-93] WARN com.iluwatar.commander.Commander - Order 1Y5K75DESJUQ: Error in connecting to employee handle, trying again..
13:02:07.540 [Thread-92] WARN com.iluwatar.commander.Commander - Order 1Y5K75DESJUQ: Error in connecting to employee handle, trying again..
13:02:07.540 [Thread-93] WARN com.iluwatar.commander.Commander - Order 1Y5K75DESJUQ: Error in adding to employee db, trying to queue task..
13:02:07.541 [Thread-99] INFO com.iluwatar.commander.Commander - Order 1Y5K75DESJUQ: EMPLOYEE_DB task enqueued..
13:02:07.541 [Thread-100] INFO com.iluwatar.commander.Commander - Order 1Y5K75DESJUQ: EMPLOYEE_DB task enqueued..
13:02:07.541 [Thread-94] INFO com.iluwatar.commander.Commander - Order I4L1321QIBGU: EMPLOYEE_DB task enqueued..
13:02:07.541 [Thread-92] WARN com.iluwatar.commander.Commander - Order 1Y5K75DESJUQ: Error in adding to employee db, trying to queue task..
13:02:07.541 [Thread-95] INFO com.iluwatar.commander.Commander - Order 1Y5K75DESJUQ: EMPLOYEE_DB task enqueued..
13:02:07.541 [Thread-96] INFO com.iluwatar.commander.Commander - Order I4L1321QIBGU: EMPLOYEE_DB task enqueued..
13:02:07.541 [Thread-88] INFO com.iluwatar.commander.Commander - Order 1Y5K75DESJUQ: EMPLOYEE_DB task enqueued..
13:02:07.541 [Thread-82] INFO com.iluwatar.commander.Commander - Order I4L1321QIBGU: EMPLOYEE_DB task enqueued..
13:02:07.541 [Thread-97] WARN com.iluwatar.commander.Commander - Order L4NNRBPNB1T8: Error in connecting to queue db, trying again..
13:02:07.541 [Thread-97] ERROR com.iluwatar.commander.Commander - Order L4NNRBPNB1T8: Unable to enqueue task of type EMPLOYEE_DB, trying to add to employee handle..
13:02:07.541 [Thread-98] DEBUG com.iluwatar.commander.Commander - Order L4NNRBPNB1T8: Error in connecting to payment service, trying again..
13:02:07.541 [Thread-104] DEBUG com.iluwatar.commander.Commander - Order 1Y5K75DESJUQ: Trying to connect to employee handle..
13:02:07.541 [main] INFO com.iluwatar.commander.Commander - Order IGQ5R24CX5HW: Shipping placed successfully, transaction id: 918Y9BRCH4UK
13:02:07.541 [Thread-108] INFO com.iluwatar.commander.Commander - Order 1Y5K75DESJUQ: Added order to employee database
13:02:07.541 [Thread-107] DEBUG com.iluwatar.commander.Commander - Order I4L1321QIBGU: Trying to connect to employee handle..
13:02:07.541 [main] INFO com.iluwatar.commander.Commander - Order has been placed and will be shipped to you. Please wait while we make your payment... 
13:02:07.541 [Thread-109] INFO com.iluwatar.commander.Commander - Order I4L1321QIBGU: Added order to employee database
13:02:07.542 [Thread-111] DEBUG com.iluwatar.commander.Commander - Order IGQ5R24CX5HW: Error in connecting to payment service, trying again..
13:02:07.542 [Thread-111] INFO com.iluwatar.commander.Commander - There was an error in payment. We are on it, and will get back to you asap. Don't worry, your order has been placed and will be shipped.
13:02:07.542 [main] INFO com.iluwatar.commander.Commander - Order IGQ5R24CX5HW: Shipping placed successfully, transaction id: 7IR4YYMTF8YA
13:02:07.542 [main] INFO com.iluwatar.commander.Commander - Order has been placed and will be shipped to you. Please wait while we make your payment... 
13:02:07.542 [Thread-111] WARN com.iluwatar.commander.Commander - Order IGQ5R24CX5HW: Payment error, going to queue..
13:02:07.542 [Thread-110] WARN com.iluwatar.commander.Commander - Order L4NNRBPNB1T8: Error in connecting to employee handle, trying again..
13:02:07.542 [main] INFO com.iluwatar.commander.Commander - Order IGQ5R24CX5HW: Shipping placed successfully, transaction id: NR276BX43YU5
13:02:07.542 [main] INFO com.iluwatar.commander.Commander - Order has been placed and will be shipped to you. Please wait while we make your payment... 
13:02:07.542 [Thread-116] DEBUG com.iluwatar.commander.Commander - Order IGQ5R24CX5HW: Error in connecting to payment service, trying again..
13:02:07.542 [Thread-116] WARN com.iluwatar.commander.Commander - Order IGQ5R24CX5HW: Payment error, going to queue..
13:02:07.542 [Thread-120] DEBUG com.iluwatar.commander.Commander - Order IGQ5R24CX5HW: Error in connecting to payment service, trying again..
13:02:07.542 [Thread-118] WARN com.iluwatar.commander.Commander - Order IGQ5R24CX5HW: Error in connecting to queue db, trying again..
13:02:07.542 [Thread-110] WARN com.iluwatar.commander.Commander - Order L4NNRBPNB1T8: Error in adding to employee db, trying to queue task..
13:02:07.542 [Thread-119] WARN com.iluwatar.commander.Commander - Order L4NNRBPNB1T8: Error in connecting to queue db, trying again..
13:02:07.542 [Thread-119] ERROR com.iluwatar.commander.Commander - Order L4NNRBPNB1T8: Unable to enqueue task of type EMPLOYEE_DB, trying to add to employee handle..
13:02:07.542 [Thread-117] INFO com.iluwatar.commander.messagingservice.MessagingService - Msg: There was an error in your payment process, we are working on it and will return back to you shortly. Meanwhile, your order has been placed and will be shipped.
13:02:07.542 [main] INFO com.iluwatar.commander.Commander - Order IGQ5R24CX5HW: Shipping placed successfully, transaction id: 5CM232UPBHWM
13:02:07.542 [Thread-120] WARN com.iluwatar.commander.Commander - Order IGQ5R24CX5HW: Payment error, going to queue..
13:02:07.542 [Thread-122] WARN com.iluwatar.commander.Commander - Order IGQ5R24CX5HW: Error in connecting to queue db, trying again..
13:02:07.542 [Thread-117] INFO com.iluwatar.commander.Commander - Order IGQ5R24CX5HW: Payment Error message sent successfully, request Id: 3GEF0VLTXILM
13:02:07.543 [Thread-118] ERROR com.iluwatar.commander.Commander - Order IGQ5R24CX5HW: Unable to enqueue payment task, payment failed..
13:02:07.543 [main] INFO com.iluwatar.commander.Commander - Order has been placed and will be shipped to you. Please wait while we make your payment... 
13:02:07.543 [Thread-124] WARN com.iluwatar.commander.Commander - Order L4NNRBPNB1T8: Error in connecting to employee handle, trying again..
13:02:07.543 [Thread-122] ERROR com.iluwatar.commander.Commander - Order IGQ5R24CX5HW: Unable to enqueue payment task, payment failed..
13:02:07.543 [Thread-118] ERROR com.iluwatar.commander.Commander - Order IGQ5R24CX5HW: Unable to enqueue task of type PAYMENT, trying to add to employee handle..
13:02:07.543 [Thread-122] ERROR com.iluwatar.commander.Commander - Order IGQ5R24CX5HW: Unable to enqueue task of type PAYMENT, trying to add to employee handle..
13:02:07.543 [Thread-124] WARN com.iluwatar.commander.Commander - Order L4NNRBPNB1T8: Error in adding to employee db, trying to queue task..
13:02:07.543 [Thread-128] WARN com.iluwatar.commander.Commander - Order L4NNRBPNB1T8: Error in connecting to queue db, trying again..
13:02:07.543 [Thread-128] ERROR com.iluwatar.commander.Commander - Order L4NNRBPNB1T8: Unable to enqueue task of type EMPLOYEE_DB, trying to add to employee handle..
13:02:07.543 [Thread-123] INFO com.iluwatar.commander.messagingservice.MessagingService - Msg: There was an error in your payment process. Your order is placed and has been converted to COD. Please reach us on CUSTOMER-CARE-NUBER in case of any queries. Thank you for shopping with us!
13:02:07.543 [Thread-126] INFO com.iluwatar.commander.messagingservice.MessagingService - Msg: There was an error in your payment process. Your order is placed and has been converted to COD. Please reach us on CUSTOMER-CARE-NUBER in case of any queries. Thank you for shopping with us!
13:02:07.543 [Thread-126] INFO com.iluwatar.commander.Commander - Order IGQ5R24CX5HW: Payment Failure message sent successfully, request Id: N37BL7MP2PPQ
13:02:07.543 [Thread-123] INFO com.iluwatar.commander.Commander - Order IGQ5R24CX5HW: Payment Failure message sent successfully, request Id: 4ZWZD5IMRK7F
13:02:07.543 [Thread-129] WARN com.iluwatar.commander.Commander - Order IGQ5R24CX5HW: Error in connecting to employee handle, trying again..
13:02:07.543 [Thread-131] WARN com.iluwatar.commander.Commander - Order L4NNRBPNB1T8: Error in connecting to employee handle, trying again..
13:02:07.543 [Thread-127] DEBUG com.iluwatar.commander.Commander - Order IGQ5R24CX5HW: Error in connecting to payment service, trying again..
13:02:07.543 [Thread-130] WARN com.iluwatar.commander.Commander - Order IGQ5R24CX5HW: Error in connecting to employee handle, trying again..
13:02:07.543 [Thread-131] WARN com.iluwatar.commander.Commander - Order L4NNRBPNB1T8: Error in adding to employee db, trying to queue task..
13:02:07.543 [main] INFO com.iluwatar.commander.Commander - Order Z7JXKPYJZ0EX: Shipping placed successfully, transaction id: 5LBHV8GNL9H1
13:02:07.543 [main] INFO com.iluwatar.commander.Commander - Order has been placed and will be shipped to you. Please wait while we make your payment... 
13:02:07.543 [Thread-129] WARN com.iluwatar.commander.Commander - Order IGQ5R24CX5HW: Error in adding to employee db, trying to queue task..
13:02:07.543 [Thread-133] INFO com.iluwatar.commander.Commander - Order L4NNRBPNB1T8: EMPLOYEE_DB task enqueued..
13:02:07.543 [Thread-130] WARN com.iluwatar.commander.Commander - Order IGQ5R24CX5HW: Error in adding to employee db, trying to queue task..
13:02:07.543 [Thread-132] WARN com.iluwatar.commander.Commander - Order IGQ5R24CX5HW: Error in connecting to queue db, trying again..
13:02:07.543 [main] INFO com.iluwatar.commander.Commander - Order Z7JXKPYJZ0EX: Shipping placed successfully, transaction id: POL4I31BA6AC
13:02:07.544 [main] INFO com.iluwatar.commander.Commander - Order has been placed and will be shipped to you. Please wait while we make your payment... 
13:02:07.544 [Thread-136] DEBUG com.iluwatar.commander.Commander - Order L4NNRBPNB1T8: Trying to connect to employee handle..
13:02:07.543 [Thread-135] DEBUG com.iluwatar.commander.Commander - Order Z7JXKPYJZ0EX: Error in connecting to payment service, trying again..
13:02:07.544 [Thread-135] INFO com.iluwatar.commander.Commander - There was an error in payment. We are on it, and will get back to you asap. Don't worry, your order has been placed and will be shipped.
13:02:07.544 [Thread-135] WARN com.iluwatar.commander.Commander - Order Z7JXKPYJZ0EX: Payment error, going to queue..
13:02:07.544 [Thread-138] DEBUG com.iluwatar.commander.Commander - Order Z7JXKPYJZ0EX: Error in connecting to payment service, trying again..
13:02:07.543 [Thread-134] WARN com.iluwatar.commander.Commander - Order IGQ5R24CX5HW: Error in connecting to queue db, trying again..
13:02:07.544 [Thread-134] ERROR com.iluwatar.commander.Commander - Order IGQ5R24CX5HW: Unable to enqueue task of type EMPLOYEE_DB, trying to add to employee handle..
13:02:07.544 [Thread-132] ERROR com.iluwatar.commander.Commander - Order IGQ5R24CX5HW: Unable to enqueue task of type EMPLOYEE_DB, trying to add to employee handle..
13:02:07.544 [main] INFO com.iluwatar.commander.Commander - Order Z7JXKPYJZ0EX: Shipping placed successfully, transaction id: PAA8TB1GYN7M
13:02:07.544 [main] INFO com.iluwatar.commander.Commander - Order has been placed and will be shipped to you. Please wait while we make your payment... 
13:02:07.544 [Thread-140] WARN com.iluwatar.commander.Commander - Order Z7JXKPYJZ0EX: Error in connecting to queue db, trying again..
13:02:07.544 [Thread-137] INFO com.iluwatar.commander.Commander - Order L4NNRBPNB1T8: Added order to employee database
13:02:07.544 [Thread-141] WARN com.iluwatar.commander.Commander - Order IGQ5R24CX5HW: Error in connecting to employee handle, trying again..
13:02:07.544 [Thread-142] WARN com.iluwatar.commander.Commander - Order IGQ5R24CX5HW: Error in connecting to employee handle, trying again..
13:02:07.544 [Thread-138] WARN com.iluwatar.commander.Commander - Order Z7JXKPYJZ0EX: Payment error, going to queue..
13:02:07.544 [Thread-139] INFO com.iluwatar.commander.messagingservice.MessagingService - Msg: There was an error in your payment process, we are working on it and will return back to you shortly. Meanwhile, your order has been placed and will be shipped.
13:02:07.544 [Thread-139] INFO com.iluwatar.commander.Commander - Order Z7JXKPYJZ0EX: Payment Error message sent successfully, request Id: FGH8R7H1HWKA
13:02:07.544 [main] INFO com.iluwatar.commander.Commander - Order Z7JXKPYJZ0EX: Shipping placed successfully, transaction id: PNWTOVI0BUHI
13:02:07.544 [main] INFO com.iluwatar.commander.Commander - Order has been placed and will be shipped to you. Please wait while we make your payment... 
13:02:07.544 [Thread-142] WARN com.iluwatar.commander.Commander - Order IGQ5R24CX5HW: Error in adding to employee db, trying to queue task..
13:02:07.544 [Thread-143] DEBUG com.iluwatar.commander.Commander - Order Z7JXKPYJZ0EX: Error in connecting to payment service, trying again..
13:02:07.544 [Thread-146] WARN com.iluwatar.commander.Commander - Order IGQ5R24CX5HW: Error in connecting to queue db, trying again..
13:02:07.544 [Thread-146] ERROR com.iluwatar.commander.Commander - Order IGQ5R24CX5HW: Unable to enqueue task of type EMPLOYEE_DB, trying to add to employee handle..
13:02:07.544 [Thread-141] WARN com.iluwatar.commander.Commander - Order IGQ5R24CX5HW: Error in adding to employee db, trying to queue task..
13:02:07.544 [main] INFO com.iluwatar.commander.Commander - Order J89NMTQ968YM: Shipping placed successfully, transaction id: Q4JGZH2JHE6S
13:02:07.544 [Thread-148] DEBUG com.iluwatar.commander.Commander - Order Z7JXKPYJZ0EX: Error in connecting to payment service, trying again..
13:02:07.544 [main] INFO com.iluwatar.commander.Commander - Order has been placed and will be shipped to you. Please wait while we make your payment... 
13:02:07.544 [Thread-140] ERROR com.iluwatar.commander.Commander - Order Z7JXKPYJZ0EX: Unable to enqueue payment task, payment failed..
13:02:07.545 [Thread-140] ERROR com.iluwatar.commander.Commander - Order Z7JXKPYJZ0EX: Unable to enqueue task of type PAYMENT, trying to add to employee handle..
13:02:07.545 [main] INFO com.iluwatar.commander.Commander - Order J89NMTQ968YM: Shipping placed successfully, transaction id: 9UJP8TO2CLYZ
13:02:07.545 [Thread-150] DEBUG com.iluwatar.commander.Commander - Order J89NMTQ968YM: Error in connecting to payment service, trying again..
13:02:07.545 [Thread-150] INFO com.iluwatar.commander.Commander - There was an error in payment. We are on it, and will get back to you asap. Don't worry, your order has been placed and will be shipped.
13:02:07.545 [main] INFO com.iluwatar.commander.Commander - Order has been placed and will be shipped to you. Please wait while we make your payment... 
13:02:07.545 [Thread-144] INFO com.iluwatar.commander.messagingservice.MessagingService - Msg: There was an error in your payment process. Your order is placed and has been converted to COD. Please reach us on CUSTOMER-CARE-NUBER in case of any queries. Thank you for shopping with us!
13:02:07.545 [Thread-144] INFO com.iluwatar.commander.Commander - Order Z7JXKPYJZ0EX: Payment Failure message sent successfully, request Id: ZC0UHR6E0LOF
13:02:07.545 [Thread-151] WARN com.iluwatar.commander.Commander - Order Z7JXKPYJZ0EX: Error in connecting to employee handle, trying again..
13:02:07.545 [Thread-149] WARN com.iluwatar.commander.Commander - Order IGQ5R24CX5HW: Error in connecting to employee handle, trying again..
13:02:07.545 [Thread-150] WARN com.iluwatar.commander.Commander - Order J89NMTQ968YM: Payment error, going to queue..
13:02:07.545 [Thread-145] WARN com.iluwatar.commander.Commander - Order IGQ5R24CX5HW: Error in connecting to queue db, trying again..
13:02:07.546 [Thread-152] DEBUG com.iluwatar.commander.Commander - Order J89NMTQ968YM: Error in connecting to payment service, trying again..
13:02:07.546 [Thread-152] WARN com.iluwatar.commander.Commander - Order J89NMTQ968YM: Payment error, going to queue..
13:02:07.545 [main] INFO com.iluwatar.commander.Commander - Order J89NMTQ968YM: Shipping placed successfully, transaction id: 145JRSK61TGU
13:02:07.546 [main] INFO com.iluwatar.commander.Commander - Order has been placed and will be shipped to you. Please wait while we make your payment... 
13:02:07.546 [Thread-145] ERROR com.iluwatar.commander.Commander - Order IGQ5R24CX5HW: Unable to enqueue task of type EMPLOYEE_DB, trying to add to employee handle..
13:02:07.546 [Thread-151] WARN com.iluwatar.commander.Commander - Order Z7JXKPYJZ0EX: Error in adding to employee db, trying to queue task..
13:02:07.546 [Thread-155] INFO com.iluwatar.commander.messagingservice.MessagingService - Msg: There was an error in your payment process, we are working on it and will return back to you shortly. Meanwhile, your order has been placed and will be shipped.
13:02:07.546 [Thread-155] INFO com.iluwatar.commander.Commander - Order J89NMTQ968YM: Payment Error message sent successfully, request Id: 0W2K9PSBPE0M
13:02:07.546 [Thread-149] WARN com.iluwatar.commander.Commander - Order IGQ5R24CX5HW: Error in adding to employee db, trying to queue task..
13:02:07.546 [Thread-157] WARN com.iluwatar.commander.Commander - Order J89NMTQ968YM: Error in connecting to queue db, trying again..
13:02:07.546 [Thread-153] WARN com.iluwatar.commander.Commander - Order Z7JXKPYJZ0EX: Error in connecting to queue db, trying again..
13:02:07.546 [Thread-153] ERROR com.iluwatar.commander.Commander - Order Z7JXKPYJZ0EX: Unable to enqueue task of type EMPLOYEE_DB, trying to add to employee handle..
13:02:07.546 [Thread-154] INFO com.iluwatar.commander.Commander - Order IGQ5R24CX5HW: EMPLOYEE_DB task enqueued..
13:02:07.546 [Thread-159] WARN com.iluwatar.commander.Commander - Order IGQ5R24CX5HW: Error in connecting to employee handle, trying again..
13:02:07.546 [main] INFO com.iluwatar.commander.Commander - Order J89NMTQ968YM: Shipping placed successfully, transaction id: 0JKFQWMW365A
13:02:07.546 [Thread-158] DEBUG com.iluwatar.commander.Commander - Order J89NMTQ968YM: Error in connecting to payment service, trying again..
13:02:07.546 [main] INFO com.iluwatar.commander.Commander - Order has been placed and will be shipped to you. Please wait while we make your payment... 
13:02:07.546 [Thread-162] DEBUG com.iluwatar.commander.Commander - Order IGQ5R24CX5HW: Trying to connect to employee handle..
13:02:07.546 [Thread-164] INFO com.iluwatar.commander.Commander - Order IGQ5R24CX5HW: Added order to employee database
13:02:07.548 [Thread-166] DEBUG com.iluwatar.commander.Commander - Order J89NMTQ968YM: Error in connecting to payment service, trying again..
13:02:07.548 [main] INFO com.iluwatar.commander.Commander - Order DZJ0B7G53RFG: Shipping placed successfully, transaction id: R8PWVS035G2K
13:02:07.548 [main] INFO com.iluwatar.commander.Commander - Order has been placed and will be shipped to you. Please wait while we make your payment... 
13:02:07.548 [main] INFO com.iluwatar.commander.Commander - Order DZJ0B7G53RFG: Shipping placed successfully, transaction id: MF2TIGVDD88G
13:02:07.548 [main] INFO com.iluwatar.commander.Commander - Order has been placed and will be shipped to you. Please wait while we make your payment... 
13:02:07.548 [Thread-168] DEBUG com.iluwatar.commander.Commander - Order DZJ0B7G53RFG: Error in connecting to payment service, trying again..
13:02:07.548 [Thread-168] INFO com.iluwatar.commander.Commander - There was an error in payment. We are on it, and will get back to you asap. Don't worry, your order has been placed and will be shipped.
13:02:07.548 [Thread-168] WARN com.iluwatar.commander.Commander - Order DZJ0B7G53RFG: Payment error, going to queue..
13:02:07.548 [Thread-170] DEBUG com.iluwatar.commander.Commander - Order DZJ0B7G53RFG: Error in connecting to payment service, trying again..
13:02:07.548 [Thread-159] WARN com.iluwatar.commander.Commander - Order IGQ5R24CX5HW: Error in adding to employee db, trying to queue task..
13:02:07.548 [main] INFO com.iluwatar.commander.Commander - Order DZJ0B7G53RFG: Shipping placed successfully, transaction id: A21QBUMTSF7R
13:02:07.548 [main] INFO com.iluwatar.commander.Commander - Order has been placed and will be shipped to you. Please wait while we make your payment... 
13:02:07.548 [Thread-163] INFO com.iluwatar.commander.Commander - Order IGQ5R24CX5HW: EMPLOYEE_DB task enqueued..
13:02:07.548 [Thread-170] WARN com.iluwatar.commander.Commander - Order DZJ0B7G53RFG: Payment error, going to queue..
13:02:07.548 [main] INFO com.iluwatar.commander.Commander - Order DZJ0B7G53RFG: Shipping placed successfully, transaction id: 4RCQAFZUPM0L
13:02:07.548 [Thread-175] INFO com.iluwatar.commander.messagingservice.MessagingService - Msg: There was an error in your payment process, we are working on it and will return back to you shortly. Meanwhile, your order has been placed and will be shipped.
13:02:07.548 [Thread-175] INFO com.iluwatar.commander.Commander - Order DZJ0B7G53RFG: Payment Error message sent successfully, request Id: BPZTWTZOOV0C
13:02:07.548 [Thread-176] WARN com.iluwatar.commander.Commander - Order DZJ0B7G53RFG: Error in connecting to queue db, trying again..
13:02:07.548 [Thread-173] DEBUG com.iluwatar.commander.Commander - Order DZJ0B7G53RFG: Error in connecting to payment service, trying again..
13:02:07.548 [main] INFO com.iluwatar.commander.Commander - Order has been placed and will be shipped to you. Please wait while we make your payment... 
13:02:07.549 [Thread-161] WARN com.iluwatar.commander.Commander - Order Z7JXKPYJZ0EX: Error in connecting to employee handle, trying again..
13:02:07.549 [Thread-161] WARN com.iluwatar.commander.Commander - Order Z7JXKPYJZ0EX: Error in adding to employee db, trying to queue task..
13:02:07.549 [Thread-179] WARN com.iluwatar.commander.Commander - Order Z7JXKPYJZ0EX: Error in connecting to queue db, trying again..
13:02:07.549 [Thread-179] ERROR com.iluwatar.commander.Commander - Order Z7JXKPYJZ0EX: Unable to enqueue task of type EMPLOYEE_DB, trying to add to employee handle..
13:02:07.549 [Thread-157] ERROR com.iluwatar.commander.Commander - Order J89NMTQ968YM: Unable to enqueue payment task, payment failed..
13:02:07.549 [Thread-157] ERROR com.iluwatar.commander.Commander - Order J89NMTQ968YM: Unable to enqueue task of type PAYMENT, trying to add to employee handle..
13:02:07.549 [Thread-160] INFO com.iluwatar.commander.messagingservice.MessagingService - Msg: There was an error in your payment process. Your order is placed and has been converted to COD. Please reach us on CUSTOMER-CARE-NUBER in case of any queries. Thank you for shopping with us!
13:02:07.549 [Thread-160] INFO com.iluwatar.commander.Commander - Order J89NMTQ968YM: Payment Failure message sent successfully, request Id: I3CKRDSI7ISV
13:02:07.549 [Thread-180] WARN com.iluwatar.commander.Commander - Order Z7JXKPYJZ0EX: Error in connecting to employee handle, trying again..
13:02:07.549 [Thread-180] WARN com.iluwatar.commander.Commander - Order Z7JXKPYJZ0EX: Error in adding to employee db, trying to queue task..
13:02:07.549 [Thread-178] DEBUG com.iluwatar.commander.Commander - Order DZJ0B7G53RFG: Error in connecting to payment service, trying again..
13:02:07.549 [Thread-184] WARN com.iluwatar.commander.Commander - Order Z7JXKPYJZ0EX: Error in connecting to queue db, trying again..
13:02:07.549 [main] INFO com.iluwatar.commander.Commander - Order IY0TUIF6PDEV: Shipping placed successfully, transaction id: 3UY9R67JMYFE
13:02:07.549 [Thread-184] ERROR com.iluwatar.commander.Commander - Order Z7JXKPYJZ0EX: Unable to enqueue task of type EMPLOYEE_DB, trying to add to employee handle..
13:02:07.549 [main] INFO com.iluwatar.commander.Commander - Order has been placed and will be shipped to you. Please wait while we make your payment... 
13:02:07.550 [Thread-185] WARN com.iluwatar.commander.Commander - Order Z7JXKPYJZ0EX: Error in connecting to employee handle, trying again..
13:02:07.550 [Thread-176] ERROR com.iluwatar.commander.Commander - Order DZJ0B7G53RFG: Unable to enqueue payment task, payment failed..
13:02:07.550 [Thread-176] ERROR com.iluwatar.commander.Commander - Order DZJ0B7G53RFG: Unable to enqueue task of type PAYMENT, trying to add to employee handle..
13:02:07.550 [Thread-188] WARN com.iluwatar.commander.Commander - Order DZJ0B7G53RFG: Error in connecting to employee handle, trying again..
13:02:07.550 [Thread-188] WARN com.iluwatar.commander.Commander - Order DZJ0B7G53RFG: Error in adding to employee db, trying to queue task..
13:02:07.550 [Thread-190] WARN com.iluwatar.commander.Commander - Order DZJ0B7G53RFG: Error in connecting to queue db, trying again..
13:02:07.550 [Thread-190] ERROR com.iluwatar.commander.Commander - Order DZJ0B7G53RFG: Unable to enqueue task of type EMPLOYEE_DB, trying to add to employee handle..
13:02:07.550 [Thread-191] WARN com.iluwatar.commander.Commander - Order DZJ0B7G53RFG: Error in connecting to employee handle, trying again..
13:02:07.551 [Thread-185] WARN com.iluwatar.commander.Commander - Order Z7JXKPYJZ0EX: Error in adding to employee db, trying to queue task..
13:02:07.551 [Thread-187] WARN com.iluwatar.commander.Commander - Order Z7JXKPYJZ0EX: Error in connecting to queue db, trying again..
13:02:07.551 [Thread-177] INFO com.iluwatar.commander.messagingservice.MessagingService - Msg: There was an error in your payment process. Your order is placed and has been converted to COD. Please reach us on CUSTOMER-CARE-NUBER in case of any queries. Thank you for shopping with us!
13:02:07.551 [Thread-177] INFO com.iluwatar.commander.Commander - Order DZJ0B7G53RFG: Payment Failure message sent successfully, request Id: KRH8UQIZCLXQ
13:02:07.551 [main] ERROR com.iluwatar.commander.Commander - Order IY0TUIF6PDEV: Payment time for order over, failed and returning..
13:02:07.551 [Thread-187] ERROR com.iluwatar.commander.Commander - Order Z7JXKPYJZ0EX: Unable to enqueue task of type EMPLOYEE_DB, trying to add to employee handle..
13:02:07.551 [Thread-196] WARN com.iluwatar.commander.Commander - Order Z7JXKPYJZ0EX: Error in connecting to employee handle, trying again..
13:02:07.551 [Thread-186] INFO com.iluwatar.commander.messagingservice.MessagingService - Msg: There was an error in your payment process. Your order is placed and has been converted to COD. Please reach us on CUSTOMER-CARE-NUBER in case of any queries. Thank you for shopping with us!
13:02:07.551 [Thread-196] WARN com.iluwatar.commander.Commander - Order Z7JXKPYJZ0EX: Error in adding to employee db, trying to queue task..
13:02:07.551 [main] INFO com.iluwatar.commander.Commander - Order IY0TUIF6PDEV: Shipping placed successfully, transaction id: 0O7RH64DH1RW
13:02:07.551 [Thread-197] WARN com.iluwatar.commander.Commander - Order Z7JXKPYJZ0EX: Error in connecting to queue db, trying again..
13:02:07.551 [Thread-186] INFO com.iluwatar.commander.Commander - Order IY0TUIF6PDEV: Payment Failure message sent successfully, request Id: VO5TM7YC8NCI
13:02:07.551 [main] INFO com.iluwatar.commander.Commander - Order has been placed and will be shipped to you. Please wait while we make your payment... 
13:02:07.551 [Thread-197] ERROR com.iluwatar.commander.Commander - Order Z7JXKPYJZ0EX: Unable to enqueue task of type EMPLOYEE_DB, trying to add to employee handle..
13:02:07.551 [Thread-183] WARN com.iluwatar.commander.Commander - Order J89NMTQ968YM: Error in connecting to employee handle, trying again..
13:02:07.551 [main] INFO com.iluwatar.commander.Commander - Order IY0TUIF6PDEV: Shipping placed successfully, transaction id: 7QPKN1QQ34SE
13:02:07.551 [main] INFO com.iluwatar.commander.Commander - Order has been placed and will be shipped to you. Please wait while we make your payment... 
13:02:07.551 [Thread-199] WARN com.iluwatar.commander.Commander - Order Z7JXKPYJZ0EX: Error in connecting to employee handle, trying again..
13:02:07.551 [main] INFO com.iluwatar.commander.Commander - Order IY0TUIF6PDEV: Shipping placed successfully, transaction id: BK1C3NCHKYQW
13:02:07.551 [main] INFO com.iluwatar.commander.Commander - Order has been placed and will be shipped to you. Please wait while we make your payment... 
13:02:07.551 [main] INFO com.iluwatar.commander.Commander - Order Z4NZ2UCEBWQR: Shipping placed successfully, transaction id: XMYUI6NP5GAE
13:02:07.551 [main] INFO com.iluwatar.commander.Commander - Order has been placed and will be shipped to you. Please wait while we make your payment... 
13:02:07.552 [Thread-191] WARN com.iluwatar.commander.Commander - Order DZJ0B7G53RFG: Error in adding to employee db, trying to queue task..
13:02:07.552 [Thread-194] WARN com.iluwatar.commander.Commander - Order DZJ0B7G53RFG: Error in connecting to queue db, trying again..
13:02:07.552 [Thread-194] ERROR com.iluwatar.commander.Commander - Order DZJ0B7G53RFG: Unable to enqueue task of type EMPLOYEE_DB, trying to add to employee handle..
13:02:07.552 [main] ERROR com.iluwatar.commander.Commander - Order Z4NZ2UCEBWQR: Payment time for order over, failed and returning..
13:02:07.552 [Thread-202] INFO com.iluwatar.commander.Commander - Order Z7JXKPYJZ0EX: EMPLOYEE_DB task enqueued..
13:02:07.552 [Thread-203] INFO com.iluwatar.commander.messagingservice.MessagingService - Msg: There was an error in your payment process. Your order is placed and has been converted to COD. Please reach us on CUSTOMER-CARE-NUBER in case of any queries. Thank you for shopping with us!
13:02:07.552 [main] INFO com.iluwatar.commander.Commander - Order Z4NZ2UCEBWQR: Shipping placed successfully, transaction id: 2GFDYUBO2DFI
13:02:07.552 [main] INFO com.iluwatar.commander.Commander - Order has been placed and will be shipped to you. Please wait while we make your payment... 
13:02:07.552 [Thread-203] INFO com.iluwatar.commander.Commander - Order Z4NZ2UCEBWQR: Payment Failure message sent successfully, request Id: SM7MMLVPGDZS
13:02:07.552 [main] INFO com.iluwatar.commander.Commander - Order Z4NZ2UCEBWQR: Shipping placed successfully, transaction id: GZK6V26O4P19
13:02:07.552 [Thread-183] WARN com.iluwatar.commander.Commander - Order J89NMTQ968YM: Error in adding to employee db, trying to queue task..
13:02:07.552 [Thread-205] DEBUG com.iluwatar.commander.Commander - Order Z7JXKPYJZ0EX: Trying to connect to employee handle..
13:02:07.552 [Thread-200] WARN com.iluwatar.commander.Commander - Order J89NMTQ968YM: Error in connecting to queue db, trying again..
13:02:07.552 [Thread-200] ERROR com.iluwatar.commander.Commander - Order J89NMTQ968YM: Unable to enqueue task of type EMPLOYEE_DB, trying to add to employee handle..
13:02:07.552 [Thread-199] WARN com.iluwatar.commander.Commander - Order Z7JXKPYJZ0EX: Error in adding to employee db, trying to queue task..
13:02:07.552 [Thread-204] WARN com.iluwatar.commander.Commander - Order DZJ0B7G53RFG: Error in connecting to employee handle, trying again..
13:02:07.552 [main] INFO com.iluwatar.commander.Commander - Order has been placed and will be shipped to you. Please wait while we make your payment... 
13:02:07.552 [Thread-206] INFO com.iluwatar.commander.Commander - Order Z7JXKPYJZ0EX: Added order to employee database
13:02:07.552 [Thread-208] WARN com.iluwatar.commander.Commander - Order J89NMTQ968YM: Error in connecting to employee handle, trying again..
13:02:07.552 [main] INFO com.iluwatar.commander.Commander - Order Z4NZ2UCEBWQR: Shipping placed successfully, transaction id: TZ89KGLPM2WF
13:02:07.552 [main] INFO com.iluwatar.commander.Commander - Order has been placed and will be shipped to you. Please wait while we make your payment... 
13:02:07.552 [Thread-204] WARN com.iluwatar.commander.Commander - Order DZJ0B7G53RFG: Error in adding to employee db, trying to queue task..
13:02:07.552 [Thread-211] WARN com.iluwatar.commander.Commander - Order DZJ0B7G53RFG: Error in connecting to queue db, trying again..
13:02:07.553 [main] INFO com.iluwatar.commander.Commander - Order 5NEDJ1NOFW98: Shipping placed successfully, transaction id: 9WTQYXWH89JM
13:02:07.553 [Thread-208] WARN com.iluwatar.commander.Commander - Order J89NMTQ968YM: Error in adding to employee db, trying to queue task..
13:02:07.553 [Thread-211] ERROR com.iluwatar.commander.Commander - Order DZJ0B7G53RFG: Unable to enqueue task of type EMPLOYEE_DB, trying to add to employee handle..
13:02:07.553 [Thread-213] WARN com.iluwatar.commander.Commander - Order J89NMTQ968YM: Error in connecting to queue db, trying again..
13:02:07.553 [main] INFO com.iluwatar.commander.Commander - Order has been placed and will be shipped to you. Please wait while we make your payment... 
13:02:07.553 [Thread-213] ERROR com.iluwatar.commander.Commander - Order J89NMTQ968YM: Unable to enqueue task of type EMPLOYEE_DB, trying to add to employee handle..
13:02:07.553 [Thread-214] WARN com.iluwatar.commander.Commander - Order DZJ0B7G53RFG: Error in connecting to employee handle, trying again..
13:02:07.553 [Thread-214] WARN com.iluwatar.commander.Commander - Order DZJ0B7G53RFG: Error in adding to employee db, trying to queue task..
13:02:07.553 [Thread-216] WARN com.iluwatar.commander.Commander - Order J89NMTQ968YM: Error in connecting to employee handle, trying again..
13:02:07.553 [Thread-217] WARN com.iluwatar.commander.Commander - Order DZJ0B7G53RFG: Error in connecting to queue db, trying again..
13:02:07.553 [Thread-217] ERROR com.iluwatar.commander.Commander - Order DZJ0B7G53RFG: Unable to enqueue task of type EMPLOYEE_DB, trying to add to employee handle..
13:02:07.553 [Thread-216] WARN com.iluwatar.commander.Commander - Order J89NMTQ968YM: Error in adding to employee db, trying to queue task..
13:02:07.553 [Thread-218] WARN com.iluwatar.commander.Commander - Order J89NMTQ968YM: Error in connecting to queue db, trying again..
13:02:07.553 [Thread-218] ERROR com.iluwatar.commander.Commander - Order J89NMTQ968YM: Unable to enqueue task of type EMPLOYEE_DB, trying to add to employee handle..
13:02:07.553 [main] ERROR com.iluwatar.commander.Commander - Order 5NEDJ1NOFW98: Payment time for order over, failed and returning..
13:02:07.553 [main] INFO com.iluwatar.commander.Commander - Order 5NEDJ1NOFW98: Shipping placed successfully, transaction id: PNNPOCSB5BGY
13:02:07.553 [main] INFO com.iluwatar.commander.Commander - Order has been placed and will be shipped to you. Please wait while we make your payment... 
13:02:07.553 [Thread-215] INFO com.iluwatar.commander.messagingservice.MessagingService - Msg: There was an error in your payment process. Your order is placed and has been converted to COD. Please reach us on CUSTOMER-CARE-NUBER in case of any queries. Thank you for shopping with us!
13:02:07.553 [main] INFO com.iluwatar.commander.Commander - Order 5NEDJ1NOFW98: Shipping placed successfully, transaction id: NMBEW3U5DTW1
13:02:07.553 [Thread-215] INFO com.iluwatar.commander.Commander - Order 5NEDJ1NOFW98: Payment Failure message sent successfully, request Id: KQ9JGSBHX8C1
13:02:07.553 [Thread-220] WARN com.iluwatar.commander.Commander - Order J89NMTQ968YM: Error in connecting to employee handle, trying again..
13:02:07.553 [main] INFO com.iluwatar.commander.Commander - Order has been placed and will be shipped to you. Please wait while we make your payment... 
13:02:07.553 [Thread-219] WARN com.iluwatar.commander.Commander - Order DZJ0B7G53RFG: Error in connecting to employee handle, trying again..
13:02:07.553 [Thread-220] WARN com.iluwatar.commander.Commander - Order J89NMTQ968YM: Error in adding to employee db, trying to queue task..
13:02:07.553 [main] INFO com.iluwatar.commander.Commander - Order 5NEDJ1NOFW98: Shipping placed successfully, transaction id: AS4RXJCLI302
13:02:07.553 [main] INFO com.iluwatar.commander.Commander - Order has been placed and will be shipped to you. Please wait while we make your payment... 
13:02:07.553 [Thread-221] WARN com.iluwatar.commander.Commander - Order J89NMTQ968YM: Error in connecting to queue db, trying again..
13:02:07.553 [Thread-221] ERROR com.iluwatar.commander.Commander - Order J89NMTQ968YM: Unable to enqueue task of type EMPLOYEE_DB, trying to add to employee handle..
13:02:07.553 [Thread-219] WARN com.iluwatar.commander.Commander - Order DZJ0B7G53RFG: Error in adding to employee db, trying to queue task..
13:02:07.553 [main] INFO com.iluwatar.commander.Commander - Order L82C6QDKWRO4: Shipping placed successfully, transaction id: SZR9W6O9PSK3
13:02:07.553 [main] INFO com.iluwatar.commander.Commander - Order has been placed and will be shipped to you. Please wait while we make your payment... 
13:02:07.553 [Thread-222] WARN com.iluwatar.commander.Commander - Order DZJ0B7G53RFG: Error in connecting to queue db, trying again..
13:02:07.553 [Thread-222] ERROR com.iluwatar.commander.Commander - Order DZJ0B7G53RFG: Unable to enqueue task of type EMPLOYEE_DB, trying to add to employee handle..
13:02:07.553 [main] ERROR com.iluwatar.commander.Commander - Order L82C6QDKWRO4: Payment time for order over, failed and returning..
13:02:07.553 [main] INFO com.iluwatar.commander.Commander - Order L82C6QDKWRO4: Shipping placed successfully, transaction id: 09GPG6PWXEXI
13:02:07.553 [main] INFO com.iluwatar.commander.Commander - Order has been placed and will be shipped to you. Please wait while we make your payment... 
13:02:07.553 [Thread-225] WARN com.iluwatar.commander.Commander - Order DZJ0B7G53RFG: Error in connecting to employee handle, trying again..
13:02:07.553 [Thread-223] WARN com.iluwatar.commander.Commander - Order J89NMTQ968YM: Error in connecting to employee handle, trying again..
13:02:07.553 [Thread-225] WARN com.iluwatar.commander.Commander - Order DZJ0B7G53RFG: Error in adding to employee db, trying to queue task..
13:02:07.553 [Thread-224] INFO com.iluwatar.commander.messagingservice.MessagingService - Msg: There was an error in your payment process. Your order is placed and has been converted to COD. Please reach us on CUSTOMER-CARE-NUBER in case of any queries. Thank you for shopping with us!
13:02:07.553 [Thread-226] INFO com.iluwatar.commander.Commander - Order DZJ0B7G53RFG: EMPLOYEE_DB task enqueued..
13:02:07.553 [main] INFO com.iluwatar.commander.Commander - Order L82C6QDKWRO4: Shipping placed successfully, transaction id: JRAD1BHTIFLW
13:02:07.553 [Thread-224] INFO com.iluwatar.commander.Commander - Order L82C6QDKWRO4: Payment Failure message sent successfully, request Id: OIXR5ZPJUXM3
13:02:07.554 [main] INFO com.iluwatar.commander.Commander - Order has been placed and will be shipped to you. Please wait while we make your payment... 
13:02:07.554 [Thread-227] WARN com.iluwatar.commander.Commander - Order J89NMTQ968YM: Error in connecting to queue db, trying again..
13:02:07.554 [Thread-223] WARN com.iluwatar.commander.Commander - Order J89NMTQ968YM: Error in adding to employee db, trying to queue task..
13:02:07.554 [Thread-227] ERROR com.iluwatar.commander.Commander - Order J89NMTQ968YM: Unable to enqueue task of type EMPLOYEE_DB, trying to add to employee handle..
13:02:07.554 [main] INFO com.iluwatar.commander.Commander - Order L82C6QDKWRO4: Shipping placed successfully, transaction id: KJ7MC5JOT8SY
13:02:07.554 [main] INFO com.iluwatar.commander.Commander - Order has been placed and will be shipped to you. Please wait while we make your payment... 
13:02:07.554 [Thread-230] WARN com.iluwatar.commander.Commander - Order J89NMTQ968YM: Error in connecting to employee handle, trying again..
13:02:07.554 [main] INFO com.iluwatar.commander.Commander - Order 7I0ZRIPM1MT4: Shipping placed successfully, transaction id: ZQQP4QQ1BWDC
13:02:07.554 [main] INFO com.iluwatar.commander.Commander - Order has been placed and will be shipped to you. Please wait while we make your payment... 
13:02:07.554 [Thread-230] WARN com.iluwatar.commander.Commander - Order J89NMTQ968YM: Error in adding to employee db, trying to queue task..
13:02:07.554 [Thread-232] INFO com.iluwatar.commander.Commander - Order J89NMTQ968YM: EMPLOYEE_DB task enqueued..
13:02:07.554 [main] ERROR com.iluwatar.commander.Commander - Order 7I0ZRIPM1MT4: Payment time for order over, failed and returning..
13:02:07.554 [main] INFO com.iluwatar.commander.Commander - Order 7I0ZRIPM1MT4: Shipping placed successfully, transaction id: EV1CIJH2MEQK
13:02:07.554 [main] INFO com.iluwatar.commander.Commander - Order has been placed and will be shipped to you. Please wait while we make your payment... 
13:02:07.554 [Thread-233] INFO com.iluwatar.commander.messagingservice.MessagingService - Msg: There was an error in your payment process. Your order is placed and has been converted to COD. Please reach us on CUSTOMER-CARE-NUBER in case of any queries. Thank you for shopping with us!
13:02:07.554 [Thread-233] INFO com.iluwatar.commander.Commander - Order 7I0ZRIPM1MT4: Payment Failure message sent successfully, request Id: 2XQ54DG5XARK
13:02:07.554 [main] INFO com.iluwatar.commander.Commander - Order 7I0ZRIPM1MT4: Shipping placed successfully, transaction id: GAFQZWZRB40F
13:02:07.554 [main] INFO com.iluwatar.commander.Commander - Order has been placed and will be shipped to you. Please wait while we make your payment... 
13:02:07.554 [main] INFO com.iluwatar.commander.Commander - Order 7I0ZRIPM1MT4: Shipping placed successfully, transaction id: GB9GOXEKBB6L
13:02:07.554 [main] INFO com.iluwatar.commander.Commander - Order has been placed and will be shipped to you. Please wait while we make your payment... 
13:02:07.554 [main] INFO com.iluwatar.commander.Commander - Order GUEM862NJDNQ: Shipping placed successfully, transaction id: ZP84DK02A80K
13:02:07.554 [main] INFO com.iluwatar.commander.Commander - Order has been placed and will be shipped to you. Please wait while we make your payment... 
13:02:07.554 [main] ERROR com.iluwatar.commander.Commander - Order GUEM862NJDNQ: Payment time for order over, failed and returning..
13:02:07.554 [main] INFO com.iluwatar.commander.Commander - Order GUEM862NJDNQ: Shipping placed successfully, transaction id: 9SN2R2VUHT44
13:02:07.554 [main] INFO com.iluwatar.commander.Commander - Order has been placed and will be shipped to you. Please wait while we make your payment... 
13:02:07.554 [Thread-237] INFO com.iluwatar.commander.messagingservice.MessagingService - Msg: There was an error in your payment process. Your order is placed and has been converted to COD. Please reach us on CUSTOMER-CARE-NUBER in case of any queries. Thank you for shopping with us!
13:02:07.554 [Thread-237] INFO com.iluwatar.commander.Commander - Order GUEM862NJDNQ: Payment Failure message sent successfully, request Id: OOWY2OIMSRRP
13:02:07.554 [main] INFO com.iluwatar.commander.Commander - Order GUEM862NJDNQ: Shipping placed successfully, transaction id: GTZVSNVQKEZG
13:02:07.554 [main] INFO com.iluwatar.commander.Commander - Order has been placed and will be shipped to you. Please wait while we make your payment... 
13:02:07.554 [main] INFO com.iluwatar.commander.Commander - Order GUEM862NJDNQ: Shipping placed successfully, transaction id: 8PO9EDCU7JDS
13:02:07.554 [main] INFO com.iluwatar.commander.Commander - Order has been placed and will be shipped to you. Please wait while we make your payment... 
13:02:07.554 [main] INFO com.iluwatar.commander.Commander - Order NCSTE8HGKZB7: Shipping placed successfully, transaction id: AB4JO296R4SK
13:02:07.554 [main] INFO com.iluwatar.commander.Commander - Order has been placed and will be shipped to you. Please wait while we make your payment... 
13:02:07.555 [main] ERROR com.iluwatar.commander.Commander - Order NCSTE8HGKZB7: Payment time for order over, failed and returning..
13:02:07.555 [Thread-238] INFO com.iluwatar.commander.messagingservice.MessagingService - Msg: There was an error in your payment process. Your order is placed and has been converted to COD. Please reach us on CUSTOMER-CARE-NUBER in case of any queries. Thank you for shopping with us!
13:02:07.555 [Thread-238] INFO com.iluwatar.commander.Commander - Order NCSTE8HGKZB7: Payment Failure message sent successfully, request Id: W8IH74VFGS60
13:02:07.555 [main] INFO com.iluwatar.commander.Commander - Order NCSTE8HGKZB7: Shipping placed successfully, transaction id: 9Y8K7W6T9KNK
13:02:07.555 [main] INFO com.iluwatar.commander.Commander - Order has been placed and will be shipped to you. Please wait while we make your payment... 
13:02:07.555 [main] INFO com.iluwatar.commander.Commander - Order NCSTE8HGKZB7: Shipping placed successfully, transaction id: 8XUK6G5ZQBTI
13:02:07.555 [main] INFO com.iluwatar.commander.Commander - Order has been placed and will be shipped to you. Please wait while we make your payment... 
13:02:07.555 [main] INFO com.iluwatar.commander.Commander - Order NCSTE8HGKZB7: Shipping placed successfully, transaction id: EWV7JELLVX0K
13:02:07.555 [main] INFO com.iluwatar.commander.Commander - Order has been placed and will be shipped to you. Please wait while we make your payment... 
13:02:07.555 [main] INFO com.iluwatar.commander.Commander - Order C8Z2IRWZNOC6: Shipping placed successfully, transaction id: ZVGT6R8WP1CO
13:02:07.555 [main] INFO com.iluwatar.commander.Commander - Order has been placed and will be shipped to you. Please wait while we make your payment... 
13:02:07.555 [main] ERROR com.iluwatar.commander.Commander - Order C8Z2IRWZNOC6: Payment time for order over, failed and returning..
13:02:07.555 [Thread-239] INFO com.iluwatar.commander.messagingservice.MessagingService - Msg: There was an error in your payment process. Your order is placed and has been converted to COD. Please reach us on CUSTOMER-CARE-NUBER in case of any queries. Thank you for shopping with us!
13:02:07.555 [Thread-239] INFO com.iluwatar.commander.Commander - Order C8Z2IRWZNOC6: Payment Failure message sent successfully, request Id: C4GJDID083G4
13:02:07.555 [main] INFO com.iluwatar.commander.Commander - Order C8Z2IRWZNOC6: Shipping placed successfully, transaction id: VJ42SEX1F17T
13:02:07.555 [main] INFO com.iluwatar.commander.Commander - Order has been placed and will be shipped to you. Please wait while we make your payment... 
13:02:07.555 [main] INFO com.iluwatar.commander.Commander - Order C8Z2IRWZNOC6: Shipping placed successfully, transaction id: DHWSLRLMOBQ4
13:02:07.555 [main] INFO com.iluwatar.commander.Commander - Order has been placed and will be shipped to you. Please wait while we make your payment... 
13:02:07.555 [main] INFO com.iluwatar.commander.Commander - Order C8Z2IRWZNOC6: Shipping placed successfully, transaction id: NWL8SP4DRRPC
13:02:07.555 [main] INFO com.iluwatar.commander.Commander - Order has been placed and will be shipped to you. Please wait while we make your payment... 
13:02:07.555 [main] INFO com.iluwatar.commander.Commander - Order H3NXG85X7DH3: Shipping placed successfully, transaction id: JP3XVXKMT883
13:02:07.555 [main] INFO com.iluwatar.commander.Commander - Order has been placed and will be shipped to you. Please wait while we make your payment... 
13:02:07.555 [main] ERROR com.iluwatar.commander.Commander - Order H3NXG85X7DH3: Payment time for order over, failed and returning..
13:02:07.555 [Thread-240] INFO com.iluwatar.commander.messagingservice.MessagingService - Msg: There was an error in your payment process. Your order is placed and has been converted to COD. Please reach us on CUSTOMER-CARE-NUBER in case of any queries. Thank you for shopping with us!
13:02:07.555 [Thread-240] INFO com.iluwatar.commander.Commander - Order H3NXG85X7DH3: Payment Failure message sent successfully, request Id: SAOHO63WQQBG
13:02:07.555 [main] INFO com.iluwatar.commander.Commander - Order H3NXG85X7DH3: Shipping placed successfully, transaction id: O4X4G3N9B0LT
13:02:07.555 [main] INFO com.iluwatar.commander.Commander - Order has been placed and will be shipped to you. Please wait while we make your payment... 
13:02:07.555 [main] INFO com.iluwatar.commander.Commander - Order H3NXG85X7DH3: Shipping placed successfully, transaction id: X0FWJV69DSMI
13:02:07.555 [main] INFO com.iluwatar.commander.Commander - Order has been placed and will be shipped to you. Please wait while we make your payment... 
13:02:07.555 [main] INFO com.iluwatar.commander.Commander - Order H3NXG85X7DH3: Shipping placed successfully, transaction id: H72N92JXD14N
13:02:07.555 [main] INFO com.iluwatar.commander.Commander - Order has been placed and will be shipped to you. Please wait while we make your payment... 
13:02:07.556 [main] INFO com.iluwatar.commander.Commander - Order MOTT3UOLKMZL: Shipping placed successfully, transaction id: 2LSNRYTVMSNK
13:02:07.556 [main] INFO com.iluwatar.commander.Commander - Order has been placed and will be shipped to you. Please wait while we make your payment... 
13:02:07.556 [main] ERROR com.iluwatar.commander.Commander - Order MOTT3UOLKMZL: Payment time for order over, failed and returning..
13:02:07.556 [Thread-241] INFO com.iluwatar.commander.messagingservice.MessagingService - Msg: There was an error in your payment process. Your order is placed and has been converted to COD. Please reach us on CUSTOMER-CARE-NUBER in case of any queries. Thank you for shopping with us!
13:02:07.556 [Thread-241] INFO com.iluwatar.commander.Commander - Order MOTT3UOLKMZL: Payment Failure message sent successfully, request Id: 4HZCYQXIN2IY
13:02:07.556 [main] INFO com.iluwatar.commander.Commander - Order MOTT3UOLKMZL: Shipping placed successfully, transaction id: 4412NA48LJCO
13:02:07.556 [main] INFO com.iluwatar.commander.Commander - Order has been placed and will be shipped to you. Please wait while we make your payment... 
13:02:07.556 [main] INFO com.iluwatar.commander.Commander - Order MOTT3UOLKMZL: Shipping placed successfully, transaction id: 38KBTHZUCL6T
13:02:07.556 [main] INFO com.iluwatar.commander.Commander - Order has been placed and will be shipped to you. Please wait while we make your payment... 
13:02:07.556 [main] INFO com.iluwatar.commander.Commander - Order MOTT3UOLKMZL: Shipping placed successfully, transaction id: Z32WQU09FJOW
13:02:07.556 [main] INFO com.iluwatar.commander.Commander - Order has been placed and will be shipped to you. Please wait while we make your payment... 
13:02:07.556 [main] INFO com.iluwatar.commander.Commander - Order MAPPDNACQY8U: Shipping placed successfully, transaction id: IHT2E4FCF4DK
13:02:07.556 [main] INFO com.iluwatar.commander.Commander - Order has been placed and will be shipped to you. Please wait while we make your payment... 
13:02:07.556 [main] ERROR com.iluwatar.commander.Commander - Order MAPPDNACQY8U: Payment time for order over, failed and returning..
13:02:07.556 [main] INFO com.iluwatar.commander.Commander - Order MAPPDNACQY8U: Shipping placed successfully, transaction id: Z6W9Y78I0EJU
13:02:07.556 [main] INFO com.iluwatar.commander.Commander - Order has been placed and will be shipped to you. Please wait while we make your payment... 
13:02:07.556 [Thread-242] INFO com.iluwatar.commander.messagingservice.MessagingService - Msg: There was an error in your payment process. Your order is placed and has been converted to COD. Please reach us on CUSTOMER-CARE-NUBER in case of any queries. Thank you for shopping with us!
13:02:07.556 [Thread-242] INFO com.iluwatar.commander.Commander - Order MAPPDNACQY8U: Payment Failure message sent successfully, request Id: QMQTWW4HNOZC
13:02:07.556 [main] INFO com.iluwatar.commander.Commander - Order MAPPDNACQY8U: Shipping placed successfully, transaction id: 4NGR5NSFM836
13:02:07.556 [main] INFO com.iluwatar.commander.Commander - Order has been placed and will be shipped to you. Please wait while we make your payment... 
13:02:07.556 [main] INFO com.iluwatar.commander.Commander - Order MAPPDNACQY8U: Shipping placed successfully, transaction id: U1X8OWWVJ4PT
13:02:07.556 [main] INFO com.iluwatar.commander.Commander - Order has been placed and will be shipped to you. Please wait while we make your payment... 
13:02:07.556 [main] INFO com.iluwatar.commander.Commander - Order HQCP2L70X9UA: Shipping placed successfully, transaction id: 9Y3ZJXJPGVF4
13:02:07.556 [main] INFO com.iluwatar.commander.Commander - Order has been placed and will be shipped to you. Please wait while we make your payment... 
13:02:07.556 [main] ERROR com.iluwatar.commander.Commander - Order HQCP2L70X9UA: Payment time for order over, failed and returning..
13:02:07.556 [main] INFO com.iluwatar.commander.Commander - Order HQCP2L70X9UA: Shipping placed successfully, transaction id: R0ODAME5WJES
13:02:07.556 [main] INFO com.iluwatar.commander.Commander - Order has been placed and will be shipped to you. Please wait while we make your payment... 
13:02:07.556 [Thread-243] INFO com.iluwatar.commander.messagingservice.MessagingService - Msg: There was an error in your payment process. Your order is placed and has been converted to COD. Please reach us on CUSTOMER-CARE-NUBER in case of any queries. Thank you for shopping with us!
13:02:07.556 [Thread-243] INFO com.iluwatar.commander.Commander - Order HQCP2L70X9UA: Payment Failure message sent successfully, request Id: QCW2NHKIO8LJ
13:02:07.556 [main] INFO com.iluwatar.commander.Commander - Order HQCP2L70X9UA: Shipping placed successfully, transaction id: 42U6DSRZU3AN
13:02:07.556 [main] INFO com.iluwatar.commander.Commander - Order has been placed and will be shipped to you. Please wait while we make your payment... 
13:02:07.556 [main] INFO com.iluwatar.commander.Commander - Order HQCP2L70X9UA: Shipping placed successfully, transaction id: 783E2WS5U848
13:02:07.556 [main] INFO com.iluwatar.commander.Commander - Order has been placed and will be shipped to you. Please wait while we make your payment... 
]]></system-out>
  </testcase>
  <testcase name="testPlaceOrder" classname="com.iluwatar.commander.CommanderTest" time="0.025">
    <system-out><![CDATA[13:02:07.557 [main] DEBUG com.iluwatar.commander.Commander - Order R827AO46FLXN: Error in connecting to shipping service, trying again..
13:02:07.557 [main] INFO com.iluwatar.commander.Commander - Sorry, there was a problem in creating your order. Please try later.
13:02:07.557 [main] ERROR com.iluwatar.commander.Commander - Order R827AO46FLXN: Shipping service unavailable, order not placed..
13:02:07.557 [main] INFO com.iluwatar.commander.Commander - Order R827AO46FLXN: Shipping placed successfully, transaction id: QW9M9DMKRZ9P
13:02:07.557 [main] INFO com.iluwatar.commander.Commander - Order has been placed and will be shipped to you. Please wait while we make your payment... 
13:02:07.558 [main] INFO com.iluwatar.commander.Commander - Order R827AO46FLXN: Shipping placed successfully, transaction id: EOOIW40ADHK7
13:02:07.558 [main] INFO com.iluwatar.commander.Commander - Order has been placed and will be shipped to you. Please wait while we make your payment... 
13:02:07.560 [Thread-244] DEBUG com.iluwatar.commander.Commander - Order R827AO46FLXN: Error in connecting to payment service, trying again..
13:02:07.560 [Thread-244] WARN com.iluwatar.commander.Commander - Order R827AO46FLXN: Payment error, going to queue..
13:02:07.560 [main] INFO com.iluwatar.commander.Commander - Order R827AO46FLXN: Shipping placed successfully, transaction id: WK7P2W0JJKJ9
13:02:07.560 [main] INFO com.iluwatar.commander.Commander - Order has been placed and will be shipped to you. Please wait while we make your payment... 
13:02:07.560 [Thread-245] DEBUG com.iluwatar.commander.Commander - Order R827AO46FLXN: Error in connecting to payment service, trying again..
13:02:07.560 [Thread-245] WARN com.iluwatar.commander.Commander - Order R827AO46FLXN: Payment error, going to queue..
13:02:07.560 [Thread-246] DEBUG com.iluwatar.commander.Commander - Order R827AO46FLXN: Error in connecting to messaging service (Payment Error msg), trying again..
13:02:07.560 [Thread-247] DEBUG com.iluwatar.commander.Commander - Order R827AO46FLXN: Error in connecting to payment service, trying again..
13:02:07.560 [Thread-247] WARN com.iluwatar.commander.Commander - Order R827AO46FLXN: Payment error, going to queue..
13:02:07.560 [Thread-249] INFO com.iluwatar.commander.messagingservice.MessagingService - Msg: There was an error in your payment process, we are working on it and will return back to you shortly. Meanwhile, your order has been placed and will be shipped.
13:02:07.561 [Thread-251] WARN com.iluwatar.commander.Commander - Order R827AO46FLXN: Error in connecting to queue db, trying again..
13:02:07.561 [Thread-249] INFO com.iluwatar.commander.Commander - Order R827AO46FLXN: Payment Error message sent successfully, request Id: 5K0W3DDV0VPJ
13:02:07.561 [Thread-248] WARN com.iluwatar.commander.Commander - Order R827AO46FLXN: Error in connecting to queue db, trying again..
13:02:07.561 [main] DEBUG com.iluwatar.commander.Commander - Order JDYFJH9IMT9K: Error in connecting to shipping service, trying again..
13:02:07.561 [Thread-250] WARN com.iluwatar.commander.Commander - Order R827AO46FLXN: Error in connecting to queue db, trying again..
13:02:07.561 [Thread-246] WARN com.iluwatar.commander.Commander - Order R827AO46FLXN: Error in sending Payment Error message, trying to queue task and add to employee handle..
13:02:07.561 [Thread-251] ERROR com.iluwatar.commander.Commander - Order R827AO46FLXN: Unable to enqueue payment task, payment failed..
13:02:07.561 [Thread-251] ERROR com.iluwatar.commander.Commander - Order R827AO46FLXN: Unable to enqueue task of type PAYMENT, trying to add to employee handle..
13:02:07.561 [main] INFO com.iluwatar.commander.Commander - Sorry, there was a problem in creating your order. Please try later.
13:02:07.561 [Thread-250] ERROR com.iluwatar.commander.Commander - Order R827AO46FLXN: Unable to enqueue task of type Payment Error Message, trying to add to employee handle..
13:02:07.561 [main] ERROR com.iluwatar.commander.Commander - Order JDYFJH9IMT9K: Shipping service unavailable, order not placed..
13:02:07.561 [Thread-255] WARN com.iluwatar.commander.Commander - Order R827AO46FLXN: Error in connecting to employee handle, trying again..
13:02:07.561 [main] INFO com.iluwatar.commander.Commander - Order JDYFJH9IMT9K: Shipping placed successfully, transaction id: L6GNOTV8JVC4
13:02:07.561 [main] INFO com.iluwatar.commander.Commander - Order has been placed and will be shipped to you. Please wait while we make your payment... 
13:02:07.561 [Thread-257] WARN com.iluwatar.commander.Commander - Order R827AO46FLXN: Error in connecting to employee handle, trying again..
13:02:07.561 [Thread-257] WARN com.iluwatar.commander.Commander - Order R827AO46FLXN: Error in adding to employee db, trying to queue task..
13:02:07.561 [Thread-253] INFO com.iluwatar.commander.messagingservice.MessagingService - Msg: There was an error in your payment process. Your order is placed and has been converted to COD. Please reach us on CUSTOMER-CARE-NUBER in case of any queries. Thank you for shopping with us!
13:02:07.561 [Thread-256] WARN com.iluwatar.commander.Commander - Order R827AO46FLXN: Error in connecting to employee handle, trying again..
13:02:07.561 [Thread-248] ERROR com.iluwatar.commander.Commander - Order R827AO46FLXN: Unable to enqueue payment task, payment failed..
13:02:07.561 [Thread-253] INFO com.iluwatar.commander.Commander - Order R827AO46FLXN: Payment Failure message sent successfully, request Id: EFGG5GQ92MXZ
13:02:07.561 [Thread-260] WARN com.iluwatar.commander.Commander - Order R827AO46FLXN: Error in connecting to queue db, trying again..
13:02:07.561 [Thread-248] ERROR com.iluwatar.commander.Commander - Order R827AO46FLXN: Unable to enqueue task of type PAYMENT, trying to add to employee handle..
13:02:07.561 [Thread-259] DEBUG com.iluwatar.commander.Commander - Order JDYFJH9IMT9K: Error in connecting to payment service, trying again..
13:02:07.561 [Thread-259] WARN com.iluwatar.commander.Commander - Order JDYFJH9IMT9K: Payment error, going to queue..
13:02:07.561 [Thread-260] ERROR com.iluwatar.commander.Commander - Order R827AO46FLXN: Unable to enqueue task of type EMPLOYEE_DB, trying to add to employee handle..
13:02:07.561 [main] INFO com.iluwatar.commander.Commander - Order JDYFJH9IMT9K: Shipping placed successfully, transaction id: DF9OJXTN7YWA
13:02:07.562 [Thread-255] WARN com.iluwatar.commander.Commander - Order R827AO46FLXN: Error in adding to employee db, trying to queue task..
13:02:07.562 [main] INFO com.iluwatar.commander.Commander - Order has been placed and will be shipped to you. Please wait while we make your payment... 
13:02:07.562 [Thread-262] WARN com.iluwatar.commander.Commander - Order R827AO46FLXN: Error in connecting to employee handle, trying again..
13:02:07.562 [Thread-258] WARN com.iluwatar.commander.Commander - Order R827AO46FLXN: Error in connecting to queue db, trying again..
13:02:07.562 [Thread-258] ERROR com.iluwatar.commander.Commander - Order R827AO46FLXN: Unable to enqueue task of type EMPLOYEE_DB, trying to add to employee handle..
13:02:07.562 [Thread-264] WARN com.iluwatar.commander.Commander - Order R827AO46FLXN: Error in connecting to employee handle, trying again..
13:02:07.562 [Thread-263] DEBUG com.iluwatar.commander.Commander - Order JDYFJH9IMT9K: Error in connecting to messaging service (Payment Error msg), trying again..
13:02:07.562 [Thread-267] WARN com.iluwatar.commander.Commander - Order R827AO46FLXN: Error in connecting to employee handle, trying again..
13:02:07.562 [Thread-256] WARN com.iluwatar.commander.Commander - Order R827AO46FLXN: Error in adding to employee db, trying to queue task..
13:02:07.562 [Thread-261] WARN com.iluwatar.commander.Commander - Order R827AO46FLXN: Error in connecting to queue db, trying again..
13:02:07.562 [Thread-261] ERROR com.iluwatar.commander.Commander - Order R827AO46FLXN: Unable to enqueue task of type EMPLOYEE_DB, trying to add to employee handle..
13:02:07.562 [Thread-267] WARN com.iluwatar.commander.Commander - Order R827AO46FLXN: Error in adding to employee db, trying to queue task..
13:02:07.562 [Thread-271] INFO com.iluwatar.commander.Commander - Order R827AO46FLXN: EMPLOYEE_DB task enqueued..
13:02:07.562 [Thread-272] INFO com.iluwatar.commander.Commander - Order R827AO46FLXN: Added order to employee database
13:02:07.562 [Thread-263] WARN com.iluwatar.commander.Commander - Order JDYFJH9IMT9K: Error in sending Payment Error message, trying to queue task and add to employee handle..
13:02:07.562 [Thread-270] WARN com.iluwatar.commander.Commander - Order JDYFJH9IMT9K: Error in connecting to queue db, trying again..
13:02:07.562 [Thread-270] ERROR com.iluwatar.commander.Commander - Order JDYFJH9IMT9K: Unable to enqueue task of type Payment Error Message, trying to add to employee handle..
13:02:07.562 [Thread-264] WARN com.iluwatar.commander.Commander - Order R827AO46FLXN: Error in adding to employee db, trying to queue task..
13:02:07.562 [Thread-269] WARN com.iluwatar.commander.Commander - Order JDYFJH9IMT9K: Error in connecting to queue db, trying again..
13:02:07.562 [Thread-268] INFO com.iluwatar.commander.Commander - Order R827AO46FLXN: EMPLOYEE_DB task enqueued..
13:02:07.562 [main] INFO com.iluwatar.commander.Commander - Order JDYFJH9IMT9K: Shipping placed successfully, transaction id: FO0WBOP15OAQ
13:02:07.562 [main] INFO com.iluwatar.commander.Commander - Order has been placed and will be shipped to you. Please wait while we make your payment... 
13:02:07.562 [Thread-265] DEBUG com.iluwatar.commander.Commander - Order JDYFJH9IMT9K: Error in connecting to payment service, trying again..
13:02:07.562 [Thread-265] WARN com.iluwatar.commander.Commander - Order JDYFJH9IMT9K: Payment error, going to queue..
13:02:07.562 [Thread-262] WARN com.iluwatar.commander.Commander - Order R827AO46FLXN: Error in adding to employee db, trying to queue task..
13:02:07.562 [Thread-266] INFO com.iluwatar.commander.Commander - Order R827AO46FLXN: EMPLOYEE_DB task enqueued..
13:02:07.563 [Thread-278] DEBUG com.iluwatar.commander.Commander - Order JDYFJH9IMT9K: Error in connecting to payment service, trying again..
13:02:07.563 [Thread-269] ERROR com.iluwatar.commander.Commander - Order JDYFJH9IMT9K: Unable to enqueue payment task, payment failed..
13:02:07.563 [Thread-269] ERROR com.iluwatar.commander.Commander - Order JDYFJH9IMT9K: Unable to enqueue task of type PAYMENT, trying to add to employee handle..
13:02:07.563 [Thread-278] WARN com.iluwatar.commander.Commander - Order JDYFJH9IMT9K: Payment error, going to queue..
13:02:07.563 [main] DEBUG com.iluwatar.commander.Commander - Order BT94OOOI2ENG: Error in connecting to shipping service, trying again..
13:02:07.563 [main] INFO com.iluwatar.commander.Commander - Sorry, there was a problem in creating your order. Please try later.
13:02:07.563 [main] ERROR com.iluwatar.commander.Commander - Order BT94OOOI2ENG: Shipping service unavailable, order not placed..
13:02:07.563 [Thread-275] WARN com.iluwatar.commander.Commander - Order JDYFJH9IMT9K: Error in connecting to employee handle, trying again..
13:02:07.563 [Thread-276] INFO com.iluwatar.commander.messagingservice.MessagingService - Msg: There was an error in your payment process. Your order is placed and has been converted to COD. Please reach us on CUSTOMER-CARE-NUBER in case of any queries. Thank you for shopping with us!
13:02:07.563 [main] INFO com.iluwatar.commander.Commander - Order BT94OOOI2ENG: Shipping placed successfully, transaction id: METZVBK91OKA
13:02:07.563 [main] INFO com.iluwatar.commander.Commander - Order has been placed and will be shipped to you. Please wait while we make your payment... 
13:02:07.563 [Thread-276] INFO com.iluwatar.commander.Commander - Order JDYFJH9IMT9K: Payment Failure message sent successfully, request Id: 39SKFYF9Y2ZW
13:02:07.563 [Thread-274] WARN com.iluwatar.commander.Commander - Order JDYFJH9IMT9K: Error in connecting to employee handle, trying again..
13:02:07.563 [Thread-274] WARN com.iluwatar.commander.Commander - Order JDYFJH9IMT9K: Error in adding to employee db, trying to queue task..
13:02:07.563 [Thread-287] WARN com.iluwatar.commander.Commander - Order JDYFJH9IMT9K: Error in connecting to queue db, trying again..
13:02:07.563 [Thread-287] ERROR com.iluwatar.commander.Commander - Order JDYFJH9IMT9K: Unable to enqueue task of type EMPLOYEE_DB, trying to add to employee handle..
13:02:07.563 [main] INFO com.iluwatar.commander.Commander - Order BT94OOOI2ENG: Shipping placed successfully, transaction id: 5FOUZYMXJZQ8
13:02:07.563 [Thread-286] DEBUG com.iluwatar.commander.Commander - Order BT94OOOI2ENG: Error in connecting to payment service, trying again..
13:02:07.563 [Thread-275] WARN com.iluwatar.commander.Commander - Order JDYFJH9IMT9K: Error in adding to employee db, trying to queue task..
13:02:07.563 [main] INFO com.iluwatar.commander.Commander - Order has been placed and will be shipped to you. Please wait while we make your payment... 
13:02:07.563 [Thread-283] WARN com.iluwatar.commander.Commander - Order JDYFJH9IMT9K: Error in connecting to employee handle, trying again..
13:02:07.563 [Thread-285] WARN com.iluwatar.commander.Commander - Order JDYFJH9IMT9K: Error in connecting to queue db, trying again..
13:02:07.563 [Thread-286] WARN com.iluwatar.commander.Commander - Order BT94OOOI2ENG: Payment error, going to queue..
13:02:07.563 [Thread-285] ERROR com.iluwatar.commander.Commander - Order JDYFJH9IMT9K: Unable to enqueue task of type EMPLOYEE_DB, trying to add to employee handle..
13:02:07.563 [Thread-283] WARN com.iluwatar.commander.Commander - Order JDYFJH9IMT9K: Error in adding to employee db, trying to queue task..
13:02:07.563 [Thread-291] WARN com.iluwatar.commander.Commander - Order JDYFJH9IMT9K: Error in connecting to queue db, trying again..
13:02:07.563 [Thread-291] ERROR com.iluwatar.commander.Commander - Order JDYFJH9IMT9K: Unable to enqueue task of type EMPLOYEE_DB, trying to add to employee handle..
13:02:07.563 [Thread-289] WARN com.iluwatar.commander.Commander - Order JDYFJH9IMT9K: Error in connecting to employee handle, trying again..
13:02:07.563 [Thread-294] WARN com.iluwatar.commander.Commander - Order JDYFJH9IMT9K: Error in connecting to employee handle, trying again..
13:02:07.563 [Thread-289] WARN com.iluwatar.commander.Commander - Order JDYFJH9IMT9K: Error in adding to employee db, trying to queue task..
13:02:07.563 [Thread-295] WARN com.iluwatar.commander.Commander - Order JDYFJH9IMT9K: Error in connecting to queue db, trying again..
13:02:07.563 [Thread-295] ERROR com.iluwatar.commander.Commander - Order JDYFJH9IMT9K: Unable to enqueue task of type EMPLOYEE_DB, trying to add to employee handle..
13:02:07.563 [Thread-293] WARN com.iluwatar.commander.Commander - Order JDYFJH9IMT9K: Error in connecting to employee handle, trying again..
13:02:07.563 [Thread-292] DEBUG com.iluwatar.commander.Commander - Order BT94OOOI2ENG: Error in connecting to messaging service (Payment Error msg), trying again..
13:02:07.563 [Thread-298] WARN com.iluwatar.commander.Commander - Order BT94OOOI2ENG: Error in connecting to queue db, trying again..
13:02:07.563 [Thread-292] WARN com.iluwatar.commander.Commander - Order BT94OOOI2ENG: Error in sending Payment Error message, trying to queue task and add to employee handle..
13:02:07.563 [Thread-298] ERROR com.iluwatar.commander.Commander - Order BT94OOOI2ENG: Unable to enqueue payment task, payment failed..
13:02:07.563 [Thread-298] ERROR com.iluwatar.commander.Commander - Order BT94OOOI2ENG: Unable to enqueue task of type PAYMENT, trying to add to employee handle..
13:02:07.563 [Thread-300] WARN com.iluwatar.commander.Commander - Order BT94OOOI2ENG: Error in connecting to queue db, trying again..
13:02:07.563 [Thread-300] ERROR com.iluwatar.commander.Commander - Order BT94OOOI2ENG: Unable to enqueue task of type Payment Error Message, trying to add to employee handle..
13:02:07.563 [Thread-301] INFO com.iluwatar.commander.messagingservice.MessagingService - Msg: There was an error in your payment process. Your order is placed and has been converted to COD. Please reach us on CUSTOMER-CARE-NUBER in case of any queries. Thank you for shopping with us!
13:02:07.563 [Thread-301] INFO com.iluwatar.commander.Commander - Order BT94OOOI2ENG: Payment Failure message sent successfully, request Id: ZUK84NMSDX3L
13:02:07.563 [Thread-290] DEBUG com.iluwatar.commander.Commander - Order BT94OOOI2ENG: Error in connecting to payment service, trying again..
13:02:07.563 [main] INFO com.iluwatar.commander.Commander - Order BT94OOOI2ENG: Shipping placed successfully, transaction id: 70NWUU43WY2O
13:02:07.564 [main] INFO com.iluwatar.commander.Commander - Order has been placed and will be shipped to you. Please wait while we make your payment... 
13:02:07.564 [Thread-304] WARN com.iluwatar.commander.Commander - Order BT94OOOI2ENG: Error in connecting to employee handle, trying again..
13:02:07.564 [Thread-304] WARN com.iluwatar.commander.Commander - Order BT94OOOI2ENG: Error in adding to employee db, trying to queue task..
13:02:07.564 [Thread-303] WARN com.iluwatar.commander.Commander - Order BT94OOOI2ENG: Error in connecting to employee handle, trying again..
13:02:07.564 [Thread-306] WARN com.iluwatar.commander.Commander - Order BT94OOOI2ENG: Error in connecting to queue db, trying again..
13:02:07.564 [Thread-303] WARN com.iluwatar.commander.Commander - Order BT94OOOI2ENG: Error in adding to employee db, trying to queue task..
13:02:07.564 [Thread-306] ERROR com.iluwatar.commander.Commander - Order BT94OOOI2ENG: Unable to enqueue task of type EMPLOYEE_DB, trying to add to employee handle..
13:02:07.564 [Thread-307] WARN com.iluwatar.commander.Commander - Order BT94OOOI2ENG: Error in connecting to queue db, trying again..
13:02:07.564 [Thread-307] ERROR com.iluwatar.commander.Commander - Order BT94OOOI2ENG: Unable to enqueue task of type EMPLOYEE_DB, trying to add to employee handle..
13:02:07.564 [Thread-302] WARN com.iluwatar.commander.Commander - Order BT94OOOI2ENG: Error in connecting to employee handle, trying again..
13:02:07.564 [Thread-293] WARN com.iluwatar.commander.Commander - Order JDYFJH9IMT9K: Error in adding to employee db, trying to queue task..
13:02:07.564 [Thread-297] INFO com.iluwatar.commander.Commander - Order JDYFJH9IMT9K: Added order to employee database
13:02:07.564 [Thread-299] INFO com.iluwatar.commander.Commander - Order JDYFJH9IMT9K: EMPLOYEE_DB task enqueued..
13:02:07.564 [Thread-294] WARN com.iluwatar.commander.Commander - Order JDYFJH9IMT9K: Error in adding to employee db, trying to queue task..
13:02:07.564 [Thread-296] INFO com.iluwatar.commander.Commander - Order JDYFJH9IMT9K: EMPLOYEE_DB task enqueued..
13:02:07.564 [Thread-302] WARN com.iluwatar.commander.Commander - Order BT94OOOI2ENG: Error in adding to employee db, trying to queue task..
13:02:07.564 [Thread-310] WARN com.iluwatar.commander.Commander - Order BT94OOOI2ENG: Error in connecting to queue db, trying again..
13:02:07.564 [Thread-310] ERROR com.iluwatar.commander.Commander - Order BT94OOOI2ENG: Unable to enqueue task of type EMPLOYEE_DB, trying to add to employee handle..
13:02:07.564 [Thread-309] WARN com.iluwatar.commander.Commander - Order BT94OOOI2ENG: Error in connecting to employee handle, trying again..
13:02:07.564 [Thread-308] WARN com.iluwatar.commander.Commander - Order BT94OOOI2ENG: Error in connecting to employee handle, trying again..
13:02:07.564 [Thread-305] DEBUG com.iluwatar.commander.Commander - Order BT94OOOI2ENG: Error in connecting to payment service, trying again..
13:02:07.564 [Thread-308] WARN com.iluwatar.commander.Commander - Order BT94OOOI2ENG: Error in adding to employee db, trying to queue task..
13:02:07.564 [main] DEBUG com.iluwatar.commander.Commander - Order 3T0KGDBYGIAI: Error in connecting to shipping service, trying again..
13:02:07.564 [main] INFO com.iluwatar.commander.Commander - Sorry, there was a problem in creating your order. Please try later.
13:02:07.564 [main] ERROR com.iluwatar.commander.Commander - Order 3T0KGDBYGIAI: Shipping service unavailable, order not placed..
13:02:07.564 [Thread-316] WARN com.iluwatar.commander.Commander - Order BT94OOOI2ENG: Error in connecting to queue db, trying again..
13:02:07.564 [Thread-316] ERROR com.iluwatar.commander.Commander - Order BT94OOOI2ENG: Unable to enqueue task of type EMPLOYEE_DB, trying to add to employee handle..
13:02:07.564 [main] INFO com.iluwatar.commander.Commander - Order 3T0KGDBYGIAI: Shipping placed successfully, transaction id: 47PETWIKR84W
13:02:07.564 [Thread-309] WARN com.iluwatar.commander.Commander - Order BT94OOOI2ENG: Error in adding to employee db, trying to queue task..
13:02:07.564 [Thread-315] INFO com.iluwatar.commander.Commander - Order BT94OOOI2ENG: EMPLOYEE_DB task enqueued..
13:02:07.564 [main] INFO com.iluwatar.commander.Commander - Order has been placed and will be shipped to you. Please wait while we make your payment... 
13:02:07.564 [Thread-314] WARN com.iluwatar.commander.Commander - Order BT94OOOI2ENG: Error in connecting to employee handle, trying again..
13:02:07.564 [main] INFO com.iluwatar.commander.Commander - Order 3T0KGDBYGIAI: Shipping placed successfully, transaction id: SFIU6GXDGUMZ
13:02:07.564 [main] INFO com.iluwatar.commander.Commander - Order has been placed and will be shipped to you. Please wait while we make your payment... 
13:02:07.564 [Thread-319] DEBUG com.iluwatar.commander.Commander - Order 3T0KGDBYGIAI: Error in connecting to payment service, trying again..
13:02:07.564 [Thread-314] WARN com.iluwatar.commander.Commander - Order BT94OOOI2ENG: Error in adding to employee db, trying to queue task..
13:02:07.564 [Thread-319] WARN com.iluwatar.commander.Commander - Order 3T0KGDBYGIAI: Payment error, going to queue..
13:02:07.564 [Thread-320] INFO com.iluwatar.commander.Commander - Order BT94OOOI2ENG: EMPLOYEE_DB task enqueued..
13:02:07.564 [Thread-322] DEBUG com.iluwatar.commander.Commander - Order 3T0KGDBYGIAI: Error in connecting to messaging service (Payment Error msg), trying again..
13:02:07.564 [Thread-323] WARN com.iluwatar.commander.Commander - Order 3T0KGDBYGIAI: Error in connecting to queue db, trying again..
13:02:07.564 [Thread-323] ERROR com.iluwatar.commander.Commander - Order 3T0KGDBYGIAI: Unable to enqueue payment task, payment failed..
13:02:07.565 [Thread-323] ERROR com.iluwatar.commander.Commander - Order 3T0KGDBYGIAI: Unable to enqueue task of type PAYMENT, trying to add to employee handle..
13:02:07.565 [Thread-327] INFO com.iluwatar.commander.messagingservice.MessagingService - Msg: There was an error in your payment process. Your order is placed and has been converted to COD. Please reach us on CUSTOMER-CARE-NUBER in case of any queries. Thank you for shopping with us!
13:02:07.565 [Thread-327] INFO com.iluwatar.commander.Commander - Order 3T0KGDBYGIAI: Payment Failure message sent successfully, request Id: 925RP6YE5RQJ
13:02:07.565 [main] INFO com.iluwatar.commander.Commander - Order 3T0KGDBYGIAI: Shipping placed successfully, transaction id: JVYJ8OP5QGPU
13:02:07.565 [main] INFO com.iluwatar.commander.Commander - Order has been placed and will be shipped to you. Please wait while we make your payment... 
13:02:07.565 [Thread-321] DEBUG com.iluwatar.commander.Commander - Order 3T0KGDBYGIAI: Error in connecting to payment service, trying again..
13:02:07.565 [Thread-317] INFO com.iluwatar.commander.Commander - Order BT94OOOI2ENG: Added order to employee database
13:02:07.565 [Thread-318] DEBUG com.iluwatar.commander.Commander - Order BT94OOOI2ENG: Trying to connect to employee handle..
13:02:07.565 [Thread-330] DEBUG com.iluwatar.commander.Commander - Order 3T0KGDBYGIAI: Error in connecting to payment service, trying again..
13:02:07.565 [main] DEBUG com.iluwatar.commander.Commander - Order 6ANB4RQPIQGG: Error in connecting to shipping service, trying again..
13:02:07.565 [Thread-329] WARN com.iluwatar.commander.Commander - Order 3T0KGDBYGIAI: Error in connecting to employee handle, trying again..
13:02:07.565 [main] INFO com.iluwatar.commander.Commander - Sorry, there was a problem in creating your order. Please try later.
13:02:07.565 [Thread-324] DEBUG com.iluwatar.commander.Commander - Order BT94OOOI2ENG: Trying to connect to employee handle..
13:02:07.565 [main] ERROR com.iluwatar.commander.Commander - Order 6ANB4RQPIQGG: Shipping service unavailable, order not placed..
13:02:07.565 [Thread-322] WARN com.iluwatar.commander.Commander - Order 3T0KGDBYGIAI: Error in sending Payment Error message, trying to queue task and add to employee handle..
13:02:07.565 [main] INFO com.iluwatar.commander.Commander - Order 6ANB4RQPIQGG: Shipping placed successfully, transaction id: WZDXLA28LIR9
13:02:07.565 [main] INFO com.iluwatar.commander.Commander - Order has been placed and will be shipped to you. Please wait while we make your payment... 
13:02:07.565 [Thread-333] WARN com.iluwatar.commander.Commander - Order 3T0KGDBYGIAI: Error in connecting to employee handle, trying again..
13:02:07.565 [Thread-325] WARN com.iluwatar.commander.Commander - Order 3T0KGDBYGIAI: Error in connecting to queue db, trying again..
13:02:07.565 [Thread-329] WARN com.iluwatar.commander.Commander - Order 3T0KGDBYGIAI: Error in adding to employee db, trying to queue task..
13:02:07.565 [Thread-325] ERROR com.iluwatar.commander.Commander - Order 3T0KGDBYGIAI: Unable to enqueue task of type Payment Error Message, trying to add to employee handle..
13:02:07.565 [Thread-332] WARN com.iluwatar.commander.Commander - Order 3T0KGDBYGIAI: Error in connecting to queue db, trying again..
13:02:07.565 [Thread-332] ERROR com.iluwatar.commander.Commander - Order 3T0KGDBYGIAI: Unable to enqueue task of type EMPLOYEE_DB, trying to add to employee handle..
13:02:07.565 [Thread-336] WARN com.iluwatar.commander.Commander - Order 3T0KGDBYGIAI: Error in connecting to employee handle, trying again..
13:02:07.565 [Thread-337] WARN com.iluwatar.commander.Commander - Order 3T0KGDBYGIAI: Error in connecting to employee handle, trying again..
13:02:07.565 [Thread-337] WARN com.iluwatar.commander.Commander - Order 3T0KGDBYGIAI: Error in adding to employee db, trying to queue task..
13:02:07.565 [Thread-333] WARN com.iluwatar.commander.Commander - Order 3T0KGDBYGIAI: Error in adding to employee db, trying to queue task..
13:02:07.565 [Thread-335] WARN com.iluwatar.commander.Commander - Order 3T0KGDBYGIAI: Error in connecting to queue db, trying again..
13:02:07.565 [Thread-334] DEBUG com.iluwatar.commander.Commander - Order 6ANB4RQPIQGG: Error in connecting to payment service, trying again..
13:02:07.565 [Thread-334] WARN com.iluwatar.commander.Commander - Order 6ANB4RQPIQGG: Payment error, going to queue..
13:02:07.565 [Thread-335] ERROR com.iluwatar.commander.Commander - Order 3T0KGDBYGIAI: Unable to enqueue task of type EMPLOYEE_DB, trying to add to employee handle..
13:02:07.565 [Thread-336] WARN com.iluwatar.commander.Commander - Order 3T0KGDBYGIAI: Error in adding to employee db, trying to queue task..
13:02:07.565 [Thread-339] WARN com.iluwatar.commander.Commander - Order 3T0KGDBYGIAI: Error in connecting to queue db, trying again..
13:02:07.565 [main] INFO com.iluwatar.commander.Commander - Order 6ANB4RQPIQGG: Shipping placed successfully, transaction id: GNZ4XI0OSRB1
13:02:07.565 [Thread-339] ERROR com.iluwatar.commander.Commander - Order 3T0KGDBYGIAI: Unable to enqueue task of type EMPLOYEE_DB, trying to add to employee handle..
13:02:07.565 [Thread-338] WARN com.iluwatar.commander.Commander - Order 3T0KGDBYGIAI: Error in connecting to queue db, trying again..
13:02:07.565 [main] INFO com.iluwatar.commander.Commander - Order has been placed and will be shipped to you. Please wait while we make your payment... 
13:02:07.565 [Thread-338] ERROR com.iluwatar.commander.Commander - Order 3T0KGDBYGIAI: Unable to enqueue task of type EMPLOYEE_DB, trying to add to employee handle..
13:02:07.565 [Thread-341] WARN com.iluwatar.commander.Commander - Order 3T0KGDBYGIAI: Error in connecting to employee handle, trying again..
13:02:07.565 [Thread-340] DEBUG com.iluwatar.commander.Commander - Order 6ANB4RQPIQGG: Error in connecting to messaging service (Payment Error msg), trying again..
13:02:07.565 [Thread-344] WARN com.iluwatar.commander.Commander - Order 6ANB4RQPIQGG: Error in connecting to queue db, trying again..
13:02:07.566 [main] INFO com.iluwatar.commander.Commander - Order 6ANB4RQPIQGG: Shipping placed successfully, transaction id: O1WP0MIQSSHZ
13:02:07.566 [main] INFO com.iluwatar.commander.Commander - Order has been placed and will be shipped to you. Please wait while we make your payment... 
13:02:07.566 [Thread-343] DEBUG com.iluwatar.commander.Commander - Order 6ANB4RQPIQGG: Error in connecting to payment service, trying again..
13:02:07.566 [Thread-344] ERROR com.iluwatar.commander.Commander - Order 6ANB4RQPIQGG: Unable to enqueue payment task, payment failed..
13:02:07.566 [Thread-344] ERROR com.iluwatar.commander.Commander - Order 6ANB4RQPIQGG: Unable to enqueue task of type PAYMENT, trying to add to employee handle..
13:02:07.566 [Thread-348] INFO com.iluwatar.commander.messagingservice.MessagingService - Msg: There was an error in your payment process. Your order is placed and has been converted to COD. Please reach us on CUSTOMER-CARE-NUBER in case of any queries. Thank you for shopping with us!
13:02:07.566 [Thread-342] WARN com.iluwatar.commander.Commander - Order 3T0KGDBYGIAI: Error in connecting to employee handle, trying again..
13:02:07.566 [Thread-350] WARN com.iluwatar.commander.Commander - Order 6ANB4RQPIQGG: Error in connecting to employee handle, trying again..
13:02:07.566 [Thread-343] WARN com.iluwatar.commander.Commander - Order 6ANB4RQPIQGG: Payment error, going to queue..
13:02:07.566 [Thread-342] WARN com.iluwatar.commander.Commander - Order 3T0KGDBYGIAI: Error in adding to employee db, trying to queue task..
13:02:07.566 [Thread-352] WARN com.iluwatar.commander.Commander - Order 6ANB4RQPIQGG: Error in connecting to queue db, trying again..
13:02:07.566 [Thread-348] INFO com.iluwatar.commander.Commander - Order 6ANB4RQPIQGG: Payment Failure message sent successfully, request Id: YE729VY3UT8Q
13:02:07.566 [Thread-351] INFO com.iluwatar.commander.Commander - Order 3T0KGDBYGIAI: EMPLOYEE_DB task enqueued..
13:02:07.566 [Thread-350] WARN com.iluwatar.commander.Commander - Order 6ANB4RQPIQGG: Error in adding to employee db, trying to queue task..
13:02:07.566 [Thread-352] ERROR com.iluwatar.commander.Commander - Order 6ANB4RQPIQGG: Unable to enqueue task of type EMPLOYEE_DB, trying to add to employee handle..
13:02:07.566 [Thread-349] DEBUG com.iluwatar.commander.Commander - Order 6ANB4RQPIQGG: Error in connecting to payment service, trying again..
13:02:07.566 [main] DEBUG com.iluwatar.commander.Commander - Order H5QASH2EWWC6: Error in connecting to shipping service, trying again..
13:02:07.566 [main] INFO com.iluwatar.commander.Commander - Sorry, there was a problem in creating your order. Please try later.
13:02:07.566 [main] ERROR com.iluwatar.commander.Commander - Order H5QASH2EWWC6: Shipping service unavailable, order not placed..
13:02:07.566 [Thread-355] WARN com.iluwatar.commander.Commander - Order 6ANB4RQPIQGG: Error in connecting to employee handle, trying again..
13:02:07.566 [Thread-340] WARN com.iluwatar.commander.Commander - Order 6ANB4RQPIQGG: Error in sending Payment Error message, trying to queue task and add to employee handle..
13:02:07.566 [Thread-357] WARN com.iluwatar.commander.Commander - Order 6ANB4RQPIQGG: Error in connecting to queue db, trying again..
13:02:07.566 [main] INFO com.iluwatar.commander.Commander - Order H5QASH2EWWC6: Shipping placed successfully, transaction id: GOM8KU9FB4AH
13:02:07.566 [main] INFO com.iluwatar.commander.Commander - Order has been placed and will be shipped to you. Please wait while we make your payment... 
13:02:07.566 [Thread-347] WARN com.iluwatar.commander.Commander - Order 6ANB4RQPIQGG: Error in connecting to queue db, trying again..
13:02:07.566 [Thread-347] ERROR com.iluwatar.commander.Commander - Order 6ANB4RQPIQGG: Unable to enqueue task of type Payment Error Message, trying to add to employee handle..
13:02:07.566 [main] INFO com.iluwatar.commander.Commander - Order H5QASH2EWWC6: Shipping placed successfully, transaction id: A2388EZ6X65J
13:02:07.566 [Thread-341] WARN com.iluwatar.commander.Commander - Order 3T0KGDBYGIAI: Error in adding to employee db, trying to queue task..
13:02:07.566 [Thread-346] INFO com.iluwatar.commander.Commander - Order 3T0KGDBYGIAI: EMPLOYEE_DB task enqueued..
13:02:07.566 [Thread-345] INFO com.iluwatar.commander.Commander - Order 3T0KGDBYGIAI: Added order to employee database
13:02:07.566 [Thread-355] WARN com.iluwatar.commander.Commander - Order 6ANB4RQPIQGG: Error in adding to employee db, trying to queue task..
13:02:07.566 [Thread-358] WARN com.iluwatar.commander.Commander - Order 6ANB4RQPIQGG: Error in connecting to employee handle, trying again..
13:02:07.566 [Thread-357] ERROR com.iluwatar.commander.Commander - Order 6ANB4RQPIQGG: Unable to enqueue task of type EMPLOYEE_DB, trying to add to employee handle..
13:02:07.566 [main] INFO com.iluwatar.commander.Commander - Order has been placed and will be shipped to you. Please wait while we make your payment... 
13:02:07.566 [Thread-354] DEBUG com.iluwatar.commander.Commander - Order 3T0KGDBYGIAI: Trying to connect to employee handle..
13:02:07.566 [Thread-359] DEBUG com.iluwatar.commander.Commander - Order H5QASH2EWWC6: Error in connecting to payment service, trying again..
13:02:07.566 [Thread-359] WARN com.iluwatar.commander.Commander - Order H5QASH2EWWC6: Payment error, going to queue..
13:02:07.566 [Thread-360] WARN com.iluwatar.commander.Commander - Order 6ANB4RQPIQGG: Error in connecting to employee handle, trying again..
13:02:07.566 [main] INFO com.iluwatar.commander.Commander - Order H5QASH2EWWC6: Shipping placed successfully, transaction id: 35IWCXD8206P
13:02:07.566 [main] INFO com.iluwatar.commander.Commander - Order has been placed and will be shipped to you. Please wait while we make your payment... 
13:02:07.566 [Thread-360] WARN com.iluwatar.commander.Commander - Order 6ANB4RQPIQGG: Error in adding to employee db, trying to queue task..
13:02:07.566 [Thread-364] DEBUG com.iluwatar.commander.Commander - Order H5QASH2EWWC6: Error in connecting to payment service, trying again..
13:02:07.566 [Thread-364] WARN com.iluwatar.commander.Commander - Order H5QASH2EWWC6: Payment error, going to queue..
13:02:07.566 [Thread-367] WARN com.iluwatar.commander.Commander - Order 6ANB4RQPIQGG: Error in connecting to queue db, trying again..
13:02:07.566 [Thread-367] ERROR com.iluwatar.commander.Commander - Order 6ANB4RQPIQGG: Unable to enqueue task of type EMPLOYEE_DB, trying to add to employee handle..
13:02:07.566 [Thread-368] DEBUG com.iluwatar.commander.Commander - Order H5QASH2EWWC6: Error in connecting to payment service, trying again..
13:02:07.566 [Thread-368] WARN com.iluwatar.commander.Commander - Order H5QASH2EWWC6: Payment error, going to queue..
13:02:07.566 [main] DEBUG com.iluwatar.commander.Commander - Order UNRDI4G1QRLG: Error in connecting to shipping service, trying again..
13:02:07.566 [main] INFO com.iluwatar.commander.Commander - Sorry, there was a problem in creating your order. Please try later.
13:02:07.566 [main] ERROR com.iluwatar.commander.Commander - Order UNRDI4G1QRLG: Shipping service unavailable, order not placed..
13:02:07.567 [main] INFO com.iluwatar.commander.Commander - Order UNRDI4G1QRLG: Shipping placed successfully, transaction id: U8PF6Z1CJIUG
13:02:07.567 [main] INFO com.iluwatar.commander.Commander - Order has been placed and will be shipped to you. Please wait while we make your payment... 
13:02:07.567 [Thread-370] WARN com.iluwatar.commander.Commander - Order 6ANB4RQPIQGG: Error in connecting to employee handle, trying again..
13:02:07.567 [Thread-370] WARN com.iluwatar.commander.Commander - Order 6ANB4RQPIQGG: Error in adding to employee db, trying to queue task..
13:02:07.567 [Thread-371] DEBUG com.iluwatar.commander.Commander - Order H5QASH2EWWC6: Error in connecting to messaging service (Payment Error msg), trying again..
13:02:07.567 [Thread-373] WARN com.iluwatar.commander.Commander - Order 6ANB4RQPIQGG: Error in connecting to queue db, trying again..
13:02:07.567 [Thread-373] ERROR com.iluwatar.commander.Commander - Order 6ANB4RQPIQGG: Unable to enqueue task of type EMPLOYEE_DB, trying to add to employee handle..
13:02:07.567 [Thread-369] INFO com.iluwatar.commander.messagingservice.MessagingService - Msg: There was an error in your payment process, we are working on it and will return back to you shortly. Meanwhile, your order has been placed and will be shipped.
13:02:07.567 [Thread-369] INFO com.iluwatar.commander.Commander - Order H5QASH2EWWC6: Payment Error message sent successfully, request Id: TCWWFF9YLSP8
13:02:07.567 [Thread-376] WARN com.iluwatar.commander.Commander - Order H5QASH2EWWC6: Error in connecting to queue db, trying again..
13:02:07.567 [Thread-378] WARN com.iluwatar.commander.Commander - Order H5QASH2EWWC6: Error in connecting to queue db, trying again..
13:02:07.567 [Thread-358] WARN com.iluwatar.commander.Commander - Order 6ANB4RQPIQGG: Error in adding to employee db, trying to queue task..
13:02:07.567 [Thread-363] WARN com.iluwatar.commander.Commander - Order 6ANB4RQPIQGG: Error in connecting to employee handle, trying again..
13:02:07.567 [Thread-362] INFO com.iluwatar.commander.Commander - Order 6ANB4RQPIQGG: EMPLOYEE_DB task enqueued..
13:02:07.567 [Thread-363] WARN com.iluwatar.commander.Commander - Order 6ANB4RQPIQGG: Error in adding to employee db, trying to queue task..
13:02:07.567 [Thread-382] INFO com.iluwatar.commander.Commander - Order 6ANB4RQPIQGG: EMPLOYEE_DB task enqueued..
13:02:07.567 [Thread-384] DEBUG com.iluwatar.commander.Commander - Order 6ANB4RQPIQGG: Trying to connect to employee handle..
13:02:07.567 [Thread-387] INFO com.iluwatar.commander.Commander - Order 6ANB4RQPIQGG: Added order to employee database
13:02:07.567 [Thread-378] ERROR com.iluwatar.commander.Commander - Order H5QASH2EWWC6: Unable to enqueue payment task, payment failed..
13:02:07.567 [Thread-378] ERROR com.iluwatar.commander.Commander - Order H5QASH2EWWC6: Unable to enqueue task of type PAYMENT, trying to add to employee handle..
13:02:07.567 [Thread-376] ERROR com.iluwatar.commander.Commander - Order H5QASH2EWWC6: Unable to enqueue payment task, payment failed..
13:02:07.567 [Thread-376] ERROR com.iluwatar.commander.Commander - Order H5QASH2EWWC6: Unable to enqueue task of type PAYMENT, trying to add to employee handle..
13:02:07.567 [Thread-395] WARN com.iluwatar.commander.Commander - Order H5QASH2EWWC6: Error in connecting to employee handle, trying again..
13:02:07.568 [Thread-397] WARN com.iluwatar.commander.Commander - Order H5QASH2EWWC6: Error in connecting to employee handle, trying again..
13:02:07.568 [Thread-371] WARN com.iluwatar.commander.Commander - Order H5QASH2EWWC6: Error in sending Payment Error message, trying to queue task and add to employee handle..
13:02:07.568 [Thread-374] WARN com.iluwatar.commander.Commander - Order H5QASH2EWWC6: Error in connecting to queue db, trying again..
13:02:07.568 [Thread-375] WARN com.iluwatar.commander.Commander - Order H5QASH2EWWC6: Error in connecting to queue db, trying again..
13:02:07.568 [Thread-375] ERROR com.iluwatar.commander.Commander - Order H5QASH2EWWC6: Unable to enqueue task of type Payment Error Message, trying to add to employee handle..
13:02:07.568 [Thread-372] DEBUG com.iluwatar.commander.Commander - Order UNRDI4G1QRLG: Error in connecting to payment service, trying again..
13:02:07.568 [main] INFO com.iluwatar.commander.Commander - Order UNRDI4G1QRLG: Shipping placed successfully, transaction id: F459WIM4CHS6
13:02:07.568 [main] INFO com.iluwatar.commander.Commander - Order has been placed and will be shipped to you. Please wait while we make your payment... 
13:02:07.568 [Thread-372] WARN com.iluwatar.commander.Commander - Order UNRDI4G1QRLG: Payment error, going to queue..
13:02:07.568 [Thread-374] ERROR com.iluwatar.commander.Commander - Order H5QASH2EWWC6: Unable to enqueue payment task, payment failed..
13:02:07.568 [Thread-374] ERROR com.iluwatar.commander.Commander - Order H5QASH2EWWC6: Unable to enqueue task of type PAYMENT, trying to add to employee handle..
13:02:07.568 [main] ERROR com.iluwatar.commander.Commander - Order UNRDI4G1QRLG: Payment time for order over, failed and returning..
13:02:07.568 [Thread-403] DEBUG com.iluwatar.commander.Commander - Order UNRDI4G1QRLG: Error in connecting to messaging service (Payment Failure msg), trying again..
13:02:07.568 [main] INFO com.iluwatar.commander.Commander - Order UNRDI4G1QRLG: Shipping placed successfully, transaction id: 29537ZPXVZ9M
13:02:07.568 [main] INFO com.iluwatar.commander.Commander - Order has been placed and will be shipped to you. Please wait while we make your payment... 
13:02:07.568 [Thread-400] WARN com.iluwatar.commander.Commander - Order H5QASH2EWWC6: Error in connecting to employee handle, trying again..
13:02:07.568 [Thread-397] WARN com.iluwatar.commander.Commander - Order H5QASH2EWWC6: Error in adding to employee db, trying to queue task..
13:02:07.568 [Thread-399] WARN com.iluwatar.commander.Commander - Order H5QASH2EWWC6: Error in connecting to queue db, trying again..
13:02:07.568 [main] DEBUG com.iluwatar.commander.Commander - Order 9YKCTP686CJJ: Error in connecting to shipping service, trying again..
13:02:07.568 [main] INFO com.iluwatar.commander.Commander - Sorry, there was a problem in creating your order. Please try later.
13:02:07.568 [main] ERROR com.iluwatar.commander.Commander - Order 9YKCTP686CJJ: Shipping service unavailable, order not placed..
13:02:07.568 [Thread-399] ERROR com.iluwatar.commander.Commander - Order H5QASH2EWWC6: Unable to enqueue task of type EMPLOYEE_DB, trying to add to employee handle..
13:02:07.568 [Thread-395] WARN com.iluwatar.commander.Commander - Order H5QASH2EWWC6: Error in adding to employee db, trying to queue task..
13:02:07.568 [main] INFO com.iluwatar.commander.Commander - Order 9YKCTP686CJJ: Shipping placed successfully, transaction id: IDBFKFSDT7P1
13:02:07.568 [main] INFO com.iluwatar.commander.Commander - Order has been placed and will be shipped to you. Please wait while we make your payment... 
13:02:07.568 [Thread-380] INFO com.iluwatar.commander.messagingservice.MessagingService - Msg: There was an error in your payment process. Your order is placed and has been converted to COD. Please reach us on CUSTOMER-CARE-NUBER in case of any queries. Thank you for shopping with us!
13:02:07.568 [Thread-380] INFO com.iluwatar.commander.Commander - Order H5QASH2EWWC6: Payment Failure message sent successfully, request Id: 7M2KSN36JBFT
13:02:07.568 [Thread-379] INFO com.iluwatar.commander.messagingservice.MessagingService - Msg: There was an error in your payment process. Your order is placed and has been converted to COD. Please reach us on CUSTOMER-CARE-NUBER in case of any queries. Thank you for shopping with us!
13:02:07.568 [Thread-401] INFO com.iluwatar.commander.messagingservice.MessagingService - Msg: There was an error in your payment process. Your order is placed and has been converted to COD. Please reach us on CUSTOMER-CARE-NUBER in case of any queries. Thank you for shopping with us!
13:02:07.568 [Thread-379] INFO com.iluwatar.commander.Commander - Order H5QASH2EWWC6: Payment Failure message sent successfully, request Id: 0YFOGS4WME4A
13:02:07.568 [Thread-401] INFO com.iluwatar.commander.Commander - Order H5QASH2EWWC6: Payment Failure message sent successfully, request Id: G1B2XHGUG8YQ
13:02:07.568 [Thread-398] WARN com.iluwatar.commander.Commander - Order H5QASH2EWWC6: Error in connecting to queue db, trying again..
13:02:07.568 [Thread-398] ERROR com.iluwatar.commander.Commander - Order H5QASH2EWWC6: Unable to enqueue task of type EMPLOYEE_DB, trying to add to employee handle..
13:02:07.569 [main] INFO com.iluwatar.commander.Commander - Order 9YKCTP686CJJ: Shipping placed successfully, transaction id: NHYV2DHEHVAZ
13:02:07.569 [main] INFO com.iluwatar.commander.Commander - Order has been placed and will be shipped to you. Please wait while we make your payment... 
13:02:07.569 [Thread-409] DEBUG com.iluwatar.commander.Commander - Order 9YKCTP686CJJ: Error in connecting to payment service, trying again..
13:02:07.569 [Thread-409] WARN com.iluwatar.commander.Commander - Order 9YKCTP686CJJ: Payment error, going to queue..
13:02:07.569 [Thread-412] WARN com.iluwatar.commander.Commander - Order H5QASH2EWWC6: Error in connecting to employee handle, trying again..
13:02:07.569 [Thread-414] DEBUG com.iluwatar.commander.Commander - Order 9YKCTP686CJJ: Error in connecting to messaging service (Payment Error msg), trying again..
13:02:07.569 [Thread-408] WARN com.iluwatar.commander.Commander - Order H5QASH2EWWC6: Error in connecting to employee handle, trying again..
13:02:07.569 [Thread-400] WARN com.iluwatar.commander.Commander - Order H5QASH2EWWC6: Error in adding to employee db, trying to queue task..
13:02:07.569 [Thread-407] INFO com.iluwatar.commander.Commander - Order H5QASH2EWWC6: EMPLOYEE_DB task enqueued..
13:02:07.569 [Thread-403] WARN com.iluwatar.commander.Commander - Order UNRDI4G1QRLG: Error in sending Payment Failure message, trying to queue task and add to employee handle..
13:02:07.569 [Thread-406] WARN com.iluwatar.commander.Commander - Order UNRDI4G1QRLG: Error in connecting to queue db, trying again..
13:02:07.569 [Thread-406] ERROR com.iluwatar.commander.Commander - Order UNRDI4G1QRLG: Unable to enqueue task of type Payment Failure Message, trying to add to employee handle..
13:02:07.569 [Thread-405] WARN com.iluwatar.commander.Commander - Order H5QASH2EWWC6: Error in connecting to employee handle, trying again..
13:02:07.569 [Thread-402] INFO com.iluwatar.commander.Commander - Order H5QASH2EWWC6: Added order to employee database
13:02:07.569 [Thread-405] WARN com.iluwatar.commander.Commander - Order H5QASH2EWWC6: Error in adding to employee db, trying to queue task..
13:02:07.569 [Thread-421] INFO com.iluwatar.commander.Commander - Order H5QASH2EWWC6: EMPLOYEE_DB task enqueued..
13:02:07.569 [Thread-420] WARN com.iluwatar.commander.Commander - Order UNRDI4G1QRLG: Error in connecting to employee handle, trying again..
13:02:07.569 [Thread-419] WARN com.iluwatar.commander.Commander - Order UNRDI4G1QRLG: Error in connecting to employee handle, trying again..
13:02:07.570 [Thread-408] WARN com.iluwatar.commander.Commander - Order H5QASH2EWWC6: Error in adding to employee db, trying to queue task..
13:02:07.570 [Thread-417] INFO com.iluwatar.commander.Commander - Order H5QASH2EWWC6: EMPLOYEE_DB task enqueued..
13:02:07.570 [Thread-412] WARN com.iluwatar.commander.Commander - Order H5QASH2EWWC6: Error in adding to employee db, trying to queue task..
13:02:07.570 [Thread-416] INFO com.iluwatar.commander.Commander - Order H5QASH2EWWC6: EMPLOYEE_DB task enqueued..
13:02:07.570 [main] ERROR com.iluwatar.commander.Commander - Order 9YKCTP686CJJ: Payment time for order over, failed and returning..
13:02:07.570 [Thread-413] INFO com.iluwatar.commander.messagingservice.MessagingService - Msg: There was an error in your payment process. Your order is placed and has been converted to COD. Please reach us on CUSTOMER-CARE-NUBER in case of any queries. Thank you for shopping with us!
13:02:07.570 [Thread-413] INFO com.iluwatar.commander.Commander - Order 9YKCTP686CJJ: Payment Failure message sent successfully, request Id: ZHPZ01VHOMIY
13:02:07.570 [main] INFO com.iluwatar.commander.Commander - Order 9YKCTP686CJJ: Shipping placed successfully, transaction id: UJV4VNMDAO2D
13:02:07.570 [main] INFO com.iluwatar.commander.Commander - Order has been placed and will be shipped to you. Please wait while we make your payment... 
13:02:07.570 [main] DEBUG com.iluwatar.commander.Commander - Order 62F6YS4UQOW6: Error in connecting to shipping service, trying again..
13:02:07.570 [main] INFO com.iluwatar.commander.Commander - Sorry, there was a problem in creating your order. Please try later.
13:02:07.570 [main] ERROR com.iluwatar.commander.Commander - Order 62F6YS4UQOW6: Shipping service unavailable, order not placed..
13:02:07.570 [main] INFO com.iluwatar.commander.Commander - Order 62F6YS4UQOW6: Shipping placed successfully, transaction id: TB7D441LW7WF
13:02:07.570 [main] INFO com.iluwatar.commander.Commander - Order has been placed and will be shipped to you. Please wait while we make your payment... 
13:02:07.571 [Thread-419] WARN com.iluwatar.commander.Commander - Order UNRDI4G1QRLG: Error in adding to employee db, trying to queue task..
13:02:07.571 [Thread-424] WARN com.iluwatar.commander.Commander - Order UNRDI4G1QRLG: Error in connecting to queue db, trying again..
13:02:07.571 [Thread-424] ERROR com.iluwatar.commander.Commander - Order UNRDI4G1QRLG: Unable to enqueue task of type EMPLOYEE_DB, trying to add to employee handle..
13:02:07.571 [Thread-420] WARN com.iluwatar.commander.Commander - Order UNRDI4G1QRLG: Error in adding to employee db, trying to queue task..
13:02:07.571 [Thread-423] WARN com.iluwatar.commander.Commander - Order UNRDI4G1QRLG: Error in connecting to queue db, trying again..
13:02:07.571 [Thread-423] ERROR com.iluwatar.commander.Commander - Order UNRDI4G1QRLG: Unable to enqueue task of type EMPLOYEE_DB, trying to add to employee handle..
13:02:07.571 [Thread-431] WARN com.iluwatar.commander.Commander - Order UNRDI4G1QRLG: Error in connecting to employee handle, trying again..
13:02:07.571 [Thread-432] WARN com.iluwatar.commander.Commander - Order UNRDI4G1QRLG: Error in connecting to employee handle, trying again..
13:02:07.571 [Thread-431] WARN com.iluwatar.commander.Commander - Order UNRDI4G1QRLG: Error in adding to employee db, trying to queue task..
13:02:07.571 [Thread-434] WARN com.iluwatar.commander.Commander - Order UNRDI4G1QRLG: Error in connecting to queue db, trying again..
13:02:07.571 [Thread-434] ERROR com.iluwatar.commander.Commander - Order UNRDI4G1QRLG: Unable to enqueue task of type EMPLOYEE_DB, trying to add to employee handle..
13:02:07.571 [Thread-439] WARN com.iluwatar.commander.Commander - Order UNRDI4G1QRLG: Error in connecting to employee handle, trying again..
13:02:07.571 [Thread-432] WARN com.iluwatar.commander.Commander - Order UNRDI4G1QRLG: Error in adding to employee db, trying to queue task..
13:02:07.571 [Thread-435] WARN com.iluwatar.commander.Commander - Order UNRDI4G1QRLG: Error in connecting to queue db, trying again..
13:02:07.571 [Thread-435] ERROR com.iluwatar.commander.Commander - Order UNRDI4G1QRLG: Unable to enqueue task of type EMPLOYEE_DB, trying to add to employee handle..
13:02:07.571 [Thread-445] WARN com.iluwatar.commander.Commander - Order UNRDI4G1QRLG: Error in connecting to employee handle, trying again..
13:02:07.571 [main] ERROR com.iluwatar.commander.Commander - Order 62F6YS4UQOW6: Payment time for order over, failed and returning..
13:02:07.571 [Thread-430] DEBUG com.iluwatar.commander.Commander - Order 62F6YS4UQOW6: Error in connecting to messaging service (Payment Failure msg), trying again..
13:02:07.571 [main] INFO com.iluwatar.commander.Commander - Order 62F6YS4UQOW6: Shipping placed successfully, transaction id: QEI8GWWH69MH
13:02:07.571 [main] INFO com.iluwatar.commander.Commander - Order has been placed and will be shipped to you. Please wait while we make your payment... 
13:02:07.571 [main] INFO com.iluwatar.commander.Commander - Order 62F6YS4UQOW6: Shipping placed successfully, transaction id: 34OAJNOX8X6P
13:02:07.571 [main] INFO com.iluwatar.commander.Commander - Order has been placed and will be shipped to you. Please wait while we make your payment... 
13:02:07.571 [Thread-430] WARN com.iluwatar.commander.Commander - Order 62F6YS4UQOW6: Error in sending Payment Failure message, trying to queue task and add to employee handle..
13:02:07.571 [Thread-447] WARN com.iluwatar.commander.Commander - Order 62F6YS4UQOW6: Error in connecting to queue db, trying again..
13:02:07.571 [Thread-447] ERROR com.iluwatar.commander.Commander - Order 62F6YS4UQOW6: Unable to enqueue task of type Payment Failure Message, trying to add to employee handle..
13:02:07.571 [main] DEBUG com.iluwatar.commander.Commander - Order MCBLDY97WB3P: Error in connecting to shipping service, trying again..
13:02:07.571 [main] INFO com.iluwatar.commander.Commander - Sorry, there was a problem in creating your order. Please try later.
13:02:07.571 [main] ERROR com.iluwatar.commander.Commander - Order MCBLDY97WB3P: Shipping service unavailable, order not placed..
13:02:07.571 [main] INFO com.iluwatar.commander.Commander - Order MCBLDY97WB3P: Shipping placed successfully, transaction id: NUWAD6JIL0LS
13:02:07.571 [main] INFO com.iluwatar.commander.Commander - Order has been placed and will be shipped to you. Please wait while we make your payment... 
13:02:07.571 [Thread-448] WARN com.iluwatar.commander.Commander - Order 62F6YS4UQOW6: Error in connecting to employee handle, trying again..
13:02:07.571 [Thread-445] WARN com.iluwatar.commander.Commander - Order UNRDI4G1QRLG: Error in adding to employee db, trying to queue task..
13:02:07.572 [Thread-446] WARN com.iluwatar.commander.Commander - Order UNRDI4G1QRLG: Error in connecting to queue db, trying again..
13:02:07.572 [Thread-446] ERROR com.iluwatar.commander.Commander - Order UNRDI4G1QRLG: Unable to enqueue task of type EMPLOYEE_DB, trying to add to employee handle..
13:02:07.572 [Thread-439] WARN com.iluwatar.commander.Commander - Order UNRDI4G1QRLG: Error in adding to employee db, trying to queue task..
13:02:07.572 [Thread-444] INFO com.iluwatar.commander.Commander - Order UNRDI4G1QRLG: EMPLOYEE_DB task enqueued..
13:02:07.572 [Thread-448] WARN com.iluwatar.commander.Commander - Order 62F6YS4UQOW6: Error in adding to employee db, trying to queue task..
13:02:07.572 [Thread-452] INFO com.iluwatar.commander.Commander - Order UNRDI4G1QRLG: Added order to employee database
13:02:07.572 [main] ERROR com.iluwatar.commander.Commander - Order MCBLDY97WB3P: Payment time for order over, failed and returning..
13:02:07.572 [main] INFO com.iluwatar.commander.Commander - Order MCBLDY97WB3P: Shipping placed successfully, transaction id: 0DGHI51KY9SY
13:02:07.572 [main] INFO com.iluwatar.commander.Commander - Order has been placed and will be shipped to you. Please wait while we make your payment... 
13:02:07.572 [Thread-451] WARN com.iluwatar.commander.Commander - Order 62F6YS4UQOW6: Error in connecting to queue db, trying again..
13:02:07.572 [Thread-451] ERROR com.iluwatar.commander.Commander - Order 62F6YS4UQOW6: Unable to enqueue task of type EMPLOYEE_DB, trying to add to employee handle..
13:02:07.572 [Thread-450] DEBUG com.iluwatar.commander.Commander - Order MCBLDY97WB3P: Error in connecting to messaging service (Payment Failure msg), trying again..
13:02:07.572 [main] INFO com.iluwatar.commander.Commander - Order MCBLDY97WB3P: Shipping placed successfully, transaction id: 934MGHL6ECBF
13:02:07.572 [main] INFO com.iluwatar.commander.Commander - Order has been placed and will be shipped to you. Please wait while we make your payment... 
13:02:07.572 [Thread-449] WARN com.iluwatar.commander.Commander - Order 62F6YS4UQOW6: Error in connecting to employee handle, trying again..
13:02:07.572 [main] DEBUG com.iluwatar.commander.Commander - Order X7HEJRKW9O6K: Error in connecting to shipping service, trying again..
13:02:07.572 [main] INFO com.iluwatar.commander.Commander - Sorry, there was a problem in creating your order. Please try later.
13:02:07.572 [main] ERROR com.iluwatar.commander.Commander - Order X7HEJRKW9O6K: Shipping service unavailable, order not placed..
13:02:07.572 [Thread-450] WARN com.iluwatar.commander.Commander - Order MCBLDY97WB3P: Error in sending Payment Failure message, trying to queue task and add to employee handle..
13:02:07.572 [main] INFO com.iluwatar.commander.Commander - Order X7HEJRKW9O6K: Shipping placed successfully, transaction id: M89SVHMVCX0G
13:02:07.572 [main] INFO com.iluwatar.commander.Commander - Order has been placed and will be shipped to you. Please wait while we make your payment... 
13:02:07.572 [Thread-459] WARN com.iluwatar.commander.Commander - Order MCBLDY97WB3P: Error in connecting to queue db, trying again..
13:02:07.572 [Thread-459] ERROR com.iluwatar.commander.Commander - Order MCBLDY97WB3P: Unable to enqueue task of type Payment Failure Message, trying to add to employee handle..
13:02:07.572 [Thread-458] WARN com.iluwatar.commander.Commander - Order 62F6YS4UQOW6: Error in connecting to employee handle, trying again..
13:02:07.572 [Thread-458] WARN com.iluwatar.commander.Commander - Order 62F6YS4UQOW6: Error in adding to employee db, trying to queue task..
13:02:07.572 [Thread-464] WARN com.iluwatar.commander.Commander - Order 62F6YS4UQOW6: Error in connecting to queue db, trying again..
13:02:07.572 [Thread-464] ERROR com.iluwatar.commander.Commander - Order 62F6YS4UQOW6: Unable to enqueue task of type EMPLOYEE_DB, trying to add to employee handle..
13:02:07.572 [Thread-463] WARN com.iluwatar.commander.Commander - Order MCBLDY97WB3P: Error in connecting to employee handle, trying again..
13:02:07.572 [Thread-465] WARN com.iluwatar.commander.Commander - Order 62F6YS4UQOW6: Error in connecting to employee handle, trying again..
13:02:07.572 [main] ERROR com.iluwatar.commander.Commander - Order X7HEJRKW9O6K: Payment time for order over, failed and returning..
13:02:07.573 [Thread-462] DEBUG com.iluwatar.commander.Commander - Order X7HEJRKW9O6K: Error in connecting to messaging service (Payment Failure msg), trying again..
13:02:07.573 [main] INFO com.iluwatar.commander.Commander - Order X7HEJRKW9O6K: Shipping placed successfully, transaction id: RH43L4OIRKUS
13:02:07.573 [main] INFO com.iluwatar.commander.Commander - Order has been placed and will be shipped to you. Please wait while we make your payment... 
13:02:07.573 [Thread-461] WARN com.iluwatar.commander.Commander - Order MCBLDY97WB3P: Error in connecting to employee handle, trying again..
13:02:07.573 [main] INFO com.iluwatar.commander.Commander - Order X7HEJRKW9O6K: Shipping placed successfully, transaction id: 45THA2RPU3NB
13:02:07.573 [main] INFO com.iluwatar.commander.Commander - Order has been placed and will be shipped to you. Please wait while we make your payment... 
13:02:07.573 [Thread-449] WARN com.iluwatar.commander.Commander - Order 62F6YS4UQOW6: Error in adding to employee db, trying to queue task..
13:02:07.573 [Thread-461] WARN com.iluwatar.commander.Commander - Order MCBLDY97WB3P: Error in adding to employee db, trying to queue task..
13:02:07.573 [Thread-460] WARN com.iluwatar.commander.Commander - Order 62F6YS4UQOW6: Error in connecting to queue db, trying again..
13:02:07.573 [Thread-460] ERROR com.iluwatar.commander.Commander - Order 62F6YS4UQOW6: Unable to enqueue task of type EMPLOYEE_DB, trying to add to employee handle..
13:02:07.573 [Thread-462] WARN com.iluwatar.commander.Commander - Order X7HEJRKW9O6K: Error in sending Payment Failure message, trying to queue task and add to employee handle..
13:02:07.573 [Thread-469] WARN com.iluwatar.commander.Commander - Order MCBLDY97WB3P: Error in connecting to queue db, trying again..
13:02:07.573 [Thread-468] WARN com.iluwatar.commander.Commander - Order X7HEJRKW9O6K: Error in connecting to queue db, trying again..
13:02:07.573 [Thread-468] ERROR com.iluwatar.commander.Commander - Order X7HEJRKW9O6K: Unable to enqueue task of type Payment Failure Message, trying to add to employee handle..
13:02:07.573 [main] DEBUG com.iluwatar.commander.Commander - Order 907R54W7IGR5: Error in connecting to shipping service, trying again..
13:02:07.573 [main] INFO com.iluwatar.commander.Commander - Sorry, there was a problem in creating your order. Please try later.
13:02:07.573 [Thread-469] ERROR com.iluwatar.commander.Commander - Order MCBLDY97WB3P: Unable to enqueue task of type EMPLOYEE_DB, trying to add to employee handle..
13:02:07.573 [main] ERROR com.iluwatar.commander.Commander - Order 907R54W7IGR5: Shipping service unavailable, order not placed..
13:02:07.573 [main] INFO com.iluwatar.commander.Commander - Order 907R54W7IGR5: Shipping placed successfully, transaction id: PXDC2KHT9MX4
13:02:07.573 [main] INFO com.iluwatar.commander.Commander - Order has been placed and will be shipped to you. Please wait while we make your payment... 
13:02:07.573 [Thread-465] WARN com.iluwatar.commander.Commander - Order 62F6YS4UQOW6: Error in adding to employee db, trying to queue task..
13:02:07.573 [Thread-463] WARN com.iluwatar.commander.Commander - Order MCBLDY97WB3P: Error in adding to employee db, trying to queue task..
13:02:07.573 [main] ERROR com.iluwatar.commander.Commander - Order 907R54W7IGR5: Payment time for order over, failed and returning..
13:02:07.576 [Thread-467] WARN com.iluwatar.commander.Commander - Order 62F6YS4UQOW6: Error in connecting to queue db, trying again..
13:02:07.576 [Thread-467] ERROR com.iluwatar.commander.Commander - Order 62F6YS4UQOW6: Unable to enqueue task of type EMPLOYEE_DB, trying to add to employee handle..
13:02:07.576 [Thread-466] WARN com.iluwatar.commander.Commander - Order MCBLDY97WB3P: Error in connecting to queue db, trying again..
13:02:07.576 [Thread-470] WARN com.iluwatar.commander.Commander - Order 62F6YS4UQOW6: Error in connecting to employee handle, trying again..
13:02:07.576 [Thread-473] WARN com.iluwatar.commander.Commander - Order MCBLDY97WB3P: Error in connecting to employee handle, trying again..
13:02:07.576 [Thread-472] WARN com.iluwatar.commander.Commander - Order X7HEJRKW9O6K: Error in connecting to employee handle, trying again..
13:02:07.576 [Thread-471] WARN com.iluwatar.commander.Commander - Order X7HEJRKW9O6K: Error in connecting to employee handle, trying again..
13:02:07.576 [Thread-475] WARN com.iluwatar.commander.Commander - Order 62F6YS4UQOW6: Error in connecting to employee handle, trying again..
13:02:07.576 [Thread-474] DEBUG com.iluwatar.commander.Commander - Order 907R54W7IGR5: Error in connecting to messaging service (Payment Failure msg), trying again..
13:02:07.576 [Thread-471] WARN com.iluwatar.commander.Commander - Order X7HEJRKW9O6K: Error in adding to employee db, trying to queue task..
13:02:07.576 [main] INFO com.iluwatar.commander.Commander - Order 907R54W7IGR5: Shipping placed successfully, transaction id: Q91SQSVQVKNS
13:02:07.576 [main] INFO com.iluwatar.commander.Commander - Order has been placed and will be shipped to you. Please wait while we make your payment... 
13:02:07.576 [Thread-466] ERROR com.iluwatar.commander.Commander - Order MCBLDY97WB3P: Unable to enqueue task of type EMPLOYEE_DB, trying to add to employee handle..
13:02:07.576 [Thread-473] WARN com.iluwatar.commander.Commander - Order MCBLDY97WB3P: Error in adding to employee db, trying to queue task..
13:02:07.576 [Thread-476] WARN com.iluwatar.commander.Commander - Order 62F6YS4UQOW6: Error in connecting to queue db, trying again..
13:02:07.576 [Thread-476] ERROR com.iluwatar.commander.Commander - Order 62F6YS4UQOW6: Unable to enqueue task of type EMPLOYEE_DB, trying to add to employee handle..
13:02:07.576 [Thread-477] WARN com.iluwatar.commander.Commander - Order MCBLDY97WB3P: Error in connecting to queue db, trying again..
13:02:07.576 [Thread-477] ERROR com.iluwatar.commander.Commander - Order MCBLDY97WB3P: Unable to enqueue task of type EMPLOYEE_DB, trying to add to employee handle..
13:02:07.576 [Thread-479] WARN com.iluwatar.commander.Commander - Order X7HEJRKW9O6K: Error in connecting to queue db, trying again..
13:02:07.576 [Thread-479] ERROR com.iluwatar.commander.Commander - Order X7HEJRKW9O6K: Unable to enqueue task of type EMPLOYEE_DB, trying to add to employee handle..
13:02:07.576 [main] INFO com.iluwatar.commander.Commander - Order 907R54W7IGR5: Shipping placed successfully, transaction id: A37GYO8SDMI5
13:02:07.576 [main] INFO com.iluwatar.commander.Commander - Order has been placed and will be shipped to you. Please wait while we make your payment... 
13:02:07.576 [Thread-470] WARN com.iluwatar.commander.Commander - Order 62F6YS4UQOW6: Error in adding to employee db, trying to queue task..
13:02:07.576 [Thread-482] WARN com.iluwatar.commander.Commander - Order MCBLDY97WB3P: Error in connecting to employee handle, trying again..
13:02:07.576 [Thread-474] WARN com.iluwatar.commander.Commander - Order 907R54W7IGR5: Error in sending Payment Failure message, trying to queue task and add to employee handle..
13:02:07.576 [main] DEBUG com.iluwatar.commander.Commander - Order HFLJQAMZNQLJ: Error in connecting to shipping service, trying again..
13:02:07.576 [Thread-481] WARN com.iluwatar.commander.Commander - Order 907R54W7IGR5: Error in connecting to queue db, trying again..
13:02:07.576 [main] INFO com.iluwatar.commander.Commander - Sorry, there was a problem in creating your order. Please try later.
13:02:07.576 [Thread-475] WARN com.iluwatar.commander.Commander - Order 62F6YS4UQOW6: Error in adding to employee db, trying to queue task..
13:02:07.576 [Thread-481] ERROR com.iluwatar.commander.Commander - Order 907R54W7IGR5: Unable to enqueue task of type Payment Failure Message, trying to add to employee handle..
13:02:07.576 [Thread-480] INFO com.iluwatar.commander.Commander - Order 62F6YS4UQOW6: EMPLOYEE_DB task enqueued..
13:02:07.576 [main] ERROR com.iluwatar.commander.Commander - Order HFLJQAMZNQLJ: Shipping service unavailable, order not placed..
13:02:07.576 [main] INFO com.iluwatar.commander.Commander - Order HFLJQAMZNQLJ: Shipping placed successfully, transaction id: K0N8SPGAFFD9
13:02:07.576 [main] INFO com.iluwatar.commander.Commander - Order has been placed and will be shipped to you. Please wait while we make your payment... 
13:02:07.576 [Thread-472] WARN com.iluwatar.commander.Commander - Order X7HEJRKW9O6K: Error in adding to employee db, trying to queue task..
13:02:07.576 [Thread-478] WARN com.iluwatar.commander.Commander - Order X7HEJRKW9O6K: Error in connecting to queue db, trying again..
13:02:07.576 [Thread-478] ERROR com.iluwatar.commander.Commander - Order X7HEJRKW9O6K: Unable to enqueue task of type EMPLOYEE_DB, trying to add to employee handle..
13:02:07.576 [main] ERROR com.iluwatar.commander.Commander - Order HFLJQAMZNQLJ: Payment time for order over, failed and returning..
13:02:07.576 [main] INFO com.iluwatar.commander.Commander - Order HFLJQAMZNQLJ: Shipping placed successfully, transaction id: WMVJZWMI7D47
13:02:07.576 [main] INFO com.iluwatar.commander.Commander - Order has been placed and will be shipped to you. Please wait while we make your payment... 
13:02:07.576 [main] INFO com.iluwatar.commander.Commander - Order HFLJQAMZNQLJ: Shipping placed successfully, transaction id: 20KR0O97I4T4
13:02:07.576 [main] INFO com.iluwatar.commander.Commander - Order has been placed and will be shipped to you. Please wait while we make your payment... 
13:02:07.576 [Thread-490] DEBUG com.iluwatar.commander.Commander - Order HFLJQAMZNQLJ: Error in connecting to messaging service (Payment Failure msg), trying again..
13:02:07.577 [main] DEBUG com.iluwatar.commander.Commander - Order 4NXE26M32U6Y: Error in connecting to shipping service, trying again..
13:02:07.577 [main] INFO com.iluwatar.commander.Commander - Sorry, there was a problem in creating your order. Please try later.
13:02:07.577 [main] ERROR com.iluwatar.commander.Commander - Order 4NXE26M32U6Y: Shipping service unavailable, order not placed..
13:02:07.577 [main] INFO com.iluwatar.commander.Commander - Order 4NXE26M32U6Y: Shipping placed successfully, transaction id: 0PH6QPNTYLF2
13:02:07.577 [main] INFO com.iluwatar.commander.Commander - Order has been placed and will be shipped to you. Please wait while we make your payment... 
13:02:07.577 [Thread-488] WARN com.iluwatar.commander.Commander - Order 907R54W7IGR5: Error in connecting to employee handle, trying again..
13:02:07.577 [Thread-487] WARN com.iluwatar.commander.Commander - Order 907R54W7IGR5: Error in connecting to employee handle, trying again..
13:02:07.577 [Thread-482] WARN com.iluwatar.commander.Commander - Order MCBLDY97WB3P: Error in adding to employee db, trying to queue task..
13:02:07.577 [Thread-486] WARN com.iluwatar.commander.Commander - Order MCBLDY97WB3P: Error in connecting to queue db, trying again..
13:02:07.577 [Thread-486] ERROR com.iluwatar.commander.Commander - Order MCBLDY97WB3P: Unable to enqueue task of type EMPLOYEE_DB, trying to add to employee handle..
13:02:07.577 [Thread-485] WARN com.iluwatar.commander.Commander - Order X7HEJRKW9O6K: Error in connecting to employee handle, trying again..
13:02:07.577 [Thread-484] WARN com.iluwatar.commander.Commander - Order MCBLDY97WB3P: Error in connecting to employee handle, trying again..
13:02:07.577 [Thread-485] WARN com.iluwatar.commander.Commander - Order X7HEJRKW9O6K: Error in adding to employee db, trying to queue task..
13:02:07.577 [Thread-498] WARN com.iluwatar.commander.Commander - Order X7HEJRKW9O6K: Error in connecting to queue db, trying again..
13:02:07.577 [Thread-498] ERROR com.iluwatar.commander.Commander - Order X7HEJRKW9O6K: Unable to enqueue task of type EMPLOYEE_DB, trying to add to employee handle..
13:02:07.577 [Thread-483] INFO com.iluwatar.commander.Commander - Order 62F6YS4UQOW6: Added order to employee database
13:02:07.577 [Thread-484] WARN com.iluwatar.commander.Commander - Order MCBLDY97WB3P: Error in adding to employee db, trying to queue task..
13:02:07.577 [Thread-500] WARN com.iluwatar.commander.Commander - Order X7HEJRKW9O6K: Error in connecting to employee handle, trying again..
13:02:07.577 [Thread-499] WARN com.iluwatar.commander.Commander - Order MCBLDY97WB3P: Error in connecting to queue db, trying again..
13:02:07.577 [Thread-499] ERROR com.iluwatar.commander.Commander - Order MCBLDY97WB3P: Unable to enqueue task of type EMPLOYEE_DB, trying to add to employee handle..
13:02:07.577 [Thread-497] WARN com.iluwatar.commander.Commander - Order MCBLDY97WB3P: Error in connecting to employee handle, trying again..
13:02:07.577 [Thread-487] WARN com.iluwatar.commander.Commander - Order 907R54W7IGR5: Error in adding to employee db, trying to queue task..
13:02:07.577 [Thread-496] WARN com.iluwatar.commander.Commander - Order 907R54W7IGR5: Error in connecting to queue db, trying again..
13:02:07.577 [Thread-496] ERROR com.iluwatar.commander.Commander - Order 907R54W7IGR5: Unable to enqueue task of type EMPLOYEE_DB, trying to add to employee handle..
13:02:07.577 [main] ERROR com.iluwatar.commander.Commander - Order 4NXE26M32U6Y: Payment time for order over, failed and returning..
13:02:07.577 [main] INFO com.iluwatar.commander.Commander - Order 4NXE26M32U6Y: Shipping placed successfully, transaction id: YRFZU8Y7S8YI
13:02:07.577 [main] INFO com.iluwatar.commander.Commander - Order has been placed and will be shipped to you. Please wait while we make your payment... 
13:02:07.577 [main] INFO com.iluwatar.commander.Commander - Order 4NXE26M32U6Y: Shipping placed successfully, transaction id: WFI13X94XTCX
13:02:07.577 [main] INFO com.iluwatar.commander.Commander - Order has been placed and will be shipped to you. Please wait while we make your payment... 
13:02:07.577 [Thread-495] DEBUG com.iluwatar.commander.Commander - Order 4NXE26M32U6Y: Error in connecting to messaging service (Payment Failure msg), trying again..
13:02:07.577 [Thread-488] WARN com.iluwatar.commander.Commander - Order 907R54W7IGR5: Error in adding to employee db, trying to queue task..
13:02:07.577 [Thread-494] WARN com.iluwatar.commander.Commander - Order 907R54W7IGR5: Error in connecting to queue db, trying again..
13:02:07.577 [Thread-494] ERROR com.iluwatar.commander.Commander - Order 907R54W7IGR5: Unable to enqueue task of type EMPLOYEE_DB, trying to add to employee handle..
13:02:07.577 [main] DEBUG com.iluwatar.commander.Commander - Order JH6YC7279YUL: Error in connecting to shipping service, trying again..
13:02:07.577 [main] INFO com.iluwatar.commander.Commander - Sorry, there was a problem in creating your order. Please try later.
13:02:07.577 [main] ERROR com.iluwatar.commander.Commander - Order JH6YC7279YUL: Shipping service unavailable, order not placed..
13:02:07.577 [main] INFO com.iluwatar.commander.Commander - Order JH6YC7279YUL: Shipping placed successfully, transaction id: QWZ05OBB1Z9X
13:02:07.577 [main] INFO com.iluwatar.commander.Commander - Order has been placed and will be shipped to you. Please wait while we make your payment... 
13:02:07.577 [Thread-490] WARN com.iluwatar.commander.Commander - Order HFLJQAMZNQLJ: Error in sending Payment Failure message, trying to queue task and add to employee handle..
13:02:07.577 [Thread-492] WARN com.iluwatar.commander.Commander - Order HFLJQAMZNQLJ: Error in connecting to queue db, trying again..
13:02:07.577 [Thread-492] ERROR com.iluwatar.commander.Commander - Order HFLJQAMZNQLJ: Unable to enqueue task of type Payment Failure Message, trying to add to employee handle..
13:02:07.577 [Thread-491] WARN com.iluwatar.commander.Commander - Order X7HEJRKW9O6K: Error in connecting to employee handle, trying again..
13:02:07.578 [Thread-510] WARN com.iluwatar.commander.Commander - Order HFLJQAMZNQLJ: Error in connecting to employee handle, trying again..
13:02:07.578 [Thread-491] WARN com.iluwatar.commander.Commander - Order X7HEJRKW9O6K: Error in adding to employee db, trying to queue task..
13:02:07.578 [Thread-511] WARN com.iluwatar.commander.Commander - Order X7HEJRKW9O6K: Error in connecting to queue db, trying again..
13:02:07.578 [Thread-511] ERROR com.iluwatar.commander.Commander - Order X7HEJRKW9O6K: Unable to enqueue task of type EMPLOYEE_DB, trying to add to employee handle..
13:02:07.578 [Thread-509] WARN com.iluwatar.commander.Commander - Order HFLJQAMZNQLJ: Error in connecting to employee handle, trying again..
13:02:07.578 [Thread-513] WARN com.iluwatar.commander.Commander - Order X7HEJRKW9O6K: Error in connecting to employee handle, trying again..
13:02:07.578 [Thread-509] WARN com.iluwatar.commander.Commander - Order HFLJQAMZNQLJ: Error in adding to employee db, trying to queue task..
13:02:07.578 [Thread-514] WARN com.iluwatar.commander.Commander - Order HFLJQAMZNQLJ: Error in connecting to queue db, trying again..
13:02:07.578 [Thread-514] ERROR com.iluwatar.commander.Commander - Order HFLJQAMZNQLJ: Unable to enqueue task of type EMPLOYEE_DB, trying to add to employee handle..
13:02:07.578 [main] ERROR com.iluwatar.commander.Commander - Order JH6YC7279YUL: Payment time for order over, failed and returning..
13:02:07.578 [main] INFO com.iluwatar.commander.Commander - Order JH6YC7279YUL: Shipping placed successfully, transaction id: 2KGH9Z7RBXJ6
13:02:07.578 [main] INFO com.iluwatar.commander.Commander - Order has been placed and will be shipped to you. Please wait while we make your payment... 
13:02:07.578 [main] INFO com.iluwatar.commander.Commander - Order JH6YC7279YUL: Shipping placed successfully, transaction id: 50U6ETXGQS9J
13:02:07.578 [main] INFO com.iluwatar.commander.Commander - Order has been placed and will be shipped to you. Please wait while we make your payment... 
13:02:07.578 [Thread-506] WARN com.iluwatar.commander.Commander - Order 907R54W7IGR5: Error in connecting to employee handle, trying again..
13:02:07.578 [Thread-507] DEBUG com.iluwatar.commander.Commander - Order JH6YC7279YUL: Error in connecting to messaging service (Payment Failure msg), trying again..
13:02:07.578 [main] DEBUG com.iluwatar.commander.Commander - Order JJL4DTMFQ06Z: Error in connecting to shipping service, trying again..
13:02:07.578 [main] INFO com.iluwatar.commander.Commander - Sorry, there was a problem in creating your order. Please try later.
13:02:07.578 [main] ERROR com.iluwatar.commander.Commander - Order JJL4DTMFQ06Z: Shipping service unavailable, order not placed..
13:02:07.578 [Thread-495] WARN com.iluwatar.commander.Commander - Order 4NXE26M32U6Y: Error in sending Payment Failure message, trying to queue task and add to employee handle..
13:02:07.578 [Thread-504] WARN com.iluwatar.commander.Commander - Order 907R54W7IGR5: Error in connecting to employee handle, trying again..
13:02:07.578 [main] INFO com.iluwatar.commander.Commander - Order JJL4DTMFQ06Z: Shipping placed successfully, transaction id: UOMFKLUKIBXB
13:02:07.578 [main] INFO com.iluwatar.commander.Commander - Order has been placed and will be shipped to you. Please wait while we make your payment... 
13:02:07.578 [Thread-507] WARN com.iluwatar.commander.Commander - Order JH6YC7279YUL: Error in sending Payment Failure message, trying to queue task and add to employee handle..
13:02:07.578 [Thread-505] WARN com.iluwatar.commander.Commander - Order 4NXE26M32U6Y: Error in connecting to queue db, trying again..
13:02:07.578 [Thread-521] DEBUG com.iluwatar.commander.Commander - Order JJL4DTMFQ06Z: Error in connecting to messaging service (Payment Failure msg), trying again..
13:02:07.578 [Thread-505] ERROR com.iluwatar.commander.Commander - Order 4NXE26M32U6Y: Unable to enqueue task of type Payment Failure Message, trying to add to employee handle..
13:02:07.578 [main] ERROR com.iluwatar.commander.Commander - Order JJL4DTMFQ06Z: Payment time for order over, failed and returning..
13:02:07.578 [Thread-518] WARN com.iluwatar.commander.Commander - Order JH6YC7279YUL: Error in connecting to queue db, trying again..
13:02:07.578 [Thread-518] ERROR com.iluwatar.commander.Commander - Order JH6YC7279YUL: Unable to enqueue task of type Payment Failure Message, trying to add to employee handle..
13:02:07.578 [Thread-497] WARN com.iluwatar.commander.Commander - Order MCBLDY97WB3P: Error in adding to employee db, trying to queue task..
13:02:07.578 [main] INFO com.iluwatar.commander.Commander - Order JJL4DTMFQ06Z: Shipping placed successfully, transaction id: PHK7P2ZS89MM
13:02:07.578 [main] INFO com.iluwatar.commander.Commander - Order has been placed and will be shipped to you. Please wait while we make your payment... 
13:02:07.578 [main] INFO com.iluwatar.commander.Commander - Order JJL4DTMFQ06Z: Shipping placed successfully, transaction id: 0EQ24Q3W7A6W
13:02:07.578 [main] INFO com.iluwatar.commander.Commander - Order has been placed and will be shipped to you. Please wait while we make your payment... 
13:02:07.578 [Thread-503] INFO com.iluwatar.commander.Commander - Order MCBLDY97WB3P: EMPLOYEE_DB task enqueued..
13:02:07.578 [Thread-525] WARN com.iluwatar.commander.Commander - Order JH6YC7279YUL: Error in connecting to employee handle, trying again..
13:02:07.578 [Thread-500] WARN com.iluwatar.commander.Commander - Order X7HEJRKW9O6K: Error in adding to employee db, trying to queue task..
13:02:07.578 [main] DEBUG com.iluwatar.commander.Commander - Order R38MVCRX5U5U: Error in connecting to shipping service, trying again..
13:02:07.578 [Thread-502] WARN com.iluwatar.commander.Commander - Order X7HEJRKW9O6K: Error in connecting to queue db, trying again..
13:02:07.578 [Thread-502] ERROR com.iluwatar.commander.Commander - Order X7HEJRKW9O6K: Unable to enqueue task of type EMPLOYEE_DB, trying to add to employee handle..
13:02:07.578 [main] INFO com.iluwatar.commander.Commander - Sorry, there was a problem in creating your order. Please try later.
13:02:07.578 [main] ERROR com.iluwatar.commander.Commander - Order R38MVCRX5U5U: Shipping service unavailable, order not placed..
13:02:07.578 [Thread-501] INFO com.iluwatar.commander.Commander - Order MCBLDY97WB3P: Added order to employee database
13:02:07.578 [main] INFO com.iluwatar.commander.Commander - Order R38MVCRX5U5U: Shipping placed successfully, transaction id: FBRK1FZ31OY5
13:02:07.578 [main] INFO com.iluwatar.commander.Commander - Order has been placed and will be shipped to you. Please wait while we make your payment... 
13:02:07.578 [Thread-528] INFO com.iluwatar.commander.Commander - Order X7HEJRKW9O6K: Added order to employee database
13:02:07.578 [main] ERROR com.iluwatar.commander.Commander - Order R38MVCRX5U5U: Payment time for order over, failed and returning..
13:02:07.578 [main] INFO com.iluwatar.commander.Commander - Order R38MVCRX5U5U: Shipping placed successfully, transaction id: HDMBWSACV1TH
13:02:07.578 [main] INFO com.iluwatar.commander.Commander - Order has been placed and will be shipped to you. Please wait while we make your payment... 
13:02:07.578 [main] INFO com.iluwatar.commander.Commander - Order R38MVCRX5U5U: Shipping placed successfully, transaction id: XDRK6FNLG9N9
13:02:07.578 [main] INFO com.iluwatar.commander.Commander - Order has been placed and will be shipped to you. Please wait while we make your payment... 
13:02:07.578 [Thread-529] DEBUG com.iluwatar.commander.Commander - Order R38MVCRX5U5U: Error in connecting to messaging service (Payment Failure msg), trying again..
13:02:07.579 [main] DEBUG com.iluwatar.commander.Commander - Order 9ONFO6OHJZJR: Error in connecting to shipping service, trying again..
13:02:07.579 [main] INFO com.iluwatar.commander.Commander - Sorry, there was a problem in creating your order. Please try later.
13:02:07.579 [main] ERROR com.iluwatar.commander.Commander - Order 9ONFO6OHJZJR: Shipping service unavailable, order not placed..
13:02:07.579 [Thread-525] WARN com.iluwatar.commander.Commander - Order JH6YC7279YUL: Error in adding to employee db, trying to queue task..
13:02:07.579 [Thread-527] WARN com.iluwatar.commander.Commander - Order JH6YC7279YUL: Error in connecting to queue db, trying again..
13:02:07.579 [main] INFO com.iluwatar.commander.Commander - Order 9ONFO6OHJZJR: Shipping placed successfully, transaction id: 1GWDKYZKZAWU
13:02:07.579 [main] INFO com.iluwatar.commander.Commander - Order has been placed and will be shipped to you. Please wait while we make your payment... 
13:02:07.579 [Thread-527] ERROR com.iluwatar.commander.Commander - Order JH6YC7279YUL: Unable to enqueue task of type EMPLOYEE_DB, trying to add to employee handle..
13:02:07.579 [Thread-521] WARN com.iluwatar.commander.Commander - Order JJL4DTMFQ06Z: Error in sending Payment Failure message, trying to queue task and add to employee handle..
13:02:07.579 [Thread-523] WARN com.iluwatar.commander.Commander - Order JJL4DTMFQ06Z: Error in connecting to queue db, trying again..
13:02:07.579 [Thread-524] WARN com.iluwatar.commander.Commander - Order 4NXE26M32U6Y: Error in connecting to employee handle, trying again..
13:02:07.579 [Thread-523] ERROR com.iluwatar.commander.Commander - Order JJL4DTMFQ06Z: Unable to enqueue task of type Payment Failure Message, trying to add to employee handle..
13:02:07.579 [Thread-522] WARN com.iluwatar.commander.Commander - Order JH6YC7279YUL: Error in connecting to employee handle, trying again..
13:02:07.579 [Thread-522] WARN com.iluwatar.commander.Commander - Order JH6YC7279YUL: Error in adding to employee db, trying to queue task..
13:02:07.579 [Thread-536] WARN com.iluwatar.commander.Commander - Order JJL4DTMFQ06Z: Error in connecting to employee handle, trying again..
13:02:07.579 [Thread-537] WARN com.iluwatar.commander.Commander - Order JH6YC7279YUL: Error in connecting to queue db, trying again..
13:02:07.579 [Thread-537] ERROR com.iluwatar.commander.Commander - Order JH6YC7279YUL: Unable to enqueue task of type EMPLOYEE_DB, trying to add to employee handle..
13:02:07.579 [Thread-504] WARN com.iluwatar.commander.Commander - Order 907R54W7IGR5: Error in adding to employee db, trying to queue task..
13:02:07.579 [Thread-519] WARN com.iluwatar.commander.Commander - Order 4NXE26M32U6Y: Error in connecting to employee handle, trying again..
13:02:07.579 [Thread-520] WARN com.iluwatar.commander.Commander - Order 907R54W7IGR5: Error in connecting to queue db, trying again..
13:02:07.579 [Thread-520] ERROR com.iluwatar.commander.Commander - Order 907R54W7IGR5: Unable to enqueue task of type EMPLOYEE_DB, trying to add to employee handle..
13:02:07.579 [Thread-506] WARN com.iluwatar.commander.Commander - Order 907R54W7IGR5: Error in adding to employee db, trying to queue task..
13:02:07.579 [Thread-517] WARN com.iluwatar.commander.Commander - Order 907R54W7IGR5: Error in connecting to queue db, trying again..
13:02:07.579 [Thread-517] ERROR com.iluwatar.commander.Commander - Order 907R54W7IGR5: Unable to enqueue task of type EMPLOYEE_DB, trying to add to employee handle..
13:02:07.579 [Thread-516] WARN com.iluwatar.commander.Commander - Order HFLJQAMZNQLJ: Error in connecting to employee handle, trying again..
13:02:07.579 [Thread-513] WARN com.iluwatar.commander.Commander - Order X7HEJRKW9O6K: Error in adding to employee db, trying to queue task..
13:02:07.579 [Thread-515] INFO com.iluwatar.commander.Commander - Order X7HEJRKW9O6K: EMPLOYEE_DB task enqueued..
13:02:07.579 [Thread-510] WARN com.iluwatar.commander.Commander - Order HFLJQAMZNQLJ: Error in adding to employee db, trying to queue task..
13:02:07.579 [Thread-512] WARN com.iluwatar.commander.Commander - Order HFLJQAMZNQLJ: Error in connecting to queue db, trying again..
13:02:07.579 [Thread-512] ERROR com.iluwatar.commander.Commander - Order HFLJQAMZNQLJ: Unable to enqueue task of type EMPLOYEE_DB, trying to add to employee handle..
13:02:07.579 [Thread-547] WARN com.iluwatar.commander.Commander - Order HFLJQAMZNQLJ: Error in connecting to employee handle, trying again..
13:02:07.579 [Thread-516] WARN com.iluwatar.commander.Commander - Order HFLJQAMZNQLJ: Error in adding to employee db, trying to queue task..
13:02:07.579 [Thread-543] WARN com.iluwatar.commander.Commander - Order HFLJQAMZNQLJ: Error in connecting to queue db, trying again..
13:02:07.579 [Thread-543] ERROR com.iluwatar.commander.Commander - Order HFLJQAMZNQLJ: Unable to enqueue task of type EMPLOYEE_DB, trying to add to employee handle..
13:02:07.579 [Thread-542] WARN com.iluwatar.commander.Commander - Order 907R54W7IGR5: Error in connecting to employee handle, trying again..
13:02:07.579 [Thread-541] WARN com.iluwatar.commander.Commander - Order 907R54W7IGR5: Error in connecting to employee handle, trying again..
13:02:07.579 [Thread-519] WARN com.iluwatar.commander.Commander - Order 4NXE26M32U6Y: Error in adding to employee db, trying to queue task..
13:02:07.580 [Thread-540] WARN com.iluwatar.commander.Commander - Order 4NXE26M32U6Y: Error in connecting to queue db, trying again..
13:02:07.580 [Thread-540] ERROR com.iluwatar.commander.Commander - Order 4NXE26M32U6Y: Unable to enqueue task of type EMPLOYEE_DB, trying to add to employee handle..
13:02:07.580 [Thread-539] WARN com.iluwatar.commander.Commander - Order JH6YC7279YUL: Error in connecting to employee handle, trying again..
13:02:07.580 [Thread-536] WARN com.iluwatar.commander.Commander - Order JJL4DTMFQ06Z: Error in adding to employee db, trying to queue task..
13:02:07.580 [Thread-538] WARN com.iluwatar.commander.Commander - Order JJL4DTMFQ06Z: Error in connecting to queue db, trying again..
13:02:07.580 [Thread-539] WARN com.iluwatar.commander.Commander - Order JH6YC7279YUL: Error in adding to employee db, trying to queue task..
13:02:07.580 [Thread-538] ERROR com.iluwatar.commander.Commander - Order JJL4DTMFQ06Z: Unable to enqueue task of type EMPLOYEE_DB, trying to add to employee handle..
13:02:07.580 [Thread-555] WARN com.iluwatar.commander.Commander - Order JH6YC7279YUL: Error in connecting to queue db, trying again..
13:02:07.580 [Thread-555] ERROR com.iluwatar.commander.Commander - Order JH6YC7279YUL: Unable to enqueue task of type EMPLOYEE_DB, trying to add to employee handle..
13:02:07.580 [Thread-556] WARN com.iluwatar.commander.Commander - Order JJL4DTMFQ06Z: Error in connecting to employee handle, trying again..
13:02:07.580 [Thread-557] WARN com.iluwatar.commander.Commander - Order JH6YC7279YUL: Error in connecting to employee handle, trying again..
13:02:07.580 [Thread-524] WARN com.iluwatar.commander.Commander - Order 4NXE26M32U6Y: Error in adding to employee db, trying to queue task..
13:02:07.580 [Thread-535] WARN com.iluwatar.commander.Commander - Order 4NXE26M32U6Y: Error in connecting to queue db, trying again..
13:02:07.580 [Thread-535] ERROR com.iluwatar.commander.Commander - Order 4NXE26M32U6Y: Unable to enqueue task of type EMPLOYEE_DB, trying to add to employee handle..
13:02:07.580 [Thread-534] WARN com.iluwatar.commander.Commander - Order JJL4DTMFQ06Z: Error in connecting to employee handle, trying again..
13:02:07.580 [main] ERROR com.iluwatar.commander.Commander - Order 9ONFO6OHJZJR: Payment time for order over, failed and returning..
13:02:07.580 [main] INFO com.iluwatar.commander.Commander - Order 9ONFO6OHJZJR: Shipping placed successfully, transaction id: 6UZLKMBSY3PF
13:02:07.580 [main] INFO com.iluwatar.commander.Commander - Order has been placed and will be shipped to you. Please wait while we make your payment... 
13:02:07.580 [Thread-533] WARN com.iluwatar.commander.Commander - Order JH6YC7279YUL: Error in connecting to employee handle, trying again..
13:02:07.580 [main] INFO com.iluwatar.commander.Commander - Order 9ONFO6OHJZJR: Shipping placed successfully, transaction id: YEXSM5PBOV7N
13:02:07.580 [Thread-532] DEBUG com.iluwatar.commander.Commander - Order 9ONFO6OHJZJR: Error in connecting to messaging service (Payment Failure msg), trying again..
13:02:07.580 [main] INFO com.iluwatar.commander.Commander - Order has been placed and will be shipped to you. Please wait while we make your payment... 
13:02:07.580 [Thread-533] WARN com.iluwatar.commander.Commander - Order JH6YC7279YUL: Error in adding to employee db, trying to queue task..
13:02:07.580 [Thread-563] WARN com.iluwatar.commander.Commander - Order JH6YC7279YUL: Error in connecting to queue db, trying again..
13:02:07.580 [Thread-563] ERROR com.iluwatar.commander.Commander - Order JH6YC7279YUL: Unable to enqueue task of type EMPLOYEE_DB, trying to add to employee handle..
13:02:07.580 [Thread-529] WARN com.iluwatar.commander.Commander - Order R38MVCRX5U5U: Error in sending Payment Failure message, trying to queue task and add to employee handle..
13:02:07.580 [main] DEBUG com.iluwatar.commander.Commander - Order RTKF9YXM3NQA: Error in connecting to shipping service, trying again..
13:02:07.580 [main] INFO com.iluwatar.commander.Commander - Sorry, there was a problem in creating your order. Please try later.
13:02:07.580 [main] ERROR com.iluwatar.commander.Commander - Order RTKF9YXM3NQA: Shipping service unavailable, order not placed..
13:02:07.580 [Thread-530] WARN com.iluwatar.commander.Commander - Order R38MVCRX5U5U: Error in connecting to queue db, trying again..
13:02:07.580 [Thread-530] ERROR com.iluwatar.commander.Commander - Order R38MVCRX5U5U: Unable to enqueue task of type Payment Failure Message, trying to add to employee handle..
13:02:07.580 [Thread-565] WARN com.iluwatar.commander.Commander - Order JH6YC7279YUL: Error in connecting to employee handle, trying again..
13:02:07.580 [main] INFO com.iluwatar.commander.Commander - Order RTKF9YXM3NQA: Shipping placed successfully, transaction id: 0WUED0MX5I4V
13:02:07.580 [main] INFO com.iluwatar.commander.Commander - Order has been placed and will be shipped to you. Please wait while we make your payment... 
13:02:07.580 [Thread-566] WARN com.iluwatar.commander.Commander - Order R38MVCRX5U5U: Error in connecting to employee handle, trying again..
13:02:07.580 [Thread-532] WARN com.iluwatar.commander.Commander - Order 9ONFO6OHJZJR: Error in sending Payment Failure message, trying to queue task and add to employee handle..
13:02:07.580 [Thread-564] WARN com.iluwatar.commander.Commander - Order 9ONFO6OHJZJR: Error in connecting to queue db, trying again..
13:02:07.580 [Thread-564] ERROR com.iluwatar.commander.Commander - Order 9ONFO6OHJZJR: Unable to enqueue task of type Payment Failure Message, trying to add to employee handle..
13:02:07.580 [Thread-571] WARN com.iluwatar.commander.Commander - Order 9ONFO6OHJZJR: Error in connecting to employee handle, trying again..
13:02:07.580 [Thread-572] WARN com.iluwatar.commander.Commander - Order 9ONFO6OHJZJR: Error in connecting to employee handle, trying again..
13:02:07.581 [Thread-534] WARN com.iluwatar.commander.Commander - Order JJL4DTMFQ06Z: Error in adding to employee db, trying to queue task..
13:02:07.581 [Thread-562] WARN com.iluwatar.commander.Commander - Order JJL4DTMFQ06Z: Error in connecting to queue db, trying again..
13:02:07.581 [Thread-562] ERROR com.iluwatar.commander.Commander - Order JJL4DTMFQ06Z: Unable to enqueue task of type EMPLOYEE_DB, trying to add to employee handle..
13:02:07.581 [Thread-560] WARN com.iluwatar.commander.Commander - Order 4NXE26M32U6Y: Error in connecting to employee handle, trying again..
13:02:07.581 [Thread-557] WARN com.iluwatar.commander.Commander - Order JH6YC7279YUL: Error in adding to employee db, trying to queue task..
13:02:07.581 [Thread-559] WARN com.iluwatar.commander.Commander - Order JH6YC7279YUL: Error in connecting to queue db, trying again..
13:02:07.581 [Thread-559] ERROR com.iluwatar.commander.Commander - Order JH6YC7279YUL: Unable to enqueue task of type EMPLOYEE_DB, trying to add to employee handle..
13:02:07.581 [Thread-556] WARN com.iluwatar.commander.Commander - Order JJL4DTMFQ06Z: Error in adding to employee db, trying to queue task..
13:02:07.581 [Thread-558] WARN com.iluwatar.commander.Commander - Order JJL4DTMFQ06Z: Error in connecting to queue db, trying again..
13:02:07.581 [Thread-558] ERROR com.iluwatar.commander.Commander - Order JJL4DTMFQ06Z: Unable to enqueue task of type EMPLOYEE_DB, trying to add to employee handle..
13:02:07.581 [Thread-554] WARN com.iluwatar.commander.Commander - Order 4NXE26M32U6Y: Error in connecting to employee handle, trying again..
13:02:07.581 [Thread-541] WARN com.iluwatar.commander.Commander - Order 907R54W7IGR5: Error in adding to employee db, trying to queue task..
13:02:07.581 [Thread-553] WARN com.iluwatar.commander.Commander - Order 907R54W7IGR5: Error in connecting to queue db, trying again..
13:02:07.581 [Thread-553] ERROR com.iluwatar.commander.Commander - Order 907R54W7IGR5: Unable to enqueue task of type EMPLOYEE_DB, trying to add to employee handle..
13:02:07.581 [Thread-542] WARN com.iluwatar.commander.Commander - Order 907R54W7IGR5: Error in adding to employee db, trying to queue task..
13:02:07.581 [Thread-552] INFO com.iluwatar.commander.Commander - Order 907R54W7IGR5: EMPLOYEE_DB task enqueued..
13:02:07.581 [Thread-580] INFO com.iluwatar.commander.Commander - Order 907R54W7IGR5: Added order to employee database
13:02:07.581 [Thread-551] WARN com.iluwatar.commander.Commander - Order HFLJQAMZNQLJ: Error in connecting to employee handle, trying again..
13:02:07.582 [Thread-548] WARN com.iluwatar.commander.Commander - Order HFLJQAMZNQLJ: Error in connecting to queue db, trying again..
13:02:07.582 [Thread-548] ERROR com.iluwatar.commander.Commander - Order HFLJQAMZNQLJ: Unable to enqueue task of type EMPLOYEE_DB, trying to add to employee handle..
13:02:07.582 [Thread-547] WARN com.iluwatar.commander.Commander - Order HFLJQAMZNQLJ: Error in adding to employee db, trying to queue task..
13:02:07.582 [Thread-551] WARN com.iluwatar.commander.Commander - Order HFLJQAMZNQLJ: Error in adding to employee db, trying to queue task..
13:02:07.582 [Thread-583] WARN com.iluwatar.commander.Commander - Order HFLJQAMZNQLJ: Error in connecting to employee handle, trying again..
13:02:07.582 [Thread-582] WARN com.iluwatar.commander.Commander - Order HFLJQAMZNQLJ: Error in connecting to queue db, trying again..
13:02:07.582 [Thread-582] ERROR com.iluwatar.commander.Commander - Order HFLJQAMZNQLJ: Unable to enqueue task of type EMPLOYEE_DB, trying to add to employee handle..
13:02:07.582 [Thread-554] WARN com.iluwatar.commander.Commander - Order 4NXE26M32U6Y: Error in adding to employee db, trying to queue task..
13:02:07.582 [Thread-579] WARN com.iluwatar.commander.Commander - Order 4NXE26M32U6Y: Error in connecting to queue db, trying again..
13:02:07.582 [Thread-579] ERROR com.iluwatar.commander.Commander - Order 4NXE26M32U6Y: Unable to enqueue task of type EMPLOYEE_DB, trying to add to employee handle..
13:02:07.582 [Thread-578] WARN com.iluwatar.commander.Commander - Order JJL4DTMFQ06Z: Error in connecting to employee handle, trying again..
13:02:07.582 [Thread-577] INFO com.iluwatar.commander.Commander - Order JH6YC7279YUL: Added order to employee database
13:02:07.582 [Thread-560] WARN com.iluwatar.commander.Commander - Order 4NXE26M32U6Y: Error in adding to employee db, trying to queue task..
13:02:07.582 [Thread-576] WARN com.iluwatar.commander.Commander - Order 4NXE26M32U6Y: Error in connecting to queue db, trying again..
13:02:07.582 [Thread-576] ERROR com.iluwatar.commander.Commander - Order 4NXE26M32U6Y: Unable to enqueue task of type EMPLOYEE_DB, trying to add to employee handle..
13:02:07.582 [Thread-575] WARN com.iluwatar.commander.Commander - Order JJL4DTMFQ06Z: Error in connecting to employee handle, trying again..
13:02:07.582 [Thread-572] WARN com.iluwatar.commander.Commander - Order 9ONFO6OHJZJR: Error in adding to employee db, trying to queue task..
13:02:07.582 [Thread-574] WARN com.iluwatar.commander.Commander - Order 9ONFO6OHJZJR: Error in connecting to queue db, trying again..
13:02:07.582 [Thread-571] WARN com.iluwatar.commander.Commander - Order 9ONFO6OHJZJR: Error in adding to employee db, trying to queue task..
13:02:07.582 [Thread-574] ERROR com.iluwatar.commander.Commander - Order 9ONFO6OHJZJR: Unable to enqueue task of type EMPLOYEE_DB, trying to add to employee handle..
13:02:07.582 [Thread-573] WARN com.iluwatar.commander.Commander - Order 9ONFO6OHJZJR: Error in connecting to queue db, trying again..
13:02:07.582 [Thread-573] ERROR com.iluwatar.commander.Commander - Order 9ONFO6OHJZJR: Unable to enqueue task of type EMPLOYEE_DB, trying to add to employee handle..
13:02:07.582 [Thread-566] WARN com.iluwatar.commander.Commander - Order R38MVCRX5U5U: Error in adding to employee db, trying to queue task..
13:02:07.582 [Thread-570] WARN com.iluwatar.commander.Commander - Order R38MVCRX5U5U: Error in connecting to queue db, trying again..
13:02:07.582 [Thread-570] ERROR com.iluwatar.commander.Commander - Order R38MVCRX5U5U: Unable to enqueue task of type EMPLOYEE_DB, trying to add to employee handle..
13:02:07.582 [main] ERROR com.iluwatar.commander.Commander - Order RTKF9YXM3NQA: Payment time for order over, failed and returning..
13:02:07.582 [Thread-569] DEBUG com.iluwatar.commander.Commander - Order RTKF9YXM3NQA: Error in connecting to messaging service (Payment Failure msg), trying again..
13:02:07.582 [main] INFO com.iluwatar.commander.Commander - Order RTKF9YXM3NQA: Shipping placed successfully, transaction id: RPA383YEK78I
13:02:07.582 [main] INFO com.iluwatar.commander.Commander - Order has been placed and will be shipped to you. Please wait while we make your payment... 
13:02:07.582 [main] INFO com.iluwatar.commander.Commander - Order RTKF9YXM3NQA: Shipping placed successfully, transaction id: JWH8KJDOLQCP
13:02:07.582 [main] INFO com.iluwatar.commander.Commander - Order has been placed and will be shipped to you. Please wait while we make your payment... 
13:02:07.582 [Thread-568] INFO com.iluwatar.commander.Commander - Order JH6YC7279YUL: EMPLOYEE_DB task enqueued..
13:02:07.582 [Thread-565] WARN com.iluwatar.commander.Commander - Order JH6YC7279YUL: Error in adding to employee db, trying to queue task..
13:02:07.582 [Thread-567] WARN com.iluwatar.commander.Commander - Order R38MVCRX5U5U: Error in connecting to employee handle, trying again..
13:02:07.582 [Thread-569] WARN com.iluwatar.commander.Commander - Order RTKF9YXM3NQA: Error in sending Payment Failure message, trying to queue task and add to employee handle..
13:02:07.582 [Thread-595] WARN com.iluwatar.commander.Commander - Order RTKF9YXM3NQA: Error in connecting to queue db, trying again..
13:02:07.582 [Thread-595] ERROR com.iluwatar.commander.Commander - Order RTKF9YXM3NQA: Unable to enqueue task of type Payment Failure Message, trying to add to employee handle..
13:02:07.582 [Thread-594] WARN com.iluwatar.commander.Commander - Order R38MVCRX5U5U: Error in connecting to employee handle, trying again..
]]></system-out>
  </testcase>
  <testcase name="testPlaceOrderShortDuration2" classname="com.iluwatar.commander.CommanderTest" time="0.007">
    <system-out><![CDATA[13:02:07.583 [Thread-593] WARN com.iluwatar.commander.Commander - Order 9ONFO6OHJZJR: Error in connecting to employee handle, trying again..
13:02:07.583 [Thread-593] WARN com.iluwatar.commander.Commander - Order 9ONFO6OHJZJR: Error in adding to employee db, trying to queue task..
13:02:07.583 [Thread-602] WARN com.iluwatar.commander.Commander - Order 9ONFO6OHJZJR: Error in connecting to queue db, trying again..
13:02:07.583 [Thread-602] ERROR com.iluwatar.commander.Commander - Order 9ONFO6OHJZJR: Unable to enqueue task of type EMPLOYEE_DB, trying to add to employee handle..
13:02:07.583 [Thread-592] WARN com.iluwatar.commander.Commander - Order 9ONFO6OHJZJR: Error in connecting to employee handle, trying again..
13:02:07.583 [Thread-592] WARN com.iluwatar.commander.Commander - Order 9ONFO6OHJZJR: Error in adding to employee db, trying to queue task..
13:02:07.583 [Thread-604] WARN com.iluwatar.commander.Commander - Order 9ONFO6OHJZJR: Error in connecting to queue db, trying again..
13:02:07.583 [Thread-575] WARN com.iluwatar.commander.Commander - Order JJL4DTMFQ06Z: Error in adding to employee db, trying to queue task..
13:02:07.583 [Thread-604] ERROR com.iluwatar.commander.Commander - Order 9ONFO6OHJZJR: Unable to enqueue task of type EMPLOYEE_DB, trying to add to employee handle..
13:02:07.583 [Thread-591] WARN com.iluwatar.commander.Commander - Order JJL4DTMFQ06Z: Error in connecting to queue db, trying again..
13:02:07.583 [Thread-591] ERROR com.iluwatar.commander.Commander - Order JJL4DTMFQ06Z: Unable to enqueue task of type EMPLOYEE_DB, trying to add to employee handle..
13:02:07.583 [Thread-605] WARN com.iluwatar.commander.Commander - Order 9ONFO6OHJZJR: Error in connecting to employee handle, trying again..
13:02:07.583 [Thread-578] WARN com.iluwatar.commander.Commander - Order JJL4DTMFQ06Z: Error in adding to employee db, trying to queue task..
13:02:07.583 [Thread-590] WARN com.iluwatar.commander.Commander - Order 4NXE26M32U6Y: Error in connecting to employee handle, trying again..
13:02:07.583 [Thread-589] WARN com.iluwatar.commander.Commander - Order JJL4DTMFQ06Z: Error in connecting to queue db, trying again..
13:02:07.583 [Thread-589] ERROR com.iluwatar.commander.Commander - Order JJL4DTMFQ06Z: Unable to enqueue task of type EMPLOYEE_DB, trying to add to employee handle..
13:02:07.583 [Thread-590] WARN com.iluwatar.commander.Commander - Order 4NXE26M32U6Y: Error in adding to employee db, trying to queue task..
13:02:07.583 [main] DEBUG com.iluwatar.commander.Commander - Order 0KINJ8N562CS: Error in connecting to shipping service, trying again..
13:02:07.583 [main] INFO com.iluwatar.commander.Commander - Sorry, there was a problem in creating your order. Please try later.
13:02:07.583 [main] ERROR com.iluwatar.commander.Commander - Order 0KINJ8N562CS: Shipping service unavailable, order not placed..
13:02:07.583 [Thread-608] WARN com.iluwatar.commander.Commander - Order 4NXE26M32U6Y: Error in connecting to queue db, trying again..
13:02:07.583 [main] INFO com.iluwatar.commander.Commander - Order 0KINJ8N562CS: Shipping placed successfully, transaction id: NPAANDX4USL7
13:02:07.583 [main] INFO com.iluwatar.commander.Commander - Order has been placed and will be shipped to you. Please wait while we make your payment... 
13:02:07.583 [Thread-608] ERROR com.iluwatar.commander.Commander - Order 4NXE26M32U6Y: Unable to enqueue task of type EMPLOYEE_DB, trying to add to employee handle..
13:02:07.583 [Thread-588] WARN com.iluwatar.commander.Commander - Order 4NXE26M32U6Y: Error in connecting to employee handle, trying again..
13:02:07.583 [Thread-588] WARN com.iluwatar.commander.Commander - Order 4NXE26M32U6Y: Error in adding to employee db, trying to queue task..
13:02:07.583 [Thread-612] INFO com.iluwatar.commander.Commander - Order 4NXE26M32U6Y: EMPLOYEE_DB task enqueued..
13:02:07.584 [Thread-583] WARN com.iluwatar.commander.Commander - Order HFLJQAMZNQLJ: Error in adding to employee db, trying to queue task..
13:02:07.584 [Thread-584] INFO com.iluwatar.commander.Commander - Order HFLJQAMZNQLJ: EMPLOYEE_DB task enqueued..
13:02:07.584 [Thread-585] INFO com.iluwatar.commander.Commander - Order HFLJQAMZNQLJ: Added order to employee database
13:02:07.584 [Thread-611] INFO com.iluwatar.commander.Commander - Order 4NXE26M32U6Y: Added order to employee database
13:02:07.584 [main] INFO com.iluwatar.commander.Commander - Order 0KINJ8N562CS: Shipping placed successfully, transaction id: 79O1LIFTKYVH
13:02:07.584 [main] INFO com.iluwatar.commander.Commander - Order has been placed and will be shipped to you. Please wait while we make your payment... 
13:02:07.584 [main] INFO com.iluwatar.commander.Commander - Order 0KINJ8N562CS: Shipping placed successfully, transaction id: J6CSQ4VTMOR8
13:02:07.584 [main] INFO com.iluwatar.commander.Commander - Order has been placed and will be shipped to you. Please wait while we make your payment... 
13:02:07.584 [Thread-610] DEBUG com.iluwatar.commander.Commander - Order 0KINJ8N562CS: Error in connecting to payment service, trying again..
13:02:07.584 [Thread-620] DEBUG com.iluwatar.commander.Commander - Order 0KINJ8N562CS: Error in connecting to payment service, trying again..
13:02:07.584 [Thread-620] WARN com.iluwatar.commander.Commander - Order 0KINJ8N562CS: Payment error, going to queue..
13:02:07.584 [Thread-610] WARN com.iluwatar.commander.Commander - Order 0KINJ8N562CS: Payment error, going to queue..
13:02:07.584 [Thread-609] WARN com.iluwatar.commander.Commander - Order JJL4DTMFQ06Z: Error in connecting to employee handle, trying again..
13:02:07.584 [Thread-605] WARN com.iluwatar.commander.Commander - Order 9ONFO6OHJZJR: Error in adding to employee db, trying to queue task..
13:02:07.584 [Thread-622] DEBUG com.iluwatar.commander.Commander - Order 0KINJ8N562CS: Error in connecting to messaging service (Payment Error msg), trying again..
13:02:07.584 [Thread-607] WARN com.iluwatar.commander.Commander - Order 9ONFO6OHJZJR: Error in connecting to queue db, trying again..
13:02:07.584 [Thread-607] ERROR com.iluwatar.commander.Commander - Order 9ONFO6OHJZJR: Unable to enqueue task of type EMPLOYEE_DB, trying to add to employee handle..
13:02:07.584 [Thread-606] INFO com.iluwatar.commander.Commander - Order JJL4DTMFQ06Z: Added order to employee database
13:02:07.584 [Thread-603] WARN com.iluwatar.commander.Commander - Order 9ONFO6OHJZJR: Error in connecting to employee handle, trying again..
13:02:07.584 [Thread-594] WARN com.iluwatar.commander.Commander - Order R38MVCRX5U5U: Error in adding to employee db, trying to queue task..
13:02:07.584 [Thread-603] WARN com.iluwatar.commander.Commander - Order 9ONFO6OHJZJR: Error in adding to employee db, trying to queue task..
13:02:07.584 [Thread-601] WARN com.iluwatar.commander.Commander - Order R38MVCRX5U5U: Error in connecting to queue db, trying again..
13:02:07.584 [Thread-601] ERROR com.iluwatar.commander.Commander - Order R38MVCRX5U5U: Unable to enqueue task of type EMPLOYEE_DB, trying to add to employee handle..
13:02:07.584 [Thread-628] INFO com.iluwatar.commander.Commander - Order 9ONFO6OHJZJR: EMPLOYEE_DB task enqueued..
13:02:07.584 [Thread-600] WARN com.iluwatar.commander.Commander - Order RTKF9YXM3NQA: Error in connecting to employee handle, trying again..
13:02:07.584 [Thread-599] WARN com.iluwatar.commander.Commander - Order RTKF9YXM3NQA: Error in connecting to employee handle, trying again..
13:02:07.584 [Thread-567] WARN com.iluwatar.commander.Commander - Order R38MVCRX5U5U: Error in adding to employee db, trying to queue task..
13:02:07.584 [Thread-597] WARN com.iluwatar.commander.Commander - Order R38MVCRX5U5U: Error in connecting to queue db, trying again..
13:02:07.584 [Thread-597] ERROR com.iluwatar.commander.Commander - Order R38MVCRX5U5U: Unable to enqueue task of type EMPLOYEE_DB, trying to add to employee handle..
13:02:07.584 [Thread-599] WARN com.iluwatar.commander.Commander - Order RTKF9YXM3NQA: Error in adding to employee db, trying to queue task..
13:02:07.585 [Thread-632] WARN com.iluwatar.commander.Commander - Order RTKF9YXM3NQA: Error in connecting to queue db, trying again..
13:02:07.585 [Thread-632] ERROR com.iluwatar.commander.Commander - Order RTKF9YXM3NQA: Unable to enqueue task of type EMPLOYEE_DB, trying to add to employee handle..
13:02:07.585 [Thread-600] WARN com.iluwatar.commander.Commander - Order RTKF9YXM3NQA: Error in adding to employee db, trying to queue task..
13:02:07.585 [Thread-631] WARN com.iluwatar.commander.Commander - Order RTKF9YXM3NQA: Error in connecting to queue db, trying again..
13:02:07.585 [Thread-631] ERROR com.iluwatar.commander.Commander - Order RTKF9YXM3NQA: Unable to enqueue task of type EMPLOYEE_DB, trying to add to employee handle..
13:02:07.585 [Thread-629] WARN com.iluwatar.commander.Commander - Order R38MVCRX5U5U: Error in connecting to employee handle, trying again..
13:02:07.585 [Thread-629] WARN com.iluwatar.commander.Commander - Order R38MVCRX5U5U: Error in adding to employee db, trying to queue task..
13:02:07.585 [Thread-639] WARN com.iluwatar.commander.Commander - Order R38MVCRX5U5U: Error in connecting to queue db, trying again..
13:02:07.585 [Thread-639] ERROR com.iluwatar.commander.Commander - Order R38MVCRX5U5U: Unable to enqueue task of type EMPLOYEE_DB, trying to add to employee handle..
13:02:07.585 [Thread-622] WARN com.iluwatar.commander.Commander - Order 0KINJ8N562CS: Error in sending Payment Error message, trying to queue task and add to employee handle..
13:02:07.585 [Thread-627] INFO com.iluwatar.commander.Commander - Order 9ONFO6OHJZJR: Added order to employee database
13:02:07.585 [Thread-609] WARN com.iluwatar.commander.Commander - Order JJL4DTMFQ06Z: Error in adding to employee db, trying to queue task..
13:02:07.585 [Thread-626] WARN com.iluwatar.commander.Commander - Order 0KINJ8N562CS: Error in connecting to queue db, trying again..
13:02:07.585 [Thread-626] ERROR com.iluwatar.commander.Commander - Order 0KINJ8N562CS: Unable to enqueue task of type Payment Error Message, trying to add to employee handle..
13:02:07.585 [Thread-625] INFO com.iluwatar.commander.Commander - Order JJL4DTMFQ06Z: EMPLOYEE_DB task enqueued..
13:02:07.585 [Thread-624] WARN com.iluwatar.commander.Commander - Order 0KINJ8N562CS: Error in connecting to queue db, trying again..
13:02:07.585 [Thread-621] DEBUG com.iluwatar.commander.Commander - Order 0KINJ8N562CS: Error in connecting to payment service, trying again..
13:02:07.585 [Thread-621] WARN com.iluwatar.commander.Commander - Order 0KINJ8N562CS: Payment error, going to queue..
13:02:07.585 [main] DEBUG com.iluwatar.commander.Commander - Order VZPIBA43NWHT: Error in connecting to shipping service, trying again..
13:02:07.585 [main] INFO com.iluwatar.commander.Commander - Sorry, there was a problem in creating your order. Please try later.
13:02:07.585 [main] ERROR com.iluwatar.commander.Commander - Order VZPIBA43NWHT: Shipping service unavailable, order not placed..
13:02:07.585 [main] INFO com.iluwatar.commander.Commander - Order VZPIBA43NWHT: Shipping placed successfully, transaction id: M1QML8OQ4AWA
13:02:07.585 [main] INFO com.iluwatar.commander.Commander - Order has been placed and will be shipped to you. Please wait while we make your payment... 
13:02:07.585 [Thread-624] ERROR com.iluwatar.commander.Commander - Order 0KINJ8N562CS: Unable to enqueue payment task, payment failed..
13:02:07.585 [Thread-624] ERROR com.iluwatar.commander.Commander - Order 0KINJ8N562CS: Unable to enqueue task of type PAYMENT, trying to add to employee handle..
13:02:07.585 [Thread-644] INFO com.iluwatar.commander.messagingservice.MessagingService - Msg: There was an error in your payment process. Your order is placed and has been converted to COD. Please reach us on CUSTOMER-CARE-NUBER in case of any queries. Thank you for shopping with us!
13:02:07.585 [Thread-644] INFO com.iluwatar.commander.Commander - Order 0KINJ8N562CS: Payment Failure message sent successfully, request Id: KTKVRSNQX5IK
13:02:07.585 [Thread-642] WARN com.iluwatar.commander.Commander - Order 0KINJ8N562CS: Error in connecting to employee handle, trying again..
13:02:07.585 [Thread-641] WARN com.iluwatar.commander.Commander - Order 0KINJ8N562CS: Error in connecting to employee handle, trying again..
13:02:07.585 [Thread-640] WARN com.iluwatar.commander.Commander - Order R38MVCRX5U5U: Error in connecting to employee handle, trying again..
13:02:07.586 [Thread-636] WARN com.iluwatar.commander.Commander - Order RTKF9YXM3NQA: Error in connecting to employee handle, trying again..
13:02:07.586 [Thread-635] WARN com.iluwatar.commander.Commander - Order RTKF9YXM3NQA: Error in connecting to employee handle, trying again..
13:02:07.586 [Thread-636] WARN com.iluwatar.commander.Commander - Order RTKF9YXM3NQA: Error in adding to employee db, trying to queue task..
13:02:07.586 [Thread-653] WARN com.iluwatar.commander.Commander - Order RTKF9YXM3NQA: Error in connecting to queue db, trying again..
13:02:07.586 [Thread-653] ERROR com.iluwatar.commander.Commander - Order RTKF9YXM3NQA: Unable to enqueue task of type EMPLOYEE_DB, trying to add to employee handle..
13:02:07.586 [Thread-634] WARN com.iluwatar.commander.Commander - Order R38MVCRX5U5U: Error in connecting to employee handle, trying again..
13:02:07.586 [Thread-655] WARN com.iluwatar.commander.Commander - Order RTKF9YXM3NQA: Error in connecting to employee handle, trying again..
13:02:07.586 [Thread-635] WARN com.iluwatar.commander.Commander - Order RTKF9YXM3NQA: Error in adding to employee db, trying to queue task..
13:02:07.586 [Thread-634] WARN com.iluwatar.commander.Commander - Order R38MVCRX5U5U: Error in adding to employee db, trying to queue task..
13:02:07.586 [Thread-654] WARN com.iluwatar.commander.Commander - Order RTKF9YXM3NQA: Error in connecting to queue db, trying again..
13:02:07.586 [Thread-654] ERROR com.iluwatar.commander.Commander - Order RTKF9YXM3NQA: Unable to enqueue task of type EMPLOYEE_DB, trying to add to employee handle..
13:02:07.586 [Thread-656] WARN com.iluwatar.commander.Commander - Order R38MVCRX5U5U: Error in connecting to queue db, trying again..
13:02:07.586 [Thread-656] ERROR com.iluwatar.commander.Commander - Order R38MVCRX5U5U: Unable to enqueue task of type EMPLOYEE_DB, trying to add to employee handle..
13:02:07.586 [Thread-658] WARN com.iluwatar.commander.Commander - Order RTKF9YXM3NQA: Error in connecting to employee handle, trying again..
13:02:07.586 [Thread-659] INFO com.iluwatar.commander.Commander - Order R38MVCRX5U5U: Added order to employee database
13:02:07.586 [Thread-640] WARN com.iluwatar.commander.Commander - Order R38MVCRX5U5U: Error in adding to employee db, trying to queue task..
13:02:07.586 [Thread-641] WARN com.iluwatar.commander.Commander - Order 0KINJ8N562CS: Error in adding to employee db, trying to queue task..
13:02:07.586 [Thread-652] INFO com.iluwatar.commander.Commander - Order R38MVCRX5U5U: EMPLOYEE_DB task enqueued..
13:02:07.586 [Thread-651] WARN com.iluwatar.commander.Commander - Order 0KINJ8N562CS: Error in connecting to queue db, trying again..
13:02:07.586 [Thread-651] ERROR com.iluwatar.commander.Commander - Order 0KINJ8N562CS: Unable to enqueue task of type EMPLOYEE_DB, trying to add to employee handle..
13:02:07.586 [Thread-642] WARN com.iluwatar.commander.Commander - Order 0KINJ8N562CS: Error in adding to employee db, trying to queue task..
13:02:07.586 [Thread-650] WARN com.iluwatar.commander.Commander - Order 0KINJ8N562CS: Error in connecting to queue db, trying again..
13:02:07.586 [Thread-650] ERROR com.iluwatar.commander.Commander - Order 0KINJ8N562CS: Unable to enqueue task of type EMPLOYEE_DB, trying to add to employee handle..
13:02:07.586 [Thread-662] WARN com.iluwatar.commander.Commander - Order 0KINJ8N562CS: Error in connecting to employee handle, trying again..
13:02:07.586 [Thread-649] WARN com.iluwatar.commander.Commander - Order 0KINJ8N562CS: Error in connecting to employee handle, trying again..
13:02:07.586 [Thread-649] WARN com.iluwatar.commander.Commander - Order 0KINJ8N562CS: Error in adding to employee db, trying to queue task..
13:02:07.586 [Thread-665] WARN com.iluwatar.commander.Commander - Order 0KINJ8N562CS: Error in connecting to queue db, trying again..
13:02:07.586 [Thread-665] ERROR com.iluwatar.commander.Commander - Order 0KINJ8N562CS: Unable to enqueue task of type EMPLOYEE_DB, trying to add to employee handle..
13:02:07.586 [main] INFO com.iluwatar.commander.Commander - Order VZPIBA43NWHT: Shipping placed successfully, transaction id: 3YM0EIDXIA2Y
13:02:07.586 [main] INFO com.iluwatar.commander.Commander - Order has been placed and will be shipped to you. Please wait while we make your payment... 
13:02:07.586 [Thread-647] DEBUG com.iluwatar.commander.Commander - Order VZPIBA43NWHT: Error in connecting to payment service, trying again..
13:02:07.586 [Thread-647] WARN com.iluwatar.commander.Commander - Order VZPIBA43NWHT: Payment error, going to queue..
13:02:07.586 [Thread-666] WARN com.iluwatar.commander.Commander - Order 0KINJ8N562CS: Error in connecting to employee handle, trying again..
13:02:07.586 [main] INFO com.iluwatar.commander.Commander - Order VZPIBA43NWHT: Shipping placed successfully, transaction id: NBTP5FXYPOJF
13:02:07.586 [main] INFO com.iluwatar.commander.Commander - Order has been placed and will be shipped to you. Please wait while we make your payment... 
13:02:07.586 [Thread-667] DEBUG com.iluwatar.commander.Commander - Order VZPIBA43NWHT: Error in connecting to payment service, trying again..
13:02:07.586 [Thread-666] WARN com.iluwatar.commander.Commander - Order 0KINJ8N562CS: Error in adding to employee db, trying to queue task..
13:02:07.586 [Thread-667] WARN com.iluwatar.commander.Commander - Order VZPIBA43NWHT: Payment error, going to queue..
13:02:07.586 [Thread-669] WARN com.iluwatar.commander.Commander - Order 0KINJ8N562CS: Error in connecting to queue db, trying again..
13:02:07.586 [Thread-669] ERROR com.iluwatar.commander.Commander - Order 0KINJ8N562CS: Unable to enqueue task of type EMPLOYEE_DB, trying to add to employee handle..
13:02:07.586 [Thread-664] WARN com.iluwatar.commander.Commander - Order 0KINJ8N562CS: Error in connecting to employee handle, trying again..
13:02:07.586 [Thread-662] WARN com.iluwatar.commander.Commander - Order 0KINJ8N562CS: Error in adding to employee db, trying to queue task..
13:02:07.586 [Thread-663] INFO com.iluwatar.commander.Commander - Order 0KINJ8N562CS: EMPLOYEE_DB task enqueued..
13:02:07.586 [Thread-674] DEBUG com.iluwatar.commander.Commander - Order 0KINJ8N562CS: Trying to connect to employee handle..
13:02:07.586 [Thread-675] INFO com.iluwatar.commander.Commander - Order 0KINJ8N562CS: Added order to employee database
13:02:07.587 [Thread-658] WARN com.iluwatar.commander.Commander - Order RTKF9YXM3NQA: Error in adding to employee db, trying to queue task..
13:02:07.587 [Thread-660] WARN com.iluwatar.commander.Commander - Order RTKF9YXM3NQA: Error in connecting to queue db, trying again..
13:02:07.587 [Thread-660] ERROR com.iluwatar.commander.Commander - Order RTKF9YXM3NQA: Unable to enqueue task of type EMPLOYEE_DB, trying to add to employee handle..
13:02:07.587 [Thread-655] WARN com.iluwatar.commander.Commander - Order RTKF9YXM3NQA: Error in adding to employee db, trying to queue task..
13:02:07.587 [Thread-657] INFO com.iluwatar.commander.Commander - Order RTKF9YXM3NQA: EMPLOYEE_DB task enqueued..
13:02:07.587 [Thread-677] INFO com.iluwatar.commander.Commander - Order RTKF9YXM3NQA: Added order to employee database
13:02:07.587 [Thread-664] WARN com.iluwatar.commander.Commander - Order 0KINJ8N562CS: Error in adding to employee db, trying to queue task..
13:02:07.587 [Thread-673] INFO com.iluwatar.commander.Commander - Order 0KINJ8N562CS: EMPLOYEE_DB task enqueued..
13:02:07.587 [Thread-671] DEBUG com.iluwatar.commander.Commander - Order VZPIBA43NWHT: Error in connecting to messaging service (Payment Error msg), trying again..
13:02:07.587 [Thread-671] WARN com.iluwatar.commander.Commander - Order VZPIBA43NWHT: Error in sending Payment Error message, trying to queue task and add to employee handle..
13:02:07.587 [Thread-668] INFO com.iluwatar.commander.messagingservice.MessagingService - Msg: There was an error in your payment process, we are working on it and will return back to you shortly. Meanwhile, your order has been placed and will be shipped.
13:02:07.587 [Thread-668] INFO com.iluwatar.commander.Commander - Order VZPIBA43NWHT: Payment Error message sent successfully, request Id: 4N95L8I2SPFK
13:02:07.587 [main] DEBUG com.iluwatar.commander.Commander - Order I8IGEG26AFT7: Error in connecting to shipping service, trying again..
13:02:07.587 [main] INFO com.iluwatar.commander.Commander - Sorry, there was a problem in creating your order. Please try later.
13:02:07.587 [main] ERROR com.iluwatar.commander.Commander - Order I8IGEG26AFT7: Shipping service unavailable, order not placed..
13:02:07.587 [main] INFO com.iluwatar.commander.Commander - Order I8IGEG26AFT7: Shipping placed successfully, transaction id: 6GJDBRVTAM1A
13:02:07.587 [Thread-670] DEBUG com.iluwatar.commander.Commander - Order VZPIBA43NWHT: Error in connecting to payment service, trying again..
13:02:07.587 [Thread-683] WARN com.iluwatar.commander.Commander - Order VZPIBA43NWHT: Error in connecting to employee handle, trying again..
13:02:07.587 [Thread-683] WARN com.iluwatar.commander.Commander - Order VZPIBA43NWHT: Error in adding to employee db, trying to queue task..
13:02:07.587 [main] INFO com.iluwatar.commander.Commander - Order has been placed and will be shipped to you. Please wait while we make your payment... 
13:02:07.587 [main] INFO com.iluwatar.commander.Commander - Order I8IGEG26AFT7: Shipping placed successfully, transaction id: 2WAWJTIT63V3
13:02:07.587 [main] INFO com.iluwatar.commander.Commander - Order has been placed and will be shipped to you. Please wait while we make your payment... 
13:02:07.587 [Thread-684] DEBUG com.iluwatar.commander.Commander - Order I8IGEG26AFT7: Error in connecting to payment service, trying again..
13:02:07.587 [Thread-684] WARN com.iluwatar.commander.Commander - Order I8IGEG26AFT7: Payment error, going to queue..
13:02:07.587 [main] INFO com.iluwatar.commander.Commander - Order I8IGEG26AFT7: Shipping placed successfully, transaction id: IPSLHDFK683X
13:02:07.587 [main] INFO com.iluwatar.commander.Commander - Order has been placed and will be shipped to you. Please wait while we make your payment... 
13:02:07.587 [Thread-686] DEBUG com.iluwatar.commander.Commander - Order I8IGEG26AFT7: Error in connecting to payment service, trying again..
13:02:07.587 [Thread-686] WARN com.iluwatar.commander.Commander - Order I8IGEG26AFT7: Payment error, going to queue..
13:02:07.587 [Thread-688] DEBUG com.iluwatar.commander.Commander - Order I8IGEG26AFT7: Error in connecting to payment service, trying again..
13:02:07.587 [Thread-688] WARN com.iluwatar.commander.Commander - Order I8IGEG26AFT7: Payment error, going to queue..
13:02:07.587 [Thread-687] DEBUG com.iluwatar.commander.Commander - Order I8IGEG26AFT7: Error in connecting to messaging service (Payment Error msg), trying again..
13:02:07.587 [Thread-687] WARN com.iluwatar.commander.Commander - Order I8IGEG26AFT7: Error in sending Payment Error message, trying to queue task and add to employee handle..
13:02:07.587 [main] DEBUG com.iluwatar.commander.Commander - Order ZKU9D401MI6J: Error in connecting to shipping service, trying again..
13:02:07.587 [main] INFO com.iluwatar.commander.Commander - Sorry, there was a problem in creating your order. Please try later.
13:02:07.587 [main] ERROR com.iluwatar.commander.Commander - Order ZKU9D401MI6J: Shipping service unavailable, order not placed..
13:02:07.587 [main] INFO com.iluwatar.commander.Commander - Order ZKU9D401MI6J: Shipping placed successfully, transaction id: 5Y7IOAMFNOCL
13:02:07.587 [main] INFO com.iluwatar.commander.Commander - Order has been placed and will be shipped to you. Please wait while we make your payment... 
13:02:07.587 [Thread-691] WARN com.iluwatar.commander.Commander - Order I8IGEG26AFT7: Error in connecting to employee handle, trying again..
13:02:07.587 [Thread-691] WARN com.iluwatar.commander.Commander - Order I8IGEG26AFT7: Error in adding to employee db, trying to queue task..
13:02:07.587 [Thread-690] INFO com.iluwatar.commander.messagingservice.MessagingService - Msg: There was an error in your payment process, we are working on it and will return back to you shortly. Meanwhile, your order has been placed and will be shipped.
13:02:07.587 [main] INFO com.iluwatar.commander.Commander - Order ZKU9D401MI6J: Shipping placed successfully, transaction id: 4BYBDGPNH049
13:02:07.587 [main] INFO com.iluwatar.commander.Commander - Order has been placed and will be shipped to you. Please wait while we make your payment... 
13:02:07.587 [Thread-690] INFO com.iluwatar.commander.Commander - Order I8IGEG26AFT7: Payment Error message sent successfully, request Id: 0RHQTPJJTTQB
13:02:07.587 [main] INFO com.iluwatar.commander.Commander - Order ZKU9D401MI6J: Shipping placed successfully, transaction id: E2EGI4OPNLN8
13:02:07.587 [main] INFO com.iluwatar.commander.Commander - Order has been placed and will be shipped to you. Please wait while we make your payment... 
13:02:07.587 [Thread-692] DEBUG com.iluwatar.commander.Commander - Order ZKU9D401MI6J: Error in connecting to payment service, trying again..
13:02:07.587 [Thread-692] WARN com.iluwatar.commander.Commander - Order ZKU9D401MI6J: Payment error, going to queue..
13:02:07.587 [Thread-693] DEBUG com.iluwatar.commander.Commander - Order ZKU9D401MI6J: Error in connecting to payment service, trying again..
13:02:07.587 [Thread-693] WARN com.iluwatar.commander.Commander - Order ZKU9D401MI6J: Payment error, going to queue..
13:02:07.588 [Thread-694] DEBUG com.iluwatar.commander.Commander - Order ZKU9D401MI6J: Error in connecting to payment service, trying again..
13:02:07.588 [Thread-694] WARN com.iluwatar.commander.Commander - Order ZKU9D401MI6J: Payment error, going to queue..
13:02:07.588 [main] DEBUG com.iluwatar.commander.Commander - Order RT7K54GYCEP5: Error in connecting to shipping service, trying again..
13:02:07.588 [main] INFO com.iluwatar.commander.Commander - Sorry, there was a problem in creating your order. Please try later.
13:02:07.588 [main] ERROR com.iluwatar.commander.Commander - Order RT7K54GYCEP5: Shipping service unavailable, order not placed..
13:02:07.588 [main] INFO com.iluwatar.commander.Commander - Order RT7K54GYCEP5: Shipping placed successfully, transaction id: O3LNTHY9L1GA
13:02:07.588 [main] INFO com.iluwatar.commander.Commander - Order has been placed and will be shipped to you. Please wait while we make your payment... 
13:02:07.588 [Thread-697] DEBUG com.iluwatar.commander.Commander - Order ZKU9D401MI6J: Error in connecting to messaging service (Payment Error msg), trying again..
13:02:07.588 [Thread-697] WARN com.iluwatar.commander.Commander - Order ZKU9D401MI6J: Error in sending Payment Error message, trying to queue task and add to employee handle..
13:02:07.588 [Thread-696] INFO com.iluwatar.commander.messagingservice.MessagingService - Msg: There was an error in your payment process, we are working on it and will return back to you shortly. Meanwhile, your order has been placed and will be shipped.
13:02:07.588 [Thread-696] INFO com.iluwatar.commander.Commander - Order ZKU9D401MI6J: Payment Error message sent successfully, request Id: MIJKN8LHDT9X
13:02:07.588 [Thread-699] WARN com.iluwatar.commander.Commander - Order ZKU9D401MI6J: Error in connecting to employee handle, trying again..
13:02:07.588 [Thread-699] WARN com.iluwatar.commander.Commander - Order ZKU9D401MI6J: Error in adding to employee db, trying to queue task..
13:02:07.588 [main] INFO com.iluwatar.commander.Commander - Order RT7K54GYCEP5: Shipping placed successfully, transaction id: 013GDFR1S4AT
13:02:07.588 [main] INFO com.iluwatar.commander.Commander - Order has been placed and will be shipped to you. Please wait while we make your payment... 
13:02:07.588 [Thread-698] DEBUG com.iluwatar.commander.Commander - Order RT7K54GYCEP5: Error in connecting to payment service, trying again..
13:02:07.588 [Thread-698] WARN com.iluwatar.commander.Commander - Order RT7K54GYCEP5: Payment error, going to queue..
13:02:07.588 [Thread-700] DEBUG com.iluwatar.commander.Commander - Order RT7K54GYCEP5: Error in connecting to payment service, trying again..
13:02:07.588 [main] INFO com.iluwatar.commander.Commander - Order RT7K54GYCEP5: Shipping placed successfully, transaction id: KTU7MQAGZA6R
13:02:07.588 [main] INFO com.iluwatar.commander.Commander - Order has been placed and will be shipped to you. Please wait while we make your payment... 
13:02:07.588 [Thread-700] WARN com.iluwatar.commander.Commander - Order RT7K54GYCEP5: Payment error, going to queue..
13:02:07.588 [Thread-701] DEBUG com.iluwatar.commander.Commander - Order RT7K54GYCEP5: Error in connecting to messaging service (Payment Error msg), trying again..
13:02:07.588 [Thread-701] WARN com.iluwatar.commander.Commander - Order RT7K54GYCEP5: Error in sending Payment Error message, trying to queue task and add to employee handle..
13:02:07.588 [Thread-702] DEBUG com.iluwatar.commander.Commander - Order RT7K54GYCEP5: Error in connecting to payment service, trying again..
13:02:07.588 [Thread-702] WARN com.iluwatar.commander.Commander - Order RT7K54GYCEP5: Payment error, going to queue..
13:02:07.588 [Thread-704] WARN com.iluwatar.commander.Commander - Order RT7K54GYCEP5: Error in connecting to employee handle, trying again..
13:02:07.588 [Thread-704] WARN com.iluwatar.commander.Commander - Order RT7K54GYCEP5: Error in adding to employee db, trying to queue task..
13:02:07.588 [Thread-703] INFO com.iluwatar.commander.messagingservice.MessagingService - Msg: There was an error in your payment process, we are working on it and will return back to you shortly. Meanwhile, your order has been placed and will be shipped.
13:02:07.588 [Thread-703] INFO com.iluwatar.commander.Commander - Order RT7K54GYCEP5: Payment Error message sent successfully, request Id: 9OZF0YY0QPI4
13:02:07.588 [main] DEBUG com.iluwatar.commander.Commander - Order B76FMPE6Z62R: Error in connecting to shipping service, trying again..
13:02:07.588 [main] INFO com.iluwatar.commander.Commander - Sorry, there was a problem in creating your order. Please try later.
13:02:07.588 [main] ERROR com.iluwatar.commander.Commander - Order B76FMPE6Z62R: Shipping service unavailable, order not placed..
13:02:07.588 [main] INFO com.iluwatar.commander.Commander - Order B76FMPE6Z62R: Shipping placed successfully, transaction id: 740CL7I2V7HY
13:02:07.588 [main] INFO com.iluwatar.commander.Commander - Order has been placed and will be shipped to you. Please wait while we make your payment... 
13:02:07.588 [main] INFO com.iluwatar.commander.Commander - Order B76FMPE6Z62R: Shipping placed successfully, transaction id: IT25E6079RA6
13:02:07.588 [main] INFO com.iluwatar.commander.Commander - Order has been placed and will be shipped to you. Please wait while we make your payment... 
13:02:07.588 [Thread-706] DEBUG com.iluwatar.commander.Commander - Order B76FMPE6Z62R: Error in connecting to payment service, trying again..
13:02:07.588 [Thread-706] WARN com.iluwatar.commander.Commander - Order B76FMPE6Z62R: Payment error, going to queue..
13:02:07.588 [main] INFO com.iluwatar.commander.Commander - Order B76FMPE6Z62R: Shipping placed successfully, transaction id: 055XBCEOFL8I
13:02:07.588 [main] INFO com.iluwatar.commander.Commander - Order has been placed and will be shipped to you. Please wait while we make your payment... 
13:02:07.588 [Thread-708] DEBUG com.iluwatar.commander.Commander - Order B76FMPE6Z62R: Error in connecting to messaging service (Payment Error msg), trying again..
13:02:07.588 [Thread-707] DEBUG com.iluwatar.commander.Commander - Order B76FMPE6Z62R: Error in connecting to payment service, trying again..
13:02:07.588 [Thread-708] WARN com.iluwatar.commander.Commander - Order B76FMPE6Z62R: Error in sending Payment Error message, trying to queue task and add to employee handle..
13:02:07.588 [Thread-709] DEBUG com.iluwatar.commander.Commander - Order B76FMPE6Z62R: Error in connecting to payment service, trying again..
13:02:07.588 [Thread-709] WARN com.iluwatar.commander.Commander - Order B76FMPE6Z62R: Payment error, going to queue..
13:02:07.588 [Thread-707] WARN com.iluwatar.commander.Commander - Order B76FMPE6Z62R: Payment error, going to queue..
13:02:07.588 [main] DEBUG com.iluwatar.commander.Commander - Order 0WX767EAXCCI: Error in connecting to shipping service, trying again..
13:02:07.588 [main] INFO com.iluwatar.commander.Commander - Sorry, there was a problem in creating your order. Please try later.
13:02:07.588 [main] ERROR com.iluwatar.commander.Commander - Order 0WX767EAXCCI: Shipping service unavailable, order not placed..
13:02:07.588 [Thread-710] WARN com.iluwatar.commander.Commander - Order B76FMPE6Z62R: Error in connecting to employee handle, trying again..
13:02:07.588 [Thread-710] WARN com.iluwatar.commander.Commander - Order B76FMPE6Z62R: Error in adding to employee db, trying to queue task..
13:02:07.588 [main] INFO com.iluwatar.commander.Commander - Order 0WX767EAXCCI: Shipping placed successfully, transaction id: CSI3C9QD1HIR
13:02:07.588 [main] INFO com.iluwatar.commander.Commander - Order has been placed and will be shipped to you. Please wait while we make your payment... 
13:02:07.588 [Thread-712] INFO com.iluwatar.commander.messagingservice.MessagingService - Msg: There was an error in your payment process, we are working on it and will return back to you shortly. Meanwhile, your order has been placed and will be shipped.
13:02:07.588 [Thread-712] INFO com.iluwatar.commander.Commander - Order B76FMPE6Z62R: Payment Error message sent successfully, request Id: 2XIRFXYHMLX5
13:02:07.588 [main] INFO com.iluwatar.commander.Commander - Order 0WX767EAXCCI: Shipping placed successfully, transaction id: 19MKEMT0K63X
13:02:07.588 [main] INFO com.iluwatar.commander.Commander - Order has been placed and will be shipped to you. Please wait while we make your payment... 
13:02:07.588 [Thread-711] INFO com.iluwatar.commander.messagingservice.MessagingService - Msg: There was an error in your payment process, we are working on it and will return back to you shortly. Meanwhile, your order has been placed and will be shipped.
13:02:07.588 [Thread-711] INFO com.iluwatar.commander.Commander - Order B76FMPE6Z62R: Payment Error message sent successfully, request Id: 00MECQV10W1I
13:02:07.588 [Thread-713] DEBUG com.iluwatar.commander.Commander - Order 0WX767EAXCCI: Error in connecting to payment service, trying again..
13:02:07.588 [Thread-713] WARN com.iluwatar.commander.Commander - Order 0WX767EAXCCI: Payment error, going to queue..
13:02:07.588 [Thread-714] DEBUG com.iluwatar.commander.Commander - Order 0WX767EAXCCI: Error in connecting to payment service, trying again..
13:02:07.588 [main] INFO com.iluwatar.commander.Commander - Order 0WX767EAXCCI: Shipping placed successfully, transaction id: A6YLA2FMVTSU
13:02:07.588 [main] INFO com.iluwatar.commander.Commander - Order has been placed and will be shipped to you. Please wait while we make your payment... 
13:02:07.588 [Thread-714] WARN com.iluwatar.commander.Commander - Order 0WX767EAXCCI: Payment error, going to queue..
13:02:07.588 [Thread-715] DEBUG com.iluwatar.commander.Commander - Order 0WX767EAXCCI: Error in connecting to messaging service (Payment Error msg), trying again..
13:02:07.588 [Thread-715] WARN com.iluwatar.commander.Commander - Order 0WX767EAXCCI: Error in sending Payment Error message, trying to queue task and add to employee handle..
13:02:07.588 [Thread-716] DEBUG com.iluwatar.commander.Commander - Order 0WX767EAXCCI: Error in connecting to payment service, trying again..
13:02:07.588 [Thread-716] WARN com.iluwatar.commander.Commander - Order 0WX767EAXCCI: Payment error, going to queue..
13:02:07.588 [main] DEBUG com.iluwatar.commander.Commander - Order QL3EBP9BRFVM: Error in connecting to shipping service, trying again..
13:02:07.589 [main] INFO com.iluwatar.commander.Commander - Sorry, there was a problem in creating your order. Please try later.
13:02:07.589 [main] ERROR com.iluwatar.commander.Commander - Order QL3EBP9BRFVM: Shipping service unavailable, order not placed..
13:02:07.589 [Thread-717] INFO com.iluwatar.commander.messagingservice.MessagingService - Msg: There was an error in your payment process, we are working on it and will return back to you shortly. Meanwhile, your order has been placed and will be shipped.
13:02:07.589 [Thread-717] INFO com.iluwatar.commander.Commander - Order 0WX767EAXCCI: Payment Error message sent successfully, request Id: XKIG7VGXIG1L
13:02:07.589 [main] INFO com.iluwatar.commander.Commander - Order QL3EBP9BRFVM: Shipping placed successfully, transaction id: OB6ECOZWS24M
13:02:07.589 [main] INFO com.iluwatar.commander.Commander - Order has been placed and will be shipped to you. Please wait while we make your payment... 
13:02:07.589 [main] ERROR com.iluwatar.commander.Commander - Order QL3EBP9BRFVM: Payment time for order over, failed and returning..
13:02:07.589 [main] INFO com.iluwatar.commander.Commander - Order QL3EBP9BRFVM: Shipping placed successfully, transaction id: MBGK9A2SL5FO
13:02:07.589 [main] INFO com.iluwatar.commander.Commander - Order has been placed and will be shipped to you. Please wait while we make your payment... 
13:02:07.589 [main] INFO com.iluwatar.commander.Commander - Order QL3EBP9BRFVM: Shipping placed successfully, transaction id: PZH3HYIYU5Z3
13:02:07.589 [main] INFO com.iluwatar.commander.Commander - Order has been placed and will be shipped to you. Please wait while we make your payment... 
13:02:07.589 [main] DEBUG com.iluwatar.commander.Commander - Order FD6A7HOQQ780: Error in connecting to shipping service, trying again..
13:02:07.589 [main] INFO com.iluwatar.commander.Commander - Sorry, there was a problem in creating your order. Please try later.
13:02:07.589 [main] ERROR com.iluwatar.commander.Commander - Order FD6A7HOQQ780: Shipping service unavailable, order not placed..
13:02:07.589 [main] INFO com.iluwatar.commander.Commander - Order FD6A7HOQQ780: Shipping placed successfully, transaction id: M4JNS6QRTWUU
13:02:07.589 [main] INFO com.iluwatar.commander.Commander - Order has been placed and will be shipped to you. Please wait while we make your payment... 
13:02:07.589 [main] ERROR com.iluwatar.commander.Commander - Order FD6A7HOQQ780: Payment time for order over, failed and returning..
13:02:07.589 [main] INFO com.iluwatar.commander.Commander - Order FD6A7HOQQ780: Shipping placed successfully, transaction id: EEVMB6P8RF97
13:02:07.589 [main] INFO com.iluwatar.commander.Commander - Order has been placed and will be shipped to you. Please wait while we make your payment... 
13:02:07.589 [main] INFO com.iluwatar.commander.Commander - Order FD6A7HOQQ780: Shipping placed successfully, transaction id: MLA1YDE40I5Y
13:02:07.589 [main] INFO com.iluwatar.commander.Commander - Order has been placed and will be shipped to you. Please wait while we make your payment... 
13:02:07.589 [main] DEBUG com.iluwatar.commander.Commander - Order 29UUV8EEG3OK: Error in connecting to shipping service, trying again..
13:02:07.589 [main] INFO com.iluwatar.commander.Commander - Sorry, there was a problem in creating your order. Please try later.
13:02:07.589 [main] ERROR com.iluwatar.commander.Commander - Order 29UUV8EEG3OK: Shipping service unavailable, order not placed..
13:02:07.589 [main] INFO com.iluwatar.commander.Commander - Order 29UUV8EEG3OK: Shipping placed successfully, transaction id: AFLGI97KCSEP
13:02:07.589 [main] INFO com.iluwatar.commander.Commander - Order has been placed and will be shipped to you. Please wait while we make your payment... 
13:02:07.589 [main] ERROR com.iluwatar.commander.Commander - Order 29UUV8EEG3OK: Payment time for order over, failed and returning..
13:02:07.589 [main] INFO com.iluwatar.commander.Commander - Order 29UUV8EEG3OK: Shipping placed successfully, transaction id: Y1EULR59321F
13:02:07.589 [main] INFO com.iluwatar.commander.Commander - Order has been placed and will be shipped to you. Please wait while we make your payment... 
13:02:07.589 [main] INFO com.iluwatar.commander.Commander - Order 29UUV8EEG3OK: Shipping placed successfully, transaction id: SE6SG2C47G2H
13:02:07.589 [main] INFO com.iluwatar.commander.Commander - Order has been placed and will be shipped to you. Please wait while we make your payment... 
13:02:07.589 [main] DEBUG com.iluwatar.commander.Commander - Order 1I8DLSEIP6H1: Error in connecting to shipping service, trying again..
13:02:07.589 [main] INFO com.iluwatar.commander.Commander - Sorry, there was a problem in creating your order. Please try later.
13:02:07.589 [main] ERROR com.iluwatar.commander.Commander - Order 1I8DLSEIP6H1: Shipping service unavailable, order not placed..
13:02:07.589 [main] INFO com.iluwatar.commander.Commander - Order 1I8DLSEIP6H1: Shipping placed successfully, transaction id: I5STFDAPSMJM
13:02:07.589 [main] INFO com.iluwatar.commander.Commander - Order has been placed and will be shipped to you. Please wait while we make your payment... 
13:02:07.589 [main] ERROR com.iluwatar.commander.Commander - Order 1I8DLSEIP6H1: Payment time for order over, failed and returning..
13:02:07.589 [main] INFO com.iluwatar.commander.Commander - Order 1I8DLSEIP6H1: Shipping placed successfully, transaction id: KMW4AG426DJR
13:02:07.589 [main] INFO com.iluwatar.commander.Commander - Order has been placed and will be shipped to you. Please wait while we make your payment... 
13:02:07.589 [main] INFO com.iluwatar.commander.Commander - Order 1I8DLSEIP6H1: Shipping placed successfully, transaction id: J7VVJFDJW2LI
13:02:07.589 [main] INFO com.iluwatar.commander.Commander - Order has been placed and will be shipped to you. Please wait while we make your payment... 
13:02:07.589 [main] DEBUG com.iluwatar.commander.Commander - Order HBHCE8PCD8VU: Error in connecting to shipping service, trying again..
13:02:07.589 [main] INFO com.iluwatar.commander.Commander - Sorry, there was a problem in creating your order. Please try later.
13:02:07.589 [main] ERROR com.iluwatar.commander.Commander - Order HBHCE8PCD8VU: Shipping service unavailable, order not placed..
13:02:07.589 [main] INFO com.iluwatar.commander.Commander - Order HBHCE8PCD8VU: Shipping placed successfully, transaction id: PWWLXR39T3EV
13:02:07.589 [main] INFO com.iluwatar.commander.Commander - Order has been placed and will be shipped to you. Please wait while we make your payment... 
13:02:07.589 [main] ERROR com.iluwatar.commander.Commander - Order HBHCE8PCD8VU: Payment time for order over, failed and returning..
13:02:07.589 [main] INFO com.iluwatar.commander.Commander - Order HBHCE8PCD8VU: Shipping placed successfully, transaction id: 1O12YW1PJIUK
13:02:07.589 [main] INFO com.iluwatar.commander.Commander - Order has been placed and will be shipped to you. Please wait while we make your payment... 
13:02:07.589 [main] INFO com.iluwatar.commander.Commander - Order HBHCE8PCD8VU: Shipping placed successfully, transaction id: BT44IX9W8MTZ
13:02:07.589 [main] INFO com.iluwatar.commander.Commander - Order has been placed and will be shipped to you. Please wait while we make your payment... 
13:02:07.589 [main] DEBUG com.iluwatar.commander.Commander - Order BR22SPE09242: Error in connecting to shipping service, trying again..
13:02:07.589 [main] INFO com.iluwatar.commander.Commander - Sorry, there was a problem in creating your order. Please try later.
13:02:07.589 [main] ERROR com.iluwatar.commander.Commander - Order BR22SPE09242: Shipping service unavailable, order not placed..
13:02:07.589 [main] INFO com.iluwatar.commander.Commander - Order BR22SPE09242: Shipping placed successfully, transaction id: SQSSJ8XSN1I1
13:02:07.589 [main] INFO com.iluwatar.commander.Commander - Order has been placed and will be shipped to you. Please wait while we make your payment... 
13:02:07.589 [main] ERROR com.iluwatar.commander.Commander - Order BR22SPE09242: Payment time for order over, failed and returning..
13:02:07.589 [main] INFO com.iluwatar.commander.Commander - Order BR22SPE09242: Shipping placed successfully, transaction id: AX7ZJ4BD8U4K
13:02:07.589 [main] INFO com.iluwatar.commander.Commander - Order has been placed and will be shipped to you. Please wait while we make your payment... 
13:02:07.589 [main] INFO com.iluwatar.commander.Commander - Order BR22SPE09242: Shipping placed successfully, transaction id: 0GNXY472C0RT
13:02:07.589 [main] INFO com.iluwatar.commander.Commander - Order has been placed and will be shipped to you. Please wait while we make your payment... 
13:02:07.589 [main] DEBUG com.iluwatar.commander.Commander - Order ASS4UH89M3EW: Error in connecting to shipping service, trying again..
13:02:07.589 [main] INFO com.iluwatar.commander.Commander - Sorry, there was a problem in creating your order. Please try later.
13:02:07.589 [main] ERROR com.iluwatar.commander.Commander - Order ASS4UH89M3EW: Shipping service unavailable, order not placed..
13:02:07.589 [main] INFO com.iluwatar.commander.Commander - Order ASS4UH89M3EW: Shipping placed successfully, transaction id: 3OM4FW5D399I
13:02:07.589 [main] INFO com.iluwatar.commander.Commander - Order has been placed and will be shipped to you. Please wait while we make your payment... 
13:02:07.589 [main] ERROR com.iluwatar.commander.Commander - Order ASS4UH89M3EW: Payment time for order over, failed and returning..
13:02:07.589 [main] INFO com.iluwatar.commander.Commander - Order ASS4UH89M3EW: Shipping placed successfully, transaction id: 5UI5E8W412C7
13:02:07.589 [main] INFO com.iluwatar.commander.Commander - Order has been placed and will be shipped to you. Please wait while we make your payment... 
13:02:07.589 [main] INFO com.iluwatar.commander.Commander - Order ASS4UH89M3EW: Shipping placed successfully, transaction id: ALE4L8ZWA0EN
13:02:07.589 [main] INFO com.iluwatar.commander.Commander - Order has been placed and will be shipped to you. Please wait while we make your payment... 
13:02:07.589 [main] DEBUG com.iluwatar.commander.Commander - Order 6B15MX9S39JX: Error in connecting to shipping service, trying again..
13:02:07.589 [main] INFO com.iluwatar.commander.Commander - Sorry, there was a problem in creating your order. Please try later.
13:02:07.589 [main] ERROR com.iluwatar.commander.Commander - Order 6B15MX9S39JX: Shipping service unavailable, order not placed..
13:02:07.589 [main] INFO com.iluwatar.commander.Commander - Order 6B15MX9S39JX: Shipping placed successfully, transaction id: X0N8HV7JQAX6
13:02:07.589 [main] INFO com.iluwatar.commander.Commander - Order has been placed and will be shipped to you. Please wait while we make your payment... 
13:02:07.589 [main] ERROR com.iluwatar.commander.Commander - Order 6B15MX9S39JX: Payment time for order over, failed and returning..
13:02:07.589 [main] INFO com.iluwatar.commander.Commander - Order 6B15MX9S39JX: Shipping placed successfully, transaction id: UWWIEBT93G2T
13:02:07.589 [main] INFO com.iluwatar.commander.Commander - Order has been placed and will be shipped to you. Please wait while we make your payment... 
13:02:07.589 [main] INFO com.iluwatar.commander.Commander - Order 6B15MX9S39JX: Shipping placed successfully, transaction id: X898B68EISVE
13:02:07.589 [main] INFO com.iluwatar.commander.Commander - Order has been placed and will be shipped to you. Please wait while we make your payment... 
13:02:07.590 [main] DEBUG com.iluwatar.commander.Commander - Order S7FM53JBW0XD: Error in connecting to shipping service, trying again..
13:02:07.590 [main] INFO com.iluwatar.commander.Commander - Sorry, there was a problem in creating your order. Please try later.
13:02:07.590 [main] ERROR com.iluwatar.commander.Commander - Order S7FM53JBW0XD: Shipping service unavailable, order not placed..
13:02:07.590 [main] INFO com.iluwatar.commander.Commander - Order S7FM53JBW0XD: Shipping placed successfully, transaction id: W0TYUIFDVFL7
13:02:07.590 [main] INFO com.iluwatar.commander.Commander - Order has been placed and will be shipped to you. Please wait while we make your payment... 
13:02:07.590 [main] ERROR com.iluwatar.commander.Commander - Order S7FM53JBW0XD: Payment time for order over, failed and returning..
13:02:07.590 [main] INFO com.iluwatar.commander.Commander - Order S7FM53JBW0XD: Shipping placed successfully, transaction id: SNAQBLAV8HX8
13:02:07.590 [main] INFO com.iluwatar.commander.Commander - Order has been placed and will be shipped to you. Please wait while we make your payment... 
13:02:07.590 [main] INFO com.iluwatar.commander.Commander - Order S7FM53JBW0XD: Shipping placed successfully, transaction id: O29CWINYOGND
13:02:07.590 [main] INFO com.iluwatar.commander.Commander - Order has been placed and will be shipped to you. Please wait while we make your payment... 
13:02:07.590 [main] DEBUG com.iluwatar.commander.Commander - Order T41XUS7MJVQZ: Error in connecting to shipping service, trying again..
13:02:07.590 [main] INFO com.iluwatar.commander.Commander - Sorry, there was a problem in creating your order. Please try later.
13:02:07.590 [main] ERROR com.iluwatar.commander.Commander - Order T41XUS7MJVQZ: Shipping service unavailable, order not placed..
13:02:07.590 [main] INFO com.iluwatar.commander.Commander - Order T41XUS7MJVQZ: Shipping placed successfully, transaction id: M7BOR3LBQY87
13:02:07.590 [main] INFO com.iluwatar.commander.Commander - Order has been placed and will be shipped to you. Please wait while we make your payment... 
13:02:07.590 [main] ERROR com.iluwatar.commander.Commander - Order T41XUS7MJVQZ: Payment time for order over, failed and returning..
13:02:07.590 [main] INFO com.iluwatar.commander.Commander - Order T41XUS7MJVQZ: Shipping placed successfully, transaction id: P2XR7K36TOB3
13:02:07.590 [main] INFO com.iluwatar.commander.Commander - Order has been placed and will be shipped to you. Please wait while we make your payment... 
13:02:07.590 [main] INFO com.iluwatar.commander.Commander - Order T41XUS7MJVQZ: Shipping placed successfully, transaction id: DZLXJWJ6OAI6
13:02:07.590 [main] INFO com.iluwatar.commander.Commander - Order has been placed and will be shipped to you. Please wait while we make your payment... 
13:02:07.590 [main] DEBUG com.iluwatar.commander.Commander - Order LV56XMPVFOBB: Error in connecting to shipping service, trying again..
13:02:07.590 [main] INFO com.iluwatar.commander.Commander - Sorry, there was a problem in creating your order. Please try later.
13:02:07.590 [main] ERROR com.iluwatar.commander.Commander - Order LV56XMPVFOBB: Shipping service unavailable, order not placed..
13:02:07.590 [main] INFO com.iluwatar.commander.Commander - Order LV56XMPVFOBB: Shipping placed successfully, transaction id: XIOJWJKHUW1K
13:02:07.590 [main] INFO com.iluwatar.commander.Commander - Order has been placed and will be shipped to you. Please wait while we make your payment... 
13:02:07.590 [main] ERROR com.iluwatar.commander.Commander - Order LV56XMPVFOBB: Payment time for order over, failed and returning..
13:02:07.590 [main] INFO com.iluwatar.commander.Commander - Order LV56XMPVFOBB: Shipping placed successfully, transaction id: 1SFDAGJHDWZM
13:02:07.590 [main] INFO com.iluwatar.commander.Commander - Order has been placed and will be shipped to you. Please wait while we make your payment... 
13:02:07.590 [main] INFO com.iluwatar.commander.Commander - Order LV56XMPVFOBB: Shipping placed successfully, transaction id: 8QFH2AWRBOWA
13:02:07.590 [main] INFO com.iluwatar.commander.Commander - Order has been placed and will be shipped to you. Please wait while we make your payment... 
13:02:07.590 [main] DEBUG com.iluwatar.commander.Commander - Order 9YR1FYQQ7B4Z: Error in connecting to shipping service, trying again..
13:02:07.590 [main] INFO com.iluwatar.commander.Commander - Sorry, there was a problem in creating your order. Please try later.
13:02:07.590 [main] ERROR com.iluwatar.commander.Commander - Order 9YR1FYQQ7B4Z: Shipping service unavailable, order not placed..
13:02:07.590 [main] INFO com.iluwatar.commander.Commander - Order 9YR1FYQQ7B4Z: Shipping placed successfully, transaction id: Y80BUVJMPXQB
13:02:07.590 [main] INFO com.iluwatar.commander.Commander - Order has been placed and will be shipped to you. Please wait while we make your payment... 
13:02:07.590 [main] ERROR com.iluwatar.commander.Commander - Order 9YR1FYQQ7B4Z: Payment time for order over, failed and returning..
13:02:07.590 [main] INFO com.iluwatar.commander.Commander - Order 9YR1FYQQ7B4Z: Shipping placed successfully, transaction id: 376S8AZYH8UM
13:02:07.590 [main] INFO com.iluwatar.commander.Commander - Order has been placed and will be shipped to you. Please wait while we make your payment... 
13:02:07.590 [main] INFO com.iluwatar.commander.Commander - Order 9YR1FYQQ7B4Z: Shipping placed successfully, transaction id: BB2D5TW6JIPB
13:02:07.590 [main] INFO com.iluwatar.commander.Commander - Order has been placed and will be shipped to you. Please wait while we make your payment... 
]]></system-out>
  </testcase>
  <testcase name="testPlaceOrderWithoutDatabaseAndExceptions" classname="com.iluwatar.commander.CommanderTest" time="0.028">
    <system-out><![CDATA[13:02:07.591 [main] DEBUG com.iluwatar.commander.Commander - Order W8VGIJW4DJIG: Error in connecting to shipping service, trying again..
13:02:07.591 [main] INFO com.iluwatar.commander.Commander - Sorry, there was a problem in creating your order. Please try later.
13:02:07.591 [main] ERROR com.iluwatar.commander.Commander - Order W8VGIJW4DJIG: Shipping service unavailable, order not placed..
13:02:07.591 [main] INFO com.iluwatar.commander.Commander - Sorry, there was a problem in creating your order. Please try later.
13:02:07.591 [main] ERROR com.iluwatar.commander.Commander - Order W8VGIJW4DJIG: Shipping service unavailable, order not placed..
13:02:07.591 [main] INFO com.iluwatar.commander.Commander - Sorry, there was a problem in creating your order. Please try later.
13:02:07.591 [main] ERROR com.iluwatar.commander.Commander - Order W8VGIJW4DJIG: Shipping service unavailable, order not placed..
13:02:07.591 [main] INFO com.iluwatar.commander.Commander - Sorry, there was a problem in creating your order. Please try later.
13:02:07.591 [main] ERROR com.iluwatar.commander.Commander - Order W8VGIJW4DJIG: Shipping service unavailable, order not placed..
13:02:07.591 [main] DEBUG com.iluwatar.commander.Commander - Order GDJLZA0ZKIOJ: Error in connecting to shipping service, trying again..
13:02:07.591 [main] INFO com.iluwatar.commander.Commander - Sorry, there was a problem in creating your order. Please try later.
13:02:07.591 [main] ERROR com.iluwatar.commander.Commander - Order GDJLZA0ZKIOJ: Shipping service unavailable, order not placed..
13:02:07.591 [main] INFO com.iluwatar.commander.Commander - Sorry, there was a problem in creating your order. Please try later.
13:02:07.591 [main] ERROR com.iluwatar.commander.Commander - Order GDJLZA0ZKIOJ: Shipping service unavailable, order not placed..
13:02:07.591 [main] INFO com.iluwatar.commander.Commander - Sorry, there was a problem in creating your order. Please try later.
13:02:07.591 [main] ERROR com.iluwatar.commander.Commander - Order GDJLZA0ZKIOJ: Shipping service unavailable, order not placed..
13:02:07.591 [main] INFO com.iluwatar.commander.Commander - Sorry, there was a problem in creating your order. Please try later.
13:02:07.591 [main] ERROR com.iluwatar.commander.Commander - Order GDJLZA0ZKIOJ: Shipping service unavailable, order not placed..
13:02:07.591 [main] INFO com.iluwatar.commander.Commander - Sorry, there was a problem in creating your order. Please try later.
13:02:07.591 [main] ERROR com.iluwatar.commander.Commander - Order 87JGZVF052GF: Shipping service unavailable, order not placed..
13:02:07.591 [main] INFO com.iluwatar.commander.Commander - Sorry, there was a problem in creating your order. Please try later.
13:02:07.591 [main] ERROR com.iluwatar.commander.Commander - Order 87JGZVF052GF: Shipping service unavailable, order not placed..
13:02:07.591 [main] INFO com.iluwatar.commander.Commander - Sorry, there was a problem in creating your order. Please try later.
13:02:07.591 [main] ERROR com.iluwatar.commander.Commander - Order 87JGZVF052GF: Shipping service unavailable, order not placed..
13:02:07.591 [main] INFO com.iluwatar.commander.Commander - Sorry, there was a problem in creating your order. Please try later.
13:02:07.591 [main] ERROR com.iluwatar.commander.Commander - Order 87JGZVF052GF: Shipping service unavailable, order not placed..
13:02:07.591 [main] INFO com.iluwatar.commander.Commander - Sorry, there was a problem in creating your order. Please try later.
13:02:07.591 [main] ERROR com.iluwatar.commander.Commander - Order BAD9PVQNIUWT: Shipping service unavailable, order not placed..
13:02:07.591 [main] INFO com.iluwatar.commander.Commander - Sorry, there was a problem in creating your order. Please try later.
13:02:07.591 [main] ERROR com.iluwatar.commander.Commander - Order BAD9PVQNIUWT: Shipping service unavailable, order not placed..
13:02:07.591 [main] INFO com.iluwatar.commander.Commander - Sorry, there was a problem in creating your order. Please try later.
13:02:07.591 [main] ERROR com.iluwatar.commander.Commander - Order BAD9PVQNIUWT: Shipping service unavailable, order not placed..
13:02:07.591 [main] INFO com.iluwatar.commander.Commander - Sorry, there was a problem in creating your order. Please try later.
13:02:07.591 [main] ERROR com.iluwatar.commander.Commander - Order BAD9PVQNIUWT: Shipping service unavailable, order not placed..
13:02:07.591 [main] DEBUG com.iluwatar.commander.Commander - Order 6RVP0OU1HYFR: Error in connecting to shipping service, trying again..
13:02:07.591 [main] INFO com.iluwatar.commander.Commander - Sorry, there was a problem in creating your order. Please try later.
13:02:07.591 [main] ERROR com.iluwatar.commander.Commander - Order 6RVP0OU1HYFR: Shipping service unavailable, order not placed..
13:02:07.591 [main] INFO com.iluwatar.commander.Commander - Sorry, there was a problem in creating your order. Please try later.
13:02:07.591 [main] ERROR com.iluwatar.commander.Commander - Order 6RVP0OU1HYFR: Shipping service unavailable, order not placed..
13:02:07.591 [main] INFO com.iluwatar.commander.Commander - Sorry, there was a problem in creating your order. Please try later.
13:02:07.591 [main] ERROR com.iluwatar.commander.Commander - Order 6RVP0OU1HYFR: Shipping service unavailable, order not placed..
13:02:07.591 [main] INFO com.iluwatar.commander.Commander - Sorry, there was a problem in creating your order. Please try later.
13:02:07.591 [main] ERROR com.iluwatar.commander.Commander - Order 6RVP0OU1HYFR: Shipping service unavailable, order not placed..
13:02:07.591 [main] DEBUG com.iluwatar.commander.Commander - Order MUDE731VF6L4: Error in creating shipping request..
13:02:07.591 [main] INFO com.iluwatar.commander.Commander - Shipping is currently not possible to your address. We are working on the problem and will get back to you asap.
13:02:07.591 [main] INFO com.iluwatar.commander.Commander - Order MUDE731VF6L4: Shipping not possible to address, trying to add problem to employee db..
13:02:07.592 [main] INFO com.iluwatar.commander.Commander - Sorry, there was a problem in creating your order. Please try later.
13:02:07.592 [Thread-719] WARN com.iluwatar.commander.Commander - Order MUDE731VF6L4: Error in connecting to employee handle, trying again..
13:02:07.592 [main] ERROR com.iluwatar.commander.Commander - Order MUDE731VF6L4: Shipping service unavailable, order not placed..
13:02:07.592 [main] INFO com.iluwatar.commander.Commander - Sorry, there was a problem in creating your order. Please try later.
13:02:07.592 [main] ERROR com.iluwatar.commander.Commander - Order MUDE731VF6L4: Shipping service unavailable, order not placed..
13:02:07.592 [main] INFO com.iluwatar.commander.Commander - Sorry, there was a problem in creating your order. Please try later.
13:02:07.592 [main] ERROR com.iluwatar.commander.Commander - Order MUDE731VF6L4: Shipping service unavailable, order not placed..
13:02:07.592 [main] INFO com.iluwatar.commander.Commander - Sorry, there was a problem in creating your order. Please try later.
13:02:07.592 [main] ERROR com.iluwatar.commander.Commander - Order MNSSY67AN80L: Shipping service unavailable, order not placed..
13:02:07.592 [main] INFO com.iluwatar.commander.Commander - Sorry, there was a problem in creating your order. Please try later.
13:02:07.592 [main] ERROR com.iluwatar.commander.Commander - Order MNSSY67AN80L: Shipping service unavailable, order not placed..
13:02:07.592 [main] INFO com.iluwatar.commander.Commander - Sorry, there was a problem in creating your order. Please try later.
13:02:07.592 [main] ERROR com.iluwatar.commander.Commander - Order MNSSY67AN80L: Shipping service unavailable, order not placed..
13:02:07.592 [main] INFO com.iluwatar.commander.Commander - Sorry, there was a problem in creating your order. Please try later.
13:02:07.592 [main] ERROR com.iluwatar.commander.Commander - Order MNSSY67AN80L: Shipping service unavailable, order not placed..
13:02:07.592 [main] INFO com.iluwatar.commander.Commander - Sorry, there was a problem in creating your order. Please try later.
13:02:07.592 [main] ERROR com.iluwatar.commander.Commander - Order 4VM7BJYIWUDJ: Shipping service unavailable, order not placed..
13:02:07.592 [main] INFO com.iluwatar.commander.Commander - Sorry, there was a problem in creating your order. Please try later.
13:02:07.592 [main] ERROR com.iluwatar.commander.Commander - Order 4VM7BJYIWUDJ: Shipping service unavailable, order not placed..
13:02:07.592 [main] INFO com.iluwatar.commander.Commander - Sorry, there was a problem in creating your order. Please try later.
13:02:07.592 [main] ERROR com.iluwatar.commander.Commander - Order 4VM7BJYIWUDJ: Shipping service unavailable, order not placed..
13:02:07.592 [main] INFO com.iluwatar.commander.Commander - Sorry, there was a problem in creating your order. Please try later.
13:02:07.592 [main] ERROR com.iluwatar.commander.Commander - Order 4VM7BJYIWUDJ: Shipping service unavailable, order not placed..
13:02:07.592 [main] DEBUG com.iluwatar.commander.Commander - Order OS6TXSS4AM7T: Error in connecting to shipping service, trying again..
13:02:07.592 [main] INFO com.iluwatar.commander.Commander - Sorry, there was a problem in creating your order. Please try later.
13:02:07.592 [main] ERROR com.iluwatar.commander.Commander - Order OS6TXSS4AM7T: Shipping service unavailable, order not placed..
13:02:07.592 [main] INFO com.iluwatar.commander.Commander - Sorry, there was a problem in creating your order. Please try later.
13:02:07.592 [main] ERROR com.iluwatar.commander.Commander - Order OS6TXSS4AM7T: Shipping service unavailable, order not placed..
13:02:07.592 [main] INFO com.iluwatar.commander.Commander - Sorry, there was a problem in creating your order. Please try later.
13:02:07.592 [main] ERROR com.iluwatar.commander.Commander - Order OS6TXSS4AM7T: Shipping service unavailable, order not placed..
13:02:07.592 [main] INFO com.iluwatar.commander.Commander - Sorry, there was a problem in creating your order. Please try later.
13:02:07.592 [main] ERROR com.iluwatar.commander.Commander - Order OS6TXSS4AM7T: Shipping service unavailable, order not placed..
13:02:07.592 [main] DEBUG com.iluwatar.commander.Commander - Order A90I0XADGBZD: Error in creating shipping request..
13:02:07.592 [main] INFO com.iluwatar.commander.Commander - This item is currently unavailable. We will inform you as soon as the item becomes available again.
13:02:07.592 [main] INFO com.iluwatar.commander.Commander - Order A90I0XADGBZD: Item pen unavailable, trying to add problem to employee handle..
13:02:07.592 [Thread-720] WARN com.iluwatar.commander.Commander - Order A90I0XADGBZD: Error in connecting to employee handle, trying again..
13:02:07.592 [main] INFO com.iluwatar.commander.Commander - Sorry, there was a problem in creating your order. Please try later.
13:02:07.592 [main] ERROR com.iluwatar.commander.Commander - Order A90I0XADGBZD: Shipping service unavailable, order not placed..
13:02:07.592 [main] INFO com.iluwatar.commander.Commander - Sorry, there was a problem in creating your order. Please try later.
13:02:07.592 [main] ERROR com.iluwatar.commander.Commander - Order A90I0XADGBZD: Shipping service unavailable, order not placed..
13:02:07.592 [main] INFO com.iluwatar.commander.Commander - Sorry, there was a problem in creating your order. Please try later.
13:02:07.592 [main] ERROR com.iluwatar.commander.Commander - Order A90I0XADGBZD: Shipping service unavailable, order not placed..
13:02:07.592 [main] INFO com.iluwatar.commander.Commander - Sorry, there was a problem in creating your order. Please try later.
13:02:07.592 [main] ERROR com.iluwatar.commander.Commander - Order IRMK6BRVZ83U: Shipping service unavailable, order not placed..
13:02:07.592 [main] INFO com.iluwatar.commander.Commander - Sorry, there was a problem in creating your order. Please try later.
13:02:07.592 [main] ERROR com.iluwatar.commander.Commander - Order IRMK6BRVZ83U: Shipping service unavailable, order not placed..
13:02:07.592 [main] INFO com.iluwatar.commander.Commander - Sorry, there was a problem in creating your order. Please try later.
13:02:07.592 [main] ERROR com.iluwatar.commander.Commander - Order IRMK6BRVZ83U: Shipping service unavailable, order not placed..
13:02:07.592 [main] INFO com.iluwatar.commander.Commander - Sorry, there was a problem in creating your order. Please try later.
13:02:07.592 [main] ERROR com.iluwatar.commander.Commander - Order IRMK6BRVZ83U: Shipping service unavailable, order not placed..
13:02:07.592 [main] INFO com.iluwatar.commander.Commander - Sorry, there was a problem in creating your order. Please try later.
13:02:07.592 [main] ERROR com.iluwatar.commander.Commander - Order MNESDIE7DTAM: Shipping service unavailable, order not placed..
13:02:07.592 [main] INFO com.iluwatar.commander.Commander - Sorry, there was a problem in creating your order. Please try later.
13:02:07.592 [main] ERROR com.iluwatar.commander.Commander - Order MNESDIE7DTAM: Shipping service unavailable, order not placed..
13:02:07.592 [main] INFO com.iluwatar.commander.Commander - Sorry, there was a problem in creating your order. Please try later.
13:02:07.592 [main] ERROR com.iluwatar.commander.Commander - Order MNESDIE7DTAM: Shipping service unavailable, order not placed..
13:02:07.592 [main] INFO com.iluwatar.commander.Commander - Sorry, there was a problem in creating your order. Please try later.
13:02:07.592 [main] ERROR com.iluwatar.commander.Commander - Order MNESDIE7DTAM: Shipping service unavailable, order not placed..
13:02:07.592 [main] DEBUG com.iluwatar.commander.Commander - Order J73H5NGL0QS4: Error in connecting to shipping service, trying again..
13:02:07.592 [main] INFO com.iluwatar.commander.Commander - Sorry, there was a problem in creating your order. Please try later.
13:02:07.592 [main] ERROR com.iluwatar.commander.Commander - Order J73H5NGL0QS4: Shipping service unavailable, order not placed..
13:02:07.592 [main] INFO com.iluwatar.commander.Commander - Sorry, there was a problem in creating your order. Please try later.
13:02:07.592 [main] ERROR com.iluwatar.commander.Commander - Order J73H5NGL0QS4: Shipping service unavailable, order not placed..
13:02:07.592 [main] INFO com.iluwatar.commander.Commander - Sorry, there was a problem in creating your order. Please try later.
13:02:07.592 [main] ERROR com.iluwatar.commander.Commander - Order J73H5NGL0QS4: Shipping service unavailable, order not placed..
13:02:07.592 [main] INFO com.iluwatar.commander.Commander - Sorry, there was a problem in creating your order. Please try later.
13:02:07.592 [main] ERROR com.iluwatar.commander.Commander - Order J73H5NGL0QS4: Shipping service unavailable, order not placed..
13:02:07.592 [main] DEBUG com.iluwatar.commander.Commander - Order XC8XDGQBYA2H: Error in creating shipping request..
13:02:07.592 [main] INFO com.iluwatar.commander.Commander - Sorry, there was a problem in creating your order. Please try later.
13:02:07.592 [main] ERROR com.iluwatar.commander.Commander - Order XC8XDGQBYA2H: Shipping service unavailable, order not placed..
13:02:07.592 [main] INFO com.iluwatar.commander.Commander - Sorry, there was a problem in creating your order. Please try later.
13:02:07.592 [main] ERROR com.iluwatar.commander.Commander - Order XC8XDGQBYA2H: Shipping service unavailable, order not placed..
13:02:07.592 [main] INFO com.iluwatar.commander.Commander - Sorry, there was a problem in creating your order. Please try later.
13:02:07.592 [main] ERROR com.iluwatar.commander.Commander - Order XC8XDGQBYA2H: Shipping service unavailable, order not placed..
13:02:07.592 [main] INFO com.iluwatar.commander.Commander - Sorry, there was a problem in creating your order. Please try later.
13:02:07.592 [main] ERROR com.iluwatar.commander.Commander - Order XC8XDGQBYA2H: Shipping service unavailable, order not placed..
13:02:07.592 [main] INFO com.iluwatar.commander.Commander - Sorry, there was a problem in creating your order. Please try later.
13:02:07.592 [main] ERROR com.iluwatar.commander.Commander - Order BTAIO50HCALY: Shipping service unavailable, order not placed..
13:02:07.592 [main] INFO com.iluwatar.commander.Commander - Sorry, there was a problem in creating your order. Please try later.
13:02:07.592 [main] ERROR com.iluwatar.commander.Commander - Order BTAIO50HCALY: Shipping service unavailable, order not placed..
13:02:07.592 [main] INFO com.iluwatar.commander.Commander - Sorry, there was a problem in creating your order. Please try later.
13:02:07.592 [main] ERROR com.iluwatar.commander.Commander - Order BTAIO50HCALY: Shipping service unavailable, order not placed..
13:02:07.592 [main] INFO com.iluwatar.commander.Commander - Sorry, there was a problem in creating your order. Please try later.
13:02:07.592 [main] ERROR com.iluwatar.commander.Commander - Order BTAIO50HCALY: Shipping service unavailable, order not placed..
13:02:07.592 [main] INFO com.iluwatar.commander.Commander - Sorry, there was a problem in creating your order. Please try later.
13:02:07.592 [main] ERROR com.iluwatar.commander.Commander - Order EIIMCTBC5MNG: Shipping service unavailable, order not placed..
13:02:07.592 [main] INFO com.iluwatar.commander.Commander - Sorry, there was a problem in creating your order. Please try later.
13:02:07.592 [main] ERROR com.iluwatar.commander.Commander - Order EIIMCTBC5MNG: Shipping service unavailable, order not placed..
13:02:07.592 [main] INFO com.iluwatar.commander.Commander - Sorry, there was a problem in creating your order. Please try later.
13:02:07.592 [main] ERROR com.iluwatar.commander.Commander - Order EIIMCTBC5MNG: Shipping service unavailable, order not placed..
13:02:07.592 [main] INFO com.iluwatar.commander.Commander - Sorry, there was a problem in creating your order. Please try later.
13:02:07.592 [main] ERROR com.iluwatar.commander.Commander - Order EIIMCTBC5MNG: Shipping service unavailable, order not placed..
13:02:07.592 [main] DEBUG com.iluwatar.commander.Commander - Order 6R4YD88GOQMI: Error in connecting to shipping service, trying again..
13:02:07.592 [main] INFO com.iluwatar.commander.Commander - Sorry, there was a problem in creating your order. Please try later.
13:02:07.592 [main] ERROR com.iluwatar.commander.Commander - Order 6R4YD88GOQMI: Shipping service unavailable, order not placed..
13:02:07.592 [main] INFO com.iluwatar.commander.Commander - Sorry, there was a problem in creating your order. Please try later.
13:02:07.592 [main] ERROR com.iluwatar.commander.Commander - Order 6R4YD88GOQMI: Shipping service unavailable, order not placed..
13:02:07.592 [main] INFO com.iluwatar.commander.Commander - Sorry, there was a problem in creating your order. Please try later.
13:02:07.592 [main] ERROR com.iluwatar.commander.Commander - Order 6R4YD88GOQMI: Shipping service unavailable, order not placed..
13:02:07.592 [main] INFO com.iluwatar.commander.Commander - Sorry, there was a problem in creating your order. Please try later.
13:02:07.592 [main] ERROR com.iluwatar.commander.Commander - Order 6R4YD88GOQMI: Shipping service unavailable, order not placed..
13:02:07.592 [main] DEBUG com.iluwatar.commander.Commander - Order TJJXTAH3L85V: Error in creating shipping request..
13:02:07.592 [main] INFO com.iluwatar.commander.Commander - Sorry, there was a problem in creating your order. Please try later.
13:02:07.592 [main] ERROR com.iluwatar.commander.Commander - Order TJJXTAH3L85V: Shipping service unavailable, order not placed..
13:02:07.592 [main] INFO com.iluwatar.commander.Commander - Sorry, there was a problem in creating your order. Please try later.
13:02:07.592 [main] ERROR com.iluwatar.commander.Commander - Order TJJXTAH3L85V: Shipping service unavailable, order not placed..
13:02:07.593 [main] INFO com.iluwatar.commander.Commander - Sorry, there was a problem in creating your order. Please try later.
13:02:07.593 [main] ERROR com.iluwatar.commander.Commander - Order TJJXTAH3L85V: Shipping service unavailable, order not placed..
13:02:07.593 [main] INFO com.iluwatar.commander.Commander - Sorry, there was a problem in creating your order. Please try later.
13:02:07.593 [main] ERROR com.iluwatar.commander.Commander - Order TJJXTAH3L85V: Shipping service unavailable, order not placed..
13:02:07.593 [main] INFO com.iluwatar.commander.Commander - Sorry, there was a problem in creating your order. Please try later.
13:02:07.593 [main] ERROR com.iluwatar.commander.Commander - Order 51X8JPIBG7YY: Shipping service unavailable, order not placed..
13:02:07.593 [main] INFO com.iluwatar.commander.Commander - Sorry, there was a problem in creating your order. Please try later.
13:02:07.593 [main] ERROR com.iluwatar.commander.Commander - Order 51X8JPIBG7YY: Shipping service unavailable, order not placed..
13:02:07.593 [main] INFO com.iluwatar.commander.Commander - Sorry, there was a problem in creating your order. Please try later.
13:02:07.593 [main] ERROR com.iluwatar.commander.Commander - Order 51X8JPIBG7YY: Shipping service unavailable, order not placed..
13:02:07.593 [main] INFO com.iluwatar.commander.Commander - Sorry, there was a problem in creating your order. Please try later.
13:02:07.593 [main] ERROR com.iluwatar.commander.Commander - Order 51X8JPIBG7YY: Shipping service unavailable, order not placed..
13:02:07.593 [main] INFO com.iluwatar.commander.Commander - Sorry, there was a problem in creating your order. Please try later.
13:02:07.593 [main] ERROR com.iluwatar.commander.Commander - Order Y3L5T6UA1I0X: Shipping service unavailable, order not placed..
13:02:07.593 [main] INFO com.iluwatar.commander.Commander - Sorry, there was a problem in creating your order. Please try later.
13:02:07.593 [main] ERROR com.iluwatar.commander.Commander - Order Y3L5T6UA1I0X: Shipping service unavailable, order not placed..
13:02:07.593 [main] INFO com.iluwatar.commander.Commander - Sorry, there was a problem in creating your order. Please try later.
13:02:07.593 [main] ERROR com.iluwatar.commander.Commander - Order Y3L5T6UA1I0X: Shipping service unavailable, order not placed..
13:02:07.593 [main] INFO com.iluwatar.commander.Commander - Sorry, there was a problem in creating your order. Please try later.
13:02:07.593 [main] ERROR com.iluwatar.commander.Commander - Order Y3L5T6UA1I0X: Shipping service unavailable, order not placed..
13:02:07.593 [main] DEBUG com.iluwatar.commander.Commander - Order YZ5HTIXQT4L8: Error in connecting to shipping service, trying again..
13:02:07.593 [main] INFO com.iluwatar.commander.Commander - Sorry, there was a problem in creating your order. Please try later.
13:02:07.593 [main] ERROR com.iluwatar.commander.Commander - Order YZ5HTIXQT4L8: Shipping service unavailable, order not placed..
13:02:07.593 [main] INFO com.iluwatar.commander.Commander - Sorry, there was a problem in creating your order. Please try later.
13:02:07.593 [main] ERROR com.iluwatar.commander.Commander - Order YZ5HTIXQT4L8: Shipping service unavailable, order not placed..
13:02:07.593 [main] INFO com.iluwatar.commander.Commander - Sorry, there was a problem in creating your order. Please try later.
13:02:07.593 [main] ERROR com.iluwatar.commander.Commander - Order YZ5HTIXQT4L8: Shipping service unavailable, order not placed..
13:02:07.593 [main] INFO com.iluwatar.commander.Commander - Sorry, there was a problem in creating your order. Please try later.
13:02:07.593 [main] ERROR com.iluwatar.commander.Commander - Order YZ5HTIXQT4L8: Shipping service unavailable, order not placed..
13:02:07.593 [main] DEBUG com.iluwatar.commander.Commander - Order MD27NC46RJU9: Error in connecting to shipping service, trying again..
13:02:07.593 [main] INFO com.iluwatar.commander.Commander - Sorry, there was a problem in creating your order. Please try later.
13:02:07.593 [main] ERROR com.iluwatar.commander.Commander - Order MD27NC46RJU9: Shipping service unavailable, order not placed..
13:02:07.593 [main] INFO com.iluwatar.commander.Commander - Sorry, there was a problem in creating your order. Please try later.
13:02:07.593 [main] ERROR com.iluwatar.commander.Commander - Order MD27NC46RJU9: Shipping service unavailable, order not placed..
13:02:07.593 [main] INFO com.iluwatar.commander.Commander - Sorry, there was a problem in creating your order. Please try later.
13:02:07.593 [main] ERROR com.iluwatar.commander.Commander - Order MD27NC46RJU9: Shipping service unavailable, order not placed..
13:02:07.593 [main] INFO com.iluwatar.commander.Commander - Sorry, there was a problem in creating your order. Please try later.
13:02:07.593 [main] ERROR com.iluwatar.commander.Commander - Order MD27NC46RJU9: Shipping service unavailable, order not placed..
13:02:07.593 [main] INFO com.iluwatar.commander.Commander - Sorry, there was a problem in creating your order. Please try later.
13:02:07.593 [main] ERROR com.iluwatar.commander.Commander - Order E0HVH1A5EBW7: Shipping service unavailable, order not placed..
13:02:07.593 [main] INFO com.iluwatar.commander.Commander - Sorry, there was a problem in creating your order. Please try later.
13:02:07.593 [main] ERROR com.iluwatar.commander.Commander - Order E0HVH1A5EBW7: Shipping service unavailable, order not placed..
13:02:07.593 [main] INFO com.iluwatar.commander.Commander - Sorry, there was a problem in creating your order. Please try later.
13:02:07.593 [main] ERROR com.iluwatar.commander.Commander - Order E0HVH1A5EBW7: Shipping service unavailable, order not placed..
13:02:07.593 [main] INFO com.iluwatar.commander.Commander - Sorry, there was a problem in creating your order. Please try later.
13:02:07.593 [main] ERROR com.iluwatar.commander.Commander - Order E0HVH1A5EBW7: Shipping service unavailable, order not placed..
13:02:07.593 [main] INFO com.iluwatar.commander.Commander - Sorry, there was a problem in creating your order. Please try later.
13:02:07.593 [main] ERROR com.iluwatar.commander.Commander - Order UUVKV1C42IYM: Shipping service unavailable, order not placed..
13:02:07.593 [main] INFO com.iluwatar.commander.Commander - Sorry, there was a problem in creating your order. Please try later.
13:02:07.593 [main] ERROR com.iluwatar.commander.Commander - Order UUVKV1C42IYM: Shipping service unavailable, order not placed..
13:02:07.593 [main] INFO com.iluwatar.commander.Commander - Sorry, there was a problem in creating your order. Please try later.
13:02:07.593 [main] ERROR com.iluwatar.commander.Commander - Order UUVKV1C42IYM: Shipping service unavailable, order not placed..
13:02:07.593 [main] INFO com.iluwatar.commander.Commander - Sorry, there was a problem in creating your order. Please try later.
13:02:07.593 [main] ERROR com.iluwatar.commander.Commander - Order UUVKV1C42IYM: Shipping service unavailable, order not placed..
13:02:07.593 [main] DEBUG com.iluwatar.commander.Commander - Order 5JH92O1BZH0U: Error in connecting to shipping service, trying again..
13:02:07.593 [main] INFO com.iluwatar.commander.Commander - Sorry, there was a problem in creating your order. Please try later.
13:02:07.593 [main] ERROR com.iluwatar.commander.Commander - Order 5JH92O1BZH0U: Shipping service unavailable, order not placed..
13:02:07.593 [main] INFO com.iluwatar.commander.Commander - Sorry, there was a problem in creating your order. Please try later.
13:02:07.593 [main] ERROR com.iluwatar.commander.Commander - Order 5JH92O1BZH0U: Shipping service unavailable, order not placed..
13:02:07.593 [main] INFO com.iluwatar.commander.Commander - Sorry, there was a problem in creating your order. Please try later.
13:02:07.593 [main] ERROR com.iluwatar.commander.Commander - Order 5JH92O1BZH0U: Shipping service unavailable, order not placed..
13:02:07.593 [main] INFO com.iluwatar.commander.Commander - Sorry, there was a problem in creating your order. Please try later.
13:02:07.593 [main] ERROR com.iluwatar.commander.Commander - Order 5JH92O1BZH0U: Shipping service unavailable, order not placed..
13:02:07.593 [main] DEBUG com.iluwatar.commander.Commander - Order BPGAD1Y6SIFH: Error in creating shipping request..
13:02:07.593 [main] INFO com.iluwatar.commander.Commander - Shipping is currently not possible to your address. We are working on the problem and will get back to you asap.
13:02:07.593 [main] INFO com.iluwatar.commander.Commander - Order BPGAD1Y6SIFH: Shipping not possible to address, trying to add problem to employee db..
13:02:07.593 [Thread-721] WARN com.iluwatar.commander.Commander - Order BPGAD1Y6SIFH: Error in connecting to employee handle, trying again..
13:02:07.593 [main] INFO com.iluwatar.commander.Commander - Sorry, there was a problem in creating your order. Please try later.
13:02:07.593 [main] ERROR com.iluwatar.commander.Commander - Order BPGAD1Y6SIFH: Shipping service unavailable, order not placed..
13:02:07.593 [main] INFO com.iluwatar.commander.Commander - Sorry, there was a problem in creating your order. Please try later.
13:02:07.593 [main] ERROR com.iluwatar.commander.Commander - Order BPGAD1Y6SIFH: Shipping service unavailable, order not placed..
13:02:07.593 [main] INFO com.iluwatar.commander.Commander - Sorry, there was a problem in creating your order. Please try later.
13:02:07.593 [main] ERROR com.iluwatar.commander.Commander - Order BPGAD1Y6SIFH: Shipping service unavailable, order not placed..
13:02:07.593 [main] INFO com.iluwatar.commander.Commander - Sorry, there was a problem in creating your order. Please try later.
13:02:07.593 [main] ERROR com.iluwatar.commander.Commander - Order 5GRPKVNH2K3Q: Shipping service unavailable, order not placed..
13:02:07.593 [main] INFO com.iluwatar.commander.Commander - Sorry, there was a problem in creating your order. Please try later.
13:02:07.593 [main] ERROR com.iluwatar.commander.Commander - Order 5GRPKVNH2K3Q: Shipping service unavailable, order not placed..
13:02:07.593 [main] INFO com.iluwatar.commander.Commander - Sorry, there was a problem in creating your order. Please try later.
13:02:07.593 [main] ERROR com.iluwatar.commander.Commander - Order 5GRPKVNH2K3Q: Shipping service unavailable, order not placed..
13:02:07.593 [main] INFO com.iluwatar.commander.Commander - Sorry, there was a problem in creating your order. Please try later.
13:02:07.593 [main] ERROR com.iluwatar.commander.Commander - Order 5GRPKVNH2K3Q: Shipping service unavailable, order not placed..
13:02:07.593 [main] INFO com.iluwatar.commander.Commander - Sorry, there was a problem in creating your order. Please try later.
13:02:07.593 [main] ERROR com.iluwatar.commander.Commander - Order RNCV7EXC1NQ7: Shipping service unavailable, order not placed..
13:02:07.593 [main] INFO com.iluwatar.commander.Commander - Sorry, there was a problem in creating your order. Please try later.
13:02:07.593 [main] ERROR com.iluwatar.commander.Commander - Order RNCV7EXC1NQ7: Shipping service unavailable, order not placed..
13:02:07.593 [main] INFO com.iluwatar.commander.Commander - Sorry, there was a problem in creating your order. Please try later.
13:02:07.593 [main] ERROR com.iluwatar.commander.Commander - Order RNCV7EXC1NQ7: Shipping service unavailable, order not placed..
13:02:07.593 [main] INFO com.iluwatar.commander.Commander - Sorry, there was a problem in creating your order. Please try later.
13:02:07.593 [main] ERROR com.iluwatar.commander.Commander - Order RNCV7EXC1NQ7: Shipping service unavailable, order not placed..
13:02:07.593 [main] DEBUG com.iluwatar.commander.Commander - Order 46OKC6TFNJ3U: Error in connecting to shipping service, trying again..
13:02:07.593 [main] INFO com.iluwatar.commander.Commander - Sorry, there was a problem in creating your order. Please try later.
13:02:07.593 [main] ERROR com.iluwatar.commander.Commander - Order 46OKC6TFNJ3U: Shipping service unavailable, order not placed..
13:02:07.593 [main] INFO com.iluwatar.commander.Commander - Sorry, there was a problem in creating your order. Please try later.
13:02:07.593 [main] ERROR com.iluwatar.commander.Commander - Order 46OKC6TFNJ3U: Shipping service unavailable, order not placed..
13:02:07.593 [main] INFO com.iluwatar.commander.Commander - Sorry, there was a problem in creating your order. Please try later.
13:02:07.593 [main] ERROR com.iluwatar.commander.Commander - Order 46OKC6TFNJ3U: Shipping service unavailable, order not placed..
13:02:07.593 [main] INFO com.iluwatar.commander.Commander - Sorry, there was a problem in creating your order. Please try later.
13:02:07.593 [main] ERROR com.iluwatar.commander.Commander - Order 46OKC6TFNJ3U: Shipping service unavailable, order not placed..
13:02:07.593 [main] DEBUG com.iluwatar.commander.Commander - Order 3IW67L31SX0F: Error in creating shipping request..
13:02:07.594 [main] INFO com.iluwatar.commander.Commander - This item is currently unavailable. We will inform you as soon as the item becomes available again.
13:02:07.594 [main] INFO com.iluwatar.commander.Commander - Order 3IW67L31SX0F: Item pen unavailable, trying to add problem to employee handle..
13:02:07.594 [Thread-722] WARN com.iluwatar.commander.Commander - Order 3IW67L31SX0F: Error in connecting to employee handle, trying again..
13:02:07.594 [main] INFO com.iluwatar.commander.Commander - Sorry, there was a problem in creating your order. Please try later.
13:02:07.594 [main] ERROR com.iluwatar.commander.Commander - Order 3IW67L31SX0F: Shipping service unavailable, order not placed..
13:02:07.594 [main] INFO com.iluwatar.commander.Commander - Sorry, there was a problem in creating your order. Please try later.
13:02:07.594 [main] ERROR com.iluwatar.commander.Commander - Order 3IW67L31SX0F: Shipping service unavailable, order not placed..
13:02:07.594 [main] INFO com.iluwatar.commander.Commander - Sorry, there was a problem in creating your order. Please try later.
13:02:07.594 [main] ERROR com.iluwatar.commander.Commander - Order 3IW67L31SX0F: Shipping service unavailable, order not placed..
13:02:07.594 [main] INFO com.iluwatar.commander.Commander - Sorry, there was a problem in creating your order. Please try later.
13:02:07.594 [main] ERROR com.iluwatar.commander.Commander - Order YJD4ASG1BMKN: Shipping service unavailable, order not placed..
13:02:07.594 [main] INFO com.iluwatar.commander.Commander - Sorry, there was a problem in creating your order. Please try later.
13:02:07.594 [main] ERROR com.iluwatar.commander.Commander - Order YJD4ASG1BMKN: Shipping service unavailable, order not placed..
13:02:07.594 [main] INFO com.iluwatar.commander.Commander - Sorry, there was a problem in creating your order. Please try later.
13:02:07.594 [main] ERROR com.iluwatar.commander.Commander - Order YJD4ASG1BMKN: Shipping service unavailable, order not placed..
13:02:07.594 [main] INFO com.iluwatar.commander.Commander - Sorry, there was a problem in creating your order. Please try later.
13:02:07.594 [main] ERROR com.iluwatar.commander.Commander - Order YJD4ASG1BMKN: Shipping service unavailable, order not placed..
13:02:07.594 [main] INFO com.iluwatar.commander.Commander - Sorry, there was a problem in creating your order. Please try later.
13:02:07.594 [main] ERROR com.iluwatar.commander.Commander - Order CPWFK2SGKJP7: Shipping service unavailable, order not placed..
13:02:07.594 [main] INFO com.iluwatar.commander.Commander - Sorry, there was a problem in creating your order. Please try later.
13:02:07.594 [main] ERROR com.iluwatar.commander.Commander - Order CPWFK2SGKJP7: Shipping service unavailable, order not placed..
13:02:07.594 [main] INFO com.iluwatar.commander.Commander - Sorry, there was a problem in creating your order. Please try later.
13:02:07.594 [main] ERROR com.iluwatar.commander.Commander - Order CPWFK2SGKJP7: Shipping service unavailable, order not placed..
13:02:07.594 [main] INFO com.iluwatar.commander.Commander - Sorry, there was a problem in creating your order. Please try later.
13:02:07.594 [main] ERROR com.iluwatar.commander.Commander - Order CPWFK2SGKJP7: Shipping service unavailable, order not placed..
13:02:07.594 [main] DEBUG com.iluwatar.commander.Commander - Order L8WHTM0G24IO: Error in connecting to shipping service, trying again..
13:02:07.594 [main] INFO com.iluwatar.commander.Commander - Sorry, there was a problem in creating your order. Please try later.
13:02:07.594 [main] ERROR com.iluwatar.commander.Commander - Order L8WHTM0G24IO: Shipping service unavailable, order not placed..
13:02:07.594 [main] INFO com.iluwatar.commander.Commander - Sorry, there was a problem in creating your order. Please try later.
13:02:07.594 [main] ERROR com.iluwatar.commander.Commander - Order L8WHTM0G24IO: Shipping service unavailable, order not placed..
13:02:07.594 [main] INFO com.iluwatar.commander.Commander - Sorry, there was a problem in creating your order. Please try later.
13:02:07.594 [main] ERROR com.iluwatar.commander.Commander - Order L8WHTM0G24IO: Shipping service unavailable, order not placed..
13:02:07.594 [main] INFO com.iluwatar.commander.Commander - Sorry, there was a problem in creating your order. Please try later.
13:02:07.594 [main] ERROR com.iluwatar.commander.Commander - Order L8WHTM0G24IO: Shipping service unavailable, order not placed..
13:02:07.594 [main] DEBUG com.iluwatar.commander.Commander - Order MZS3DVXNUXB9: Error in creating shipping request..
13:02:07.594 [main] INFO com.iluwatar.commander.Commander - Sorry, there was a problem in creating your order. Please try later.
13:02:07.594 [main] ERROR com.iluwatar.commander.Commander - Order MZS3DVXNUXB9: Shipping service unavailable, order not placed..
13:02:07.594 [main] INFO com.iluwatar.commander.Commander - Sorry, there was a problem in creating your order. Please try later.
13:02:07.594 [main] ERROR com.iluwatar.commander.Commander - Order MZS3DVXNUXB9: Shipping service unavailable, order not placed..
13:02:07.594 [main] INFO com.iluwatar.commander.Commander - Sorry, there was a problem in creating your order. Please try later.
13:02:07.594 [main] ERROR com.iluwatar.commander.Commander - Order MZS3DVXNUXB9: Shipping service unavailable, order not placed..
13:02:07.594 [main] INFO com.iluwatar.commander.Commander - Sorry, there was a problem in creating your order. Please try later.
13:02:07.594 [main] ERROR com.iluwatar.commander.Commander - Order MZS3DVXNUXB9: Shipping service unavailable, order not placed..
13:02:07.594 [main] INFO com.iluwatar.commander.Commander - Sorry, there was a problem in creating your order. Please try later.
13:02:07.594 [main] ERROR com.iluwatar.commander.Commander - Order 7D66QIHA8WS4: Shipping service unavailable, order not placed..
13:02:07.594 [main] INFO com.iluwatar.commander.Commander - Sorry, there was a problem in creating your order. Please try later.
13:02:07.594 [main] ERROR com.iluwatar.commander.Commander - Order 7D66QIHA8WS4: Shipping service unavailable, order not placed..
13:02:07.594 [main] INFO com.iluwatar.commander.Commander - Sorry, there was a problem in creating your order. Please try later.
13:02:07.594 [main] ERROR com.iluwatar.commander.Commander - Order 7D66QIHA8WS4: Shipping service unavailable, order not placed..
13:02:07.594 [main] INFO com.iluwatar.commander.Commander - Sorry, there was a problem in creating your order. Please try later.
13:02:07.594 [main] ERROR com.iluwatar.commander.Commander - Order 7D66QIHA8WS4: Shipping service unavailable, order not placed..
13:02:07.594 [main] INFO com.iluwatar.commander.Commander - Sorry, there was a problem in creating your order. Please try later.
13:02:07.594 [main] ERROR com.iluwatar.commander.Commander - Order DY4KQUUXO9M3: Shipping service unavailable, order not placed..
13:02:07.594 [main] INFO com.iluwatar.commander.Commander - Sorry, there was a problem in creating your order. Please try later.
13:02:07.594 [main] ERROR com.iluwatar.commander.Commander - Order DY4KQUUXO9M3: Shipping service unavailable, order not placed..
13:02:07.594 [main] INFO com.iluwatar.commander.Commander - Sorry, there was a problem in creating your order. Please try later.
13:02:07.594 [main] ERROR com.iluwatar.commander.Commander - Order DY4KQUUXO9M3: Shipping service unavailable, order not placed..
13:02:07.594 [main] INFO com.iluwatar.commander.Commander - Sorry, there was a problem in creating your order. Please try later.
13:02:07.594 [main] ERROR com.iluwatar.commander.Commander - Order DY4KQUUXO9M3: Shipping service unavailable, order not placed..
13:02:07.594 [main] DEBUG com.iluwatar.commander.Commander - Order FDDVHHEPDJ8M: Error in connecting to shipping service, trying again..
13:02:07.594 [main] INFO com.iluwatar.commander.Commander - Sorry, there was a problem in creating your order. Please try later.
13:02:07.594 [main] ERROR com.iluwatar.commander.Commander - Order FDDVHHEPDJ8M: Shipping service unavailable, order not placed..
13:02:07.594 [main] INFO com.iluwatar.commander.Commander - Sorry, there was a problem in creating your order. Please try later.
13:02:07.594 [main] ERROR com.iluwatar.commander.Commander - Order FDDVHHEPDJ8M: Shipping service unavailable, order not placed..
13:02:07.594 [main] INFO com.iluwatar.commander.Commander - Sorry, there was a problem in creating your order. Please try later.
13:02:07.594 [main] ERROR com.iluwatar.commander.Commander - Order FDDVHHEPDJ8M: Shipping service unavailable, order not placed..
13:02:07.594 [main] INFO com.iluwatar.commander.Commander - Sorry, there was a problem in creating your order. Please try later.
13:02:07.594 [main] ERROR com.iluwatar.commander.Commander - Order FDDVHHEPDJ8M: Shipping service unavailable, order not placed..
13:02:07.594 [main] DEBUG com.iluwatar.commander.Commander - Order 7US4857M0IK4: Error in creating shipping request..
13:02:07.594 [main] INFO com.iluwatar.commander.Commander - Sorry, there was a problem in creating your order. Please try later.
13:02:07.594 [main] ERROR com.iluwatar.commander.Commander - Order 7US4857M0IK4: Shipping service unavailable, order not placed..
13:02:07.594 [main] INFO com.iluwatar.commander.Commander - Sorry, there was a problem in creating your order. Please try later.
13:02:07.594 [main] ERROR com.iluwatar.commander.Commander - Order 7US4857M0IK4: Shipping service unavailable, order not placed..
13:02:07.594 [main] INFO com.iluwatar.commander.Commander - Sorry, there was a problem in creating your order. Please try later.
13:02:07.594 [main] ERROR com.iluwatar.commander.Commander - Order 7US4857M0IK4: Shipping service unavailable, order not placed..
13:02:07.594 [main] INFO com.iluwatar.commander.Commander - Sorry, there was a problem in creating your order. Please try later.
13:02:07.594 [main] ERROR com.iluwatar.commander.Commander - Order 7US4857M0IK4: Shipping service unavailable, order not placed..
13:02:07.594 [main] INFO com.iluwatar.commander.Commander - Sorry, there was a problem in creating your order. Please try later.
13:02:07.594 [main] ERROR com.iluwatar.commander.Commander - Order W9NSDNUYOQ9N: Shipping service unavailable, order not placed..
13:02:07.594 [main] INFO com.iluwatar.commander.Commander - Sorry, there was a problem in creating your order. Please try later.
13:02:07.594 [main] ERROR com.iluwatar.commander.Commander - Order W9NSDNUYOQ9N: Shipping service unavailable, order not placed..
13:02:07.594 [main] INFO com.iluwatar.commander.Commander - Sorry, there was a problem in creating your order. Please try later.
13:02:07.594 [main] ERROR com.iluwatar.commander.Commander - Order W9NSDNUYOQ9N: Shipping service unavailable, order not placed..
13:02:07.594 [main] INFO com.iluwatar.commander.Commander - Sorry, there was a problem in creating your order. Please try later.
13:02:07.594 [main] ERROR com.iluwatar.commander.Commander - Order W9NSDNUYOQ9N: Shipping service unavailable, order not placed..
13:02:07.594 [main] INFO com.iluwatar.commander.Commander - Sorry, there was a problem in creating your order. Please try later.
13:02:07.594 [main] ERROR com.iluwatar.commander.Commander - Order 8J1ZPZUVPFLL: Shipping service unavailable, order not placed..
13:02:07.594 [main] INFO com.iluwatar.commander.Commander - Sorry, there was a problem in creating your order. Please try later.
13:02:07.594 [main] ERROR com.iluwatar.commander.Commander - Order 8J1ZPZUVPFLL: Shipping service unavailable, order not placed..
13:02:07.594 [main] INFO com.iluwatar.commander.Commander - Sorry, there was a problem in creating your order. Please try later.
13:02:07.594 [main] ERROR com.iluwatar.commander.Commander - Order 8J1ZPZUVPFLL: Shipping service unavailable, order not placed..
13:02:07.594 [main] INFO com.iluwatar.commander.Commander - Sorry, there was a problem in creating your order. Please try later.
13:02:07.594 [main] ERROR com.iluwatar.commander.Commander - Order 8J1ZPZUVPFLL: Shipping service unavailable, order not placed..
13:02:07.594 [main] DEBUG com.iluwatar.commander.Commander - Order 8L1Z4TWMU5ZB: Error in connecting to shipping service, trying again..
13:02:07.594 [main] INFO com.iluwatar.commander.Commander - Sorry, there was a problem in creating your order. Please try later.
13:02:07.594 [main] ERROR com.iluwatar.commander.Commander - Order 8L1Z4TWMU5ZB: Shipping service unavailable, order not placed..
13:02:07.594 [main] INFO com.iluwatar.commander.Commander - Sorry, there was a problem in creating your order. Please try later.
13:02:07.594 [main] ERROR com.iluwatar.commander.Commander - Order 8L1Z4TWMU5ZB: Shipping service unavailable, order not placed..
13:02:07.594 [main] INFO com.iluwatar.commander.Commander - Sorry, there was a problem in creating your order. Please try later.
13:02:07.594 [main] ERROR com.iluwatar.commander.Commander - Order 8L1Z4TWMU5ZB: Shipping service unavailable, order not placed..
13:02:07.594 [main] INFO com.iluwatar.commander.Commander - Sorry, there was a problem in creating your order. Please try later.
13:02:07.594 [main] ERROR com.iluwatar.commander.Commander - Order 8L1Z4TWMU5ZB: Shipping service unavailable, order not placed..
13:02:07.595 [main] DEBUG com.iluwatar.commander.Commander - Order KGO6B8K0R5EM: Error in connecting to shipping service, trying again..
13:02:07.595 [main] INFO com.iluwatar.commander.Commander - Sorry, there was a problem in creating your order. Please try later.
13:02:07.595 [main] ERROR com.iluwatar.commander.Commander - Order KGO6B8K0R5EM: Shipping service unavailable, order not placed..
13:02:07.595 [main] INFO com.iluwatar.commander.Commander - Sorry, there was a problem in creating your order. Please try later.
13:02:07.595 [main] ERROR com.iluwatar.commander.Commander - Order KGO6B8K0R5EM: Shipping service unavailable, order not placed..
13:02:07.595 [main] INFO com.iluwatar.commander.Commander - Sorry, there was a problem in creating your order. Please try later.
13:02:07.595 [main] ERROR com.iluwatar.commander.Commander - Order KGO6B8K0R5EM: Shipping service unavailable, order not placed..
13:02:07.595 [main] INFO com.iluwatar.commander.Commander - Sorry, there was a problem in creating your order. Please try later.
13:02:07.595 [main] ERROR com.iluwatar.commander.Commander - Order KGO6B8K0R5EM: Shipping service unavailable, order not placed..
13:02:07.595 [main] INFO com.iluwatar.commander.Commander - Sorry, there was a problem in creating your order. Please try later.
13:02:07.595 [main] ERROR com.iluwatar.commander.Commander - Order 0I2PYU2PPSVY: Shipping service unavailable, order not placed..
13:02:07.595 [main] INFO com.iluwatar.commander.Commander - Sorry, there was a problem in creating your order. Please try later.
13:02:07.595 [main] ERROR com.iluwatar.commander.Commander - Order 0I2PYU2PPSVY: Shipping service unavailable, order not placed..
13:02:07.595 [main] INFO com.iluwatar.commander.Commander - Sorry, there was a problem in creating your order. Please try later.
13:02:07.595 [main] ERROR com.iluwatar.commander.Commander - Order 0I2PYU2PPSVY: Shipping service unavailable, order not placed..
13:02:07.595 [main] INFO com.iluwatar.commander.Commander - Sorry, there was a problem in creating your order. Please try later.
13:02:07.595 [main] ERROR com.iluwatar.commander.Commander - Order 0I2PYU2PPSVY: Shipping service unavailable, order not placed..
13:02:07.595 [main] INFO com.iluwatar.commander.Commander - Sorry, there was a problem in creating your order. Please try later.
13:02:07.595 [main] ERROR com.iluwatar.commander.Commander - Order CIALGB408THD: Shipping service unavailable, order not placed..
13:02:07.595 [main] INFO com.iluwatar.commander.Commander - Sorry, there was a problem in creating your order. Please try later.
13:02:07.595 [main] ERROR com.iluwatar.commander.Commander - Order CIALGB408THD: Shipping service unavailable, order not placed..
13:02:07.595 [main] INFO com.iluwatar.commander.Commander - Sorry, there was a problem in creating your order. Please try later.
13:02:07.595 [main] ERROR com.iluwatar.commander.Commander - Order CIALGB408THD: Shipping service unavailable, order not placed..
13:02:07.595 [main] INFO com.iluwatar.commander.Commander - Sorry, there was a problem in creating your order. Please try later.
13:02:07.595 [main] ERROR com.iluwatar.commander.Commander - Order CIALGB408THD: Shipping service unavailable, order not placed..
13:02:07.595 [main] DEBUG com.iluwatar.commander.Commander - Order HVN6309FTW2R: Error in connecting to shipping service, trying again..
13:02:07.595 [main] INFO com.iluwatar.commander.Commander - Sorry, there was a problem in creating your order. Please try later.
13:02:07.595 [main] ERROR com.iluwatar.commander.Commander - Order HVN6309FTW2R: Shipping service unavailable, order not placed..
13:02:07.595 [main] INFO com.iluwatar.commander.Commander - Sorry, there was a problem in creating your order. Please try later.
13:02:07.595 [main] ERROR com.iluwatar.commander.Commander - Order HVN6309FTW2R: Shipping service unavailable, order not placed..
13:02:07.595 [main] INFO com.iluwatar.commander.Commander - Sorry, there was a problem in creating your order. Please try later.
13:02:07.595 [main] ERROR com.iluwatar.commander.Commander - Order HVN6309FTW2R: Shipping service unavailable, order not placed..
13:02:07.595 [main] INFO com.iluwatar.commander.Commander - Sorry, there was a problem in creating your order. Please try later.
13:02:07.595 [main] ERROR com.iluwatar.commander.Commander - Order HVN6309FTW2R: Shipping service unavailable, order not placed..
13:02:07.595 [main] DEBUG com.iluwatar.commander.Commander - Order P3MODDD0D9ZZ: Error in creating shipping request..
13:02:07.595 [main] INFO com.iluwatar.commander.Commander - Shipping is currently not possible to your address. We are working on the problem and will get back to you asap.
13:02:07.595 [main] INFO com.iluwatar.commander.Commander - Order P3MODDD0D9ZZ: Shipping not possible to address, trying to add problem to employee db..
13:02:07.595 [main] INFO com.iluwatar.commander.Commander - Sorry, there was a problem in creating your order. Please try later.
13:02:07.595 [main] ERROR com.iluwatar.commander.Commander - Order P3MODDD0D9ZZ: Shipping service unavailable, order not placed..
13:02:07.595 [main] INFO com.iluwatar.commander.Commander - Sorry, there was a problem in creating your order. Please try later.
13:02:07.595 [Thread-723] WARN com.iluwatar.commander.Commander - Order P3MODDD0D9ZZ: Error in connecting to employee handle, trying again..
13:02:07.595 [Thread-723] WARN com.iluwatar.commander.Commander - Order P3MODDD0D9ZZ: Error in adding to employee db, trying to queue task..
13:02:07.595 [main] ERROR com.iluwatar.commander.Commander - Order P3MODDD0D9ZZ: Shipping service unavailable, order not placed..
13:02:07.595 [main] INFO com.iluwatar.commander.Commander - Sorry, there was a problem in creating your order. Please try later.
13:02:07.595 [main] ERROR com.iluwatar.commander.Commander - Order P3MODDD0D9ZZ: Shipping service unavailable, order not placed..
13:02:07.595 [main] INFO com.iluwatar.commander.Commander - Sorry, there was a problem in creating your order. Please try later.
13:02:07.595 [main] ERROR com.iluwatar.commander.Commander - Order SMD3L69KZ7GX: Shipping service unavailable, order not placed..
13:02:07.595 [main] INFO com.iluwatar.commander.Commander - Sorry, there was a problem in creating your order. Please try later.
13:02:07.595 [main] ERROR com.iluwatar.commander.Commander - Order SMD3L69KZ7GX: Shipping service unavailable, order not placed..
13:02:07.595 [main] INFO com.iluwatar.commander.Commander - Sorry, there was a problem in creating your order. Please try later.
13:02:07.595 [main] ERROR com.iluwatar.commander.Commander - Order SMD3L69KZ7GX: Shipping service unavailable, order not placed..
13:02:07.595 [main] INFO com.iluwatar.commander.Commander - Sorry, there was a problem in creating your order. Please try later.
13:02:07.595 [main] ERROR com.iluwatar.commander.Commander - Order SMD3L69KZ7GX: Shipping service unavailable, order not placed..
13:02:07.595 [main] INFO com.iluwatar.commander.Commander - Sorry, there was a problem in creating your order. Please try later.
13:02:07.595 [main] ERROR com.iluwatar.commander.Commander - Order G87H77038WM2: Shipping service unavailable, order not placed..
13:02:07.595 [main] INFO com.iluwatar.commander.Commander - Sorry, there was a problem in creating your order. Please try later.
13:02:07.595 [main] ERROR com.iluwatar.commander.Commander - Order G87H77038WM2: Shipping service unavailable, order not placed..
13:02:07.595 [main] INFO com.iluwatar.commander.Commander - Sorry, there was a problem in creating your order. Please try later.
13:02:07.595 [main] ERROR com.iluwatar.commander.Commander - Order G87H77038WM2: Shipping service unavailable, order not placed..
13:02:07.595 [main] INFO com.iluwatar.commander.Commander - Sorry, there was a problem in creating your order. Please try later.
13:02:07.595 [main] ERROR com.iluwatar.commander.Commander - Order G87H77038WM2: Shipping service unavailable, order not placed..
13:02:07.595 [main] DEBUG com.iluwatar.commander.Commander - Order 0VJF6I334YAQ: Error in connecting to shipping service, trying again..
13:02:07.595 [main] INFO com.iluwatar.commander.Commander - Sorry, there was a problem in creating your order. Please try later.
13:02:07.595 [main] ERROR com.iluwatar.commander.Commander - Order 0VJF6I334YAQ: Shipping service unavailable, order not placed..
13:02:07.595 [main] INFO com.iluwatar.commander.Commander - Sorry, there was a problem in creating your order. Please try later.
13:02:07.595 [main] ERROR com.iluwatar.commander.Commander - Order 0VJF6I334YAQ: Shipping service unavailable, order not placed..
13:02:07.595 [main] INFO com.iluwatar.commander.Commander - Sorry, there was a problem in creating your order. Please try later.
13:02:07.595 [main] ERROR com.iluwatar.commander.Commander - Order 0VJF6I334YAQ: Shipping service unavailable, order not placed..
13:02:07.595 [main] INFO com.iluwatar.commander.Commander - Sorry, there was a problem in creating your order. Please try later.
13:02:07.595 [main] ERROR com.iluwatar.commander.Commander - Order 0VJF6I334YAQ: Shipping service unavailable, order not placed..
13:02:07.595 [main] DEBUG com.iluwatar.commander.Commander - Order W8O82Y0IW0AJ: Error in creating shipping request..
13:02:07.595 [main] INFO com.iluwatar.commander.Commander - This item is currently unavailable. We will inform you as soon as the item becomes available again.
13:02:07.595 [main] INFO com.iluwatar.commander.Commander - Order W8O82Y0IW0AJ: Item pen unavailable, trying to add problem to employee handle..
13:02:07.595 [main] INFO com.iluwatar.commander.Commander - Sorry, there was a problem in creating your order. Please try later.
13:02:07.595 [main] ERROR com.iluwatar.commander.Commander - Order W8O82Y0IW0AJ: Shipping service unavailable, order not placed..
13:02:07.595 [main] INFO com.iluwatar.commander.Commander - Sorry, there was a problem in creating your order. Please try later.
13:02:07.595 [main] ERROR com.iluwatar.commander.Commander - Order W8O82Y0IW0AJ: Shipping service unavailable, order not placed..
13:02:07.595 [main] INFO com.iluwatar.commander.Commander - Sorry, there was a problem in creating your order. Please try later.
13:02:07.595 [main] ERROR com.iluwatar.commander.Commander - Order W8O82Y0IW0AJ: Shipping service unavailable, order not placed..
13:02:07.595 [Thread-724] WARN com.iluwatar.commander.Commander - Order W8O82Y0IW0AJ: Error in connecting to employee handle, trying again..
13:02:07.595 [Thread-724] WARN com.iluwatar.commander.Commander - Order W8O82Y0IW0AJ: Error in adding to employee db, trying to queue task..
13:02:07.595 [main] INFO com.iluwatar.commander.Commander - Sorry, there was a problem in creating your order. Please try later.
13:02:07.595 [main] ERROR com.iluwatar.commander.Commander - Order Q2QSU0JGL7BT: Shipping service unavailable, order not placed..
13:02:07.595 [main] INFO com.iluwatar.commander.Commander - Sorry, there was a problem in creating your order. Please try later.
13:02:07.595 [main] ERROR com.iluwatar.commander.Commander - Order Q2QSU0JGL7BT: Shipping service unavailable, order not placed..
13:02:07.595 [main] INFO com.iluwatar.commander.Commander - Sorry, there was a problem in creating your order. Please try later.
13:02:07.595 [main] ERROR com.iluwatar.commander.Commander - Order Q2QSU0JGL7BT: Shipping service unavailable, order not placed..
13:02:07.595 [main] INFO com.iluwatar.commander.Commander - Sorry, there was a problem in creating your order. Please try later.
13:02:07.595 [main] ERROR com.iluwatar.commander.Commander - Order Q2QSU0JGL7BT: Shipping service unavailable, order not placed..
13:02:07.595 [main] INFO com.iluwatar.commander.Commander - Sorry, there was a problem in creating your order. Please try later.
13:02:07.595 [main] ERROR com.iluwatar.commander.Commander - Order STZHQ32CB7ZD: Shipping service unavailable, order not placed..
13:02:07.595 [main] INFO com.iluwatar.commander.Commander - Sorry, there was a problem in creating your order. Please try later.
13:02:07.595 [main] ERROR com.iluwatar.commander.Commander - Order STZHQ32CB7ZD: Shipping service unavailable, order not placed..
13:02:07.595 [main] INFO com.iluwatar.commander.Commander - Sorry, there was a problem in creating your order. Please try later.
13:02:07.595 [main] ERROR com.iluwatar.commander.Commander - Order STZHQ32CB7ZD: Shipping service unavailable, order not placed..
13:02:07.595 [main] INFO com.iluwatar.commander.Commander - Sorry, there was a problem in creating your order. Please try later.
13:02:07.595 [main] ERROR com.iluwatar.commander.Commander - Order STZHQ32CB7ZD: Shipping service unavailable, order not placed..
13:02:07.596 [main] DEBUG com.iluwatar.commander.Commander - Order VA2KMZALGLTZ: Error in connecting to shipping service, trying again..
13:02:07.596 [main] INFO com.iluwatar.commander.Commander - Sorry, there was a problem in creating your order. Please try later.
13:02:07.596 [main] ERROR com.iluwatar.commander.Commander - Order VA2KMZALGLTZ: Shipping service unavailable, order not placed..
13:02:07.596 [main] INFO com.iluwatar.commander.Commander - Sorry, there was a problem in creating your order. Please try later.
13:02:07.596 [main] ERROR com.iluwatar.commander.Commander - Order VA2KMZALGLTZ: Shipping service unavailable, order not placed..
13:02:07.596 [main] INFO com.iluwatar.commander.Commander - Sorry, there was a problem in creating your order. Please try later.
13:02:07.596 [main] ERROR com.iluwatar.commander.Commander - Order VA2KMZALGLTZ: Shipping service unavailable, order not placed..
13:02:07.596 [main] INFO com.iluwatar.commander.Commander - Sorry, there was a problem in creating your order. Please try later.
13:02:07.596 [main] ERROR com.iluwatar.commander.Commander - Order VA2KMZALGLTZ: Shipping service unavailable, order not placed..
13:02:07.596 [main] DEBUG com.iluwatar.commander.Commander - Order BXBIS45IIOIB: Error in creating shipping request..
13:02:07.596 [main] INFO com.iluwatar.commander.Commander - Sorry, there was a problem in creating your order. Please try later.
13:02:07.596 [main] ERROR com.iluwatar.commander.Commander - Order BXBIS45IIOIB: Shipping service unavailable, order not placed..
13:02:07.596 [main] INFO com.iluwatar.commander.Commander - Sorry, there was a problem in creating your order. Please try later.
13:02:07.596 [main] ERROR com.iluwatar.commander.Commander - Order BXBIS45IIOIB: Shipping service unavailable, order not placed..
13:02:07.596 [main] INFO com.iluwatar.commander.Commander - Sorry, there was a problem in creating your order. Please try later.
13:02:07.596 [main] ERROR com.iluwatar.commander.Commander - Order BXBIS45IIOIB: Shipping service unavailable, order not placed..
13:02:07.596 [main] INFO com.iluwatar.commander.Commander - Sorry, there was a problem in creating your order. Please try later.
13:02:07.596 [main] ERROR com.iluwatar.commander.Commander - Order BXBIS45IIOIB: Shipping service unavailable, order not placed..
13:02:07.596 [main] INFO com.iluwatar.commander.Commander - Sorry, there was a problem in creating your order. Please try later.
13:02:07.596 [main] ERROR com.iluwatar.commander.Commander - Order Y6QL141XGGSL: Shipping service unavailable, order not placed..
13:02:07.596 [main] INFO com.iluwatar.commander.Commander - Sorry, there was a problem in creating your order. Please try later.
13:02:07.596 [main] ERROR com.iluwatar.commander.Commander - Order Y6QL141XGGSL: Shipping service unavailable, order not placed..
13:02:07.596 [main] INFO com.iluwatar.commander.Commander - Sorry, there was a problem in creating your order. Please try later.
13:02:07.596 [main] ERROR com.iluwatar.commander.Commander - Order Y6QL141XGGSL: Shipping service unavailable, order not placed..
13:02:07.596 [main] INFO com.iluwatar.commander.Commander - Sorry, there was a problem in creating your order. Please try later.
13:02:07.596 [main] ERROR com.iluwatar.commander.Commander - Order Y6QL141XGGSL: Shipping service unavailable, order not placed..
13:02:07.596 [main] INFO com.iluwatar.commander.Commander - Sorry, there was a problem in creating your order. Please try later.
13:02:07.596 [main] ERROR com.iluwatar.commander.Commander - Order N20MBO1HBDYR: Shipping service unavailable, order not placed..
13:02:07.596 [main] INFO com.iluwatar.commander.Commander - Sorry, there was a problem in creating your order. Please try later.
13:02:07.596 [main] ERROR com.iluwatar.commander.Commander - Order N20MBO1HBDYR: Shipping service unavailable, order not placed..
13:02:07.596 [main] INFO com.iluwatar.commander.Commander - Sorry, there was a problem in creating your order. Please try later.
13:02:07.596 [main] ERROR com.iluwatar.commander.Commander - Order N20MBO1HBDYR: Shipping service unavailable, order not placed..
13:02:07.596 [main] INFO com.iluwatar.commander.Commander - Sorry, there was a problem in creating your order. Please try later.
13:02:07.596 [main] ERROR com.iluwatar.commander.Commander - Order N20MBO1HBDYR: Shipping service unavailable, order not placed..
13:02:07.596 [main] DEBUG com.iluwatar.commander.Commander - Order 4E4B26WNTT4V: Error in connecting to shipping service, trying again..
13:02:07.596 [main] INFO com.iluwatar.commander.Commander - Sorry, there was a problem in creating your order. Please try later.
13:02:07.596 [main] ERROR com.iluwatar.commander.Commander - Order 4E4B26WNTT4V: Shipping service unavailable, order not placed..
13:02:07.596 [main] INFO com.iluwatar.commander.Commander - Sorry, there was a problem in creating your order. Please try later.
13:02:07.596 [main] ERROR com.iluwatar.commander.Commander - Order 4E4B26WNTT4V: Shipping service unavailable, order not placed..
13:02:07.596 [main] INFO com.iluwatar.commander.Commander - Sorry, there was a problem in creating your order. Please try later.
13:02:07.596 [main] ERROR com.iluwatar.commander.Commander - Order 4E4B26WNTT4V: Shipping service unavailable, order not placed..
13:02:07.596 [main] INFO com.iluwatar.commander.Commander - Sorry, there was a problem in creating your order. Please try later.
13:02:07.596 [main] ERROR com.iluwatar.commander.Commander - Order 4E4B26WNTT4V: Shipping service unavailable, order not placed..
13:02:07.596 [main] DEBUG com.iluwatar.commander.Commander - Order 9YF6WYPTBNR7: Error in creating shipping request..
13:02:07.596 [main] INFO com.iluwatar.commander.Commander - Sorry, there was a problem in creating your order. Please try later.
13:02:07.596 [main] ERROR com.iluwatar.commander.Commander - Order 9YF6WYPTBNR7: Shipping service unavailable, order not placed..
13:02:07.596 [main] INFO com.iluwatar.commander.Commander - Sorry, there was a problem in creating your order. Please try later.
13:02:07.596 [main] ERROR com.iluwatar.commander.Commander - Order 9YF6WYPTBNR7: Shipping service unavailable, order not placed..
13:02:07.596 [main] INFO com.iluwatar.commander.Commander - Sorry, there was a problem in creating your order. Please try later.
13:02:07.596 [main] ERROR com.iluwatar.commander.Commander - Order 9YF6WYPTBNR7: Shipping service unavailable, order not placed..
13:02:07.596 [main] INFO com.iluwatar.commander.Commander - Sorry, there was a problem in creating your order. Please try later.
13:02:07.596 [main] ERROR com.iluwatar.commander.Commander - Order 9YF6WYPTBNR7: Shipping service unavailable, order not placed..
13:02:07.596 [main] INFO com.iluwatar.commander.Commander - Sorry, there was a problem in creating your order. Please try later.
13:02:07.596 [main] ERROR com.iluwatar.commander.Commander - Order W3GYV67A6BN0: Shipping service unavailable, order not placed..
13:02:07.596 [main] INFO com.iluwatar.commander.Commander - Sorry, there was a problem in creating your order. Please try later.
13:02:07.596 [main] ERROR com.iluwatar.commander.Commander - Order W3GYV67A6BN0: Shipping service unavailable, order not placed..
13:02:07.596 [main] INFO com.iluwatar.commander.Commander - Sorry, there was a problem in creating your order. Please try later.
13:02:07.596 [main] ERROR com.iluwatar.commander.Commander - Order W3GYV67A6BN0: Shipping service unavailable, order not placed..
13:02:07.596 [main] INFO com.iluwatar.commander.Commander - Sorry, there was a problem in creating your order. Please try later.
13:02:07.596 [main] ERROR com.iluwatar.commander.Commander - Order W3GYV67A6BN0: Shipping service unavailable, order not placed..
13:02:07.596 [main] INFO com.iluwatar.commander.Commander - Sorry, there was a problem in creating your order. Please try later.
13:02:07.596 [main] ERROR com.iluwatar.commander.Commander - Order MGFIFJAGZBBB: Shipping service unavailable, order not placed..
13:02:07.596 [main] INFO com.iluwatar.commander.Commander - Sorry, there was a problem in creating your order. Please try later.
13:02:07.596 [main] ERROR com.iluwatar.commander.Commander - Order MGFIFJAGZBBB: Shipping service unavailable, order not placed..
13:02:07.596 [main] INFO com.iluwatar.commander.Commander - Sorry, there was a problem in creating your order. Please try later.
13:02:07.596 [main] ERROR com.iluwatar.commander.Commander - Order MGFIFJAGZBBB: Shipping service unavailable, order not placed..
13:02:07.596 [main] INFO com.iluwatar.commander.Commander - Sorry, there was a problem in creating your order. Please try later.
13:02:07.596 [main] ERROR com.iluwatar.commander.Commander - Order MGFIFJAGZBBB: Shipping service unavailable, order not placed..
13:02:07.596 [main] DEBUG com.iluwatar.commander.Commander - Order 6N6WFLMDCZZX: Error in connecting to shipping service, trying again..
13:02:07.596 [main] INFO com.iluwatar.commander.Commander - Sorry, there was a problem in creating your order. Please try later.
13:02:07.596 [main] ERROR com.iluwatar.commander.Commander - Order 6N6WFLMDCZZX: Shipping service unavailable, order not placed..
13:02:07.596 [main] INFO com.iluwatar.commander.Commander - Sorry, there was a problem in creating your order. Please try later.
13:02:07.596 [main] ERROR com.iluwatar.commander.Commander - Order 6N6WFLMDCZZX: Shipping service unavailable, order not placed..
13:02:07.596 [main] INFO com.iluwatar.commander.Commander - Sorry, there was a problem in creating your order. Please try later.
13:02:07.596 [main] ERROR com.iluwatar.commander.Commander - Order 6N6WFLMDCZZX: Shipping service unavailable, order not placed..
13:02:07.596 [main] INFO com.iluwatar.commander.Commander - Sorry, there was a problem in creating your order. Please try later.
13:02:07.596 [main] ERROR com.iluwatar.commander.Commander - Order 6N6WFLMDCZZX: Shipping service unavailable, order not placed..
13:02:07.596 [main] DEBUG com.iluwatar.commander.Commander - Order PQKAOPJ75ZXF: Error in connecting to shipping service, trying again..
13:02:07.596 [main] INFO com.iluwatar.commander.Commander - Sorry, there was a problem in creating your order. Please try later.
13:02:07.596 [main] ERROR com.iluwatar.commander.Commander - Order PQKAOPJ75ZXF: Shipping service unavailable, order not placed..
13:02:07.596 [main] INFO com.iluwatar.commander.Commander - Sorry, there was a problem in creating your order. Please try later.
13:02:07.596 [main] ERROR com.iluwatar.commander.Commander - Order PQKAOPJ75ZXF: Shipping service unavailable, order not placed..
13:02:07.596 [main] INFO com.iluwatar.commander.Commander - Sorry, there was a problem in creating your order. Please try later.
13:02:07.596 [main] ERROR com.iluwatar.commander.Commander - Order PQKAOPJ75ZXF: Shipping service unavailable, order not placed..
13:02:07.596 [main] INFO com.iluwatar.commander.Commander - Sorry, there was a problem in creating your order. Please try later.
13:02:07.596 [main] ERROR com.iluwatar.commander.Commander - Order PQKAOPJ75ZXF: Shipping service unavailable, order not placed..
13:02:07.596 [main] INFO com.iluwatar.commander.Commander - Sorry, there was a problem in creating your order. Please try later.
13:02:07.596 [main] ERROR com.iluwatar.commander.Commander - Order P0136E829F04: Shipping service unavailable, order not placed..
13:02:07.596 [main] INFO com.iluwatar.commander.Commander - Sorry, there was a problem in creating your order. Please try later.
13:02:07.596 [main] ERROR com.iluwatar.commander.Commander - Order P0136E829F04: Shipping service unavailable, order not placed..
13:02:07.596 [main] INFO com.iluwatar.commander.Commander - Sorry, there was a problem in creating your order. Please try later.
13:02:07.596 [main] ERROR com.iluwatar.commander.Commander - Order P0136E829F04: Shipping service unavailable, order not placed..
13:02:07.596 [main] INFO com.iluwatar.commander.Commander - Sorry, there was a problem in creating your order. Please try later.
13:02:07.596 [main] ERROR com.iluwatar.commander.Commander - Order P0136E829F04: Shipping service unavailable, order not placed..
13:02:07.596 [main] INFO com.iluwatar.commander.Commander - Sorry, there was a problem in creating your order. Please try later.
13:02:07.596 [main] ERROR com.iluwatar.commander.Commander - Order VGDBHMYNMAKU: Shipping service unavailable, order not placed..
13:02:07.596 [main] INFO com.iluwatar.commander.Commander - Sorry, there was a problem in creating your order. Please try later.
13:02:07.596 [main] ERROR com.iluwatar.commander.Commander - Order VGDBHMYNMAKU: Shipping service unavailable, order not placed..
13:02:07.596 [main] INFO com.iluwatar.commander.Commander - Sorry, there was a problem in creating your order. Please try later.
13:02:07.596 [main] ERROR com.iluwatar.commander.Commander - Order VGDBHMYNMAKU: Shipping service unavailable, order not placed..
13:02:07.596 [main] INFO com.iluwatar.commander.Commander - Sorry, there was a problem in creating your order. Please try later.
13:02:07.596 [main] ERROR com.iluwatar.commander.Commander - Order VGDBHMYNMAKU: Shipping service unavailable, order not placed..
13:02:07.596 [main] DEBUG com.iluwatar.commander.Commander - Order 9G28S6H4RRRN: Error in connecting to shipping service, trying again..
13:02:07.596 [main] INFO com.iluwatar.commander.Commander - Sorry, there was a problem in creating your order. Please try later.
13:02:07.596 [main] ERROR com.iluwatar.commander.Commander - Order 9G28S6H4RRRN: Shipping service unavailable, order not placed..
13:02:07.597 [main] INFO com.iluwatar.commander.Commander - Sorry, there was a problem in creating your order. Please try later.
13:02:07.597 [main] ERROR com.iluwatar.commander.Commander - Order 9G28S6H4RRRN: Shipping service unavailable, order not placed..
13:02:07.597 [main] INFO com.iluwatar.commander.Commander - Sorry, there was a problem in creating your order. Please try later.
13:02:07.597 [main] ERROR com.iluwatar.commander.Commander - Order 9G28S6H4RRRN: Shipping service unavailable, order not placed..
13:02:07.597 [main] INFO com.iluwatar.commander.Commander - Sorry, there was a problem in creating your order. Please try later.
13:02:07.597 [main] ERROR com.iluwatar.commander.Commander - Order 9G28S6H4RRRN: Shipping service unavailable, order not placed..
13:02:07.597 [main] DEBUG com.iluwatar.commander.Commander - Order CAT3LTSD3CO4: Error in creating shipping request..
13:02:07.597 [main] INFO com.iluwatar.commander.Commander - Shipping is currently not possible to your address. We are working on the problem and will get back to you asap.
13:02:07.597 [main] INFO com.iluwatar.commander.Commander - Order CAT3LTSD3CO4: Shipping not possible to address, trying to add problem to employee db..
13:02:07.597 [main] INFO com.iluwatar.commander.Commander - Sorry, there was a problem in creating your order. Please try later.
13:02:07.597 [main] ERROR com.iluwatar.commander.Commander - Order CAT3LTSD3CO4: Shipping service unavailable, order not placed..
13:02:07.597 [Thread-725] WARN com.iluwatar.commander.Commander - Order CAT3LTSD3CO4: Error in connecting to employee handle, trying again..
13:02:07.597 [Thread-725] WARN com.iluwatar.commander.Commander - Order CAT3LTSD3CO4: Error in adding to employee db, trying to queue task..
13:02:07.597 [main] INFO com.iluwatar.commander.Commander - Sorry, there was a problem in creating your order. Please try later.
13:02:07.597 [main] ERROR com.iluwatar.commander.Commander - Order CAT3LTSD3CO4: Shipping service unavailable, order not placed..
13:02:07.597 [main] INFO com.iluwatar.commander.Commander - Sorry, there was a problem in creating your order. Please try later.
13:02:07.597 [main] ERROR com.iluwatar.commander.Commander - Order CAT3LTSD3CO4: Shipping service unavailable, order not placed..
13:02:07.597 [main] INFO com.iluwatar.commander.Commander - Sorry, there was a problem in creating your order. Please try later.
13:02:07.597 [main] ERROR com.iluwatar.commander.Commander - Order OF37DLZ3DOEZ: Shipping service unavailable, order not placed..
13:02:07.597 [main] INFO com.iluwatar.commander.Commander - Sorry, there was a problem in creating your order. Please try later.
13:02:07.597 [main] ERROR com.iluwatar.commander.Commander - Order OF37DLZ3DOEZ: Shipping service unavailable, order not placed..
13:02:07.597 [main] INFO com.iluwatar.commander.Commander - Sorry, there was a problem in creating your order. Please try later.
13:02:07.597 [main] ERROR com.iluwatar.commander.Commander - Order OF37DLZ3DOEZ: Shipping service unavailable, order not placed..
13:02:07.597 [main] INFO com.iluwatar.commander.Commander - Sorry, there was a problem in creating your order. Please try later.
13:02:07.597 [main] ERROR com.iluwatar.commander.Commander - Order OF37DLZ3DOEZ: Shipping service unavailable, order not placed..
13:02:07.597 [main] INFO com.iluwatar.commander.Commander - Sorry, there was a problem in creating your order. Please try later.
13:02:07.597 [main] ERROR com.iluwatar.commander.Commander - Order 300XKO081DG0: Shipping service unavailable, order not placed..
13:02:07.597 [main] INFO com.iluwatar.commander.Commander - Sorry, there was a problem in creating your order. Please try later.
13:02:07.597 [main] ERROR com.iluwatar.commander.Commander - Order 300XKO081DG0: Shipping service unavailable, order not placed..
13:02:07.597 [main] INFO com.iluwatar.commander.Commander - Sorry, there was a problem in creating your order. Please try later.
13:02:07.597 [main] ERROR com.iluwatar.commander.Commander - Order 300XKO081DG0: Shipping service unavailable, order not placed..
13:02:07.597 [main] INFO com.iluwatar.commander.Commander - Sorry, there was a problem in creating your order. Please try later.
13:02:07.597 [main] ERROR com.iluwatar.commander.Commander - Order 300XKO081DG0: Shipping service unavailable, order not placed..
13:02:07.597 [main] DEBUG com.iluwatar.commander.Commander - Order JBW0C0KQUCT5: Error in connecting to shipping service, trying again..
13:02:07.597 [main] INFO com.iluwatar.commander.Commander - Sorry, there was a problem in creating your order. Please try later.
13:02:07.597 [main] ERROR com.iluwatar.commander.Commander - Order JBW0C0KQUCT5: Shipping service unavailable, order not placed..
13:02:07.597 [main] INFO com.iluwatar.commander.Commander - Sorry, there was a problem in creating your order. Please try later.
13:02:07.597 [main] ERROR com.iluwatar.commander.Commander - Order JBW0C0KQUCT5: Shipping service unavailable, order not placed..
13:02:07.597 [main] INFO com.iluwatar.commander.Commander - Sorry, there was a problem in creating your order. Please try later.
13:02:07.597 [main] ERROR com.iluwatar.commander.Commander - Order JBW0C0KQUCT5: Shipping service unavailable, order not placed..
13:02:07.597 [main] INFO com.iluwatar.commander.Commander - Sorry, there was a problem in creating your order. Please try later.
13:02:07.597 [main] ERROR com.iluwatar.commander.Commander - Order JBW0C0KQUCT5: Shipping service unavailable, order not placed..
13:02:07.597 [main] DEBUG com.iluwatar.commander.Commander - Order AU7GD7F1OG0P: Error in creating shipping request..
13:02:07.597 [main] INFO com.iluwatar.commander.Commander - This item is currently unavailable. We will inform you as soon as the item becomes available again.
13:02:07.597 [main] INFO com.iluwatar.commander.Commander - Order AU7GD7F1OG0P: Item pen unavailable, trying to add problem to employee handle..
13:02:07.597 [main] INFO com.iluwatar.commander.Commander - Sorry, there was a problem in creating your order. Please try later.
13:02:07.597 [Thread-726] WARN com.iluwatar.commander.Commander - Order AU7GD7F1OG0P: Error in connecting to employee handle, trying again..
13:02:07.597 [main] ERROR com.iluwatar.commander.Commander - Order AU7GD7F1OG0P: Shipping service unavailable, order not placed..
13:02:07.597 [Thread-726] WARN com.iluwatar.commander.Commander - Order AU7GD7F1OG0P: Error in adding to employee db, trying to queue task..
13:02:07.597 [main] INFO com.iluwatar.commander.Commander - Sorry, there was a problem in creating your order. Please try later.
13:02:07.597 [main] ERROR com.iluwatar.commander.Commander - Order AU7GD7F1OG0P: Shipping service unavailable, order not placed..
13:02:07.597 [main] INFO com.iluwatar.commander.Commander - Sorry, there was a problem in creating your order. Please try later.
13:02:07.597 [main] ERROR com.iluwatar.commander.Commander - Order AU7GD7F1OG0P: Shipping service unavailable, order not placed..
13:02:07.597 [main] INFO com.iluwatar.commander.Commander - Sorry, there was a problem in creating your order. Please try later.
13:02:07.597 [main] ERROR com.iluwatar.commander.Commander - Order GIUNTVB7TJ3P: Shipping service unavailable, order not placed..
13:02:07.597 [main] INFO com.iluwatar.commander.Commander - Sorry, there was a problem in creating your order. Please try later.
13:02:07.597 [main] ERROR com.iluwatar.commander.Commander - Order GIUNTVB7TJ3P: Shipping service unavailable, order not placed..
13:02:07.597 [main] INFO com.iluwatar.commander.Commander - Sorry, there was a problem in creating your order. Please try later.
13:02:07.597 [main] ERROR com.iluwatar.commander.Commander - Order GIUNTVB7TJ3P: Shipping service unavailable, order not placed..
13:02:07.597 [main] INFO com.iluwatar.commander.Commander - Sorry, there was a problem in creating your order. Please try later.
13:02:07.597 [main] ERROR com.iluwatar.commander.Commander - Order GIUNTVB7TJ3P: Shipping service unavailable, order not placed..
13:02:07.597 [main] INFO com.iluwatar.commander.Commander - Sorry, there was a problem in creating your order. Please try later.
13:02:07.597 [main] ERROR com.iluwatar.commander.Commander - Order 6VIH6XGEXAZW: Shipping service unavailable, order not placed..
13:02:07.597 [main] INFO com.iluwatar.commander.Commander - Sorry, there was a problem in creating your order. Please try later.
13:02:07.597 [main] ERROR com.iluwatar.commander.Commander - Order 6VIH6XGEXAZW: Shipping service unavailable, order not placed..
13:02:07.597 [main] INFO com.iluwatar.commander.Commander - Sorry, there was a problem in creating your order. Please try later.
13:02:07.597 [main] ERROR com.iluwatar.commander.Commander - Order 6VIH6XGEXAZW: Shipping service unavailable, order not placed..
13:02:07.597 [main] INFO com.iluwatar.commander.Commander - Sorry, there was a problem in creating your order. Please try later.
13:02:07.597 [main] ERROR com.iluwatar.commander.Commander - Order 6VIH6XGEXAZW: Shipping service unavailable, order not placed..
13:02:07.597 [main] DEBUG com.iluwatar.commander.Commander - Order 327GNL46ZEBP: Error in connecting to shipping service, trying again..
13:02:07.597 [main] INFO com.iluwatar.commander.Commander - Sorry, there was a problem in creating your order. Please try later.
13:02:07.597 [main] ERROR com.iluwatar.commander.Commander - Order 327GNL46ZEBP: Shipping service unavailable, order not placed..
13:02:07.597 [main] INFO com.iluwatar.commander.Commander - Sorry, there was a problem in creating your order. Please try later.
13:02:07.597 [main] ERROR com.iluwatar.commander.Commander - Order 327GNL46ZEBP: Shipping service unavailable, order not placed..
13:02:07.597 [main] INFO com.iluwatar.commander.Commander - Sorry, there was a problem in creating your order. Please try later.
13:02:07.597 [main] ERROR com.iluwatar.commander.Commander - Order 327GNL46ZEBP: Shipping service unavailable, order not placed..
13:02:07.597 [main] INFO com.iluwatar.commander.Commander - Sorry, there was a problem in creating your order. Please try later.
13:02:07.597 [main] ERROR com.iluwatar.commander.Commander - Order 327GNL46ZEBP: Shipping service unavailable, order not placed..
13:02:07.597 [main] DEBUG com.iluwatar.commander.Commander - Order WR8JNRJFH6GF: Error in creating shipping request..
13:02:07.597 [main] INFO com.iluwatar.commander.Commander - Sorry, there was a problem in creating your order. Please try later.
13:02:07.597 [main] ERROR com.iluwatar.commander.Commander - Order WR8JNRJFH6GF: Shipping service unavailable, order not placed..
13:02:07.597 [main] INFO com.iluwatar.commander.Commander - Sorry, there was a problem in creating your order. Please try later.
13:02:07.597 [main] ERROR com.iluwatar.commander.Commander - Order WR8JNRJFH6GF: Shipping service unavailable, order not placed..
13:02:07.597 [main] INFO com.iluwatar.commander.Commander - Sorry, there was a problem in creating your order. Please try later.
13:02:07.597 [main] ERROR com.iluwatar.commander.Commander - Order WR8JNRJFH6GF: Shipping service unavailable, order not placed..
13:02:07.597 [main] INFO com.iluwatar.commander.Commander - Sorry, there was a problem in creating your order. Please try later.
13:02:07.597 [main] ERROR com.iluwatar.commander.Commander - Order WR8JNRJFH6GF: Shipping service unavailable, order not placed..
13:02:07.597 [main] INFO com.iluwatar.commander.Commander - Sorry, there was a problem in creating your order. Please try later.
13:02:07.597 [main] ERROR com.iluwatar.commander.Commander - Order 40VJL3LDEUFH: Shipping service unavailable, order not placed..
13:02:07.597 [main] INFO com.iluwatar.commander.Commander - Sorry, there was a problem in creating your order. Please try later.
13:02:07.597 [main] ERROR com.iluwatar.commander.Commander - Order 40VJL3LDEUFH: Shipping service unavailable, order not placed..
13:02:07.597 [main] INFO com.iluwatar.commander.Commander - Sorry, there was a problem in creating your order. Please try later.
13:02:07.597 [main] ERROR com.iluwatar.commander.Commander - Order 40VJL3LDEUFH: Shipping service unavailable, order not placed..
13:02:07.597 [main] INFO com.iluwatar.commander.Commander - Sorry, there was a problem in creating your order. Please try later.
13:02:07.597 [main] ERROR com.iluwatar.commander.Commander - Order 40VJL3LDEUFH: Shipping service unavailable, order not placed..
13:02:07.597 [main] INFO com.iluwatar.commander.Commander - Sorry, there was a problem in creating your order. Please try later.
13:02:07.597 [main] ERROR com.iluwatar.commander.Commander - Order B2V9ANBARPLZ: Shipping service unavailable, order not placed..
13:02:07.597 [main] INFO com.iluwatar.commander.Commander - Sorry, there was a problem in creating your order. Please try later.
13:02:07.597 [main] ERROR com.iluwatar.commander.Commander - Order B2V9ANBARPLZ: Shipping service unavailable, order not placed..
13:02:07.597 [main] INFO com.iluwatar.commander.Commander - Sorry, there was a problem in creating your order. Please try later.
13:02:07.597 [main] ERROR com.iluwatar.commander.Commander - Order B2V9ANBARPLZ: Shipping service unavailable, order not placed..
13:02:07.597 [main] INFO com.iluwatar.commander.Commander - Sorry, there was a problem in creating your order. Please try later.
13:02:07.597 [main] ERROR com.iluwatar.commander.Commander - Order B2V9ANBARPLZ: Shipping service unavailable, order not placed..
13:02:07.597 [main] DEBUG com.iluwatar.commander.Commander - Order QPP9SA57IGIO: Error in connecting to shipping service, trying again..
13:02:07.597 [main] INFO com.iluwatar.commander.Commander - Sorry, there was a problem in creating your order. Please try later.
13:02:07.597 [main] ERROR com.iluwatar.commander.Commander - Order QPP9SA57IGIO: Shipping service unavailable, order not placed..
13:02:07.597 [main] INFO com.iluwatar.commander.Commander - Sorry, there was a problem in creating your order. Please try later.
13:02:07.597 [main] ERROR com.iluwatar.commander.Commander - Order QPP9SA57IGIO: Shipping service unavailable, order not placed..
13:02:07.597 [main] INFO com.iluwatar.commander.Commander - Sorry, there was a problem in creating your order. Please try later.
13:02:07.597 [main] ERROR com.iluwatar.commander.Commander - Order QPP9SA57IGIO: Shipping service unavailable, order not placed..
13:02:07.597 [main] INFO com.iluwatar.commander.Commander - Sorry, there was a problem in creating your order. Please try later.
13:02:07.597 [main] ERROR com.iluwatar.commander.Commander - Order QPP9SA57IGIO: Shipping service unavailable, order not placed..
13:02:07.597 [main] DEBUG com.iluwatar.commander.Commander - Order XIGJA8D5B3X8: Error in creating shipping request..
13:02:07.597 [main] INFO com.iluwatar.commander.Commander - Sorry, there was a problem in creating your order. Please try later.
13:02:07.597 [main] ERROR com.iluwatar.commander.Commander - Order XIGJA8D5B3X8: Shipping service unavailable, order not placed..
13:02:07.597 [main] INFO com.iluwatar.commander.Commander - Sorry, there was a problem in creating your order. Please try later.
13:02:07.597 [main] ERROR com.iluwatar.commander.Commander - Order XIGJA8D5B3X8: Shipping service unavailable, order not placed..
13:02:07.597 [main] INFO com.iluwatar.commander.Commander - Sorry, there was a problem in creating your order. Please try later.
13:02:07.597 [main] ERROR com.iluwatar.commander.Commander - Order XIGJA8D5B3X8: Shipping service unavailable, order not placed..
13:02:07.597 [main] INFO com.iluwatar.commander.Commander - Sorry, there was a problem in creating your order. Please try later.
13:02:07.597 [main] ERROR com.iluwatar.commander.Commander - Order XIGJA8D5B3X8: Shipping service unavailable, order not placed..
13:02:07.597 [main] INFO com.iluwatar.commander.Commander - Sorry, there was a problem in creating your order. Please try later.
13:02:07.597 [main] ERROR com.iluwatar.commander.Commander - Order TICEBNLUPRYR: Shipping service unavailable, order not placed..
13:02:07.598 [main] INFO com.iluwatar.commander.Commander - Sorry, there was a problem in creating your order. Please try later.
13:02:07.598 [main] ERROR com.iluwatar.commander.Commander - Order TICEBNLUPRYR: Shipping service unavailable, order not placed..
13:02:07.598 [main] INFO com.iluwatar.commander.Commander - Sorry, there was a problem in creating your order. Please try later.
13:02:07.598 [main] ERROR com.iluwatar.commander.Commander - Order TICEBNLUPRYR: Shipping service unavailable, order not placed..
13:02:07.598 [main] INFO com.iluwatar.commander.Commander - Sorry, there was a problem in creating your order. Please try later.
13:02:07.598 [main] ERROR com.iluwatar.commander.Commander - Order TICEBNLUPRYR: Shipping service unavailable, order not placed..
13:02:07.598 [main] INFO com.iluwatar.commander.Commander - Sorry, there was a problem in creating your order. Please try later.
13:02:07.598 [main] ERROR com.iluwatar.commander.Commander - Order C6VQUQDH8A0B: Shipping service unavailable, order not placed..
13:02:07.598 [main] INFO com.iluwatar.commander.Commander - Sorry, there was a problem in creating your order. Please try later.
13:02:07.598 [main] ERROR com.iluwatar.commander.Commander - Order C6VQUQDH8A0B: Shipping service unavailable, order not placed..
13:02:07.598 [main] INFO com.iluwatar.commander.Commander - Sorry, there was a problem in creating your order. Please try later.
13:02:07.598 [main] ERROR com.iluwatar.commander.Commander - Order C6VQUQDH8A0B: Shipping service unavailable, order not placed..
13:02:07.598 [main] INFO com.iluwatar.commander.Commander - Sorry, there was a problem in creating your order. Please try later.
13:02:07.598 [main] ERROR com.iluwatar.commander.Commander - Order C6VQUQDH8A0B: Shipping service unavailable, order not placed..
13:02:07.598 [main] DEBUG com.iluwatar.commander.Commander - Order E82PUGDTU4OZ: Error in connecting to shipping service, trying again..
13:02:07.598 [main] INFO com.iluwatar.commander.Commander - Sorry, there was a problem in creating your order. Please try later.
13:02:07.598 [main] ERROR com.iluwatar.commander.Commander - Order E82PUGDTU4OZ: Shipping service unavailable, order not placed..
13:02:07.598 [main] INFO com.iluwatar.commander.Commander - Sorry, there was a problem in creating your order. Please try later.
13:02:07.598 [main] ERROR com.iluwatar.commander.Commander - Order E82PUGDTU4OZ: Shipping service unavailable, order not placed..
13:02:07.598 [main] INFO com.iluwatar.commander.Commander - Sorry, there was a problem in creating your order. Please try later.
13:02:07.598 [main] ERROR com.iluwatar.commander.Commander - Order E82PUGDTU4OZ: Shipping service unavailable, order not placed..
13:02:07.598 [main] INFO com.iluwatar.commander.Commander - Sorry, there was a problem in creating your order. Please try later.
13:02:07.598 [main] ERROR com.iluwatar.commander.Commander - Order E82PUGDTU4OZ: Shipping service unavailable, order not placed..
13:02:07.598 [main] DEBUG com.iluwatar.commander.Commander - Order D0QQ2BMNUC0P: Error in connecting to shipping service, trying again..
13:02:07.598 [main] INFO com.iluwatar.commander.Commander - Sorry, there was a problem in creating your order. Please try later.
13:02:07.598 [main] ERROR com.iluwatar.commander.Commander - Order D0QQ2BMNUC0P: Shipping service unavailable, order not placed..
13:02:07.598 [main] INFO com.iluwatar.commander.Commander - Sorry, there was a problem in creating your order. Please try later.
13:02:07.598 [main] ERROR com.iluwatar.commander.Commander - Order D0QQ2BMNUC0P: Shipping service unavailable, order not placed..
13:02:07.598 [main] INFO com.iluwatar.commander.Commander - Sorry, there was a problem in creating your order. Please try later.
13:02:07.598 [main] ERROR com.iluwatar.commander.Commander - Order D0QQ2BMNUC0P: Shipping service unavailable, order not placed..
13:02:07.598 [main] INFO com.iluwatar.commander.Commander - Sorry, there was a problem in creating your order. Please try later.
13:02:07.598 [main] ERROR com.iluwatar.commander.Commander - Order D0QQ2BMNUC0P: Shipping service unavailable, order not placed..
13:02:07.598 [main] INFO com.iluwatar.commander.Commander - Sorry, there was a problem in creating your order. Please try later.
13:02:07.598 [main] ERROR com.iluwatar.commander.Commander - Order U53C0IFKYENH: Shipping service unavailable, order not placed..
13:02:07.598 [main] INFO com.iluwatar.commander.Commander - Sorry, there was a problem in creating your order. Please try later.
13:02:07.598 [main] ERROR com.iluwatar.commander.Commander - Order U53C0IFKYENH: Shipping service unavailable, order not placed..
13:02:07.598 [main] INFO com.iluwatar.commander.Commander - Sorry, there was a problem in creating your order. Please try later.
13:02:07.598 [main] ERROR com.iluwatar.commander.Commander - Order U53C0IFKYENH: Shipping service unavailable, order not placed..
13:02:07.598 [main] INFO com.iluwatar.commander.Commander - Sorry, there was a problem in creating your order. Please try later.
13:02:07.598 [main] ERROR com.iluwatar.commander.Commander - Order U53C0IFKYENH: Shipping service unavailable, order not placed..
13:02:07.598 [main] INFO com.iluwatar.commander.Commander - Sorry, there was a problem in creating your order. Please try later.
13:02:07.598 [main] ERROR com.iluwatar.commander.Commander - Order E54QCJ3H290Y: Shipping service unavailable, order not placed..
13:02:07.598 [main] INFO com.iluwatar.commander.Commander - Sorry, there was a problem in creating your order. Please try later.
13:02:07.598 [main] ERROR com.iluwatar.commander.Commander - Order E54QCJ3H290Y: Shipping service unavailable, order not placed..
13:02:07.598 [main] INFO com.iluwatar.commander.Commander - Sorry, there was a problem in creating your order. Please try later.
13:02:07.598 [main] ERROR com.iluwatar.commander.Commander - Order E54QCJ3H290Y: Shipping service unavailable, order not placed..
13:02:07.598 [main] INFO com.iluwatar.commander.Commander - Sorry, there was a problem in creating your order. Please try later.
13:02:07.598 [main] ERROR com.iluwatar.commander.Commander - Order E54QCJ3H290Y: Shipping service unavailable, order not placed..
13:02:07.598 [main] DEBUG com.iluwatar.commander.Commander - Order RO4UO40BU5N4: Error in connecting to shipping service, trying again..
13:02:07.598 [main] INFO com.iluwatar.commander.Commander - Sorry, there was a problem in creating your order. Please try later.
13:02:07.598 [main] ERROR com.iluwatar.commander.Commander - Order RO4UO40BU5N4: Shipping service unavailable, order not placed..
13:02:07.598 [main] INFO com.iluwatar.commander.Commander - Sorry, there was a problem in creating your order. Please try later.
13:02:07.598 [main] ERROR com.iluwatar.commander.Commander - Order RO4UO40BU5N4: Shipping service unavailable, order not placed..
13:02:07.598 [main] INFO com.iluwatar.commander.Commander - Sorry, there was a problem in creating your order. Please try later.
13:02:07.598 [main] ERROR com.iluwatar.commander.Commander - Order RO4UO40BU5N4: Shipping service unavailable, order not placed..
13:02:07.598 [main] INFO com.iluwatar.commander.Commander - Sorry, there was a problem in creating your order. Please try later.
13:02:07.598 [main] ERROR com.iluwatar.commander.Commander - Order RO4UO40BU5N4: Shipping service unavailable, order not placed..
13:02:07.598 [main] DEBUG com.iluwatar.commander.Commander - Order QVEGG8MAXUX2: Error in creating shipping request..
13:02:07.598 [main] INFO com.iluwatar.commander.Commander - Shipping is currently not possible to your address. We are working on the problem and will get back to you asap.
13:02:07.598 [main] INFO com.iluwatar.commander.Commander - Order QVEGG8MAXUX2: Shipping not possible to address, trying to add problem to employee db..
13:02:07.598 [main] INFO com.iluwatar.commander.Commander - Sorry, there was a problem in creating your order. Please try later.
13:02:07.598 [main] ERROR com.iluwatar.commander.Commander - Order QVEGG8MAXUX2: Shipping service unavailable, order not placed..
13:02:07.598 [main] INFO com.iluwatar.commander.Commander - Sorry, there was a problem in creating your order. Please try later.
13:02:07.598 [main] ERROR com.iluwatar.commander.Commander - Order QVEGG8MAXUX2: Shipping service unavailable, order not placed..
13:02:07.598 [main] INFO com.iluwatar.commander.Commander - Sorry, there was a problem in creating your order. Please try later.
13:02:07.598 [main] ERROR com.iluwatar.commander.Commander - Order QVEGG8MAXUX2: Shipping service unavailable, order not placed..
13:02:07.598 [Thread-727] WARN com.iluwatar.commander.Commander - Order QVEGG8MAXUX2: Error in connecting to employee handle, trying again..
13:02:07.598 [Thread-727] WARN com.iluwatar.commander.Commander - Order QVEGG8MAXUX2: Error in adding to employee db, trying to queue task..
13:02:07.598 [main] INFO com.iluwatar.commander.Commander - Sorry, there was a problem in creating your order. Please try later.
13:02:07.598 [main] ERROR com.iluwatar.commander.Commander - Order QG6RTMRG8BTN: Shipping service unavailable, order not placed..
13:02:07.598 [main] INFO com.iluwatar.commander.Commander - Sorry, there was a problem in creating your order. Please try later.
13:02:07.598 [main] ERROR com.iluwatar.commander.Commander - Order QG6RTMRG8BTN: Shipping service unavailable, order not placed..
13:02:07.598 [main] INFO com.iluwatar.commander.Commander - Sorry, there was a problem in creating your order. Please try later.
13:02:07.598 [main] ERROR com.iluwatar.commander.Commander - Order QG6RTMRG8BTN: Shipping service unavailable, order not placed..
13:02:07.598 [main] INFO com.iluwatar.commander.Commander - Sorry, there was a problem in creating your order. Please try later.
13:02:07.598 [main] ERROR com.iluwatar.commander.Commander - Order QG6RTMRG8BTN: Shipping service unavailable, order not placed..
13:02:07.598 [main] INFO com.iluwatar.commander.Commander - Sorry, there was a problem in creating your order. Please try later.
13:02:07.598 [main] ERROR com.iluwatar.commander.Commander - Order TUOE30F5TVZH: Shipping service unavailable, order not placed..
13:02:07.598 [main] INFO com.iluwatar.commander.Commander - Sorry, there was a problem in creating your order. Please try later.
13:02:07.598 [main] ERROR com.iluwatar.commander.Commander - Order TUOE30F5TVZH: Shipping service unavailable, order not placed..
13:02:07.598 [main] INFO com.iluwatar.commander.Commander - Sorry, there was a problem in creating your order. Please try later.
13:02:07.598 [main] ERROR com.iluwatar.commander.Commander - Order TUOE30F5TVZH: Shipping service unavailable, order not placed..
13:02:07.598 [main] INFO com.iluwatar.commander.Commander - Sorry, there was a problem in creating your order. Please try later.
13:02:07.598 [main] ERROR com.iluwatar.commander.Commander - Order TUOE30F5TVZH: Shipping service unavailable, order not placed..
13:02:07.598 [main] DEBUG com.iluwatar.commander.Commander - Order T8DZYW0X17P1: Error in connecting to shipping service, trying again..
13:02:07.598 [main] INFO com.iluwatar.commander.Commander - Sorry, there was a problem in creating your order. Please try later.
13:02:07.598 [main] ERROR com.iluwatar.commander.Commander - Order T8DZYW0X17P1: Shipping service unavailable, order not placed..
13:02:07.598 [main] INFO com.iluwatar.commander.Commander - Sorry, there was a problem in creating your order. Please try later.
13:02:07.598 [main] ERROR com.iluwatar.commander.Commander - Order T8DZYW0X17P1: Shipping service unavailable, order not placed..
13:02:07.598 [main] INFO com.iluwatar.commander.Commander - Sorry, there was a problem in creating your order. Please try later.
13:02:07.598 [main] ERROR com.iluwatar.commander.Commander - Order T8DZYW0X17P1: Shipping service unavailable, order not placed..
13:02:07.598 [main] INFO com.iluwatar.commander.Commander - Sorry, there was a problem in creating your order. Please try later.
13:02:07.598 [main] ERROR com.iluwatar.commander.Commander - Order T8DZYW0X17P1: Shipping service unavailable, order not placed..
13:02:07.598 [main] DEBUG com.iluwatar.commander.Commander - Order UMS5MBOTZN93: Error in creating shipping request..
13:02:07.598 [main] INFO com.iluwatar.commander.Commander - This item is currently unavailable. We will inform you as soon as the item becomes available again.
13:02:07.598 [main] INFO com.iluwatar.commander.Commander - Order UMS5MBOTZN93: Item pen unavailable, trying to add problem to employee handle..
13:02:07.598 [main] INFO com.iluwatar.commander.Commander - Sorry, there was a problem in creating your order. Please try later.
13:02:07.598 [main] ERROR com.iluwatar.commander.Commander - Order UMS5MBOTZN93: Shipping service unavailable, order not placed..
13:02:07.598 [main] INFO com.iluwatar.commander.Commander - Sorry, there was a problem in creating your order. Please try later.
13:02:07.598 [main] ERROR com.iluwatar.commander.Commander - Order UMS5MBOTZN93: Shipping service unavailable, order not placed..
13:02:07.598 [main] INFO com.iluwatar.commander.Commander - Sorry, there was a problem in creating your order. Please try later.
13:02:07.598 [main] ERROR com.iluwatar.commander.Commander - Order UMS5MBOTZN93: Shipping service unavailable, order not placed..
13:02:07.598 [main] INFO com.iluwatar.commander.Commander - Sorry, there was a problem in creating your order. Please try later.
13:02:07.598 [main] ERROR com.iluwatar.commander.Commander - Order 87XIR4YPPZ63: Shipping service unavailable, order not placed..
13:02:07.598 [Thread-728] WARN com.iluwatar.commander.Commander - Order UMS5MBOTZN93: Error in connecting to employee handle, trying again..
13:02:07.599 [main] INFO com.iluwatar.commander.Commander - Sorry, there was a problem in creating your order. Please try later.
13:02:07.599 [main] ERROR com.iluwatar.commander.Commander - Order 87XIR4YPPZ63: Shipping service unavailable, order not placed..
13:02:07.599 [Thread-728] WARN com.iluwatar.commander.Commander - Order UMS5MBOTZN93: Error in adding to employee db, trying to queue task..
13:02:07.599 [main] INFO com.iluwatar.commander.Commander - Sorry, there was a problem in creating your order. Please try later.
13:02:07.599 [main] ERROR com.iluwatar.commander.Commander - Order 87XIR4YPPZ63: Shipping service unavailable, order not placed..
13:02:07.599 [main] INFO com.iluwatar.commander.Commander - Sorry, there was a problem in creating your order. Please try later.
13:02:07.599 [main] ERROR com.iluwatar.commander.Commander - Order 87XIR4YPPZ63: Shipping service unavailable, order not placed..
13:02:07.599 [main] INFO com.iluwatar.commander.Commander - Sorry, there was a problem in creating your order. Please try later.
13:02:07.599 [main] ERROR com.iluwatar.commander.Commander - Order LO53RUR366KG: Shipping service unavailable, order not placed..
13:02:07.599 [main] INFO com.iluwatar.commander.Commander - Sorry, there was a problem in creating your order. Please try later.
13:02:07.599 [main] ERROR com.iluwatar.commander.Commander - Order LO53RUR366KG: Shipping service unavailable, order not placed..
13:02:07.599 [main] INFO com.iluwatar.commander.Commander - Sorry, there was a problem in creating your order. Please try later.
13:02:07.599 [main] ERROR com.iluwatar.commander.Commander - Order LO53RUR366KG: Shipping service unavailable, order not placed..
13:02:07.599 [main] INFO com.iluwatar.commander.Commander - Sorry, there was a problem in creating your order. Please try later.
13:02:07.599 [main] ERROR com.iluwatar.commander.Commander - Order LO53RUR366KG: Shipping service unavailable, order not placed..
13:02:07.599 [main] DEBUG com.iluwatar.commander.Commander - Order DPIYS4S5VA4Z: Error in connecting to shipping service, trying again..
13:02:07.599 [main] INFO com.iluwatar.commander.Commander - Sorry, there was a problem in creating your order. Please try later.
13:02:07.599 [main] ERROR com.iluwatar.commander.Commander - Order DPIYS4S5VA4Z: Shipping service unavailable, order not placed..
13:02:07.599 [main] INFO com.iluwatar.commander.Commander - Sorry, there was a problem in creating your order. Please try later.
13:02:07.599 [main] ERROR com.iluwatar.commander.Commander - Order DPIYS4S5VA4Z: Shipping service unavailable, order not placed..
13:02:07.599 [main] INFO com.iluwatar.commander.Commander - Sorry, there was a problem in creating your order. Please try later.
13:02:07.599 [main] ERROR com.iluwatar.commander.Commander - Order DPIYS4S5VA4Z: Shipping service unavailable, order not placed..
13:02:07.599 [main] INFO com.iluwatar.commander.Commander - Sorry, there was a problem in creating your order. Please try later.
13:02:07.599 [main] ERROR com.iluwatar.commander.Commander - Order DPIYS4S5VA4Z: Shipping service unavailable, order not placed..
13:02:07.599 [main] DEBUG com.iluwatar.commander.Commander - Order H9BZB03YVFBJ: Error in creating shipping request..
13:02:07.599 [main] INFO com.iluwatar.commander.Commander - Sorry, there was a problem in creating your order. Please try later.
13:02:07.599 [main] ERROR com.iluwatar.commander.Commander - Order H9BZB03YVFBJ: Shipping service unavailable, order not placed..
13:02:07.599 [main] INFO com.iluwatar.commander.Commander - Sorry, there was a problem in creating your order. Please try later.
13:02:07.599 [main] ERROR com.iluwatar.commander.Commander - Order H9BZB03YVFBJ: Shipping service unavailable, order not placed..
13:02:07.599 [main] INFO com.iluwatar.commander.Commander - Sorry, there was a problem in creating your order. Please try later.
13:02:07.599 [main] ERROR com.iluwatar.commander.Commander - Order H9BZB03YVFBJ: Shipping service unavailable, order not placed..
13:02:07.599 [main] INFO com.iluwatar.commander.Commander - Sorry, there was a problem in creating your order. Please try later.
13:02:07.599 [main] ERROR com.iluwatar.commander.Commander - Order H9BZB03YVFBJ: Shipping service unavailable, order not placed..
13:02:07.599 [main] INFO com.iluwatar.commander.Commander - Sorry, there was a problem in creating your order. Please try later.
13:02:07.599 [main] ERROR com.iluwatar.commander.Commander - Order MDUZ8457E5DE: Shipping service unavailable, order not placed..
13:02:07.599 [main] INFO com.iluwatar.commander.Commander - Sorry, there was a problem in creating your order. Please try later.
13:02:07.599 [main] ERROR com.iluwatar.commander.Commander - Order MDUZ8457E5DE: Shipping service unavailable, order not placed..
13:02:07.599 [main] INFO com.iluwatar.commander.Commander - Sorry, there was a problem in creating your order. Please try later.
13:02:07.599 [main] ERROR com.iluwatar.commander.Commander - Order MDUZ8457E5DE: Shipping service unavailable, order not placed..
13:02:07.599 [main] INFO com.iluwatar.commander.Commander - Sorry, there was a problem in creating your order. Please try later.
13:02:07.599 [main] ERROR com.iluwatar.commander.Commander - Order MDUZ8457E5DE: Shipping service unavailable, order not placed..
13:02:07.599 [main] INFO com.iluwatar.commander.Commander - Sorry, there was a problem in creating your order. Please try later.
13:02:07.599 [main] ERROR com.iluwatar.commander.Commander - Order 4BRSBP4T68XF: Shipping service unavailable, order not placed..
13:02:07.599 [main] INFO com.iluwatar.commander.Commander - Sorry, there was a problem in creating your order. Please try later.
13:02:07.599 [main] ERROR com.iluwatar.commander.Commander - Order 4BRSBP4T68XF: Shipping service unavailable, order not placed..
13:02:07.599 [main] INFO com.iluwatar.commander.Commander - Sorry, there was a problem in creating your order. Please try later.
13:02:07.599 [main] ERROR com.iluwatar.commander.Commander - Order 4BRSBP4T68XF: Shipping service unavailable, order not placed..
13:02:07.599 [main] INFO com.iluwatar.commander.Commander - Sorry, there was a problem in creating your order. Please try later.
13:02:07.599 [main] ERROR com.iluwatar.commander.Commander - Order 4BRSBP4T68XF: Shipping service unavailable, order not placed..
13:02:07.599 [main] DEBUG com.iluwatar.commander.Commander - Order V5WZUGFT2J55: Error in connecting to shipping service, trying again..
13:02:07.599 [main] INFO com.iluwatar.commander.Commander - Sorry, there was a problem in creating your order. Please try later.
13:02:07.599 [main] ERROR com.iluwatar.commander.Commander - Order V5WZUGFT2J55: Shipping service unavailable, order not placed..
13:02:07.599 [main] INFO com.iluwatar.commander.Commander - Sorry, there was a problem in creating your order. Please try later.
13:02:07.599 [main] ERROR com.iluwatar.commander.Commander - Order V5WZUGFT2J55: Shipping service unavailable, order not placed..
13:02:07.599 [main] INFO com.iluwatar.commander.Commander - Sorry, there was a problem in creating your order. Please try later.
13:02:07.599 [main] ERROR com.iluwatar.commander.Commander - Order V5WZUGFT2J55: Shipping service unavailable, order not placed..
13:02:07.599 [main] INFO com.iluwatar.commander.Commander - Sorry, there was a problem in creating your order. Please try later.
13:02:07.599 [main] ERROR com.iluwatar.commander.Commander - Order V5WZUGFT2J55: Shipping service unavailable, order not placed..
13:02:07.599 [main] DEBUG com.iluwatar.commander.Commander - Order ZA92CAYBPIZF: Error in creating shipping request..
13:02:07.599 [main] INFO com.iluwatar.commander.Commander - Sorry, there was a problem in creating your order. Please try later.
13:02:07.599 [main] ERROR com.iluwatar.commander.Commander - Order ZA92CAYBPIZF: Shipping service unavailable, order not placed..
13:02:07.599 [main] INFO com.iluwatar.commander.Commander - Sorry, there was a problem in creating your order. Please try later.
13:02:07.599 [main] ERROR com.iluwatar.commander.Commander - Order ZA92CAYBPIZF: Shipping service unavailable, order not placed..
13:02:07.599 [main] INFO com.iluwatar.commander.Commander - Sorry, there was a problem in creating your order. Please try later.
13:02:07.599 [main] ERROR com.iluwatar.commander.Commander - Order ZA92CAYBPIZF: Shipping service unavailable, order not placed..
13:02:07.599 [main] INFO com.iluwatar.commander.Commander - Sorry, there was a problem in creating your order. Please try later.
13:02:07.599 [main] ERROR com.iluwatar.commander.Commander - Order ZA92CAYBPIZF: Shipping service unavailable, order not placed..
13:02:07.599 [main] INFO com.iluwatar.commander.Commander - Sorry, there was a problem in creating your order. Please try later.
13:02:07.599 [main] ERROR com.iluwatar.commander.Commander - Order 87IXZVNHJR2K: Shipping service unavailable, order not placed..
13:02:07.599 [main] INFO com.iluwatar.commander.Commander - Sorry, there was a problem in creating your order. Please try later.
13:02:07.599 [main] ERROR com.iluwatar.commander.Commander - Order 87IXZVNHJR2K: Shipping service unavailable, order not placed..
13:02:07.599 [main] INFO com.iluwatar.commander.Commander - Sorry, there was a problem in creating your order. Please try later.
13:02:07.599 [main] ERROR com.iluwatar.commander.Commander - Order 87IXZVNHJR2K: Shipping service unavailable, order not placed..
13:02:07.599 [main] INFO com.iluwatar.commander.Commander - Sorry, there was a problem in creating your order. Please try later.
13:02:07.599 [main] ERROR com.iluwatar.commander.Commander - Order 87IXZVNHJR2K: Shipping service unavailable, order not placed..
13:02:07.599 [main] INFO com.iluwatar.commander.Commander - Sorry, there was a problem in creating your order. Please try later.
13:02:07.599 [main] ERROR com.iluwatar.commander.Commander - Order JSYC2G1Y6MEK: Shipping service unavailable, order not placed..
13:02:07.599 [main] INFO com.iluwatar.commander.Commander - Sorry, there was a problem in creating your order. Please try later.
13:02:07.599 [main] ERROR com.iluwatar.commander.Commander - Order JSYC2G1Y6MEK: Shipping service unavailable, order not placed..
13:02:07.599 [main] INFO com.iluwatar.commander.Commander - Sorry, there was a problem in creating your order. Please try later.
13:02:07.599 [main] ERROR com.iluwatar.commander.Commander - Order JSYC2G1Y6MEK: Shipping service unavailable, order not placed..
13:02:07.599 [main] INFO com.iluwatar.commander.Commander - Sorry, there was a problem in creating your order. Please try later.
13:02:07.599 [main] ERROR com.iluwatar.commander.Commander - Order JSYC2G1Y6MEK: Shipping service unavailable, order not placed..
13:02:07.599 [main] DEBUG com.iluwatar.commander.Commander - Order D6KYECN1WHMQ: Error in connecting to shipping service, trying again..
13:02:07.599 [main] INFO com.iluwatar.commander.Commander - Sorry, there was a problem in creating your order. Please try later.
13:02:07.599 [main] ERROR com.iluwatar.commander.Commander - Order D6KYECN1WHMQ: Shipping service unavailable, order not placed..
13:02:07.599 [main] INFO com.iluwatar.commander.Commander - Sorry, there was a problem in creating your order. Please try later.
13:02:07.599 [main] ERROR com.iluwatar.commander.Commander - Order D6KYECN1WHMQ: Shipping service unavailable, order not placed..
13:02:07.599 [main] INFO com.iluwatar.commander.Commander - Sorry, there was a problem in creating your order. Please try later.
13:02:07.599 [main] ERROR com.iluwatar.commander.Commander - Order D6KYECN1WHMQ: Shipping service unavailable, order not placed..
13:02:07.599 [main] INFO com.iluwatar.commander.Commander - Sorry, there was a problem in creating your order. Please try later.
13:02:07.599 [main] ERROR com.iluwatar.commander.Commander - Order D6KYECN1WHMQ: Shipping service unavailable, order not placed..
13:02:07.599 [main] DEBUG com.iluwatar.commander.Commander - Order YL8HA2GKET8H: Error in connecting to shipping service, trying again..
13:02:07.599 [main] INFO com.iluwatar.commander.Commander - Sorry, there was a problem in creating your order. Please try later.
13:02:07.599 [main] ERROR com.iluwatar.commander.Commander - Order YL8HA2GKET8H: Shipping service unavailable, order not placed..
13:02:07.599 [main] INFO com.iluwatar.commander.Commander - Sorry, there was a problem in creating your order. Please try later.
13:02:07.599 [main] ERROR com.iluwatar.commander.Commander - Order YL8HA2GKET8H: Shipping service unavailable, order not placed..
13:02:07.599 [main] INFO com.iluwatar.commander.Commander - Sorry, there was a problem in creating your order. Please try later.
13:02:07.599 [main] ERROR com.iluwatar.commander.Commander - Order YL8HA2GKET8H: Shipping service unavailable, order not placed..
13:02:07.599 [main] INFO com.iluwatar.commander.Commander - Sorry, there was a problem in creating your order. Please try later.
13:02:07.599 [main] ERROR com.iluwatar.commander.Commander - Order YL8HA2GKET8H: Shipping service unavailable, order not placed..
13:02:07.599 [main] INFO com.iluwatar.commander.Commander - Sorry, there was a problem in creating your order. Please try later.
13:02:07.599 [main] ERROR com.iluwatar.commander.Commander - Order VXIN3EIAHRGD: Shipping service unavailable, order not placed..
13:02:07.599 [main] INFO com.iluwatar.commander.Commander - Sorry, there was a problem in creating your order. Please try later.
13:02:07.599 [main] ERROR com.iluwatar.commander.Commander - Order VXIN3EIAHRGD: Shipping service unavailable, order not placed..
13:02:07.599 [main] INFO com.iluwatar.commander.Commander - Sorry, there was a problem in creating your order. Please try later.
13:02:07.599 [main] ERROR com.iluwatar.commander.Commander - Order VXIN3EIAHRGD: Shipping service unavailable, order not placed..
13:02:07.599 [main] INFO com.iluwatar.commander.Commander - Sorry, there was a problem in creating your order. Please try later.
13:02:07.599 [main] ERROR com.iluwatar.commander.Commander - Order VXIN3EIAHRGD: Shipping service unavailable, order not placed..
13:02:07.599 [main] INFO com.iluwatar.commander.Commander - Sorry, there was a problem in creating your order. Please try later.
13:02:07.599 [main] ERROR com.iluwatar.commander.Commander - Order 873PK1MQ60M8: Shipping service unavailable, order not placed..
13:02:07.599 [main] INFO com.iluwatar.commander.Commander - Sorry, there was a problem in creating your order. Please try later.
13:02:07.599 [main] ERROR com.iluwatar.commander.Commander - Order 873PK1MQ60M8: Shipping service unavailable, order not placed..
13:02:07.600 [main] INFO com.iluwatar.commander.Commander - Sorry, there was a problem in creating your order. Please try later.
13:02:07.600 [main] ERROR com.iluwatar.commander.Commander - Order 873PK1MQ60M8: Shipping service unavailable, order not placed..
13:02:07.600 [main] INFO com.iluwatar.commander.Commander - Sorry, there was a problem in creating your order. Please try later.
13:02:07.600 [main] ERROR com.iluwatar.commander.Commander - Order 873PK1MQ60M8: Shipping service unavailable, order not placed..
13:02:07.600 [main] DEBUG com.iluwatar.commander.Commander - Order OLOE3I5FO8R9: Error in connecting to shipping service, trying again..
13:02:07.600 [main] INFO com.iluwatar.commander.Commander - Sorry, there was a problem in creating your order. Please try later.
13:02:07.600 [main] ERROR com.iluwatar.commander.Commander - Order OLOE3I5FO8R9: Shipping service unavailable, order not placed..
13:02:07.600 [main] INFO com.iluwatar.commander.Commander - Sorry, there was a problem in creating your order. Please try later.
13:02:07.600 [main] ERROR com.iluwatar.commander.Commander - Order OLOE3I5FO8R9: Shipping service unavailable, order not placed..
13:02:07.600 [main] INFO com.iluwatar.commander.Commander - Sorry, there was a problem in creating your order. Please try later.
13:02:07.600 [main] ERROR com.iluwatar.commander.Commander - Order OLOE3I5FO8R9: Shipping service unavailable, order not placed..
13:02:07.600 [main] INFO com.iluwatar.commander.Commander - Sorry, there was a problem in creating your order. Please try later.
13:02:07.600 [main] ERROR com.iluwatar.commander.Commander - Order OLOE3I5FO8R9: Shipping service unavailable, order not placed..
13:02:07.600 [main] DEBUG com.iluwatar.commander.Commander - Order 53Z2MVUPCFJH: Error in creating shipping request..
13:02:07.600 [main] INFO com.iluwatar.commander.Commander - Shipping is currently not possible to your address. We are working on the problem and will get back to you asap.
13:02:07.600 [main] INFO com.iluwatar.commander.Commander - Order 53Z2MVUPCFJH: Shipping not possible to address, trying to add problem to employee db..
13:02:07.600 [Thread-729] WARN com.iluwatar.commander.Commander - Order 53Z2MVUPCFJH: Error in connecting to employee handle, trying again..
13:02:07.600 [main] INFO com.iluwatar.commander.Commander - Sorry, there was a problem in creating your order. Please try later.
13:02:07.600 [main] ERROR com.iluwatar.commander.Commander - Order 53Z2MVUPCFJH: Shipping service unavailable, order not placed..
13:02:07.600 [Thread-729] WARN com.iluwatar.commander.Commander - Order 53Z2MVUPCFJH: Error in adding to employee db, trying to queue task..
13:02:07.600 [main] INFO com.iluwatar.commander.Commander - Sorry, there was a problem in creating your order. Please try later.
13:02:07.600 [main] ERROR com.iluwatar.commander.Commander - Order 53Z2MVUPCFJH: Shipping service unavailable, order not placed..
13:02:07.600 [main] INFO com.iluwatar.commander.Commander - Sorry, there was a problem in creating your order. Please try later.
13:02:07.600 [main] ERROR com.iluwatar.commander.Commander - Order 53Z2MVUPCFJH: Shipping service unavailable, order not placed..
13:02:07.600 [main] INFO com.iluwatar.commander.Commander - Sorry, there was a problem in creating your order. Please try later.
13:02:07.600 [main] ERROR com.iluwatar.commander.Commander - Order NQZQ5AMN6SUQ: Shipping service unavailable, order not placed..
13:02:07.600 [main] INFO com.iluwatar.commander.Commander - Sorry, there was a problem in creating your order. Please try later.
13:02:07.600 [main] ERROR com.iluwatar.commander.Commander - Order NQZQ5AMN6SUQ: Shipping service unavailable, order not placed..
13:02:07.600 [main] INFO com.iluwatar.commander.Commander - Sorry, there was a problem in creating your order. Please try later.
13:02:07.600 [main] ERROR com.iluwatar.commander.Commander - Order NQZQ5AMN6SUQ: Shipping service unavailable, order not placed..
13:02:07.600 [main] INFO com.iluwatar.commander.Commander - Sorry, there was a problem in creating your order. Please try later.
13:02:07.600 [main] ERROR com.iluwatar.commander.Commander - Order NQZQ5AMN6SUQ: Shipping service unavailable, order not placed..
13:02:07.600 [main] INFO com.iluwatar.commander.Commander - Sorry, there was a problem in creating your order. Please try later.
13:02:07.600 [main] ERROR com.iluwatar.commander.Commander - Order 9EKDLWMWPN4S: Shipping service unavailable, order not placed..
13:02:07.600 [main] INFO com.iluwatar.commander.Commander - Sorry, there was a problem in creating your order. Please try later.
13:02:07.600 [main] ERROR com.iluwatar.commander.Commander - Order 9EKDLWMWPN4S: Shipping service unavailable, order not placed..
13:02:07.600 [main] INFO com.iluwatar.commander.Commander - Sorry, there was a problem in creating your order. Please try later.
13:02:07.600 [main] ERROR com.iluwatar.commander.Commander - Order 9EKDLWMWPN4S: Shipping service unavailable, order not placed..
13:02:07.600 [main] INFO com.iluwatar.commander.Commander - Sorry, there was a problem in creating your order. Please try later.
13:02:07.600 [main] ERROR com.iluwatar.commander.Commander - Order 9EKDLWMWPN4S: Shipping service unavailable, order not placed..
13:02:07.600 [main] DEBUG com.iluwatar.commander.Commander - Order LSQRKHVF4RG3: Error in connecting to shipping service, trying again..
13:02:07.600 [main] INFO com.iluwatar.commander.Commander - Sorry, there was a problem in creating your order. Please try later.
13:02:07.600 [main] ERROR com.iluwatar.commander.Commander - Order LSQRKHVF4RG3: Shipping service unavailable, order not placed..
13:02:07.600 [main] INFO com.iluwatar.commander.Commander - Sorry, there was a problem in creating your order. Please try later.
13:02:07.600 [main] ERROR com.iluwatar.commander.Commander - Order LSQRKHVF4RG3: Shipping service unavailable, order not placed..
13:02:07.600 [main] INFO com.iluwatar.commander.Commander - Sorry, there was a problem in creating your order. Please try later.
13:02:07.600 [main] ERROR com.iluwatar.commander.Commander - Order LSQRKHVF4RG3: Shipping service unavailable, order not placed..
13:02:07.600 [main] INFO com.iluwatar.commander.Commander - Sorry, there was a problem in creating your order. Please try later.
13:02:07.600 [main] ERROR com.iluwatar.commander.Commander - Order LSQRKHVF4RG3: Shipping service unavailable, order not placed..
13:02:07.600 [main] DEBUG com.iluwatar.commander.Commander - Order YTWTKOJ5Z2XE: Error in creating shipping request..
13:02:07.600 [main] INFO com.iluwatar.commander.Commander - This item is currently unavailable. We will inform you as soon as the item becomes available again.
13:02:07.600 [main] INFO com.iluwatar.commander.Commander - Order YTWTKOJ5Z2XE: Item pen unavailable, trying to add problem to employee handle..
13:02:07.600 [main] INFO com.iluwatar.commander.Commander - Sorry, there was a problem in creating your order. Please try later.
13:02:07.600 [main] ERROR com.iluwatar.commander.Commander - Order YTWTKOJ5Z2XE: Shipping service unavailable, order not placed..
13:02:07.600 [main] INFO com.iluwatar.commander.Commander - Sorry, there was a problem in creating your order. Please try later.
13:02:07.600 [main] ERROR com.iluwatar.commander.Commander - Order YTWTKOJ5Z2XE: Shipping service unavailable, order not placed..
13:02:07.600 [main] INFO com.iluwatar.commander.Commander - Sorry, there was a problem in creating your order. Please try later.
13:02:07.600 [main] ERROR com.iluwatar.commander.Commander - Order YTWTKOJ5Z2XE: Shipping service unavailable, order not placed..
13:02:07.600 [Thread-730] WARN com.iluwatar.commander.Commander - Order YTWTKOJ5Z2XE: Error in connecting to employee handle, trying again..
13:02:07.600 [Thread-730] WARN com.iluwatar.commander.Commander - Order YTWTKOJ5Z2XE: Error in adding to employee db, trying to queue task..
13:02:07.600 [main] INFO com.iluwatar.commander.Commander - Sorry, there was a problem in creating your order. Please try later.
13:02:07.600 [main] ERROR com.iluwatar.commander.Commander - Order YY2CVC2RDCYC: Shipping service unavailable, order not placed..
13:02:07.600 [main] INFO com.iluwatar.commander.Commander - Sorry, there was a problem in creating your order. Please try later.
13:02:07.600 [main] ERROR com.iluwatar.commander.Commander - Order YY2CVC2RDCYC: Shipping service unavailable, order not placed..
13:02:07.600 [main] INFO com.iluwatar.commander.Commander - Sorry, there was a problem in creating your order. Please try later.
13:02:07.600 [main] ERROR com.iluwatar.commander.Commander - Order YY2CVC2RDCYC: Shipping service unavailable, order not placed..
13:02:07.600 [main] INFO com.iluwatar.commander.Commander - Sorry, there was a problem in creating your order. Please try later.
13:02:07.600 [main] ERROR com.iluwatar.commander.Commander - Order YY2CVC2RDCYC: Shipping service unavailable, order not placed..
13:02:07.600 [main] INFO com.iluwatar.commander.Commander - Sorry, there was a problem in creating your order. Please try later.
13:02:07.600 [main] ERROR com.iluwatar.commander.Commander - Order 94ETZZ8B3FWO: Shipping service unavailable, order not placed..
13:02:07.600 [main] INFO com.iluwatar.commander.Commander - Sorry, there was a problem in creating your order. Please try later.
13:02:07.600 [main] ERROR com.iluwatar.commander.Commander - Order 94ETZZ8B3FWO: Shipping service unavailable, order not placed..
13:02:07.600 [main] INFO com.iluwatar.commander.Commander - Sorry, there was a problem in creating your order. Please try later.
13:02:07.600 [main] ERROR com.iluwatar.commander.Commander - Order 94ETZZ8B3FWO: Shipping service unavailable, order not placed..
13:02:07.600 [main] INFO com.iluwatar.commander.Commander - Sorry, there was a problem in creating your order. Please try later.
13:02:07.600 [main] ERROR com.iluwatar.commander.Commander - Order 94ETZZ8B3FWO: Shipping service unavailable, order not placed..
13:02:07.600 [main] DEBUG com.iluwatar.commander.Commander - Order 13PE180PYJNM: Error in connecting to shipping service, trying again..
13:02:07.600 [main] INFO com.iluwatar.commander.Commander - Sorry, there was a problem in creating your order. Please try later.
13:02:07.600 [main] ERROR com.iluwatar.commander.Commander - Order 13PE180PYJNM: Shipping service unavailable, order not placed..
13:02:07.600 [main] INFO com.iluwatar.commander.Commander - Sorry, there was a problem in creating your order. Please try later.
13:02:07.600 [main] ERROR com.iluwatar.commander.Commander - Order 13PE180PYJNM: Shipping service unavailable, order not placed..
13:02:07.600 [main] INFO com.iluwatar.commander.Commander - Sorry, there was a problem in creating your order. Please try later.
13:02:07.600 [main] ERROR com.iluwatar.commander.Commander - Order 13PE180PYJNM: Shipping service unavailable, order not placed..
13:02:07.600 [main] INFO com.iluwatar.commander.Commander - Sorry, there was a problem in creating your order. Please try later.
13:02:07.600 [main] ERROR com.iluwatar.commander.Commander - Order 13PE180PYJNM: Shipping service unavailable, order not placed..
13:02:07.600 [main] DEBUG com.iluwatar.commander.Commander - Order 0CECX0F1IMDL: Error in creating shipping request..
13:02:07.600 [main] INFO com.iluwatar.commander.Commander - Sorry, there was a problem in creating your order. Please try later.
13:02:07.600 [main] ERROR com.iluwatar.commander.Commander - Order 0CECX0F1IMDL: Shipping service unavailable, order not placed..
13:02:07.600 [main] INFO com.iluwatar.commander.Commander - Sorry, there was a problem in creating your order. Please try later.
13:02:07.600 [main] ERROR com.iluwatar.commander.Commander - Order 0CECX0F1IMDL: Shipping service unavailable, order not placed..
13:02:07.600 [main] INFO com.iluwatar.commander.Commander - Sorry, there was a problem in creating your order. Please try later.
13:02:07.600 [main] ERROR com.iluwatar.commander.Commander - Order 0CECX0F1IMDL: Shipping service unavailable, order not placed..
13:02:07.600 [main] INFO com.iluwatar.commander.Commander - Sorry, there was a problem in creating your order. Please try later.
13:02:07.600 [main] ERROR com.iluwatar.commander.Commander - Order 0CECX0F1IMDL: Shipping service unavailable, order not placed..
13:02:07.600 [main] INFO com.iluwatar.commander.Commander - Sorry, there was a problem in creating your order. Please try later.
13:02:07.600 [main] ERROR com.iluwatar.commander.Commander - Order NAGCO4FZCB8N: Shipping service unavailable, order not placed..
13:02:07.600 [main] INFO com.iluwatar.commander.Commander - Sorry, there was a problem in creating your order. Please try later.
13:02:07.600 [main] ERROR com.iluwatar.commander.Commander - Order NAGCO4FZCB8N: Shipping service unavailable, order not placed..
13:02:07.600 [main] INFO com.iluwatar.commander.Commander - Sorry, there was a problem in creating your order. Please try later.
13:02:07.600 [main] ERROR com.iluwatar.commander.Commander - Order NAGCO4FZCB8N: Shipping service unavailable, order not placed..
13:02:07.600 [main] INFO com.iluwatar.commander.Commander - Sorry, there was a problem in creating your order. Please try later.
13:02:07.600 [main] ERROR com.iluwatar.commander.Commander - Order NAGCO4FZCB8N: Shipping service unavailable, order not placed..
13:02:07.600 [main] INFO com.iluwatar.commander.Commander - Sorry, there was a problem in creating your order. Please try later.
13:02:07.600 [main] ERROR com.iluwatar.commander.Commander - Order 914ZKINFXGXC: Shipping service unavailable, order not placed..
13:02:07.600 [main] INFO com.iluwatar.commander.Commander - Sorry, there was a problem in creating your order. Please try later.
13:02:07.600 [main] ERROR com.iluwatar.commander.Commander - Order 914ZKINFXGXC: Shipping service unavailable, order not placed..
13:02:07.600 [main] INFO com.iluwatar.commander.Commander - Sorry, there was a problem in creating your order. Please try later.
13:02:07.600 [main] ERROR com.iluwatar.commander.Commander - Order 914ZKINFXGXC: Shipping service unavailable, order not placed..
13:02:07.600 [main] INFO com.iluwatar.commander.Commander - Sorry, there was a problem in creating your order. Please try later.
13:02:07.600 [main] ERROR com.iluwatar.commander.Commander - Order 914ZKINFXGXC: Shipping service unavailable, order not placed..
13:02:07.600 [main] DEBUG com.iluwatar.commander.Commander - Order BYXXI0RUYOO7: Error in connecting to shipping service, trying again..
13:02:07.600 [main] INFO com.iluwatar.commander.Commander - Sorry, there was a problem in creating your order. Please try later.
13:02:07.600 [main] ERROR com.iluwatar.commander.Commander - Order BYXXI0RUYOO7: Shipping service unavailable, order not placed..
13:02:07.600 [main] INFO com.iluwatar.commander.Commander - Sorry, there was a problem in creating your order. Please try later.
13:02:07.600 [main] ERROR com.iluwatar.commander.Commander - Order BYXXI0RUYOO7: Shipping service unavailable, order not placed..
13:02:07.600 [main] INFO com.iluwatar.commander.Commander - Sorry, there was a problem in creating your order. Please try later.
13:02:07.600 [main] ERROR com.iluwatar.commander.Commander - Order BYXXI0RUYOO7: Shipping service unavailable, order not placed..
13:02:07.601 [main] INFO com.iluwatar.commander.Commander - Sorry, there was a problem in creating your order. Please try later.
13:02:07.601 [main] ERROR com.iluwatar.commander.Commander - Order BYXXI0RUYOO7: Shipping service unavailable, order not placed..
13:02:07.601 [main] DEBUG com.iluwatar.commander.Commander - Order BW2ME3KFQUWU: Error in creating shipping request..
13:02:07.601 [main] INFO com.iluwatar.commander.Commander - Sorry, there was a problem in creating your order. Please try later.
13:02:07.601 [main] ERROR com.iluwatar.commander.Commander - Order BW2ME3KFQUWU: Shipping service unavailable, order not placed..
13:02:07.601 [main] INFO com.iluwatar.commander.Commander - Sorry, there was a problem in creating your order. Please try later.
13:02:07.601 [main] ERROR com.iluwatar.commander.Commander - Order BW2ME3KFQUWU: Shipping service unavailable, order not placed..
13:02:07.601 [main] INFO com.iluwatar.commander.Commander - Sorry, there was a problem in creating your order. Please try later.
13:02:07.601 [main] ERROR com.iluwatar.commander.Commander - Order BW2ME3KFQUWU: Shipping service unavailable, order not placed..
13:02:07.601 [main] INFO com.iluwatar.commander.Commander - Sorry, there was a problem in creating your order. Please try later.
13:02:07.601 [main] ERROR com.iluwatar.commander.Commander - Order BW2ME3KFQUWU: Shipping service unavailable, order not placed..
13:02:07.601 [main] INFO com.iluwatar.commander.Commander - Sorry, there was a problem in creating your order. Please try later.
13:02:07.601 [main] ERROR com.iluwatar.commander.Commander - Order DY9FC1GWFCH9: Shipping service unavailable, order not placed..
13:02:07.601 [main] INFO com.iluwatar.commander.Commander - Sorry, there was a problem in creating your order. Please try later.
13:02:07.601 [main] ERROR com.iluwatar.commander.Commander - Order DY9FC1GWFCH9: Shipping service unavailable, order not placed..
13:02:07.601 [main] INFO com.iluwatar.commander.Commander - Sorry, there was a problem in creating your order. Please try later.
13:02:07.601 [main] ERROR com.iluwatar.commander.Commander - Order DY9FC1GWFCH9: Shipping service unavailable, order not placed..
13:02:07.601 [main] INFO com.iluwatar.commander.Commander - Sorry, there was a problem in creating your order. Please try later.
13:02:07.601 [main] ERROR com.iluwatar.commander.Commander - Order DY9FC1GWFCH9: Shipping service unavailable, order not placed..
13:02:07.601 [main] INFO com.iluwatar.commander.Commander - Sorry, there was a problem in creating your order. Please try later.
13:02:07.601 [main] ERROR com.iluwatar.commander.Commander - Order HHALRU8OYKVG: Shipping service unavailable, order not placed..
13:02:07.601 [main] INFO com.iluwatar.commander.Commander - Sorry, there was a problem in creating your order. Please try later.
13:02:07.601 [main] ERROR com.iluwatar.commander.Commander - Order HHALRU8OYKVG: Shipping service unavailable, order not placed..
13:02:07.601 [main] INFO com.iluwatar.commander.Commander - Sorry, there was a problem in creating your order. Please try later.
13:02:07.601 [main] ERROR com.iluwatar.commander.Commander - Order HHALRU8OYKVG: Shipping service unavailable, order not placed..
13:02:07.601 [main] INFO com.iluwatar.commander.Commander - Sorry, there was a problem in creating your order. Please try later.
13:02:07.601 [main] ERROR com.iluwatar.commander.Commander - Order HHALRU8OYKVG: Shipping service unavailable, order not placed..
13:02:07.601 [main] DEBUG com.iluwatar.commander.Commander - Order NSA2YFVP0HRQ: Error in connecting to shipping service, trying again..
13:02:07.601 [main] INFO com.iluwatar.commander.Commander - Sorry, there was a problem in creating your order. Please try later.
13:02:07.601 [main] ERROR com.iluwatar.commander.Commander - Order NSA2YFVP0HRQ: Shipping service unavailable, order not placed..
13:02:07.601 [main] INFO com.iluwatar.commander.Commander - Sorry, there was a problem in creating your order. Please try later.
13:02:07.601 [main] ERROR com.iluwatar.commander.Commander - Order NSA2YFVP0HRQ: Shipping service unavailable, order not placed..
13:02:07.601 [main] INFO com.iluwatar.commander.Commander - Sorry, there was a problem in creating your order. Please try later.
13:02:07.601 [main] ERROR com.iluwatar.commander.Commander - Order NSA2YFVP0HRQ: Shipping service unavailable, order not placed..
13:02:07.601 [main] INFO com.iluwatar.commander.Commander - Sorry, there was a problem in creating your order. Please try later.
13:02:07.601 [main] ERROR com.iluwatar.commander.Commander - Order NSA2YFVP0HRQ: Shipping service unavailable, order not placed..
13:02:07.601 [main] DEBUG com.iluwatar.commander.Commander - Order 7NRBINHCZTMA: Error in connecting to shipping service, trying again..
13:02:07.601 [main] INFO com.iluwatar.commander.Commander - Sorry, there was a problem in creating your order. Please try later.
13:02:07.601 [main] ERROR com.iluwatar.commander.Commander - Order 7NRBINHCZTMA: Shipping service unavailable, order not placed..
13:02:07.601 [main] INFO com.iluwatar.commander.Commander - Sorry, there was a problem in creating your order. Please try later.
13:02:07.601 [main] ERROR com.iluwatar.commander.Commander - Order 7NRBINHCZTMA: Shipping service unavailable, order not placed..
13:02:07.601 [main] INFO com.iluwatar.commander.Commander - Sorry, there was a problem in creating your order. Please try later.
13:02:07.601 [main] ERROR com.iluwatar.commander.Commander - Order 7NRBINHCZTMA: Shipping service unavailable, order not placed..
13:02:07.601 [main] INFO com.iluwatar.commander.Commander - Sorry, there was a problem in creating your order. Please try later.
13:02:07.601 [main] ERROR com.iluwatar.commander.Commander - Order 7NRBINHCZTMA: Shipping service unavailable, order not placed..
13:02:07.601 [main] INFO com.iluwatar.commander.Commander - Sorry, there was a problem in creating your order. Please try later.
13:02:07.601 [main] ERROR com.iluwatar.commander.Commander - Order VB3GXNIU8XYV: Shipping service unavailable, order not placed..
13:02:07.601 [main] INFO com.iluwatar.commander.Commander - Sorry, there was a problem in creating your order. Please try later.
13:02:07.601 [main] ERROR com.iluwatar.commander.Commander - Order VB3GXNIU8XYV: Shipping service unavailable, order not placed..
13:02:07.601 [main] INFO com.iluwatar.commander.Commander - Sorry, there was a problem in creating your order. Please try later.
13:02:07.601 [main] ERROR com.iluwatar.commander.Commander - Order VB3GXNIU8XYV: Shipping service unavailable, order not placed..
13:02:07.601 [main] INFO com.iluwatar.commander.Commander - Sorry, there was a problem in creating your order. Please try later.
13:02:07.601 [main] ERROR com.iluwatar.commander.Commander - Order VB3GXNIU8XYV: Shipping service unavailable, order not placed..
13:02:07.601 [main] INFO com.iluwatar.commander.Commander - Sorry, there was a problem in creating your order. Please try later.
13:02:07.601 [main] ERROR com.iluwatar.commander.Commander - Order GNVC5T8FYHG4: Shipping service unavailable, order not placed..
13:02:07.601 [main] INFO com.iluwatar.commander.Commander - Sorry, there was a problem in creating your order. Please try later.
13:02:07.601 [main] ERROR com.iluwatar.commander.Commander - Order GNVC5T8FYHG4: Shipping service unavailable, order not placed..
13:02:07.601 [main] INFO com.iluwatar.commander.Commander - Sorry, there was a problem in creating your order. Please try later.
13:02:07.601 [main] ERROR com.iluwatar.commander.Commander - Order GNVC5T8FYHG4: Shipping service unavailable, order not placed..
13:02:07.601 [main] INFO com.iluwatar.commander.Commander - Sorry, there was a problem in creating your order. Please try later.
13:02:07.601 [main] ERROR com.iluwatar.commander.Commander - Order GNVC5T8FYHG4: Shipping service unavailable, order not placed..
13:02:07.601 [main] DEBUG com.iluwatar.commander.Commander - Order H5G5L86HKTZT: Error in connecting to shipping service, trying again..
13:02:07.601 [main] INFO com.iluwatar.commander.Commander - Sorry, there was a problem in creating your order. Please try later.
13:02:07.601 [main] ERROR com.iluwatar.commander.Commander - Order H5G5L86HKTZT: Shipping service unavailable, order not placed..
13:02:07.601 [main] INFO com.iluwatar.commander.Commander - Sorry, there was a problem in creating your order. Please try later.
13:02:07.601 [main] ERROR com.iluwatar.commander.Commander - Order H5G5L86HKTZT: Shipping service unavailable, order not placed..
13:02:07.601 [main] INFO com.iluwatar.commander.Commander - Sorry, there was a problem in creating your order. Please try later.
13:02:07.601 [main] ERROR com.iluwatar.commander.Commander - Order H5G5L86HKTZT: Shipping service unavailable, order not placed..
13:02:07.601 [main] INFO com.iluwatar.commander.Commander - Sorry, there was a problem in creating your order. Please try later.
13:02:07.601 [main] ERROR com.iluwatar.commander.Commander - Order H5G5L86HKTZT: Shipping service unavailable, order not placed..
13:02:07.601 [main] DEBUG com.iluwatar.commander.Commander - Order 2LI6FYD79FK8: Error in creating shipping request..
13:02:07.601 [main] INFO com.iluwatar.commander.Commander - Shipping is currently not possible to your address. We are working on the problem and will get back to you asap.
13:02:07.601 [main] INFO com.iluwatar.commander.Commander - Order 2LI6FYD79FK8: Shipping not possible to address, trying to add problem to employee db..
13:02:07.601 [main] INFO com.iluwatar.commander.Commander - Sorry, there was a problem in creating your order. Please try later.
13:02:07.601 [main] ERROR com.iluwatar.commander.Commander - Order 2LI6FYD79FK8: Shipping service unavailable, order not placed..
13:02:07.601 [main] INFO com.iluwatar.commander.Commander - Sorry, there was a problem in creating your order. Please try later.
13:02:07.601 [main] ERROR com.iluwatar.commander.Commander - Order 2LI6FYD79FK8: Shipping service unavailable, order not placed..
13:02:07.601 [main] INFO com.iluwatar.commander.Commander - Sorry, there was a problem in creating your order. Please try later.
13:02:07.601 [main] ERROR com.iluwatar.commander.Commander - Order 2LI6FYD79FK8: Shipping service unavailable, order not placed..
13:02:07.601 [main] INFO com.iluwatar.commander.Commander - Sorry, there was a problem in creating your order. Please try later.
13:02:07.601 [main] ERROR com.iluwatar.commander.Commander - Order U99GZHKGDT4R: Shipping service unavailable, order not placed..
13:02:07.601 [main] INFO com.iluwatar.commander.Commander - Sorry, there was a problem in creating your order. Please try later.
13:02:07.601 [main] ERROR com.iluwatar.commander.Commander - Order U99GZHKGDT4R: Shipping service unavailable, order not placed..
13:02:07.601 [main] INFO com.iluwatar.commander.Commander - Sorry, there was a problem in creating your order. Please try later.
13:02:07.601 [main] ERROR com.iluwatar.commander.Commander - Order U99GZHKGDT4R: Shipping service unavailable, order not placed..
13:02:07.601 [main] INFO com.iluwatar.commander.Commander - Sorry, there was a problem in creating your order. Please try later.
13:02:07.601 [main] ERROR com.iluwatar.commander.Commander - Order U99GZHKGDT4R: Shipping service unavailable, order not placed..
13:02:07.601 [main] INFO com.iluwatar.commander.Commander - Sorry, there was a problem in creating your order. Please try later.
13:02:07.601 [main] ERROR com.iluwatar.commander.Commander - Order EGIH3VF7KFW5: Shipping service unavailable, order not placed..
13:02:07.601 [main] INFO com.iluwatar.commander.Commander - Sorry, there was a problem in creating your order. Please try later.
13:02:07.601 [main] ERROR com.iluwatar.commander.Commander - Order EGIH3VF7KFW5: Shipping service unavailable, order not placed..
13:02:07.601 [main] INFO com.iluwatar.commander.Commander - Sorry, there was a problem in creating your order. Please try later.
13:02:07.601 [main] ERROR com.iluwatar.commander.Commander - Order EGIH3VF7KFW5: Shipping service unavailable, order not placed..
13:02:07.601 [main] INFO com.iluwatar.commander.Commander - Sorry, there was a problem in creating your order. Please try later.
13:02:07.601 [main] ERROR com.iluwatar.commander.Commander - Order EGIH3VF7KFW5: Shipping service unavailable, order not placed..
13:02:07.601 [main] DEBUG com.iluwatar.commander.Commander - Order WXRE5A3TP52F: Error in connecting to shipping service, trying again..
13:02:07.601 [main] INFO com.iluwatar.commander.Commander - Sorry, there was a problem in creating your order. Please try later.
13:02:07.601 [main] ERROR com.iluwatar.commander.Commander - Order WXRE5A3TP52F: Shipping service unavailable, order not placed..
13:02:07.601 [main] INFO com.iluwatar.commander.Commander - Sorry, there was a problem in creating your order. Please try later.
13:02:07.601 [main] ERROR com.iluwatar.commander.Commander - Order WXRE5A3TP52F: Shipping service unavailable, order not placed..
13:02:07.601 [main] INFO com.iluwatar.commander.Commander - Sorry, there was a problem in creating your order. Please try later.
13:02:07.601 [main] ERROR com.iluwatar.commander.Commander - Order WXRE5A3TP52F: Shipping service unavailable, order not placed..
13:02:07.601 [main] INFO com.iluwatar.commander.Commander - Sorry, there was a problem in creating your order. Please try later.
13:02:07.601 [main] ERROR com.iluwatar.commander.Commander - Order WXRE5A3TP52F: Shipping service unavailable, order not placed..
13:02:07.601 [main] DEBUG com.iluwatar.commander.Commander - Order G2XFDMY8ERGT: Error in creating shipping request..
13:02:07.601 [main] INFO com.iluwatar.commander.Commander - This item is currently unavailable. We will inform you as soon as the item becomes available again.
13:02:07.601 [main] INFO com.iluwatar.commander.Commander - Order G2XFDMY8ERGT: Item pen unavailable, trying to add problem to employee handle..
13:02:07.601 [main] INFO com.iluwatar.commander.Commander - Sorry, there was a problem in creating your order. Please try later.
13:02:07.601 [main] ERROR com.iluwatar.commander.Commander - Order G2XFDMY8ERGT: Shipping service unavailable, order not placed..
13:02:07.601 [main] INFO com.iluwatar.commander.Commander - Sorry, there was a problem in creating your order. Please try later.
13:02:07.601 [main] ERROR com.iluwatar.commander.Commander - Order G2XFDMY8ERGT: Shipping service unavailable, order not placed..
13:02:07.601 [main] INFO com.iluwatar.commander.Commander - Sorry, there was a problem in creating your order. Please try later.
13:02:07.601 [main] ERROR com.iluwatar.commander.Commander - Order G2XFDMY8ERGT: Shipping service unavailable, order not placed..
13:02:07.601 [main] INFO com.iluwatar.commander.Commander - Sorry, there was a problem in creating your order. Please try later.
13:02:07.601 [main] ERROR com.iluwatar.commander.Commander - Order 1I04D2RPYJ6S: Shipping service unavailable, order not placed..
13:02:07.601 [main] INFO com.iluwatar.commander.Commander - Sorry, there was a problem in creating your order. Please try later.
13:02:07.601 [main] ERROR com.iluwatar.commander.Commander - Order 1I04D2RPYJ6S: Shipping service unavailable, order not placed..
13:02:07.601 [main] INFO com.iluwatar.commander.Commander - Sorry, there was a problem in creating your order. Please try later.
13:02:07.601 [main] ERROR com.iluwatar.commander.Commander - Order 1I04D2RPYJ6S: Shipping service unavailable, order not placed..
13:02:07.601 [main] INFO com.iluwatar.commander.Commander - Sorry, there was a problem in creating your order. Please try later.
13:02:07.601 [main] ERROR com.iluwatar.commander.Commander - Order 1I04D2RPYJ6S: Shipping service unavailable, order not placed..
13:02:07.601 [main] INFO com.iluwatar.commander.Commander - Sorry, there was a problem in creating your order. Please try later.
13:02:07.601 [main] ERROR com.iluwatar.commander.Commander - Order AQCIER55B9WG: Shipping service unavailable, order not placed..
13:02:07.601 [main] INFO com.iluwatar.commander.Commander - Sorry, there was a problem in creating your order. Please try later.
13:02:07.601 [main] ERROR com.iluwatar.commander.Commander - Order AQCIER55B9WG: Shipping service unavailable, order not placed..
13:02:07.601 [main] INFO com.iluwatar.commander.Commander - Sorry, there was a problem in creating your order. Please try later.
13:02:07.601 [main] ERROR com.iluwatar.commander.Commander - Order AQCIER55B9WG: Shipping service unavailable, order not placed..
13:02:07.602 [main] INFO com.iluwatar.commander.Commander - Sorry, there was a problem in creating your order. Please try later.
13:02:07.602 [main] ERROR com.iluwatar.commander.Commander - Order AQCIER55B9WG: Shipping service unavailable, order not placed..
13:02:07.602 [main] DEBUG com.iluwatar.commander.Commander - Order OYPC6N9W7N52: Error in connecting to shipping service, trying again..
13:02:07.602 [main] INFO com.iluwatar.commander.Commander - Sorry, there was a problem in creating your order. Please try later.
13:02:07.602 [main] ERROR com.iluwatar.commander.Commander - Order OYPC6N9W7N52: Shipping service unavailable, order not placed..
13:02:07.602 [main] INFO com.iluwatar.commander.Commander - Sorry, there was a problem in creating your order. Please try later.
13:02:07.602 [main] ERROR com.iluwatar.commander.Commander - Order OYPC6N9W7N52: Shipping service unavailable, order not placed..
13:02:07.602 [main] INFO com.iluwatar.commander.Commander - Sorry, there was a problem in creating your order. Please try later.
13:02:07.602 [main] ERROR com.iluwatar.commander.Commander - Order OYPC6N9W7N52: Shipping service unavailable, order not placed..
13:02:07.602 [main] INFO com.iluwatar.commander.Commander - Sorry, there was a problem in creating your order. Please try later.
13:02:07.602 [main] ERROR com.iluwatar.commander.Commander - Order OYPC6N9W7N52: Shipping service unavailable, order not placed..
13:02:07.602 [main] DEBUG com.iluwatar.commander.Commander - Order 6KFTI3B3Q9WG: Error in creating shipping request..
13:02:07.602 [main] INFO com.iluwatar.commander.Commander - Sorry, there was a problem in creating your order. Please try later.
13:02:07.602 [main] ERROR com.iluwatar.commander.Commander - Order 6KFTI3B3Q9WG: Shipping service unavailable, order not placed..
13:02:07.602 [main] INFO com.iluwatar.commander.Commander - Sorry, there was a problem in creating your order. Please try later.
13:02:07.602 [main] ERROR com.iluwatar.commander.Commander - Order 6KFTI3B3Q9WG: Shipping service unavailable, order not placed..
13:02:07.602 [main] INFO com.iluwatar.commander.Commander - Sorry, there was a problem in creating your order. Please try later.
13:02:07.602 [main] ERROR com.iluwatar.commander.Commander - Order 6KFTI3B3Q9WG: Shipping service unavailable, order not placed..
13:02:07.602 [main] INFO com.iluwatar.commander.Commander - Sorry, there was a problem in creating your order. Please try later.
13:02:07.602 [main] ERROR com.iluwatar.commander.Commander - Order 6KFTI3B3Q9WG: Shipping service unavailable, order not placed..
13:02:07.602 [main] INFO com.iluwatar.commander.Commander - Sorry, there was a problem in creating your order. Please try later.
13:02:07.602 [main] ERROR com.iluwatar.commander.Commander - Order 4V750X6MVOQD: Shipping service unavailable, order not placed..
13:02:07.602 [main] INFO com.iluwatar.commander.Commander - Sorry, there was a problem in creating your order. Please try later.
13:02:07.602 [main] ERROR com.iluwatar.commander.Commander - Order 4V750X6MVOQD: Shipping service unavailable, order not placed..
13:02:07.602 [main] INFO com.iluwatar.commander.Commander - Sorry, there was a problem in creating your order. Please try later.
13:02:07.602 [main] ERROR com.iluwatar.commander.Commander - Order 4V750X6MVOQD: Shipping service unavailable, order not placed..
13:02:07.602 [main] INFO com.iluwatar.commander.Commander - Sorry, there was a problem in creating your order. Please try later.
13:02:07.602 [main] ERROR com.iluwatar.commander.Commander - Order 4V750X6MVOQD: Shipping service unavailable, order not placed..
13:02:07.602 [main] INFO com.iluwatar.commander.Commander - Sorry, there was a problem in creating your order. Please try later.
13:02:07.602 [main] ERROR com.iluwatar.commander.Commander - Order ZO3STQEBCO31: Shipping service unavailable, order not placed..
13:02:07.602 [main] INFO com.iluwatar.commander.Commander - Sorry, there was a problem in creating your order. Please try later.
13:02:07.602 [main] ERROR com.iluwatar.commander.Commander - Order ZO3STQEBCO31: Shipping service unavailable, order not placed..
13:02:07.602 [main] INFO com.iluwatar.commander.Commander - Sorry, there was a problem in creating your order. Please try later.
13:02:07.602 [main] ERROR com.iluwatar.commander.Commander - Order ZO3STQEBCO31: Shipping service unavailable, order not placed..
13:02:07.602 [main] INFO com.iluwatar.commander.Commander - Sorry, there was a problem in creating your order. Please try later.
13:02:07.602 [main] ERROR com.iluwatar.commander.Commander - Order ZO3STQEBCO31: Shipping service unavailable, order not placed..
13:02:07.602 [main] DEBUG com.iluwatar.commander.Commander - Order EWGCX1JN2R61: Error in connecting to shipping service, trying again..
13:02:07.602 [main] INFO com.iluwatar.commander.Commander - Sorry, there was a problem in creating your order. Please try later.
13:02:07.602 [main] ERROR com.iluwatar.commander.Commander - Order EWGCX1JN2R61: Shipping service unavailable, order not placed..
13:02:07.602 [main] INFO com.iluwatar.commander.Commander - Sorry, there was a problem in creating your order. Please try later.
13:02:07.602 [main] ERROR com.iluwatar.commander.Commander - Order EWGCX1JN2R61: Shipping service unavailable, order not placed..
13:02:07.602 [main] INFO com.iluwatar.commander.Commander - Sorry, there was a problem in creating your order. Please try later.
13:02:07.602 [main] ERROR com.iluwatar.commander.Commander - Order EWGCX1JN2R61: Shipping service unavailable, order not placed..
13:02:07.602 [main] INFO com.iluwatar.commander.Commander - Sorry, there was a problem in creating your order. Please try later.
13:02:07.602 [main] ERROR com.iluwatar.commander.Commander - Order EWGCX1JN2R61: Shipping service unavailable, order not placed..
13:02:07.602 [main] DEBUG com.iluwatar.commander.Commander - Order C3EQYX27ZSK1: Error in creating shipping request..
13:02:07.602 [main] INFO com.iluwatar.commander.Commander - Sorry, there was a problem in creating your order. Please try later.
13:02:07.602 [main] ERROR com.iluwatar.commander.Commander - Order C3EQYX27ZSK1: Shipping service unavailable, order not placed..
13:02:07.602 [main] INFO com.iluwatar.commander.Commander - Sorry, there was a problem in creating your order. Please try later.
13:02:07.602 [main] ERROR com.iluwatar.commander.Commander - Order C3EQYX27ZSK1: Shipping service unavailable, order not placed..
13:02:07.602 [main] INFO com.iluwatar.commander.Commander - Sorry, there was a problem in creating your order. Please try later.
13:02:07.602 [main] ERROR com.iluwatar.commander.Commander - Order C3EQYX27ZSK1: Shipping service unavailable, order not placed..
13:02:07.602 [main] INFO com.iluwatar.commander.Commander - Sorry, there was a problem in creating your order. Please try later.
13:02:07.602 [main] ERROR com.iluwatar.commander.Commander - Order C3EQYX27ZSK1: Shipping service unavailable, order not placed..
13:02:07.602 [main] INFO com.iluwatar.commander.Commander - Sorry, there was a problem in creating your order. Please try later.
13:02:07.602 [main] ERROR com.iluwatar.commander.Commander - Order PYDABT6L4EWV: Shipping service unavailable, order not placed..
13:02:07.602 [main] INFO com.iluwatar.commander.Commander - Sorry, there was a problem in creating your order. Please try later.
13:02:07.602 [main] ERROR com.iluwatar.commander.Commander - Order PYDABT6L4EWV: Shipping service unavailable, order not placed..
13:02:07.602 [main] INFO com.iluwatar.commander.Commander - Sorry, there was a problem in creating your order. Please try later.
13:02:07.602 [main] ERROR com.iluwatar.commander.Commander - Order PYDABT6L4EWV: Shipping service unavailable, order not placed..
13:02:07.602 [main] INFO com.iluwatar.commander.Commander - Sorry, there was a problem in creating your order. Please try later.
13:02:07.602 [main] ERROR com.iluwatar.commander.Commander - Order PYDABT6L4EWV: Shipping service unavailable, order not placed..
13:02:07.602 [main] INFO com.iluwatar.commander.Commander - Sorry, there was a problem in creating your order. Please try later.
13:02:07.602 [main] ERROR com.iluwatar.commander.Commander - Order U4ZEB1UVBJ5G: Shipping service unavailable, order not placed..
13:02:07.602 [main] INFO com.iluwatar.commander.Commander - Sorry, there was a problem in creating your order. Please try later.
13:02:07.602 [main] ERROR com.iluwatar.commander.Commander - Order U4ZEB1UVBJ5G: Shipping service unavailable, order not placed..
13:02:07.602 [main] INFO com.iluwatar.commander.Commander - Sorry, there was a problem in creating your order. Please try later.
13:02:07.602 [main] ERROR com.iluwatar.commander.Commander - Order U4ZEB1UVBJ5G: Shipping service unavailable, order not placed..
13:02:07.602 [main] INFO com.iluwatar.commander.Commander - Sorry, there was a problem in creating your order. Please try later.
13:02:07.602 [main] ERROR com.iluwatar.commander.Commander - Order U4ZEB1UVBJ5G: Shipping service unavailable, order not placed..
13:02:07.602 [main] DEBUG com.iluwatar.commander.Commander - Order 2DZVLO5P9NZA: Error in connecting to shipping service, trying again..
13:02:07.602 [main] INFO com.iluwatar.commander.Commander - Sorry, there was a problem in creating your order. Please try later.
13:02:07.602 [main] ERROR com.iluwatar.commander.Commander - Order 2DZVLO5P9NZA: Shipping service unavailable, order not placed..
13:02:07.602 [main] INFO com.iluwatar.commander.Commander - Sorry, there was a problem in creating your order. Please try later.
13:02:07.602 [main] ERROR com.iluwatar.commander.Commander - Order 2DZVLO5P9NZA: Shipping service unavailable, order not placed..
13:02:07.602 [main] INFO com.iluwatar.commander.Commander - Sorry, there was a problem in creating your order. Please try later.
13:02:07.602 [main] ERROR com.iluwatar.commander.Commander - Order 2DZVLO5P9NZA: Shipping service unavailable, order not placed..
13:02:07.602 [main] INFO com.iluwatar.commander.Commander - Sorry, there was a problem in creating your order. Please try later.
13:02:07.602 [main] ERROR com.iluwatar.commander.Commander - Order 2DZVLO5P9NZA: Shipping service unavailable, order not placed..
13:02:07.602 [main] DEBUG com.iluwatar.commander.Commander - Order ZJ8UI1PHOG67: Error in connecting to shipping service, trying again..
13:02:07.602 [main] INFO com.iluwatar.commander.Commander - Sorry, there was a problem in creating your order. Please try later.
13:02:07.602 [main] ERROR com.iluwatar.commander.Commander - Order ZJ8UI1PHOG67: Shipping service unavailable, order not placed..
13:02:07.602 [main] INFO com.iluwatar.commander.Commander - Sorry, there was a problem in creating your order. Please try later.
13:02:07.602 [main] ERROR com.iluwatar.commander.Commander - Order ZJ8UI1PHOG67: Shipping service unavailable, order not placed..
13:02:07.602 [main] INFO com.iluwatar.commander.Commander - Sorry, there was a problem in creating your order. Please try later.
13:02:07.602 [main] ERROR com.iluwatar.commander.Commander - Order ZJ8UI1PHOG67: Shipping service unavailable, order not placed..
13:02:07.602 [main] INFO com.iluwatar.commander.Commander - Sorry, there was a problem in creating your order. Please try later.
13:02:07.602 [main] ERROR com.iluwatar.commander.Commander - Order ZJ8UI1PHOG67: Shipping service unavailable, order not placed..
13:02:07.602 [main] INFO com.iluwatar.commander.Commander - Sorry, there was a problem in creating your order. Please try later.
13:02:07.602 [main] ERROR com.iluwatar.commander.Commander - Order HFVTQKDDAB55: Shipping service unavailable, order not placed..
13:02:07.602 [main] INFO com.iluwatar.commander.Commander - Sorry, there was a problem in creating your order. Please try later.
13:02:07.602 [main] ERROR com.iluwatar.commander.Commander - Order HFVTQKDDAB55: Shipping service unavailable, order not placed..
13:02:07.602 [main] INFO com.iluwatar.commander.Commander - Sorry, there was a problem in creating your order. Please try later.
13:02:07.602 [main] ERROR com.iluwatar.commander.Commander - Order HFVTQKDDAB55: Shipping service unavailable, order not placed..
13:02:07.602 [main] INFO com.iluwatar.commander.Commander - Sorry, there was a problem in creating your order. Please try later.
13:02:07.602 [main] ERROR com.iluwatar.commander.Commander - Order HFVTQKDDAB55: Shipping service unavailable, order not placed..
13:02:07.602 [main] INFO com.iluwatar.commander.Commander - Sorry, there was a problem in creating your order. Please try later.
13:02:07.602 [main] ERROR com.iluwatar.commander.Commander - Order TWKPMLRK1AK9: Shipping service unavailable, order not placed..
13:02:07.602 [main] INFO com.iluwatar.commander.Commander - Sorry, there was a problem in creating your order. Please try later.
13:02:07.602 [main] ERROR com.iluwatar.commander.Commander - Order TWKPMLRK1AK9: Shipping service unavailable, order not placed..
13:02:07.602 [main] INFO com.iluwatar.commander.Commander - Sorry, there was a problem in creating your order. Please try later.
13:02:07.602 [main] ERROR com.iluwatar.commander.Commander - Order TWKPMLRK1AK9: Shipping service unavailable, order not placed..
13:02:07.602 [main] INFO com.iluwatar.commander.Commander - Sorry, there was a problem in creating your order. Please try later.
13:02:07.602 [main] ERROR com.iluwatar.commander.Commander - Order TWKPMLRK1AK9: Shipping service unavailable, order not placed..
13:02:07.602 [main] DEBUG com.iluwatar.commander.Commander - Order IYVXSV1JQFAX: Error in connecting to shipping service, trying again..
13:02:07.602 [main] INFO com.iluwatar.commander.Commander - Sorry, there was a problem in creating your order. Please try later.
13:02:07.602 [main] ERROR com.iluwatar.commander.Commander - Order IYVXSV1JQFAX: Shipping service unavailable, order not placed..
13:02:07.602 [main] INFO com.iluwatar.commander.Commander - Sorry, there was a problem in creating your order. Please try later.
13:02:07.602 [main] ERROR com.iluwatar.commander.Commander - Order IYVXSV1JQFAX: Shipping service unavailable, order not placed..
13:02:07.602 [main] INFO com.iluwatar.commander.Commander - Sorry, there was a problem in creating your order. Please try later.
13:02:07.602 [main] ERROR com.iluwatar.commander.Commander - Order IYVXSV1JQFAX: Shipping service unavailable, order not placed..
13:02:07.602 [main] INFO com.iluwatar.commander.Commander - Sorry, there was a problem in creating your order. Please try later.
13:02:07.602 [main] ERROR com.iluwatar.commander.Commander - Order IYVXSV1JQFAX: Shipping service unavailable, order not placed..
13:02:07.602 [main] DEBUG com.iluwatar.commander.Commander - Order RIQCQ8EP3X0C: Error in creating shipping request..
13:02:07.602 [main] INFO com.iluwatar.commander.Commander - Shipping is currently not possible to your address. We are working on the problem and will get back to you asap.
13:02:07.602 [main] INFO com.iluwatar.commander.Commander - Order RIQCQ8EP3X0C: Shipping not possible to address, trying to add problem to employee db..
13:02:07.602 [main] INFO com.iluwatar.commander.Commander - Sorry, there was a problem in creating your order. Please try later.
13:02:07.602 [main] ERROR com.iluwatar.commander.Commander - Order RIQCQ8EP3X0C: Shipping service unavailable, order not placed..
13:02:07.602 [main] INFO com.iluwatar.commander.Commander - Sorry, there was a problem in creating your order. Please try later.
13:02:07.602 [main] ERROR com.iluwatar.commander.Commander - Order RIQCQ8EP3X0C: Shipping service unavailable, order not placed..
13:02:07.602 [main] INFO com.iluwatar.commander.Commander - Sorry, there was a problem in creating your order. Please try later.
13:02:07.602 [main] ERROR com.iluwatar.commander.Commander - Order RIQCQ8EP3X0C: Shipping service unavailable, order not placed..
13:02:07.602 [main] INFO com.iluwatar.commander.Commander - Sorry, there was a problem in creating your order. Please try later.
13:02:07.602 [main] ERROR com.iluwatar.commander.Commander - Order FVKFL7UU5DKW: Shipping service unavailable, order not placed..
13:02:07.602 [main] INFO com.iluwatar.commander.Commander - Sorry, there was a problem in creating your order. Please try later.
13:02:07.602 [main] ERROR com.iluwatar.commander.Commander - Order FVKFL7UU5DKW: Shipping service unavailable, order not placed..
13:02:07.602 [main] INFO com.iluwatar.commander.Commander - Sorry, there was a problem in creating your order. Please try later.
13:02:07.602 [main] ERROR com.iluwatar.commander.Commander - Order FVKFL7UU5DKW: Shipping service unavailable, order not placed..
13:02:07.602 [main] INFO com.iluwatar.commander.Commander - Sorry, there was a problem in creating your order. Please try later.
13:02:07.602 [main] ERROR com.iluwatar.commander.Commander - Order FVKFL7UU5DKW: Shipping service unavailable, order not placed..
13:02:07.602 [main] INFO com.iluwatar.commander.Commander - Sorry, there was a problem in creating your order. Please try later.
13:02:07.602 [main] ERROR com.iluwatar.commander.Commander - Order EA3Q4BQFJWKI: Shipping service unavailable, order not placed..
13:02:07.602 [main] INFO com.iluwatar.commander.Commander - Sorry, there was a problem in creating your order. Please try later.
13:02:07.602 [main] ERROR com.iluwatar.commander.Commander - Order EA3Q4BQFJWKI: Shipping service unavailable, order not placed..
13:02:07.602 [main] INFO com.iluwatar.commander.Commander - Sorry, there was a problem in creating your order. Please try later.
13:02:07.602 [main] ERROR com.iluwatar.commander.Commander - Order EA3Q4BQFJWKI: Shipping service unavailable, order not placed..
13:02:07.602 [main] INFO com.iluwatar.commander.Commander - Sorry, there was a problem in creating your order. Please try later.
13:02:07.602 [main] ERROR com.iluwatar.commander.Commander - Order EA3Q4BQFJWKI: Shipping service unavailable, order not placed..
13:02:07.602 [main] DEBUG com.iluwatar.commander.Commander - Order VD6FCSX6T6WH: Error in connecting to shipping service, trying again..
13:02:07.602 [main] INFO com.iluwatar.commander.Commander - Sorry, there was a problem in creating your order. Please try later.
13:02:07.602 [main] ERROR com.iluwatar.commander.Commander - Order VD6FCSX6T6WH: Shipping service unavailable, order not placed..
13:02:07.603 [main] INFO com.iluwatar.commander.Commander - Sorry, there was a problem in creating your order. Please try later.
13:02:07.603 [main] ERROR com.iluwatar.commander.Commander - Order VD6FCSX6T6WH: Shipping service unavailable, order not placed..
13:02:07.603 [main] INFO com.iluwatar.commander.Commander - Sorry, there was a problem in creating your order. Please try later.
13:02:07.603 [main] ERROR com.iluwatar.commander.Commander - Order VD6FCSX6T6WH: Shipping service unavailable, order not placed..
13:02:07.603 [main] INFO com.iluwatar.commander.Commander - Sorry, there was a problem in creating your order. Please try later.
13:02:07.603 [main] ERROR com.iluwatar.commander.Commander - Order VD6FCSX6T6WH: Shipping service unavailable, order not placed..
13:02:07.603 [main] DEBUG com.iluwatar.commander.Commander - Order KKN7M7V7CNUY: Error in creating shipping request..
13:02:07.603 [main] INFO com.iluwatar.commander.Commander - This item is currently unavailable. We will inform you as soon as the item becomes available again.
13:02:07.603 [main] INFO com.iluwatar.commander.Commander - Order KKN7M7V7CNUY: Item pen unavailable, trying to add problem to employee handle..
13:02:07.603 [main] INFO com.iluwatar.commander.Commander - Sorry, there was a problem in creating your order. Please try later.
13:02:07.603 [main] ERROR com.iluwatar.commander.Commander - Order KKN7M7V7CNUY: Shipping service unavailable, order not placed..
13:02:07.603 [main] INFO com.iluwatar.commander.Commander - Sorry, there was a problem in creating your order. Please try later.
13:02:07.603 [main] ERROR com.iluwatar.commander.Commander - Order KKN7M7V7CNUY: Shipping service unavailable, order not placed..
13:02:07.603 [main] INFO com.iluwatar.commander.Commander - Sorry, there was a problem in creating your order. Please try later.
13:02:07.603 [main] ERROR com.iluwatar.commander.Commander - Order KKN7M7V7CNUY: Shipping service unavailable, order not placed..
13:02:07.603 [main] INFO com.iluwatar.commander.Commander - Sorry, there was a problem in creating your order. Please try later.
13:02:07.603 [main] ERROR com.iluwatar.commander.Commander - Order 9INBXRIUI5DV: Shipping service unavailable, order not placed..
13:02:07.603 [main] INFO com.iluwatar.commander.Commander - Sorry, there was a problem in creating your order. Please try later.
13:02:07.603 [main] ERROR com.iluwatar.commander.Commander - Order 9INBXRIUI5DV: Shipping service unavailable, order not placed..
13:02:07.603 [main] INFO com.iluwatar.commander.Commander - Sorry, there was a problem in creating your order. Please try later.
13:02:07.603 [main] ERROR com.iluwatar.commander.Commander - Order 9INBXRIUI5DV: Shipping service unavailable, order not placed..
13:02:07.603 [main] INFO com.iluwatar.commander.Commander - Sorry, there was a problem in creating your order. Please try later.
13:02:07.603 [main] ERROR com.iluwatar.commander.Commander - Order 9INBXRIUI5DV: Shipping service unavailable, order not placed..
13:02:07.603 [main] INFO com.iluwatar.commander.Commander - Sorry, there was a problem in creating your order. Please try later.
13:02:07.603 [main] ERROR com.iluwatar.commander.Commander - Order O4GGXGF03RYB: Shipping service unavailable, order not placed..
13:02:07.603 [main] INFO com.iluwatar.commander.Commander - Sorry, there was a problem in creating your order. Please try later.
13:02:07.603 [main] ERROR com.iluwatar.commander.Commander - Order O4GGXGF03RYB: Shipping service unavailable, order not placed..
13:02:07.603 [main] INFO com.iluwatar.commander.Commander - Sorry, there was a problem in creating your order. Please try later.
13:02:07.603 [main] ERROR com.iluwatar.commander.Commander - Order O4GGXGF03RYB: Shipping service unavailable, order not placed..
13:02:07.603 [main] INFO com.iluwatar.commander.Commander - Sorry, there was a problem in creating your order. Please try later.
13:02:07.603 [main] ERROR com.iluwatar.commander.Commander - Order O4GGXGF03RYB: Shipping service unavailable, order not placed..
13:02:07.603 [main] DEBUG com.iluwatar.commander.Commander - Order UXF1CO9VHUOW: Error in connecting to shipping service, trying again..
13:02:07.603 [main] INFO com.iluwatar.commander.Commander - Sorry, there was a problem in creating your order. Please try later.
13:02:07.603 [main] ERROR com.iluwatar.commander.Commander - Order UXF1CO9VHUOW: Shipping service unavailable, order not placed..
13:02:07.603 [main] INFO com.iluwatar.commander.Commander - Sorry, there was a problem in creating your order. Please try later.
13:02:07.603 [main] ERROR com.iluwatar.commander.Commander - Order UXF1CO9VHUOW: Shipping service unavailable, order not placed..
13:02:07.603 [main] INFO com.iluwatar.commander.Commander - Sorry, there was a problem in creating your order. Please try later.
13:02:07.603 [main] ERROR com.iluwatar.commander.Commander - Order UXF1CO9VHUOW: Shipping service unavailable, order not placed..
13:02:07.603 [main] INFO com.iluwatar.commander.Commander - Sorry, there was a problem in creating your order. Please try later.
13:02:07.603 [main] ERROR com.iluwatar.commander.Commander - Order UXF1CO9VHUOW: Shipping service unavailable, order not placed..
13:02:07.603 [main] DEBUG com.iluwatar.commander.Commander - Order KFD84FLIZGLH: Error in creating shipping request..
13:02:07.603 [main] INFO com.iluwatar.commander.Commander - Sorry, there was a problem in creating your order. Please try later.
13:02:07.603 [main] ERROR com.iluwatar.commander.Commander - Order KFD84FLIZGLH: Shipping service unavailable, order not placed..
13:02:07.603 [main] INFO com.iluwatar.commander.Commander - Sorry, there was a problem in creating your order. Please try later.
13:02:07.603 [main] ERROR com.iluwatar.commander.Commander - Order KFD84FLIZGLH: Shipping service unavailable, order not placed..
13:02:07.603 [main] INFO com.iluwatar.commander.Commander - Sorry, there was a problem in creating your order. Please try later.
13:02:07.603 [main] ERROR com.iluwatar.commander.Commander - Order KFD84FLIZGLH: Shipping service unavailable, order not placed..
13:02:07.603 [main] INFO com.iluwatar.commander.Commander - Sorry, there was a problem in creating your order. Please try later.
13:02:07.603 [main] ERROR com.iluwatar.commander.Commander - Order KFD84FLIZGLH: Shipping service unavailable, order not placed..
13:02:07.603 [main] INFO com.iluwatar.commander.Commander - Sorry, there was a problem in creating your order. Please try later.
13:02:07.603 [main] ERROR com.iluwatar.commander.Commander - Order RY058W0NOERH: Shipping service unavailable, order not placed..
13:02:07.603 [main] INFO com.iluwatar.commander.Commander - Sorry, there was a problem in creating your order. Please try later.
13:02:07.603 [main] ERROR com.iluwatar.commander.Commander - Order RY058W0NOERH: Shipping service unavailable, order not placed..
13:02:07.603 [main] INFO com.iluwatar.commander.Commander - Sorry, there was a problem in creating your order. Please try later.
13:02:07.603 [main] ERROR com.iluwatar.commander.Commander - Order RY058W0NOERH: Shipping service unavailable, order not placed..
13:02:07.603 [main] INFO com.iluwatar.commander.Commander - Sorry, there was a problem in creating your order. Please try later.
13:02:07.603 [main] ERROR com.iluwatar.commander.Commander - Order RY058W0NOERH: Shipping service unavailable, order not placed..
13:02:07.603 [main] INFO com.iluwatar.commander.Commander - Sorry, there was a problem in creating your order. Please try later.
13:02:07.603 [main] ERROR com.iluwatar.commander.Commander - Order 93PA2FGEZWDJ: Shipping service unavailable, order not placed..
13:02:07.603 [main] INFO com.iluwatar.commander.Commander - Sorry, there was a problem in creating your order. Please try later.
13:02:07.603 [main] ERROR com.iluwatar.commander.Commander - Order 93PA2FGEZWDJ: Shipping service unavailable, order not placed..
13:02:07.603 [main] INFO com.iluwatar.commander.Commander - Sorry, there was a problem in creating your order. Please try later.
13:02:07.603 [main] ERROR com.iluwatar.commander.Commander - Order 93PA2FGEZWDJ: Shipping service unavailable, order not placed..
13:02:07.603 [main] INFO com.iluwatar.commander.Commander - Sorry, there was a problem in creating your order. Please try later.
13:02:07.603 [main] ERROR com.iluwatar.commander.Commander - Order 93PA2FGEZWDJ: Shipping service unavailable, order not placed..
13:02:07.603 [main] DEBUG com.iluwatar.commander.Commander - Order 988R583K9YLJ: Error in connecting to shipping service, trying again..
13:02:07.603 [main] INFO com.iluwatar.commander.Commander - Sorry, there was a problem in creating your order. Please try later.
13:02:07.603 [main] ERROR com.iluwatar.commander.Commander - Order 988R583K9YLJ: Shipping service unavailable, order not placed..
13:02:07.603 [main] INFO com.iluwatar.commander.Commander - Sorry, there was a problem in creating your order. Please try later.
13:02:07.603 [main] ERROR com.iluwatar.commander.Commander - Order 988R583K9YLJ: Shipping service unavailable, order not placed..
13:02:07.603 [main] INFO com.iluwatar.commander.Commander - Sorry, there was a problem in creating your order. Please try later.
13:02:07.603 [main] ERROR com.iluwatar.commander.Commander - Order 988R583K9YLJ: Shipping service unavailable, order not placed..
13:02:07.603 [main] INFO com.iluwatar.commander.Commander - Sorry, there was a problem in creating your order. Please try later.
13:02:07.603 [main] ERROR com.iluwatar.commander.Commander - Order 988R583K9YLJ: Shipping service unavailable, order not placed..
13:02:07.603 [main] DEBUG com.iluwatar.commander.Commander - Order Y26AMM01YAQC: Error in creating shipping request..
13:02:07.603 [main] INFO com.iluwatar.commander.Commander - Sorry, there was a problem in creating your order. Please try later.
13:02:07.603 [main] ERROR com.iluwatar.commander.Commander - Order Y26AMM01YAQC: Shipping service unavailable, order not placed..
13:02:07.603 [main] INFO com.iluwatar.commander.Commander - Sorry, there was a problem in creating your order. Please try later.
13:02:07.603 [main] ERROR com.iluwatar.commander.Commander - Order Y26AMM01YAQC: Shipping service unavailable, order not placed..
13:02:07.603 [main] INFO com.iluwatar.commander.Commander - Sorry, there was a problem in creating your order. Please try later.
13:02:07.603 [main] ERROR com.iluwatar.commander.Commander - Order Y26AMM01YAQC: Shipping service unavailable, order not placed..
13:02:07.603 [main] INFO com.iluwatar.commander.Commander - Sorry, there was a problem in creating your order. Please try later.
13:02:07.603 [main] ERROR com.iluwatar.commander.Commander - Order Y26AMM01YAQC: Shipping service unavailable, order not placed..
13:02:07.603 [main] INFO com.iluwatar.commander.Commander - Sorry, there was a problem in creating your order. Please try later.
13:02:07.603 [main] ERROR com.iluwatar.commander.Commander - Order SVEB3M0T0OFW: Shipping service unavailable, order not placed..
13:02:07.603 [main] INFO com.iluwatar.commander.Commander - Sorry, there was a problem in creating your order. Please try later.
13:02:07.603 [main] ERROR com.iluwatar.commander.Commander - Order SVEB3M0T0OFW: Shipping service unavailable, order not placed..
13:02:07.603 [main] INFO com.iluwatar.commander.Commander - Sorry, there was a problem in creating your order. Please try later.
13:02:07.603 [main] ERROR com.iluwatar.commander.Commander - Order SVEB3M0T0OFW: Shipping service unavailable, order not placed..
13:02:07.603 [main] INFO com.iluwatar.commander.Commander - Sorry, there was a problem in creating your order. Please try later.
13:02:07.603 [main] ERROR com.iluwatar.commander.Commander - Order SVEB3M0T0OFW: Shipping service unavailable, order not placed..
13:02:07.603 [main] INFO com.iluwatar.commander.Commander - Sorry, there was a problem in creating your order. Please try later.
13:02:07.603 [main] ERROR com.iluwatar.commander.Commander - Order LMUXHA09YJM3: Shipping service unavailable, order not placed..
13:02:07.603 [main] INFO com.iluwatar.commander.Commander - Sorry, there was a problem in creating your order. Please try later.
13:02:07.603 [main] ERROR com.iluwatar.commander.Commander - Order LMUXHA09YJM3: Shipping service unavailable, order not placed..
13:02:07.603 [main] INFO com.iluwatar.commander.Commander - Sorry, there was a problem in creating your order. Please try later.
13:02:07.603 [main] ERROR com.iluwatar.commander.Commander - Order LMUXHA09YJM3: Shipping service unavailable, order not placed..
13:02:07.603 [main] INFO com.iluwatar.commander.Commander - Sorry, there was a problem in creating your order. Please try later.
13:02:07.603 [main] ERROR com.iluwatar.commander.Commander - Order LMUXHA09YJM3: Shipping service unavailable, order not placed..
13:02:07.603 [main] DEBUG com.iluwatar.commander.Commander - Order FEDS04W23OZ4: Error in connecting to shipping service, trying again..
13:02:07.603 [main] INFO com.iluwatar.commander.Commander - Sorry, there was a problem in creating your order. Please try later.
13:02:07.603 [main] ERROR com.iluwatar.commander.Commander - Order FEDS04W23OZ4: Shipping service unavailable, order not placed..
13:02:07.603 [main] INFO com.iluwatar.commander.Commander - Sorry, there was a problem in creating your order. Please try later.
13:02:07.603 [main] ERROR com.iluwatar.commander.Commander - Order FEDS04W23OZ4: Shipping service unavailable, order not placed..
13:02:07.603 [main] INFO com.iluwatar.commander.Commander - Sorry, there was a problem in creating your order. Please try later.
13:02:07.603 [main] ERROR com.iluwatar.commander.Commander - Order FEDS04W23OZ4: Shipping service unavailable, order not placed..
13:02:07.603 [main] INFO com.iluwatar.commander.Commander - Sorry, there was a problem in creating your order. Please try later.
13:02:07.603 [main] ERROR com.iluwatar.commander.Commander - Order FEDS04W23OZ4: Shipping service unavailable, order not placed..
13:02:07.603 [main] DEBUG com.iluwatar.commander.Commander - Order SHZ746A4803B: Error in connecting to shipping service, trying again..
13:02:07.603 [main] INFO com.iluwatar.commander.Commander - Sorry, there was a problem in creating your order. Please try later.
13:02:07.603 [main] ERROR com.iluwatar.commander.Commander - Order SHZ746A4803B: Shipping service unavailable, order not placed..
13:02:07.603 [main] INFO com.iluwatar.commander.Commander - Sorry, there was a problem in creating your order. Please try later.
13:02:07.603 [main] ERROR com.iluwatar.commander.Commander - Order SHZ746A4803B: Shipping service unavailable, order not placed..
13:02:07.603 [main] INFO com.iluwatar.commander.Commander - Sorry, there was a problem in creating your order. Please try later.
13:02:07.603 [main] ERROR com.iluwatar.commander.Commander - Order SHZ746A4803B: Shipping service unavailable, order not placed..
13:02:07.603 [main] INFO com.iluwatar.commander.Commander - Sorry, there was a problem in creating your order. Please try later.
13:02:07.603 [main] ERROR com.iluwatar.commander.Commander - Order SHZ746A4803B: Shipping service unavailable, order not placed..
13:02:07.603 [main] INFO com.iluwatar.commander.Commander - Sorry, there was a problem in creating your order. Please try later.
13:02:07.603 [main] ERROR com.iluwatar.commander.Commander - Order E7TYGZ8YTK67: Shipping service unavailable, order not placed..
13:02:07.603 [main] INFO com.iluwatar.commander.Commander - Sorry, there was a problem in creating your order. Please try later.
13:02:07.603 [main] ERROR com.iluwatar.commander.Commander - Order E7TYGZ8YTK67: Shipping service unavailable, order not placed..
13:02:07.604 [main] INFO com.iluwatar.commander.Commander - Sorry, there was a problem in creating your order. Please try later.
13:02:07.604 [main] ERROR com.iluwatar.commander.Commander - Order E7TYGZ8YTK67: Shipping service unavailable, order not placed..
13:02:07.604 [main] INFO com.iluwatar.commander.Commander - Sorry, there was a problem in creating your order. Please try later.
13:02:07.604 [main] ERROR com.iluwatar.commander.Commander - Order E7TYGZ8YTK67: Shipping service unavailable, order not placed..
13:02:07.604 [main] INFO com.iluwatar.commander.Commander - Sorry, there was a problem in creating your order. Please try later.
13:02:07.604 [main] ERROR com.iluwatar.commander.Commander - Order GN0RW6K2XB4D: Shipping service unavailable, order not placed..
13:02:07.604 [main] INFO com.iluwatar.commander.Commander - Sorry, there was a problem in creating your order. Please try later.
13:02:07.604 [main] ERROR com.iluwatar.commander.Commander - Order GN0RW6K2XB4D: Shipping service unavailable, order not placed..
13:02:07.604 [main] INFO com.iluwatar.commander.Commander - Sorry, there was a problem in creating your order. Please try later.
13:02:07.604 [main] ERROR com.iluwatar.commander.Commander - Order GN0RW6K2XB4D: Shipping service unavailable, order not placed..
13:02:07.604 [main] INFO com.iluwatar.commander.Commander - Sorry, there was a problem in creating your order. Please try later.
13:02:07.604 [main] ERROR com.iluwatar.commander.Commander - Order GN0RW6K2XB4D: Shipping service unavailable, order not placed..
13:02:07.604 [main] DEBUG com.iluwatar.commander.Commander - Order 8QJZN53GLCOM: Error in connecting to shipping service, trying again..
13:02:07.604 [main] INFO com.iluwatar.commander.Commander - Sorry, there was a problem in creating your order. Please try later.
13:02:07.604 [main] ERROR com.iluwatar.commander.Commander - Order 8QJZN53GLCOM: Shipping service unavailable, order not placed..
13:02:07.604 [main] INFO com.iluwatar.commander.Commander - Sorry, there was a problem in creating your order. Please try later.
13:02:07.604 [main] ERROR com.iluwatar.commander.Commander - Order 8QJZN53GLCOM: Shipping service unavailable, order not placed..
13:02:07.604 [main] INFO com.iluwatar.commander.Commander - Sorry, there was a problem in creating your order. Please try later.
13:02:07.604 [main] ERROR com.iluwatar.commander.Commander - Order 8QJZN53GLCOM: Shipping service unavailable, order not placed..
13:02:07.604 [main] INFO com.iluwatar.commander.Commander - Sorry, there was a problem in creating your order. Please try later.
13:02:07.604 [main] ERROR com.iluwatar.commander.Commander - Order 8QJZN53GLCOM: Shipping service unavailable, order not placed..
13:02:07.604 [main] DEBUG com.iluwatar.commander.Commander - Order Z07IWTPMHQAZ: Error in creating shipping request..
13:02:07.604 [main] INFO com.iluwatar.commander.Commander - Shipping is currently not possible to your address. We are working on the problem and will get back to you asap.
13:02:07.604 [main] INFO com.iluwatar.commander.Commander - Order Z07IWTPMHQAZ: Shipping not possible to address, trying to add problem to employee db..
13:02:07.604 [main] INFO com.iluwatar.commander.Commander - Sorry, there was a problem in creating your order. Please try later.
13:02:07.604 [main] ERROR com.iluwatar.commander.Commander - Order Z07IWTPMHQAZ: Shipping service unavailable, order not placed..
13:02:07.604 [main] INFO com.iluwatar.commander.Commander - Sorry, there was a problem in creating your order. Please try later.
13:02:07.604 [main] ERROR com.iluwatar.commander.Commander - Order Z07IWTPMHQAZ: Shipping service unavailable, order not placed..
13:02:07.604 [main] INFO com.iluwatar.commander.Commander - Sorry, there was a problem in creating your order. Please try later.
13:02:07.604 [main] ERROR com.iluwatar.commander.Commander - Order Z07IWTPMHQAZ: Shipping service unavailable, order not placed..
13:02:07.604 [main] INFO com.iluwatar.commander.Commander - Sorry, there was a problem in creating your order. Please try later.
13:02:07.604 [main] ERROR com.iluwatar.commander.Commander - Order X168Z27MI6RP: Shipping service unavailable, order not placed..
13:02:07.604 [main] INFO com.iluwatar.commander.Commander - Sorry, there was a problem in creating your order. Please try later.
13:02:07.604 [main] ERROR com.iluwatar.commander.Commander - Order X168Z27MI6RP: Shipping service unavailable, order not placed..
13:02:07.604 [main] INFO com.iluwatar.commander.Commander - Sorry, there was a problem in creating your order. Please try later.
13:02:07.604 [main] ERROR com.iluwatar.commander.Commander - Order X168Z27MI6RP: Shipping service unavailable, order not placed..
13:02:07.604 [main] INFO com.iluwatar.commander.Commander - Sorry, there was a problem in creating your order. Please try later.
13:02:07.604 [main] ERROR com.iluwatar.commander.Commander - Order X168Z27MI6RP: Shipping service unavailable, order not placed..
13:02:07.604 [main] INFO com.iluwatar.commander.Commander - Sorry, there was a problem in creating your order. Please try later.
13:02:07.604 [main] ERROR com.iluwatar.commander.Commander - Order XMDDDZVTRSO1: Shipping service unavailable, order not placed..
13:02:07.604 [main] INFO com.iluwatar.commander.Commander - Sorry, there was a problem in creating your order. Please try later.
13:02:07.604 [main] ERROR com.iluwatar.commander.Commander - Order XMDDDZVTRSO1: Shipping service unavailable, order not placed..
13:02:07.604 [main] INFO com.iluwatar.commander.Commander - Sorry, there was a problem in creating your order. Please try later.
13:02:07.604 [main] ERROR com.iluwatar.commander.Commander - Order XMDDDZVTRSO1: Shipping service unavailable, order not placed..
13:02:07.604 [main] INFO com.iluwatar.commander.Commander - Sorry, there was a problem in creating your order. Please try later.
13:02:07.604 [main] ERROR com.iluwatar.commander.Commander - Order XMDDDZVTRSO1: Shipping service unavailable, order not placed..
13:02:07.604 [main] DEBUG com.iluwatar.commander.Commander - Order 4UE0GIEC53GA: Error in connecting to shipping service, trying again..
13:02:07.604 [main] INFO com.iluwatar.commander.Commander - Sorry, there was a problem in creating your order. Please try later.
13:02:07.604 [main] ERROR com.iluwatar.commander.Commander - Order 4UE0GIEC53GA: Shipping service unavailable, order not placed..
13:02:07.604 [main] INFO com.iluwatar.commander.Commander - Sorry, there was a problem in creating your order. Please try later.
13:02:07.604 [main] ERROR com.iluwatar.commander.Commander - Order 4UE0GIEC53GA: Shipping service unavailable, order not placed..
13:02:07.604 [main] INFO com.iluwatar.commander.Commander - Sorry, there was a problem in creating your order. Please try later.
13:02:07.604 [main] ERROR com.iluwatar.commander.Commander - Order 4UE0GIEC53GA: Shipping service unavailable, order not placed..
13:02:07.604 [main] INFO com.iluwatar.commander.Commander - Sorry, there was a problem in creating your order. Please try later.
13:02:07.604 [main] ERROR com.iluwatar.commander.Commander - Order 4UE0GIEC53GA: Shipping service unavailable, order not placed..
13:02:07.604 [main] DEBUG com.iluwatar.commander.Commander - Order 2B1JOVOFUNV0: Error in creating shipping request..
13:02:07.604 [main] INFO com.iluwatar.commander.Commander - This item is currently unavailable. We will inform you as soon as the item becomes available again.
13:02:07.604 [main] INFO com.iluwatar.commander.Commander - Order 2B1JOVOFUNV0: Item pen unavailable, trying to add problem to employee handle..
13:02:07.604 [main] INFO com.iluwatar.commander.Commander - Sorry, there was a problem in creating your order. Please try later.
13:02:07.604 [main] ERROR com.iluwatar.commander.Commander - Order 2B1JOVOFUNV0: Shipping service unavailable, order not placed..
13:02:07.604 [main] INFO com.iluwatar.commander.Commander - Sorry, there was a problem in creating your order. Please try later.
13:02:07.604 [main] ERROR com.iluwatar.commander.Commander - Order 2B1JOVOFUNV0: Shipping service unavailable, order not placed..
13:02:07.604 [main] INFO com.iluwatar.commander.Commander - Sorry, there was a problem in creating your order. Please try later.
13:02:07.604 [main] ERROR com.iluwatar.commander.Commander - Order 2B1JOVOFUNV0: Shipping service unavailable, order not placed..
13:02:07.604 [main] INFO com.iluwatar.commander.Commander - Sorry, there was a problem in creating your order. Please try later.
13:02:07.604 [main] ERROR com.iluwatar.commander.Commander - Order NBLPIYMO1T3V: Shipping service unavailable, order not placed..
13:02:07.604 [main] INFO com.iluwatar.commander.Commander - Sorry, there was a problem in creating your order. Please try later.
13:02:07.604 [main] ERROR com.iluwatar.commander.Commander - Order NBLPIYMO1T3V: Shipping service unavailable, order not placed..
13:02:07.604 [main] INFO com.iluwatar.commander.Commander - Sorry, there was a problem in creating your order. Please try later.
13:02:07.604 [main] ERROR com.iluwatar.commander.Commander - Order NBLPIYMO1T3V: Shipping service unavailable, order not placed..
13:02:07.604 [main] INFO com.iluwatar.commander.Commander - Sorry, there was a problem in creating your order. Please try later.
13:02:07.604 [main] ERROR com.iluwatar.commander.Commander - Order NBLPIYMO1T3V: Shipping service unavailable, order not placed..
13:02:07.604 [main] INFO com.iluwatar.commander.Commander - Sorry, there was a problem in creating your order. Please try later.
13:02:07.604 [main] ERROR com.iluwatar.commander.Commander - Order L5F9GREO57Z0: Shipping service unavailable, order not placed..
13:02:07.604 [main] INFO com.iluwatar.commander.Commander - Sorry, there was a problem in creating your order. Please try later.
13:02:07.604 [main] ERROR com.iluwatar.commander.Commander - Order L5F9GREO57Z0: Shipping service unavailable, order not placed..
13:02:07.604 [main] INFO com.iluwatar.commander.Commander - Sorry, there was a problem in creating your order. Please try later.
13:02:07.604 [main] ERROR com.iluwatar.commander.Commander - Order L5F9GREO57Z0: Shipping service unavailable, order not placed..
13:02:07.604 [main] INFO com.iluwatar.commander.Commander - Sorry, there was a problem in creating your order. Please try later.
13:02:07.604 [main] ERROR com.iluwatar.commander.Commander - Order L5F9GREO57Z0: Shipping service unavailable, order not placed..
13:02:07.604 [main] DEBUG com.iluwatar.commander.Commander - Order HOY2FK6ONGUU: Error in connecting to shipping service, trying again..
13:02:07.604 [main] INFO com.iluwatar.commander.Commander - Sorry, there was a problem in creating your order. Please try later.
13:02:07.604 [main] ERROR com.iluwatar.commander.Commander - Order HOY2FK6ONGUU: Shipping service unavailable, order not placed..
13:02:07.604 [main] INFO com.iluwatar.commander.Commander - Sorry, there was a problem in creating your order. Please try later.
13:02:07.604 [main] ERROR com.iluwatar.commander.Commander - Order HOY2FK6ONGUU: Shipping service unavailable, order not placed..
13:02:07.604 [main] INFO com.iluwatar.commander.Commander - Sorry, there was a problem in creating your order. Please try later.
13:02:07.604 [main] ERROR com.iluwatar.commander.Commander - Order HOY2FK6ONGUU: Shipping service unavailable, order not placed..
13:02:07.604 [main] INFO com.iluwatar.commander.Commander - Sorry, there was a problem in creating your order. Please try later.
13:02:07.604 [main] ERROR com.iluwatar.commander.Commander - Order HOY2FK6ONGUU: Shipping service unavailable, order not placed..
13:02:07.604 [main] DEBUG com.iluwatar.commander.Commander - Order 3BD26H1M5UFD: Error in creating shipping request..
13:02:07.604 [main] INFO com.iluwatar.commander.Commander - Sorry, there was a problem in creating your order. Please try later.
13:02:07.604 [main] ERROR com.iluwatar.commander.Commander - Order 3BD26H1M5UFD: Shipping service unavailable, order not placed..
13:02:07.604 [main] INFO com.iluwatar.commander.Commander - Sorry, there was a problem in creating your order. Please try later.
13:02:07.604 [main] ERROR com.iluwatar.commander.Commander - Order 3BD26H1M5UFD: Shipping service unavailable, order not placed..
13:02:07.604 [main] INFO com.iluwatar.commander.Commander - Sorry, there was a problem in creating your order. Please try later.
13:02:07.604 [main] ERROR com.iluwatar.commander.Commander - Order 3BD26H1M5UFD: Shipping service unavailable, order not placed..
13:02:07.604 [main] INFO com.iluwatar.commander.Commander - Sorry, there was a problem in creating your order. Please try later.
13:02:07.604 [main] ERROR com.iluwatar.commander.Commander - Order 3BD26H1M5UFD: Shipping service unavailable, order not placed..
13:02:07.604 [main] INFO com.iluwatar.commander.Commander - Sorry, there was a problem in creating your order. Please try later.
13:02:07.604 [main] ERROR com.iluwatar.commander.Commander - Order ODIG8DQER53D: Shipping service unavailable, order not placed..
13:02:07.604 [main] INFO com.iluwatar.commander.Commander - Sorry, there was a problem in creating your order. Please try later.
13:02:07.604 [main] ERROR com.iluwatar.commander.Commander - Order ODIG8DQER53D: Shipping service unavailable, order not placed..
13:02:07.604 [main] INFO com.iluwatar.commander.Commander - Sorry, there was a problem in creating your order. Please try later.
13:02:07.604 [main] ERROR com.iluwatar.commander.Commander - Order ODIG8DQER53D: Shipping service unavailable, order not placed..
13:02:07.604 [main] INFO com.iluwatar.commander.Commander - Sorry, there was a problem in creating your order. Please try later.
13:02:07.604 [main] ERROR com.iluwatar.commander.Commander - Order ODIG8DQER53D: Shipping service unavailable, order not placed..
13:02:07.604 [main] INFO com.iluwatar.commander.Commander - Sorry, there was a problem in creating your order. Please try later.
13:02:07.604 [main] ERROR com.iluwatar.commander.Commander - Order 5EIWK3HMZM27: Shipping service unavailable, order not placed..
13:02:07.604 [main] INFO com.iluwatar.commander.Commander - Sorry, there was a problem in creating your order. Please try later.
13:02:07.604 [main] ERROR com.iluwatar.commander.Commander - Order 5EIWK3HMZM27: Shipping service unavailable, order not placed..
13:02:07.604 [main] INFO com.iluwatar.commander.Commander - Sorry, there was a problem in creating your order. Please try later.
13:02:07.604 [main] ERROR com.iluwatar.commander.Commander - Order 5EIWK3HMZM27: Shipping service unavailable, order not placed..
13:02:07.604 [main] INFO com.iluwatar.commander.Commander - Sorry, there was a problem in creating your order. Please try later.
13:02:07.604 [main] ERROR com.iluwatar.commander.Commander - Order 5EIWK3HMZM27: Shipping service unavailable, order not placed..
13:02:07.604 [main] DEBUG com.iluwatar.commander.Commander - Order 4PEJGAN2SAZK: Error in connecting to shipping service, trying again..
13:02:07.604 [main] INFO com.iluwatar.commander.Commander - Sorry, there was a problem in creating your order. Please try later.
13:02:07.604 [main] ERROR com.iluwatar.commander.Commander - Order 4PEJGAN2SAZK: Shipping service unavailable, order not placed..
13:02:07.604 [main] INFO com.iluwatar.commander.Commander - Sorry, there was a problem in creating your order. Please try later.
13:02:07.604 [main] ERROR com.iluwatar.commander.Commander - Order 4PEJGAN2SAZK: Shipping service unavailable, order not placed..
13:02:07.604 [main] INFO com.iluwatar.commander.Commander - Sorry, there was a problem in creating your order. Please try later.
13:02:07.604 [main] ERROR com.iluwatar.commander.Commander - Order 4PEJGAN2SAZK: Shipping service unavailable, order not placed..
13:02:07.604 [main] INFO com.iluwatar.commander.Commander - Sorry, there was a problem in creating your order. Please try later.
13:02:07.604 [main] ERROR com.iluwatar.commander.Commander - Order 4PEJGAN2SAZK: Shipping service unavailable, order not placed..
13:02:07.604 [main] DEBUG com.iluwatar.commander.Commander - Order T9DG17GK22JY: Error in creating shipping request..
13:02:07.604 [main] INFO com.iluwatar.commander.Commander - Sorry, there was a problem in creating your order. Please try later.
13:02:07.604 [main] ERROR com.iluwatar.commander.Commander - Order T9DG17GK22JY: Shipping service unavailable, order not placed..
13:02:07.604 [main] INFO com.iluwatar.commander.Commander - Sorry, there was a problem in creating your order. Please try later.
13:02:07.604 [main] ERROR com.iluwatar.commander.Commander - Order T9DG17GK22JY: Shipping service unavailable, order not placed..
13:02:07.604 [main] INFO com.iluwatar.commander.Commander - Sorry, there was a problem in creating your order. Please try later.
13:02:07.604 [main] ERROR com.iluwatar.commander.Commander - Order T9DG17GK22JY: Shipping service unavailable, order not placed..
13:02:07.604 [main] INFO com.iluwatar.commander.Commander - Sorry, there was a problem in creating your order. Please try later.
13:02:07.604 [main] ERROR com.iluwatar.commander.Commander - Order T9DG17GK22JY: Shipping service unavailable, order not placed..
13:02:07.604 [main] INFO com.iluwatar.commander.Commander - Sorry, there was a problem in creating your order. Please try later.
13:02:07.604 [main] ERROR com.iluwatar.commander.Commander - Order M4GFKUJWYCVX: Shipping service unavailable, order not placed..
13:02:07.604 [main] INFO com.iluwatar.commander.Commander - Sorry, there was a problem in creating your order. Please try later.
13:02:07.604 [main] ERROR com.iluwatar.commander.Commander - Order M4GFKUJWYCVX: Shipping service unavailable, order not placed..
13:02:07.604 [main] INFO com.iluwatar.commander.Commander - Sorry, there was a problem in creating your order. Please try later.
13:02:07.604 [main] ERROR com.iluwatar.commander.Commander - Order M4GFKUJWYCVX: Shipping service unavailable, order not placed..
13:02:07.604 [main] INFO com.iluwatar.commander.Commander - Sorry, there was a problem in creating your order. Please try later.
13:02:07.604 [main] ERROR com.iluwatar.commander.Commander - Order M4GFKUJWYCVX: Shipping service unavailable, order not placed..
13:02:07.605 [main] INFO com.iluwatar.commander.Commander - Sorry, there was a problem in creating your order. Please try later.
13:02:07.605 [main] ERROR com.iluwatar.commander.Commander - Order DTMMSXQ60WOL: Shipping service unavailable, order not placed..
13:02:07.605 [main] INFO com.iluwatar.commander.Commander - Sorry, there was a problem in creating your order. Please try later.
13:02:07.605 [main] ERROR com.iluwatar.commander.Commander - Order DTMMSXQ60WOL: Shipping service unavailable, order not placed..
13:02:07.605 [main] INFO com.iluwatar.commander.Commander - Sorry, there was a problem in creating your order. Please try later.
13:02:07.605 [main] ERROR com.iluwatar.commander.Commander - Order DTMMSXQ60WOL: Shipping service unavailable, order not placed..
13:02:07.605 [main] INFO com.iluwatar.commander.Commander - Sorry, there was a problem in creating your order. Please try later.
13:02:07.605 [main] ERROR com.iluwatar.commander.Commander - Order DTMMSXQ60WOL: Shipping service unavailable, order not placed..
13:02:07.605 [main] DEBUG com.iluwatar.commander.Commander - Order AZ4261RN2YB1: Error in connecting to shipping service, trying again..
13:02:07.605 [main] INFO com.iluwatar.commander.Commander - Sorry, there was a problem in creating your order. Please try later.
13:02:07.605 [main] ERROR com.iluwatar.commander.Commander - Order AZ4261RN2YB1: Shipping service unavailable, order not placed..
13:02:07.605 [main] INFO com.iluwatar.commander.Commander - Sorry, there was a problem in creating your order. Please try later.
13:02:07.605 [main] ERROR com.iluwatar.commander.Commander - Order AZ4261RN2YB1: Shipping service unavailable, order not placed..
13:02:07.605 [main] INFO com.iluwatar.commander.Commander - Sorry, there was a problem in creating your order. Please try later.
13:02:07.605 [main] ERROR com.iluwatar.commander.Commander - Order AZ4261RN2YB1: Shipping service unavailable, order not placed..
13:02:07.605 [main] INFO com.iluwatar.commander.Commander - Sorry, there was a problem in creating your order. Please try later.
13:02:07.605 [main] ERROR com.iluwatar.commander.Commander - Order AZ4261RN2YB1: Shipping service unavailable, order not placed..
13:02:07.605 [main] DEBUG com.iluwatar.commander.Commander - Order NFCBP1YV7CUZ: Error in connecting to shipping service, trying again..
13:02:07.605 [main] INFO com.iluwatar.commander.Commander - Sorry, there was a problem in creating your order. Please try later.
13:02:07.605 [main] ERROR com.iluwatar.commander.Commander - Order NFCBP1YV7CUZ: Shipping service unavailable, order not placed..
13:02:07.605 [main] INFO com.iluwatar.commander.Commander - Sorry, there was a problem in creating your order. Please try later.
13:02:07.605 [main] ERROR com.iluwatar.commander.Commander - Order NFCBP1YV7CUZ: Shipping service unavailable, order not placed..
13:02:07.605 [main] INFO com.iluwatar.commander.Commander - Sorry, there was a problem in creating your order. Please try later.
13:02:07.605 [main] ERROR com.iluwatar.commander.Commander - Order NFCBP1YV7CUZ: Shipping service unavailable, order not placed..
13:02:07.605 [main] INFO com.iluwatar.commander.Commander - Sorry, there was a problem in creating your order. Please try later.
13:02:07.605 [main] ERROR com.iluwatar.commander.Commander - Order NFCBP1YV7CUZ: Shipping service unavailable, order not placed..
13:02:07.605 [main] INFO com.iluwatar.commander.Commander - Sorry, there was a problem in creating your order. Please try later.
13:02:07.605 [main] ERROR com.iluwatar.commander.Commander - Order 4FMNBSIH2MVZ: Shipping service unavailable, order not placed..
13:02:07.605 [main] INFO com.iluwatar.commander.Commander - Sorry, there was a problem in creating your order. Please try later.
13:02:07.605 [main] ERROR com.iluwatar.commander.Commander - Order 4FMNBSIH2MVZ: Shipping service unavailable, order not placed..
13:02:07.605 [main] INFO com.iluwatar.commander.Commander - Sorry, there was a problem in creating your order. Please try later.
13:02:07.605 [main] ERROR com.iluwatar.commander.Commander - Order 4FMNBSIH2MVZ: Shipping service unavailable, order not placed..
13:02:07.605 [main] INFO com.iluwatar.commander.Commander - Sorry, there was a problem in creating your order. Please try later.
13:02:07.605 [main] ERROR com.iluwatar.commander.Commander - Order 4FMNBSIH2MVZ: Shipping service unavailable, order not placed..
13:02:07.605 [main] INFO com.iluwatar.commander.Commander - Sorry, there was a problem in creating your order. Please try later.
13:02:07.605 [main] ERROR com.iluwatar.commander.Commander - Order 87TAT0TT5BMQ: Shipping service unavailable, order not placed..
13:02:07.605 [main] INFO com.iluwatar.commander.Commander - Sorry, there was a problem in creating your order. Please try later.
13:02:07.605 [main] ERROR com.iluwatar.commander.Commander - Order 87TAT0TT5BMQ: Shipping service unavailable, order not placed..
13:02:07.605 [main] INFO com.iluwatar.commander.Commander - Sorry, there was a problem in creating your order. Please try later.
13:02:07.605 [main] ERROR com.iluwatar.commander.Commander - Order 87TAT0TT5BMQ: Shipping service unavailable, order not placed..
13:02:07.605 [main] INFO com.iluwatar.commander.Commander - Sorry, there was a problem in creating your order. Please try later.
13:02:07.605 [main] ERROR com.iluwatar.commander.Commander - Order 87TAT0TT5BMQ: Shipping service unavailable, order not placed..
13:02:07.605 [main] DEBUG com.iluwatar.commander.Commander - Order ANHB9W57EIRM: Error in connecting to shipping service, trying again..
13:02:07.605 [main] INFO com.iluwatar.commander.Commander - Sorry, there was a problem in creating your order. Please try later.
13:02:07.605 [main] ERROR com.iluwatar.commander.Commander - Order ANHB9W57EIRM: Shipping service unavailable, order not placed..
13:02:07.605 [main] INFO com.iluwatar.commander.Commander - Sorry, there was a problem in creating your order. Please try later.
13:02:07.605 [main] ERROR com.iluwatar.commander.Commander - Order ANHB9W57EIRM: Shipping service unavailable, order not placed..
13:02:07.605 [main] INFO com.iluwatar.commander.Commander - Sorry, there was a problem in creating your order. Please try later.
13:02:07.605 [main] ERROR com.iluwatar.commander.Commander - Order ANHB9W57EIRM: Shipping service unavailable, order not placed..
13:02:07.605 [main] INFO com.iluwatar.commander.Commander - Sorry, there was a problem in creating your order. Please try later.
13:02:07.605 [main] ERROR com.iluwatar.commander.Commander - Order ANHB9W57EIRM: Shipping service unavailable, order not placed..
13:02:07.605 [main] DEBUG com.iluwatar.commander.Commander - Order RG1QB3EJ950A: Error in creating shipping request..
13:02:07.605 [main] INFO com.iluwatar.commander.Commander - Shipping is currently not possible to your address. We are working on the problem and will get back to you asap.
13:02:07.605 [main] INFO com.iluwatar.commander.Commander - Order RG1QB3EJ950A: Shipping not possible to address, trying to add problem to employee db..
13:02:07.605 [main] INFO com.iluwatar.commander.Commander - Sorry, there was a problem in creating your order. Please try later.
13:02:07.605 [main] ERROR com.iluwatar.commander.Commander - Order RG1QB3EJ950A: Shipping service unavailable, order not placed..
13:02:07.605 [main] INFO com.iluwatar.commander.Commander - Sorry, there was a problem in creating your order. Please try later.
13:02:07.605 [main] ERROR com.iluwatar.commander.Commander - Order RG1QB3EJ950A: Shipping service unavailable, order not placed..
13:02:07.605 [main] INFO com.iluwatar.commander.Commander - Sorry, there was a problem in creating your order. Please try later.
13:02:07.605 [main] ERROR com.iluwatar.commander.Commander - Order RG1QB3EJ950A: Shipping service unavailable, order not placed..
13:02:07.605 [main] INFO com.iluwatar.commander.Commander - Sorry, there was a problem in creating your order. Please try later.
13:02:07.605 [main] ERROR com.iluwatar.commander.Commander - Order T00KJVFVUW8K: Shipping service unavailable, order not placed..
13:02:07.605 [main] INFO com.iluwatar.commander.Commander - Sorry, there was a problem in creating your order. Please try later.
13:02:07.605 [main] ERROR com.iluwatar.commander.Commander - Order T00KJVFVUW8K: Shipping service unavailable, order not placed..
13:02:07.605 [main] INFO com.iluwatar.commander.Commander - Sorry, there was a problem in creating your order. Please try later.
13:02:07.605 [main] ERROR com.iluwatar.commander.Commander - Order T00KJVFVUW8K: Shipping service unavailable, order not placed..
13:02:07.605 [main] INFO com.iluwatar.commander.Commander - Sorry, there was a problem in creating your order. Please try later.
13:02:07.605 [main] ERROR com.iluwatar.commander.Commander - Order T00KJVFVUW8K: Shipping service unavailable, order not placed..
13:02:07.605 [main] INFO com.iluwatar.commander.Commander - Sorry, there was a problem in creating your order. Please try later.
13:02:07.605 [main] ERROR com.iluwatar.commander.Commander - Order YFGLYDWE9REA: Shipping service unavailable, order not placed..
13:02:07.605 [main] INFO com.iluwatar.commander.Commander - Sorry, there was a problem in creating your order. Please try later.
13:02:07.605 [main] ERROR com.iluwatar.commander.Commander - Order YFGLYDWE9REA: Shipping service unavailable, order not placed..
13:02:07.605 [main] INFO com.iluwatar.commander.Commander - Sorry, there was a problem in creating your order. Please try later.
13:02:07.605 [main] ERROR com.iluwatar.commander.Commander - Order YFGLYDWE9REA: Shipping service unavailable, order not placed..
13:02:07.605 [main] INFO com.iluwatar.commander.Commander - Sorry, there was a problem in creating your order. Please try later.
13:02:07.605 [main] ERROR com.iluwatar.commander.Commander - Order YFGLYDWE9REA: Shipping service unavailable, order not placed..
13:02:07.605 [main] DEBUG com.iluwatar.commander.Commander - Order LEU08G2E1ZYZ: Error in connecting to shipping service, trying again..
13:02:07.605 [main] INFO com.iluwatar.commander.Commander - Sorry, there was a problem in creating your order. Please try later.
13:02:07.605 [main] ERROR com.iluwatar.commander.Commander - Order LEU08G2E1ZYZ: Shipping service unavailable, order not placed..
13:02:07.605 [main] INFO com.iluwatar.commander.Commander - Sorry, there was a problem in creating your order. Please try later.
13:02:07.605 [main] ERROR com.iluwatar.commander.Commander - Order LEU08G2E1ZYZ: Shipping service unavailable, order not placed..
13:02:07.605 [main] INFO com.iluwatar.commander.Commander - Sorry, there was a problem in creating your order. Please try later.
13:02:07.605 [main] ERROR com.iluwatar.commander.Commander - Order LEU08G2E1ZYZ: Shipping service unavailable, order not placed..
13:02:07.605 [main] INFO com.iluwatar.commander.Commander - Sorry, there was a problem in creating your order. Please try later.
13:02:07.605 [main] ERROR com.iluwatar.commander.Commander - Order LEU08G2E1ZYZ: Shipping service unavailable, order not placed..
13:02:07.605 [main] DEBUG com.iluwatar.commander.Commander - Order DK4XWKIDPLNP: Error in creating shipping request..
13:02:07.605 [main] INFO com.iluwatar.commander.Commander - This item is currently unavailable. We will inform you as soon as the item becomes available again.
13:02:07.605 [main] INFO com.iluwatar.commander.Commander - Order DK4XWKIDPLNP: Item pen unavailable, trying to add problem to employee handle..
13:02:07.605 [main] INFO com.iluwatar.commander.Commander - Sorry, there was a problem in creating your order. Please try later.
13:02:07.605 [main] ERROR com.iluwatar.commander.Commander - Order DK4XWKIDPLNP: Shipping service unavailable, order not placed..
13:02:07.605 [main] INFO com.iluwatar.commander.Commander - Sorry, there was a problem in creating your order. Please try later.
13:02:07.605 [main] ERROR com.iluwatar.commander.Commander - Order DK4XWKIDPLNP: Shipping service unavailable, order not placed..
13:02:07.605 [main] INFO com.iluwatar.commander.Commander - Sorry, there was a problem in creating your order. Please try later.
13:02:07.605 [main] ERROR com.iluwatar.commander.Commander - Order DK4XWKIDPLNP: Shipping service unavailable, order not placed..
13:02:07.605 [main] INFO com.iluwatar.commander.Commander - Sorry, there was a problem in creating your order. Please try later.
13:02:07.605 [main] ERROR com.iluwatar.commander.Commander - Order X8F5WM7E3RLO: Shipping service unavailable, order not placed..
13:02:07.605 [main] INFO com.iluwatar.commander.Commander - Sorry, there was a problem in creating your order. Please try later.
13:02:07.605 [main] ERROR com.iluwatar.commander.Commander - Order X8F5WM7E3RLO: Shipping service unavailable, order not placed..
13:02:07.605 [main] INFO com.iluwatar.commander.Commander - Sorry, there was a problem in creating your order. Please try later.
13:02:07.605 [main] ERROR com.iluwatar.commander.Commander - Order X8F5WM7E3RLO: Shipping service unavailable, order not placed..
13:02:07.605 [main] INFO com.iluwatar.commander.Commander - Sorry, there was a problem in creating your order. Please try later.
13:02:07.605 [main] ERROR com.iluwatar.commander.Commander - Order X8F5WM7E3RLO: Shipping service unavailable, order not placed..
13:02:07.605 [main] INFO com.iluwatar.commander.Commander - Sorry, there was a problem in creating your order. Please try later.
13:02:07.605 [main] ERROR com.iluwatar.commander.Commander - Order 0306XAYTOBXE: Shipping service unavailable, order not placed..
13:02:07.605 [main] INFO com.iluwatar.commander.Commander - Sorry, there was a problem in creating your order. Please try later.
13:02:07.605 [main] ERROR com.iluwatar.commander.Commander - Order 0306XAYTOBXE: Shipping service unavailable, order not placed..
13:02:07.605 [main] INFO com.iluwatar.commander.Commander - Sorry, there was a problem in creating your order. Please try later.
13:02:07.605 [main] ERROR com.iluwatar.commander.Commander - Order 0306XAYTOBXE: Shipping service unavailable, order not placed..
13:02:07.605 [main] INFO com.iluwatar.commander.Commander - Sorry, there was a problem in creating your order. Please try later.
13:02:07.605 [main] ERROR com.iluwatar.commander.Commander - Order 0306XAYTOBXE: Shipping service unavailable, order not placed..
13:02:07.605 [main] DEBUG com.iluwatar.commander.Commander - Order 719UF1LKF5XB: Error in connecting to shipping service, trying again..
13:02:07.605 [main] INFO com.iluwatar.commander.Commander - Sorry, there was a problem in creating your order. Please try later.
13:02:07.605 [main] ERROR com.iluwatar.commander.Commander - Order 719UF1LKF5XB: Shipping service unavailable, order not placed..
13:02:07.605 [main] INFO com.iluwatar.commander.Commander - Sorry, there was a problem in creating your order. Please try later.
13:02:07.605 [main] ERROR com.iluwatar.commander.Commander - Order 719UF1LKF5XB: Shipping service unavailable, order not placed..
13:02:07.605 [main] INFO com.iluwatar.commander.Commander - Sorry, there was a problem in creating your order. Please try later.
13:02:07.605 [main] ERROR com.iluwatar.commander.Commander - Order 719UF1LKF5XB: Shipping service unavailable, order not placed..
13:02:07.605 [main] INFO com.iluwatar.commander.Commander - Sorry, there was a problem in creating your order. Please try later.
13:02:07.605 [main] ERROR com.iluwatar.commander.Commander - Order 719UF1LKF5XB: Shipping service unavailable, order not placed..
13:02:07.605 [main] DEBUG com.iluwatar.commander.Commander - Order ZLXFVDFG3K2N: Error in creating shipping request..
13:02:07.605 [main] INFO com.iluwatar.commander.Commander - Sorry, there was a problem in creating your order. Please try later.
13:02:07.605 [main] ERROR com.iluwatar.commander.Commander - Order ZLXFVDFG3K2N: Shipping service unavailable, order not placed..
13:02:07.605 [main] INFO com.iluwatar.commander.Commander - Sorry, there was a problem in creating your order. Please try later.
13:02:07.605 [main] ERROR com.iluwatar.commander.Commander - Order ZLXFVDFG3K2N: Shipping service unavailable, order not placed..
13:02:07.605 [main] INFO com.iluwatar.commander.Commander - Sorry, there was a problem in creating your order. Please try later.
13:02:07.605 [main] ERROR com.iluwatar.commander.Commander - Order ZLXFVDFG3K2N: Shipping service unavailable, order not placed..
13:02:07.605 [main] INFO com.iluwatar.commander.Commander - Sorry, there was a problem in creating your order. Please try later.
13:02:07.605 [main] ERROR com.iluwatar.commander.Commander - Order ZLXFVDFG3K2N: Shipping service unavailable, order not placed..
13:02:07.605 [main] INFO com.iluwatar.commander.Commander - Sorry, there was a problem in creating your order. Please try later.
13:02:07.605 [main] ERROR com.iluwatar.commander.Commander - Order P2RD6JS2X3A8: Shipping service unavailable, order not placed..
13:02:07.605 [main] INFO com.iluwatar.commander.Commander - Sorry, there was a problem in creating your order. Please try later.
13:02:07.605 [main] ERROR com.iluwatar.commander.Commander - Order P2RD6JS2X3A8: Shipping service unavailable, order not placed..
13:02:07.605 [main] INFO com.iluwatar.commander.Commander - Sorry, there was a problem in creating your order. Please try later.
13:02:07.605 [main] ERROR com.iluwatar.commander.Commander - Order P2RD6JS2X3A8: Shipping service unavailable, order not placed..
13:02:07.605 [main] INFO com.iluwatar.commander.Commander - Sorry, there was a problem in creating your order. Please try later.
13:02:07.605 [main] ERROR com.iluwatar.commander.Commander - Order P2RD6JS2X3A8: Shipping service unavailable, order not placed..
13:02:07.605 [main] INFO com.iluwatar.commander.Commander - Sorry, there was a problem in creating your order. Please try later.
13:02:07.605 [main] ERROR com.iluwatar.commander.Commander - Order TODTEZ2P6YCL: Shipping service unavailable, order not placed..
13:02:07.606 [main] INFO com.iluwatar.commander.Commander - Sorry, there was a problem in creating your order. Please try later.
13:02:07.606 [main] ERROR com.iluwatar.commander.Commander - Order TODTEZ2P6YCL: Shipping service unavailable, order not placed..
13:02:07.606 [main] INFO com.iluwatar.commander.Commander - Sorry, there was a problem in creating your order. Please try later.
13:02:07.606 [main] ERROR com.iluwatar.commander.Commander - Order TODTEZ2P6YCL: Shipping service unavailable, order not placed..
13:02:07.606 [main] INFO com.iluwatar.commander.Commander - Sorry, there was a problem in creating your order. Please try later.
13:02:07.606 [main] ERROR com.iluwatar.commander.Commander - Order TODTEZ2P6YCL: Shipping service unavailable, order not placed..
13:02:07.606 [main] DEBUG com.iluwatar.commander.Commander - Order 5ELLLUSAAJF8: Error in connecting to shipping service, trying again..
13:02:07.606 [main] INFO com.iluwatar.commander.Commander - Sorry, there was a problem in creating your order. Please try later.
13:02:07.606 [main] ERROR com.iluwatar.commander.Commander - Order 5ELLLUSAAJF8: Shipping service unavailable, order not placed..
13:02:07.606 [main] INFO com.iluwatar.commander.Commander - Sorry, there was a problem in creating your order. Please try later.
13:02:07.606 [main] ERROR com.iluwatar.commander.Commander - Order 5ELLLUSAAJF8: Shipping service unavailable, order not placed..
13:02:07.606 [main] INFO com.iluwatar.commander.Commander - Sorry, there was a problem in creating your order. Please try later.
13:02:07.606 [main] ERROR com.iluwatar.commander.Commander - Order 5ELLLUSAAJF8: Shipping service unavailable, order not placed..
13:02:07.606 [main] INFO com.iluwatar.commander.Commander - Sorry, there was a problem in creating your order. Please try later.
13:02:07.606 [main] ERROR com.iluwatar.commander.Commander - Order 5ELLLUSAAJF8: Shipping service unavailable, order not placed..
13:02:07.606 [main] DEBUG com.iluwatar.commander.Commander - Order W2493BJVL952: Error in creating shipping request..
13:02:07.606 [main] INFO com.iluwatar.commander.Commander - Sorry, there was a problem in creating your order. Please try later.
13:02:07.606 [main] ERROR com.iluwatar.commander.Commander - Order W2493BJVL952: Shipping service unavailable, order not placed..
13:02:07.606 [main] INFO com.iluwatar.commander.Commander - Sorry, there was a problem in creating your order. Please try later.
13:02:07.606 [main] ERROR com.iluwatar.commander.Commander - Order W2493BJVL952: Shipping service unavailable, order not placed..
13:02:07.606 [main] INFO com.iluwatar.commander.Commander - Sorry, there was a problem in creating your order. Please try later.
13:02:07.606 [main] ERROR com.iluwatar.commander.Commander - Order W2493BJVL952: Shipping service unavailable, order not placed..
13:02:07.606 [main] INFO com.iluwatar.commander.Commander - Sorry, there was a problem in creating your order. Please try later.
13:02:07.606 [main] ERROR com.iluwatar.commander.Commander - Order W2493BJVL952: Shipping service unavailable, order not placed..
13:02:07.606 [main] INFO com.iluwatar.commander.Commander - Sorry, there was a problem in creating your order. Please try later.
13:02:07.606 [main] ERROR com.iluwatar.commander.Commander - Order WRQ6LSLFP1LC: Shipping service unavailable, order not placed..
13:02:07.606 [main] INFO com.iluwatar.commander.Commander - Sorry, there was a problem in creating your order. Please try later.
13:02:07.606 [main] ERROR com.iluwatar.commander.Commander - Order WRQ6LSLFP1LC: Shipping service unavailable, order not placed..
13:02:07.606 [main] INFO com.iluwatar.commander.Commander - Sorry, there was a problem in creating your order. Please try later.
13:02:07.606 [main] ERROR com.iluwatar.commander.Commander - Order WRQ6LSLFP1LC: Shipping service unavailable, order not placed..
13:02:07.606 [main] INFO com.iluwatar.commander.Commander - Sorry, there was a problem in creating your order. Please try later.
13:02:07.606 [main] ERROR com.iluwatar.commander.Commander - Order WRQ6LSLFP1LC: Shipping service unavailable, order not placed..
13:02:07.606 [main] INFO com.iluwatar.commander.Commander - Sorry, there was a problem in creating your order. Please try later.
13:02:07.606 [main] ERROR com.iluwatar.commander.Commander - Order SHPJGGLI3O8U: Shipping service unavailable, order not placed..
13:02:07.606 [main] INFO com.iluwatar.commander.Commander - Sorry, there was a problem in creating your order. Please try later.
13:02:07.606 [main] ERROR com.iluwatar.commander.Commander - Order SHPJGGLI3O8U: Shipping service unavailable, order not placed..
13:02:07.606 [main] INFO com.iluwatar.commander.Commander - Sorry, there was a problem in creating your order. Please try later.
13:02:07.606 [main] ERROR com.iluwatar.commander.Commander - Order SHPJGGLI3O8U: Shipping service unavailable, order not placed..
13:02:07.606 [main] INFO com.iluwatar.commander.Commander - Sorry, there was a problem in creating your order. Please try later.
13:02:07.606 [main] ERROR com.iluwatar.commander.Commander - Order SHPJGGLI3O8U: Shipping service unavailable, order not placed..
13:02:07.606 [main] DEBUG com.iluwatar.commander.Commander - Order CSM4I3RPSMS6: Error in connecting to shipping service, trying again..
13:02:07.606 [main] INFO com.iluwatar.commander.Commander - Sorry, there was a problem in creating your order. Please try later.
13:02:07.606 [main] ERROR com.iluwatar.commander.Commander - Order CSM4I3RPSMS6: Shipping service unavailable, order not placed..
13:02:07.606 [main] INFO com.iluwatar.commander.Commander - Sorry, there was a problem in creating your order. Please try later.
13:02:07.606 [main] ERROR com.iluwatar.commander.Commander - Order CSM4I3RPSMS6: Shipping service unavailable, order not placed..
13:02:07.606 [main] INFO com.iluwatar.commander.Commander - Sorry, there was a problem in creating your order. Please try later.
13:02:07.606 [main] ERROR com.iluwatar.commander.Commander - Order CSM4I3RPSMS6: Shipping service unavailable, order not placed..
13:02:07.606 [main] INFO com.iluwatar.commander.Commander - Sorry, there was a problem in creating your order. Please try later.
13:02:07.606 [main] ERROR com.iluwatar.commander.Commander - Order CSM4I3RPSMS6: Shipping service unavailable, order not placed..
13:02:07.606 [main] DEBUG com.iluwatar.commander.Commander - Order DKUUBVI40CFT: Error in connecting to shipping service, trying again..
13:02:07.606 [main] INFO com.iluwatar.commander.Commander - Sorry, there was a problem in creating your order. Please try later.
13:02:07.606 [main] ERROR com.iluwatar.commander.Commander - Order DKUUBVI40CFT: Shipping service unavailable, order not placed..
13:02:07.606 [main] INFO com.iluwatar.commander.Commander - Sorry, there was a problem in creating your order. Please try later.
13:02:07.606 [main] ERROR com.iluwatar.commander.Commander - Order DKUUBVI40CFT: Shipping service unavailable, order not placed..
13:02:07.606 [main] INFO com.iluwatar.commander.Commander - Sorry, there was a problem in creating your order. Please try later.
13:02:07.606 [main] ERROR com.iluwatar.commander.Commander - Order DKUUBVI40CFT: Shipping service unavailable, order not placed..
13:02:07.606 [main] INFO com.iluwatar.commander.Commander - Sorry, there was a problem in creating your order. Please try later.
13:02:07.606 [main] ERROR com.iluwatar.commander.Commander - Order DKUUBVI40CFT: Shipping service unavailable, order not placed..
13:02:07.606 [main] INFO com.iluwatar.commander.Commander - Sorry, there was a problem in creating your order. Please try later.
13:02:07.606 [main] ERROR com.iluwatar.commander.Commander - Order BFZK99GNZH6I: Shipping service unavailable, order not placed..
13:02:07.606 [main] INFO com.iluwatar.commander.Commander - Sorry, there was a problem in creating your order. Please try later.
13:02:07.606 [main] ERROR com.iluwatar.commander.Commander - Order BFZK99GNZH6I: Shipping service unavailable, order not placed..
13:02:07.606 [main] INFO com.iluwatar.commander.Commander - Sorry, there was a problem in creating your order. Please try later.
13:02:07.606 [main] ERROR com.iluwatar.commander.Commander - Order BFZK99GNZH6I: Shipping service unavailable, order not placed..
13:02:07.606 [main] INFO com.iluwatar.commander.Commander - Sorry, there was a problem in creating your order. Please try later.
13:02:07.606 [main] ERROR com.iluwatar.commander.Commander - Order BFZK99GNZH6I: Shipping service unavailable, order not placed..
13:02:07.606 [main] INFO com.iluwatar.commander.Commander - Sorry, there was a problem in creating your order. Please try later.
13:02:07.606 [main] ERROR com.iluwatar.commander.Commander - Order 0HRZGUZ9IGI0: Shipping service unavailable, order not placed..
13:02:07.606 [main] INFO com.iluwatar.commander.Commander - Sorry, there was a problem in creating your order. Please try later.
13:02:07.606 [main] ERROR com.iluwatar.commander.Commander - Order 0HRZGUZ9IGI0: Shipping service unavailable, order not placed..
13:02:07.606 [main] INFO com.iluwatar.commander.Commander - Sorry, there was a problem in creating your order. Please try later.
13:02:07.606 [main] ERROR com.iluwatar.commander.Commander - Order 0HRZGUZ9IGI0: Shipping service unavailable, order not placed..
13:02:07.606 [main] INFO com.iluwatar.commander.Commander - Sorry, there was a problem in creating your order. Please try later.
13:02:07.606 [main] ERROR com.iluwatar.commander.Commander - Order 0HRZGUZ9IGI0: Shipping service unavailable, order not placed..
13:02:07.606 [main] DEBUG com.iluwatar.commander.Commander - Order AZNEVT30CY42: Error in connecting to shipping service, trying again..
13:02:07.606 [main] INFO com.iluwatar.commander.Commander - Sorry, there was a problem in creating your order. Please try later.
13:02:07.606 [main] ERROR com.iluwatar.commander.Commander - Order AZNEVT30CY42: Shipping service unavailable, order not placed..
13:02:07.606 [main] INFO com.iluwatar.commander.Commander - Sorry, there was a problem in creating your order. Please try later.
13:02:07.606 [main] ERROR com.iluwatar.commander.Commander - Order AZNEVT30CY42: Shipping service unavailable, order not placed..
13:02:07.606 [main] INFO com.iluwatar.commander.Commander - Sorry, there was a problem in creating your order. Please try later.
13:02:07.606 [main] ERROR com.iluwatar.commander.Commander - Order AZNEVT30CY42: Shipping service unavailable, order not placed..
13:02:07.606 [main] INFO com.iluwatar.commander.Commander - Sorry, there was a problem in creating your order. Please try later.
13:02:07.606 [main] ERROR com.iluwatar.commander.Commander - Order AZNEVT30CY42: Shipping service unavailable, order not placed..
13:02:07.606 [main] DEBUG com.iluwatar.commander.Commander - Order XFTAXP0HP2BH: Error in creating shipping request..
13:02:07.606 [main] INFO com.iluwatar.commander.Commander - Shipping is currently not possible to your address. We are working on the problem and will get back to you asap.
13:02:07.606 [main] INFO com.iluwatar.commander.Commander - Order XFTAXP0HP2BH: Shipping not possible to address, trying to add problem to employee db..
13:02:07.606 [main] INFO com.iluwatar.commander.Commander - Sorry, there was a problem in creating your order. Please try later.
13:02:07.606 [main] ERROR com.iluwatar.commander.Commander - Order XFTAXP0HP2BH: Shipping service unavailable, order not placed..
13:02:07.606 [main] INFO com.iluwatar.commander.Commander - Sorry, there was a problem in creating your order. Please try later.
13:02:07.606 [main] ERROR com.iluwatar.commander.Commander - Order XFTAXP0HP2BH: Shipping service unavailable, order not placed..
13:02:07.606 [main] INFO com.iluwatar.commander.Commander - Sorry, there was a problem in creating your order. Please try later.
13:02:07.606 [main] ERROR com.iluwatar.commander.Commander - Order XFTAXP0HP2BH: Shipping service unavailable, order not placed..
13:02:07.606 [main] INFO com.iluwatar.commander.Commander - Sorry, there was a problem in creating your order. Please try later.
13:02:07.606 [main] ERROR com.iluwatar.commander.Commander - Order Z05KKY92L0ZT: Shipping service unavailable, order not placed..
13:02:07.606 [main] INFO com.iluwatar.commander.Commander - Sorry, there was a problem in creating your order. Please try later.
13:02:07.606 [main] ERROR com.iluwatar.commander.Commander - Order Z05KKY92L0ZT: Shipping service unavailable, order not placed..
13:02:07.606 [main] INFO com.iluwatar.commander.Commander - Sorry, there was a problem in creating your order. Please try later.
13:02:07.606 [main] ERROR com.iluwatar.commander.Commander - Order Z05KKY92L0ZT: Shipping service unavailable, order not placed..
13:02:07.606 [main] INFO com.iluwatar.commander.Commander - Sorry, there was a problem in creating your order. Please try later.
13:02:07.606 [main] ERROR com.iluwatar.commander.Commander - Order Z05KKY92L0ZT: Shipping service unavailable, order not placed..
13:02:07.606 [main] INFO com.iluwatar.commander.Commander - Sorry, there was a problem in creating your order. Please try later.
13:02:07.606 [main] ERROR com.iluwatar.commander.Commander - Order NV9UQO42U1VX: Shipping service unavailable, order not placed..
13:02:07.606 [main] INFO com.iluwatar.commander.Commander - Sorry, there was a problem in creating your order. Please try later.
13:02:07.606 [main] ERROR com.iluwatar.commander.Commander - Order NV9UQO42U1VX: Shipping service unavailable, order not placed..
13:02:07.606 [main] INFO com.iluwatar.commander.Commander - Sorry, there was a problem in creating your order. Please try later.
13:02:07.606 [main] ERROR com.iluwatar.commander.Commander - Order NV9UQO42U1VX: Shipping service unavailable, order not placed..
13:02:07.606 [main] INFO com.iluwatar.commander.Commander - Sorry, there was a problem in creating your order. Please try later.
13:02:07.606 [main] ERROR com.iluwatar.commander.Commander - Order NV9UQO42U1VX: Shipping service unavailable, order not placed..
13:02:07.606 [main] DEBUG com.iluwatar.commander.Commander - Order 2K1JJQ6YE9TW: Error in connecting to shipping service, trying again..
13:02:07.606 [main] INFO com.iluwatar.commander.Commander - Sorry, there was a problem in creating your order. Please try later.
13:02:07.606 [main] ERROR com.iluwatar.commander.Commander - Order 2K1JJQ6YE9TW: Shipping service unavailable, order not placed..
13:02:07.606 [main] INFO com.iluwatar.commander.Commander - Sorry, there was a problem in creating your order. Please try later.
13:02:07.606 [main] ERROR com.iluwatar.commander.Commander - Order 2K1JJQ6YE9TW: Shipping service unavailable, order not placed..
13:02:07.606 [main] INFO com.iluwatar.commander.Commander - Sorry, there was a problem in creating your order. Please try later.
13:02:07.606 [main] ERROR com.iluwatar.commander.Commander - Order 2K1JJQ6YE9TW: Shipping service unavailable, order not placed..
13:02:07.606 [main] INFO com.iluwatar.commander.Commander - Sorry, there was a problem in creating your order. Please try later.
13:02:07.606 [main] ERROR com.iluwatar.commander.Commander - Order 2K1JJQ6YE9TW: Shipping service unavailable, order not placed..
13:02:07.606 [main] DEBUG com.iluwatar.commander.Commander - Order MV2S00DJG6F5: Error in creating shipping request..
13:02:07.606 [main] INFO com.iluwatar.commander.Commander - This item is currently unavailable. We will inform you as soon as the item becomes available again.
13:02:07.606 [main] INFO com.iluwatar.commander.Commander - Order MV2S00DJG6F5: Item pen unavailable, trying to add problem to employee handle..
13:02:07.606 [main] INFO com.iluwatar.commander.Commander - Sorry, there was a problem in creating your order. Please try later.
13:02:07.606 [main] ERROR com.iluwatar.commander.Commander - Order MV2S00DJG6F5: Shipping service unavailable, order not placed..
13:02:07.606 [main] INFO com.iluwatar.commander.Commander - Sorry, there was a problem in creating your order. Please try later.
13:02:07.606 [main] ERROR com.iluwatar.commander.Commander - Order MV2S00DJG6F5: Shipping service unavailable, order not placed..
13:02:07.606 [main] INFO com.iluwatar.commander.Commander - Sorry, there was a problem in creating your order. Please try later.
13:02:07.607 [main] ERROR com.iluwatar.commander.Commander - Order MV2S00DJG6F5: Shipping service unavailable, order not placed..
13:02:07.607 [main] INFO com.iluwatar.commander.Commander - Sorry, there was a problem in creating your order. Please try later.
13:02:07.607 [main] ERROR com.iluwatar.commander.Commander - Order VBA506ZOEISM: Shipping service unavailable, order not placed..
13:02:07.607 [main] INFO com.iluwatar.commander.Commander - Sorry, there was a problem in creating your order. Please try later.
13:02:07.607 [main] ERROR com.iluwatar.commander.Commander - Order VBA506ZOEISM: Shipping service unavailable, order not placed..
13:02:07.607 [main] INFO com.iluwatar.commander.Commander - Sorry, there was a problem in creating your order. Please try later.
13:02:07.607 [main] ERROR com.iluwatar.commander.Commander - Order VBA506ZOEISM: Shipping service unavailable, order not placed..
13:02:07.607 [main] INFO com.iluwatar.commander.Commander - Sorry, there was a problem in creating your order. Please try later.
13:02:07.607 [main] ERROR com.iluwatar.commander.Commander - Order VBA506ZOEISM: Shipping service unavailable, order not placed..
13:02:07.607 [main] INFO com.iluwatar.commander.Commander - Sorry, there was a problem in creating your order. Please try later.
13:02:07.607 [main] ERROR com.iluwatar.commander.Commander - Order LWV28GXYVKBW: Shipping service unavailable, order not placed..
13:02:07.607 [main] INFO com.iluwatar.commander.Commander - Sorry, there was a problem in creating your order. Please try later.
13:02:07.607 [main] ERROR com.iluwatar.commander.Commander - Order LWV28GXYVKBW: Shipping service unavailable, order not placed..
13:02:07.607 [main] INFO com.iluwatar.commander.Commander - Sorry, there was a problem in creating your order. Please try later.
13:02:07.607 [main] ERROR com.iluwatar.commander.Commander - Order LWV28GXYVKBW: Shipping service unavailable, order not placed..
13:02:07.607 [main] INFO com.iluwatar.commander.Commander - Sorry, there was a problem in creating your order. Please try later.
13:02:07.607 [main] ERROR com.iluwatar.commander.Commander - Order LWV28GXYVKBW: Shipping service unavailable, order not placed..
13:02:07.607 [main] DEBUG com.iluwatar.commander.Commander - Order 2GWSFJFJZT6N: Error in connecting to shipping service, trying again..
13:02:07.607 [main] INFO com.iluwatar.commander.Commander - Sorry, there was a problem in creating your order. Please try later.
13:02:07.607 [main] ERROR com.iluwatar.commander.Commander - Order 2GWSFJFJZT6N: Shipping service unavailable, order not placed..
13:02:07.607 [main] INFO com.iluwatar.commander.Commander - Sorry, there was a problem in creating your order. Please try later.
13:02:07.607 [main] ERROR com.iluwatar.commander.Commander - Order 2GWSFJFJZT6N: Shipping service unavailable, order not placed..
13:02:07.607 [main] INFO com.iluwatar.commander.Commander - Sorry, there was a problem in creating your order. Please try later.
13:02:07.607 [main] ERROR com.iluwatar.commander.Commander - Order 2GWSFJFJZT6N: Shipping service unavailable, order not placed..
13:02:07.607 [main] INFO com.iluwatar.commander.Commander - Sorry, there was a problem in creating your order. Please try later.
13:02:07.607 [main] ERROR com.iluwatar.commander.Commander - Order 2GWSFJFJZT6N: Shipping service unavailable, order not placed..
13:02:07.607 [main] DEBUG com.iluwatar.commander.Commander - Order LL6INKQ7VU79: Error in creating shipping request..
13:02:07.607 [main] INFO com.iluwatar.commander.Commander - Sorry, there was a problem in creating your order. Please try later.
13:02:07.607 [main] ERROR com.iluwatar.commander.Commander - Order LL6INKQ7VU79: Shipping service unavailable, order not placed..
13:02:07.607 [main] INFO com.iluwatar.commander.Commander - Sorry, there was a problem in creating your order. Please try later.
13:02:07.607 [main] ERROR com.iluwatar.commander.Commander - Order LL6INKQ7VU79: Shipping service unavailable, order not placed..
13:02:07.607 [main] INFO com.iluwatar.commander.Commander - Sorry, there was a problem in creating your order. Please try later.
13:02:07.607 [main] ERROR com.iluwatar.commander.Commander - Order LL6INKQ7VU79: Shipping service unavailable, order not placed..
13:02:07.607 [main] INFO com.iluwatar.commander.Commander - Sorry, there was a problem in creating your order. Please try later.
13:02:07.607 [main] ERROR com.iluwatar.commander.Commander - Order LL6INKQ7VU79: Shipping service unavailable, order not placed..
13:02:07.607 [main] INFO com.iluwatar.commander.Commander - Sorry, there was a problem in creating your order. Please try later.
13:02:07.607 [main] ERROR com.iluwatar.commander.Commander - Order NNA7KA62891R: Shipping service unavailable, order not placed..
13:02:07.607 [main] INFO com.iluwatar.commander.Commander - Sorry, there was a problem in creating your order. Please try later.
13:02:07.607 [main] ERROR com.iluwatar.commander.Commander - Order NNA7KA62891R: Shipping service unavailable, order not placed..
13:02:07.607 [main] INFO com.iluwatar.commander.Commander - Sorry, there was a problem in creating your order. Please try later.
13:02:07.607 [main] ERROR com.iluwatar.commander.Commander - Order NNA7KA62891R: Shipping service unavailable, order not placed..
13:02:07.607 [main] INFO com.iluwatar.commander.Commander - Sorry, there was a problem in creating your order. Please try later.
13:02:07.607 [main] ERROR com.iluwatar.commander.Commander - Order NNA7KA62891R: Shipping service unavailable, order not placed..
13:02:07.607 [main] INFO com.iluwatar.commander.Commander - Sorry, there was a problem in creating your order. Please try later.
13:02:07.607 [main] ERROR com.iluwatar.commander.Commander - Order P1LYTL3CBRPP: Shipping service unavailable, order not placed..
13:02:07.607 [main] INFO com.iluwatar.commander.Commander - Sorry, there was a problem in creating your order. Please try later.
13:02:07.607 [main] ERROR com.iluwatar.commander.Commander - Order P1LYTL3CBRPP: Shipping service unavailable, order not placed..
13:02:07.607 [main] INFO com.iluwatar.commander.Commander - Sorry, there was a problem in creating your order. Please try later.
13:02:07.607 [main] ERROR com.iluwatar.commander.Commander - Order P1LYTL3CBRPP: Shipping service unavailable, order not placed..
13:02:07.607 [main] INFO com.iluwatar.commander.Commander - Sorry, there was a problem in creating your order. Please try later.
13:02:07.607 [main] ERROR com.iluwatar.commander.Commander - Order P1LYTL3CBRPP: Shipping service unavailable, order not placed..
13:02:07.607 [main] DEBUG com.iluwatar.commander.Commander - Order OP04TW18T45Y: Error in connecting to shipping service, trying again..
13:02:07.607 [main] INFO com.iluwatar.commander.Commander - Sorry, there was a problem in creating your order. Please try later.
13:02:07.607 [main] ERROR com.iluwatar.commander.Commander - Order OP04TW18T45Y: Shipping service unavailable, order not placed..
13:02:07.607 [main] INFO com.iluwatar.commander.Commander - Sorry, there was a problem in creating your order. Please try later.
13:02:07.607 [main] ERROR com.iluwatar.commander.Commander - Order OP04TW18T45Y: Shipping service unavailable, order not placed..
13:02:07.607 [main] INFO com.iluwatar.commander.Commander - Sorry, there was a problem in creating your order. Please try later.
13:02:07.607 [main] ERROR com.iluwatar.commander.Commander - Order OP04TW18T45Y: Shipping service unavailable, order not placed..
13:02:07.607 [main] INFO com.iluwatar.commander.Commander - Sorry, there was a problem in creating your order. Please try later.
13:02:07.607 [main] ERROR com.iluwatar.commander.Commander - Order OP04TW18T45Y: Shipping service unavailable, order not placed..
13:02:07.607 [main] DEBUG com.iluwatar.commander.Commander - Order 9KFJTLP8RRG2: Error in creating shipping request..
13:02:07.607 [main] INFO com.iluwatar.commander.Commander - Sorry, there was a problem in creating your order. Please try later.
13:02:07.607 [main] ERROR com.iluwatar.commander.Commander - Order 9KFJTLP8RRG2: Shipping service unavailable, order not placed..
13:02:07.607 [main] INFO com.iluwatar.commander.Commander - Sorry, there was a problem in creating your order. Please try later.
13:02:07.607 [main] ERROR com.iluwatar.commander.Commander - Order 9KFJTLP8RRG2: Shipping service unavailable, order not placed..
13:02:07.607 [main] INFO com.iluwatar.commander.Commander - Sorry, there was a problem in creating your order. Please try later.
13:02:07.607 [main] ERROR com.iluwatar.commander.Commander - Order 9KFJTLP8RRG2: Shipping service unavailable, order not placed..
13:02:07.607 [main] INFO com.iluwatar.commander.Commander - Sorry, there was a problem in creating your order. Please try later.
13:02:07.607 [main] ERROR com.iluwatar.commander.Commander - Order 9KFJTLP8RRG2: Shipping service unavailable, order not placed..
13:02:07.607 [main] INFO com.iluwatar.commander.Commander - Sorry, there was a problem in creating your order. Please try later.
13:02:07.607 [main] ERROR com.iluwatar.commander.Commander - Order KWPIFS8ZLYYS: Shipping service unavailable, order not placed..
13:02:07.607 [main] INFO com.iluwatar.commander.Commander - Sorry, there was a problem in creating your order. Please try later.
13:02:07.607 [main] ERROR com.iluwatar.commander.Commander - Order KWPIFS8ZLYYS: Shipping service unavailable, order not placed..
13:02:07.607 [main] INFO com.iluwatar.commander.Commander - Sorry, there was a problem in creating your order. Please try later.
13:02:07.607 [main] ERROR com.iluwatar.commander.Commander - Order KWPIFS8ZLYYS: Shipping service unavailable, order not placed..
13:02:07.607 [main] INFO com.iluwatar.commander.Commander - Sorry, there was a problem in creating your order. Please try later.
13:02:07.607 [main] ERROR com.iluwatar.commander.Commander - Order KWPIFS8ZLYYS: Shipping service unavailable, order not placed..
13:02:07.607 [main] INFO com.iluwatar.commander.Commander - Sorry, there was a problem in creating your order. Please try later.
13:02:07.607 [main] ERROR com.iluwatar.commander.Commander - Order K7Q9CEQNUZM1: Shipping service unavailable, order not placed..
13:02:07.607 [main] INFO com.iluwatar.commander.Commander - Sorry, there was a problem in creating your order. Please try later.
13:02:07.607 [main] ERROR com.iluwatar.commander.Commander - Order K7Q9CEQNUZM1: Shipping service unavailable, order not placed..
13:02:07.607 [main] INFO com.iluwatar.commander.Commander - Sorry, there was a problem in creating your order. Please try later.
13:02:07.607 [main] ERROR com.iluwatar.commander.Commander - Order K7Q9CEQNUZM1: Shipping service unavailable, order not placed..
13:02:07.607 [main] INFO com.iluwatar.commander.Commander - Sorry, there was a problem in creating your order. Please try later.
13:02:07.607 [main] ERROR com.iluwatar.commander.Commander - Order K7Q9CEQNUZM1: Shipping service unavailable, order not placed..
13:02:07.607 [main] DEBUG com.iluwatar.commander.Commander - Order KO2YGEISQPRP: Error in connecting to shipping service, trying again..
13:02:07.607 [main] INFO com.iluwatar.commander.Commander - Sorry, there was a problem in creating your order. Please try later.
13:02:07.607 [main] ERROR com.iluwatar.commander.Commander - Order KO2YGEISQPRP: Shipping service unavailable, order not placed..
13:02:07.607 [main] INFO com.iluwatar.commander.Commander - Sorry, there was a problem in creating your order. Please try later.
13:02:07.607 [main] ERROR com.iluwatar.commander.Commander - Order KO2YGEISQPRP: Shipping service unavailable, order not placed..
13:02:07.607 [main] INFO com.iluwatar.commander.Commander - Sorry, there was a problem in creating your order. Please try later.
13:02:07.607 [main] ERROR com.iluwatar.commander.Commander - Order KO2YGEISQPRP: Shipping service unavailable, order not placed..
13:02:07.607 [main] INFO com.iluwatar.commander.Commander - Sorry, there was a problem in creating your order. Please try later.
13:02:07.607 [main] ERROR com.iluwatar.commander.Commander - Order KO2YGEISQPRP: Shipping service unavailable, order not placed..
13:02:07.607 [main] DEBUG com.iluwatar.commander.Commander - Order LFVH8SD7QR93: Error in connecting to shipping service, trying again..
13:02:07.607 [main] INFO com.iluwatar.commander.Commander - Sorry, there was a problem in creating your order. Please try later.
13:02:07.607 [main] ERROR com.iluwatar.commander.Commander - Order LFVH8SD7QR93: Shipping service unavailable, order not placed..
13:02:07.607 [main] INFO com.iluwatar.commander.Commander - Sorry, there was a problem in creating your order. Please try later.
13:02:07.607 [main] ERROR com.iluwatar.commander.Commander - Order LFVH8SD7QR93: Shipping service unavailable, order not placed..
13:02:07.607 [main] INFO com.iluwatar.commander.Commander - Sorry, there was a problem in creating your order. Please try later.
13:02:07.607 [main] ERROR com.iluwatar.commander.Commander - Order LFVH8SD7QR93: Shipping service unavailable, order not placed..
13:02:07.607 [main] INFO com.iluwatar.commander.Commander - Sorry, there was a problem in creating your order. Please try later.
13:02:07.607 [main] ERROR com.iluwatar.commander.Commander - Order LFVH8SD7QR93: Shipping service unavailable, order not placed..
13:02:07.607 [main] INFO com.iluwatar.commander.Commander - Sorry, there was a problem in creating your order. Please try later.
13:02:07.607 [main] ERROR com.iluwatar.commander.Commander - Order QV0UXC0OSKBT: Shipping service unavailable, order not placed..
13:02:07.607 [main] INFO com.iluwatar.commander.Commander - Sorry, there was a problem in creating your order. Please try later.
13:02:07.607 [main] ERROR com.iluwatar.commander.Commander - Order QV0UXC0OSKBT: Shipping service unavailable, order not placed..
13:02:07.607 [main] INFO com.iluwatar.commander.Commander - Sorry, there was a problem in creating your order. Please try later.
13:02:07.607 [main] ERROR com.iluwatar.commander.Commander - Order QV0UXC0OSKBT: Shipping service unavailable, order not placed..
13:02:07.607 [main] INFO com.iluwatar.commander.Commander - Sorry, there was a problem in creating your order. Please try later.
13:02:07.607 [main] ERROR com.iluwatar.commander.Commander - Order QV0UXC0OSKBT: Shipping service unavailable, order not placed..
13:02:07.607 [main] INFO com.iluwatar.commander.Commander - Sorry, there was a problem in creating your order. Please try later.
13:02:07.607 [main] ERROR com.iluwatar.commander.Commander - Order KYH5HNYRL63M: Shipping service unavailable, order not placed..
13:02:07.607 [main] INFO com.iluwatar.commander.Commander - Sorry, there was a problem in creating your order. Please try later.
13:02:07.607 [main] ERROR com.iluwatar.commander.Commander - Order KYH5HNYRL63M: Shipping service unavailable, order not placed..
13:02:07.607 [main] INFO com.iluwatar.commander.Commander - Sorry, there was a problem in creating your order. Please try later.
13:02:07.607 [main] ERROR com.iluwatar.commander.Commander - Order KYH5HNYRL63M: Shipping service unavailable, order not placed..
13:02:07.607 [main] INFO com.iluwatar.commander.Commander - Sorry, there was a problem in creating your order. Please try later.
13:02:07.607 [main] ERROR com.iluwatar.commander.Commander - Order KYH5HNYRL63M: Shipping service unavailable, order not placed..
13:02:07.607 [main] DEBUG com.iluwatar.commander.Commander - Order ZNQ7BTTMAX1R: Error in connecting to shipping service, trying again..
13:02:07.607 [main] INFO com.iluwatar.commander.Commander - Sorry, there was a problem in creating your order. Please try later.
13:02:07.607 [main] ERROR com.iluwatar.commander.Commander - Order ZNQ7BTTMAX1R: Shipping service unavailable, order not placed..
13:02:07.607 [main] INFO com.iluwatar.commander.Commander - Sorry, there was a problem in creating your order. Please try later.
13:02:07.607 [main] ERROR com.iluwatar.commander.Commander - Order ZNQ7BTTMAX1R: Shipping service unavailable, order not placed..
13:02:07.607 [main] INFO com.iluwatar.commander.Commander - Sorry, there was a problem in creating your order. Please try later.
13:02:07.607 [main] ERROR com.iluwatar.commander.Commander - Order ZNQ7BTTMAX1R: Shipping service unavailable, order not placed..
13:02:07.607 [main] INFO com.iluwatar.commander.Commander - Sorry, there was a problem in creating your order. Please try later.
13:02:07.607 [main] ERROR com.iluwatar.commander.Commander - Order ZNQ7BTTMAX1R: Shipping service unavailable, order not placed..
13:02:07.607 [main] DEBUG com.iluwatar.commander.Commander - Order 3KBOSQ7YGH2Y: Error in creating shipping request..
13:02:07.607 [main] INFO com.iluwatar.commander.Commander - Shipping is currently not possible to your address. We are working on the problem and will get back to you asap.
13:02:07.607 [main] INFO com.iluwatar.commander.Commander - Order 3KBOSQ7YGH2Y: Shipping not possible to address, trying to add problem to employee db..
13:02:07.607 [main] INFO com.iluwatar.commander.Commander - Sorry, there was a problem in creating your order. Please try later.
13:02:07.607 [main] ERROR com.iluwatar.commander.Commander - Order 3KBOSQ7YGH2Y: Shipping service unavailable, order not placed..
13:02:07.607 [main] INFO com.iluwatar.commander.Commander - Sorry, there was a problem in creating your order. Please try later.
13:02:07.607 [main] ERROR com.iluwatar.commander.Commander - Order 3KBOSQ7YGH2Y: Shipping service unavailable, order not placed..
13:02:07.607 [main] INFO com.iluwatar.commander.Commander - Sorry, there was a problem in creating your order. Please try later.
13:02:07.607 [main] ERROR com.iluwatar.commander.Commander - Order 3KBOSQ7YGH2Y: Shipping service unavailable, order not placed..
13:02:07.608 [main] INFO com.iluwatar.commander.Commander - Sorry, there was a problem in creating your order. Please try later.
13:02:07.608 [main] ERROR com.iluwatar.commander.Commander - Order 1YF1SFPV6RC7: Shipping service unavailable, order not placed..
13:02:07.608 [main] INFO com.iluwatar.commander.Commander - Sorry, there was a problem in creating your order. Please try later.
13:02:07.608 [main] ERROR com.iluwatar.commander.Commander - Order 1YF1SFPV6RC7: Shipping service unavailable, order not placed..
13:02:07.608 [main] INFO com.iluwatar.commander.Commander - Sorry, there was a problem in creating your order. Please try later.
13:02:07.608 [main] ERROR com.iluwatar.commander.Commander - Order 1YF1SFPV6RC7: Shipping service unavailable, order not placed..
13:02:07.608 [main] INFO com.iluwatar.commander.Commander - Sorry, there was a problem in creating your order. Please try later.
13:02:07.608 [main] ERROR com.iluwatar.commander.Commander - Order 1YF1SFPV6RC7: Shipping service unavailable, order not placed..
13:02:07.608 [main] INFO com.iluwatar.commander.Commander - Sorry, there was a problem in creating your order. Please try later.
13:02:07.608 [main] ERROR com.iluwatar.commander.Commander - Order 4C8OC2JH506J: Shipping service unavailable, order not placed..
13:02:07.608 [main] INFO com.iluwatar.commander.Commander - Sorry, there was a problem in creating your order. Please try later.
13:02:07.608 [main] ERROR com.iluwatar.commander.Commander - Order 4C8OC2JH506J: Shipping service unavailable, order not placed..
13:02:07.608 [main] INFO com.iluwatar.commander.Commander - Sorry, there was a problem in creating your order. Please try later.
13:02:07.608 [main] ERROR com.iluwatar.commander.Commander - Order 4C8OC2JH506J: Shipping service unavailable, order not placed..
13:02:07.608 [main] INFO com.iluwatar.commander.Commander - Sorry, there was a problem in creating your order. Please try later.
13:02:07.608 [main] ERROR com.iluwatar.commander.Commander - Order 4C8OC2JH506J: Shipping service unavailable, order not placed..
13:02:07.608 [main] DEBUG com.iluwatar.commander.Commander - Order XNOH0WEL7Q5K: Error in connecting to shipping service, trying again..
13:02:07.608 [main] INFO com.iluwatar.commander.Commander - Sorry, there was a problem in creating your order. Please try later.
13:02:07.608 [main] ERROR com.iluwatar.commander.Commander - Order XNOH0WEL7Q5K: Shipping service unavailable, order not placed..
13:02:07.608 [main] INFO com.iluwatar.commander.Commander - Sorry, there was a problem in creating your order. Please try later.
13:02:07.608 [main] ERROR com.iluwatar.commander.Commander - Order XNOH0WEL7Q5K: Shipping service unavailable, order not placed..
13:02:07.608 [main] INFO com.iluwatar.commander.Commander - Sorry, there was a problem in creating your order. Please try later.
13:02:07.608 [main] ERROR com.iluwatar.commander.Commander - Order XNOH0WEL7Q5K: Shipping service unavailable, order not placed..
13:02:07.608 [main] INFO com.iluwatar.commander.Commander - Sorry, there was a problem in creating your order. Please try later.
13:02:07.608 [main] ERROR com.iluwatar.commander.Commander - Order XNOH0WEL7Q5K: Shipping service unavailable, order not placed..
13:02:07.608 [main] DEBUG com.iluwatar.commander.Commander - Order 2QF9LQVQU5UG: Error in creating shipping request..
13:02:07.608 [main] INFO com.iluwatar.commander.Commander - This item is currently unavailable. We will inform you as soon as the item becomes available again.
13:02:07.608 [main] INFO com.iluwatar.commander.Commander - Order 2QF9LQVQU5UG: Item pen unavailable, trying to add problem to employee handle..
13:02:07.608 [main] INFO com.iluwatar.commander.Commander - Sorry, there was a problem in creating your order. Please try later.
13:02:07.608 [main] ERROR com.iluwatar.commander.Commander - Order 2QF9LQVQU5UG: Shipping service unavailable, order not placed..
13:02:07.608 [main] INFO com.iluwatar.commander.Commander - Sorry, there was a problem in creating your order. Please try later.
13:02:07.608 [main] ERROR com.iluwatar.commander.Commander - Order 2QF9LQVQU5UG: Shipping service unavailable, order not placed..
13:02:07.608 [main] INFO com.iluwatar.commander.Commander - Sorry, there was a problem in creating your order. Please try later.
13:02:07.608 [main] ERROR com.iluwatar.commander.Commander - Order 2QF9LQVQU5UG: Shipping service unavailable, order not placed..
13:02:07.608 [main] INFO com.iluwatar.commander.Commander - Sorry, there was a problem in creating your order. Please try later.
13:02:07.608 [main] ERROR com.iluwatar.commander.Commander - Order WVRKGLMUUKCJ: Shipping service unavailable, order not placed..
13:02:07.608 [main] INFO com.iluwatar.commander.Commander - Sorry, there was a problem in creating your order. Please try later.
13:02:07.608 [main] ERROR com.iluwatar.commander.Commander - Order WVRKGLMUUKCJ: Shipping service unavailable, order not placed..
13:02:07.608 [main] INFO com.iluwatar.commander.Commander - Sorry, there was a problem in creating your order. Please try later.
13:02:07.608 [main] ERROR com.iluwatar.commander.Commander - Order WVRKGLMUUKCJ: Shipping service unavailable, order not placed..
13:02:07.608 [main] INFO com.iluwatar.commander.Commander - Sorry, there was a problem in creating your order. Please try later.
13:02:07.608 [main] ERROR com.iluwatar.commander.Commander - Order WVRKGLMUUKCJ: Shipping service unavailable, order not placed..
13:02:07.608 [main] INFO com.iluwatar.commander.Commander - Sorry, there was a problem in creating your order. Please try later.
13:02:07.608 [main] ERROR com.iluwatar.commander.Commander - Order 5ZJXF36CCC2W: Shipping service unavailable, order not placed..
13:02:07.608 [main] INFO com.iluwatar.commander.Commander - Sorry, there was a problem in creating your order. Please try later.
13:02:07.608 [main] ERROR com.iluwatar.commander.Commander - Order 5ZJXF36CCC2W: Shipping service unavailable, order not placed..
13:02:07.608 [main] INFO com.iluwatar.commander.Commander - Sorry, there was a problem in creating your order. Please try later.
13:02:07.608 [main] ERROR com.iluwatar.commander.Commander - Order 5ZJXF36CCC2W: Shipping service unavailable, order not placed..
13:02:07.608 [main] INFO com.iluwatar.commander.Commander - Sorry, there was a problem in creating your order. Please try later.
13:02:07.608 [main] ERROR com.iluwatar.commander.Commander - Order 5ZJXF36CCC2W: Shipping service unavailable, order not placed..
13:02:07.608 [main] DEBUG com.iluwatar.commander.Commander - Order LXZLH8VEDQVB: Error in connecting to shipping service, trying again..
13:02:07.608 [main] INFO com.iluwatar.commander.Commander - Sorry, there was a problem in creating your order. Please try later.
13:02:07.608 [main] ERROR com.iluwatar.commander.Commander - Order LXZLH8VEDQVB: Shipping service unavailable, order not placed..
13:02:07.608 [main] INFO com.iluwatar.commander.Commander - Sorry, there was a problem in creating your order. Please try later.
13:02:07.608 [main] ERROR com.iluwatar.commander.Commander - Order LXZLH8VEDQVB: Shipping service unavailable, order not placed..
13:02:07.608 [main] INFO com.iluwatar.commander.Commander - Sorry, there was a problem in creating your order. Please try later.
13:02:07.608 [main] ERROR com.iluwatar.commander.Commander - Order LXZLH8VEDQVB: Shipping service unavailable, order not placed..
13:02:07.608 [main] INFO com.iluwatar.commander.Commander - Sorry, there was a problem in creating your order. Please try later.
13:02:07.608 [main] ERROR com.iluwatar.commander.Commander - Order LXZLH8VEDQVB: Shipping service unavailable, order not placed..
13:02:07.608 [main] DEBUG com.iluwatar.commander.Commander - Order XT22SQ182V5E: Error in creating shipping request..
13:02:07.608 [main] INFO com.iluwatar.commander.Commander - Sorry, there was a problem in creating your order. Please try later.
13:02:07.608 [main] ERROR com.iluwatar.commander.Commander - Order XT22SQ182V5E: Shipping service unavailable, order not placed..
13:02:07.608 [main] INFO com.iluwatar.commander.Commander - Sorry, there was a problem in creating your order. Please try later.
13:02:07.608 [main] ERROR com.iluwatar.commander.Commander - Order XT22SQ182V5E: Shipping service unavailable, order not placed..
13:02:07.608 [main] INFO com.iluwatar.commander.Commander - Sorry, there was a problem in creating your order. Please try later.
13:02:07.608 [main] ERROR com.iluwatar.commander.Commander - Order XT22SQ182V5E: Shipping service unavailable, order not placed..
13:02:07.608 [main] INFO com.iluwatar.commander.Commander - Sorry, there was a problem in creating your order. Please try later.
13:02:07.608 [main] ERROR com.iluwatar.commander.Commander - Order XT22SQ182V5E: Shipping service unavailable, order not placed..
13:02:07.608 [main] INFO com.iluwatar.commander.Commander - Sorry, there was a problem in creating your order. Please try later.
13:02:07.608 [main] ERROR com.iluwatar.commander.Commander - Order KCIX6CAYYBND: Shipping service unavailable, order not placed..
13:02:07.608 [main] INFO com.iluwatar.commander.Commander - Sorry, there was a problem in creating your order. Please try later.
13:02:07.608 [main] ERROR com.iluwatar.commander.Commander - Order KCIX6CAYYBND: Shipping service unavailable, order not placed..
13:02:07.608 [main] INFO com.iluwatar.commander.Commander - Sorry, there was a problem in creating your order. Please try later.
13:02:07.608 [main] ERROR com.iluwatar.commander.Commander - Order KCIX6CAYYBND: Shipping service unavailable, order not placed..
13:02:07.608 [main] INFO com.iluwatar.commander.Commander - Sorry, there was a problem in creating your order. Please try later.
13:02:07.608 [main] ERROR com.iluwatar.commander.Commander - Order KCIX6CAYYBND: Shipping service unavailable, order not placed..
13:02:07.608 [main] INFO com.iluwatar.commander.Commander - Sorry, there was a problem in creating your order. Please try later.
13:02:07.608 [main] ERROR com.iluwatar.commander.Commander - Order ZCS7LXKVLDTS: Shipping service unavailable, order not placed..
13:02:07.608 [main] INFO com.iluwatar.commander.Commander - Sorry, there was a problem in creating your order. Please try later.
13:02:07.608 [main] ERROR com.iluwatar.commander.Commander - Order ZCS7LXKVLDTS: Shipping service unavailable, order not placed..
13:02:07.608 [main] INFO com.iluwatar.commander.Commander - Sorry, there was a problem in creating your order. Please try later.
13:02:07.608 [main] ERROR com.iluwatar.commander.Commander - Order ZCS7LXKVLDTS: Shipping service unavailable, order not placed..
13:02:07.608 [main] INFO com.iluwatar.commander.Commander - Sorry, there was a problem in creating your order. Please try later.
13:02:07.608 [main] ERROR com.iluwatar.commander.Commander - Order ZCS7LXKVLDTS: Shipping service unavailable, order not placed..
13:02:07.608 [main] DEBUG com.iluwatar.commander.Commander - Order H0OBEHZQF0WH: Error in connecting to shipping service, trying again..
13:02:07.608 [main] INFO com.iluwatar.commander.Commander - Sorry, there was a problem in creating your order. Please try later.
13:02:07.608 [main] ERROR com.iluwatar.commander.Commander - Order H0OBEHZQF0WH: Shipping service unavailable, order not placed..
13:02:07.608 [main] INFO com.iluwatar.commander.Commander - Sorry, there was a problem in creating your order. Please try later.
13:02:07.608 [main] ERROR com.iluwatar.commander.Commander - Order H0OBEHZQF0WH: Shipping service unavailable, order not placed..
13:02:07.608 [main] INFO com.iluwatar.commander.Commander - Sorry, there was a problem in creating your order. Please try later.
13:02:07.608 [main] ERROR com.iluwatar.commander.Commander - Order H0OBEHZQF0WH: Shipping service unavailable, order not placed..
13:02:07.608 [main] INFO com.iluwatar.commander.Commander - Sorry, there was a problem in creating your order. Please try later.
13:02:07.608 [main] ERROR com.iluwatar.commander.Commander - Order H0OBEHZQF0WH: Shipping service unavailable, order not placed..
13:02:07.608 [main] DEBUG com.iluwatar.commander.Commander - Order BEYSGHZTO7YJ: Error in creating shipping request..
13:02:07.608 [main] INFO com.iluwatar.commander.Commander - Sorry, there was a problem in creating your order. Please try later.
13:02:07.608 [main] ERROR com.iluwatar.commander.Commander - Order BEYSGHZTO7YJ: Shipping service unavailable, order not placed..
13:02:07.608 [main] INFO com.iluwatar.commander.Commander - Sorry, there was a problem in creating your order. Please try later.
13:02:07.608 [main] ERROR com.iluwatar.commander.Commander - Order BEYSGHZTO7YJ: Shipping service unavailable, order not placed..
13:02:07.608 [main] INFO com.iluwatar.commander.Commander - Sorry, there was a problem in creating your order. Please try later.
13:02:07.608 [main] ERROR com.iluwatar.commander.Commander - Order BEYSGHZTO7YJ: Shipping service unavailable, order not placed..
13:02:07.608 [main] INFO com.iluwatar.commander.Commander - Sorry, there was a problem in creating your order. Please try later.
13:02:07.608 [main] ERROR com.iluwatar.commander.Commander - Order BEYSGHZTO7YJ: Shipping service unavailable, order not placed..
13:02:07.608 [main] INFO com.iluwatar.commander.Commander - Sorry, there was a problem in creating your order. Please try later.
13:02:07.608 [main] ERROR com.iluwatar.commander.Commander - Order 6T4F57AKG2XL: Shipping service unavailable, order not placed..
13:02:07.608 [main] INFO com.iluwatar.commander.Commander - Sorry, there was a problem in creating your order. Please try later.
13:02:07.608 [main] ERROR com.iluwatar.commander.Commander - Order 6T4F57AKG2XL: Shipping service unavailable, order not placed..
13:02:07.608 [main] INFO com.iluwatar.commander.Commander - Sorry, there was a problem in creating your order. Please try later.
13:02:07.608 [main] ERROR com.iluwatar.commander.Commander - Order 6T4F57AKG2XL: Shipping service unavailable, order not placed..
13:02:07.608 [main] INFO com.iluwatar.commander.Commander - Sorry, there was a problem in creating your order. Please try later.
13:02:07.608 [main] ERROR com.iluwatar.commander.Commander - Order 6T4F57AKG2XL: Shipping service unavailable, order not placed..
13:02:07.608 [main] INFO com.iluwatar.commander.Commander - Sorry, there was a problem in creating your order. Please try later.
13:02:07.608 [main] ERROR com.iluwatar.commander.Commander - Order 1L7P1PB5LCAP: Shipping service unavailable, order not placed..
13:02:07.608 [main] INFO com.iluwatar.commander.Commander - Sorry, there was a problem in creating your order. Please try later.
13:02:07.608 [main] ERROR com.iluwatar.commander.Commander - Order 1L7P1PB5LCAP: Shipping service unavailable, order not placed..
13:02:07.608 [main] INFO com.iluwatar.commander.Commander - Sorry, there was a problem in creating your order. Please try later.
13:02:07.608 [main] ERROR com.iluwatar.commander.Commander - Order 1L7P1PB5LCAP: Shipping service unavailable, order not placed..
13:02:07.608 [main] INFO com.iluwatar.commander.Commander - Sorry, there was a problem in creating your order. Please try later.
13:02:07.608 [main] ERROR com.iluwatar.commander.Commander - Order 1L7P1PB5LCAP: Shipping service unavailable, order not placed..
13:02:07.608 [main] DEBUG com.iluwatar.commander.Commander - Order WY4AXNY8F1XU: Error in connecting to shipping service, trying again..
13:02:07.608 [main] INFO com.iluwatar.commander.Commander - Sorry, there was a problem in creating your order. Please try later.
13:02:07.608 [main] ERROR com.iluwatar.commander.Commander - Order WY4AXNY8F1XU: Shipping service unavailable, order not placed..
13:02:07.608 [main] INFO com.iluwatar.commander.Commander - Sorry, there was a problem in creating your order. Please try later.
13:02:07.608 [main] ERROR com.iluwatar.commander.Commander - Order WY4AXNY8F1XU: Shipping service unavailable, order not placed..
13:02:07.608 [main] INFO com.iluwatar.commander.Commander - Sorry, there was a problem in creating your order. Please try later.
13:02:07.608 [main] ERROR com.iluwatar.commander.Commander - Order WY4AXNY8F1XU: Shipping service unavailable, order not placed..
13:02:07.608 [main] INFO com.iluwatar.commander.Commander - Sorry, there was a problem in creating your order. Please try later.
13:02:07.608 [main] ERROR com.iluwatar.commander.Commander - Order WY4AXNY8F1XU: Shipping service unavailable, order not placed..
13:02:07.608 [main] DEBUG com.iluwatar.commander.Commander - Order ZUXZAZQ7V2G3: Error in connecting to shipping service, trying again..
13:02:07.608 [main] INFO com.iluwatar.commander.Commander - Sorry, there was a problem in creating your order. Please try later.
13:02:07.608 [main] ERROR com.iluwatar.commander.Commander - Order ZUXZAZQ7V2G3: Shipping service unavailable, order not placed..
13:02:07.608 [main] INFO com.iluwatar.commander.Commander - Sorry, there was a problem in creating your order. Please try later.
13:02:07.608 [main] ERROR com.iluwatar.commander.Commander - Order ZUXZAZQ7V2G3: Shipping service unavailable, order not placed..
13:02:07.608 [main] INFO com.iluwatar.commander.Commander - Sorry, there was a problem in creating your order. Please try later.
13:02:07.608 [main] ERROR com.iluwatar.commander.Commander - Order ZUXZAZQ7V2G3: Shipping service unavailable, order not placed..
13:02:07.608 [main] INFO com.iluwatar.commander.Commander - Sorry, there was a problem in creating your order. Please try later.
13:02:07.608 [main] ERROR com.iluwatar.commander.Commander - Order ZUXZAZQ7V2G3: Shipping service unavailable, order not placed..
13:02:07.609 [main] INFO com.iluwatar.commander.Commander - Sorry, there was a problem in creating your order. Please try later.
13:02:07.609 [main] ERROR com.iluwatar.commander.Commander - Order 8NNXQM5TNXCN: Shipping service unavailable, order not placed..
13:02:07.609 [main] INFO com.iluwatar.commander.Commander - Sorry, there was a problem in creating your order. Please try later.
13:02:07.609 [main] ERROR com.iluwatar.commander.Commander - Order 8NNXQM5TNXCN: Shipping service unavailable, order not placed..
13:02:07.609 [main] INFO com.iluwatar.commander.Commander - Sorry, there was a problem in creating your order. Please try later.
13:02:07.609 [main] ERROR com.iluwatar.commander.Commander - Order 8NNXQM5TNXCN: Shipping service unavailable, order not placed..
13:02:07.609 [main] INFO com.iluwatar.commander.Commander - Sorry, there was a problem in creating your order. Please try later.
13:02:07.609 [main] ERROR com.iluwatar.commander.Commander - Order 8NNXQM5TNXCN: Shipping service unavailable, order not placed..
13:02:07.609 [main] INFO com.iluwatar.commander.Commander - Sorry, there was a problem in creating your order. Please try later.
13:02:07.609 [main] ERROR com.iluwatar.commander.Commander - Order 1ARLTUQK20TT: Shipping service unavailable, order not placed..
13:02:07.609 [main] INFO com.iluwatar.commander.Commander - Sorry, there was a problem in creating your order. Please try later.
13:02:07.609 [main] ERROR com.iluwatar.commander.Commander - Order 1ARLTUQK20TT: Shipping service unavailable, order not placed..
13:02:07.609 [main] INFO com.iluwatar.commander.Commander - Sorry, there was a problem in creating your order. Please try later.
13:02:07.609 [main] ERROR com.iluwatar.commander.Commander - Order 1ARLTUQK20TT: Shipping service unavailable, order not placed..
13:02:07.609 [main] INFO com.iluwatar.commander.Commander - Sorry, there was a problem in creating your order. Please try later.
13:02:07.609 [main] ERROR com.iluwatar.commander.Commander - Order 1ARLTUQK20TT: Shipping service unavailable, order not placed..
13:02:07.609 [main] DEBUG com.iluwatar.commander.Commander - Order GKBPSTUELKUJ: Error in connecting to shipping service, trying again..
13:02:07.609 [main] INFO com.iluwatar.commander.Commander - Sorry, there was a problem in creating your order. Please try later.
13:02:07.609 [main] ERROR com.iluwatar.commander.Commander - Order GKBPSTUELKUJ: Shipping service unavailable, order not placed..
13:02:07.609 [main] INFO com.iluwatar.commander.Commander - Sorry, there was a problem in creating your order. Please try later.
13:02:07.609 [main] ERROR com.iluwatar.commander.Commander - Order GKBPSTUELKUJ: Shipping service unavailable, order not placed..
13:02:07.609 [main] INFO com.iluwatar.commander.Commander - Sorry, there was a problem in creating your order. Please try later.
13:02:07.609 [main] ERROR com.iluwatar.commander.Commander - Order GKBPSTUELKUJ: Shipping service unavailable, order not placed..
13:02:07.609 [main] INFO com.iluwatar.commander.Commander - Sorry, there was a problem in creating your order. Please try later.
13:02:07.609 [main] ERROR com.iluwatar.commander.Commander - Order GKBPSTUELKUJ: Shipping service unavailable, order not placed..
13:02:07.609 [main] DEBUG com.iluwatar.commander.Commander - Order 20VVE9WUPAW8: Error in creating shipping request..
13:02:07.609 [main] INFO com.iluwatar.commander.Commander - Shipping is currently not possible to your address. We are working on the problem and will get back to you asap.
13:02:07.609 [main] INFO com.iluwatar.commander.Commander - Order 20VVE9WUPAW8: Shipping not possible to address, trying to add problem to employee db..
13:02:07.609 [main] INFO com.iluwatar.commander.Commander - Sorry, there was a problem in creating your order. Please try later.
13:02:07.609 [main] ERROR com.iluwatar.commander.Commander - Order 20VVE9WUPAW8: Shipping service unavailable, order not placed..
13:02:07.609 [main] INFO com.iluwatar.commander.Commander - Sorry, there was a problem in creating your order. Please try later.
13:02:07.609 [main] ERROR com.iluwatar.commander.Commander - Order 20VVE9WUPAW8: Shipping service unavailable, order not placed..
13:02:07.609 [main] INFO com.iluwatar.commander.Commander - Sorry, there was a problem in creating your order. Please try later.
13:02:07.609 [main] ERROR com.iluwatar.commander.Commander - Order 20VVE9WUPAW8: Shipping service unavailable, order not placed..
13:02:07.609 [main] INFO com.iluwatar.commander.Commander - Sorry, there was a problem in creating your order. Please try later.
13:02:07.609 [main] ERROR com.iluwatar.commander.Commander - Order VTEUBK197RA1: Shipping service unavailable, order not placed..
13:02:07.609 [main] INFO com.iluwatar.commander.Commander - Sorry, there was a problem in creating your order. Please try later.
13:02:07.609 [main] ERROR com.iluwatar.commander.Commander - Order VTEUBK197RA1: Shipping service unavailable, order not placed..
13:02:07.609 [main] INFO com.iluwatar.commander.Commander - Sorry, there was a problem in creating your order. Please try later.
13:02:07.609 [main] ERROR com.iluwatar.commander.Commander - Order VTEUBK197RA1: Shipping service unavailable, order not placed..
13:02:07.609 [main] INFO com.iluwatar.commander.Commander - Sorry, there was a problem in creating your order. Please try later.
13:02:07.609 [main] ERROR com.iluwatar.commander.Commander - Order VTEUBK197RA1: Shipping service unavailable, order not placed..
13:02:07.609 [main] INFO com.iluwatar.commander.Commander - Sorry, there was a problem in creating your order. Please try later.
13:02:07.609 [main] ERROR com.iluwatar.commander.Commander - Order BDU0O48KYXAH: Shipping service unavailable, order not placed..
13:02:07.609 [main] INFO com.iluwatar.commander.Commander - Sorry, there was a problem in creating your order. Please try later.
13:02:07.609 [main] ERROR com.iluwatar.commander.Commander - Order BDU0O48KYXAH: Shipping service unavailable, order not placed..
13:02:07.609 [main] INFO com.iluwatar.commander.Commander - Sorry, there was a problem in creating your order. Please try later.
13:02:07.609 [main] ERROR com.iluwatar.commander.Commander - Order BDU0O48KYXAH: Shipping service unavailable, order not placed..
13:02:07.609 [main] INFO com.iluwatar.commander.Commander - Sorry, there was a problem in creating your order. Please try later.
13:02:07.609 [main] ERROR com.iluwatar.commander.Commander - Order BDU0O48KYXAH: Shipping service unavailable, order not placed..
13:02:07.609 [main] DEBUG com.iluwatar.commander.Commander - Order AYSFS2I2ZBO9: Error in connecting to shipping service, trying again..
13:02:07.609 [main] INFO com.iluwatar.commander.Commander - Sorry, there was a problem in creating your order. Please try later.
13:02:07.609 [main] ERROR com.iluwatar.commander.Commander - Order AYSFS2I2ZBO9: Shipping service unavailable, order not placed..
13:02:07.609 [main] INFO com.iluwatar.commander.Commander - Sorry, there was a problem in creating your order. Please try later.
13:02:07.609 [main] ERROR com.iluwatar.commander.Commander - Order AYSFS2I2ZBO9: Shipping service unavailable, order not placed..
13:02:07.609 [main] INFO com.iluwatar.commander.Commander - Sorry, there was a problem in creating your order. Please try later.
13:02:07.609 [main] ERROR com.iluwatar.commander.Commander - Order AYSFS2I2ZBO9: Shipping service unavailable, order not placed..
13:02:07.609 [main] INFO com.iluwatar.commander.Commander - Sorry, there was a problem in creating your order. Please try later.
13:02:07.609 [main] ERROR com.iluwatar.commander.Commander - Order AYSFS2I2ZBO9: Shipping service unavailable, order not placed..
13:02:07.609 [main] DEBUG com.iluwatar.commander.Commander - Order HXWMVRO617JL: Error in creating shipping request..
13:02:07.609 [main] INFO com.iluwatar.commander.Commander - This item is currently unavailable. We will inform you as soon as the item becomes available again.
13:02:07.609 [main] INFO com.iluwatar.commander.Commander - Order HXWMVRO617JL: Item pen unavailable, trying to add problem to employee handle..
13:02:07.609 [main] INFO com.iluwatar.commander.Commander - Sorry, there was a problem in creating your order. Please try later.
13:02:07.609 [main] ERROR com.iluwatar.commander.Commander - Order HXWMVRO617JL: Shipping service unavailable, order not placed..
13:02:07.609 [main] INFO com.iluwatar.commander.Commander - Sorry, there was a problem in creating your order. Please try later.
13:02:07.609 [main] ERROR com.iluwatar.commander.Commander - Order HXWMVRO617JL: Shipping service unavailable, order not placed..
13:02:07.609 [main] INFO com.iluwatar.commander.Commander - Sorry, there was a problem in creating your order. Please try later.
13:02:07.609 [main] ERROR com.iluwatar.commander.Commander - Order HXWMVRO617JL: Shipping service unavailable, order not placed..
13:02:07.609 [main] INFO com.iluwatar.commander.Commander - Sorry, there was a problem in creating your order. Please try later.
13:02:07.609 [main] ERROR com.iluwatar.commander.Commander - Order RMVC17K7UZ4Q: Shipping service unavailable, order not placed..
13:02:07.609 [main] INFO com.iluwatar.commander.Commander - Sorry, there was a problem in creating your order. Please try later.
13:02:07.609 [main] ERROR com.iluwatar.commander.Commander - Order RMVC17K7UZ4Q: Shipping service unavailable, order not placed..
13:02:07.609 [main] INFO com.iluwatar.commander.Commander - Sorry, there was a problem in creating your order. Please try later.
13:02:07.609 [main] ERROR com.iluwatar.commander.Commander - Order RMVC17K7UZ4Q: Shipping service unavailable, order not placed..
13:02:07.609 [main] INFO com.iluwatar.commander.Commander - Sorry, there was a problem in creating your order. Please try later.
13:02:07.609 [main] ERROR com.iluwatar.commander.Commander - Order RMVC17K7UZ4Q: Shipping service unavailable, order not placed..
13:02:07.609 [main] INFO com.iluwatar.commander.Commander - Sorry, there was a problem in creating your order. Please try later.
13:02:07.609 [main] ERROR com.iluwatar.commander.Commander - Order N11K3UEX2X2A: Shipping service unavailable, order not placed..
13:02:07.609 [main] INFO com.iluwatar.commander.Commander - Sorry, there was a problem in creating your order. Please try later.
13:02:07.609 [main] ERROR com.iluwatar.commander.Commander - Order N11K3UEX2X2A: Shipping service unavailable, order not placed..
13:02:07.609 [main] INFO com.iluwatar.commander.Commander - Sorry, there was a problem in creating your order. Please try later.
13:02:07.609 [main] ERROR com.iluwatar.commander.Commander - Order N11K3UEX2X2A: Shipping service unavailable, order not placed..
13:02:07.609 [main] INFO com.iluwatar.commander.Commander - Sorry, there was a problem in creating your order. Please try later.
13:02:07.609 [main] ERROR com.iluwatar.commander.Commander - Order N11K3UEX2X2A: Shipping service unavailable, order not placed..
13:02:07.609 [main] DEBUG com.iluwatar.commander.Commander - Order ALSAN56VCZCS: Error in connecting to shipping service, trying again..
13:02:07.609 [main] INFO com.iluwatar.commander.Commander - Sorry, there was a problem in creating your order. Please try later.
13:02:07.609 [main] ERROR com.iluwatar.commander.Commander - Order ALSAN56VCZCS: Shipping service unavailable, order not placed..
13:02:07.609 [main] INFO com.iluwatar.commander.Commander - Sorry, there was a problem in creating your order. Please try later.
13:02:07.609 [main] ERROR com.iluwatar.commander.Commander - Order ALSAN56VCZCS: Shipping service unavailable, order not placed..
13:02:07.609 [main] INFO com.iluwatar.commander.Commander - Sorry, there was a problem in creating your order. Please try later.
13:02:07.609 [main] ERROR com.iluwatar.commander.Commander - Order ALSAN56VCZCS: Shipping service unavailable, order not placed..
13:02:07.609 [main] INFO com.iluwatar.commander.Commander - Sorry, there was a problem in creating your order. Please try later.
13:02:07.609 [main] ERROR com.iluwatar.commander.Commander - Order ALSAN56VCZCS: Shipping service unavailable, order not placed..
13:02:07.609 [main] DEBUG com.iluwatar.commander.Commander - Order OJJ81RZED2J1: Error in creating shipping request..
13:02:07.609 [main] INFO com.iluwatar.commander.Commander - Sorry, there was a problem in creating your order. Please try later.
13:02:07.609 [main] ERROR com.iluwatar.commander.Commander - Order OJJ81RZED2J1: Shipping service unavailable, order not placed..
13:02:07.609 [main] INFO com.iluwatar.commander.Commander - Sorry, there was a problem in creating your order. Please try later.
13:02:07.609 [main] ERROR com.iluwatar.commander.Commander - Order OJJ81RZED2J1: Shipping service unavailable, order not placed..
13:02:07.609 [main] INFO com.iluwatar.commander.Commander - Sorry, there was a problem in creating your order. Please try later.
13:02:07.609 [main] ERROR com.iluwatar.commander.Commander - Order OJJ81RZED2J1: Shipping service unavailable, order not placed..
13:02:07.609 [main] INFO com.iluwatar.commander.Commander - Sorry, there was a problem in creating your order. Please try later.
13:02:07.609 [main] ERROR com.iluwatar.commander.Commander - Order OJJ81RZED2J1: Shipping service unavailable, order not placed..
13:02:07.609 [main] INFO com.iluwatar.commander.Commander - Sorry, there was a problem in creating your order. Please try later.
13:02:07.609 [main] ERROR com.iluwatar.commander.Commander - Order CDEWEWQSQ1SI: Shipping service unavailable, order not placed..
13:02:07.610 [main] INFO com.iluwatar.commander.Commander - Sorry, there was a problem in creating your order. Please try later.
13:02:07.610 [main] ERROR com.iluwatar.commander.Commander - Order CDEWEWQSQ1SI: Shipping service unavailable, order not placed..
13:02:07.610 [main] INFO com.iluwatar.commander.Commander - Sorry, there was a problem in creating your order. Please try later.
13:02:07.610 [main] ERROR com.iluwatar.commander.Commander - Order CDEWEWQSQ1SI: Shipping service unavailable, order not placed..
13:02:07.610 [main] INFO com.iluwatar.commander.Commander - Sorry, there was a problem in creating your order. Please try later.
13:02:07.610 [main] ERROR com.iluwatar.commander.Commander - Order CDEWEWQSQ1SI: Shipping service unavailable, order not placed..
13:02:07.610 [main] INFO com.iluwatar.commander.Commander - Sorry, there was a problem in creating your order. Please try later.
13:02:07.610 [main] ERROR com.iluwatar.commander.Commander - Order CSP4OOD851MA: Shipping service unavailable, order not placed..
13:02:07.610 [main] INFO com.iluwatar.commander.Commander - Sorry, there was a problem in creating your order. Please try later.
13:02:07.610 [main] ERROR com.iluwatar.commander.Commander - Order CSP4OOD851MA: Shipping service unavailable, order not placed..
13:02:07.610 [main] INFO com.iluwatar.commander.Commander - Sorry, there was a problem in creating your order. Please try later.
13:02:07.610 [main] ERROR com.iluwatar.commander.Commander - Order CSP4OOD851MA: Shipping service unavailable, order not placed..
13:02:07.610 [main] INFO com.iluwatar.commander.Commander - Sorry, there was a problem in creating your order. Please try later.
13:02:07.610 [main] ERROR com.iluwatar.commander.Commander - Order CSP4OOD851MA: Shipping service unavailable, order not placed..
13:02:07.610 [main] DEBUG com.iluwatar.commander.Commander - Order LSJSCGJCWYSY: Error in connecting to shipping service, trying again..
13:02:07.610 [main] INFO com.iluwatar.commander.Commander - Sorry, there was a problem in creating your order. Please try later.
13:02:07.610 [main] ERROR com.iluwatar.commander.Commander - Order LSJSCGJCWYSY: Shipping service unavailable, order not placed..
13:02:07.610 [main] INFO com.iluwatar.commander.Commander - Sorry, there was a problem in creating your order. Please try later.
13:02:07.610 [main] ERROR com.iluwatar.commander.Commander - Order LSJSCGJCWYSY: Shipping service unavailable, order not placed..
13:02:07.610 [main] INFO com.iluwatar.commander.Commander - Sorry, there was a problem in creating your order. Please try later.
13:02:07.610 [main] ERROR com.iluwatar.commander.Commander - Order LSJSCGJCWYSY: Shipping service unavailable, order not placed..
13:02:07.610 [main] INFO com.iluwatar.commander.Commander - Sorry, there was a problem in creating your order. Please try later.
13:02:07.610 [main] ERROR com.iluwatar.commander.Commander - Order LSJSCGJCWYSY: Shipping service unavailable, order not placed..
13:02:07.610 [main] DEBUG com.iluwatar.commander.Commander - Order FO6WQ6CB51O5: Error in creating shipping request..
13:02:07.610 [main] INFO com.iluwatar.commander.Commander - Sorry, there was a problem in creating your order. Please try later.
13:02:07.610 [main] ERROR com.iluwatar.commander.Commander - Order FO6WQ6CB51O5: Shipping service unavailable, order not placed..
13:02:07.610 [main] INFO com.iluwatar.commander.Commander - Sorry, there was a problem in creating your order. Please try later.
13:02:07.610 [main] ERROR com.iluwatar.commander.Commander - Order FO6WQ6CB51O5: Shipping service unavailable, order not placed..
13:02:07.610 [main] INFO com.iluwatar.commander.Commander - Sorry, there was a problem in creating your order. Please try later.
13:02:07.610 [main] ERROR com.iluwatar.commander.Commander - Order FO6WQ6CB51O5: Shipping service unavailable, order not placed..
13:02:07.610 [main] INFO com.iluwatar.commander.Commander - Sorry, there was a problem in creating your order. Please try later.
13:02:07.610 [main] ERROR com.iluwatar.commander.Commander - Order FO6WQ6CB51O5: Shipping service unavailable, order not placed..
13:02:07.610 [main] INFO com.iluwatar.commander.Commander - Sorry, there was a problem in creating your order. Please try later.
13:02:07.610 [main] ERROR com.iluwatar.commander.Commander - Order U5BXNAO88OQN: Shipping service unavailable, order not placed..
13:02:07.610 [main] INFO com.iluwatar.commander.Commander - Sorry, there was a problem in creating your order. Please try later.
13:02:07.610 [main] ERROR com.iluwatar.commander.Commander - Order U5BXNAO88OQN: Shipping service unavailable, order not placed..
13:02:07.610 [main] INFO com.iluwatar.commander.Commander - Sorry, there was a problem in creating your order. Please try later.
13:02:07.610 [main] ERROR com.iluwatar.commander.Commander - Order U5BXNAO88OQN: Shipping service unavailable, order not placed..
13:02:07.610 [main] INFO com.iluwatar.commander.Commander - Sorry, there was a problem in creating your order. Please try later.
13:02:07.610 [main] ERROR com.iluwatar.commander.Commander - Order U5BXNAO88OQN: Shipping service unavailable, order not placed..
13:02:07.610 [main] INFO com.iluwatar.commander.Commander - Sorry, there was a problem in creating your order. Please try later.
13:02:07.610 [main] ERROR com.iluwatar.commander.Commander - Order WPB7ZMD4KJAM: Shipping service unavailable, order not placed..
13:02:07.610 [main] INFO com.iluwatar.commander.Commander - Sorry, there was a problem in creating your order. Please try later.
13:02:07.610 [main] ERROR com.iluwatar.commander.Commander - Order WPB7ZMD4KJAM: Shipping service unavailable, order not placed..
13:02:07.610 [main] INFO com.iluwatar.commander.Commander - Sorry, there was a problem in creating your order. Please try later.
13:02:07.610 [main] ERROR com.iluwatar.commander.Commander - Order WPB7ZMD4KJAM: Shipping service unavailable, order not placed..
13:02:07.610 [main] INFO com.iluwatar.commander.Commander - Sorry, there was a problem in creating your order. Please try later.
13:02:07.610 [main] ERROR com.iluwatar.commander.Commander - Order WPB7ZMD4KJAM: Shipping service unavailable, order not placed..
13:02:07.610 [main] DEBUG com.iluwatar.commander.Commander - Order A5SI9P8CQU03: Error in connecting to shipping service, trying again..
13:02:07.610 [main] INFO com.iluwatar.commander.Commander - Sorry, there was a problem in creating your order. Please try later.
13:02:07.610 [main] ERROR com.iluwatar.commander.Commander - Order A5SI9P8CQU03: Shipping service unavailable, order not placed..
13:02:07.610 [main] INFO com.iluwatar.commander.Commander - Sorry, there was a problem in creating your order. Please try later.
13:02:07.610 [main] ERROR com.iluwatar.commander.Commander - Order A5SI9P8CQU03: Shipping service unavailable, order not placed..
13:02:07.610 [main] INFO com.iluwatar.commander.Commander - Sorry, there was a problem in creating your order. Please try later.
13:02:07.610 [main] ERROR com.iluwatar.commander.Commander - Order A5SI9P8CQU03: Shipping service unavailable, order not placed..
13:02:07.610 [main] INFO com.iluwatar.commander.Commander - Sorry, there was a problem in creating your order. Please try later.
13:02:07.610 [main] ERROR com.iluwatar.commander.Commander - Order A5SI9P8CQU03: Shipping service unavailable, order not placed..
13:02:07.610 [main] DEBUG com.iluwatar.commander.Commander - Order 7RJ6DFEAYMRG: Error in connecting to shipping service, trying again..
13:02:07.610 [main] INFO com.iluwatar.commander.Commander - Sorry, there was a problem in creating your order. Please try later.
13:02:07.610 [main] ERROR com.iluwatar.commander.Commander - Order 7RJ6DFEAYMRG: Shipping service unavailable, order not placed..
13:02:07.610 [main] INFO com.iluwatar.commander.Commander - Sorry, there was a problem in creating your order. Please try later.
13:02:07.610 [main] ERROR com.iluwatar.commander.Commander - Order 7RJ6DFEAYMRG: Shipping service unavailable, order not placed..
13:02:07.610 [main] INFO com.iluwatar.commander.Commander - Sorry, there was a problem in creating your order. Please try later.
13:02:07.610 [main] ERROR com.iluwatar.commander.Commander - Order 7RJ6DFEAYMRG: Shipping service unavailable, order not placed..
13:02:07.610 [main] INFO com.iluwatar.commander.Commander - Sorry, there was a problem in creating your order. Please try later.
13:02:07.610 [main] ERROR com.iluwatar.commander.Commander - Order 7RJ6DFEAYMRG: Shipping service unavailable, order not placed..
13:02:07.610 [main] INFO com.iluwatar.commander.Commander - Sorry, there was a problem in creating your order. Please try later.
13:02:07.610 [main] ERROR com.iluwatar.commander.Commander - Order J8R09POD5G9V: Shipping service unavailable, order not placed..
13:02:07.610 [main] INFO com.iluwatar.commander.Commander - Sorry, there was a problem in creating your order. Please try later.
13:02:07.610 [main] ERROR com.iluwatar.commander.Commander - Order J8R09POD5G9V: Shipping service unavailable, order not placed..
13:02:07.610 [main] INFO com.iluwatar.commander.Commander - Sorry, there was a problem in creating your order. Please try later.
13:02:07.610 [main] ERROR com.iluwatar.commander.Commander - Order J8R09POD5G9V: Shipping service unavailable, order not placed..
13:02:07.610 [main] INFO com.iluwatar.commander.Commander - Sorry, there was a problem in creating your order. Please try later.
13:02:07.610 [main] ERROR com.iluwatar.commander.Commander - Order J8R09POD5G9V: Shipping service unavailable, order not placed..
13:02:07.610 [main] INFO com.iluwatar.commander.Commander - Sorry, there was a problem in creating your order. Please try later.
13:02:07.610 [main] ERROR com.iluwatar.commander.Commander - Order GU7HLUISAWOK: Shipping service unavailable, order not placed..
13:02:07.610 [main] INFO com.iluwatar.commander.Commander - Sorry, there was a problem in creating your order. Please try later.
13:02:07.610 [main] ERROR com.iluwatar.commander.Commander - Order GU7HLUISAWOK: Shipping service unavailable, order not placed..
13:02:07.610 [main] INFO com.iluwatar.commander.Commander - Sorry, there was a problem in creating your order. Please try later.
13:02:07.610 [main] ERROR com.iluwatar.commander.Commander - Order GU7HLUISAWOK: Shipping service unavailable, order not placed..
13:02:07.610 [main] INFO com.iluwatar.commander.Commander - Sorry, there was a problem in creating your order. Please try later.
13:02:07.610 [main] ERROR com.iluwatar.commander.Commander - Order GU7HLUISAWOK: Shipping service unavailable, order not placed..
13:02:07.610 [main] DEBUG com.iluwatar.commander.Commander - Order GUSBNP6NWQEZ: Error in connecting to shipping service, trying again..
13:02:07.610 [main] INFO com.iluwatar.commander.Commander - Sorry, there was a problem in creating your order. Please try later.
13:02:07.610 [main] ERROR com.iluwatar.commander.Commander - Order GUSBNP6NWQEZ: Shipping service unavailable, order not placed..
13:02:07.610 [main] INFO com.iluwatar.commander.Commander - Sorry, there was a problem in creating your order. Please try later.
13:02:07.610 [main] ERROR com.iluwatar.commander.Commander - Order GUSBNP6NWQEZ: Shipping service unavailable, order not placed..
13:02:07.610 [main] INFO com.iluwatar.commander.Commander - Sorry, there was a problem in creating your order. Please try later.
13:02:07.610 [main] ERROR com.iluwatar.commander.Commander - Order GUSBNP6NWQEZ: Shipping service unavailable, order not placed..
13:02:07.610 [main] INFO com.iluwatar.commander.Commander - Sorry, there was a problem in creating your order. Please try later.
13:02:07.610 [main] ERROR com.iluwatar.commander.Commander - Order GUSBNP6NWQEZ: Shipping service unavailable, order not placed..
13:02:07.610 [main] DEBUG com.iluwatar.commander.Commander - Order J0HNAQPW16SY: Error in creating shipping request..
13:02:07.610 [main] INFO com.iluwatar.commander.Commander - Shipping is currently not possible to your address. We are working on the problem and will get back to you asap.
13:02:07.610 [main] INFO com.iluwatar.commander.Commander - Order J0HNAQPW16SY: Shipping not possible to address, trying to add problem to employee db..
13:02:07.610 [main] INFO com.iluwatar.commander.Commander - Sorry, there was a problem in creating your order. Please try later.
13:02:07.610 [main] ERROR com.iluwatar.commander.Commander - Order J0HNAQPW16SY: Shipping service unavailable, order not placed..
13:02:07.610 [main] INFO com.iluwatar.commander.Commander - Sorry, there was a problem in creating your order. Please try later.
13:02:07.610 [main] ERROR com.iluwatar.commander.Commander - Order J0HNAQPW16SY: Shipping service unavailable, order not placed..
13:02:07.610 [main] INFO com.iluwatar.commander.Commander - Sorry, there was a problem in creating your order. Please try later.
13:02:07.610 [main] ERROR com.iluwatar.commander.Commander - Order J0HNAQPW16SY: Shipping service unavailable, order not placed..
13:02:07.610 [main] INFO com.iluwatar.commander.Commander - Sorry, there was a problem in creating your order. Please try later.
13:02:07.610 [main] ERROR com.iluwatar.commander.Commander - Order DJHB1A8RL7E0: Shipping service unavailable, order not placed..
13:02:07.610 [main] INFO com.iluwatar.commander.Commander - Sorry, there was a problem in creating your order. Please try later.
13:02:07.610 [main] ERROR com.iluwatar.commander.Commander - Order DJHB1A8RL7E0: Shipping service unavailable, order not placed..
13:02:07.610 [main] INFO com.iluwatar.commander.Commander - Sorry, there was a problem in creating your order. Please try later.
13:02:07.610 [main] ERROR com.iluwatar.commander.Commander - Order DJHB1A8RL7E0: Shipping service unavailable, order not placed..
13:02:07.610 [main] INFO com.iluwatar.commander.Commander - Sorry, there was a problem in creating your order. Please try later.
13:02:07.610 [main] ERROR com.iluwatar.commander.Commander - Order DJHB1A8RL7E0: Shipping service unavailable, order not placed..
13:02:07.611 [main] INFO com.iluwatar.commander.Commander - Sorry, there was a problem in creating your order. Please try later.
13:02:07.611 [main] ERROR com.iluwatar.commander.Commander - Order TWCCEAXTCDPC: Shipping service unavailable, order not placed..
13:02:07.611 [main] INFO com.iluwatar.commander.Commander - Sorry, there was a problem in creating your order. Please try later.
13:02:07.611 [main] ERROR com.iluwatar.commander.Commander - Order TWCCEAXTCDPC: Shipping service unavailable, order not placed..
13:02:07.611 [main] INFO com.iluwatar.commander.Commander - Sorry, there was a problem in creating your order. Please try later.
13:02:07.611 [main] ERROR com.iluwatar.commander.Commander - Order TWCCEAXTCDPC: Shipping service unavailable, order not placed..
13:02:07.611 [main] INFO com.iluwatar.commander.Commander - Sorry, there was a problem in creating your order. Please try later.
13:02:07.611 [main] ERROR com.iluwatar.commander.Commander - Order TWCCEAXTCDPC: Shipping service unavailable, order not placed..
13:02:07.611 [main] DEBUG com.iluwatar.commander.Commander - Order XJHL8XLXRW1D: Error in connecting to shipping service, trying again..
13:02:07.611 [main] INFO com.iluwatar.commander.Commander - Sorry, there was a problem in creating your order. Please try later.
13:02:07.611 [main] ERROR com.iluwatar.commander.Commander - Order XJHL8XLXRW1D: Shipping service unavailable, order not placed..
13:02:07.611 [main] INFO com.iluwatar.commander.Commander - Sorry, there was a problem in creating your order. Please try later.
13:02:07.611 [main] ERROR com.iluwatar.commander.Commander - Order XJHL8XLXRW1D: Shipping service unavailable, order not placed..
13:02:07.611 [main] INFO com.iluwatar.commander.Commander - Sorry, there was a problem in creating your order. Please try later.
13:02:07.611 [main] ERROR com.iluwatar.commander.Commander - Order XJHL8XLXRW1D: Shipping service unavailable, order not placed..
13:02:07.611 [main] INFO com.iluwatar.commander.Commander - Sorry, there was a problem in creating your order. Please try later.
13:02:07.611 [main] ERROR com.iluwatar.commander.Commander - Order XJHL8XLXRW1D: Shipping service unavailable, order not placed..
13:02:07.611 [main] DEBUG com.iluwatar.commander.Commander - Order 9N0E6OJ70IIL: Error in creating shipping request..
13:02:07.611 [main] INFO com.iluwatar.commander.Commander - This item is currently unavailable. We will inform you as soon as the item becomes available again.
13:02:07.611 [main] INFO com.iluwatar.commander.Commander - Order 9N0E6OJ70IIL: Item pen unavailable, trying to add problem to employee handle..
13:02:07.611 [main] INFO com.iluwatar.commander.Commander - Sorry, there was a problem in creating your order. Please try later.
13:02:07.611 [main] ERROR com.iluwatar.commander.Commander - Order 9N0E6OJ70IIL: Shipping service unavailable, order not placed..
13:02:07.611 [main] INFO com.iluwatar.commander.Commander - Sorry, there was a problem in creating your order. Please try later.
13:02:07.611 [main] ERROR com.iluwatar.commander.Commander - Order 9N0E6OJ70IIL: Shipping service unavailable, order not placed..
13:02:07.611 [main] INFO com.iluwatar.commander.Commander - Sorry, there was a problem in creating your order. Please try later.
13:02:07.611 [main] ERROR com.iluwatar.commander.Commander - Order 9N0E6OJ70IIL: Shipping service unavailable, order not placed..
13:02:07.611 [main] INFO com.iluwatar.commander.Commander - Sorry, there was a problem in creating your order. Please try later.
13:02:07.611 [main] ERROR com.iluwatar.commander.Commander - Order T1VDBHA8DT5N: Shipping service unavailable, order not placed..
13:02:07.611 [main] INFO com.iluwatar.commander.Commander - Sorry, there was a problem in creating your order. Please try later.
13:02:07.611 [main] ERROR com.iluwatar.commander.Commander - Order T1VDBHA8DT5N: Shipping service unavailable, order not placed..
13:02:07.611 [main] INFO com.iluwatar.commander.Commander - Sorry, there was a problem in creating your order. Please try later.
13:02:07.611 [main] ERROR com.iluwatar.commander.Commander - Order T1VDBHA8DT5N: Shipping service unavailable, order not placed..
13:02:07.611 [main] INFO com.iluwatar.commander.Commander - Sorry, there was a problem in creating your order. Please try later.
13:02:07.611 [main] ERROR com.iluwatar.commander.Commander - Order T1VDBHA8DT5N: Shipping service unavailable, order not placed..
13:02:07.611 [main] INFO com.iluwatar.commander.Commander - Sorry, there was a problem in creating your order. Please try later.
13:02:07.611 [main] ERROR com.iluwatar.commander.Commander - Order WOQGF0MSFEV2: Shipping service unavailable, order not placed..
13:02:07.611 [main] INFO com.iluwatar.commander.Commander - Sorry, there was a problem in creating your order. Please try later.
13:02:07.611 [main] ERROR com.iluwatar.commander.Commander - Order WOQGF0MSFEV2: Shipping service unavailable, order not placed..
13:02:07.611 [main] INFO com.iluwatar.commander.Commander - Sorry, there was a problem in creating your order. Please try later.
13:02:07.611 [main] ERROR com.iluwatar.commander.Commander - Order WOQGF0MSFEV2: Shipping service unavailable, order not placed..
13:02:07.611 [main] INFO com.iluwatar.commander.Commander - Sorry, there was a problem in creating your order. Please try later.
13:02:07.611 [main] ERROR com.iluwatar.commander.Commander - Order WOQGF0MSFEV2: Shipping service unavailable, order not placed..
13:02:07.611 [main] DEBUG com.iluwatar.commander.Commander - Order Q6VNSIXZ84X3: Error in connecting to shipping service, trying again..
13:02:07.611 [main] INFO com.iluwatar.commander.Commander - Sorry, there was a problem in creating your order. Please try later.
13:02:07.611 [main] ERROR com.iluwatar.commander.Commander - Order Q6VNSIXZ84X3: Shipping service unavailable, order not placed..
13:02:07.611 [main] INFO com.iluwatar.commander.Commander - Sorry, there was a problem in creating your order. Please try later.
13:02:07.611 [main] ERROR com.iluwatar.commander.Commander - Order Q6VNSIXZ84X3: Shipping service unavailable, order not placed..
13:02:07.611 [main] INFO com.iluwatar.commander.Commander - Sorry, there was a problem in creating your order. Please try later.
13:02:07.611 [main] ERROR com.iluwatar.commander.Commander - Order Q6VNSIXZ84X3: Shipping service unavailable, order not placed..
13:02:07.611 [main] INFO com.iluwatar.commander.Commander - Sorry, there was a problem in creating your order. Please try later.
13:02:07.611 [main] ERROR com.iluwatar.commander.Commander - Order Q6VNSIXZ84X3: Shipping service unavailable, order not placed..
13:02:07.611 [main] DEBUG com.iluwatar.commander.Commander - Order MW1FT5M5QDJS: Error in creating shipping request..
13:02:07.611 [main] INFO com.iluwatar.commander.Commander - Sorry, there was a problem in creating your order. Please try later.
13:02:07.611 [main] ERROR com.iluwatar.commander.Commander - Order MW1FT5M5QDJS: Shipping service unavailable, order not placed..
13:02:07.611 [main] INFO com.iluwatar.commander.Commander - Sorry, there was a problem in creating your order. Please try later.
13:02:07.611 [main] ERROR com.iluwatar.commander.Commander - Order MW1FT5M5QDJS: Shipping service unavailable, order not placed..
13:02:07.611 [main] INFO com.iluwatar.commander.Commander - Sorry, there was a problem in creating your order. Please try later.
13:02:07.611 [main] ERROR com.iluwatar.commander.Commander - Order MW1FT5M5QDJS: Shipping service unavailable, order not placed..
13:02:07.611 [main] INFO com.iluwatar.commander.Commander - Sorry, there was a problem in creating your order. Please try later.
13:02:07.611 [main] ERROR com.iluwatar.commander.Commander - Order MW1FT5M5QDJS: Shipping service unavailable, order not placed..
13:02:07.611 [main] INFO com.iluwatar.commander.Commander - Sorry, there was a problem in creating your order. Please try later.
13:02:07.611 [main] ERROR com.iluwatar.commander.Commander - Order KLWRWW79K6M1: Shipping service unavailable, order not placed..
13:02:07.611 [main] INFO com.iluwatar.commander.Commander - Sorry, there was a problem in creating your order. Please try later.
13:02:07.611 [main] ERROR com.iluwatar.commander.Commander - Order KLWRWW79K6M1: Shipping service unavailable, order not placed..
13:02:07.611 [main] INFO com.iluwatar.commander.Commander - Sorry, there was a problem in creating your order. Please try later.
13:02:07.611 [main] ERROR com.iluwatar.commander.Commander - Order KLWRWW79K6M1: Shipping service unavailable, order not placed..
13:02:07.611 [main] INFO com.iluwatar.commander.Commander - Sorry, there was a problem in creating your order. Please try later.
13:02:07.611 [main] ERROR com.iluwatar.commander.Commander - Order KLWRWW79K6M1: Shipping service unavailable, order not placed..
13:02:07.611 [main] INFO com.iluwatar.commander.Commander - Sorry, there was a problem in creating your order. Please try later.
13:02:07.611 [main] ERROR com.iluwatar.commander.Commander - Order 4DOMZC0IZ7K0: Shipping service unavailable, order not placed..
13:02:07.611 [main] INFO com.iluwatar.commander.Commander - Sorry, there was a problem in creating your order. Please try later.
13:02:07.611 [main] ERROR com.iluwatar.commander.Commander - Order 4DOMZC0IZ7K0: Shipping service unavailable, order not placed..
13:02:07.611 [main] INFO com.iluwatar.commander.Commander - Sorry, there was a problem in creating your order. Please try later.
13:02:07.611 [main] ERROR com.iluwatar.commander.Commander - Order 4DOMZC0IZ7K0: Shipping service unavailable, order not placed..
13:02:07.611 [main] INFO com.iluwatar.commander.Commander - Sorry, there was a problem in creating your order. Please try later.
13:02:07.611 [main] ERROR com.iluwatar.commander.Commander - Order 4DOMZC0IZ7K0: Shipping service unavailable, order not placed..
13:02:07.611 [main] DEBUG com.iluwatar.commander.Commander - Order 94FIZP01FJUS: Error in connecting to shipping service, trying again..
13:02:07.611 [main] INFO com.iluwatar.commander.Commander - Sorry, there was a problem in creating your order. Please try later.
13:02:07.611 [main] ERROR com.iluwatar.commander.Commander - Order 94FIZP01FJUS: Shipping service unavailable, order not placed..
13:02:07.611 [main] INFO com.iluwatar.commander.Commander - Sorry, there was a problem in creating your order. Please try later.
13:02:07.611 [main] ERROR com.iluwatar.commander.Commander - Order 94FIZP01FJUS: Shipping service unavailable, order not placed..
13:02:07.611 [main] INFO com.iluwatar.commander.Commander - Sorry, there was a problem in creating your order. Please try later.
13:02:07.611 [main] ERROR com.iluwatar.commander.Commander - Order 94FIZP01FJUS: Shipping service unavailable, order not placed..
13:02:07.611 [main] INFO com.iluwatar.commander.Commander - Sorry, there was a problem in creating your order. Please try later.
13:02:07.611 [main] ERROR com.iluwatar.commander.Commander - Order 94FIZP01FJUS: Shipping service unavailable, order not placed..
13:02:07.611 [main] DEBUG com.iluwatar.commander.Commander - Order 6FR7AZ57XR33: Error in creating shipping request..
13:02:07.611 [main] INFO com.iluwatar.commander.Commander - Sorry, there was a problem in creating your order. Please try later.
13:02:07.611 [main] ERROR com.iluwatar.commander.Commander - Order 6FR7AZ57XR33: Shipping service unavailable, order not placed..
13:02:07.611 [main] INFO com.iluwatar.commander.Commander - Sorry, there was a problem in creating your order. Please try later.
13:02:07.611 [main] ERROR com.iluwatar.commander.Commander - Order 6FR7AZ57XR33: Shipping service unavailable, order not placed..
13:02:07.611 [main] INFO com.iluwatar.commander.Commander - Sorry, there was a problem in creating your order. Please try later.
13:02:07.611 [main] ERROR com.iluwatar.commander.Commander - Order 6FR7AZ57XR33: Shipping service unavailable, order not placed..
13:02:07.611 [main] INFO com.iluwatar.commander.Commander - Sorry, there was a problem in creating your order. Please try later.
13:02:07.611 [main] ERROR com.iluwatar.commander.Commander - Order 6FR7AZ57XR33: Shipping service unavailable, order not placed..
13:02:07.611 [main] INFO com.iluwatar.commander.Commander - Sorry, there was a problem in creating your order. Please try later.
13:02:07.611 [main] ERROR com.iluwatar.commander.Commander - Order B6Q6H686503A: Shipping service unavailable, order not placed..
13:02:07.611 [main] INFO com.iluwatar.commander.Commander - Sorry, there was a problem in creating your order. Please try later.
13:02:07.611 [main] ERROR com.iluwatar.commander.Commander - Order B6Q6H686503A: Shipping service unavailable, order not placed..
13:02:07.611 [main] INFO com.iluwatar.commander.Commander - Sorry, there was a problem in creating your order. Please try later.
13:02:07.611 [main] ERROR com.iluwatar.commander.Commander - Order B6Q6H686503A: Shipping service unavailable, order not placed..
13:02:07.611 [main] INFO com.iluwatar.commander.Commander - Sorry, there was a problem in creating your order. Please try later.
13:02:07.611 [main] ERROR com.iluwatar.commander.Commander - Order B6Q6H686503A: Shipping service unavailable, order not placed..
13:02:07.612 [main] INFO com.iluwatar.commander.Commander - Sorry, there was a problem in creating your order. Please try later.
13:02:07.612 [main] ERROR com.iluwatar.commander.Commander - Order 7Y41R5E3XSQ2: Shipping service unavailable, order not placed..
13:02:07.612 [main] INFO com.iluwatar.commander.Commander - Sorry, there was a problem in creating your order. Please try later.
13:02:07.612 [main] ERROR com.iluwatar.commander.Commander - Order 7Y41R5E3XSQ2: Shipping service unavailable, order not placed..
13:02:07.612 [main] INFO com.iluwatar.commander.Commander - Sorry, there was a problem in creating your order. Please try later.
13:02:07.612 [main] ERROR com.iluwatar.commander.Commander - Order 7Y41R5E3XSQ2: Shipping service unavailable, order not placed..
13:02:07.612 [main] INFO com.iluwatar.commander.Commander - Sorry, there was a problem in creating your order. Please try later.
13:02:07.612 [main] ERROR com.iluwatar.commander.Commander - Order 7Y41R5E3XSQ2: Shipping service unavailable, order not placed..
13:02:07.612 [main] DEBUG com.iluwatar.commander.Commander - Order 5EUYWX5GH2IX: Error in connecting to shipping service, trying again..
13:02:07.612 [main] INFO com.iluwatar.commander.Commander - Sorry, there was a problem in creating your order. Please try later.
13:02:07.612 [main] ERROR com.iluwatar.commander.Commander - Order 5EUYWX5GH2IX: Shipping service unavailable, order not placed..
13:02:07.612 [main] INFO com.iluwatar.commander.Commander - Sorry, there was a problem in creating your order. Please try later.
13:02:07.612 [main] ERROR com.iluwatar.commander.Commander - Order 5EUYWX5GH2IX: Shipping service unavailable, order not placed..
13:02:07.612 [main] INFO com.iluwatar.commander.Commander - Sorry, there was a problem in creating your order. Please try later.
13:02:07.612 [main] ERROR com.iluwatar.commander.Commander - Order 5EUYWX5GH2IX: Shipping service unavailable, order not placed..
13:02:07.612 [main] INFO com.iluwatar.commander.Commander - Sorry, there was a problem in creating your order. Please try later.
13:02:07.612 [main] ERROR com.iluwatar.commander.Commander - Order 5EUYWX5GH2IX: Shipping service unavailable, order not placed..
13:02:07.612 [main] DEBUG com.iluwatar.commander.Commander - Order FCUY1X6PI8WD: Error in connecting to shipping service, trying again..
13:02:07.612 [main] INFO com.iluwatar.commander.Commander - Sorry, there was a problem in creating your order. Please try later.
13:02:07.612 [main] ERROR com.iluwatar.commander.Commander - Order FCUY1X6PI8WD: Shipping service unavailable, order not placed..
13:02:07.612 [main] INFO com.iluwatar.commander.Commander - Sorry, there was a problem in creating your order. Please try later.
13:02:07.612 [main] ERROR com.iluwatar.commander.Commander - Order FCUY1X6PI8WD: Shipping service unavailable, order not placed..
13:02:07.612 [main] INFO com.iluwatar.commander.Commander - Sorry, there was a problem in creating your order. Please try later.
13:02:07.612 [main] ERROR com.iluwatar.commander.Commander - Order FCUY1X6PI8WD: Shipping service unavailable, order not placed..
13:02:07.612 [main] INFO com.iluwatar.commander.Commander - Sorry, there was a problem in creating your order. Please try later.
13:02:07.612 [main] ERROR com.iluwatar.commander.Commander - Order FCUY1X6PI8WD: Shipping service unavailable, order not placed..
13:02:07.612 [main] INFO com.iluwatar.commander.Commander - Sorry, there was a problem in creating your order. Please try later.
13:02:07.612 [main] ERROR com.iluwatar.commander.Commander - Order EC7GWAPH8T2O: Shipping service unavailable, order not placed..
13:02:07.612 [main] INFO com.iluwatar.commander.Commander - Sorry, there was a problem in creating your order. Please try later.
13:02:07.612 [main] ERROR com.iluwatar.commander.Commander - Order EC7GWAPH8T2O: Shipping service unavailable, order not placed..
13:02:07.612 [main] INFO com.iluwatar.commander.Commander - Sorry, there was a problem in creating your order. Please try later.
13:02:07.612 [main] ERROR com.iluwatar.commander.Commander - Order EC7GWAPH8T2O: Shipping service unavailable, order not placed..
13:02:07.612 [main] INFO com.iluwatar.commander.Commander - Sorry, there was a problem in creating your order. Please try later.
13:02:07.612 [main] ERROR com.iluwatar.commander.Commander - Order EC7GWAPH8T2O: Shipping service unavailable, order not placed..
13:02:07.612 [main] INFO com.iluwatar.commander.Commander - Sorry, there was a problem in creating your order. Please try later.
13:02:07.612 [main] ERROR com.iluwatar.commander.Commander - Order V6HBIFXCEIJ3: Shipping service unavailable, order not placed..
13:02:07.612 [main] INFO com.iluwatar.commander.Commander - Sorry, there was a problem in creating your order. Please try later.
13:02:07.612 [main] ERROR com.iluwatar.commander.Commander - Order V6HBIFXCEIJ3: Shipping service unavailable, order not placed..
13:02:07.612 [main] INFO com.iluwatar.commander.Commander - Sorry, there was a problem in creating your order. Please try later.
13:02:07.612 [main] ERROR com.iluwatar.commander.Commander - Order V6HBIFXCEIJ3: Shipping service unavailable, order not placed..
13:02:07.612 [main] INFO com.iluwatar.commander.Commander - Sorry, there was a problem in creating your order. Please try later.
13:02:07.612 [main] ERROR com.iluwatar.commander.Commander - Order V6HBIFXCEIJ3: Shipping service unavailable, order not placed..
13:02:07.612 [main] DEBUG com.iluwatar.commander.Commander - Order 5G05TUXL2VKD: Error in connecting to shipping service, trying again..
13:02:07.612 [main] INFO com.iluwatar.commander.Commander - Sorry, there was a problem in creating your order. Please try later.
13:02:07.612 [main] ERROR com.iluwatar.commander.Commander - Order 5G05TUXL2VKD: Shipping service unavailable, order not placed..
13:02:07.612 [main] INFO com.iluwatar.commander.Commander - Sorry, there was a problem in creating your order. Please try later.
13:02:07.612 [main] ERROR com.iluwatar.commander.Commander - Order 5G05TUXL2VKD: Shipping service unavailable, order not placed..
13:02:07.612 [main] INFO com.iluwatar.commander.Commander - Sorry, there was a problem in creating your order. Please try later.
13:02:07.612 [main] ERROR com.iluwatar.commander.Commander - Order 5G05TUXL2VKD: Shipping service unavailable, order not placed..
13:02:07.612 [main] INFO com.iluwatar.commander.Commander - Sorry, there was a problem in creating your order. Please try later.
13:02:07.612 [main] ERROR com.iluwatar.commander.Commander - Order 5G05TUXL2VKD: Shipping service unavailable, order not placed..
13:02:07.612 [main] DEBUG com.iluwatar.commander.Commander - Order 3YRYD62UBM01: Error in creating shipping request..
13:02:07.612 [main] INFO com.iluwatar.commander.Commander - Shipping is currently not possible to your address. We are working on the problem and will get back to you asap.
13:02:07.612 [main] INFO com.iluwatar.commander.Commander - Order 3YRYD62UBM01: Shipping not possible to address, trying to add problem to employee db..
13:02:07.612 [main] INFO com.iluwatar.commander.Commander - Sorry, there was a problem in creating your order. Please try later.
13:02:07.612 [main] ERROR com.iluwatar.commander.Commander - Order 3YRYD62UBM01: Shipping service unavailable, order not placed..
13:02:07.612 [main] INFO com.iluwatar.commander.Commander - Sorry, there was a problem in creating your order. Please try later.
13:02:07.612 [main] ERROR com.iluwatar.commander.Commander - Order 3YRYD62UBM01: Shipping service unavailable, order not placed..
13:02:07.612 [main] INFO com.iluwatar.commander.Commander - Sorry, there was a problem in creating your order. Please try later.
13:02:07.612 [main] ERROR com.iluwatar.commander.Commander - Order 3YRYD62UBM01: Shipping service unavailable, order not placed..
13:02:07.612 [main] INFO com.iluwatar.commander.Commander - Sorry, there was a problem in creating your order. Please try later.
13:02:07.612 [main] ERROR com.iluwatar.commander.Commander - Order OUF736B0XWMF: Shipping service unavailable, order not placed..
13:02:07.612 [main] INFO com.iluwatar.commander.Commander - Sorry, there was a problem in creating your order. Please try later.
13:02:07.612 [main] ERROR com.iluwatar.commander.Commander - Order OUF736B0XWMF: Shipping service unavailable, order not placed..
13:02:07.612 [main] INFO com.iluwatar.commander.Commander - Sorry, there was a problem in creating your order. Please try later.
13:02:07.612 [main] ERROR com.iluwatar.commander.Commander - Order OUF736B0XWMF: Shipping service unavailable, order not placed..
13:02:07.612 [main] INFO com.iluwatar.commander.Commander - Sorry, there was a problem in creating your order. Please try later.
13:02:07.612 [main] ERROR com.iluwatar.commander.Commander - Order OUF736B0XWMF: Shipping service unavailable, order not placed..
13:02:07.612 [main] INFO com.iluwatar.commander.Commander - Sorry, there was a problem in creating your order. Please try later.
13:02:07.612 [main] ERROR com.iluwatar.commander.Commander - Order P5K7RJL5VT4T: Shipping service unavailable, order not placed..
13:02:07.612 [main] INFO com.iluwatar.commander.Commander - Sorry, there was a problem in creating your order. Please try later.
13:02:07.612 [main] ERROR com.iluwatar.commander.Commander - Order P5K7RJL5VT4T: Shipping service unavailable, order not placed..
13:02:07.612 [main] INFO com.iluwatar.commander.Commander - Sorry, there was a problem in creating your order. Please try later.
13:02:07.612 [main] ERROR com.iluwatar.commander.Commander - Order P5K7RJL5VT4T: Shipping service unavailable, order not placed..
13:02:07.612 [main] INFO com.iluwatar.commander.Commander - Sorry, there was a problem in creating your order. Please try later.
13:02:07.612 [main] ERROR com.iluwatar.commander.Commander - Order P5K7RJL5VT4T: Shipping service unavailable, order not placed..
13:02:07.612 [main] DEBUG com.iluwatar.commander.Commander - Order STVHZ9WP9DUD: Error in connecting to shipping service, trying again..
13:02:07.612 [main] INFO com.iluwatar.commander.Commander - Sorry, there was a problem in creating your order. Please try later.
13:02:07.612 [main] ERROR com.iluwatar.commander.Commander - Order STVHZ9WP9DUD: Shipping service unavailable, order not placed..
13:02:07.612 [main] INFO com.iluwatar.commander.Commander - Sorry, there was a problem in creating your order. Please try later.
13:02:07.612 [main] ERROR com.iluwatar.commander.Commander - Order STVHZ9WP9DUD: Shipping service unavailable, order not placed..
13:02:07.612 [main] INFO com.iluwatar.commander.Commander - Sorry, there was a problem in creating your order. Please try later.
13:02:07.612 [main] ERROR com.iluwatar.commander.Commander - Order STVHZ9WP9DUD: Shipping service unavailable, order not placed..
13:02:07.612 [main] INFO com.iluwatar.commander.Commander - Sorry, there was a problem in creating your order. Please try later.
13:02:07.612 [main] ERROR com.iluwatar.commander.Commander - Order STVHZ9WP9DUD: Shipping service unavailable, order not placed..
13:02:07.612 [main] DEBUG com.iluwatar.commander.Commander - Order 6SGD81E5HO99: Error in creating shipping request..
13:02:07.612 [main] INFO com.iluwatar.commander.Commander - This item is currently unavailable. We will inform you as soon as the item becomes available again.
13:02:07.612 [main] INFO com.iluwatar.commander.Commander - Order 6SGD81E5HO99: Item pen unavailable, trying to add problem to employee handle..
13:02:07.612 [main] INFO com.iluwatar.commander.Commander - Sorry, there was a problem in creating your order. Please try later.
13:02:07.612 [main] ERROR com.iluwatar.commander.Commander - Order 6SGD81E5HO99: Shipping service unavailable, order not placed..
13:02:07.612 [main] INFO com.iluwatar.commander.Commander - Sorry, there was a problem in creating your order. Please try later.
13:02:07.612 [main] ERROR com.iluwatar.commander.Commander - Order 6SGD81E5HO99: Shipping service unavailable, order not placed..
13:02:07.612 [main] INFO com.iluwatar.commander.Commander - Sorry, there was a problem in creating your order. Please try later.
13:02:07.612 [main] ERROR com.iluwatar.commander.Commander - Order 6SGD81E5HO99: Shipping service unavailable, order not placed..
13:02:07.612 [main] INFO com.iluwatar.commander.Commander - Sorry, there was a problem in creating your order. Please try later.
13:02:07.612 [main] ERROR com.iluwatar.commander.Commander - Order 52IXEOAGM3W1: Shipping service unavailable, order not placed..
13:02:07.612 [main] INFO com.iluwatar.commander.Commander - Sorry, there was a problem in creating your order. Please try later.
13:02:07.612 [main] ERROR com.iluwatar.commander.Commander - Order 52IXEOAGM3W1: Shipping service unavailable, order not placed..
13:02:07.612 [main] INFO com.iluwatar.commander.Commander - Sorry, there was a problem in creating your order. Please try later.
13:02:07.612 [main] ERROR com.iluwatar.commander.Commander - Order 52IXEOAGM3W1: Shipping service unavailable, order not placed..
13:02:07.612 [main] INFO com.iluwatar.commander.Commander - Sorry, there was a problem in creating your order. Please try later.
13:02:07.612 [main] ERROR com.iluwatar.commander.Commander - Order 52IXEOAGM3W1: Shipping service unavailable, order not placed..
13:02:07.612 [main] INFO com.iluwatar.commander.Commander - Sorry, there was a problem in creating your order. Please try later.
13:02:07.612 [main] ERROR com.iluwatar.commander.Commander - Order NB3SQW9CX60H: Shipping service unavailable, order not placed..
13:02:07.612 [main] INFO com.iluwatar.commander.Commander - Sorry, there was a problem in creating your order. Please try later.
13:02:07.612 [main] ERROR com.iluwatar.commander.Commander - Order NB3SQW9CX60H: Shipping service unavailable, order not placed..
13:02:07.612 [main] INFO com.iluwatar.commander.Commander - Sorry, there was a problem in creating your order. Please try later.
13:02:07.612 [main] ERROR com.iluwatar.commander.Commander - Order NB3SQW9CX60H: Shipping service unavailable, order not placed..
13:02:07.612 [main] INFO com.iluwatar.commander.Commander - Sorry, there was a problem in creating your order. Please try later.
13:02:07.612 [main] ERROR com.iluwatar.commander.Commander - Order NB3SQW9CX60H: Shipping service unavailable, order not placed..
13:02:07.612 [main] DEBUG com.iluwatar.commander.Commander - Order P4Y4B7RTZ9XJ: Error in connecting to shipping service, trying again..
13:02:07.612 [main] INFO com.iluwatar.commander.Commander - Sorry, there was a problem in creating your order. Please try later.
13:02:07.612 [main] ERROR com.iluwatar.commander.Commander - Order P4Y4B7RTZ9XJ: Shipping service unavailable, order not placed..
13:02:07.612 [main] INFO com.iluwatar.commander.Commander - Sorry, there was a problem in creating your order. Please try later.
13:02:07.612 [main] ERROR com.iluwatar.commander.Commander - Order P4Y4B7RTZ9XJ: Shipping service unavailable, order not placed..
13:02:07.612 [main] INFO com.iluwatar.commander.Commander - Sorry, there was a problem in creating your order. Please try later.
13:02:07.612 [main] ERROR com.iluwatar.commander.Commander - Order P4Y4B7RTZ9XJ: Shipping service unavailable, order not placed..
13:02:07.612 [main] INFO com.iluwatar.commander.Commander - Sorry, there was a problem in creating your order. Please try later.
13:02:07.612 [main] ERROR com.iluwatar.commander.Commander - Order P4Y4B7RTZ9XJ: Shipping service unavailable, order not placed..
13:02:07.612 [main] DEBUG com.iluwatar.commander.Commander - Order 8F2B8I6AFGQX: Error in creating shipping request..
13:02:07.612 [main] INFO com.iluwatar.commander.Commander - Sorry, there was a problem in creating your order. Please try later.
13:02:07.612 [main] ERROR com.iluwatar.commander.Commander - Order 8F2B8I6AFGQX: Shipping service unavailable, order not placed..
13:02:07.612 [main] INFO com.iluwatar.commander.Commander - Sorry, there was a problem in creating your order. Please try later.
13:02:07.612 [main] ERROR com.iluwatar.commander.Commander - Order 8F2B8I6AFGQX: Shipping service unavailable, order not placed..
13:02:07.612 [main] INFO com.iluwatar.commander.Commander - Sorry, there was a problem in creating your order. Please try later.
13:02:07.612 [main] ERROR com.iluwatar.commander.Commander - Order 8F2B8I6AFGQX: Shipping service unavailable, order not placed..
13:02:07.612 [main] INFO com.iluwatar.commander.Commander - Sorry, there was a problem in creating your order. Please try later.
13:02:07.612 [main] ERROR com.iluwatar.commander.Commander - Order 8F2B8I6AFGQX: Shipping service unavailable, order not placed..
13:02:07.612 [main] INFO com.iluwatar.commander.Commander - Sorry, there was a problem in creating your order. Please try later.
13:02:07.612 [main] ERROR com.iluwatar.commander.Commander - Order ZYO6CJ3VW0Z9: Shipping service unavailable, order not placed..
13:02:07.612 [main] INFO com.iluwatar.commander.Commander - Sorry, there was a problem in creating your order. Please try later.
13:02:07.612 [main] ERROR com.iluwatar.commander.Commander - Order ZYO6CJ3VW0Z9: Shipping service unavailable, order not placed..
13:02:07.612 [main] INFO com.iluwatar.commander.Commander - Sorry, there was a problem in creating your order. Please try later.
13:02:07.613 [main] ERROR com.iluwatar.commander.Commander - Order ZYO6CJ3VW0Z9: Shipping service unavailable, order not placed..
13:02:07.613 [main] INFO com.iluwatar.commander.Commander - Sorry, there was a problem in creating your order. Please try later.
13:02:07.613 [main] ERROR com.iluwatar.commander.Commander - Order ZYO6CJ3VW0Z9: Shipping service unavailable, order not placed..
13:02:07.613 [main] INFO com.iluwatar.commander.Commander - Sorry, there was a problem in creating your order. Please try later.
13:02:07.613 [main] ERROR com.iluwatar.commander.Commander - Order XATURVJ6SY3T: Shipping service unavailable, order not placed..
13:02:07.613 [main] INFO com.iluwatar.commander.Commander - Sorry, there was a problem in creating your order. Please try later.
13:02:07.613 [main] ERROR com.iluwatar.commander.Commander - Order XATURVJ6SY3T: Shipping service unavailable, order not placed..
13:02:07.613 [main] INFO com.iluwatar.commander.Commander - Sorry, there was a problem in creating your order. Please try later.
13:02:07.613 [main] ERROR com.iluwatar.commander.Commander - Order XATURVJ6SY3T: Shipping service unavailable, order not placed..
13:02:07.613 [main] INFO com.iluwatar.commander.Commander - Sorry, there was a problem in creating your order. Please try later.
13:02:07.613 [main] ERROR com.iluwatar.commander.Commander - Order XATURVJ6SY3T: Shipping service unavailable, order not placed..
13:02:07.613 [main] DEBUG com.iluwatar.commander.Commander - Order QY4WGL4P07KB: Error in connecting to shipping service, trying again..
13:02:07.613 [main] INFO com.iluwatar.commander.Commander - Sorry, there was a problem in creating your order. Please try later.
13:02:07.613 [main] ERROR com.iluwatar.commander.Commander - Order QY4WGL4P07KB: Shipping service unavailable, order not placed..
13:02:07.613 [main] INFO com.iluwatar.commander.Commander - Sorry, there was a problem in creating your order. Please try later.
13:02:07.613 [main] ERROR com.iluwatar.commander.Commander - Order QY4WGL4P07KB: Shipping service unavailable, order not placed..
13:02:07.613 [main] INFO com.iluwatar.commander.Commander - Sorry, there was a problem in creating your order. Please try later.
13:02:07.613 [main] ERROR com.iluwatar.commander.Commander - Order QY4WGL4P07KB: Shipping service unavailable, order not placed..
13:02:07.613 [main] INFO com.iluwatar.commander.Commander - Sorry, there was a problem in creating your order. Please try later.
13:02:07.613 [main] ERROR com.iluwatar.commander.Commander - Order QY4WGL4P07KB: Shipping service unavailable, order not placed..
13:02:07.613 [main] DEBUG com.iluwatar.commander.Commander - Order F8EWD2CLJMG6: Error in creating shipping request..
13:02:07.613 [main] INFO com.iluwatar.commander.Commander - Sorry, there was a problem in creating your order. Please try later.
13:02:07.613 [main] ERROR com.iluwatar.commander.Commander - Order F8EWD2CLJMG6: Shipping service unavailable, order not placed..
13:02:07.613 [main] INFO com.iluwatar.commander.Commander - Sorry, there was a problem in creating your order. Please try later.
13:02:07.613 [main] ERROR com.iluwatar.commander.Commander - Order F8EWD2CLJMG6: Shipping service unavailable, order not placed..
13:02:07.613 [main] INFO com.iluwatar.commander.Commander - Sorry, there was a problem in creating your order. Please try later.
13:02:07.613 [main] ERROR com.iluwatar.commander.Commander - Order F8EWD2CLJMG6: Shipping service unavailable, order not placed..
13:02:07.613 [main] INFO com.iluwatar.commander.Commander - Sorry, there was a problem in creating your order. Please try later.
13:02:07.613 [main] ERROR com.iluwatar.commander.Commander - Order F8EWD2CLJMG6: Shipping service unavailable, order not placed..
13:02:07.613 [main] INFO com.iluwatar.commander.Commander - Sorry, there was a problem in creating your order. Please try later.
13:02:07.613 [main] ERROR com.iluwatar.commander.Commander - Order INWQNJS6P8OI: Shipping service unavailable, order not placed..
13:02:07.613 [main] INFO com.iluwatar.commander.Commander - Sorry, there was a problem in creating your order. Please try later.
13:02:07.613 [main] ERROR com.iluwatar.commander.Commander - Order INWQNJS6P8OI: Shipping service unavailable, order not placed..
13:02:07.613 [main] INFO com.iluwatar.commander.Commander - Sorry, there was a problem in creating your order. Please try later.
13:02:07.613 [main] ERROR com.iluwatar.commander.Commander - Order INWQNJS6P8OI: Shipping service unavailable, order not placed..
13:02:07.613 [main] INFO com.iluwatar.commander.Commander - Sorry, there was a problem in creating your order. Please try later.
13:02:07.613 [main] ERROR com.iluwatar.commander.Commander - Order INWQNJS6P8OI: Shipping service unavailable, order not placed..
13:02:07.613 [main] INFO com.iluwatar.commander.Commander - Sorry, there was a problem in creating your order. Please try later.
13:02:07.613 [main] ERROR com.iluwatar.commander.Commander - Order 09LCPDTRWIEQ: Shipping service unavailable, order not placed..
13:02:07.613 [main] INFO com.iluwatar.commander.Commander - Sorry, there was a problem in creating your order. Please try later.
13:02:07.613 [main] ERROR com.iluwatar.commander.Commander - Order 09LCPDTRWIEQ: Shipping service unavailable, order not placed..
13:02:07.613 [main] INFO com.iluwatar.commander.Commander - Sorry, there was a problem in creating your order. Please try later.
13:02:07.613 [main] ERROR com.iluwatar.commander.Commander - Order 09LCPDTRWIEQ: Shipping service unavailable, order not placed..
13:02:07.613 [main] INFO com.iluwatar.commander.Commander - Sorry, there was a problem in creating your order. Please try later.
13:02:07.613 [main] ERROR com.iluwatar.commander.Commander - Order 09LCPDTRWIEQ: Shipping service unavailable, order not placed..
13:02:07.614 [main] DEBUG com.iluwatar.commander.Commander - Order YXSLXDUEITAR: Error in connecting to shipping service, trying again..
13:02:07.614 [main] INFO com.iluwatar.commander.Commander - Sorry, there was a problem in creating your order. Please try later.
13:02:07.614 [main] ERROR com.iluwatar.commander.Commander - Order YXSLXDUEITAR: Shipping service unavailable, order not placed..
13:02:07.614 [main] INFO com.iluwatar.commander.Commander - Sorry, there was a problem in creating your order. Please try later.
13:02:07.614 [main] ERROR com.iluwatar.commander.Commander - Order YXSLXDUEITAR: Shipping service unavailable, order not placed..
13:02:07.614 [main] INFO com.iluwatar.commander.Commander - Sorry, there was a problem in creating your order. Please try later.
13:02:07.614 [main] ERROR com.iluwatar.commander.Commander - Order YXSLXDUEITAR: Shipping service unavailable, order not placed..
13:02:07.614 [main] INFO com.iluwatar.commander.Commander - Sorry, there was a problem in creating your order. Please try later.
13:02:07.614 [main] ERROR com.iluwatar.commander.Commander - Order YXSLXDUEITAR: Shipping service unavailable, order not placed..
13:02:07.614 [main] DEBUG com.iluwatar.commander.Commander - Order NCG9BM0XCXQ0: Error in connecting to shipping service, trying again..
13:02:07.614 [main] INFO com.iluwatar.commander.Commander - Sorry, there was a problem in creating your order. Please try later.
13:02:07.614 [main] ERROR com.iluwatar.commander.Commander - Order NCG9BM0XCXQ0: Shipping service unavailable, order not placed..
13:02:07.614 [main] INFO com.iluwatar.commander.Commander - Sorry, there was a problem in creating your order. Please try later.
13:02:07.614 [main] ERROR com.iluwatar.commander.Commander - Order NCG9BM0XCXQ0: Shipping service unavailable, order not placed..
13:02:07.614 [main] INFO com.iluwatar.commander.Commander - Sorry, there was a problem in creating your order. Please try later.
13:02:07.614 [main] ERROR com.iluwatar.commander.Commander - Order NCG9BM0XCXQ0: Shipping service unavailable, order not placed..
13:02:07.614 [main] INFO com.iluwatar.commander.Commander - Sorry, there was a problem in creating your order. Please try later.
13:02:07.614 [main] ERROR com.iluwatar.commander.Commander - Order NCG9BM0XCXQ0: Shipping service unavailable, order not placed..
13:02:07.614 [main] INFO com.iluwatar.commander.Commander - Sorry, there was a problem in creating your order. Please try later.
13:02:07.614 [main] ERROR com.iluwatar.commander.Commander - Order ZG5XZDNKZVPF: Shipping service unavailable, order not placed..
13:02:07.614 [main] INFO com.iluwatar.commander.Commander - Sorry, there was a problem in creating your order. Please try later.
13:02:07.614 [main] ERROR com.iluwatar.commander.Commander - Order ZG5XZDNKZVPF: Shipping service unavailable, order not placed..
13:02:07.614 [main] INFO com.iluwatar.commander.Commander - Sorry, there was a problem in creating your order. Please try later.
13:02:07.614 [main] ERROR com.iluwatar.commander.Commander - Order ZG5XZDNKZVPF: Shipping service unavailable, order not placed..
13:02:07.614 [main] INFO com.iluwatar.commander.Commander - Sorry, there was a problem in creating your order. Please try later.
13:02:07.614 [main] ERROR com.iluwatar.commander.Commander - Order ZG5XZDNKZVPF: Shipping service unavailable, order not placed..
13:02:07.614 [main] INFO com.iluwatar.commander.Commander - Sorry, there was a problem in creating your order. Please try later.
13:02:07.614 [main] ERROR com.iluwatar.commander.Commander - Order SFGRCDASJ1QG: Shipping service unavailable, order not placed..
13:02:07.614 [main] INFO com.iluwatar.commander.Commander - Sorry, there was a problem in creating your order. Please try later.
13:02:07.614 [main] ERROR com.iluwatar.commander.Commander - Order SFGRCDASJ1QG: Shipping service unavailable, order not placed..
13:02:07.614 [main] INFO com.iluwatar.commander.Commander - Sorry, there was a problem in creating your order. Please try later.
13:02:07.614 [main] ERROR com.iluwatar.commander.Commander - Order SFGRCDASJ1QG: Shipping service unavailable, order not placed..
13:02:07.614 [main] INFO com.iluwatar.commander.Commander - Sorry, there was a problem in creating your order. Please try later.
13:02:07.614 [main] ERROR com.iluwatar.commander.Commander - Order SFGRCDASJ1QG: Shipping service unavailable, order not placed..
13:02:07.614 [main] DEBUG com.iluwatar.commander.Commander - Order 1TX5VSH8KYT2: Error in connecting to shipping service, trying again..
13:02:07.614 [main] INFO com.iluwatar.commander.Commander - Sorry, there was a problem in creating your order. Please try later.
13:02:07.614 [main] ERROR com.iluwatar.commander.Commander - Order 1TX5VSH8KYT2: Shipping service unavailable, order not placed..
13:02:07.614 [main] INFO com.iluwatar.commander.Commander - Sorry, there was a problem in creating your order. Please try later.
13:02:07.614 [main] ERROR com.iluwatar.commander.Commander - Order 1TX5VSH8KYT2: Shipping service unavailable, order not placed..
13:02:07.614 [main] INFO com.iluwatar.commander.Commander - Sorry, there was a problem in creating your order. Please try later.
13:02:07.614 [main] ERROR com.iluwatar.commander.Commander - Order 1TX5VSH8KYT2: Shipping service unavailable, order not placed..
13:02:07.614 [main] INFO com.iluwatar.commander.Commander - Sorry, there was a problem in creating your order. Please try later.
13:02:07.614 [main] ERROR com.iluwatar.commander.Commander - Order 1TX5VSH8KYT2: Shipping service unavailable, order not placed..
13:02:07.614 [main] DEBUG com.iluwatar.commander.Commander - Order WRND4M1EHL9C: Error in creating shipping request..
13:02:07.614 [main] INFO com.iluwatar.commander.Commander - Shipping is currently not possible to your address. We are working on the problem and will get back to you asap.
13:02:07.614 [main] INFO com.iluwatar.commander.Commander - Order WRND4M1EHL9C: Shipping not possible to address, trying to add problem to employee db..
13:02:07.614 [main] INFO com.iluwatar.commander.Commander - Sorry, there was a problem in creating your order. Please try later.
13:02:07.614 [main] ERROR com.iluwatar.commander.Commander - Order WRND4M1EHL9C: Shipping service unavailable, order not placed..
13:02:07.614 [main] INFO com.iluwatar.commander.Commander - Sorry, there was a problem in creating your order. Please try later.
13:02:07.614 [main] ERROR com.iluwatar.commander.Commander - Order WRND4M1EHL9C: Shipping service unavailable, order not placed..
13:02:07.614 [main] INFO com.iluwatar.commander.Commander - Sorry, there was a problem in creating your order. Please try later.
13:02:07.614 [main] ERROR com.iluwatar.commander.Commander - Order WRND4M1EHL9C: Shipping service unavailable, order not placed..
13:02:07.614 [main] INFO com.iluwatar.commander.Commander - Sorry, there was a problem in creating your order. Please try later.
13:02:07.614 [main] ERROR com.iluwatar.commander.Commander - Order G9ZVXUTEILLK: Shipping service unavailable, order not placed..
13:02:07.614 [main] INFO com.iluwatar.commander.Commander - Sorry, there was a problem in creating your order. Please try later.
13:02:07.614 [main] ERROR com.iluwatar.commander.Commander - Order G9ZVXUTEILLK: Shipping service unavailable, order not placed..
13:02:07.614 [main] INFO com.iluwatar.commander.Commander - Sorry, there was a problem in creating your order. Please try later.
13:02:07.614 [main] ERROR com.iluwatar.commander.Commander - Order G9ZVXUTEILLK: Shipping service unavailable, order not placed..
13:02:07.614 [main] INFO com.iluwatar.commander.Commander - Sorry, there was a problem in creating your order. Please try later.
13:02:07.614 [main] ERROR com.iluwatar.commander.Commander - Order G9ZVXUTEILLK: Shipping service unavailable, order not placed..
13:02:07.614 [main] INFO com.iluwatar.commander.Commander - Sorry, there was a problem in creating your order. Please try later.
13:02:07.614 [main] ERROR com.iluwatar.commander.Commander - Order GN9CULVNZTDK: Shipping service unavailable, order not placed..
13:02:07.614 [main] INFO com.iluwatar.commander.Commander - Sorry, there was a problem in creating your order. Please try later.
13:02:07.614 [main] ERROR com.iluwatar.commander.Commander - Order GN9CULVNZTDK: Shipping service unavailable, order not placed..
13:02:07.614 [main] INFO com.iluwatar.commander.Commander - Sorry, there was a problem in creating your order. Please try later.
13:02:07.614 [main] ERROR com.iluwatar.commander.Commander - Order GN9CULVNZTDK: Shipping service unavailable, order not placed..
13:02:07.614 [main] INFO com.iluwatar.commander.Commander - Sorry, there was a problem in creating your order. Please try later.
13:02:07.614 [main] ERROR com.iluwatar.commander.Commander - Order GN9CULVNZTDK: Shipping service unavailable, order not placed..
13:02:07.614 [main] DEBUG com.iluwatar.commander.Commander - Order ITH1LRDVQCQ1: Error in connecting to shipping service, trying again..
13:02:07.614 [main] INFO com.iluwatar.commander.Commander - Sorry, there was a problem in creating your order. Please try later.
13:02:07.614 [main] ERROR com.iluwatar.commander.Commander - Order ITH1LRDVQCQ1: Shipping service unavailable, order not placed..
13:02:07.614 [main] INFO com.iluwatar.commander.Commander - Sorry, there was a problem in creating your order. Please try later.
13:02:07.614 [main] ERROR com.iluwatar.commander.Commander - Order ITH1LRDVQCQ1: Shipping service unavailable, order not placed..
13:02:07.614 [main] INFO com.iluwatar.commander.Commander - Sorry, there was a problem in creating your order. Please try later.
13:02:07.614 [main] ERROR com.iluwatar.commander.Commander - Order ITH1LRDVQCQ1: Shipping service unavailable, order not placed..
13:02:07.614 [main] INFO com.iluwatar.commander.Commander - Sorry, there was a problem in creating your order. Please try later.
13:02:07.614 [main] ERROR com.iluwatar.commander.Commander - Order ITH1LRDVQCQ1: Shipping service unavailable, order not placed..
13:02:07.614 [main] DEBUG com.iluwatar.commander.Commander - Order 686PKSIBH162: Error in creating shipping request..
13:02:07.614 [main] INFO com.iluwatar.commander.Commander - This item is currently unavailable. We will inform you as soon as the item becomes available again.
13:02:07.614 [main] INFO com.iluwatar.commander.Commander - Order 686PKSIBH162: Item pen unavailable, trying to add problem to employee handle..
13:02:07.614 [main] INFO com.iluwatar.commander.Commander - Sorry, there was a problem in creating your order. Please try later.
13:02:07.614 [main] ERROR com.iluwatar.commander.Commander - Order 686PKSIBH162: Shipping service unavailable, order not placed..
13:02:07.614 [main] INFO com.iluwatar.commander.Commander - Sorry, there was a problem in creating your order. Please try later.
13:02:07.614 [main] ERROR com.iluwatar.commander.Commander - Order 686PKSIBH162: Shipping service unavailable, order not placed..
13:02:07.614 [main] INFO com.iluwatar.commander.Commander - Sorry, there was a problem in creating your order. Please try later.
13:02:07.614 [main] ERROR com.iluwatar.commander.Commander - Order 686PKSIBH162: Shipping service unavailable, order not placed..
13:02:07.614 [main] INFO com.iluwatar.commander.Commander - Sorry, there was a problem in creating your order. Please try later.
13:02:07.614 [main] ERROR com.iluwatar.commander.Commander - Order IHJWC8NLOPJA: Shipping service unavailable, order not placed..
13:02:07.614 [main] INFO com.iluwatar.commander.Commander - Sorry, there was a problem in creating your order. Please try later.
13:02:07.614 [main] ERROR com.iluwatar.commander.Commander - Order IHJWC8NLOPJA: Shipping service unavailable, order not placed..
13:02:07.614 [main] INFO com.iluwatar.commander.Commander - Sorry, there was a problem in creating your order. Please try later.
13:02:07.614 [main] ERROR com.iluwatar.commander.Commander - Order IHJWC8NLOPJA: Shipping service unavailable, order not placed..
13:02:07.614 [main] INFO com.iluwatar.commander.Commander - Sorry, there was a problem in creating your order. Please try later.
13:02:07.614 [main] ERROR com.iluwatar.commander.Commander - Order IHJWC8NLOPJA: Shipping service unavailable, order not placed..
13:02:07.614 [main] INFO com.iluwatar.commander.Commander - Sorry, there was a problem in creating your order. Please try later.
13:02:07.614 [main] ERROR com.iluwatar.commander.Commander - Order RAFTK18OZY60: Shipping service unavailable, order not placed..
13:02:07.615 [main] INFO com.iluwatar.commander.Commander - Sorry, there was a problem in creating your order. Please try later.
13:02:07.615 [main] ERROR com.iluwatar.commander.Commander - Order RAFTK18OZY60: Shipping service unavailable, order not placed..
13:02:07.615 [main] INFO com.iluwatar.commander.Commander - Sorry, there was a problem in creating your order. Please try later.
13:02:07.615 [main] ERROR com.iluwatar.commander.Commander - Order RAFTK18OZY60: Shipping service unavailable, order not placed..
13:02:07.615 [main] INFO com.iluwatar.commander.Commander - Sorry, there was a problem in creating your order. Please try later.
13:02:07.615 [main] ERROR com.iluwatar.commander.Commander - Order RAFTK18OZY60: Shipping service unavailable, order not placed..
13:02:07.615 [main] DEBUG com.iluwatar.commander.Commander - Order X8RT78TREWVI: Error in connecting to shipping service, trying again..
13:02:07.615 [main] INFO com.iluwatar.commander.Commander - Sorry, there was a problem in creating your order. Please try later.
13:02:07.615 [main] ERROR com.iluwatar.commander.Commander - Order X8RT78TREWVI: Shipping service unavailable, order not placed..
13:02:07.615 [main] INFO com.iluwatar.commander.Commander - Sorry, there was a problem in creating your order. Please try later.
13:02:07.615 [main] ERROR com.iluwatar.commander.Commander - Order X8RT78TREWVI: Shipping service unavailable, order not placed..
13:02:07.615 [main] INFO com.iluwatar.commander.Commander - Sorry, there was a problem in creating your order. Please try later.
13:02:07.615 [main] ERROR com.iluwatar.commander.Commander - Order X8RT78TREWVI: Shipping service unavailable, order not placed..
13:02:07.615 [main] INFO com.iluwatar.commander.Commander - Sorry, there was a problem in creating your order. Please try later.
13:02:07.615 [main] ERROR com.iluwatar.commander.Commander - Order X8RT78TREWVI: Shipping service unavailable, order not placed..
13:02:07.615 [main] DEBUG com.iluwatar.commander.Commander - Order HJZJIKL86IPI: Error in creating shipping request..
13:02:07.615 [main] INFO com.iluwatar.commander.Commander - Sorry, there was a problem in creating your order. Please try later.
13:02:07.615 [main] ERROR com.iluwatar.commander.Commander - Order HJZJIKL86IPI: Shipping service unavailable, order not placed..
13:02:07.615 [main] INFO com.iluwatar.commander.Commander - Sorry, there was a problem in creating your order. Please try later.
13:02:07.615 [main] ERROR com.iluwatar.commander.Commander - Order HJZJIKL86IPI: Shipping service unavailable, order not placed..
13:02:07.615 [main] INFO com.iluwatar.commander.Commander - Sorry, there was a problem in creating your order. Please try later.
13:02:07.615 [main] ERROR com.iluwatar.commander.Commander - Order HJZJIKL86IPI: Shipping service unavailable, order not placed..
13:02:07.615 [main] INFO com.iluwatar.commander.Commander - Sorry, there was a problem in creating your order. Please try later.
13:02:07.615 [main] ERROR com.iluwatar.commander.Commander - Order HJZJIKL86IPI: Shipping service unavailable, order not placed..
13:02:07.615 [main] INFO com.iluwatar.commander.Commander - Sorry, there was a problem in creating your order. Please try later.
13:02:07.615 [main] ERROR com.iluwatar.commander.Commander - Order OFMQ76V5HPB5: Shipping service unavailable, order not placed..
13:02:07.615 [main] INFO com.iluwatar.commander.Commander - Sorry, there was a problem in creating your order. Please try later.
13:02:07.615 [main] ERROR com.iluwatar.commander.Commander - Order OFMQ76V5HPB5: Shipping service unavailable, order not placed..
13:02:07.615 [main] INFO com.iluwatar.commander.Commander - Sorry, there was a problem in creating your order. Please try later.
13:02:07.615 [main] ERROR com.iluwatar.commander.Commander - Order OFMQ76V5HPB5: Shipping service unavailable, order not placed..
13:02:07.615 [main] INFO com.iluwatar.commander.Commander - Sorry, there was a problem in creating your order. Please try later.
13:02:07.615 [main] ERROR com.iluwatar.commander.Commander - Order OFMQ76V5HPB5: Shipping service unavailable, order not placed..
13:02:07.615 [main] INFO com.iluwatar.commander.Commander - Sorry, there was a problem in creating your order. Please try later.
13:02:07.615 [main] ERROR com.iluwatar.commander.Commander - Order 2WOCE4VVTNNH: Shipping service unavailable, order not placed..
13:02:07.615 [main] INFO com.iluwatar.commander.Commander - Sorry, there was a problem in creating your order. Please try later.
13:02:07.615 [main] ERROR com.iluwatar.commander.Commander - Order 2WOCE4VVTNNH: Shipping service unavailable, order not placed..
13:02:07.615 [main] INFO com.iluwatar.commander.Commander - Sorry, there was a problem in creating your order. Please try later.
13:02:07.615 [main] ERROR com.iluwatar.commander.Commander - Order 2WOCE4VVTNNH: Shipping service unavailable, order not placed..
13:02:07.615 [main] INFO com.iluwatar.commander.Commander - Sorry, there was a problem in creating your order. Please try later.
13:02:07.615 [main] ERROR com.iluwatar.commander.Commander - Order 2WOCE4VVTNNH: Shipping service unavailable, order not placed..
13:02:07.615 [main] DEBUG com.iluwatar.commander.Commander - Order LMBDO1ZBSFZZ: Error in connecting to shipping service, trying again..
13:02:07.615 [main] INFO com.iluwatar.commander.Commander - Sorry, there was a problem in creating your order. Please try later.
13:02:07.615 [main] ERROR com.iluwatar.commander.Commander - Order LMBDO1ZBSFZZ: Shipping service unavailable, order not placed..
13:02:07.615 [main] INFO com.iluwatar.commander.Commander - Sorry, there was a problem in creating your order. Please try later.
13:02:07.615 [main] ERROR com.iluwatar.commander.Commander - Order LMBDO1ZBSFZZ: Shipping service unavailable, order not placed..
13:02:07.615 [main] INFO com.iluwatar.commander.Commander - Sorry, there was a problem in creating your order. Please try later.
13:02:07.615 [main] ERROR com.iluwatar.commander.Commander - Order LMBDO1ZBSFZZ: Shipping service unavailable, order not placed..
13:02:07.615 [main] INFO com.iluwatar.commander.Commander - Sorry, there was a problem in creating your order. Please try later.
13:02:07.615 [main] ERROR com.iluwatar.commander.Commander - Order LMBDO1ZBSFZZ: Shipping service unavailable, order not placed..
13:02:07.615 [main] DEBUG com.iluwatar.commander.Commander - Order 4IIG2TZ1LRMM: Error in creating shipping request..
13:02:07.615 [main] INFO com.iluwatar.commander.Commander - Sorry, there was a problem in creating your order. Please try later.
13:02:07.615 [main] ERROR com.iluwatar.commander.Commander - Order 4IIG2TZ1LRMM: Shipping service unavailable, order not placed..
13:02:07.615 [main] INFO com.iluwatar.commander.Commander - Sorry, there was a problem in creating your order. Please try later.
13:02:07.615 [main] ERROR com.iluwatar.commander.Commander - Order 4IIG2TZ1LRMM: Shipping service unavailable, order not placed..
13:02:07.615 [main] INFO com.iluwatar.commander.Commander - Sorry, there was a problem in creating your order. Please try later.
13:02:07.615 [main] ERROR com.iluwatar.commander.Commander - Order 4IIG2TZ1LRMM: Shipping service unavailable, order not placed..
13:02:07.615 [main] INFO com.iluwatar.commander.Commander - Sorry, there was a problem in creating your order. Please try later.
13:02:07.615 [main] ERROR com.iluwatar.commander.Commander - Order 4IIG2TZ1LRMM: Shipping service unavailable, order not placed..
13:02:07.615 [main] INFO com.iluwatar.commander.Commander - Sorry, there was a problem in creating your order. Please try later.
13:02:07.615 [main] ERROR com.iluwatar.commander.Commander - Order Z4IZJ66SY6MG: Shipping service unavailable, order not placed..
13:02:07.615 [main] INFO com.iluwatar.commander.Commander - Sorry, there was a problem in creating your order. Please try later.
13:02:07.615 [main] ERROR com.iluwatar.commander.Commander - Order Z4IZJ66SY6MG: Shipping service unavailable, order not placed..
13:02:07.615 [main] INFO com.iluwatar.commander.Commander - Sorry, there was a problem in creating your order. Please try later.
13:02:07.615 [main] ERROR com.iluwatar.commander.Commander - Order Z4IZJ66SY6MG: Shipping service unavailable, order not placed..
13:02:07.615 [main] INFO com.iluwatar.commander.Commander - Sorry, there was a problem in creating your order. Please try later.
13:02:07.615 [main] ERROR com.iluwatar.commander.Commander - Order Z4IZJ66SY6MG: Shipping service unavailable, order not placed..
13:02:07.615 [main] INFO com.iluwatar.commander.Commander - Sorry, there was a problem in creating your order. Please try later.
13:02:07.615 [main] ERROR com.iluwatar.commander.Commander - Order 4E7TO10Z66LL: Shipping service unavailable, order not placed..
13:02:07.615 [main] INFO com.iluwatar.commander.Commander - Sorry, there was a problem in creating your order. Please try later.
13:02:07.615 [main] ERROR com.iluwatar.commander.Commander - Order 4E7TO10Z66LL: Shipping service unavailable, order not placed..
13:02:07.615 [main] INFO com.iluwatar.commander.Commander - Sorry, there was a problem in creating your order. Please try later.
13:02:07.615 [main] ERROR com.iluwatar.commander.Commander - Order 4E7TO10Z66LL: Shipping service unavailable, order not placed..
13:02:07.615 [main] INFO com.iluwatar.commander.Commander - Sorry, there was a problem in creating your order. Please try later.
13:02:07.615 [main] ERROR com.iluwatar.commander.Commander - Order 4E7TO10Z66LL: Shipping service unavailable, order not placed..
13:02:07.615 [main] DEBUG com.iluwatar.commander.Commander - Order B7AGU1SOFVFB: Error in connecting to shipping service, trying again..
13:02:07.615 [main] INFO com.iluwatar.commander.Commander - Sorry, there was a problem in creating your order. Please try later.
13:02:07.615 [main] ERROR com.iluwatar.commander.Commander - Order B7AGU1SOFVFB: Shipping service unavailable, order not placed..
13:02:07.615 [main] INFO com.iluwatar.commander.Commander - Sorry, there was a problem in creating your order. Please try later.
13:02:07.615 [main] ERROR com.iluwatar.commander.Commander - Order B7AGU1SOFVFB: Shipping service unavailable, order not placed..
13:02:07.615 [main] INFO com.iluwatar.commander.Commander - Sorry, there was a problem in creating your order. Please try later.
13:02:07.615 [main] ERROR com.iluwatar.commander.Commander - Order B7AGU1SOFVFB: Shipping service unavailable, order not placed..
13:02:07.615 [main] INFO com.iluwatar.commander.Commander - Sorry, there was a problem in creating your order. Please try later.
13:02:07.615 [main] ERROR com.iluwatar.commander.Commander - Order B7AGU1SOFVFB: Shipping service unavailable, order not placed..
13:02:07.615 [main] DEBUG com.iluwatar.commander.Commander - Order SMYHXT1IWBEB: Error in connecting to shipping service, trying again..
13:02:07.615 [main] INFO com.iluwatar.commander.Commander - Sorry, there was a problem in creating your order. Please try later.
13:02:07.615 [main] ERROR com.iluwatar.commander.Commander - Order SMYHXT1IWBEB: Shipping service unavailable, order not placed..
13:02:07.615 [main] INFO com.iluwatar.commander.Commander - Sorry, there was a problem in creating your order. Please try later.
13:02:07.615 [main] ERROR com.iluwatar.commander.Commander - Order SMYHXT1IWBEB: Shipping service unavailable, order not placed..
13:02:07.615 [main] INFO com.iluwatar.commander.Commander - Sorry, there was a problem in creating your order. Please try later.
13:02:07.615 [main] ERROR com.iluwatar.commander.Commander - Order SMYHXT1IWBEB: Shipping service unavailable, order not placed..
13:02:07.615 [main] INFO com.iluwatar.commander.Commander - Sorry, there was a problem in creating your order. Please try later.
13:02:07.615 [main] ERROR com.iluwatar.commander.Commander - Order SMYHXT1IWBEB: Shipping service unavailable, order not placed..
13:02:07.615 [main] INFO com.iluwatar.commander.Commander - Sorry, there was a problem in creating your order. Please try later.
13:02:07.615 [main] ERROR com.iluwatar.commander.Commander - Order WTANSUGJENGO: Shipping service unavailable, order not placed..
13:02:07.615 [main] INFO com.iluwatar.commander.Commander - Sorry, there was a problem in creating your order. Please try later.
13:02:07.615 [main] ERROR com.iluwatar.commander.Commander - Order WTANSUGJENGO: Shipping service unavailable, order not placed..
13:02:07.615 [main] INFO com.iluwatar.commander.Commander - Sorry, there was a problem in creating your order. Please try later.
13:02:07.615 [main] ERROR com.iluwatar.commander.Commander - Order WTANSUGJENGO: Shipping service unavailable, order not placed..
13:02:07.615 [main] INFO com.iluwatar.commander.Commander - Sorry, there was a problem in creating your order. Please try later.
13:02:07.615 [main] ERROR com.iluwatar.commander.Commander - Order WTANSUGJENGO: Shipping service unavailable, order not placed..
13:02:07.615 [main] INFO com.iluwatar.commander.Commander - Sorry, there was a problem in creating your order. Please try later.
13:02:07.615 [main] ERROR com.iluwatar.commander.Commander - Order 42GI77ABNANN: Shipping service unavailable, order not placed..
13:02:07.615 [main] INFO com.iluwatar.commander.Commander - Sorry, there was a problem in creating your order. Please try later.
13:02:07.615 [main] ERROR com.iluwatar.commander.Commander - Order 42GI77ABNANN: Shipping service unavailable, order not placed..
13:02:07.615 [main] INFO com.iluwatar.commander.Commander - Sorry, there was a problem in creating your order. Please try later.
13:02:07.615 [main] ERROR com.iluwatar.commander.Commander - Order 42GI77ABNANN: Shipping service unavailable, order not placed..
13:02:07.615 [main] INFO com.iluwatar.commander.Commander - Sorry, there was a problem in creating your order. Please try later.
13:02:07.615 [main] ERROR com.iluwatar.commander.Commander - Order 42GI77ABNANN: Shipping service unavailable, order not placed..
13:02:07.615 [main] DEBUG com.iluwatar.commander.Commander - Order MES48MKO32UT: Error in connecting to shipping service, trying again..
13:02:07.615 [main] INFO com.iluwatar.commander.Commander - Sorry, there was a problem in creating your order. Please try later.
13:02:07.615 [main] ERROR com.iluwatar.commander.Commander - Order MES48MKO32UT: Shipping service unavailable, order not placed..
13:02:07.615 [main] INFO com.iluwatar.commander.Commander - Sorry, there was a problem in creating your order. Please try later.
13:02:07.615 [main] ERROR com.iluwatar.commander.Commander - Order MES48MKO32UT: Shipping service unavailable, order not placed..
13:02:07.615 [main] INFO com.iluwatar.commander.Commander - Sorry, there was a problem in creating your order. Please try later.
13:02:07.615 [main] ERROR com.iluwatar.commander.Commander - Order MES48MKO32UT: Shipping service unavailable, order not placed..
13:02:07.615 [main] INFO com.iluwatar.commander.Commander - Sorry, there was a problem in creating your order. Please try later.
13:02:07.615 [main] ERROR com.iluwatar.commander.Commander - Order MES48MKO32UT: Shipping service unavailable, order not placed..
13:02:07.615 [main] DEBUG com.iluwatar.commander.Commander - Order BB22D181LIUX: Error in creating shipping request..
13:02:07.615 [main] INFO com.iluwatar.commander.Commander - Shipping is currently not possible to your address. We are working on the problem and will get back to you asap.
13:02:07.615 [main] INFO com.iluwatar.commander.Commander - Order BB22D181LIUX: Shipping not possible to address, trying to add problem to employee db..
13:02:07.615 [main] INFO com.iluwatar.commander.Commander - Sorry, there was a problem in creating your order. Please try later.
13:02:07.615 [main] ERROR com.iluwatar.commander.Commander - Order BB22D181LIUX: Shipping service unavailable, order not placed..
13:02:07.615 [main] INFO com.iluwatar.commander.Commander - Sorry, there was a problem in creating your order. Please try later.
13:02:07.615 [main] ERROR com.iluwatar.commander.Commander - Order BB22D181LIUX: Shipping service unavailable, order not placed..
13:02:07.615 [main] INFO com.iluwatar.commander.Commander - Sorry, there was a problem in creating your order. Please try later.
13:02:07.615 [main] ERROR com.iluwatar.commander.Commander - Order BB22D181LIUX: Shipping service unavailable, order not placed..
13:02:07.615 [main] INFO com.iluwatar.commander.Commander - Sorry, there was a problem in creating your order. Please try later.
13:02:07.615 [main] ERROR com.iluwatar.commander.Commander - Order N4O2FN52827B: Shipping service unavailable, order not placed..
13:02:07.615 [main] INFO com.iluwatar.commander.Commander - Sorry, there was a problem in creating your order. Please try later.
13:02:07.615 [main] ERROR com.iluwatar.commander.Commander - Order N4O2FN52827B: Shipping service unavailable, order not placed..
13:02:07.615 [main] INFO com.iluwatar.commander.Commander - Sorry, there was a problem in creating your order. Please try later.
13:02:07.616 [main] ERROR com.iluwatar.commander.Commander - Order N4O2FN52827B: Shipping service unavailable, order not placed..
13:02:07.616 [main] INFO com.iluwatar.commander.Commander - Sorry, there was a problem in creating your order. Please try later.
13:02:07.616 [main] ERROR com.iluwatar.commander.Commander - Order N4O2FN52827B: Shipping service unavailable, order not placed..
13:02:07.616 [main] INFO com.iluwatar.commander.Commander - Sorry, there was a problem in creating your order. Please try later.
13:02:07.616 [main] ERROR com.iluwatar.commander.Commander - Order P7EVO16ASE53: Shipping service unavailable, order not placed..
13:02:07.616 [main] INFO com.iluwatar.commander.Commander - Sorry, there was a problem in creating your order. Please try later.
13:02:07.616 [main] ERROR com.iluwatar.commander.Commander - Order P7EVO16ASE53: Shipping service unavailable, order not placed..
13:02:07.616 [main] INFO com.iluwatar.commander.Commander - Sorry, there was a problem in creating your order. Please try later.
13:02:07.616 [main] ERROR com.iluwatar.commander.Commander - Order P7EVO16ASE53: Shipping service unavailable, order not placed..
13:02:07.616 [main] INFO com.iluwatar.commander.Commander - Sorry, there was a problem in creating your order. Please try later.
13:02:07.616 [main] ERROR com.iluwatar.commander.Commander - Order P7EVO16ASE53: Shipping service unavailable, order not placed..
13:02:07.616 [main] DEBUG com.iluwatar.commander.Commander - Order JK6UVL70P7AJ: Error in connecting to shipping service, trying again..
13:02:07.616 [main] INFO com.iluwatar.commander.Commander - Sorry, there was a problem in creating your order. Please try later.
13:02:07.616 [main] ERROR com.iluwatar.commander.Commander - Order JK6UVL70P7AJ: Shipping service unavailable, order not placed..
13:02:07.616 [main] INFO com.iluwatar.commander.Commander - Sorry, there was a problem in creating your order. Please try later.
13:02:07.616 [main] ERROR com.iluwatar.commander.Commander - Order JK6UVL70P7AJ: Shipping service unavailable, order not placed..
13:02:07.616 [main] INFO com.iluwatar.commander.Commander - Sorry, there was a problem in creating your order. Please try later.
13:02:07.616 [main] ERROR com.iluwatar.commander.Commander - Order JK6UVL70P7AJ: Shipping service unavailable, order not placed..
13:02:07.616 [main] INFO com.iluwatar.commander.Commander - Sorry, there was a problem in creating your order. Please try later.
13:02:07.616 [main] ERROR com.iluwatar.commander.Commander - Order JK6UVL70P7AJ: Shipping service unavailable, order not placed..
13:02:07.616 [main] DEBUG com.iluwatar.commander.Commander - Order A1Z94PYEZ3LV: Error in creating shipping request..
13:02:07.616 [main] INFO com.iluwatar.commander.Commander - This item is currently unavailable. We will inform you as soon as the item becomes available again.
13:02:07.616 [main] INFO com.iluwatar.commander.Commander - Order A1Z94PYEZ3LV: Item pen unavailable, trying to add problem to employee handle..
13:02:07.616 [main] INFO com.iluwatar.commander.Commander - Sorry, there was a problem in creating your order. Please try later.
13:02:07.616 [main] ERROR com.iluwatar.commander.Commander - Order A1Z94PYEZ3LV: Shipping service unavailable, order not placed..
13:02:07.616 [main] INFO com.iluwatar.commander.Commander - Sorry, there was a problem in creating your order. Please try later.
13:02:07.616 [main] ERROR com.iluwatar.commander.Commander - Order A1Z94PYEZ3LV: Shipping service unavailable, order not placed..
13:02:07.616 [main] INFO com.iluwatar.commander.Commander - Sorry, there was a problem in creating your order. Please try later.
13:02:07.616 [main] ERROR com.iluwatar.commander.Commander - Order A1Z94PYEZ3LV: Shipping service unavailable, order not placed..
13:02:07.616 [main] INFO com.iluwatar.commander.Commander - Sorry, there was a problem in creating your order. Please try later.
13:02:07.616 [main] ERROR com.iluwatar.commander.Commander - Order 6WYRXYKKAK8Y: Shipping service unavailable, order not placed..
13:02:07.616 [main] INFO com.iluwatar.commander.Commander - Sorry, there was a problem in creating your order. Please try later.
13:02:07.616 [main] ERROR com.iluwatar.commander.Commander - Order 6WYRXYKKAK8Y: Shipping service unavailable, order not placed..
13:02:07.616 [main] INFO com.iluwatar.commander.Commander - Sorry, there was a problem in creating your order. Please try later.
13:02:07.616 [main] ERROR com.iluwatar.commander.Commander - Order 6WYRXYKKAK8Y: Shipping service unavailable, order not placed..
13:02:07.616 [main] INFO com.iluwatar.commander.Commander - Sorry, there was a problem in creating your order. Please try later.
13:02:07.616 [main] ERROR com.iluwatar.commander.Commander - Order 6WYRXYKKAK8Y: Shipping service unavailable, order not placed..
13:02:07.616 [main] INFO com.iluwatar.commander.Commander - Sorry, there was a problem in creating your order. Please try later.
13:02:07.616 [main] ERROR com.iluwatar.commander.Commander - Order GRAIB1DV5H93: Shipping service unavailable, order not placed..
13:02:07.616 [main] INFO com.iluwatar.commander.Commander - Sorry, there was a problem in creating your order. Please try later.
13:02:07.616 [main] ERROR com.iluwatar.commander.Commander - Order GRAIB1DV5H93: Shipping service unavailable, order not placed..
13:02:07.616 [main] INFO com.iluwatar.commander.Commander - Sorry, there was a problem in creating your order. Please try later.
13:02:07.616 [main] ERROR com.iluwatar.commander.Commander - Order GRAIB1DV5H93: Shipping service unavailable, order not placed..
13:02:07.616 [main] INFO com.iluwatar.commander.Commander - Sorry, there was a problem in creating your order. Please try later.
13:02:07.616 [main] ERROR com.iluwatar.commander.Commander - Order GRAIB1DV5H93: Shipping service unavailable, order not placed..
13:02:07.616 [main] DEBUG com.iluwatar.commander.Commander - Order 4PN7XFW7IXOX: Error in connecting to shipping service, trying again..
13:02:07.616 [main] INFO com.iluwatar.commander.Commander - Sorry, there was a problem in creating your order. Please try later.
13:02:07.616 [main] ERROR com.iluwatar.commander.Commander - Order 4PN7XFW7IXOX: Shipping service unavailable, order not placed..
13:02:07.616 [main] INFO com.iluwatar.commander.Commander - Sorry, there was a problem in creating your order. Please try later.
13:02:07.616 [main] ERROR com.iluwatar.commander.Commander - Order 4PN7XFW7IXOX: Shipping service unavailable, order not placed..
13:02:07.616 [main] INFO com.iluwatar.commander.Commander - Sorry, there was a problem in creating your order. Please try later.
13:02:07.616 [main] ERROR com.iluwatar.commander.Commander - Order 4PN7XFW7IXOX: Shipping service unavailable, order not placed..
13:02:07.616 [main] INFO com.iluwatar.commander.Commander - Sorry, there was a problem in creating your order. Please try later.
13:02:07.616 [main] ERROR com.iluwatar.commander.Commander - Order 4PN7XFW7IXOX: Shipping service unavailable, order not placed..
13:02:07.616 [main] DEBUG com.iluwatar.commander.Commander - Order L6CVA26C83TJ: Error in creating shipping request..
13:02:07.616 [main] INFO com.iluwatar.commander.Commander - Sorry, there was a problem in creating your order. Please try later.
13:02:07.616 [main] ERROR com.iluwatar.commander.Commander - Order L6CVA26C83TJ: Shipping service unavailable, order not placed..
13:02:07.616 [main] INFO com.iluwatar.commander.Commander - Sorry, there was a problem in creating your order. Please try later.
13:02:07.616 [main] ERROR com.iluwatar.commander.Commander - Order L6CVA26C83TJ: Shipping service unavailable, order not placed..
13:02:07.616 [main] INFO com.iluwatar.commander.Commander - Sorry, there was a problem in creating your order. Please try later.
13:02:07.616 [main] ERROR com.iluwatar.commander.Commander - Order L6CVA26C83TJ: Shipping service unavailable, order not placed..
13:02:07.616 [main] INFO com.iluwatar.commander.Commander - Sorry, there was a problem in creating your order. Please try later.
13:02:07.616 [main] ERROR com.iluwatar.commander.Commander - Order L6CVA26C83TJ: Shipping service unavailable, order not placed..
13:02:07.616 [main] INFO com.iluwatar.commander.Commander - Sorry, there was a problem in creating your order. Please try later.
13:02:07.616 [main] ERROR com.iluwatar.commander.Commander - Order 8CF2BYC5AHK4: Shipping service unavailable, order not placed..
13:02:07.616 [main] INFO com.iluwatar.commander.Commander - Sorry, there was a problem in creating your order. Please try later.
13:02:07.616 [main] ERROR com.iluwatar.commander.Commander - Order 8CF2BYC5AHK4: Shipping service unavailable, order not placed..
13:02:07.616 [main] INFO com.iluwatar.commander.Commander - Sorry, there was a problem in creating your order. Please try later.
13:02:07.616 [main] ERROR com.iluwatar.commander.Commander - Order 8CF2BYC5AHK4: Shipping service unavailable, order not placed..
13:02:07.616 [main] INFO com.iluwatar.commander.Commander - Sorry, there was a problem in creating your order. Please try later.
13:02:07.616 [main] ERROR com.iluwatar.commander.Commander - Order 8CF2BYC5AHK4: Shipping service unavailable, order not placed..
13:02:07.616 [main] INFO com.iluwatar.commander.Commander - Sorry, there was a problem in creating your order. Please try later.
13:02:07.616 [main] ERROR com.iluwatar.commander.Commander - Order 6RU51X4JEM6J: Shipping service unavailable, order not placed..
13:02:07.616 [main] INFO com.iluwatar.commander.Commander - Sorry, there was a problem in creating your order. Please try later.
13:02:07.616 [main] ERROR com.iluwatar.commander.Commander - Order 6RU51X4JEM6J: Shipping service unavailable, order not placed..
13:02:07.616 [main] INFO com.iluwatar.commander.Commander - Sorry, there was a problem in creating your order. Please try later.
13:02:07.616 [main] ERROR com.iluwatar.commander.Commander - Order 6RU51X4JEM6J: Shipping service unavailable, order not placed..
13:02:07.616 [main] INFO com.iluwatar.commander.Commander - Sorry, there was a problem in creating your order. Please try later.
13:02:07.616 [main] ERROR com.iluwatar.commander.Commander - Order 6RU51X4JEM6J: Shipping service unavailable, order not placed..
13:02:07.616 [main] DEBUG com.iluwatar.commander.Commander - Order S85XSCP2Y03W: Error in connecting to shipping service, trying again..
13:02:07.616 [main] INFO com.iluwatar.commander.Commander - Sorry, there was a problem in creating your order. Please try later.
13:02:07.616 [main] ERROR com.iluwatar.commander.Commander - Order S85XSCP2Y03W: Shipping service unavailable, order not placed..
13:02:07.616 [main] INFO com.iluwatar.commander.Commander - Sorry, there was a problem in creating your order. Please try later.
13:02:07.616 [main] ERROR com.iluwatar.commander.Commander - Order S85XSCP2Y03W: Shipping service unavailable, order not placed..
13:02:07.616 [main] INFO com.iluwatar.commander.Commander - Sorry, there was a problem in creating your order. Please try later.
13:02:07.616 [main] ERROR com.iluwatar.commander.Commander - Order S85XSCP2Y03W: Shipping service unavailable, order not placed..
13:02:07.616 [main] INFO com.iluwatar.commander.Commander - Sorry, there was a problem in creating your order. Please try later.
13:02:07.616 [main] ERROR com.iluwatar.commander.Commander - Order S85XSCP2Y03W: Shipping service unavailable, order not placed..
13:02:07.616 [main] DEBUG com.iluwatar.commander.Commander - Order X91F54QR49TL: Error in creating shipping request..
13:02:07.616 [main] INFO com.iluwatar.commander.Commander - Sorry, there was a problem in creating your order. Please try later.
13:02:07.616 [main] ERROR com.iluwatar.commander.Commander - Order X91F54QR49TL: Shipping service unavailable, order not placed..
13:02:07.616 [main] INFO com.iluwatar.commander.Commander - Sorry, there was a problem in creating your order. Please try later.
13:02:07.616 [main] ERROR com.iluwatar.commander.Commander - Order X91F54QR49TL: Shipping service unavailable, order not placed..
13:02:07.616 [main] INFO com.iluwatar.commander.Commander - Sorry, there was a problem in creating your order. Please try later.
13:02:07.616 [main] ERROR com.iluwatar.commander.Commander - Order X91F54QR49TL: Shipping service unavailable, order not placed..
13:02:07.616 [main] INFO com.iluwatar.commander.Commander - Sorry, there was a problem in creating your order. Please try later.
13:02:07.616 [main] ERROR com.iluwatar.commander.Commander - Order X91F54QR49TL: Shipping service unavailable, order not placed..
13:02:07.616 [main] INFO com.iluwatar.commander.Commander - Sorry, there was a problem in creating your order. Please try later.
13:02:07.616 [main] ERROR com.iluwatar.commander.Commander - Order 7Y1FTY7LDPAV: Shipping service unavailable, order not placed..
13:02:07.616 [main] INFO com.iluwatar.commander.Commander - Sorry, there was a problem in creating your order. Please try later.
13:02:07.616 [main] ERROR com.iluwatar.commander.Commander - Order 7Y1FTY7LDPAV: Shipping service unavailable, order not placed..
13:02:07.616 [main] INFO com.iluwatar.commander.Commander - Sorry, there was a problem in creating your order. Please try later.
13:02:07.616 [main] ERROR com.iluwatar.commander.Commander - Order 7Y1FTY7LDPAV: Shipping service unavailable, order not placed..
13:02:07.616 [main] INFO com.iluwatar.commander.Commander - Sorry, there was a problem in creating your order. Please try later.
13:02:07.616 [main] ERROR com.iluwatar.commander.Commander - Order 7Y1FTY7LDPAV: Shipping service unavailable, order not placed..
13:02:07.616 [main] INFO com.iluwatar.commander.Commander - Sorry, there was a problem in creating your order. Please try later.
13:02:07.616 [main] ERROR com.iluwatar.commander.Commander - Order VQ1ZG5PRIR9X: Shipping service unavailable, order not placed..
13:02:07.616 [main] INFO com.iluwatar.commander.Commander - Sorry, there was a problem in creating your order. Please try later.
13:02:07.616 [main] ERROR com.iluwatar.commander.Commander - Order VQ1ZG5PRIR9X: Shipping service unavailable, order not placed..
13:02:07.616 [main] INFO com.iluwatar.commander.Commander - Sorry, there was a problem in creating your order. Please try later.
13:02:07.616 [main] ERROR com.iluwatar.commander.Commander - Order VQ1ZG5PRIR9X: Shipping service unavailable, order not placed..
13:02:07.617 [main] INFO com.iluwatar.commander.Commander - Sorry, there was a problem in creating your order. Please try later.
13:02:07.617 [main] ERROR com.iluwatar.commander.Commander - Order VQ1ZG5PRIR9X: Shipping service unavailable, order not placed..
13:02:07.617 [main] DEBUG com.iluwatar.commander.Commander - Order 42IDTG8R5SV8: Error in connecting to shipping service, trying again..
13:02:07.617 [main] INFO com.iluwatar.commander.Commander - Sorry, there was a problem in creating your order. Please try later.
13:02:07.617 [main] ERROR com.iluwatar.commander.Commander - Order 42IDTG8R5SV8: Shipping service unavailable, order not placed..
13:02:07.617 [main] INFO com.iluwatar.commander.Commander - Sorry, there was a problem in creating your order. Please try later.
13:02:07.617 [main] ERROR com.iluwatar.commander.Commander - Order 42IDTG8R5SV8: Shipping service unavailable, order not placed..
13:02:07.617 [main] INFO com.iluwatar.commander.Commander - Sorry, there was a problem in creating your order. Please try later.
13:02:07.617 [main] ERROR com.iluwatar.commander.Commander - Order 42IDTG8R5SV8: Shipping service unavailable, order not placed..
13:02:07.617 [main] INFO com.iluwatar.commander.Commander - Sorry, there was a problem in creating your order. Please try later.
13:02:07.617 [main] ERROR com.iluwatar.commander.Commander - Order 42IDTG8R5SV8: Shipping service unavailable, order not placed..
13:02:07.617 [main] DEBUG com.iluwatar.commander.Commander - Order UIXTZ40NEMH4: Error in connecting to shipping service, trying again..
13:02:07.617 [main] INFO com.iluwatar.commander.Commander - Sorry, there was a problem in creating your order. Please try later.
13:02:07.617 [main] ERROR com.iluwatar.commander.Commander - Order UIXTZ40NEMH4: Shipping service unavailable, order not placed..
13:02:07.617 [main] INFO com.iluwatar.commander.Commander - Sorry, there was a problem in creating your order. Please try later.
13:02:07.617 [main] ERROR com.iluwatar.commander.Commander - Order UIXTZ40NEMH4: Shipping service unavailable, order not placed..
13:02:07.617 [main] INFO com.iluwatar.commander.Commander - Sorry, there was a problem in creating your order. Please try later.
13:02:07.617 [main] ERROR com.iluwatar.commander.Commander - Order UIXTZ40NEMH4: Shipping service unavailable, order not placed..
13:02:07.617 [main] INFO com.iluwatar.commander.Commander - Sorry, there was a problem in creating your order. Please try later.
13:02:07.617 [main] ERROR com.iluwatar.commander.Commander - Order UIXTZ40NEMH4: Shipping service unavailable, order not placed..
13:02:07.617 [main] INFO com.iluwatar.commander.Commander - Sorry, there was a problem in creating your order. Please try later.
13:02:07.617 [main] ERROR com.iluwatar.commander.Commander - Order SZ807LOPZ18C: Shipping service unavailable, order not placed..
13:02:07.617 [main] INFO com.iluwatar.commander.Commander - Sorry, there was a problem in creating your order. Please try later.
13:02:07.617 [main] ERROR com.iluwatar.commander.Commander - Order SZ807LOPZ18C: Shipping service unavailable, order not placed..
13:02:07.617 [main] INFO com.iluwatar.commander.Commander - Sorry, there was a problem in creating your order. Please try later.
13:02:07.617 [main] ERROR com.iluwatar.commander.Commander - Order SZ807LOPZ18C: Shipping service unavailable, order not placed..
13:02:07.617 [main] INFO com.iluwatar.commander.Commander - Sorry, there was a problem in creating your order. Please try later.
13:02:07.617 [main] ERROR com.iluwatar.commander.Commander - Order SZ807LOPZ18C: Shipping service unavailable, order not placed..
13:02:07.617 [main] INFO com.iluwatar.commander.Commander - Sorry, there was a problem in creating your order. Please try later.
13:02:07.617 [main] ERROR com.iluwatar.commander.Commander - Order D9PHMD2QIIYH: Shipping service unavailable, order not placed..
13:02:07.617 [main] INFO com.iluwatar.commander.Commander - Sorry, there was a problem in creating your order. Please try later.
13:02:07.617 [main] ERROR com.iluwatar.commander.Commander - Order D9PHMD2QIIYH: Shipping service unavailable, order not placed..
13:02:07.617 [main] INFO com.iluwatar.commander.Commander - Sorry, there was a problem in creating your order. Please try later.
13:02:07.617 [main] ERROR com.iluwatar.commander.Commander - Order D9PHMD2QIIYH: Shipping service unavailable, order not placed..
13:02:07.617 [main] INFO com.iluwatar.commander.Commander - Sorry, there was a problem in creating your order. Please try later.
13:02:07.617 [main] ERROR com.iluwatar.commander.Commander - Order D9PHMD2QIIYH: Shipping service unavailable, order not placed..
13:02:07.617 [main] DEBUG com.iluwatar.commander.Commander - Order SBY7EUKA4I7J: Error in connecting to shipping service, trying again..
13:02:07.617 [main] INFO com.iluwatar.commander.Commander - Sorry, there was a problem in creating your order. Please try later.
13:02:07.617 [main] ERROR com.iluwatar.commander.Commander - Order SBY7EUKA4I7J: Shipping service unavailable, order not placed..
13:02:07.617 [main] INFO com.iluwatar.commander.Commander - Sorry, there was a problem in creating your order. Please try later.
13:02:07.617 [main] ERROR com.iluwatar.commander.Commander - Order SBY7EUKA4I7J: Shipping service unavailable, order not placed..
13:02:07.617 [main] INFO com.iluwatar.commander.Commander - Sorry, there was a problem in creating your order. Please try later.
13:02:07.617 [main] ERROR com.iluwatar.commander.Commander - Order SBY7EUKA4I7J: Shipping service unavailable, order not placed..
13:02:07.617 [main] INFO com.iluwatar.commander.Commander - Sorry, there was a problem in creating your order. Please try later.
13:02:07.617 [main] ERROR com.iluwatar.commander.Commander - Order SBY7EUKA4I7J: Shipping service unavailable, order not placed..
13:02:07.617 [main] DEBUG com.iluwatar.commander.Commander - Order CLMNRFJNTZCU: Error in creating shipping request..
13:02:07.617 [main] INFO com.iluwatar.commander.Commander - Shipping is currently not possible to your address. We are working on the problem and will get back to you asap.
13:02:07.617 [main] INFO com.iluwatar.commander.Commander - Order CLMNRFJNTZCU: Shipping not possible to address, trying to add problem to employee db..
13:02:07.617 [main] INFO com.iluwatar.commander.Commander - Sorry, there was a problem in creating your order. Please try later.
13:02:07.617 [main] ERROR com.iluwatar.commander.Commander - Order CLMNRFJNTZCU: Shipping service unavailable, order not placed..
13:02:07.617 [main] INFO com.iluwatar.commander.Commander - Sorry, there was a problem in creating your order. Please try later.
13:02:07.617 [main] ERROR com.iluwatar.commander.Commander - Order CLMNRFJNTZCU: Shipping service unavailable, order not placed..
13:02:07.617 [main] INFO com.iluwatar.commander.Commander - Sorry, there was a problem in creating your order. Please try later.
13:02:07.617 [main] ERROR com.iluwatar.commander.Commander - Order CLMNRFJNTZCU: Shipping service unavailable, order not placed..
13:02:07.617 [main] INFO com.iluwatar.commander.Commander - Sorry, there was a problem in creating your order. Please try later.
13:02:07.617 [main] ERROR com.iluwatar.commander.Commander - Order DZNKFQ0RJ1GH: Shipping service unavailable, order not placed..
13:02:07.617 [main] INFO com.iluwatar.commander.Commander - Sorry, there was a problem in creating your order. Please try later.
13:02:07.617 [main] ERROR com.iluwatar.commander.Commander - Order DZNKFQ0RJ1GH: Shipping service unavailable, order not placed..
13:02:07.617 [main] INFO com.iluwatar.commander.Commander - Sorry, there was a problem in creating your order. Please try later.
13:02:07.617 [main] ERROR com.iluwatar.commander.Commander - Order DZNKFQ0RJ1GH: Shipping service unavailable, order not placed..
13:02:07.617 [main] INFO com.iluwatar.commander.Commander - Sorry, there was a problem in creating your order. Please try later.
13:02:07.617 [main] ERROR com.iluwatar.commander.Commander - Order DZNKFQ0RJ1GH: Shipping service unavailable, order not placed..
13:02:07.617 [main] INFO com.iluwatar.commander.Commander - Sorry, there was a problem in creating your order. Please try later.
13:02:07.617 [main] ERROR com.iluwatar.commander.Commander - Order LTE7GFDM3JCM: Shipping service unavailable, order not placed..
13:02:07.617 [main] INFO com.iluwatar.commander.Commander - Sorry, there was a problem in creating your order. Please try later.
13:02:07.617 [main] ERROR com.iluwatar.commander.Commander - Order LTE7GFDM3JCM: Shipping service unavailable, order not placed..
13:02:07.617 [main] INFO com.iluwatar.commander.Commander - Sorry, there was a problem in creating your order. Please try later.
13:02:07.617 [main] ERROR com.iluwatar.commander.Commander - Order LTE7GFDM3JCM: Shipping service unavailable, order not placed..
13:02:07.617 [main] INFO com.iluwatar.commander.Commander - Sorry, there was a problem in creating your order. Please try later.
13:02:07.617 [main] ERROR com.iluwatar.commander.Commander - Order LTE7GFDM3JCM: Shipping service unavailable, order not placed..
13:02:07.617 [main] DEBUG com.iluwatar.commander.Commander - Order RDZWLJ3ZI2KZ: Error in connecting to shipping service, trying again..
13:02:07.617 [main] INFO com.iluwatar.commander.Commander - Sorry, there was a problem in creating your order. Please try later.
13:02:07.617 [main] ERROR com.iluwatar.commander.Commander - Order RDZWLJ3ZI2KZ: Shipping service unavailable, order not placed..
13:02:07.617 [main] INFO com.iluwatar.commander.Commander - Sorry, there was a problem in creating your order. Please try later.
13:02:07.617 [main] ERROR com.iluwatar.commander.Commander - Order RDZWLJ3ZI2KZ: Shipping service unavailable, order not placed..
13:02:07.617 [main] INFO com.iluwatar.commander.Commander - Sorry, there was a problem in creating your order. Please try later.
13:02:07.617 [main] ERROR com.iluwatar.commander.Commander - Order RDZWLJ3ZI2KZ: Shipping service unavailable, order not placed..
13:02:07.617 [main] INFO com.iluwatar.commander.Commander - Sorry, there was a problem in creating your order. Please try later.
13:02:07.617 [main] ERROR com.iluwatar.commander.Commander - Order RDZWLJ3ZI2KZ: Shipping service unavailable, order not placed..
13:02:07.617 [main] DEBUG com.iluwatar.commander.Commander - Order GTNSY7YSIZYY: Error in creating shipping request..
13:02:07.617 [main] INFO com.iluwatar.commander.Commander - This item is currently unavailable. We will inform you as soon as the item becomes available again.
13:02:07.617 [main] INFO com.iluwatar.commander.Commander - Order GTNSY7YSIZYY: Item pen unavailable, trying to add problem to employee handle..
13:02:07.617 [main] INFO com.iluwatar.commander.Commander - Sorry, there was a problem in creating your order. Please try later.
13:02:07.617 [main] ERROR com.iluwatar.commander.Commander - Order GTNSY7YSIZYY: Shipping service unavailable, order not placed..
13:02:07.617 [main] INFO com.iluwatar.commander.Commander - Sorry, there was a problem in creating your order. Please try later.
13:02:07.617 [main] ERROR com.iluwatar.commander.Commander - Order GTNSY7YSIZYY: Shipping service unavailable, order not placed..
13:02:07.617 [main] INFO com.iluwatar.commander.Commander - Sorry, there was a problem in creating your order. Please try later.
13:02:07.617 [main] ERROR com.iluwatar.commander.Commander - Order GTNSY7YSIZYY: Shipping service unavailable, order not placed..
13:02:07.617 [main] INFO com.iluwatar.commander.Commander - Sorry, there was a problem in creating your order. Please try later.
13:02:07.617 [main] ERROR com.iluwatar.commander.Commander - Order 5UH1GROVDIF6: Shipping service unavailable, order not placed..
13:02:07.617 [main] INFO com.iluwatar.commander.Commander - Sorry, there was a problem in creating your order. Please try later.
13:02:07.617 [main] ERROR com.iluwatar.commander.Commander - Order 5UH1GROVDIF6: Shipping service unavailable, order not placed..
13:02:07.617 [main] INFO com.iluwatar.commander.Commander - Sorry, there was a problem in creating your order. Please try later.
13:02:07.617 [main] ERROR com.iluwatar.commander.Commander - Order 5UH1GROVDIF6: Shipping service unavailable, order not placed..
13:02:07.617 [main] INFO com.iluwatar.commander.Commander - Sorry, there was a problem in creating your order. Please try later.
13:02:07.617 [main] ERROR com.iluwatar.commander.Commander - Order 5UH1GROVDIF6: Shipping service unavailable, order not placed..
13:02:07.617 [main] INFO com.iluwatar.commander.Commander - Sorry, there was a problem in creating your order. Please try later.
13:02:07.617 [main] ERROR com.iluwatar.commander.Commander - Order E56GVRQ9ZHKU: Shipping service unavailable, order not placed..
13:02:07.617 [main] INFO com.iluwatar.commander.Commander - Sorry, there was a problem in creating your order. Please try later.
13:02:07.617 [main] ERROR com.iluwatar.commander.Commander - Order E56GVRQ9ZHKU: Shipping service unavailable, order not placed..
13:02:07.617 [main] INFO com.iluwatar.commander.Commander - Sorry, there was a problem in creating your order. Please try later.
13:02:07.617 [main] ERROR com.iluwatar.commander.Commander - Order E56GVRQ9ZHKU: Shipping service unavailable, order not placed..
13:02:07.617 [main] INFO com.iluwatar.commander.Commander - Sorry, there was a problem in creating your order. Please try later.
13:02:07.617 [main] ERROR com.iluwatar.commander.Commander - Order E56GVRQ9ZHKU: Shipping service unavailable, order not placed..
13:02:07.617 [main] DEBUG com.iluwatar.commander.Commander - Order 9CVQ0UJUWUX2: Error in connecting to shipping service, trying again..
13:02:07.617 [main] INFO com.iluwatar.commander.Commander - Sorry, there was a problem in creating your order. Please try later.
13:02:07.617 [main] ERROR com.iluwatar.commander.Commander - Order 9CVQ0UJUWUX2: Shipping service unavailable, order not placed..
13:02:07.617 [main] INFO com.iluwatar.commander.Commander - Sorry, there was a problem in creating your order. Please try later.
13:02:07.617 [main] ERROR com.iluwatar.commander.Commander - Order 9CVQ0UJUWUX2: Shipping service unavailable, order not placed..
13:02:07.617 [main] INFO com.iluwatar.commander.Commander - Sorry, there was a problem in creating your order. Please try later.
13:02:07.617 [main] ERROR com.iluwatar.commander.Commander - Order 9CVQ0UJUWUX2: Shipping service unavailable, order not placed..
13:02:07.617 [main] INFO com.iluwatar.commander.Commander - Sorry, there was a problem in creating your order. Please try later.
13:02:07.617 [main] ERROR com.iluwatar.commander.Commander - Order 9CVQ0UJUWUX2: Shipping service unavailable, order not placed..
13:02:07.617 [main] DEBUG com.iluwatar.commander.Commander - Order EO9VAWU0I9J4: Error in creating shipping request..
13:02:07.617 [main] INFO com.iluwatar.commander.Commander - Sorry, there was a problem in creating your order. Please try later.
13:02:07.617 [main] ERROR com.iluwatar.commander.Commander - Order EO9VAWU0I9J4: Shipping service unavailable, order not placed..
13:02:07.617 [main] INFO com.iluwatar.commander.Commander - Sorry, there was a problem in creating your order. Please try later.
13:02:07.617 [main] ERROR com.iluwatar.commander.Commander - Order EO9VAWU0I9J4: Shipping service unavailable, order not placed..
13:02:07.617 [main] INFO com.iluwatar.commander.Commander - Sorry, there was a problem in creating your order. Please try later.
13:02:07.617 [main] ERROR com.iluwatar.commander.Commander - Order EO9VAWU0I9J4: Shipping service unavailable, order not placed..
13:02:07.617 [main] INFO com.iluwatar.commander.Commander - Sorry, there was a problem in creating your order. Please try later.
13:02:07.617 [main] ERROR com.iluwatar.commander.Commander - Order EO9VAWU0I9J4: Shipping service unavailable, order not placed..
13:02:07.617 [main] INFO com.iluwatar.commander.Commander - Sorry, there was a problem in creating your order. Please try later.
13:02:07.617 [main] ERROR com.iluwatar.commander.Commander - Order BPM721EG2VGI: Shipping service unavailable, order not placed..
13:02:07.617 [main] INFO com.iluwatar.commander.Commander - Sorry, there was a problem in creating your order. Please try later.
13:02:07.617 [main] ERROR com.iluwatar.commander.Commander - Order BPM721EG2VGI: Shipping service unavailable, order not placed..
13:02:07.617 [main] INFO com.iluwatar.commander.Commander - Sorry, there was a problem in creating your order. Please try later.
13:02:07.617 [main] ERROR com.iluwatar.commander.Commander - Order BPM721EG2VGI: Shipping service unavailable, order not placed..
13:02:07.617 [main] INFO com.iluwatar.commander.Commander - Sorry, there was a problem in creating your order. Please try later.
13:02:07.617 [main] ERROR com.iluwatar.commander.Commander - Order BPM721EG2VGI: Shipping service unavailable, order not placed..
13:02:07.617 [main] INFO com.iluwatar.commander.Commander - Sorry, there was a problem in creating your order. Please try later.
13:02:07.617 [main] ERROR com.iluwatar.commander.Commander - Order LR2VZ85HLOIV: Shipping service unavailable, order not placed..
13:02:07.617 [main] INFO com.iluwatar.commander.Commander - Sorry, there was a problem in creating your order. Please try later.
13:02:07.617 [main] ERROR com.iluwatar.commander.Commander - Order LR2VZ85HLOIV: Shipping service unavailable, order not placed..
13:02:07.617 [main] INFO com.iluwatar.commander.Commander - Sorry, there was a problem in creating your order. Please try later.
13:02:07.617 [main] ERROR com.iluwatar.commander.Commander - Order LR2VZ85HLOIV: Shipping service unavailable, order not placed..
13:02:07.618 [main] INFO com.iluwatar.commander.Commander - Sorry, there was a problem in creating your order. Please try later.
13:02:07.618 [main] ERROR com.iluwatar.commander.Commander - Order LR2VZ85HLOIV: Shipping service unavailable, order not placed..
13:02:07.618 [main] DEBUG com.iluwatar.commander.Commander - Order M2KDQ7XJKY73: Error in connecting to shipping service, trying again..
13:02:07.618 [main] INFO com.iluwatar.commander.Commander - Sorry, there was a problem in creating your order. Please try later.
13:02:07.618 [main] ERROR com.iluwatar.commander.Commander - Order M2KDQ7XJKY73: Shipping service unavailable, order not placed..
13:02:07.618 [main] INFO com.iluwatar.commander.Commander - Sorry, there was a problem in creating your order. Please try later.
13:02:07.618 [main] ERROR com.iluwatar.commander.Commander - Order M2KDQ7XJKY73: Shipping service unavailable, order not placed..
13:02:07.618 [main] INFO com.iluwatar.commander.Commander - Sorry, there was a problem in creating your order. Please try later.
13:02:07.618 [main] ERROR com.iluwatar.commander.Commander - Order M2KDQ7XJKY73: Shipping service unavailable, order not placed..
13:02:07.618 [main] INFO com.iluwatar.commander.Commander - Sorry, there was a problem in creating your order. Please try later.
13:02:07.618 [main] ERROR com.iluwatar.commander.Commander - Order M2KDQ7XJKY73: Shipping service unavailable, order not placed..
13:02:07.618 [main] DEBUG com.iluwatar.commander.Commander - Order C5ONV98HUZ5E: Error in creating shipping request..
13:02:07.618 [main] INFO com.iluwatar.commander.Commander - Sorry, there was a problem in creating your order. Please try later.
13:02:07.618 [main] ERROR com.iluwatar.commander.Commander - Order C5ONV98HUZ5E: Shipping service unavailable, order not placed..
13:02:07.618 [main] INFO com.iluwatar.commander.Commander - Sorry, there was a problem in creating your order. Please try later.
13:02:07.618 [main] ERROR com.iluwatar.commander.Commander - Order C5ONV98HUZ5E: Shipping service unavailable, order not placed..
13:02:07.618 [main] INFO com.iluwatar.commander.Commander - Sorry, there was a problem in creating your order. Please try later.
13:02:07.618 [main] ERROR com.iluwatar.commander.Commander - Order C5ONV98HUZ5E: Shipping service unavailable, order not placed..
13:02:07.618 [main] INFO com.iluwatar.commander.Commander - Sorry, there was a problem in creating your order. Please try later.
13:02:07.618 [main] ERROR com.iluwatar.commander.Commander - Order C5ONV98HUZ5E: Shipping service unavailable, order not placed..
13:02:07.618 [main] INFO com.iluwatar.commander.Commander - Sorry, there was a problem in creating your order. Please try later.
13:02:07.618 [main] ERROR com.iluwatar.commander.Commander - Order LPWOC8CLJCWH: Shipping service unavailable, order not placed..
13:02:07.618 [main] INFO com.iluwatar.commander.Commander - Sorry, there was a problem in creating your order. Please try later.
13:02:07.618 [main] ERROR com.iluwatar.commander.Commander - Order LPWOC8CLJCWH: Shipping service unavailable, order not placed..
13:02:07.618 [main] INFO com.iluwatar.commander.Commander - Sorry, there was a problem in creating your order. Please try later.
13:02:07.618 [main] ERROR com.iluwatar.commander.Commander - Order LPWOC8CLJCWH: Shipping service unavailable, order not placed..
13:02:07.618 [main] INFO com.iluwatar.commander.Commander - Sorry, there was a problem in creating your order. Please try later.
13:02:07.618 [main] ERROR com.iluwatar.commander.Commander - Order LPWOC8CLJCWH: Shipping service unavailable, order not placed..
13:02:07.618 [main] INFO com.iluwatar.commander.Commander - Sorry, there was a problem in creating your order. Please try later.
13:02:07.618 [main] ERROR com.iluwatar.commander.Commander - Order KTO4T4L9UNCC: Shipping service unavailable, order not placed..
13:02:07.618 [main] INFO com.iluwatar.commander.Commander - Sorry, there was a problem in creating your order. Please try later.
13:02:07.618 [main] ERROR com.iluwatar.commander.Commander - Order KTO4T4L9UNCC: Shipping service unavailable, order not placed..
13:02:07.618 [main] INFO com.iluwatar.commander.Commander - Sorry, there was a problem in creating your order. Please try later.
13:02:07.618 [main] ERROR com.iluwatar.commander.Commander - Order KTO4T4L9UNCC: Shipping service unavailable, order not placed..
13:02:07.618 [main] INFO com.iluwatar.commander.Commander - Sorry, there was a problem in creating your order. Please try later.
13:02:07.618 [main] ERROR com.iluwatar.commander.Commander - Order KTO4T4L9UNCC: Shipping service unavailable, order not placed..
13:02:07.618 [main] DEBUG com.iluwatar.commander.Commander - Order RRTEAK4CKWER: Error in connecting to shipping service, trying again..
13:02:07.618 [main] INFO com.iluwatar.commander.Commander - Sorry, there was a problem in creating your order. Please try later.
13:02:07.618 [main] ERROR com.iluwatar.commander.Commander - Order RRTEAK4CKWER: Shipping service unavailable, order not placed..
13:02:07.618 [main] INFO com.iluwatar.commander.Commander - Sorry, there was a problem in creating your order. Please try later.
13:02:07.618 [main] ERROR com.iluwatar.commander.Commander - Order RRTEAK4CKWER: Shipping service unavailable, order not placed..
13:02:07.618 [main] INFO com.iluwatar.commander.Commander - Sorry, there was a problem in creating your order. Please try later.
13:02:07.618 [main] ERROR com.iluwatar.commander.Commander - Order RRTEAK4CKWER: Shipping service unavailable, order not placed..
13:02:07.618 [main] INFO com.iluwatar.commander.Commander - Sorry, there was a problem in creating your order. Please try later.
13:02:07.618 [main] ERROR com.iluwatar.commander.Commander - Order RRTEAK4CKWER: Shipping service unavailable, order not placed..
13:02:07.618 [main] DEBUG com.iluwatar.commander.Commander - Order ASR8DJ6XPF8L: Error in connecting to shipping service, trying again..
13:02:07.618 [main] INFO com.iluwatar.commander.Commander - Sorry, there was a problem in creating your order. Please try later.
13:02:07.618 [main] ERROR com.iluwatar.commander.Commander - Order ASR8DJ6XPF8L: Shipping service unavailable, order not placed..
13:02:07.618 [main] INFO com.iluwatar.commander.Commander - Sorry, there was a problem in creating your order. Please try later.
13:02:07.618 [main] ERROR com.iluwatar.commander.Commander - Order ASR8DJ6XPF8L: Shipping service unavailable, order not placed..
13:02:07.618 [main] INFO com.iluwatar.commander.Commander - Sorry, there was a problem in creating your order. Please try later.
13:02:07.618 [main] ERROR com.iluwatar.commander.Commander - Order ASR8DJ6XPF8L: Shipping service unavailable, order not placed..
13:02:07.618 [main] INFO com.iluwatar.commander.Commander - Sorry, there was a problem in creating your order. Please try later.
13:02:07.618 [main] ERROR com.iluwatar.commander.Commander - Order ASR8DJ6XPF8L: Shipping service unavailable, order not placed..
13:02:07.618 [main] INFO com.iluwatar.commander.Commander - Sorry, there was a problem in creating your order. Please try later.
13:02:07.618 [main] ERROR com.iluwatar.commander.Commander - Order AFBVZAQY8S88: Shipping service unavailable, order not placed..
13:02:07.618 [main] INFO com.iluwatar.commander.Commander - Sorry, there was a problem in creating your order. Please try later.
13:02:07.618 [main] ERROR com.iluwatar.commander.Commander - Order AFBVZAQY8S88: Shipping service unavailable, order not placed..
13:02:07.618 [main] INFO com.iluwatar.commander.Commander - Sorry, there was a problem in creating your order. Please try later.
13:02:07.618 [main] ERROR com.iluwatar.commander.Commander - Order AFBVZAQY8S88: Shipping service unavailable, order not placed..
13:02:07.618 [main] INFO com.iluwatar.commander.Commander - Sorry, there was a problem in creating your order. Please try later.
13:02:07.618 [main] ERROR com.iluwatar.commander.Commander - Order AFBVZAQY8S88: Shipping service unavailable, order not placed..
13:02:07.618 [main] INFO com.iluwatar.commander.Commander - Sorry, there was a problem in creating your order. Please try later.
13:02:07.618 [main] ERROR com.iluwatar.commander.Commander - Order G5DS6I71O65Y: Shipping service unavailable, order not placed..
13:02:07.618 [main] INFO com.iluwatar.commander.Commander - Sorry, there was a problem in creating your order. Please try later.
13:02:07.618 [main] ERROR com.iluwatar.commander.Commander - Order G5DS6I71O65Y: Shipping service unavailable, order not placed..
13:02:07.618 [main] INFO com.iluwatar.commander.Commander - Sorry, there was a problem in creating your order. Please try later.
13:02:07.618 [main] ERROR com.iluwatar.commander.Commander - Order G5DS6I71O65Y: Shipping service unavailable, order not placed..
13:02:07.618 [main] INFO com.iluwatar.commander.Commander - Sorry, there was a problem in creating your order. Please try later.
13:02:07.618 [main] ERROR com.iluwatar.commander.Commander - Order G5DS6I71O65Y: Shipping service unavailable, order not placed..
13:02:07.618 [main] DEBUG com.iluwatar.commander.Commander - Order ZEEWD6TJ7QUI: Error in connecting to shipping service, trying again..
13:02:07.618 [main] INFO com.iluwatar.commander.Commander - Sorry, there was a problem in creating your order. Please try later.
13:02:07.618 [main] ERROR com.iluwatar.commander.Commander - Order ZEEWD6TJ7QUI: Shipping service unavailable, order not placed..
13:02:07.618 [main] INFO com.iluwatar.commander.Commander - Sorry, there was a problem in creating your order. Please try later.
13:02:07.618 [main] ERROR com.iluwatar.commander.Commander - Order ZEEWD6TJ7QUI: Shipping service unavailable, order not placed..
13:02:07.618 [main] INFO com.iluwatar.commander.Commander - Sorry, there was a problem in creating your order. Please try later.
13:02:07.618 [main] ERROR com.iluwatar.commander.Commander - Order ZEEWD6TJ7QUI: Shipping service unavailable, order not placed..
13:02:07.618 [main] INFO com.iluwatar.commander.Commander - Sorry, there was a problem in creating your order. Please try later.
13:02:07.618 [main] ERROR com.iluwatar.commander.Commander - Order ZEEWD6TJ7QUI: Shipping service unavailable, order not placed..
13:02:07.618 [main] DEBUG com.iluwatar.commander.Commander - Order GFYLG6GBBTB3: Error in creating shipping request..
13:02:07.618 [main] INFO com.iluwatar.commander.Commander - Shipping is currently not possible to your address. We are working on the problem and will get back to you asap.
13:02:07.618 [main] INFO com.iluwatar.commander.Commander - Order GFYLG6GBBTB3: Shipping not possible to address, trying to add problem to employee db..
13:02:07.618 [main] INFO com.iluwatar.commander.Commander - Sorry, there was a problem in creating your order. Please try later.
13:02:07.618 [main] ERROR com.iluwatar.commander.Commander - Order GFYLG6GBBTB3: Shipping service unavailable, order not placed..
13:02:07.618 [main] INFO com.iluwatar.commander.Commander - Sorry, there was a problem in creating your order. Please try later.
13:02:07.618 [main] ERROR com.iluwatar.commander.Commander - Order GFYLG6GBBTB3: Shipping service unavailable, order not placed..
13:02:07.618 [main] INFO com.iluwatar.commander.Commander - Sorry, there was a problem in creating your order. Please try later.
13:02:07.618 [main] ERROR com.iluwatar.commander.Commander - Order GFYLG6GBBTB3: Shipping service unavailable, order not placed..
13:02:07.618 [main] INFO com.iluwatar.commander.Commander - Sorry, there was a problem in creating your order. Please try later.
13:02:07.618 [main] ERROR com.iluwatar.commander.Commander - Order 09YYK47XNJ3T: Shipping service unavailable, order not placed..
13:02:07.618 [main] INFO com.iluwatar.commander.Commander - Sorry, there was a problem in creating your order. Please try later.
13:02:07.618 [main] ERROR com.iluwatar.commander.Commander - Order 09YYK47XNJ3T: Shipping service unavailable, order not placed..
13:02:07.618 [main] INFO com.iluwatar.commander.Commander - Sorry, there was a problem in creating your order. Please try later.
13:02:07.618 [main] ERROR com.iluwatar.commander.Commander - Order 09YYK47XNJ3T: Shipping service unavailable, order not placed..
13:02:07.618 [main] INFO com.iluwatar.commander.Commander - Sorry, there was a problem in creating your order. Please try later.
13:02:07.618 [main] ERROR com.iluwatar.commander.Commander - Order 09YYK47XNJ3T: Shipping service unavailable, order not placed..
13:02:07.618 [main] INFO com.iluwatar.commander.Commander - Sorry, there was a problem in creating your order. Please try later.
13:02:07.618 [main] ERROR com.iluwatar.commander.Commander - Order S53LN94XQF92: Shipping service unavailable, order not placed..
13:02:07.618 [main] INFO com.iluwatar.commander.Commander - Sorry, there was a problem in creating your order. Please try later.
13:02:07.618 [main] ERROR com.iluwatar.commander.Commander - Order S53LN94XQF92: Shipping service unavailable, order not placed..
13:02:07.618 [main] INFO com.iluwatar.commander.Commander - Sorry, there was a problem in creating your order. Please try later.
13:02:07.618 [main] ERROR com.iluwatar.commander.Commander - Order S53LN94XQF92: Shipping service unavailable, order not placed..
13:02:07.618 [main] INFO com.iluwatar.commander.Commander - Sorry, there was a problem in creating your order. Please try later.
13:02:07.618 [main] ERROR com.iluwatar.commander.Commander - Order S53LN94XQF92: Shipping service unavailable, order not placed..
13:02:07.618 [main] DEBUG com.iluwatar.commander.Commander - Order X2W0KQ1QSZGA: Error in connecting to shipping service, trying again..
13:02:07.618 [main] INFO com.iluwatar.commander.Commander - Sorry, there was a problem in creating your order. Please try later.
13:02:07.618 [main] ERROR com.iluwatar.commander.Commander - Order X2W0KQ1QSZGA: Shipping service unavailable, order not placed..
13:02:07.618 [main] INFO com.iluwatar.commander.Commander - Sorry, there was a problem in creating your order. Please try later.
13:02:07.618 [main] ERROR com.iluwatar.commander.Commander - Order X2W0KQ1QSZGA: Shipping service unavailable, order not placed..
13:02:07.618 [main] INFO com.iluwatar.commander.Commander - Sorry, there was a problem in creating your order. Please try later.
13:02:07.618 [main] ERROR com.iluwatar.commander.Commander - Order X2W0KQ1QSZGA: Shipping service unavailable, order not placed..
13:02:07.618 [main] INFO com.iluwatar.commander.Commander - Sorry, there was a problem in creating your order. Please try later.
13:02:07.618 [main] ERROR com.iluwatar.commander.Commander - Order X2W0KQ1QSZGA: Shipping service unavailable, order not placed..
13:02:07.618 [main] DEBUG com.iluwatar.commander.Commander - Order XU9YWF9KUOE9: Error in creating shipping request..
13:02:07.618 [main] INFO com.iluwatar.commander.Commander - This item is currently unavailable. We will inform you as soon as the item becomes available again.
13:02:07.618 [main] INFO com.iluwatar.commander.Commander - Order XU9YWF9KUOE9: Item pen unavailable, trying to add problem to employee handle..
13:02:07.618 [main] INFO com.iluwatar.commander.Commander - Sorry, there was a problem in creating your order. Please try later.
13:02:07.618 [main] ERROR com.iluwatar.commander.Commander - Order XU9YWF9KUOE9: Shipping service unavailable, order not placed..
13:02:07.618 [main] INFO com.iluwatar.commander.Commander - Sorry, there was a problem in creating your order. Please try later.
13:02:07.618 [main] ERROR com.iluwatar.commander.Commander - Order XU9YWF9KUOE9: Shipping service unavailable, order not placed..
13:02:07.618 [main] INFO com.iluwatar.commander.Commander - Sorry, there was a problem in creating your order. Please try later.
13:02:07.618 [main] ERROR com.iluwatar.commander.Commander - Order XU9YWF9KUOE9: Shipping service unavailable, order not placed..
13:02:07.618 [main] INFO com.iluwatar.commander.Commander - Sorry, there was a problem in creating your order. Please try later.
13:02:07.618 [main] ERROR com.iluwatar.commander.Commander - Order S0YFCBI7J5XD: Shipping service unavailable, order not placed..
13:02:07.618 [main] INFO com.iluwatar.commander.Commander - Sorry, there was a problem in creating your order. Please try later.
13:02:07.618 [main] ERROR com.iluwatar.commander.Commander - Order S0YFCBI7J5XD: Shipping service unavailable, order not placed..
13:02:07.618 [main] INFO com.iluwatar.commander.Commander - Sorry, there was a problem in creating your order. Please try later.
13:02:07.618 [main] ERROR com.iluwatar.commander.Commander - Order S0YFCBI7J5XD: Shipping service unavailable, order not placed..
13:02:07.618 [main] INFO com.iluwatar.commander.Commander - Sorry, there was a problem in creating your order. Please try later.
13:02:07.618 [main] ERROR com.iluwatar.commander.Commander - Order S0YFCBI7J5XD: Shipping service unavailable, order not placed..
13:02:07.618 [main] INFO com.iluwatar.commander.Commander - Sorry, there was a problem in creating your order. Please try later.
13:02:07.618 [main] ERROR com.iluwatar.commander.Commander - Order L98D2727EPZ4: Shipping service unavailable, order not placed..
13:02:07.618 [main] INFO com.iluwatar.commander.Commander - Sorry, there was a problem in creating your order. Please try later.
13:02:07.618 [main] ERROR com.iluwatar.commander.Commander - Order L98D2727EPZ4: Shipping service unavailable, order not placed..
13:02:07.618 [main] INFO com.iluwatar.commander.Commander - Sorry, there was a problem in creating your order. Please try later.
13:02:07.618 [main] ERROR com.iluwatar.commander.Commander - Order L98D2727EPZ4: Shipping service unavailable, order not placed..
13:02:07.618 [main] INFO com.iluwatar.commander.Commander - Sorry, there was a problem in creating your order. Please try later.
13:02:07.618 [main] ERROR com.iluwatar.commander.Commander - Order L98D2727EPZ4: Shipping service unavailable, order not placed..
13:02:07.618 [main] DEBUG com.iluwatar.commander.Commander - Order Y5JZAM7RK0L2: Error in connecting to shipping service, trying again..
13:02:07.618 [main] INFO com.iluwatar.commander.Commander - Sorry, there was a problem in creating your order. Please try later.
13:02:07.618 [main] ERROR com.iluwatar.commander.Commander - Order Y5JZAM7RK0L2: Shipping service unavailable, order not placed..
13:02:07.619 [main] INFO com.iluwatar.commander.Commander - Sorry, there was a problem in creating your order. Please try later.
13:02:07.619 [main] ERROR com.iluwatar.commander.Commander - Order Y5JZAM7RK0L2: Shipping service unavailable, order not placed..
13:02:07.619 [main] INFO com.iluwatar.commander.Commander - Sorry, there was a problem in creating your order. Please try later.
13:02:07.619 [main] ERROR com.iluwatar.commander.Commander - Order Y5JZAM7RK0L2: Shipping service unavailable, order not placed..
13:02:07.619 [main] INFO com.iluwatar.commander.Commander - Sorry, there was a problem in creating your order. Please try later.
13:02:07.619 [main] ERROR com.iluwatar.commander.Commander - Order Y5JZAM7RK0L2: Shipping service unavailable, order not placed..
13:02:07.619 [main] DEBUG com.iluwatar.commander.Commander - Order JS6IYNVHO09V: Error in creating shipping request..
13:02:07.619 [main] INFO com.iluwatar.commander.Commander - Sorry, there was a problem in creating your order. Please try later.
13:02:07.619 [main] ERROR com.iluwatar.commander.Commander - Order JS6IYNVHO09V: Shipping service unavailable, order not placed..
13:02:07.619 [main] INFO com.iluwatar.commander.Commander - Sorry, there was a problem in creating your order. Please try later.
13:02:07.619 [main] ERROR com.iluwatar.commander.Commander - Order JS6IYNVHO09V: Shipping service unavailable, order not placed..
13:02:07.619 [main] INFO com.iluwatar.commander.Commander - Sorry, there was a problem in creating your order. Please try later.
13:02:07.619 [main] ERROR com.iluwatar.commander.Commander - Order JS6IYNVHO09V: Shipping service unavailable, order not placed..
13:02:07.619 [main] INFO com.iluwatar.commander.Commander - Sorry, there was a problem in creating your order. Please try later.
13:02:07.619 [main] ERROR com.iluwatar.commander.Commander - Order JS6IYNVHO09V: Shipping service unavailable, order not placed..
13:02:07.619 [main] INFO com.iluwatar.commander.Commander - Sorry, there was a problem in creating your order. Please try later.
13:02:07.619 [main] ERROR com.iluwatar.commander.Commander - Order 6RJYOPVKY7M0: Shipping service unavailable, order not placed..
13:02:07.619 [main] INFO com.iluwatar.commander.Commander - Sorry, there was a problem in creating your order. Please try later.
13:02:07.619 [main] ERROR com.iluwatar.commander.Commander - Order 6RJYOPVKY7M0: Shipping service unavailable, order not placed..
13:02:07.619 [main] INFO com.iluwatar.commander.Commander - Sorry, there was a problem in creating your order. Please try later.
13:02:07.619 [main] ERROR com.iluwatar.commander.Commander - Order 6RJYOPVKY7M0: Shipping service unavailable, order not placed..
13:02:07.619 [main] INFO com.iluwatar.commander.Commander - Sorry, there was a problem in creating your order. Please try later.
13:02:07.619 [main] ERROR com.iluwatar.commander.Commander - Order 6RJYOPVKY7M0: Shipping service unavailable, order not placed..
13:02:07.619 [main] INFO com.iluwatar.commander.Commander - Sorry, there was a problem in creating your order. Please try later.
13:02:07.619 [main] ERROR com.iluwatar.commander.Commander - Order 8XIY00VGBR45: Shipping service unavailable, order not placed..
13:02:07.619 [main] INFO com.iluwatar.commander.Commander - Sorry, there was a problem in creating your order. Please try later.
13:02:07.619 [main] ERROR com.iluwatar.commander.Commander - Order 8XIY00VGBR45: Shipping service unavailable, order not placed..
13:02:07.619 [main] INFO com.iluwatar.commander.Commander - Sorry, there was a problem in creating your order. Please try later.
13:02:07.619 [main] ERROR com.iluwatar.commander.Commander - Order 8XIY00VGBR45: Shipping service unavailable, order not placed..
13:02:07.619 [main] INFO com.iluwatar.commander.Commander - Sorry, there was a problem in creating your order. Please try later.
13:02:07.619 [main] ERROR com.iluwatar.commander.Commander - Order 8XIY00VGBR45: Shipping service unavailable, order not placed..
13:02:07.619 [main] DEBUG com.iluwatar.commander.Commander - Order T4PCIJDRH1VG: Error in connecting to shipping service, trying again..
13:02:07.619 [main] INFO com.iluwatar.commander.Commander - Sorry, there was a problem in creating your order. Please try later.
13:02:07.619 [main] ERROR com.iluwatar.commander.Commander - Order T4PCIJDRH1VG: Shipping service unavailable, order not placed..
13:02:07.619 [main] INFO com.iluwatar.commander.Commander - Sorry, there was a problem in creating your order. Please try later.
13:02:07.619 [main] ERROR com.iluwatar.commander.Commander - Order T4PCIJDRH1VG: Shipping service unavailable, order not placed..
13:02:07.619 [main] INFO com.iluwatar.commander.Commander - Sorry, there was a problem in creating your order. Please try later.
13:02:07.619 [main] ERROR com.iluwatar.commander.Commander - Order T4PCIJDRH1VG: Shipping service unavailable, order not placed..
13:02:07.619 [main] INFO com.iluwatar.commander.Commander - Sorry, there was a problem in creating your order. Please try later.
13:02:07.619 [main] ERROR com.iluwatar.commander.Commander - Order T4PCIJDRH1VG: Shipping service unavailable, order not placed..
13:02:07.619 [main] DEBUG com.iluwatar.commander.Commander - Order H0I2I9EZ39RK: Error in creating shipping request..
13:02:07.619 [main] INFO com.iluwatar.commander.Commander - Sorry, there was a problem in creating your order. Please try later.
13:02:07.619 [main] ERROR com.iluwatar.commander.Commander - Order H0I2I9EZ39RK: Shipping service unavailable, order not placed..
13:02:07.619 [main] INFO com.iluwatar.commander.Commander - Sorry, there was a problem in creating your order. Please try later.
13:02:07.619 [main] ERROR com.iluwatar.commander.Commander - Order H0I2I9EZ39RK: Shipping service unavailable, order not placed..
13:02:07.619 [main] INFO com.iluwatar.commander.Commander - Sorry, there was a problem in creating your order. Please try later.
13:02:07.619 [main] ERROR com.iluwatar.commander.Commander - Order H0I2I9EZ39RK: Shipping service unavailable, order not placed..
13:02:07.619 [main] INFO com.iluwatar.commander.Commander - Sorry, there was a problem in creating your order. Please try later.
13:02:07.619 [main] ERROR com.iluwatar.commander.Commander - Order H0I2I9EZ39RK: Shipping service unavailable, order not placed..
13:02:07.619 [main] INFO com.iluwatar.commander.Commander - Sorry, there was a problem in creating your order. Please try later.
13:02:07.619 [main] ERROR com.iluwatar.commander.Commander - Order XJVMDLJ26O2M: Shipping service unavailable, order not placed..
13:02:07.619 [main] INFO com.iluwatar.commander.Commander - Sorry, there was a problem in creating your order. Please try later.
13:02:07.619 [main] ERROR com.iluwatar.commander.Commander - Order XJVMDLJ26O2M: Shipping service unavailable, order not placed..
13:02:07.619 [main] INFO com.iluwatar.commander.Commander - Sorry, there was a problem in creating your order. Please try later.
13:02:07.619 [main] ERROR com.iluwatar.commander.Commander - Order XJVMDLJ26O2M: Shipping service unavailable, order not placed..
13:02:07.619 [main] INFO com.iluwatar.commander.Commander - Sorry, there was a problem in creating your order. Please try later.
13:02:07.619 [main] ERROR com.iluwatar.commander.Commander - Order XJVMDLJ26O2M: Shipping service unavailable, order not placed..
13:02:07.619 [main] INFO com.iluwatar.commander.Commander - Sorry, there was a problem in creating your order. Please try later.
13:02:07.619 [main] ERROR com.iluwatar.commander.Commander - Order X548JF27HLFZ: Shipping service unavailable, order not placed..
13:02:07.619 [main] INFO com.iluwatar.commander.Commander - Sorry, there was a problem in creating your order. Please try later.
13:02:07.619 [main] ERROR com.iluwatar.commander.Commander - Order X548JF27HLFZ: Shipping service unavailable, order not placed..
13:02:07.619 [main] INFO com.iluwatar.commander.Commander - Sorry, there was a problem in creating your order. Please try later.
13:02:07.619 [main] ERROR com.iluwatar.commander.Commander - Order X548JF27HLFZ: Shipping service unavailable, order not placed..
13:02:07.619 [main] INFO com.iluwatar.commander.Commander - Sorry, there was a problem in creating your order. Please try later.
13:02:07.619 [main] ERROR com.iluwatar.commander.Commander - Order X548JF27HLFZ: Shipping service unavailable, order not placed..
]]></system-out>
    <system-err><![CDATA[java.lang.NullPointerException
	at com.iluwatar.commander.Commander.updateQueue(Commander.java:257)
	at com.iluwatar.commander.Commander.lambda$employeeHandleIssue$32(Commander.java:530)
	at com.iluwatar.commander.Retry.perform(Retry.java:96)
	at com.iluwatar.commander.Commander.lambda$employeeHandleIssue$34(Commander.java:538)
	at java.base/java.lang.Thread.run(Thread.java:829)
java.lang.NullPointerException
	at com.iluwatar.commander.Commander.updateQueue(Commander.java:257)
	at com.iluwatar.commander.Commander.lambda$employeeHandleIssue$32(Commander.java:530)
	at com.iluwatar.commander.Retry.perform(Retry.java:96)
	at com.iluwatar.commander.Commander.lambda$employeeHandleIssue$34(Commander.java:538)
	at java.base/java.lang.Thread.run(Thread.java:829)
java.lang.NullPointerException
	at com.iluwatar.commander.Commander.updateQueue(Commander.java:257)
	at com.iluwatar.commander.Commander.lambda$employeeHandleIssue$32(Commander.java:530)
	at com.iluwatar.commander.Retry.perform(Retry.java:96)
	at com.iluwatar.commander.Commander.lambda$employeeHandleIssue$34(Commander.java:538)
	at java.base/java.lang.Thread.run(Thread.java:829)
java.lang.NullPointerException
	at com.iluwatar.commander.Commander.updateQueue(Commander.java:257)
	at com.iluwatar.commander.Commander.lambda$employeeHandleIssue$32(Commander.java:530)
	at com.iluwatar.commander.Retry.perform(Retry.java:96)
	at com.iluwatar.commander.Commander.lambda$employeeHandleIssue$34(Commander.java:538)
	at java.base/java.lang.Thread.run(Thread.java:829)
]]></system-err>
  </testcase>
  <testcase name="testPlaceOrder2" classname="com.iluwatar.commander.CommanderTest" time="0.018">
    <system-out><![CDATA[13:02:07.620 [main] DEBUG com.iluwatar.commander.Commander - Order 1Z99QL10B5A9: Error in connecting to shipping service, trying again..
13:02:07.620 [main] INFO com.iluwatar.commander.Commander - Sorry, there was a problem in creating your order. Please try later.
13:02:07.620 [main] ERROR com.iluwatar.commander.Commander - Order 1Z99QL10B5A9: Shipping service unavailable, order not placed..
13:02:07.620 [main] INFO com.iluwatar.commander.Commander - Order 1Z99QL10B5A9: Shipping placed successfully, transaction id: DGYXVWXGVX0E
13:02:07.620 [main] INFO com.iluwatar.commander.Commander - Order has been placed and will be shipped to you. Please wait while we make your payment... 
13:02:07.620 [main] INFO com.iluwatar.commander.Commander - Order 1Z99QL10B5A9: Shipping placed successfully, transaction id: 6N4JGH7YU9IP
13:02:07.620 [main] INFO com.iluwatar.commander.Commander - Order has been placed and will be shipped to you. Please wait while we make your payment... 
13:02:07.620 [Thread-734] DEBUG com.iluwatar.commander.Commander - Order 1Z99QL10B5A9: Error in connecting to payment service, trying again..
13:02:07.620 [Thread-734] WARN com.iluwatar.commander.Commander - Order 1Z99QL10B5A9: Payment error, going to queue..
13:02:07.621 [main] INFO com.iluwatar.commander.Commander - Order 1Z99QL10B5A9: Shipping placed successfully, transaction id: RLE8X6JJXABM
13:02:07.621 [main] INFO com.iluwatar.commander.Commander - Order has been placed and will be shipped to you. Please wait while we make your payment... 
13:02:07.621 [Thread-735] DEBUG com.iluwatar.commander.Commander - Order 1Z99QL10B5A9: Error in connecting to payment service, trying again..
13:02:07.621 [Thread-735] WARN com.iluwatar.commander.Commander - Order 1Z99QL10B5A9: Payment error, going to queue..
13:02:07.621 [Thread-737] DEBUG com.iluwatar.commander.Commander - Order 1Z99QL10B5A9: Error in connecting to payment service, trying again..
13:02:07.621 [Thread-737] WARN com.iluwatar.commander.Commander - Order 1Z99QL10B5A9: Payment error, going to queue..
13:02:07.621 [main] DEBUG com.iluwatar.commander.Commander - Order VO3NKKBX57OA: Error in connecting to shipping service, trying again..
13:02:07.621 [main] INFO com.iluwatar.commander.Commander - Sorry, there was a problem in creating your order. Please try later.
13:02:07.621 [main] ERROR com.iluwatar.commander.Commander - Order VO3NKKBX57OA: Shipping service unavailable, order not placed..
13:02:07.621 [main] INFO com.iluwatar.commander.Commander - Order VO3NKKBX57OA: Shipping placed successfully, transaction id: 3FU352A56MBD
13:02:07.621 [main] INFO com.iluwatar.commander.Commander - Order has been placed and will be shipped to you. Please wait while we make your payment... 
13:02:07.621 [Thread-736] DEBUG com.iluwatar.commander.Commander - Order 1Z99QL10B5A9: Error in connecting to messaging service (Payment Error msg), trying again..
13:02:07.621 [Thread-741] WARN com.iluwatar.commander.Commander - Order 1Z99QL10B5A9: Error in connecting to queue db, trying again..
13:02:07.621 [main] INFO com.iluwatar.commander.Commander - Order VO3NKKBX57OA: Shipping placed successfully, transaction id: GLFWBAW4SV4N
13:02:07.621 [main] INFO com.iluwatar.commander.Commander - Order has been placed and will be shipped to you. Please wait while we make your payment... 
13:02:07.621 [Thread-740] DEBUG com.iluwatar.commander.Commander - Order VO3NKKBX57OA: Error in connecting to payment service, trying again..
13:02:07.621 [Thread-740] WARN com.iluwatar.commander.Commander - Order VO3NKKBX57OA: Payment error, going to queue..
13:02:07.621 [main] INFO com.iluwatar.commander.Commander - Order VO3NKKBX57OA: Shipping placed successfully, transaction id: LE1Z9K7YU99F
13:02:07.621 [main] INFO com.iluwatar.commander.Commander - Order has been placed and will be shipped to you. Please wait while we make your payment... 
13:02:07.621 [Thread-744] DEBUG com.iluwatar.commander.Commander - Order VO3NKKBX57OA: Error in connecting to payment service, trying again..
13:02:07.621 [Thread-744] WARN com.iluwatar.commander.Commander - Order VO3NKKBX57OA: Payment error, going to queue..
13:02:07.622 [Thread-747] DEBUG com.iluwatar.commander.Commander - Order VO3NKKBX57OA: Error in connecting to messaging service (Payment Error msg), trying again..
13:02:07.622 [Thread-748] WARN com.iluwatar.commander.Commander - Order VO3NKKBX57OA: Error in connecting to queue db, trying again..
13:02:07.622 [Thread-746] DEBUG com.iluwatar.commander.Commander - Order VO3NKKBX57OA: Error in connecting to payment service, trying again..
13:02:07.622 [Thread-746] WARN com.iluwatar.commander.Commander - Order VO3NKKBX57OA: Payment error, going to queue..
13:02:07.622 [main] DEBUG com.iluwatar.commander.Commander - Order PT6EDSL0M071: Error in connecting to shipping service, trying again..
13:02:07.622 [main] INFO com.iluwatar.commander.Commander - Sorry, there was a problem in creating your order. Please try later.
13:02:07.622 [main] ERROR com.iluwatar.commander.Commander - Order PT6EDSL0M071: Shipping service unavailable, order not placed..
13:02:07.622 [main] INFO com.iluwatar.commander.Commander - Order PT6EDSL0M071: Shipping placed successfully, transaction id: 37C1FHNLA6M5
13:02:07.622 [main] INFO com.iluwatar.commander.Commander - Order has been placed and will be shipped to you. Please wait while we make your payment... 
13:02:07.622 [Thread-748] ERROR com.iluwatar.commander.Commander - Order VO3NKKBX57OA: Unable to enqueue payment task, payment failed..
13:02:07.622 [Thread-748] ERROR com.iluwatar.commander.Commander - Order VO3NKKBX57OA: Unable to enqueue task of type PAYMENT, trying to add to employee handle..
13:02:07.622 [Thread-750] INFO com.iluwatar.commander.messagingservice.MessagingService - Msg: There was an error in your payment process. Your order is placed and has been converted to COD. Please reach us on CUSTOMER-CARE-NUBER in case of any queries. Thank you for shopping with us!
13:02:07.622 [Thread-750] INFO com.iluwatar.commander.Commander - Order VO3NKKBX57OA: Payment Failure message sent successfully, request Id: IGHL63SND69M
13:02:07.622 [main] INFO com.iluwatar.commander.Commander - Order PT6EDSL0M071: Shipping placed successfully, transaction id: WR9CS0JBFMG8
13:02:07.622 [main] INFO com.iluwatar.commander.Commander - Order has been placed and will be shipped to you. Please wait while we make your payment... 
13:02:07.622 [main] INFO com.iluwatar.commander.Commander - Order PT6EDSL0M071: Shipping placed successfully, transaction id: XN5YQTRNPIPI
13:02:07.622 [main] INFO com.iluwatar.commander.Commander - Order has been placed and will be shipped to you. Please wait while we make your payment... 
13:02:07.622 [Thread-752] DEBUG com.iluwatar.commander.Commander - Order PT6EDSL0M071: Error in connecting to payment service, trying again..
13:02:07.622 [Thread-752] WARN com.iluwatar.commander.Commander - Order PT6EDSL0M071: Payment error, going to queue..
13:02:07.622 [Thread-754] DEBUG com.iluwatar.commander.Commander - Order PT6EDSL0M071: Error in connecting to payment service, trying again..
13:02:07.622 [Thread-754] WARN com.iluwatar.commander.Commander - Order PT6EDSL0M071: Payment error, going to queue..
13:02:07.622 [Thread-755] DEBUG com.iluwatar.commander.Commander - Order PT6EDSL0M071: Error in connecting to payment service, trying again..
13:02:07.622 [Thread-755] WARN com.iluwatar.commander.Commander - Order PT6EDSL0M071: Payment error, going to queue..
13:02:07.622 [main] DEBUG com.iluwatar.commander.Commander - Order WCUD2HHGS8JE: Error in connecting to shipping service, trying again..
13:02:07.622 [main] INFO com.iluwatar.commander.Commander - Sorry, there was a problem in creating your order. Please try later.
13:02:07.622 [main] ERROR com.iluwatar.commander.Commander - Order WCUD2HHGS8JE: Shipping service unavailable, order not placed..
13:02:07.622 [main] INFO com.iluwatar.commander.Commander - Order WCUD2HHGS8JE: Shipping placed successfully, transaction id: DMVL704E8IXJ
13:02:07.622 [main] INFO com.iluwatar.commander.Commander - Order has been placed and will be shipped to you. Please wait while we make your payment... 
13:02:07.622 [Thread-743] INFO com.iluwatar.commander.messagingservice.MessagingService - Msg: There was an error in your payment process. Your order is placed and has been converted to COD. Please reach us on CUSTOMER-CARE-NUBER in case of any queries. Thank you for shopping with us!
13:02:07.622 [Thread-743] INFO com.iluwatar.commander.Commander - Order 1Z99QL10B5A9: Payment Failure message sent successfully, request Id: GA1S4M0W6EDR
13:02:07.622 [Thread-741] ERROR com.iluwatar.commander.Commander - Order 1Z99QL10B5A9: Unable to enqueue payment task, payment failed..
13:02:07.622 [Thread-741] ERROR com.iluwatar.commander.Commander - Order 1Z99QL10B5A9: Unable to enqueue task of type PAYMENT, trying to add to employee handle..
13:02:07.622 [Thread-736] WARN com.iluwatar.commander.Commander - Order 1Z99QL10B5A9: Error in sending Payment Error message, trying to queue task and add to employee handle..
13:02:07.622 [Thread-742] WARN com.iluwatar.commander.Commander - Order 1Z99QL10B5A9: Error in connecting to queue db, trying again..
13:02:07.622 [Thread-742] ERROR com.iluwatar.commander.Commander - Order 1Z99QL10B5A9: Unable to enqueue task of type Payment Error Message, trying to add to employee handle..
13:02:07.622 [Thread-760] WARN com.iluwatar.commander.Commander - Order 1Z99QL10B5A9: Error in connecting to employee handle, trying again..
13:02:07.622 [main] INFO com.iluwatar.commander.Commander - Order WCUD2HHGS8JE: Shipping placed successfully, transaction id: NZZ2AKRPJY9J
13:02:07.622 [main] INFO com.iluwatar.commander.Commander - Order has been placed and will be shipped to you. Please wait while we make your payment... 
13:02:07.622 [Thread-759] DEBUG com.iluwatar.commander.Commander - Order WCUD2HHGS8JE: Error in connecting to payment service, trying again..
13:02:07.622 [Thread-759] WARN com.iluwatar.commander.Commander - Order WCUD2HHGS8JE: Payment error, going to queue..
13:02:07.622 [Thread-758] DEBUG com.iluwatar.commander.Commander - Order PT6EDSL0M071: Error in connecting to messaging service (Payment Error msg), trying again..
13:02:07.622 [Thread-766] WARN com.iluwatar.commander.Commander - Order PT6EDSL0M071: Error in connecting to queue db, trying again..
13:02:07.622 [Thread-758] WARN com.iluwatar.commander.Commander - Order PT6EDSL0M071: Error in sending Payment Error message, trying to queue task and add to employee handle..
13:02:07.623 [Thread-767] WARN com.iluwatar.commander.Commander - Order PT6EDSL0M071: Error in connecting to queue db, trying again..
13:02:07.623 [Thread-767] ERROR com.iluwatar.commander.Commander - Order PT6EDSL0M071: Unable to enqueue task of type Payment Error Message, trying to add to employee handle..
13:02:07.623 [Thread-747] WARN com.iluwatar.commander.Commander - Order VO3NKKBX57OA: Error in sending Payment Error message, trying to queue task and add to employee handle..
13:02:07.626 [Thread-771] WARN com.iluwatar.commander.Commander - Order VO3NKKBX57OA: Error in connecting to employee handle, trying again..
13:02:07.626 [Thread-749] WARN com.iluwatar.commander.Commander - Order VO3NKKBX57OA: Error in connecting to queue db, trying again..
13:02:07.626 [Thread-770] WARN com.iluwatar.commander.Commander - Order PT6EDSL0M071: Error in connecting to employee handle, trying again..
13:02:07.626 [Thread-753] WARN com.iluwatar.commander.Commander - Order VO3NKKBX57OA: Error in connecting to employee handle, trying again..
13:02:07.626 [Thread-749] ERROR com.iluwatar.commander.Commander - Order VO3NKKBX57OA: Unable to enqueue task of type Payment Error Message, trying to add to employee handle..
13:02:07.626 [Thread-771] WARN com.iluwatar.commander.Commander - Order VO3NKKBX57OA: Error in adding to employee db, trying to queue task..
13:02:07.626 [Thread-772] WARN com.iluwatar.commander.Commander - Order VO3NKKBX57OA: Error in connecting to queue db, trying again..
13:02:07.626 [Thread-772] ERROR com.iluwatar.commander.Commander - Order VO3NKKBX57OA: Unable to enqueue task of type EMPLOYEE_DB, trying to add to employee handle..
13:02:07.626 [Thread-769] WARN com.iluwatar.commander.Commander - Order PT6EDSL0M071: Error in connecting to employee handle, trying again..
13:02:07.626 [Thread-766] ERROR com.iluwatar.commander.Commander - Order PT6EDSL0M071: Unable to enqueue payment task, payment failed..
13:02:07.626 [Thread-766] ERROR com.iluwatar.commander.Commander - Order PT6EDSL0M071: Unable to enqueue task of type PAYMENT, trying to add to employee handle..
13:02:07.626 [Thread-768] INFO com.iluwatar.commander.messagingservice.MessagingService - Msg: There was an error in your payment process. Your order is placed and has been converted to COD. Please reach us on CUSTOMER-CARE-NUBER in case of any queries. Thank you for shopping with us!
13:02:07.626 [Thread-768] INFO com.iluwatar.commander.Commander - Order PT6EDSL0M071: Payment Failure message sent successfully, request Id: NZ9ZBNRGDS08
13:02:07.626 [Thread-765] DEBUG com.iluwatar.commander.Commander - Order WCUD2HHGS8JE: Error in connecting to messaging service (Payment Error msg), trying again..
13:02:07.626 [main] INFO com.iluwatar.commander.Commander - Order WCUD2HHGS8JE: Shipping placed successfully, transaction id: 4TQL6BJR7E25
13:02:07.626 [main] INFO com.iluwatar.commander.Commander - Order has been placed and will be shipped to you. Please wait while we make your payment... 
13:02:07.626 [Thread-764] DEBUG com.iluwatar.commander.Commander - Order WCUD2HHGS8JE: Error in connecting to payment service, trying again..
13:02:07.626 [Thread-764] WARN com.iluwatar.commander.Commander - Order WCUD2HHGS8JE: Payment error, going to queue..
13:02:07.626 [Thread-765] WARN com.iluwatar.commander.Commander - Order WCUD2HHGS8JE: Error in sending Payment Error message, trying to queue task and add to employee handle..
13:02:07.626 [Thread-780] WARN com.iluwatar.commander.Commander - Order WCUD2HHGS8JE: Error in connecting to queue db, trying again..
13:02:07.626 [Thread-780] ERROR com.iluwatar.commander.Commander - Order WCUD2HHGS8JE: Unable to enqueue task of type Payment Error Message, trying to add to employee handle..
13:02:07.626 [Thread-782] INFO com.iluwatar.commander.messagingservice.MessagingService - Msg: There was an error in your payment process, we are working on it and will return back to you shortly. Meanwhile, your order has been placed and will be shipped.
13:02:07.626 [Thread-782] INFO com.iluwatar.commander.Commander - Order WCUD2HHGS8JE: Payment Error message sent successfully, request Id: 8PBIM40FF8S9
13:02:07.626 [Thread-760] WARN com.iluwatar.commander.Commander - Order 1Z99QL10B5A9: Error in adding to employee db, trying to queue task..
13:02:07.626 [Thread-763] WARN com.iluwatar.commander.Commander - Order 1Z99QL10B5A9: Error in connecting to queue db, trying again..
13:02:07.626 [Thread-763] ERROR com.iluwatar.commander.Commander - Order 1Z99QL10B5A9: Unable to enqueue task of type EMPLOYEE_DB, trying to add to employee handle..
13:02:07.626 [Thread-761] WARN com.iluwatar.commander.Commander - Order 1Z99QL10B5A9: Error in connecting to employee handle, trying again..
13:02:07.626 [Thread-762] WARN com.iluwatar.commander.Commander - Order 1Z99QL10B5A9: Error in connecting to employee handle, trying again..
13:02:07.626 [Thread-786] WARN com.iluwatar.commander.Commander - Order 1Z99QL10B5A9: Error in connecting to employee handle, trying again..
13:02:07.626 [Thread-785] WARN com.iluwatar.commander.Commander - Order WCUD2HHGS8JE: Error in connecting to queue db, trying again..
13:02:07.626 [Thread-784] WARN com.iluwatar.commander.Commander - Order WCUD2HHGS8JE: Error in connecting to employee handle, trying again..
13:02:07.626 [Thread-785] ERROR com.iluwatar.commander.Commander - Order WCUD2HHGS8JE: Unable to enqueue payment task, payment failed..
13:02:07.626 [Thread-785] ERROR com.iluwatar.commander.Commander - Order WCUD2HHGS8JE: Unable to enqueue task of type PAYMENT, trying to add to employee handle..
13:02:07.626 [Thread-784] WARN com.iluwatar.commander.Commander - Order WCUD2HHGS8JE: Error in adding to employee db, trying to queue task..
13:02:07.626 [Thread-791] WARN com.iluwatar.commander.Commander - Order WCUD2HHGS8JE: Error in connecting to queue db, trying again..
13:02:07.626 [Thread-791] ERROR com.iluwatar.commander.Commander - Order WCUD2HHGS8JE: Unable to enqueue task of type EMPLOYEE_DB, trying to add to employee handle..
13:02:07.626 [Thread-783] WARN com.iluwatar.commander.Commander - Order WCUD2HHGS8JE: Error in connecting to employee handle, trying again..
13:02:07.626 [Thread-781] DEBUG com.iluwatar.commander.Commander - Order WCUD2HHGS8JE: Error in connecting to payment service, trying again..
13:02:07.626 [main] DEBUG com.iluwatar.commander.Commander - Order Q297ZWS4J7OF: Error in connecting to shipping service, trying again..
13:02:07.626 [main] INFO com.iluwatar.commander.Commander - Sorry, there was a problem in creating your order. Please try later.
13:02:07.626 [main] ERROR com.iluwatar.commander.Commander - Order Q297ZWS4J7OF: Shipping service unavailable, order not placed..
13:02:07.626 [main] INFO com.iluwatar.commander.Commander - Order Q297ZWS4J7OF: Shipping placed successfully, transaction id: I8UKFKSN13E4
13:02:07.626 [main] INFO com.iluwatar.commander.Commander - Order has been placed and will be shipped to you. Please wait while we make your payment... 
13:02:07.626 [Thread-779] WARN com.iluwatar.commander.Commander - Order WCUD2HHGS8JE: Error in connecting to queue db, trying again..
13:02:07.627 [Thread-778] WARN com.iluwatar.commander.Commander - Order PT6EDSL0M071: Error in connecting to employee handle, trying again..
13:02:07.627 [Thread-769] WARN com.iluwatar.commander.Commander - Order PT6EDSL0M071: Error in adding to employee db, trying to queue task..
13:02:07.627 [Thread-777] WARN com.iluwatar.commander.Commander - Order PT6EDSL0M071: Error in connecting to queue db, trying again..
13:02:07.627 [Thread-777] ERROR com.iluwatar.commander.Commander - Order PT6EDSL0M071: Unable to enqueue task of type EMPLOYEE_DB, trying to add to employee handle..
13:02:07.627 [Thread-776] WARN com.iluwatar.commander.Commander - Order VO3NKKBX57OA: Error in connecting to employee handle, trying again..
13:02:07.627 [Thread-775] WARN com.iluwatar.commander.Commander - Order VO3NKKBX57OA: Error in connecting to employee handle, trying again..
13:02:07.627 [Thread-753] WARN com.iluwatar.commander.Commander - Order VO3NKKBX57OA: Error in adding to employee db, trying to queue task..
13:02:07.627 [Thread-775] WARN com.iluwatar.commander.Commander - Order VO3NKKBX57OA: Error in adding to employee db, trying to queue task..
13:02:07.627 [Thread-774] WARN com.iluwatar.commander.Commander - Order VO3NKKBX57OA: Error in connecting to queue db, trying again..
13:02:07.627 [Thread-800] WARN com.iluwatar.commander.Commander - Order VO3NKKBX57OA: Error in connecting to queue db, trying again..
13:02:07.627 [Thread-774] ERROR com.iluwatar.commander.Commander - Order VO3NKKBX57OA: Unable to enqueue task of type EMPLOYEE_DB, trying to add to employee handle..
13:02:07.627 [Thread-800] ERROR com.iluwatar.commander.Commander - Order VO3NKKBX57OA: Unable to enqueue task of type EMPLOYEE_DB, trying to add to employee handle..
13:02:07.627 [Thread-770] WARN com.iluwatar.commander.Commander - Order PT6EDSL0M071: Error in adding to employee db, trying to queue task..
13:02:07.627 [Thread-773] WARN com.iluwatar.commander.Commander - Order PT6EDSL0M071: Error in connecting to queue db, trying again..
13:02:07.627 [Thread-773] ERROR com.iluwatar.commander.Commander - Order PT6EDSL0M071: Unable to enqueue task of type EMPLOYEE_DB, trying to add to employee handle..
13:02:07.627 [Thread-803] WARN com.iluwatar.commander.Commander - Order PT6EDSL0M071: Error in connecting to employee handle, trying again..
13:02:07.627 [Thread-802] WARN com.iluwatar.commander.Commander - Order VO3NKKBX57OA: Error in connecting to employee handle, trying again..
13:02:07.627 [Thread-801] WARN com.iluwatar.commander.Commander - Order VO3NKKBX57OA: Error in connecting to employee handle, trying again..
13:02:07.627 [Thread-801] WARN com.iluwatar.commander.Commander - Order VO3NKKBX57OA: Error in adding to employee db, trying to queue task..
13:02:07.627 [Thread-810] WARN com.iluwatar.commander.Commander - Order VO3NKKBX57OA: Error in connecting to queue db, trying again..
13:02:07.627 [Thread-810] ERROR com.iluwatar.commander.Commander - Order VO3NKKBX57OA: Unable to enqueue task of type EMPLOYEE_DB, trying to add to employee handle..
13:02:07.627 [Thread-776] WARN com.iluwatar.commander.Commander - Order VO3NKKBX57OA: Error in adding to employee db, trying to queue task..
13:02:07.627 [Thread-799] INFO com.iluwatar.commander.Commander - Order VO3NKKBX57OA: EMPLOYEE_DB task enqueued..
13:02:07.627 [Thread-798] WARN com.iluwatar.commander.Commander - Order PT6EDSL0M071: Error in connecting to employee handle, trying again..
13:02:07.627 [Thread-812] DEBUG com.iluwatar.commander.Commander - Order VO3NKKBX57OA: Trying to connect to employee handle..
13:02:07.627 [Thread-813] INFO com.iluwatar.commander.Commander - Order VO3NKKBX57OA: Added order to employee database
13:02:07.627 [Thread-778] WARN com.iluwatar.commander.Commander - Order PT6EDSL0M071: Error in adding to employee db, trying to queue task..
13:02:07.627 [Thread-779] ERROR com.iluwatar.commander.Commander - Order WCUD2HHGS8JE: Unable to enqueue payment task, payment failed..
13:02:07.627 [Thread-779] ERROR com.iluwatar.commander.Commander - Order WCUD2HHGS8JE: Unable to enqueue task of type PAYMENT, trying to add to employee handle..
13:02:07.627 [Thread-797] WARN com.iluwatar.commander.Commander - Order PT6EDSL0M071: Error in connecting to queue db, trying again..
13:02:07.627 [Thread-797] ERROR com.iluwatar.commander.Commander - Order PT6EDSL0M071: Unable to enqueue task of type EMPLOYEE_DB, trying to add to employee handle..
13:02:07.627 [Thread-815] WARN com.iluwatar.commander.Commander - Order WCUD2HHGS8JE: Error in connecting to employee handle, trying again..
13:02:07.627 [main] INFO com.iluwatar.commander.Commander - Order Q297ZWS4J7OF: Shipping placed successfully, transaction id: LD0UBNFSJUXE
13:02:07.627 [main] INFO com.iluwatar.commander.Commander - Order has been placed and will be shipped to you. Please wait while we make your payment... 
13:02:07.627 [Thread-795] DEBUG com.iluwatar.commander.Commander - Order Q297ZWS4J7OF: Error in connecting to payment service, trying again..
13:02:07.627 [Thread-795] WARN com.iluwatar.commander.Commander - Order Q297ZWS4J7OF: Payment error, going to queue..
13:02:07.627 [Thread-815] WARN com.iluwatar.commander.Commander - Order WCUD2HHGS8JE: Error in adding to employee db, trying to queue task..
13:02:07.627 [Thread-817] WARN com.iluwatar.commander.Commander - Order WCUD2HHGS8JE: Error in connecting to queue db, trying again..
13:02:07.627 [Thread-817] ERROR com.iluwatar.commander.Commander - Order WCUD2HHGS8JE: Unable to enqueue task of type EMPLOYEE_DB, trying to add to employee handle..
13:02:07.627 [Thread-819] DEBUG com.iluwatar.commander.Commander - Order Q297ZWS4J7OF: Error in connecting to messaging service (Payment Error msg), trying again..
13:02:07.627 [Thread-783] WARN com.iluwatar.commander.Commander - Order WCUD2HHGS8JE: Error in adding to employee db, trying to queue task..
13:02:07.628 [Thread-790] INFO com.iluwatar.commander.messagingservice.MessagingService - Msg: There was an error in your payment process. Your order is placed and has been converted to COD. Please reach us on CUSTOMER-CARE-NUBER in case of any queries. Thank you for shopping with us!
13:02:07.628 [Thread-796] INFO com.iluwatar.commander.messagingservice.MessagingService - Msg: There was an error in your payment process. Your order is placed and has been converted to COD. Please reach us on CUSTOMER-CARE-NUBER in case of any queries. Thank you for shopping with us!
13:02:07.628 [Thread-796] INFO com.iluwatar.commander.Commander - Order WCUD2HHGS8JE: Payment Failure message sent successfully, request Id: TU33CXP1PFXN
13:02:07.628 [Thread-793] WARN com.iluwatar.commander.Commander - Order WCUD2HHGS8JE: Error in connecting to employee handle, trying again..
13:02:07.628 [Thread-790] INFO com.iluwatar.commander.Commander - Order WCUD2HHGS8JE: Payment Failure message sent successfully, request Id: LG3RTUERTQMO
13:02:07.628 [Thread-792] WARN com.iluwatar.commander.Commander - Order WCUD2HHGS8JE: Error in connecting to employee handle, trying again..
13:02:07.628 [Thread-786] WARN com.iluwatar.commander.Commander - Order 1Z99QL10B5A9: Error in adding to employee db, trying to queue task..
13:02:07.628 [Thread-789] WARN com.iluwatar.commander.Commander - Order 1Z99QL10B5A9: Error in connecting to queue db, trying again..
13:02:07.628 [Thread-762] WARN com.iluwatar.commander.Commander - Order 1Z99QL10B5A9: Error in adding to employee db, trying to queue task..
13:02:07.628 [Thread-789] ERROR com.iluwatar.commander.Commander - Order 1Z99QL10B5A9: Unable to enqueue task of type EMPLOYEE_DB, trying to add to employee handle..
13:02:07.628 [Thread-788] WARN com.iluwatar.commander.Commander - Order 1Z99QL10B5A9: Error in connecting to queue db, trying again..
13:02:07.628 [Thread-788] ERROR com.iluwatar.commander.Commander - Order 1Z99QL10B5A9: Unable to enqueue task of type EMPLOYEE_DB, trying to add to employee handle..
13:02:07.628 [Thread-761] WARN com.iluwatar.commander.Commander - Order 1Z99QL10B5A9: Error in adding to employee db, trying to queue task..
13:02:07.628 [Thread-794] WARN com.iluwatar.commander.Commander - Order WCUD2HHGS8JE: Error in connecting to queue db, trying again..
13:02:07.628 [Thread-819] WARN com.iluwatar.commander.Commander - Order Q297ZWS4J7OF: Error in sending Payment Error message, trying to queue task and add to employee handle..
13:02:07.628 [Thread-826] WARN com.iluwatar.commander.Commander - Order 1Z99QL10B5A9: Error in connecting to employee handle, trying again..
13:02:07.628 [Thread-787] WARN com.iluwatar.commander.Commander - Order 1Z99QL10B5A9: Error in connecting to queue db, trying again..
13:02:07.628 [Thread-787] ERROR com.iluwatar.commander.Commander - Order 1Z99QL10B5A9: Unable to enqueue task of type EMPLOYEE_DB, trying to add to employee handle..
13:02:07.628 [Thread-794] ERROR com.iluwatar.commander.Commander - Order WCUD2HHGS8JE: Unable to enqueue task of type EMPLOYEE_DB, trying to add to employee handle..
13:02:07.628 [Thread-822] WARN com.iluwatar.commander.Commander - Order Q297ZWS4J7OF: Error in connecting to queue db, trying again..
13:02:07.628 [Thread-821] WARN com.iluwatar.commander.Commander - Order Q297ZWS4J7OF: Error in connecting to queue db, trying again..
13:02:07.628 [Thread-820] WARN com.iluwatar.commander.Commander - Order WCUD2HHGS8JE: Error in connecting to employee handle, trying again..
13:02:07.628 [Thread-826] WARN com.iluwatar.commander.Commander - Order 1Z99QL10B5A9: Error in adding to employee db, trying to queue task..
13:02:07.628 [Thread-828] INFO com.iluwatar.commander.Commander - Order 1Z99QL10B5A9: EMPLOYEE_DB task enqueued..
13:02:07.628 [main] INFO com.iluwatar.commander.Commander - Order Q297ZWS4J7OF: Shipping placed successfully, transaction id: NBA8LQZP4ZYM
13:02:07.628 [main] INFO com.iluwatar.commander.Commander - Order has been placed and will be shipped to you. Please wait while we make your payment... 
13:02:07.628 [Thread-822] ERROR com.iluwatar.commander.Commander - Order Q297ZWS4J7OF: Unable to enqueue task of type Payment Error Message, trying to add to employee handle..
13:02:07.628 [Thread-818] DEBUG com.iluwatar.commander.Commander - Order Q297ZWS4J7OF: Error in connecting to payment service, trying again..
13:02:07.628 [Thread-818] WARN com.iluwatar.commander.Commander - Order Q297ZWS4J7OF: Payment error, going to queue..
13:02:07.628 [Thread-816] WARN com.iluwatar.commander.Commander - Order PT6EDSL0M071: Error in connecting to employee handle, trying again..
13:02:07.628 [Thread-798] WARN com.iluwatar.commander.Commander - Order PT6EDSL0M071: Error in adding to employee db, trying to queue task..
13:02:07.628 [Thread-814] WARN com.iluwatar.commander.Commander - Order PT6EDSL0M071: Error in connecting to queue db, trying again..
13:02:07.628 [Thread-814] ERROR com.iluwatar.commander.Commander - Order PT6EDSL0M071: Unable to enqueue task of type EMPLOYEE_DB, trying to add to employee handle..
13:02:07.628 [Thread-802] WARN com.iluwatar.commander.Commander - Order VO3NKKBX57OA: Error in adding to employee db, trying to queue task..
13:02:07.629 [Thread-809] INFO com.iluwatar.commander.Commander - Order VO3NKKBX57OA: EMPLOYEE_DB task enqueued..
13:02:07.629 [Thread-803] WARN com.iluwatar.commander.Commander - Order PT6EDSL0M071: Error in adding to employee db, trying to queue task..
13:02:07.629 [Thread-806] INFO com.iluwatar.commander.Commander - Order PT6EDSL0M071: EMPLOYEE_DB task enqueued..
13:02:07.629 [Thread-839] INFO com.iluwatar.commander.Commander - Order PT6EDSL0M071: Added order to employee database
13:02:07.629 [Thread-816] WARN com.iluwatar.commander.Commander - Order PT6EDSL0M071: Error in adding to employee db, trying to queue task..
13:02:07.629 [Thread-838] INFO com.iluwatar.commander.Commander - Order PT6EDSL0M071: EMPLOYEE_DB task enqueued..
13:02:07.629 [Thread-833] DEBUG com.iluwatar.commander.Commander - Order 1Z99QL10B5A9: Trying to connect to employee handle..
13:02:07.629 [Thread-837] WARN com.iluwatar.commander.Commander - Order 1Z99QL10B5A9: Error in connecting to employee handle, trying again..
13:02:07.629 [Thread-837] WARN com.iluwatar.commander.Commander - Order 1Z99QL10B5A9: Error in adding to employee db, trying to queue task..
13:02:07.629 [Thread-835] WARN com.iluwatar.commander.Commander - Order Q297ZWS4J7OF: Error in connecting to employee handle, trying again..
13:02:07.629 [Thread-845] INFO com.iluwatar.commander.Commander - Order 1Z99QL10B5A9: EMPLOYEE_DB task enqueued..
13:02:07.629 [Thread-834] DEBUG com.iluwatar.commander.Commander - Order Q297ZWS4J7OF: Error in connecting to payment service, trying again..
13:02:07.629 [Thread-834] WARN com.iluwatar.commander.Commander - Order Q297ZWS4J7OF: Payment error, going to queue..
13:02:07.629 [main] DEBUG com.iluwatar.commander.Commander - Order C72VFJHU7ELA: Error in connecting to shipping service, trying again..
13:02:07.629 [main] INFO com.iluwatar.commander.Commander - Sorry, there was a problem in creating your order. Please try later.
13:02:07.629 [main] ERROR com.iluwatar.commander.Commander - Order C72VFJHU7ELA: Shipping service unavailable, order not placed..
13:02:07.629 [Thread-820] WARN com.iluwatar.commander.Commander - Order WCUD2HHGS8JE: Error in adding to employee db, trying to queue task..
13:02:07.629 [main] INFO com.iluwatar.commander.Commander - Order C72VFJHU7ELA: Shipping placed successfully, transaction id: DJ7C5SWOSCN0
13:02:07.629 [main] INFO com.iluwatar.commander.Commander - Order has been placed and will be shipped to you. Please wait while we make your payment... 
13:02:07.629 [Thread-832] INFO com.iluwatar.commander.Commander - Order WCUD2HHGS8JE: EMPLOYEE_DB task enqueued..
13:02:07.629 [Thread-821] ERROR com.iluwatar.commander.Commander - Order Q297ZWS4J7OF: Unable to enqueue payment task, payment failed..
13:02:07.629 [Thread-821] ERROR com.iluwatar.commander.Commander - Order Q297ZWS4J7OF: Unable to enqueue task of type PAYMENT, trying to add to employee handle..
13:02:07.629 [Thread-831] INFO com.iluwatar.commander.messagingservice.MessagingService - Msg: There was an error in your payment process. Your order is placed and has been converted to COD. Please reach us on CUSTOMER-CARE-NUBER in case of any queries. Thank you for shopping with us!
13:02:07.629 [Thread-831] INFO com.iluwatar.commander.Commander - Order Q297ZWS4J7OF: Payment Failure message sent successfully, request Id: BVGQHAZS6IZZ
13:02:07.629 [Thread-851] WARN com.iluwatar.commander.Commander - Order Q297ZWS4J7OF: Error in connecting to employee handle, trying again..
13:02:07.629 [Thread-851] WARN com.iluwatar.commander.Commander - Order Q297ZWS4J7OF: Error in adding to employee db, trying to queue task..
13:02:07.629 [Thread-852] WARN com.iluwatar.commander.Commander - Order Q297ZWS4J7OF: Error in connecting to queue db, trying again..
13:02:07.629 [Thread-852] ERROR com.iluwatar.commander.Commander - Order Q297ZWS4J7OF: Unable to enqueue task of type EMPLOYEE_DB, trying to add to employee handle..
13:02:07.629 [Thread-830] INFO com.iluwatar.commander.Commander - Order WCUD2HHGS8JE: Added order to employee database
13:02:07.629 [Thread-829] INFO com.iluwatar.commander.Commander - Order 1Z99QL10B5A9: Added order to employee database
13:02:07.629 [Thread-827] WARN com.iluwatar.commander.Commander - Order Q297ZWS4J7OF: Error in connecting to employee handle, trying again..
13:02:07.629 [Thread-792] WARN com.iluwatar.commander.Commander - Order WCUD2HHGS8JE: Error in adding to employee db, trying to queue task..
13:02:07.629 [Thread-824] INFO com.iluwatar.commander.Commander - Order WCUD2HHGS8JE: EMPLOYEE_DB task enqueued..
13:02:07.629 [Thread-793] WARN com.iluwatar.commander.Commander - Order WCUD2HHGS8JE: Error in adding to employee db, trying to queue task..
13:02:07.629 [Thread-823] INFO com.iluwatar.commander.Commander - Order WCUD2HHGS8JE: EMPLOYEE_DB task enqueued..
13:02:07.629 [Thread-827] WARN com.iluwatar.commander.Commander - Order Q297ZWS4J7OF: Error in adding to employee db, trying to queue task..
13:02:07.629 [Thread-854] WARN com.iluwatar.commander.Commander - Order Q297ZWS4J7OF: Error in connecting to queue db, trying again..
13:02:07.629 [Thread-854] ERROR com.iluwatar.commander.Commander - Order Q297ZWS4J7OF: Unable to enqueue task of type EMPLOYEE_DB, trying to add to employee handle..
13:02:07.630 [Thread-853] WARN com.iluwatar.commander.Commander - Order Q297ZWS4J7OF: Error in connecting to employee handle, trying again..
13:02:07.630 [main] INFO com.iluwatar.commander.Commander - Order C72VFJHU7ELA: Shipping placed successfully, transaction id: BOWYG058IR2F
13:02:07.630 [main] INFO com.iluwatar.commander.Commander - Order has been placed and will be shipped to you. Please wait while we make your payment... 
13:02:07.630 [Thread-849] DEBUG com.iluwatar.commander.Commander - Order C72VFJHU7ELA: Error in connecting to payment service, trying again..
13:02:07.630 [Thread-849] WARN com.iluwatar.commander.Commander - Order C72VFJHU7ELA: Payment error, going to queue..
13:02:07.630 [main] INFO com.iluwatar.commander.Commander - Order C72VFJHU7ELA: Shipping placed successfully, transaction id: 0H9918B4D380
13:02:07.630 [main] INFO com.iluwatar.commander.Commander - Order has been placed and will be shipped to you. Please wait while we make your payment... 
13:02:07.630 [Thread-862] DEBUG com.iluwatar.commander.Commander - Order C72VFJHU7ELA: Error in connecting to payment service, trying again..
13:02:07.630 [Thread-862] WARN com.iluwatar.commander.Commander - Order C72VFJHU7ELA: Payment error, going to queue..
13:02:07.630 [Thread-865] DEBUG com.iluwatar.commander.Commander - Order C72VFJHU7ELA: Error in connecting to messaging service (Payment Error msg), trying again..
13:02:07.630 [Thread-835] WARN com.iluwatar.commander.Commander - Order Q297ZWS4J7OF: Error in adding to employee db, trying to queue task..
13:02:07.630 [Thread-846] WARN com.iluwatar.commander.Commander - Order Q297ZWS4J7OF: Error in connecting to queue db, trying again..
13:02:07.630 [Thread-846] ERROR com.iluwatar.commander.Commander - Order Q297ZWS4J7OF: Unable to enqueue task of type EMPLOYEE_DB, trying to add to employee handle..
13:02:07.630 [Thread-865] WARN com.iluwatar.commander.Commander - Order C72VFJHU7ELA: Error in sending Payment Error message, trying to queue task and add to employee handle..
13:02:07.630 [Thread-868] WARN com.iluwatar.commander.Commander - Order C72VFJHU7ELA: Error in connecting to queue db, trying again..
13:02:07.630 [Thread-868] ERROR com.iluwatar.commander.Commander - Order C72VFJHU7ELA: Unable to enqueue task of type Payment Error Message, trying to add to employee handle..
13:02:07.630 [Thread-869] WARN com.iluwatar.commander.Commander - Order Q297ZWS4J7OF: Error in connecting to employee handle, trying again..
13:02:07.630 [Thread-871] WARN com.iluwatar.commander.Commander - Order C72VFJHU7ELA: Error in connecting to employee handle, trying again..
13:02:07.630 [Thread-869] WARN com.iluwatar.commander.Commander - Order Q297ZWS4J7OF: Error in adding to employee db, trying to queue task..
13:02:07.630 [Thread-871] WARN com.iluwatar.commander.Commander - Order C72VFJHU7ELA: Error in adding to employee db, trying to queue task..
13:02:07.630 [Thread-872] WARN com.iluwatar.commander.Commander - Order Q297ZWS4J7OF: Error in connecting to queue db, trying again..
13:02:07.630 [Thread-872] ERROR com.iluwatar.commander.Commander - Order Q297ZWS4J7OF: Unable to enqueue task of type EMPLOYEE_DB, trying to add to employee handle..
13:02:07.630 [Thread-873] WARN com.iluwatar.commander.Commander - Order C72VFJHU7ELA: Error in connecting to queue db, trying again..
13:02:07.630 [Thread-873] ERROR com.iluwatar.commander.Commander - Order C72VFJHU7ELA: Unable to enqueue task of type EMPLOYEE_DB, trying to add to employee handle..
13:02:07.630 [Thread-874] WARN com.iluwatar.commander.Commander - Order Q297ZWS4J7OF: Error in connecting to employee handle, trying again..
13:02:07.630 [Thread-874] WARN com.iluwatar.commander.Commander - Order Q297ZWS4J7OF: Error in adding to employee db, trying to queue task..
13:02:07.630 [Thread-876] INFO com.iluwatar.commander.Commander - Order Q297ZWS4J7OF: EMPLOYEE_DB task enqueued..
13:02:07.630 [Thread-875] WARN com.iluwatar.commander.Commander - Order C72VFJHU7ELA: Error in connecting to employee handle, trying again..
13:02:07.630 [Thread-870] WARN com.iluwatar.commander.Commander - Order C72VFJHU7ELA: Error in connecting to employee handle, trying again..
13:02:07.630 [Thread-867] WARN com.iluwatar.commander.Commander - Order C72VFJHU7ELA: Error in connecting to queue db, trying again..
13:02:07.630 [main] DEBUG com.iluwatar.commander.Commander - Order HJMTYU3VN8MD: Error in connecting to shipping service, trying again..
13:02:07.630 [main] INFO com.iluwatar.commander.Commander - Sorry, there was a problem in creating your order. Please try later.
13:02:07.630 [Thread-864] DEBUG com.iluwatar.commander.Commander - Order C72VFJHU7ELA: Error in connecting to payment service, trying again..
13:02:07.630 [Thread-864] WARN com.iluwatar.commander.Commander - Order C72VFJHU7ELA: Payment error, going to queue..
13:02:07.630 [main] ERROR com.iluwatar.commander.Commander - Order HJMTYU3VN8MD: Shipping service unavailable, order not placed..
13:02:07.630 [main] INFO com.iluwatar.commander.Commander - Order HJMTYU3VN8MD: Shipping placed successfully, transaction id: XYTMCU1OEKAR
13:02:07.630 [main] INFO com.iluwatar.commander.Commander - Order has been placed and will be shipped to you. Please wait while we make your payment... 
13:02:07.630 [Thread-853] WARN com.iluwatar.commander.Commander - Order Q297ZWS4J7OF: Error in adding to employee db, trying to queue task..
13:02:07.630 [Thread-860] INFO com.iluwatar.commander.Commander - Order Q297ZWS4J7OF: EMPLOYEE_DB task enqueued..
13:02:07.630 [Thread-859] INFO com.iluwatar.commander.Commander - Order Q297ZWS4J7OF: Added order to employee database
13:02:07.631 [main] INFO com.iluwatar.commander.Commander - Order HJMTYU3VN8MD: Shipping placed successfully, transaction id: YPLT8GS8TPVU
13:02:07.631 [main] INFO com.iluwatar.commander.Commander - Order has been placed and will be shipped to you. Please wait while we make your payment... 
13:02:07.631 [Thread-884] DEBUG com.iluwatar.commander.Commander - Order HJMTYU3VN8MD: Error in connecting to payment service, trying again..
13:02:07.631 [Thread-884] WARN com.iluwatar.commander.Commander - Order HJMTYU3VN8MD: Payment error, going to queue..
13:02:07.631 [Thread-889] DEBUG com.iluwatar.commander.Commander - Order HJMTYU3VN8MD: Error in connecting to messaging service (Payment Error msg), trying again..
13:02:07.631 [Thread-889] WARN com.iluwatar.commander.Commander - Order HJMTYU3VN8MD: Error in sending Payment Error message, trying to queue task and add to employee handle..
13:02:07.631 [Thread-892] WARN com.iluwatar.commander.Commander - Order HJMTYU3VN8MD: Error in connecting to queue db, trying again..
13:02:07.631 [Thread-882] INFO com.iluwatar.commander.messagingservice.MessagingService - Msg: There was an error in your payment process. Your order is placed and has been converted to COD. Please reach us on CUSTOMER-CARE-NUBER in case of any queries. Thank you for shopping with us!
13:02:07.631 [Thread-882] INFO com.iluwatar.commander.Commander - Order C72VFJHU7ELA: Payment Failure message sent successfully, request Id: ZFFATDI7QI9K
13:02:07.631 [Thread-893] WARN com.iluwatar.commander.Commander - Order HJMTYU3VN8MD: Error in connecting to queue db, trying again..
13:02:07.631 [Thread-867] ERROR com.iluwatar.commander.Commander - Order C72VFJHU7ELA: Unable to enqueue payment task, payment failed..
13:02:07.631 [Thread-867] ERROR com.iluwatar.commander.Commander - Order C72VFJHU7ELA: Unable to enqueue task of type PAYMENT, trying to add to employee handle..
13:02:07.631 [Thread-893] ERROR com.iluwatar.commander.Commander - Order HJMTYU3VN8MD: Unable to enqueue task of type Payment Error Message, trying to add to employee handle..
13:02:07.631 [Thread-870] WARN com.iluwatar.commander.Commander - Order C72VFJHU7ELA: Error in adding to employee db, trying to queue task..
13:02:07.631 [Thread-881] WARN com.iluwatar.commander.Commander - Order C72VFJHU7ELA: Error in connecting to queue db, trying again..
13:02:07.631 [Thread-881] ERROR com.iluwatar.commander.Commander - Order C72VFJHU7ELA: Unable to enqueue task of type EMPLOYEE_DB, trying to add to employee handle..
13:02:07.631 [Thread-875] WARN com.iluwatar.commander.Commander - Order C72VFJHU7ELA: Error in adding to employee db, trying to queue task..
13:02:07.631 [Thread-880] WARN com.iluwatar.commander.Commander - Order C72VFJHU7ELA: Error in connecting to queue db, trying again..
13:02:07.631 [Thread-880] ERROR com.iluwatar.commander.Commander - Order C72VFJHU7ELA: Unable to enqueue task of type EMPLOYEE_DB, trying to add to employee handle..
13:02:07.631 [Thread-898] WARN com.iluwatar.commander.Commander - Order C72VFJHU7ELA: Error in connecting to employee handle, trying again..
13:02:07.631 [Thread-899] WARN com.iluwatar.commander.Commander - Order C72VFJHU7ELA: Error in connecting to employee handle, trying again..
13:02:07.631 [Thread-877] DEBUG com.iluwatar.commander.Commander - Order Q297ZWS4J7OF: Trying to connect to employee handle..
13:02:07.631 [Thread-899] WARN com.iluwatar.commander.Commander - Order C72VFJHU7ELA: Error in adding to employee db, trying to queue task..
13:02:07.631 [Thread-898] WARN com.iluwatar.commander.Commander - Order C72VFJHU7ELA: Error in adding to employee db, trying to queue task..
13:02:07.631 [Thread-901] WARN com.iluwatar.commander.Commander - Order C72VFJHU7ELA: Error in connecting to queue db, trying again..
13:02:07.631 [Thread-901] ERROR com.iluwatar.commander.Commander - Order C72VFJHU7ELA: Unable to enqueue task of type EMPLOYEE_DB, trying to add to employee handle..
13:02:07.631 [Thread-900] INFO com.iluwatar.commander.Commander - Order C72VFJHU7ELA: EMPLOYEE_DB task enqueued..
13:02:07.631 [Thread-904] WARN com.iluwatar.commander.Commander - Order C72VFJHU7ELA: Error in connecting to employee handle, trying again..
13:02:07.631 [Thread-897] WARN com.iluwatar.commander.Commander - Order HJMTYU3VN8MD: Error in connecting to employee handle, trying again..
13:02:07.631 [Thread-904] WARN com.iluwatar.commander.Commander - Order C72VFJHU7ELA: Error in adding to employee db, trying to queue task..
13:02:07.631 [Thread-907] INFO com.iluwatar.commander.Commander - Order C72VFJHU7ELA: EMPLOYEE_DB task enqueued..
13:02:07.631 [Thread-896] INFO com.iluwatar.commander.Commander - Order C72VFJHU7ELA: Added order to employee database
13:02:07.631 [Thread-892] ERROR com.iluwatar.commander.Commander - Order HJMTYU3VN8MD: Unable to enqueue payment task, payment failed..
13:02:07.631 [Thread-892] ERROR com.iluwatar.commander.Commander - Order HJMTYU3VN8MD: Unable to enqueue task of type PAYMENT, trying to add to employee handle..
13:02:07.631 [Thread-895] INFO com.iluwatar.commander.messagingservice.MessagingService - Msg: There was an error in your payment process. Your order is placed and has been converted to COD. Please reach us on CUSTOMER-CARE-NUBER in case of any queries. Thank you for shopping with us!
13:02:07.631 [Thread-895] INFO com.iluwatar.commander.Commander - Order HJMTYU3VN8MD: Payment Failure message sent successfully, request Id: VBV93WN7TUVG
13:02:07.631 [Thread-894] WARN com.iluwatar.commander.Commander - Order HJMTYU3VN8MD: Error in connecting to employee handle, trying again..
13:02:07.631 [Thread-894] WARN com.iluwatar.commander.Commander - Order HJMTYU3VN8MD: Error in adding to employee db, trying to queue task..
13:02:07.632 [Thread-912] WARN com.iluwatar.commander.Commander - Order HJMTYU3VN8MD: Error in connecting to queue db, trying again..
13:02:07.632 [Thread-912] ERROR com.iluwatar.commander.Commander - Order HJMTYU3VN8MD: Unable to enqueue task of type EMPLOYEE_DB, trying to add to employee handle..
13:02:07.632 [main] INFO com.iluwatar.commander.Commander - Order HJMTYU3VN8MD: Shipping placed successfully, transaction id: 3621MUZNLFV6
13:02:07.632 [main] INFO com.iluwatar.commander.Commander - Order has been placed and will be shipped to you. Please wait while we make your payment... 
13:02:07.632 [Thread-888] DEBUG com.iluwatar.commander.Commander - Order HJMTYU3VN8MD: Error in connecting to payment service, trying again..
13:02:07.632 [main] DEBUG com.iluwatar.commander.Commander - Order 06QFM1KV4PO3: Error in connecting to shipping service, trying again..
13:02:07.632 [main] INFO com.iluwatar.commander.Commander - Sorry, there was a problem in creating your order. Please try later.
13:02:07.632 [main] ERROR com.iluwatar.commander.Commander - Order 06QFM1KV4PO3: Shipping service unavailable, order not placed..
13:02:07.632 [main] INFO com.iluwatar.commander.Commander - Order 06QFM1KV4PO3: Shipping placed successfully, transaction id: MLGHSONUGORQ
13:02:07.632 [main] INFO com.iluwatar.commander.Commander - Order has been placed and will be shipped to you. Please wait while we make your payment... 
13:02:07.632 [main] INFO com.iluwatar.commander.Commander - Order 06QFM1KV4PO3: Shipping placed successfully, transaction id: BJB239P6RXY9
13:02:07.632 [main] INFO com.iluwatar.commander.Commander - Order has been placed and will be shipped to you. Please wait while we make your payment... 
13:02:07.632 [Thread-915] DEBUG com.iluwatar.commander.Commander - Order 06QFM1KV4PO3: Error in connecting to payment service, trying again..
13:02:07.632 [Thread-915] WARN com.iluwatar.commander.Commander - Order 06QFM1KV4PO3: Payment error, going to queue..
13:02:07.632 [Thread-916] DEBUG com.iluwatar.commander.Commander - Order 06QFM1KV4PO3: Error in connecting to messaging service (Payment Error msg), trying again..
13:02:07.632 [Thread-913] WARN com.iluwatar.commander.Commander - Order HJMTYU3VN8MD: Error in connecting to employee handle, trying again..
13:02:07.632 [Thread-918] WARN com.iluwatar.commander.Commander - Order 06QFM1KV4PO3: Error in connecting to queue db, trying again..
13:02:07.632 [Thread-913] WARN com.iluwatar.commander.Commander - Order HJMTYU3VN8MD: Error in adding to employee db, trying to queue task..
13:02:07.632 [Thread-920] WARN com.iluwatar.commander.Commander - Order HJMTYU3VN8MD: Error in connecting to queue db, trying again..
13:02:07.632 [Thread-920] ERROR com.iluwatar.commander.Commander - Order HJMTYU3VN8MD: Unable to enqueue task of type EMPLOYEE_DB, trying to add to employee handle..
13:02:07.633 [Thread-911] WARN com.iluwatar.commander.Commander - Order HJMTYU3VN8MD: Error in connecting to employee handle, trying again..
13:02:07.633 [Thread-897] WARN com.iluwatar.commander.Commander - Order HJMTYU3VN8MD: Error in adding to employee db, trying to queue task..
13:02:07.633 [Thread-908] WARN com.iluwatar.commander.Commander - Order HJMTYU3VN8MD: Error in connecting to queue db, trying again..
13:02:07.633 [Thread-908] ERROR com.iluwatar.commander.Commander - Order HJMTYU3VN8MD: Unable to enqueue task of type EMPLOYEE_DB, trying to add to employee handle..
13:02:07.633 [Thread-926] WARN com.iluwatar.commander.Commander - Order HJMTYU3VN8MD: Error in connecting to employee handle, trying again..
13:02:07.633 [Thread-911] WARN com.iluwatar.commander.Commander - Order HJMTYU3VN8MD: Error in adding to employee db, trying to queue task..
13:02:07.633 [Thread-924] WARN com.iluwatar.commander.Commander - Order HJMTYU3VN8MD: Error in connecting to queue db, trying again..
13:02:07.633 [Thread-924] ERROR com.iluwatar.commander.Commander - Order HJMTYU3VN8MD: Unable to enqueue task of type EMPLOYEE_DB, trying to add to employee handle..
13:02:07.633 [Thread-918] ERROR com.iluwatar.commander.Commander - Order 06QFM1KV4PO3: Unable to enqueue payment task, payment failed..
13:02:07.633 [Thread-918] ERROR com.iluwatar.commander.Commander - Order 06QFM1KV4PO3: Unable to enqueue task of type PAYMENT, trying to add to employee handle..
13:02:07.633 [Thread-923] WARN com.iluwatar.commander.Commander - Order HJMTYU3VN8MD: Error in connecting to employee handle, trying again..
13:02:07.633 [Thread-921] INFO com.iluwatar.commander.messagingservice.MessagingService - Msg: There was an error in your payment process. Your order is placed and has been converted to COD. Please reach us on CUSTOMER-CARE-NUBER in case of any queries. Thank you for shopping with us!
13:02:07.633 [Thread-921] INFO com.iluwatar.commander.Commander - Order 06QFM1KV4PO3: Payment Failure message sent successfully, request Id: GRG0X0AV89SB
13:02:07.633 [Thread-916] WARN com.iluwatar.commander.Commander - Order 06QFM1KV4PO3: Error in sending Payment Error message, trying to queue task and add to employee handle..
13:02:07.633 [Thread-919] WARN com.iluwatar.commander.Commander - Order 06QFM1KV4PO3: Error in connecting to queue db, trying again..
13:02:07.633 [Thread-919] ERROR com.iluwatar.commander.Commander - Order 06QFM1KV4PO3: Unable to enqueue task of type Payment Error Message, trying to add to employee handle..
13:02:07.633 [main] INFO com.iluwatar.commander.Commander - Order 06QFM1KV4PO3: Shipping placed successfully, transaction id: MG3U90Y30TCB
13:02:07.633 [main] INFO com.iluwatar.commander.Commander - Order has been placed and will be shipped to you. Please wait while we make your payment... 
13:02:07.634 [Thread-917] DEBUG com.iluwatar.commander.Commander - Order 06QFM1KV4PO3: Error in connecting to payment service, trying again..
13:02:07.634 [Thread-935] WARN com.iluwatar.commander.Commander - Order 06QFM1KV4PO3: Error in connecting to employee handle, trying again..
13:02:07.634 [Thread-935] WARN com.iluwatar.commander.Commander - Order 06QFM1KV4PO3: Error in adding to employee db, trying to queue task..
13:02:07.634 [main] DEBUG com.iluwatar.commander.Commander - Order 3XF1VNQEUJ7I: Error in connecting to shipping service, trying again..
13:02:07.634 [main] INFO com.iluwatar.commander.Commander - Sorry, there was a problem in creating your order. Please try later.
13:02:07.634 [main] ERROR com.iluwatar.commander.Commander - Order 3XF1VNQEUJ7I: Shipping service unavailable, order not placed..
13:02:07.634 [Thread-937] WARN com.iluwatar.commander.Commander - Order 06QFM1KV4PO3: Error in connecting to queue db, trying again..
13:02:07.634 [main] INFO com.iluwatar.commander.Commander - Order 3XF1VNQEUJ7I: Shipping placed successfully, transaction id: L3VJRKFQQJID
13:02:07.634 [main] INFO com.iluwatar.commander.Commander - Order has been placed and will be shipped to you. Please wait while we make your payment... 
13:02:07.634 [Thread-937] ERROR com.iluwatar.commander.Commander - Order 06QFM1KV4PO3: Unable to enqueue task of type EMPLOYEE_DB, trying to add to employee handle..
13:02:07.634 [Thread-934] WARN com.iluwatar.commander.Commander - Order 06QFM1KV4PO3: Error in connecting to employee handle, trying again..
13:02:07.634 [Thread-923] WARN com.iluwatar.commander.Commander - Order HJMTYU3VN8MD: Error in adding to employee db, trying to queue task..
13:02:07.634 [Thread-933] INFO com.iluwatar.commander.Commander - Order HJMTYU3VN8MD: EMPLOYEE_DB task enqueued..
13:02:07.634 [Thread-932] WARN com.iluwatar.commander.Commander - Order 06QFM1KV4PO3: Error in connecting to employee handle, trying again..
13:02:07.634 [Thread-931] INFO com.iluwatar.commander.Commander - Order HJMTYU3VN8MD: Added order to employee database
13:02:07.634 [Thread-926] WARN com.iluwatar.commander.Commander - Order HJMTYU3VN8MD: Error in adding to employee db, trying to queue task..
13:02:07.634 [Thread-928] INFO com.iluwatar.commander.Commander - Order HJMTYU3VN8MD: EMPLOYEE_DB task enqueued..
13:02:07.634 [Thread-932] WARN com.iluwatar.commander.Commander - Order 06QFM1KV4PO3: Error in adding to employee db, trying to queue task..
13:02:07.634 [Thread-942] WARN com.iluwatar.commander.Commander - Order 06QFM1KV4PO3: Error in connecting to queue db, trying again..
13:02:07.634 [Thread-942] ERROR com.iluwatar.commander.Commander - Order 06QFM1KV4PO3: Unable to enqueue task of type EMPLOYEE_DB, trying to add to employee handle..
13:02:07.634 [Thread-934] WARN com.iluwatar.commander.Commander - Order 06QFM1KV4PO3: Error in adding to employee db, trying to queue task..
13:02:07.634 [Thread-940] WARN com.iluwatar.commander.Commander - Order 06QFM1KV4PO3: Error in connecting to queue db, trying again..
13:02:07.634 [Thread-940] ERROR com.iluwatar.commander.Commander - Order 06QFM1KV4PO3: Unable to enqueue task of type EMPLOYEE_DB, trying to add to employee handle..
13:02:07.635 [Thread-947] WARN com.iluwatar.commander.Commander - Order 06QFM1KV4PO3: Error in connecting to employee handle, trying again..
13:02:07.635 [Thread-947] WARN com.iluwatar.commander.Commander - Order 06QFM1KV4PO3: Error in adding to employee db, trying to queue task..
13:02:07.635 [Thread-948] WARN com.iluwatar.commander.Commander - Order 06QFM1KV4PO3: Error in connecting to queue db, trying again..
13:02:07.635 [Thread-948] ERROR com.iluwatar.commander.Commander - Order 06QFM1KV4PO3: Unable to enqueue task of type EMPLOYEE_DB, trying to add to employee handle..
13:02:07.635 [Thread-939] WARN com.iluwatar.commander.Commander - Order 06QFM1KV4PO3: Error in connecting to employee handle, trying again..
13:02:07.635 [Thread-939] WARN com.iluwatar.commander.Commander - Order 06QFM1KV4PO3: Error in adding to employee db, trying to queue task..
13:02:07.635 [Thread-949] WARN com.iluwatar.commander.Commander - Order 06QFM1KV4PO3: Error in connecting to employee handle, trying again..
13:02:07.635 [Thread-950] INFO com.iluwatar.commander.Commander - Order 06QFM1KV4PO3: EMPLOYEE_DB task enqueued..
13:02:07.635 [Thread-949] WARN com.iluwatar.commander.Commander - Order 06QFM1KV4PO3: Error in adding to employee db, trying to queue task..
13:02:07.635 [main] ERROR com.iluwatar.commander.Commander - Order 3XF1VNQEUJ7I: Payment time for order over, failed and returning..
13:02:07.635 [Thread-951] INFO com.iluwatar.commander.Commander - Order 06QFM1KV4PO3: EMPLOYEE_DB task enqueued..
13:02:07.635 [main] INFO com.iluwatar.commander.Commander - Order 3XF1VNQEUJ7I: Shipping placed successfully, transaction id: OF5Q0B23XOZ6
13:02:07.635 [main] INFO com.iluwatar.commander.Commander - Order has been placed and will be shipped to you. Please wait while we make your payment... 
13:02:07.635 [main] INFO com.iluwatar.commander.Commander - Order 3XF1VNQEUJ7I: Shipping placed successfully, transaction id: 5A4KXR904DD4
13:02:07.635 [main] INFO com.iluwatar.commander.Commander - Order has been placed and will be shipped to you. Please wait while we make your payment... 
13:02:07.635 [main] DEBUG com.iluwatar.commander.Commander - Order LZ172Z7PWY11: Error in connecting to shipping service, trying again..
13:02:07.635 [main] INFO com.iluwatar.commander.Commander - Sorry, there was a problem in creating your order. Please try later.
13:02:07.635 [main] ERROR com.iluwatar.commander.Commander - Order LZ172Z7PWY11: Shipping service unavailable, order not placed..
13:02:07.635 [main] INFO com.iluwatar.commander.Commander - Order LZ172Z7PWY11: Shipping placed successfully, transaction id: AO6443BAYM4W
13:02:07.635 [main] INFO com.iluwatar.commander.Commander - Order has been placed and will be shipped to you. Please wait while we make your payment... 
13:02:07.635 [Thread-938] DEBUG com.iluwatar.commander.Commander - Order 3XF1VNQEUJ7I: Error in connecting to messaging service (Payment Failure msg), trying again..
13:02:07.635 [main] ERROR com.iluwatar.commander.Commander - Order LZ172Z7PWY11: Payment time for order over, failed and returning..
13:02:07.635 [main] INFO com.iluwatar.commander.Commander - Order LZ172Z7PWY11: Shipping placed successfully, transaction id: K7OAW67TD4FU
13:02:07.635 [main] INFO com.iluwatar.commander.Commander - Order has been placed and will be shipped to you. Please wait while we make your payment... 
13:02:07.635 [main] INFO com.iluwatar.commander.Commander - Order LZ172Z7PWY11: Shipping placed successfully, transaction id: 7J20PFVRFMTT
13:02:07.635 [main] INFO com.iluwatar.commander.Commander - Order has been placed and will be shipped to you. Please wait while we make your payment... 
13:02:07.635 [Thread-956] DEBUG com.iluwatar.commander.Commander - Order LZ172Z7PWY11: Error in connecting to messaging service (Payment Failure msg), trying again..
13:02:07.635 [Thread-938] WARN com.iluwatar.commander.Commander - Order 3XF1VNQEUJ7I: Error in sending Payment Failure message, trying to queue task and add to employee handle..
13:02:07.635 [main] DEBUG com.iluwatar.commander.Commander - Order V6QMH7VKEK9A: Error in connecting to shipping service, trying again..
13:02:07.635 [main] INFO com.iluwatar.commander.Commander - Sorry, there was a problem in creating your order. Please try later.
13:02:07.635 [main] ERROR com.iluwatar.commander.Commander - Order V6QMH7VKEK9A: Shipping service unavailable, order not placed..
13:02:07.635 [main] INFO com.iluwatar.commander.Commander - Order V6QMH7VKEK9A: Shipping placed successfully, transaction id: RXC4WHAWQDA1
13:02:07.635 [main] INFO com.iluwatar.commander.Commander - Order has been placed and will be shipped to you. Please wait while we make your payment... 
13:02:07.635 [Thread-958] WARN com.iluwatar.commander.Commander - Order 3XF1VNQEUJ7I: Error in connecting to queue db, trying again..
13:02:07.635 [Thread-956] WARN com.iluwatar.commander.Commander - Order LZ172Z7PWY11: Error in sending Payment Failure message, trying to queue task and add to employee handle..
13:02:07.635 [Thread-959] WARN com.iluwatar.commander.Commander - Order LZ172Z7PWY11: Error in connecting to queue db, trying again..
13:02:07.635 [Thread-958] ERROR com.iluwatar.commander.Commander - Order 3XF1VNQEUJ7I: Unable to enqueue task of type Payment Failure Message, trying to add to employee handle..
13:02:07.635 [Thread-959] ERROR com.iluwatar.commander.Commander - Order LZ172Z7PWY11: Unable to enqueue task of type Payment Failure Message, trying to add to employee handle..
13:02:07.635 [Thread-945] INFO com.iluwatar.commander.Commander - Order 06QFM1KV4PO3: Added order to employee database
13:02:07.635 [Thread-964] WARN com.iluwatar.commander.Commander - Order LZ172Z7PWY11: Error in connecting to employee handle, trying again..
13:02:07.636 [Thread-963] WARN com.iluwatar.commander.Commander - Order 3XF1VNQEUJ7I: Error in connecting to employee handle, trying again..
13:02:07.636 [Thread-962] WARN com.iluwatar.commander.Commander - Order LZ172Z7PWY11: Error in connecting to employee handle, trying again..
13:02:07.636 [Thread-963] WARN com.iluwatar.commander.Commander - Order 3XF1VNQEUJ7I: Error in adding to employee db, trying to queue task..
13:02:07.636 [main] ERROR com.iluwatar.commander.Commander - Order V6QMH7VKEK9A: Payment time for order over, failed and returning..
13:02:07.636 [main] INFO com.iluwatar.commander.Commander - Order V6QMH7VKEK9A: Shipping placed successfully, transaction id: GMZ0UJ5VHKSW
13:02:07.636 [main] INFO com.iluwatar.commander.Commander - Order has been placed and will be shipped to you. Please wait while we make your payment... 
13:02:07.636 [main] INFO com.iluwatar.commander.Commander - Order V6QMH7VKEK9A: Shipping placed successfully, transaction id: SFUB9OA2EE0G
13:02:07.636 [main] INFO com.iluwatar.commander.Commander - Order has been placed and will be shipped to you. Please wait while we make your payment... 
13:02:07.636 [Thread-970] WARN com.iluwatar.commander.Commander - Order 3XF1VNQEUJ7I: Error in connecting to queue db, trying again..
13:02:07.636 [main] DEBUG com.iluwatar.commander.Commander - Order QS9G3KCYRSKK: Error in connecting to shipping service, trying again..
13:02:07.636 [Thread-970] ERROR com.iluwatar.commander.Commander - Order 3XF1VNQEUJ7I: Unable to enqueue task of type EMPLOYEE_DB, trying to add to employee handle..
13:02:07.636 [Thread-961] DEBUG com.iluwatar.commander.Commander - Order V6QMH7VKEK9A: Error in connecting to messaging service (Payment Failure msg), trying again..
13:02:07.636 [main] INFO com.iluwatar.commander.Commander - Sorry, there was a problem in creating your order. Please try later.
13:02:07.636 [main] ERROR com.iluwatar.commander.Commander - Order QS9G3KCYRSKK: Shipping service unavailable, order not placed..
13:02:07.636 [main] INFO com.iluwatar.commander.Commander - Order QS9G3KCYRSKK: Shipping placed successfully, transaction id: HAB6H0X0FR7Y
13:02:07.636 [main] INFO com.iluwatar.commander.Commander - Order has been placed and will be shipped to you. Please wait while we make your payment... 
13:02:07.636 [Thread-960] WARN com.iluwatar.commander.Commander - Order 3XF1VNQEUJ7I: Error in connecting to employee handle, trying again..
13:02:07.636 [Thread-972] WARN com.iluwatar.commander.Commander - Order 3XF1VNQEUJ7I: Error in connecting to employee handle, trying again..
13:02:07.636 [Thread-974] DEBUG com.iluwatar.commander.Commander - Order QS9G3KCYRSKK: Error in connecting to messaging service (Payment Failure msg), trying again..
13:02:07.636 [main] ERROR com.iluwatar.commander.Commander - Order QS9G3KCYRSKK: Payment time for order over, failed and returning..
13:02:07.636 [main] INFO com.iluwatar.commander.Commander - Order QS9G3KCYRSKK: Shipping placed successfully, transaction id: OF6WNUY1LYUC
13:02:07.636 [main] INFO com.iluwatar.commander.Commander - Order has been placed and will be shipped to you. Please wait while we make your payment... 
13:02:07.636 [main] INFO com.iluwatar.commander.Commander - Order QS9G3KCYRSKK: Shipping placed successfully, transaction id: AE71UFYC74V8
13:02:07.636 [main] INFO com.iluwatar.commander.Commander - Order has been placed and will be shipped to you. Please wait while we make your payment... 
13:02:07.636 [Thread-974] WARN com.iluwatar.commander.Commander - Order QS9G3KCYRSKK: Error in sending Payment Failure message, trying to queue task and add to employee handle..
13:02:07.636 [Thread-977] WARN com.iluwatar.commander.Commander - Order QS9G3KCYRSKK: Error in connecting to queue db, trying again..
13:02:07.636 [Thread-977] ERROR com.iluwatar.commander.Commander - Order QS9G3KCYRSKK: Unable to enqueue task of type Payment Failure Message, trying to add to employee handle..
13:02:07.636 [main] DEBUG com.iluwatar.commander.Commander - Order AG6XVVNU4Z80: Error in connecting to shipping service, trying again..
13:02:07.636 [main] INFO com.iluwatar.commander.Commander - Sorry, there was a problem in creating your order. Please try later.
13:02:07.636 [main] ERROR com.iluwatar.commander.Commander - Order AG6XVVNU4Z80: Shipping service unavailable, order not placed..
13:02:07.636 [Thread-980] WARN com.iluwatar.commander.Commander - Order QS9G3KCYRSKK: Error in connecting to employee handle, trying again..
13:02:07.636 [main] INFO com.iluwatar.commander.Commander - Order AG6XVVNU4Z80: Shipping placed successfully, transaction id: PFZUCENGCN4B
13:02:07.636 [main] INFO com.iluwatar.commander.Commander - Order has been placed and will be shipped to you. Please wait while we make your payment... 
13:02:07.636 [Thread-972] WARN com.iluwatar.commander.Commander - Order 3XF1VNQEUJ7I: Error in adding to employee db, trying to queue task..
13:02:07.636 [Thread-976] WARN com.iluwatar.commander.Commander - Order 3XF1VNQEUJ7I: Error in connecting to queue db, trying again..
13:02:07.636 [Thread-976] ERROR com.iluwatar.commander.Commander - Order 3XF1VNQEUJ7I: Unable to enqueue task of type EMPLOYEE_DB, trying to add to employee handle..
13:02:07.636 [main] ERROR com.iluwatar.commander.Commander - Order AG6XVVNU4Z80: Payment time for order over, failed and returning..
13:02:07.636 [main] INFO com.iluwatar.commander.Commander - Order AG6XVVNU4Z80: Shipping placed successfully, transaction id: T8P01JOHHOS1
13:02:07.636 [main] INFO com.iluwatar.commander.Commander - Order has been placed and will be shipped to you. Please wait while we make your payment... 
13:02:07.636 [main] INFO com.iluwatar.commander.Commander - Order AG6XVVNU4Z80: Shipping placed successfully, transaction id: PJIFDLONTI8M
13:02:07.636 [main] INFO com.iluwatar.commander.Commander - Order has been placed and will be shipped to you. Please wait while we make your payment... 
13:02:07.636 [Thread-982] DEBUG com.iluwatar.commander.Commander - Order AG6XVVNU4Z80: Error in connecting to messaging service (Payment Failure msg), trying again..
13:02:07.636 [Thread-983] WARN com.iluwatar.commander.Commander - Order 3XF1VNQEUJ7I: Error in connecting to employee handle, trying again..
13:02:07.636 [main] DEBUG com.iluwatar.commander.Commander - Order MFB7Z81GJN7P: Error in connecting to shipping service, trying again..
13:02:07.636 [main] INFO com.iluwatar.commander.Commander - Sorry, there was a problem in creating your order. Please try later.
13:02:07.636 [main] ERROR com.iluwatar.commander.Commander - Order MFB7Z81GJN7P: Shipping service unavailable, order not placed..
13:02:07.636 [Thread-960] WARN com.iluwatar.commander.Commander - Order 3XF1VNQEUJ7I: Error in adding to employee db, trying to queue task..
13:02:07.636 [main] INFO com.iluwatar.commander.Commander - Order MFB7Z81GJN7P: Shipping placed successfully, transaction id: 9O4KPPDKUS8M
13:02:07.636 [main] INFO com.iluwatar.commander.Commander - Order has been placed and will be shipped to you. Please wait while we make your payment... 
13:02:07.636 [Thread-975] WARN com.iluwatar.commander.Commander - Order 3XF1VNQEUJ7I: Error in connecting to queue db, trying again..
13:02:07.636 [main] ERROR com.iluwatar.commander.Commander - Order MFB7Z81GJN7P: Payment time for order over, failed and returning..
13:02:07.636 [Thread-975] ERROR com.iluwatar.commander.Commander - Order 3XF1VNQEUJ7I: Unable to enqueue task of type EMPLOYEE_DB, trying to add to employee handle..
13:02:07.636 [main] INFO com.iluwatar.commander.Commander - Order MFB7Z81GJN7P: Shipping placed successfully, transaction id: 46ALZN2C5678
13:02:07.636 [main] INFO com.iluwatar.commander.Commander - Order has been placed and will be shipped to you. Please wait while we make your payment... 
13:02:07.636 [main] INFO com.iluwatar.commander.Commander - Order MFB7Z81GJN7P: Shipping placed successfully, transaction id: GAEP7QBAPGS8
13:02:07.636 [main] INFO com.iluwatar.commander.Commander - Order has been placed and will be shipped to you. Please wait while we make your payment... 
13:02:07.636 [Thread-988] WARN com.iluwatar.commander.Commander - Order 3XF1VNQEUJ7I: Error in connecting to employee handle, trying again..
13:02:07.636 [Thread-987] DEBUG com.iluwatar.commander.Commander - Order MFB7Z81GJN7P: Error in connecting to messaging service (Payment Failure msg), trying again..
13:02:07.636 [main] DEBUG com.iluwatar.commander.Commander - Order R5TLYSVIVW74: Error in connecting to shipping service, trying again..
13:02:07.636 [main] INFO com.iluwatar.commander.Commander - Sorry, there was a problem in creating your order. Please try later.
13:02:07.636 [main] ERROR com.iluwatar.commander.Commander - Order R5TLYSVIVW74: Shipping service unavailable, order not placed..
13:02:07.636 [Thread-988] WARN com.iluwatar.commander.Commander - Order 3XF1VNQEUJ7I: Error in adding to employee db, trying to queue task..
13:02:07.636 [main] INFO com.iluwatar.commander.Commander - Order R5TLYSVIVW74: Shipping placed successfully, transaction id: HR9G4B9P2GAK
13:02:07.636 [main] INFO com.iluwatar.commander.Commander - Order has been placed and will be shipped to you. Please wait while we make your payment... 
13:02:07.636 [Thread-987] WARN com.iluwatar.commander.Commander - Order MFB7Z81GJN7P: Error in sending Payment Failure message, trying to queue task and add to employee handle..
13:02:07.636 [Thread-989] WARN com.iluwatar.commander.Commander - Order 3XF1VNQEUJ7I: Error in connecting to queue db, trying again..
13:02:07.636 [Thread-989] ERROR com.iluwatar.commander.Commander - Order 3XF1VNQEUJ7I: Unable to enqueue task of type EMPLOYEE_DB, trying to add to employee handle..
13:02:07.636 [Thread-990] WARN com.iluwatar.commander.Commander - Order MFB7Z81GJN7P: Error in connecting to queue db, trying again..
13:02:07.636 [Thread-990] ERROR com.iluwatar.commander.Commander - Order MFB7Z81GJN7P: Unable to enqueue task of type Payment Failure Message, trying to add to employee handle..
13:02:07.636 [Thread-961] WARN com.iluwatar.commander.Commander - Order V6QMH7VKEK9A: Error in sending Payment Failure message, trying to queue task and add to employee handle..
13:02:07.636 [Thread-973] WARN com.iluwatar.commander.Commander - Order V6QMH7VKEK9A: Error in connecting to queue db, trying again..
13:02:07.636 [Thread-973] ERROR com.iluwatar.commander.Commander - Order V6QMH7VKEK9A: Unable to enqueue task of type Payment Failure Message, trying to add to employee handle..
13:02:07.637 [Thread-994] WARN com.iluwatar.commander.Commander - Order MFB7Z81GJN7P: Error in connecting to employee handle, trying again..
13:02:07.637 [Thread-962] WARN com.iluwatar.commander.Commander - Order LZ172Z7PWY11: Error in adding to employee db, trying to queue task..
13:02:07.637 [Thread-971] WARN com.iluwatar.commander.Commander - Order LZ172Z7PWY11: Error in connecting to queue db, trying again..
13:02:07.637 [Thread-971] ERROR com.iluwatar.commander.Commander - Order LZ172Z7PWY11: Unable to enqueue task of type EMPLOYEE_DB, trying to add to employee handle..
13:02:07.637 [Thread-964] WARN com.iluwatar.commander.Commander - Order LZ172Z7PWY11: Error in adding to employee db, trying to queue task..
13:02:07.637 [Thread-968] WARN com.iluwatar.commander.Commander - Order LZ172Z7PWY11: Error in connecting to queue db, trying again..
13:02:07.637 [Thread-968] ERROR com.iluwatar.commander.Commander - Order LZ172Z7PWY11: Unable to enqueue task of type EMPLOYEE_DB, trying to add to employee handle..
13:02:07.637 [Thread-999] WARN com.iluwatar.commander.Commander - Order LZ172Z7PWY11: Error in connecting to employee handle, trying again..
13:02:07.637 [Thread-998] WARN com.iluwatar.commander.Commander - Order LZ172Z7PWY11: Error in connecting to employee handle, trying again..
13:02:07.637 [Thread-994] WARN com.iluwatar.commander.Commander - Order MFB7Z81GJN7P: Error in adding to employee db, trying to queue task..
13:02:07.637 [Thread-997] WARN com.iluwatar.commander.Commander - Order MFB7Z81GJN7P: Error in connecting to queue db, trying again..
13:02:07.637 [Thread-997] ERROR com.iluwatar.commander.Commander - Order MFB7Z81GJN7P: Unable to enqueue task of type EMPLOYEE_DB, trying to add to employee handle..
13:02:07.637 [Thread-996] WARN com.iluwatar.commander.Commander - Order V6QMH7VKEK9A: Error in connecting to employee handle, trying again..
13:02:07.637 [Thread-995] WARN com.iluwatar.commander.Commander - Order V6QMH7VKEK9A: Error in connecting to employee handle, trying again..
13:02:07.637 [Thread-993] WARN com.iluwatar.commander.Commander - Order 3XF1VNQEUJ7I: Error in connecting to employee handle, trying again..
13:02:07.637 [Thread-992] WARN com.iluwatar.commander.Commander - Order MFB7Z81GJN7P: Error in connecting to employee handle, trying again..
13:02:07.637 [main] ERROR com.iluwatar.commander.Commander - Order R5TLYSVIVW74: Payment time for order over, failed and returning..
13:02:07.637 [main] INFO com.iluwatar.commander.Commander - Order R5TLYSVIVW74: Shipping placed successfully, transaction id: 79C9GAAQRX3K
13:02:07.637 [main] INFO com.iluwatar.commander.Commander - Order has been placed and will be shipped to you. Please wait while we make your payment... 
13:02:07.637 [main] INFO com.iluwatar.commander.Commander - Order R5TLYSVIVW74: Shipping placed successfully, transaction id: DVVS6RHLVS27
13:02:07.637 [main] INFO com.iluwatar.commander.Commander - Order has been placed and will be shipped to you. Please wait while we make your payment... 
13:02:07.637 [Thread-991] DEBUG com.iluwatar.commander.Commander - Order R5TLYSVIVW74: Error in connecting to messaging service (Payment Failure msg), trying again..
13:02:07.637 [Thread-992] WARN com.iluwatar.commander.Commander - Order MFB7Z81GJN7P: Error in adding to employee db, trying to queue task..
13:02:07.637 [Thread-1006] WARN com.iluwatar.commander.Commander - Order MFB7Z81GJN7P: Error in connecting to queue db, trying again..
13:02:07.637 [Thread-1006] ERROR com.iluwatar.commander.Commander - Order MFB7Z81GJN7P: Unable to enqueue task of type EMPLOYEE_DB, trying to add to employee handle..
13:02:07.637 [Thread-983] WARN com.iluwatar.commander.Commander - Order 3XF1VNQEUJ7I: Error in adding to employee db, trying to queue task..
13:02:07.637 [Thread-986] WARN com.iluwatar.commander.Commander - Order 3XF1VNQEUJ7I: Error in connecting to queue db, trying again..
13:02:07.637 [Thread-986] ERROR com.iluwatar.commander.Commander - Order 3XF1VNQEUJ7I: Unable to enqueue task of type EMPLOYEE_DB, trying to add to employee handle..
13:02:07.637 [main] DEBUG com.iluwatar.commander.Commander - Order WQNFKXO5DIP2: Error in connecting to shipping service, trying again..
13:02:07.637 [main] INFO com.iluwatar.commander.Commander - Sorry, there was a problem in creating your order. Please try later.
13:02:07.637 [main] ERROR com.iluwatar.commander.Commander - Order WQNFKXO5DIP2: Shipping service unavailable, order not placed..
13:02:07.637 [Thread-982] WARN com.iluwatar.commander.Commander - Order AG6XVVNU4Z80: Error in sending Payment Failure message, trying to queue task and add to employee handle..
13:02:07.637 [main] INFO com.iluwatar.commander.Commander - Order WQNFKXO5DIP2: Shipping placed successfully, transaction id: 5FI1CHYQT6TS
13:02:07.637 [main] INFO com.iluwatar.commander.Commander - Order has been placed and will be shipped to you. Please wait while we make your payment... 
13:02:07.637 [Thread-985] WARN com.iluwatar.commander.Commander - Order AG6XVVNU4Z80: Error in connecting to queue db, trying again..
13:02:07.637 [Thread-985] ERROR com.iluwatar.commander.Commander - Order AG6XVVNU4Z80: Unable to enqueue task of type Payment Failure Message, trying to add to employee handle..
13:02:07.637 [Thread-980] WARN com.iluwatar.commander.Commander - Order QS9G3KCYRSKK: Error in adding to employee db, trying to queue task..
13:02:07.637 [Thread-981] WARN com.iluwatar.commander.Commander - Order QS9G3KCYRSKK: Error in connecting to queue db, trying again..
13:02:07.637 [Thread-981] ERROR com.iluwatar.commander.Commander - Order QS9G3KCYRSKK: Unable to enqueue task of type EMPLOYEE_DB, trying to add to employee handle..
13:02:07.637 [Thread-979] WARN com.iluwatar.commander.Commander - Order QS9G3KCYRSKK: Error in connecting to employee handle, trying again..
13:02:07.637 [Thread-979] WARN com.iluwatar.commander.Commander - Order QS9G3KCYRSKK: Error in adding to employee db, trying to queue task..
13:02:07.638 [main] ERROR com.iluwatar.commander.Commander - Order WQNFKXO5DIP2: Payment time for order over, failed and returning..
13:02:07.638 [main] INFO com.iluwatar.commander.Commander - Order WQNFKXO5DIP2: Shipping placed successfully, transaction id: UXIB6VMKYWZK
13:02:07.638 [main] INFO com.iluwatar.commander.Commander - Order has been placed and will be shipped to you. Please wait while we make your payment... 
13:02:07.638 [main] INFO com.iluwatar.commander.Commander - Order WQNFKXO5DIP2: Shipping placed successfully, transaction id: UZU3JIFE2BGU
13:02:07.638 [main] INFO com.iluwatar.commander.Commander - Order has been placed and will be shipped to you. Please wait while we make your payment... 
13:02:07.638 [Thread-1014] WARN com.iluwatar.commander.Commander - Order QS9G3KCYRSKK: Error in connecting to employee handle, trying again..
13:02:07.638 [Thread-1011] DEBUG com.iluwatar.commander.Commander - Order WQNFKXO5DIP2: Error in connecting to messaging service (Payment Failure msg), trying again..
13:02:07.638 [main] DEBUG com.iluwatar.commander.Commander - Order KBX1X3ANTL5G: Error in connecting to shipping service, trying again..
13:02:07.638 [main] INFO com.iluwatar.commander.Commander - Sorry, there was a problem in creating your order. Please try later.
13:02:07.638 [main] ERROR com.iluwatar.commander.Commander - Order KBX1X3ANTL5G: Shipping service unavailable, order not placed..
13:02:07.638 [Thread-1015] WARN com.iluwatar.commander.Commander - Order QS9G3KCYRSKK: Error in connecting to queue db, trying again..
13:02:07.638 [Thread-1015] ERROR com.iluwatar.commander.Commander - Order QS9G3KCYRSKK: Unable to enqueue task of type EMPLOYEE_DB, trying to add to employee handle..
13:02:07.638 [main] INFO com.iluwatar.commander.Commander - Order KBX1X3ANTL5G: Shipping placed successfully, transaction id: H5EOVQFB7FTD
13:02:07.638 [main] INFO com.iluwatar.commander.Commander - Order has been placed and will be shipped to you. Please wait while we make your payment... 
13:02:07.638 [Thread-1013] WARN com.iluwatar.commander.Commander - Order AG6XVVNU4Z80: Error in connecting to employee handle, trying again..
13:02:07.638 [Thread-1016] WARN com.iluwatar.commander.Commander - Order QS9G3KCYRSKK: Error in connecting to queue db, trying again..
13:02:07.638 [Thread-1014] WARN com.iluwatar.commander.Commander - Order QS9G3KCYRSKK: Error in adding to employee db, trying to queue task..
13:02:07.638 [main] ERROR com.iluwatar.commander.Commander - Order KBX1X3ANTL5G: Payment time for order over, failed and returning..
13:02:07.638 [Thread-1016] ERROR com.iluwatar.commander.Commander - Order QS9G3KCYRSKK: Unable to enqueue task of type EMPLOYEE_DB, trying to add to employee handle..
13:02:07.638 [main] INFO com.iluwatar.commander.Commander - Order KBX1X3ANTL5G: Shipping placed successfully, transaction id: SQS36LQ4JKFP
13:02:07.638 [main] INFO com.iluwatar.commander.Commander - Order has been placed and will be shipped to you. Please wait while we make your payment... 
13:02:07.638 [main] INFO com.iluwatar.commander.Commander - Order KBX1X3ANTL5G: Shipping placed successfully, transaction id: 0AVFJRVQBOE9
13:02:07.638 [main] INFO com.iluwatar.commander.Commander - Order has been placed and will be shipped to you. Please wait while we make your payment... 
13:02:07.638 [Thread-1019] DEBUG com.iluwatar.commander.Commander - Order KBX1X3ANTL5G: Error in connecting to messaging service (Payment Failure msg), trying again..
13:02:07.638 [main] DEBUG com.iluwatar.commander.Commander - Order SCDE2DQ1BKYI: Error in connecting to shipping service, trying again..
13:02:07.638 [main] INFO com.iluwatar.commander.Commander - Sorry, there was a problem in creating your order. Please try later.
13:02:07.638 [main] ERROR com.iluwatar.commander.Commander - Order SCDE2DQ1BKYI: Shipping service unavailable, order not placed..
13:02:07.638 [main] INFO com.iluwatar.commander.Commander - Order SCDE2DQ1BKYI: Shipping placed successfully, transaction id: PH69RL49OVIQ
13:02:07.638 [main] INFO com.iluwatar.commander.Commander - Order has been placed and will be shipped to you. Please wait while we make your payment... 
13:02:07.638 [Thread-1021] WARN com.iluwatar.commander.Commander - Order QS9G3KCYRSKK: Error in connecting to employee handle, trying again..
13:02:07.638 [main] ERROR com.iluwatar.commander.Commander - Order SCDE2DQ1BKYI: Payment time for order over, failed and returning..
13:02:07.638 [main] INFO com.iluwatar.commander.Commander - Order SCDE2DQ1BKYI: Shipping placed successfully, transaction id: OQUMIWLRS6YD
13:02:07.638 [main] INFO com.iluwatar.commander.Commander - Order has been placed and will be shipped to you. Please wait while we make your payment... 
13:02:07.638 [Thread-1022] DEBUG com.iluwatar.commander.Commander - Order SCDE2DQ1BKYI: Error in connecting to messaging service (Payment Failure msg), trying again..
13:02:07.638 [main] INFO com.iluwatar.commander.Commander - Order SCDE2DQ1BKYI: Shipping placed successfully, transaction id: YPC0D7G6EWSM
13:02:07.638 [main] INFO com.iluwatar.commander.Commander - Order has been placed and will be shipped to you. Please wait while we make your payment... 
13:02:07.638 [main] DEBUG com.iluwatar.commander.Commander - Order AVJ82E6ZM89I: Error in connecting to shipping service, trying again..
13:02:07.638 [main] INFO com.iluwatar.commander.Commander - Sorry, there was a problem in creating your order. Please try later.
13:02:07.638 [main] ERROR com.iluwatar.commander.Commander - Order AVJ82E6ZM89I: Shipping service unavailable, order not placed..
13:02:07.638 [main] INFO com.iluwatar.commander.Commander - Order AVJ82E6ZM89I: Shipping placed successfully, transaction id: 76P954ZS0G17
13:02:07.638 [main] INFO com.iluwatar.commander.Commander - Order has been placed and will be shipped to you. Please wait while we make your payment... 
13:02:07.638 [Thread-1010] WARN com.iluwatar.commander.Commander - Order AG6XVVNU4Z80: Error in connecting to employee handle, trying again..
13:02:07.638 [main] ERROR com.iluwatar.commander.Commander - Order AVJ82E6ZM89I: Payment time for order over, failed and returning..
13:02:07.638 [main] INFO com.iluwatar.commander.Commander - Order AVJ82E6ZM89I: Shipping placed successfully, transaction id: 8O6BZ6TCEDYA
13:02:07.638 [main] INFO com.iluwatar.commander.Commander - Order has been placed and will be shipped to you. Please wait while we make your payment... 
13:02:07.638 [main] INFO com.iluwatar.commander.Commander - Order AVJ82E6ZM89I: Shipping placed successfully, transaction id: GMEG9DO2G01Y
13:02:07.638 [main] INFO com.iluwatar.commander.Commander - Order has been placed and will be shipped to you. Please wait while we make your payment... 
13:02:07.638 [Thread-1026] DEBUG com.iluwatar.commander.Commander - Order AVJ82E6ZM89I: Error in connecting to messaging service (Payment Failure msg), trying again..
13:02:07.638 [Thread-1009] INFO com.iluwatar.commander.Commander - Order 3XF1VNQEUJ7I: Added order to employee database
13:02:07.638 [Thread-1008] WARN com.iluwatar.commander.Commander - Order MFB7Z81GJN7P: Error in connecting to employee handle, trying again..
13:02:07.638 [Thread-1026] WARN com.iluwatar.commander.Commander - Order AVJ82E6ZM89I: Error in sending Payment Failure message, trying to queue task and add to employee handle..
13:02:07.638 [Thread-1028] WARN com.iluwatar.commander.Commander - Order AVJ82E6ZM89I: Error in connecting to queue db, trying again..
13:02:07.638 [Thread-1028] ERROR com.iluwatar.commander.Commander - Order AVJ82E6ZM89I: Unable to enqueue task of type Payment Failure Message, trying to add to employee handle..
13:02:07.638 [Thread-1008] WARN com.iluwatar.commander.Commander - Order MFB7Z81GJN7P: Error in adding to employee db, trying to queue task..
13:02:07.638 [Thread-991] WARN com.iluwatar.commander.Commander - Order R5TLYSVIVW74: Error in sending Payment Failure message, trying to queue task and add to employee handle..
13:02:07.638 [Thread-1029] WARN com.iluwatar.commander.Commander - Order MFB7Z81GJN7P: Error in connecting to queue db, trying again..
]]></system-out>
  </testcase>
  <testcase name="testPlaceOrderWithDatabase" classname="com.iluwatar.commander.CommanderTest" time="0.003">
    <system-out><![CDATA[13:02:07.638 [Thread-1007] WARN com.iluwatar.commander.Commander - Order R5TLYSVIVW74: Error in connecting to queue db, trying again..
13:02:07.638 [Thread-1007] ERROR com.iluwatar.commander.Commander - Order R5TLYSVIVW74: Unable to enqueue task of type Payment Failure Message, trying to add to employee handle..
13:02:07.638 [Thread-1005] INFO com.iluwatar.commander.Commander - Order 3XF1VNQEUJ7I: EMPLOYEE_DB task enqueued..
13:02:07.638 [Thread-1029] ERROR com.iluwatar.commander.Commander - Order MFB7Z81GJN7P: Unable to enqueue task of type EMPLOYEE_DB, trying to add to employee handle..
13:02:07.639 [Thread-995] WARN com.iluwatar.commander.Commander - Order V6QMH7VKEK9A: Error in adding to employee db, trying to queue task..
13:02:07.638 [Thread-993] WARN com.iluwatar.commander.Commander - Order 3XF1VNQEUJ7I: Error in adding to employee db, trying to queue task..
13:02:07.639 [Thread-1004] WARN com.iluwatar.commander.Commander - Order V6QMH7VKEK9A: Error in connecting to queue db, trying again..
13:02:07.639 [Thread-1004] ERROR com.iluwatar.commander.Commander - Order V6QMH7VKEK9A: Unable to enqueue task of type EMPLOYEE_DB, trying to add to employee handle..
13:02:07.639 [main] INFO com.iluwatar.commander.Commander - Sorry, there was a problem in creating your order. Please try later.
13:02:07.639 [main] ERROR com.iluwatar.commander.Commander - Order MBOAEP0HDJRB: Shipping service unavailable, order not placed..
13:02:07.639 [main] INFO com.iluwatar.commander.Commander - Sorry, there was a problem in creating your order. Please try later.
13:02:07.639 [main] ERROR com.iluwatar.commander.Commander - Order MBOAEP0HDJRB: Shipping service unavailable, order not placed..
13:02:07.639 [Thread-1036] WARN com.iluwatar.commander.Commander - Order V6QMH7VKEK9A: Error in connecting to employee handle, trying again..
13:02:07.639 [main] INFO com.iluwatar.commander.Commander - Sorry, there was a problem in creating your order. Please try later.
13:02:07.639 [main] ERROR com.iluwatar.commander.Commander - Order MBOAEP0HDJRB: Shipping service unavailable, order not placed..
13:02:07.639 [main] INFO com.iluwatar.commander.Commander - Sorry, there was a problem in creating your order. Please try later.
13:02:07.639 [main] ERROR com.iluwatar.commander.Commander - Order MBOAEP0HDJRB: Shipping service unavailable, order not placed..
13:02:07.639 [main] INFO com.iluwatar.commander.Commander - Sorry, there was a problem in creating your order. Please try later.
13:02:07.639 [main] ERROR com.iluwatar.commander.Commander - Order 2AJ3Y0OBU48A: Shipping service unavailable, order not placed..
13:02:07.639 [main] INFO com.iluwatar.commander.Commander - Sorry, there was a problem in creating your order. Please try later.
13:02:07.639 [main] ERROR com.iluwatar.commander.Commander - Order 2AJ3Y0OBU48A: Shipping service unavailable, order not placed..
13:02:07.639 [main] INFO com.iluwatar.commander.Commander - Sorry, there was a problem in creating your order. Please try later.
13:02:07.639 [main] ERROR com.iluwatar.commander.Commander - Order 2AJ3Y0OBU48A: Shipping service unavailable, order not placed..
13:02:07.639 [main] INFO com.iluwatar.commander.Commander - Sorry, there was a problem in creating your order. Please try later.
13:02:07.639 [main] ERROR com.iluwatar.commander.Commander - Order 2AJ3Y0OBU48A: Shipping service unavailable, order not placed..
13:02:07.639 [main] INFO com.iluwatar.commander.Commander - Sorry, there was a problem in creating your order. Please try later.
13:02:07.639 [main] ERROR com.iluwatar.commander.Commander - Order 1N33DGRTJL3P: Shipping service unavailable, order not placed..
13:02:07.639 [main] INFO com.iluwatar.commander.Commander - Sorry, there was a problem in creating your order. Please try later.
13:02:07.639 [main] ERROR com.iluwatar.commander.Commander - Order 1N33DGRTJL3P: Shipping service unavailable, order not placed..
13:02:07.639 [main] INFO com.iluwatar.commander.Commander - Sorry, there was a problem in creating your order. Please try later.
13:02:07.639 [main] ERROR com.iluwatar.commander.Commander - Order 1N33DGRTJL3P: Shipping service unavailable, order not placed..
13:02:07.639 [main] INFO com.iluwatar.commander.Commander - Sorry, there was a problem in creating your order. Please try later.
13:02:07.639 [main] ERROR com.iluwatar.commander.Commander - Order 1N33DGRTJL3P: Shipping service unavailable, order not placed..
13:02:07.639 [main] INFO com.iluwatar.commander.Commander - Sorry, there was a problem in creating your order. Please try later.
13:02:07.639 [Thread-1036] WARN com.iluwatar.commander.Commander - Order V6QMH7VKEK9A: Error in adding to employee db, trying to queue task..
13:02:07.639 [main] ERROR com.iluwatar.commander.Commander - Order PZF3UDP2XJ95: Shipping service unavailable, order not placed..
13:02:07.639 [Thread-1037] WARN com.iluwatar.commander.Commander - Order V6QMH7VKEK9A: Error in connecting to queue db, trying again..
13:02:07.639 [Thread-1037] ERROR com.iluwatar.commander.Commander - Order V6QMH7VKEK9A: Unable to enqueue task of type EMPLOYEE_DB, trying to add to employee handle..
13:02:07.639 [main] INFO com.iluwatar.commander.Commander - Sorry, there was a problem in creating your order. Please try later.
13:02:07.639 [main] ERROR com.iluwatar.commander.Commander - Order PZF3UDP2XJ95: Shipping service unavailable, order not placed..
13:02:07.639 [main] INFO com.iluwatar.commander.Commander - Sorry, there was a problem in creating your order. Please try later.
13:02:07.639 [main] ERROR com.iluwatar.commander.Commander - Order PZF3UDP2XJ95: Shipping service unavailable, order not placed..
13:02:07.639 [Thread-996] WARN com.iluwatar.commander.Commander - Order V6QMH7VKEK9A: Error in adding to employee db, trying to queue task..
13:02:07.639 [main] INFO com.iluwatar.commander.Commander - Sorry, there was a problem in creating your order. Please try later.
13:02:07.639 [main] ERROR com.iluwatar.commander.Commander - Order PZF3UDP2XJ95: Shipping service unavailable, order not placed..
13:02:07.639 [main] INFO com.iluwatar.commander.Commander - Sorry, there was a problem in creating your order. Please try later.
13:02:07.639 [main] ERROR com.iluwatar.commander.Commander - Order 3WTNC6LXHBML: Shipping service unavailable, order not placed..
13:02:07.639 [main] INFO com.iluwatar.commander.Commander - Sorry, there was a problem in creating your order. Please try later.
13:02:07.639 [main] ERROR com.iluwatar.commander.Commander - Order 3WTNC6LXHBML: Shipping service unavailable, order not placed..
13:02:07.639 [main] INFO com.iluwatar.commander.Commander - Sorry, there was a problem in creating your order. Please try later.
13:02:07.639 [main] ERROR com.iluwatar.commander.Commander - Order 3WTNC6LXHBML: Shipping service unavailable, order not placed..
13:02:07.639 [main] INFO com.iluwatar.commander.Commander - Sorry, there was a problem in creating your order. Please try later.
13:02:07.639 [main] ERROR com.iluwatar.commander.Commander - Order 3WTNC6LXHBML: Shipping service unavailable, order not placed..
13:02:07.639 [main] INFO com.iluwatar.commander.Commander - Sorry, there was a problem in creating your order. Please try later.
13:02:07.639 [main] ERROR com.iluwatar.commander.Commander - Order A6A88M5P6QNE: Shipping service unavailable, order not placed..
13:02:07.639 [Thread-1003] WARN com.iluwatar.commander.Commander - Order V6QMH7VKEK9A: Error in connecting to queue db, trying again..
13:02:07.639 [Thread-1003] ERROR com.iluwatar.commander.Commander - Order V6QMH7VKEK9A: Unable to enqueue task of type EMPLOYEE_DB, trying to add to employee handle..
13:02:07.639 [main] INFO com.iluwatar.commander.Commander - Sorry, there was a problem in creating your order. Please try later.
13:02:07.639 [main] ERROR com.iluwatar.commander.Commander - Order A6A88M5P6QNE: Shipping service unavailable, order not placed..
13:02:07.639 [main] INFO com.iluwatar.commander.Commander - Sorry, there was a problem in creating your order. Please try later.
13:02:07.639 [main] ERROR com.iluwatar.commander.Commander - Order A6A88M5P6QNE: Shipping service unavailable, order not placed..
13:02:07.639 [main] INFO com.iluwatar.commander.Commander - Sorry, there was a problem in creating your order. Please try later.
13:02:07.639 [main] ERROR com.iluwatar.commander.Commander - Order A6A88M5P6QNE: Shipping service unavailable, order not placed..
13:02:07.639 [main] INFO com.iluwatar.commander.Commander - Sorry, there was a problem in creating your order. Please try later.
13:02:07.640 [main] ERROR com.iluwatar.commander.Commander - Order RR0DI74D3F3K: Shipping service unavailable, order not placed..
13:02:07.640 [Thread-1002] WARN com.iluwatar.commander.Commander - Order MFB7Z81GJN7P: Error in connecting to employee handle, trying again..
13:02:07.640 [Thread-998] WARN com.iluwatar.commander.Commander - Order LZ172Z7PWY11: Error in adding to employee db, trying to queue task..
13:02:07.640 [Thread-1001] WARN com.iluwatar.commander.Commander - Order LZ172Z7PWY11: Error in connecting to queue db, trying again..
13:02:07.640 [Thread-1001] ERROR com.iluwatar.commander.Commander - Order LZ172Z7PWY11: Unable to enqueue task of type EMPLOYEE_DB, trying to add to employee handle..
13:02:07.640 [main] INFO com.iluwatar.commander.Commander - Sorry, there was a problem in creating your order. Please try later.
13:02:07.640 [main] ERROR com.iluwatar.commander.Commander - Order RR0DI74D3F3K: Shipping service unavailable, order not placed..
13:02:07.640 [Thread-1000] WARN com.iluwatar.commander.Commander - Order LZ172Z7PWY11: Error in connecting to queue db, trying again..
13:02:07.640 [Thread-1000] ERROR com.iluwatar.commander.Commander - Order LZ172Z7PWY11: Unable to enqueue task of type EMPLOYEE_DB, trying to add to employee handle..
13:02:07.640 [Thread-999] WARN com.iluwatar.commander.Commander - Order LZ172Z7PWY11: Error in adding to employee db, trying to queue task..
13:02:07.640 [main] INFO com.iluwatar.commander.Commander - Sorry, there was a problem in creating your order. Please try later.
13:02:07.640 [main] ERROR com.iluwatar.commander.Commander - Order RR0DI74D3F3K: Shipping service unavailable, order not placed..
13:02:07.640 [Thread-1042] WARN com.iluwatar.commander.Commander - Order LZ172Z7PWY11: Error in connecting to employee handle, trying again..
13:02:07.640 [main] INFO com.iluwatar.commander.Commander - Sorry, there was a problem in creating your order. Please try later.
13:02:07.640 [main] ERROR com.iluwatar.commander.Commander - Order RR0DI74D3F3K: Shipping service unavailable, order not placed..
13:02:07.640 [main] INFO com.iluwatar.commander.Commander - Sorry, there was a problem in creating your order. Please try later.
13:02:07.640 [main] ERROR com.iluwatar.commander.Commander - Order UFHP44XJ5YFR: Shipping service unavailable, order not placed..
13:02:07.640 [main] INFO com.iluwatar.commander.Commander - Sorry, there was a problem in creating your order. Please try later.
13:02:07.640 [main] ERROR com.iluwatar.commander.Commander - Order UFHP44XJ5YFR: Shipping service unavailable, order not placed..
13:02:07.640 [main] INFO com.iluwatar.commander.Commander - Sorry, there was a problem in creating your order. Please try later.
13:02:07.640 [main] ERROR com.iluwatar.commander.Commander - Order UFHP44XJ5YFR: Shipping service unavailable, order not placed..
13:02:07.640 [main] INFO com.iluwatar.commander.Commander - Sorry, there was a problem in creating your order. Please try later.
13:02:07.640 [main] ERROR com.iluwatar.commander.Commander - Order UFHP44XJ5YFR: Shipping service unavailable, order not placed..
13:02:07.640 [main] INFO com.iluwatar.commander.Commander - Sorry, there was a problem in creating your order. Please try later.
13:02:07.640 [main] ERROR com.iluwatar.commander.Commander - Order P785SR50R1WV: Shipping service unavailable, order not placed..
13:02:07.640 [main] INFO com.iluwatar.commander.Commander - Sorry, there was a problem in creating your order. Please try later.
13:02:07.640 [main] ERROR com.iluwatar.commander.Commander - Order P785SR50R1WV: Shipping service unavailable, order not placed..
13:02:07.640 [main] INFO com.iluwatar.commander.Commander - Sorry, there was a problem in creating your order. Please try later.
13:02:07.640 [main] ERROR com.iluwatar.commander.Commander - Order P785SR50R1WV: Shipping service unavailable, order not placed..
13:02:07.640 [main] INFO com.iluwatar.commander.Commander - Sorry, there was a problem in creating your order. Please try later.
13:02:07.640 [main] ERROR com.iluwatar.commander.Commander - Order P785SR50R1WV: Shipping service unavailable, order not placed..
13:02:07.640 [Thread-1042] WARN com.iluwatar.commander.Commander - Order LZ172Z7PWY11: Error in adding to employee db, trying to queue task..
13:02:07.640 [main] INFO com.iluwatar.commander.Commander - Sorry, there was a problem in creating your order. Please try later.
13:02:07.640 [main] ERROR com.iluwatar.commander.Commander - Order QNF5649TNGT4: Shipping service unavailable, order not placed..
13:02:07.640 [main] INFO com.iluwatar.commander.Commander - Sorry, there was a problem in creating your order. Please try later.
13:02:07.640 [main] ERROR com.iluwatar.commander.Commander - Order QNF5649TNGT4: Shipping service unavailable, order not placed..
13:02:07.640 [main] INFO com.iluwatar.commander.Commander - Sorry, there was a problem in creating your order. Please try later.
13:02:07.640 [main] ERROR com.iluwatar.commander.Commander - Order QNF5649TNGT4: Shipping service unavailable, order not placed..
13:02:07.640 [main] INFO com.iluwatar.commander.Commander - Sorry, there was a problem in creating your order. Please try later.
13:02:07.640 [main] ERROR com.iluwatar.commander.Commander - Order QNF5649TNGT4: Shipping service unavailable, order not placed..
13:02:07.640 [Thread-1043] WARN com.iluwatar.commander.Commander - Order LZ172Z7PWY11: Error in connecting to queue db, trying again..
13:02:07.640 [Thread-1043] ERROR com.iluwatar.commander.Commander - Order LZ172Z7PWY11: Unable to enqueue task of type EMPLOYEE_DB, trying to add to employee handle..
13:02:07.640 [main] INFO com.iluwatar.commander.Commander - Sorry, there was a problem in creating your order. Please try later.
13:02:07.640 [main] ERROR com.iluwatar.commander.Commander - Order GHZRZPDJA83F: Shipping service unavailable, order not placed..
13:02:07.640 [main] INFO com.iluwatar.commander.Commander - Sorry, there was a problem in creating your order. Please try later.
13:02:07.640 [main] ERROR com.iluwatar.commander.Commander - Order GHZRZPDJA83F: Shipping service unavailable, order not placed..
13:02:07.640 [Thread-1041] WARN com.iluwatar.commander.Commander - Order LZ172Z7PWY11: Error in connecting to employee handle, trying again..
13:02:07.640 [main] INFO com.iluwatar.commander.Commander - Sorry, there was a problem in creating your order. Please try later.
13:02:07.640 [main] ERROR com.iluwatar.commander.Commander - Order GHZRZPDJA83F: Shipping service unavailable, order not placed..
13:02:07.640 [main] INFO com.iluwatar.commander.Commander - Sorry, there was a problem in creating your order. Please try later.
13:02:07.640 [main] ERROR com.iluwatar.commander.Commander - Order GHZRZPDJA83F: Shipping service unavailable, order not placed..
13:02:07.640 [main] INFO com.iluwatar.commander.Commander - Sorry, there was a problem in creating your order. Please try later.
13:02:07.640 [main] ERROR com.iluwatar.commander.Commander - Order 6JH4O8PTLQ7W: Shipping service unavailable, order not placed..
13:02:07.640 [Thread-1044] INFO com.iluwatar.commander.Commander - Order LZ172Z7PWY11: Added order to employee database
13:02:07.640 [main] INFO com.iluwatar.commander.Commander - Sorry, there was a problem in creating your order. Please try later.
13:02:07.640 [main] ERROR com.iluwatar.commander.Commander - Order 6JH4O8PTLQ7W: Shipping service unavailable, order not placed..
13:02:07.640 [main] INFO com.iluwatar.commander.Commander - Sorry, there was a problem in creating your order. Please try later.
13:02:07.640 [main] ERROR com.iluwatar.commander.Commander - Order 6JH4O8PTLQ7W: Shipping service unavailable, order not placed..
13:02:07.640 [Thread-1002] WARN com.iluwatar.commander.Commander - Order MFB7Z81GJN7P: Error in adding to employee db, trying to queue task..
13:02:07.640 [Thread-1040] WARN com.iluwatar.commander.Commander - Order MFB7Z81GJN7P: Error in connecting to queue db, trying again..
13:02:07.640 [Thread-1040] ERROR com.iluwatar.commander.Commander - Order MFB7Z81GJN7P: Unable to enqueue task of type EMPLOYEE_DB, trying to add to employee handle..
13:02:07.640 [main] INFO com.iluwatar.commander.Commander - Sorry, there was a problem in creating your order. Please try later.
13:02:07.640 [main] ERROR com.iluwatar.commander.Commander - Order 6JH4O8PTLQ7W: Shipping service unavailable, order not placed..
13:02:07.640 [Thread-1039] WARN com.iluwatar.commander.Commander - Order V6QMH7VKEK9A: Error in connecting to employee handle, trying again..
13:02:07.640 [main] INFO com.iluwatar.commander.Commander - Sorry, there was a problem in creating your order. Please try later.
13:02:07.640 [main] ERROR com.iluwatar.commander.Commander - Order H9ULRK277HVG: Shipping service unavailable, order not placed..
13:02:07.640 [main] INFO com.iluwatar.commander.Commander - Sorry, there was a problem in creating your order. Please try later.
13:02:07.640 [main] ERROR com.iluwatar.commander.Commander - Order H9ULRK277HVG: Shipping service unavailable, order not placed..
13:02:07.640 [main] INFO com.iluwatar.commander.Commander - Sorry, there was a problem in creating your order. Please try later.
13:02:07.640 [main] ERROR com.iluwatar.commander.Commander - Order H9ULRK277HVG: Shipping service unavailable, order not placed..
13:02:07.640 [main] INFO com.iluwatar.commander.Commander - Sorry, there was a problem in creating your order. Please try later.
13:02:07.640 [main] ERROR com.iluwatar.commander.Commander - Order H9ULRK277HVG: Shipping service unavailable, order not placed..
13:02:07.641 [main] INFO com.iluwatar.commander.Commander - Sorry, there was a problem in creating your order. Please try later.
13:02:07.641 [main] ERROR com.iluwatar.commander.Commander - Order VCY3CMR9AIHU: Shipping service unavailable, order not placed..
13:02:07.641 [main] INFO com.iluwatar.commander.Commander - Sorry, there was a problem in creating your order. Please try later.
13:02:07.641 [main] ERROR com.iluwatar.commander.Commander - Order VCY3CMR9AIHU: Shipping service unavailable, order not placed..
13:02:07.641 [Thread-1038] WARN com.iluwatar.commander.Commander - Order V6QMH7VKEK9A: Error in connecting to employee handle, trying again..
13:02:07.641 [main] INFO com.iluwatar.commander.Commander - Sorry, there was a problem in creating your order. Please try later.
13:02:07.641 [main] ERROR com.iluwatar.commander.Commander - Order VCY3CMR9AIHU: Shipping service unavailable, order not placed..
13:02:07.641 [main] INFO com.iluwatar.commander.Commander - Sorry, there was a problem in creating your order. Please try later.
13:02:07.641 [main] ERROR com.iluwatar.commander.Commander - Order VCY3CMR9AIHU: Shipping service unavailable, order not placed..
13:02:07.641 [main] INFO com.iluwatar.commander.Commander - Sorry, there was a problem in creating your order. Please try later.
13:02:07.641 [main] ERROR com.iluwatar.commander.Commander - Order OPACC66E1PFW: Shipping service unavailable, order not placed..
13:02:07.641 [Thread-1035] WARN com.iluwatar.commander.Commander - Order MFB7Z81GJN7P: Error in connecting to employee handle, trying again..
13:02:07.641 [main] INFO com.iluwatar.commander.Commander - Sorry, there was a problem in creating your order. Please try later.
13:02:07.641 [main] ERROR com.iluwatar.commander.Commander - Order OPACC66E1PFW: Shipping service unavailable, order not placed..
13:02:07.641 [Thread-1035] WARN com.iluwatar.commander.Commander - Order MFB7Z81GJN7P: Error in adding to employee db, trying to queue task..
13:02:07.641 [Thread-1049] WARN com.iluwatar.commander.Commander - Order MFB7Z81GJN7P: Error in connecting to queue db, trying again..
13:02:07.641 [Thread-1049] ERROR com.iluwatar.commander.Commander - Order MFB7Z81GJN7P: Unable to enqueue task of type EMPLOYEE_DB, trying to add to employee handle..
13:02:07.641 [main] INFO com.iluwatar.commander.Commander - Sorry, there was a problem in creating your order. Please try later.
13:02:07.641 [main] ERROR com.iluwatar.commander.Commander - Order OPACC66E1PFW: Shipping service unavailable, order not placed..
13:02:07.641 [Thread-1033] WARN com.iluwatar.commander.Commander - Order R5TLYSVIVW74: Error in connecting to employee handle, trying again..
13:02:07.641 [main] INFO com.iluwatar.commander.Commander - Sorry, there was a problem in creating your order. Please try later.
13:02:07.641 [main] ERROR com.iluwatar.commander.Commander - Order OPACC66E1PFW: Shipping service unavailable, order not placed..
13:02:07.641 [main] INFO com.iluwatar.commander.Commander - Sorry, there was a problem in creating your order. Please try later.
13:02:07.641 [main] ERROR com.iluwatar.commander.Commander - Order XAD2PSMLE5BP: Shipping service unavailable, order not placed..
13:02:07.641 [Thread-1032] WARN com.iluwatar.commander.Commander - Order R5TLYSVIVW74: Error in connecting to employee handle, trying again..
13:02:07.641 [Thread-1051] WARN com.iluwatar.commander.Commander - Order MFB7Z81GJN7P: Error in connecting to employee handle, trying again..
13:02:07.641 [main] INFO com.iluwatar.commander.Commander - Sorry, there was a problem in creating your order. Please try later.
13:02:07.641 [main] ERROR com.iluwatar.commander.Commander - Order XAD2PSMLE5BP: Shipping service unavailable, order not placed..
13:02:07.641 [main] INFO com.iluwatar.commander.Commander - Sorry, there was a problem in creating your order. Please try later.
13:02:07.641 [main] ERROR com.iluwatar.commander.Commander - Order XAD2PSMLE5BP: Shipping service unavailable, order not placed..
13:02:07.641 [Thread-1032] WARN com.iluwatar.commander.Commander - Order R5TLYSVIVW74: Error in adding to employee db, trying to queue task..
13:02:07.641 [Thread-1053] WARN com.iluwatar.commander.Commander - Order R5TLYSVIVW74: Error in connecting to queue db, trying again..
13:02:07.641 [Thread-1053] ERROR com.iluwatar.commander.Commander - Order R5TLYSVIVW74: Unable to enqueue task of type EMPLOYEE_DB, trying to add to employee handle..
13:02:07.641 [main] INFO com.iluwatar.commander.Commander - Sorry, there was a problem in creating your order. Please try later.
13:02:07.641 [main] ERROR com.iluwatar.commander.Commander - Order XAD2PSMLE5BP: Shipping service unavailable, order not placed..
13:02:07.641 [Thread-1031] WARN com.iluwatar.commander.Commander - Order AVJ82E6ZM89I: Error in connecting to employee handle, trying again..
13:02:07.641 [main] INFO com.iluwatar.commander.Commander - Sorry, there was a problem in creating your order. Please try later.
13:02:07.641 [main] ERROR com.iluwatar.commander.Commander - Order ZXHZ11YXNS9X: Shipping service unavailable, order not placed..
13:02:07.641 [main] INFO com.iluwatar.commander.Commander - Sorry, there was a problem in creating your order. Please try later.
13:02:07.641 [main] ERROR com.iluwatar.commander.Commander - Order ZXHZ11YXNS9X: Shipping service unavailable, order not placed..
13:02:07.641 [main] INFO com.iluwatar.commander.Commander - Sorry, there was a problem in creating your order. Please try later.
13:02:07.641 [Thread-1030] WARN com.iluwatar.commander.Commander - Order AVJ82E6ZM89I: Error in connecting to employee handle, trying again..
13:02:07.641 [main] ERROR com.iluwatar.commander.Commander - Order ZXHZ11YXNS9X: Shipping service unavailable, order not placed..
13:02:07.641 [Thread-1010] WARN com.iluwatar.commander.Commander - Order AG6XVVNU4Z80: Error in adding to employee db, trying to queue task..
13:02:07.641 [main] INFO com.iluwatar.commander.Commander - Sorry, there was a problem in creating your order. Please try later.
13:02:07.641 [Thread-1027] WARN com.iluwatar.commander.Commander - Order AG6XVVNU4Z80: Error in connecting to queue db, trying again..
13:02:07.641 [main] ERROR com.iluwatar.commander.Commander - Order ZXHZ11YXNS9X: Shipping service unavailable, order not placed..
13:02:07.641 [Thread-1022] WARN com.iluwatar.commander.Commander - Order SCDE2DQ1BKYI: Error in sending Payment Failure message, trying to queue task and add to employee handle..
13:02:07.641 [Thread-1027] ERROR com.iluwatar.commander.Commander - Order AG6XVVNU4Z80: Unable to enqueue task of type EMPLOYEE_DB, trying to add to employee handle..
13:02:07.641 [main] INFO com.iluwatar.commander.Commander - Sorry, there was a problem in creating your order. Please try later.
13:02:07.641 [main] ERROR com.iluwatar.commander.Commander - Order LNWV7INP80GQ: Shipping service unavailable, order not placed..
13:02:07.641 [Thread-1025] WARN com.iluwatar.commander.Commander - Order SCDE2DQ1BKYI: Error in connecting to queue db, trying again..
13:02:07.641 [Thread-1025] ERROR com.iluwatar.commander.Commander - Order SCDE2DQ1BKYI: Unable to enqueue task of type Payment Failure Message, trying to add to employee handle..
13:02:07.641 [main] INFO com.iluwatar.commander.Commander - Sorry, there was a problem in creating your order. Please try later.
13:02:07.642 [main] ERROR com.iluwatar.commander.Commander - Order LNWV7INP80GQ: Shipping service unavailable, order not placed..
13:02:07.641 [Thread-1021] WARN com.iluwatar.commander.Commander - Order QS9G3KCYRSKK: Error in adding to employee db, trying to queue task..
13:02:07.642 [main] INFO com.iluwatar.commander.Commander - Sorry, there was a problem in creating your order. Please try later.
13:02:07.642 [main] ERROR com.iluwatar.commander.Commander - Order LNWV7INP80GQ: Shipping service unavailable, order not placed..
13:02:07.642 [Thread-1024] WARN com.iluwatar.commander.Commander - Order QS9G3KCYRSKK: Error in connecting to queue db, trying again..
13:02:07.642 [Thread-1024] ERROR com.iluwatar.commander.Commander - Order QS9G3KCYRSKK: Unable to enqueue task of type EMPLOYEE_DB, trying to add to employee handle..
13:02:07.642 [main] INFO com.iluwatar.commander.Commander - Sorry, there was a problem in creating your order. Please try later.
13:02:07.642 [main] ERROR com.iluwatar.commander.Commander - Order LNWV7INP80GQ: Shipping service unavailable, order not placed..
13:02:07.642 [Thread-1060] WARN com.iluwatar.commander.Commander - Order SCDE2DQ1BKYI: Error in connecting to employee handle, trying again..
13:02:07.642 [main] INFO com.iluwatar.commander.Commander - Sorry, there was a problem in creating your order. Please try later.
13:02:07.642 [main] ERROR com.iluwatar.commander.Commander - Order 0DSHFRKM5QDX: Shipping service unavailable, order not placed..
13:02:07.642 [main] INFO com.iluwatar.commander.Commander - Sorry, there was a problem in creating your order. Please try later.
13:02:07.642 [Thread-1019] WARN com.iluwatar.commander.Commander - Order KBX1X3ANTL5G: Error in sending Payment Failure message, trying to queue task and add to employee handle..
13:02:07.642 [main] ERROR com.iluwatar.commander.Commander - Order 0DSHFRKM5QDX: Shipping service unavailable, order not placed..
13:02:07.642 [main] INFO com.iluwatar.commander.Commander - Sorry, there was a problem in creating your order. Please try later.
13:02:07.642 [main] ERROR com.iluwatar.commander.Commander - Order 0DSHFRKM5QDX: Shipping service unavailable, order not placed..
13:02:07.642 [Thread-1023] WARN com.iluwatar.commander.Commander - Order KBX1X3ANTL5G: Error in connecting to queue db, trying again..
13:02:07.642 [Thread-1023] ERROR com.iluwatar.commander.Commander - Order KBX1X3ANTL5G: Unable to enqueue task of type Payment Failure Message, trying to add to employee handle..
13:02:07.642 [Thread-1063] WARN com.iluwatar.commander.Commander - Order KBX1X3ANTL5G: Error in connecting to employee handle, trying again..
13:02:07.642 [main] INFO com.iluwatar.commander.Commander - Sorry, there was a problem in creating your order. Please try later.
13:02:07.642 [main] ERROR com.iluwatar.commander.Commander - Order 0DSHFRKM5QDX: Shipping service unavailable, order not placed..
13:02:07.642 [Thread-1064] WARN com.iluwatar.commander.Commander - Order KBX1X3ANTL5G: Error in connecting to employee handle, trying again..
13:02:07.642 [Thread-1013] WARN com.iluwatar.commander.Commander - Order AG6XVVNU4Z80: Error in adding to employee db, trying to queue task..
13:02:07.642 [Thread-1020] WARN com.iluwatar.commander.Commander - Order AG6XVVNU4Z80: Error in connecting to queue db, trying again..
13:02:07.642 [Thread-1020] ERROR com.iluwatar.commander.Commander - Order AG6XVVNU4Z80: Unable to enqueue task of type EMPLOYEE_DB, trying to add to employee handle..
]]></system-out>
  </testcase>
  <testcase name="testPlaceOrderNoException1" classname="com.iluwatar.commander.CommanderTest" time="0.008">
    <system-out><![CDATA[13:02:07.642 [Thread-1018] WARN com.iluwatar.commander.Commander - Order QS9G3KCYRSKK: Error in connecting to employee handle, trying again..
13:02:07.642 [Thread-1067] WARN com.iluwatar.commander.Commander - Order AG6XVVNU4Z80: Error in connecting to employee handle, trying again..
13:02:07.642 [Thread-1011] WARN com.iluwatar.commander.Commander - Order WQNFKXO5DIP2: Error in sending Payment Failure message, trying to queue task and add to employee handle..
13:02:07.642 [Thread-1017] WARN com.iluwatar.commander.Commander - Order WQNFKXO5DIP2: Error in connecting to queue db, trying again..
13:02:07.642 [Thread-1017] ERROR com.iluwatar.commander.Commander - Order WQNFKXO5DIP2: Unable to enqueue task of type Payment Failure Message, trying to add to employee handle..
13:02:07.642 [Thread-1070] WARN com.iluwatar.commander.Commander - Order WQNFKXO5DIP2: Error in connecting to employee handle, trying again..
13:02:07.642 [main] INFO com.iluwatar.commander.Commander - Order DWE2QYFJFHTL: Shipping placed successfully, transaction id: MM9K97CIRLVN
13:02:07.642 [main] INFO com.iluwatar.commander.Commander - Order has been placed and will be shipped to you. Please wait while we make your payment... 
13:02:07.642 [Thread-1070] WARN com.iluwatar.commander.Commander - Order WQNFKXO5DIP2: Error in adding to employee db, trying to queue task..
13:02:07.642 [Thread-1072] WARN com.iluwatar.commander.Commander - Order WQNFKXO5DIP2: Error in connecting to queue db, trying again..
13:02:07.642 [Thread-1072] ERROR com.iluwatar.commander.Commander - Order WQNFKXO5DIP2: Unable to enqueue task of type EMPLOYEE_DB, trying to add to employee handle..
13:02:07.642 [main] INFO com.iluwatar.commander.Commander - Order DWE2QYFJFHTL: Shipping placed successfully, transaction id: KD7RT9O9MFDU
13:02:07.642 [main] INFO com.iluwatar.commander.Commander - Order has been placed and will be shipped to you. Please wait while we make your payment... 
13:02:07.642 [Thread-1073] INFO com.iluwatar.commander.Commander - Order DWE2QYFJFHTL: Payment successful, transaction Id: 8ZG0ZL1B7NQH
13:02:07.642 [Thread-1073] INFO com.iluwatar.commander.Commander - Payment made successfully, thank you for shopping with us!!
13:02:07.643 [Thread-1076] INFO com.iluwatar.commander.messagingservice.MessagingService - Msg: Your order has been placed and paid for successfully! Thank you for shopping with us!
13:02:07.643 [Thread-1076] INFO com.iluwatar.commander.Commander - Order DWE2QYFJFHTL: Payment Success message sent, request Id: 24Y717NKI5YF
13:02:07.643 [Thread-1074] WARN com.iluwatar.commander.Commander - Order WQNFKXO5DIP2: Error in connecting to employee handle, trying again..
13:02:07.643 [Thread-1071] WARN com.iluwatar.commander.Commander - Order WQNFKXO5DIP2: Error in connecting to employee handle, trying again..
13:02:07.643 [Thread-1067] WARN com.iluwatar.commander.Commander - Order AG6XVVNU4Z80: Error in adding to employee db, trying to queue task..
13:02:07.643 [Thread-1069] WARN com.iluwatar.commander.Commander - Order AG6XVVNU4Z80: Error in connecting to queue db, trying again..
13:02:07.643 [Thread-1069] ERROR com.iluwatar.commander.Commander - Order AG6XVVNU4Z80: Unable to enqueue task of type EMPLOYEE_DB, trying to add to employee handle..
13:02:07.643 [Thread-1018] WARN com.iluwatar.commander.Commander - Order QS9G3KCYRSKK: Error in adding to employee db, trying to queue task..
13:02:07.643 [Thread-1068] WARN com.iluwatar.commander.Commander - Order QS9G3KCYRSKK: Error in connecting to queue db, trying again..
13:02:07.643 [Thread-1068] ERROR com.iluwatar.commander.Commander - Order QS9G3KCYRSKK: Unable to enqueue task of type EMPLOYEE_DB, trying to add to employee handle..
13:02:07.643 [Thread-1064] WARN com.iluwatar.commander.Commander - Order KBX1X3ANTL5G: Error in adding to employee db, trying to queue task..
13:02:07.643 [Thread-1066] WARN com.iluwatar.commander.Commander - Order KBX1X3ANTL5G: Error in connecting to queue db, trying again..
13:02:07.643 [Thread-1066] ERROR com.iluwatar.commander.Commander - Order KBX1X3ANTL5G: Unable to enqueue task of type EMPLOYEE_DB, trying to add to employee handle..
13:02:07.643 [Thread-1081] WARN com.iluwatar.commander.Commander - Order KBX1X3ANTL5G: Error in connecting to employee handle, trying again..
13:02:07.643 [Thread-1063] WARN com.iluwatar.commander.Commander - Order KBX1X3ANTL5G: Error in adding to employee db, trying to queue task..
13:02:07.643 [Thread-1060] WARN com.iluwatar.commander.Commander - Order SCDE2DQ1BKYI: Error in adding to employee db, trying to queue task..
13:02:07.643 [Thread-1065] WARN com.iluwatar.commander.Commander - Order KBX1X3ANTL5G: Error in connecting to queue db, trying again..
13:02:07.643 [Thread-1065] ERROR com.iluwatar.commander.Commander - Order KBX1X3ANTL5G: Unable to enqueue task of type EMPLOYEE_DB, trying to add to employee handle..
13:02:07.643 [Thread-1062] WARN com.iluwatar.commander.Commander - Order SCDE2DQ1BKYI: Error in connecting to queue db, trying again..
13:02:07.643 [Thread-1062] ERROR com.iluwatar.commander.Commander - Order SCDE2DQ1BKYI: Unable to enqueue task of type EMPLOYEE_DB, trying to add to employee handle..
13:02:07.643 [Thread-1061] WARN com.iluwatar.commander.Commander - Order QS9G3KCYRSKK: Error in connecting to employee handle, trying again..
13:02:07.643 [Thread-1084] WARN com.iluwatar.commander.Commander - Order SCDE2DQ1BKYI: Error in connecting to employee handle, trying again..
13:02:07.643 [Thread-1061] WARN com.iluwatar.commander.Commander - Order QS9G3KCYRSKK: Error in adding to employee db, trying to queue task..
13:02:07.644 [Thread-1085] INFO com.iluwatar.commander.Commander - Order QS9G3KCYRSKK: EMPLOYEE_DB task enqueued..
13:02:07.644 [Thread-1059] WARN com.iluwatar.commander.Commander - Order SCDE2DQ1BKYI: Error in connecting to employee handle, trying again..
13:02:07.644 [Thread-1030] WARN com.iluwatar.commander.Commander - Order AVJ82E6ZM89I: Error in adding to employee db, trying to queue task..
13:02:07.644 [Thread-1058] WARN com.iluwatar.commander.Commander - Order AG6XVVNU4Z80: Error in connecting to employee handle, trying again..
13:02:07.644 [Thread-1057] WARN com.iluwatar.commander.Commander - Order AVJ82E6ZM89I: Error in connecting to queue db, trying again..
13:02:07.644 [Thread-1031] WARN com.iluwatar.commander.Commander - Order AVJ82E6ZM89I: Error in adding to employee db, trying to queue task..
13:02:07.644 [Thread-1056] WARN com.iluwatar.commander.Commander - Order AVJ82E6ZM89I: Error in connecting to queue db, trying again..
13:02:07.644 [Thread-1056] ERROR com.iluwatar.commander.Commander - Order AVJ82E6ZM89I: Unable to enqueue task of type EMPLOYEE_DB, trying to add to employee handle..
13:02:07.644 [Thread-1057] ERROR com.iluwatar.commander.Commander - Order AVJ82E6ZM89I: Unable to enqueue task of type EMPLOYEE_DB, trying to add to employee handle..
13:02:07.644 [Thread-1055] WARN com.iluwatar.commander.Commander - Order R5TLYSVIVW74: Error in connecting to employee handle, trying again..
13:02:07.644 [Thread-1091] WARN com.iluwatar.commander.Commander - Order AVJ82E6ZM89I: Error in connecting to employee handle, trying again..
13:02:07.644 [Thread-1092] WARN com.iluwatar.commander.Commander - Order AVJ82E6ZM89I: Error in connecting to employee handle, trying again..
13:02:07.644 [Thread-1051] WARN com.iluwatar.commander.Commander - Order MFB7Z81GJN7P: Error in adding to employee db, trying to queue task..
13:02:07.644 [Thread-1054] INFO com.iluwatar.commander.Commander - Order MFB7Z81GJN7P: EMPLOYEE_DB task enqueued..
13:02:07.644 [Thread-1033] WARN com.iluwatar.commander.Commander - Order R5TLYSVIVW74: Error in adding to employee db, trying to queue task..
13:02:07.644 [Thread-1052] WARN com.iluwatar.commander.Commander - Order R5TLYSVIVW74: Error in connecting to queue db, trying again..
13:02:07.644 [Thread-1052] ERROR com.iluwatar.commander.Commander - Order R5TLYSVIVW74: Unable to enqueue task of type EMPLOYEE_DB, trying to add to employee handle..
13:02:07.644 [Thread-1038] WARN com.iluwatar.commander.Commander - Order V6QMH7VKEK9A: Error in adding to employee db, trying to queue task..
13:02:07.644 [Thread-1048] WARN com.iluwatar.commander.Commander - Order V6QMH7VKEK9A: Error in connecting to queue db, trying again..
13:02:07.644 [Thread-1048] ERROR com.iluwatar.commander.Commander - Order V6QMH7VKEK9A: Unable to enqueue task of type EMPLOYEE_DB, trying to add to employee handle..
13:02:07.644 [Thread-1039] WARN com.iluwatar.commander.Commander - Order V6QMH7VKEK9A: Error in adding to employee db, trying to queue task..
13:02:07.644 [Thread-1047] WARN com.iluwatar.commander.Commander - Order V6QMH7VKEK9A: Error in connecting to queue db, trying again..
13:02:07.644 [Thread-1047] ERROR com.iluwatar.commander.Commander - Order V6QMH7VKEK9A: Unable to enqueue task of type EMPLOYEE_DB, trying to add to employee handle..
13:02:07.644 [Thread-1046] INFO com.iluwatar.commander.Commander - Order MFB7Z81GJN7P: Added order to employee database
13:02:07.644 [Thread-1041] WARN com.iluwatar.commander.Commander - Order LZ172Z7PWY11: Error in adding to employee db, trying to queue task..
13:02:07.644 [Thread-1045] INFO com.iluwatar.commander.Commander - Order LZ172Z7PWY11: EMPLOYEE_DB task enqueued..
13:02:07.644 [Thread-1100] WARN com.iluwatar.commander.Commander - Order V6QMH7VKEK9A: Error in connecting to employee handle, trying again..
13:02:07.644 [Thread-1099] INFO com.iluwatar.commander.Commander - Order V6QMH7VKEK9A: Added order to employee database
13:02:07.644 [Thread-1097] WARN com.iluwatar.commander.Commander - Order R5TLYSVIVW74: Error in connecting to employee handle, trying again..
13:02:07.644 [Thread-1097] WARN com.iluwatar.commander.Commander - Order R5TLYSVIVW74: Error in adding to employee db, trying to queue task..
13:02:07.644 [Thread-1103] WARN com.iluwatar.commander.Commander - Order R5TLYSVIVW74: Error in connecting to queue db, trying again..
13:02:07.644 [Thread-1103] ERROR com.iluwatar.commander.Commander - Order R5TLYSVIVW74: Unable to enqueue task of type EMPLOYEE_DB, trying to add to employee handle..
13:02:07.644 [Thread-1106] WARN com.iluwatar.commander.Commander - Order R5TLYSVIVW74: Error in connecting to employee handle, trying again..
13:02:07.644 [Thread-1092] WARN com.iluwatar.commander.Commander - Order AVJ82E6ZM89I: Error in adding to employee db, trying to queue task..
13:02:07.644 [Thread-1095] WARN com.iluwatar.commander.Commander - Order AVJ82E6ZM89I: Error in connecting to queue db, trying again..
13:02:07.644 [Thread-1091] WARN com.iluwatar.commander.Commander - Order AVJ82E6ZM89I: Error in adding to employee db, trying to queue task..
13:02:07.644 [Thread-1095] ERROR com.iluwatar.commander.Commander - Order AVJ82E6ZM89I: Unable to enqueue task of type EMPLOYEE_DB, trying to add to employee handle..
13:02:07.644 [Thread-1094] WARN com.iluwatar.commander.Commander - Order AVJ82E6ZM89I: Error in connecting to queue db, trying again..
13:02:07.645 [Thread-1094] ERROR com.iluwatar.commander.Commander - Order AVJ82E6ZM89I: Unable to enqueue task of type EMPLOYEE_DB, trying to add to employee handle..
13:02:07.645 [Thread-1093] WARN com.iluwatar.commander.Commander - Order R5TLYSVIVW74: Error in connecting to queue db, trying again..
13:02:07.645 [Thread-1093] ERROR com.iluwatar.commander.Commander - Order R5TLYSVIVW74: Unable to enqueue task of type EMPLOYEE_DB, trying to add to employee handle..
13:02:07.645 [Thread-1055] WARN com.iluwatar.commander.Commander - Order R5TLYSVIVW74: Error in adding to employee db, trying to queue task..
13:02:07.645 [Thread-1110] WARN com.iluwatar.commander.Commander - Order R5TLYSVIVW74: Error in connecting to employee handle, trying again..
13:02:07.645 [Thread-1058] WARN com.iluwatar.commander.Commander - Order AG6XVVNU4Z80: Error in adding to employee db, trying to queue task..
13:02:07.645 [Thread-1090] WARN com.iluwatar.commander.Commander - Order AG6XVVNU4Z80: Error in connecting to queue db, trying again..
13:02:07.645 [Thread-1090] ERROR com.iluwatar.commander.Commander - Order AG6XVVNU4Z80: Unable to enqueue task of type EMPLOYEE_DB, trying to add to employee handle..
13:02:07.645 [Thread-1059] WARN com.iluwatar.commander.Commander - Order SCDE2DQ1BKYI: Error in adding to employee db, trying to queue task..
13:02:07.645 [Thread-1088] WARN com.iluwatar.commander.Commander - Order SCDE2DQ1BKYI: Error in connecting to queue db, trying again..
13:02:07.645 [Thread-1088] ERROR com.iluwatar.commander.Commander - Order SCDE2DQ1BKYI: Unable to enqueue task of type EMPLOYEE_DB, trying to add to employee handle..
13:02:07.645 [Thread-1084] WARN com.iluwatar.commander.Commander - Order SCDE2DQ1BKYI: Error in adding to employee db, trying to queue task..
13:02:07.645 [Thread-1086] WARN com.iluwatar.commander.Commander - Order SCDE2DQ1BKYI: Error in connecting to queue db, trying again..
13:02:07.645 [Thread-1086] ERROR com.iluwatar.commander.Commander - Order SCDE2DQ1BKYI: Unable to enqueue task of type EMPLOYEE_DB, trying to add to employee handle..
13:02:07.645 [Thread-1083] WARN com.iluwatar.commander.Commander - Order KBX1X3ANTL5G: Error in connecting to employee handle, trying again..
13:02:07.645 [Thread-1083] WARN com.iluwatar.commander.Commander - Order KBX1X3ANTL5G: Error in adding to employee db, trying to queue task..
13:02:07.645 [Thread-1117] WARN com.iluwatar.commander.Commander - Order KBX1X3ANTL5G: Error in connecting to queue db, trying again..
13:02:07.645 [Thread-1117] ERROR com.iluwatar.commander.Commander - Order KBX1X3ANTL5G: Unable to enqueue task of type EMPLOYEE_DB, trying to add to employee handle..
13:02:07.645 [Thread-1081] WARN com.iluwatar.commander.Commander - Order KBX1X3ANTL5G: Error in adding to employee db, trying to queue task..
13:02:07.645 [Thread-1082] WARN com.iluwatar.commander.Commander - Order KBX1X3ANTL5G: Error in connecting to queue db, trying again..
13:02:07.645 [Thread-1082] ERROR com.iluwatar.commander.Commander - Order KBX1X3ANTL5G: Unable to enqueue task of type EMPLOYEE_DB, trying to add to employee handle..
13:02:07.645 [Thread-1080] INFO com.iluwatar.commander.Commander - Order QS9G3KCYRSKK: Added order to employee database
13:02:07.645 [Thread-1079] WARN com.iluwatar.commander.Commander - Order AG6XVVNU4Z80: Error in connecting to employee handle, trying again..
13:02:07.645 [Thread-1071] WARN com.iluwatar.commander.Commander - Order WQNFKXO5DIP2: Error in adding to employee db, trying to queue task..
13:02:07.645 [Thread-1078] WARN com.iluwatar.commander.Commander - Order WQNFKXO5DIP2: Error in connecting to queue db, trying again..
13:02:07.645 [Thread-1078] ERROR com.iluwatar.commander.Commander - Order WQNFKXO5DIP2: Unable to enqueue task of type EMPLOYEE_DB, trying to add to employee handle..
13:02:07.645 [Thread-1121] WARN com.iluwatar.commander.Commander - Order WQNFKXO5DIP2: Error in connecting to employee handle, trying again..
13:02:07.645 [Thread-1074] WARN com.iluwatar.commander.Commander - Order WQNFKXO5DIP2: Error in adding to employee db, trying to queue task..
13:02:07.645 [Thread-1077] WARN com.iluwatar.commander.Commander - Order WQNFKXO5DIP2: Error in connecting to queue db, trying again..
13:02:07.645 [Thread-1077] ERROR com.iluwatar.commander.Commander - Order WQNFKXO5DIP2: Unable to enqueue task of type EMPLOYEE_DB, trying to add to employee handle..
13:02:07.645 [Thread-1121] WARN com.iluwatar.commander.Commander - Order WQNFKXO5DIP2: Error in adding to employee db, trying to queue task..
13:02:07.645 [main] INFO com.iluwatar.commander.Commander - Order DWE2QYFJFHTL: Shipping placed successfully, transaction id: 7MZYQ4OIXDCR
13:02:07.645 [main] INFO com.iluwatar.commander.Commander - Order has been placed and will be shipped to you. Please wait while we make your payment... 
13:02:07.645 [Thread-1122] WARN com.iluwatar.commander.Commander - Order WQNFKXO5DIP2: Error in connecting to queue db, trying again..
13:02:07.645 [Thread-1122] ERROR com.iluwatar.commander.Commander - Order WQNFKXO5DIP2: Unable to enqueue task of type EMPLOYEE_DB, trying to add to employee handle..
13:02:07.645 [Thread-1123] WARN com.iluwatar.commander.Commander - Order WQNFKXO5DIP2: Error in connecting to employee handle, trying again..
13:02:07.645 [Thread-1125] WARN com.iluwatar.commander.Commander - Order WQNFKXO5DIP2: Error in connecting to employee handle, trying again..
13:02:07.645 [Thread-1079] WARN com.iluwatar.commander.Commander - Order AG6XVVNU4Z80: Error in adding to employee db, trying to queue task..
13:02:07.645 [Thread-1120] WARN com.iluwatar.commander.Commander - Order AG6XVVNU4Z80: Error in connecting to queue db, trying again..
13:02:07.645 [Thread-1120] ERROR com.iluwatar.commander.Commander - Order AG6XVVNU4Z80: Unable to enqueue task of type EMPLOYEE_DB, trying to add to employee handle..
13:02:07.645 [Thread-1125] WARN com.iluwatar.commander.Commander - Order WQNFKXO5DIP2: Error in adding to employee db, trying to queue task..
13:02:07.645 [Thread-1127] WARN com.iluwatar.commander.Commander - Order WQNFKXO5DIP2: Error in connecting to queue db, trying again..
13:02:07.645 [Thread-1127] ERROR com.iluwatar.commander.Commander - Order WQNFKXO5DIP2: Unable to enqueue task of type EMPLOYEE_DB, trying to add to employee handle..
13:02:07.646 [Thread-1128] WARN com.iluwatar.commander.Commander - Order AG6XVVNU4Z80: Error in connecting to employee handle, trying again..
13:02:07.646 [Thread-1119] WARN com.iluwatar.commander.Commander - Order KBX1X3ANTL5G: Error in connecting to employee handle, trying again..
13:02:07.646 [Thread-1128] WARN com.iluwatar.commander.Commander - Order AG6XVVNU4Z80: Error in adding to employee db, trying to queue task..
13:02:07.646 [Thread-1130] INFO com.iluwatar.commander.Commander - Order AG6XVVNU4Z80: EMPLOYEE_DB task enqueued..
13:02:07.646 [Thread-1118] WARN com.iluwatar.commander.Commander - Order KBX1X3ANTL5G: Error in connecting to employee handle, trying again..
13:02:07.646 [Thread-1116] WARN com.iluwatar.commander.Commander - Order SCDE2DQ1BKYI: Error in connecting to employee handle, trying again..
13:02:07.646 [Thread-1115] WARN com.iluwatar.commander.Commander - Order SCDE2DQ1BKYI: Error in connecting to employee handle, trying again..
13:02:07.646 [Thread-1116] WARN com.iluwatar.commander.Commander - Order SCDE2DQ1BKYI: Error in adding to employee db, trying to queue task..
13:02:07.646 [Thread-1135] WARN com.iluwatar.commander.Commander - Order SCDE2DQ1BKYI: Error in connecting to queue db, trying again..
13:02:07.646 [Thread-1115] WARN com.iluwatar.commander.Commander - Order SCDE2DQ1BKYI: Error in adding to employee db, trying to queue task..
13:02:07.646 [Thread-1135] ERROR com.iluwatar.commander.Commander - Order SCDE2DQ1BKYI: Unable to enqueue task of type EMPLOYEE_DB, trying to add to employee handle..
13:02:07.646 [Thread-1136] WARN com.iluwatar.commander.Commander - Order SCDE2DQ1BKYI: Error in connecting to queue db, trying again..
13:02:07.646 [Thread-1136] ERROR com.iluwatar.commander.Commander - Order SCDE2DQ1BKYI: Unable to enqueue task of type EMPLOYEE_DB, trying to add to employee handle..
13:02:07.646 [Thread-1137] WARN com.iluwatar.commander.Commander - Order SCDE2DQ1BKYI: Error in connecting to employee handle, trying again..
13:02:07.646 [Thread-1137] WARN com.iluwatar.commander.Commander - Order SCDE2DQ1BKYI: Error in adding to employee db, trying to queue task..
13:02:07.646 [Thread-1139] INFO com.iluwatar.commander.Commander - Order SCDE2DQ1BKYI: EMPLOYEE_DB task enqueued..
13:02:07.646 [Thread-1112] INFO com.iluwatar.commander.Commander - Order AG6XVVNU4Z80: Added order to employee database
13:02:07.646 [Thread-1110] WARN com.iluwatar.commander.Commander - Order R5TLYSVIVW74: Error in adding to employee db, trying to queue task..
13:02:07.646 [Thread-1111] WARN com.iluwatar.commander.Commander - Order R5TLYSVIVW74: Error in connecting to queue db, trying again..
13:02:07.646 [Thread-1111] ERROR com.iluwatar.commander.Commander - Order R5TLYSVIVW74: Unable to enqueue task of type EMPLOYEE_DB, trying to add to employee handle..
13:02:07.646 [Thread-1109] WARN com.iluwatar.commander.Commander - Order AVJ82E6ZM89I: Error in connecting to employee handle, trying again..
13:02:07.646 [Thread-1108] WARN com.iluwatar.commander.Commander - Order AVJ82E6ZM89I: Error in connecting to employee handle, trying again..
13:02:07.646 [Thread-1109] WARN com.iluwatar.commander.Commander - Order AVJ82E6ZM89I: Error in adding to employee db, trying to queue task..
13:02:07.646 [Thread-1143] WARN com.iluwatar.commander.Commander - Order AVJ82E6ZM89I: Error in connecting to queue db, trying again..
13:02:07.646 [Thread-1108] WARN com.iluwatar.commander.Commander - Order AVJ82E6ZM89I: Error in adding to employee db, trying to queue task..
13:02:07.646 [Thread-1143] ERROR com.iluwatar.commander.Commander - Order AVJ82E6ZM89I: Unable to enqueue task of type EMPLOYEE_DB, trying to add to employee handle..
13:02:07.646 [Thread-1144] INFO com.iluwatar.commander.Commander - Order AVJ82E6ZM89I: EMPLOYEE_DB task enqueued..
13:02:07.646 [Thread-1106] WARN com.iluwatar.commander.Commander - Order R5TLYSVIVW74: Error in adding to employee db, trying to queue task..
13:02:07.646 [Thread-1107] INFO com.iluwatar.commander.Commander - Order R5TLYSVIVW74: EMPLOYEE_DB task enqueued..
13:02:07.646 [Thread-1100] WARN com.iluwatar.commander.Commander - Order V6QMH7VKEK9A: Error in adding to employee db, trying to queue task..
13:02:07.646 [Thread-1102] INFO com.iluwatar.commander.Commander - Order V6QMH7VKEK9A: EMPLOYEE_DB task enqueued..
13:02:07.646 [Thread-1145] INFO com.iluwatar.commander.Commander - Order AVJ82E6ZM89I: Added order to employee database
13:02:07.647 [Thread-1142] INFO com.iluwatar.commander.Commander - Order R5TLYSVIVW74: Added order to employee database
13:02:07.647 [Thread-1138] INFO com.iluwatar.commander.Commander - Order SCDE2DQ1BKYI: Added order to employee database
13:02:07.647 [Thread-1118] WARN com.iluwatar.commander.Commander - Order KBX1X3ANTL5G: Error in adding to employee db, trying to queue task..
13:02:07.647 [Thread-1133] WARN com.iluwatar.commander.Commander - Order KBX1X3ANTL5G: Error in connecting to queue db, trying again..
13:02:07.647 [Thread-1133] ERROR com.iluwatar.commander.Commander - Order KBX1X3ANTL5G: Unable to enqueue task of type EMPLOYEE_DB, trying to add to employee handle..
13:02:07.647 [Thread-1119] WARN com.iluwatar.commander.Commander - Order KBX1X3ANTL5G: Error in adding to employee db, trying to queue task..
13:02:07.647 [Thread-1131] INFO com.iluwatar.commander.Commander - Order KBX1X3ANTL5G: EMPLOYEE_DB task enqueued..
13:02:07.647 [Thread-1129] INFO com.iluwatar.commander.Commander - Order WQNFKXO5DIP2: Added order to employee database
13:02:07.647 [Thread-1123] WARN com.iluwatar.commander.Commander - Order WQNFKXO5DIP2: Error in adding to employee db, trying to queue task..
13:02:07.647 [Thread-1126] INFO com.iluwatar.commander.Commander - Order WQNFKXO5DIP2: EMPLOYEE_DB task enqueued..
13:02:07.647 [main] INFO com.iluwatar.commander.Commander - Order DWE2QYFJFHTL: Shipping placed successfully, transaction id: 23A5H172UDFZ
13:02:07.647 [main] INFO com.iluwatar.commander.Commander - Order has been placed and will be shipped to you. Please wait while we make your payment... 
13:02:07.647 [main] INFO com.iluwatar.commander.Commander - Order AP53ZGCZJJ2R: Shipping placed successfully, transaction id: CBZS9CPXAVN6
13:02:07.647 [main] INFO com.iluwatar.commander.Commander - Order has been placed and will be shipped to you. Please wait while we make your payment... 
13:02:07.647 [Thread-1158] INFO com.iluwatar.commander.Commander - Order KBX1X3ANTL5G: Added order to employee database
13:02:07.647 [main] INFO com.iluwatar.commander.Commander - Order AP53ZGCZJJ2R: Shipping placed successfully, transaction id: 7EANUTP5BPAQ
13:02:07.647 [main] INFO com.iluwatar.commander.Commander - Order has been placed and will be shipped to you. Please wait while we make your payment... 
13:02:07.648 [main] INFO com.iluwatar.commander.Commander - Order AP53ZGCZJJ2R: Shipping placed successfully, transaction id: PHT4NUFAVMO4
13:02:07.648 [main] INFO com.iluwatar.commander.Commander - Order has been placed and will be shipped to you. Please wait while we make your payment... 
13:02:07.648 [Thread-1164] INFO com.iluwatar.commander.Commander - Order AP53ZGCZJJ2R: Payment successful, transaction Id: SCXUVAZ1MYFS
13:02:07.648 [Thread-1164] INFO com.iluwatar.commander.Commander - Payment made successfully, thank you for shopping with us!!
13:02:07.648 [Thread-1169] INFO com.iluwatar.commander.messagingservice.MessagingService - Msg: Your order has been placed and paid for successfully! Thank you for shopping with us!
13:02:07.648 [Thread-1169] INFO com.iluwatar.commander.Commander - Order AP53ZGCZJJ2R: Payment Success message sent, request Id: JKCIXY19RXFE
13:02:07.648 [main] INFO com.iluwatar.commander.Commander - Order AP53ZGCZJJ2R: Shipping placed successfully, transaction id: CINGQ21UUCM1
13:02:07.648 [main] INFO com.iluwatar.commander.Commander - Order has been placed and will be shipped to you. Please wait while we make your payment... 
13:02:07.648 [main] INFO com.iluwatar.commander.Commander - Order ZTRX5R1VPW2Q: Shipping placed successfully, transaction id: TGKC4UW0TAEW
13:02:07.648 [main] INFO com.iluwatar.commander.Commander - Order has been placed and will be shipped to you. Please wait while we make your payment... 
13:02:07.648 [main] INFO com.iluwatar.commander.Commander - Order ZTRX5R1VPW2Q: Shipping placed successfully, transaction id: OPV5JTQIBG8I
13:02:07.648 [main] INFO com.iluwatar.commander.Commander - Order has been placed and will be shipped to you. Please wait while we make your payment... 
13:02:07.648 [Thread-1172] INFO com.iluwatar.commander.Commander - Order ZTRX5R1VPW2Q: Payment successful, transaction Id: OCQMZEOBPCNB
13:02:07.648 [Thread-1172] INFO com.iluwatar.commander.Commander - Payment made successfully, thank you for shopping with us!!
13:02:07.648 [main] INFO com.iluwatar.commander.Commander - Order ZTRX5R1VPW2Q: Shipping placed successfully, transaction id: LNHV1CAM6ZK7
13:02:07.648 [main] INFO com.iluwatar.commander.Commander - Order has been placed and will be shipped to you. Please wait while we make your payment... 
13:02:07.648 [Thread-1174] INFO com.iluwatar.commander.messagingservice.MessagingService - Msg: Your order has been placed and paid for successfully! Thank you for shopping with us!
13:02:07.648 [Thread-1174] INFO com.iluwatar.commander.Commander - Order ZTRX5R1VPW2Q: Payment Success message sent, request Id: SP8KEALMAQZM
13:02:07.648 [main] INFO com.iluwatar.commander.Commander - Order ZTRX5R1VPW2Q: Shipping placed successfully, transaction id: JI5C6VD8AHUB
13:02:07.648 [main] INFO com.iluwatar.commander.Commander - Order has been placed and will be shipped to you. Please wait while we make your payment... 
13:02:07.648 [main] INFO com.iluwatar.commander.Commander - Order J346P2M5G0L9: Shipping placed successfully, transaction id: I4FKPC39L1XV
13:02:07.648 [main] INFO com.iluwatar.commander.Commander - Order has been placed and will be shipped to you. Please wait while we make your payment... 
13:02:07.648 [main] INFO com.iluwatar.commander.Commander - Order J346P2M5G0L9: Shipping placed successfully, transaction id: D7Z00ODU208G
13:02:07.648 [main] INFO com.iluwatar.commander.Commander - Order has been placed and will be shipped to you. Please wait while we make your payment... 
13:02:07.648 [Thread-1177] INFO com.iluwatar.commander.Commander - Order J346P2M5G0L9: Payment successful, transaction Id: FCDS09S1S7OL
13:02:07.648 [Thread-1177] INFO com.iluwatar.commander.Commander - Payment made successfully, thank you for shopping with us!!
13:02:07.648 [main] INFO com.iluwatar.commander.Commander - Order J346P2M5G0L9: Shipping placed successfully, transaction id: 2FLG9RRVPAR9
13:02:07.648 [main] INFO com.iluwatar.commander.Commander - Order has been placed and will be shipped to you. Please wait while we make your payment... 
13:02:07.648 [Thread-1179] INFO com.iluwatar.commander.messagingservice.MessagingService - Msg: Your order has been placed and paid for successfully! Thank you for shopping with us!
13:02:07.648 [Thread-1179] INFO com.iluwatar.commander.Commander - Order J346P2M5G0L9: Payment Success message sent, request Id: WA04VMWN4S8D
13:02:07.648 [main] INFO com.iluwatar.commander.Commander - Order J346P2M5G0L9: Shipping placed successfully, transaction id: W55QWGXGNM03
13:02:07.648 [main] INFO com.iluwatar.commander.Commander - Order has been placed and will be shipped to you. Please wait while we make your payment... 
13:02:07.648 [main] INFO com.iluwatar.commander.Commander - Order WXM7T2RWE50J: Shipping placed successfully, transaction id: 8DUX6WED8MJK
13:02:07.648 [main] INFO com.iluwatar.commander.Commander - Order has been placed and will be shipped to you. Please wait while we make your payment... 
13:02:07.648 [main] INFO com.iluwatar.commander.Commander - Order WXM7T2RWE50J: Shipping placed successfully, transaction id: 3PTQYVSZ4NS0
13:02:07.648 [main] INFO com.iluwatar.commander.Commander - Order has been placed and will be shipped to you. Please wait while we make your payment... 
13:02:07.648 [Thread-1182] INFO com.iluwatar.commander.Commander - Order WXM7T2RWE50J: Payment successful, transaction Id: KVUGHEVGX2I4
13:02:07.648 [Thread-1182] INFO com.iluwatar.commander.Commander - Payment made successfully, thank you for shopping with us!!
13:02:07.648 [main] INFO com.iluwatar.commander.Commander - Order WXM7T2RWE50J: Shipping placed successfully, transaction id: P18VN98XWZI1
13:02:07.648 [main] INFO com.iluwatar.commander.Commander - Order has been placed and will be shipped to you. Please wait while we make your payment... 
13:02:07.648 [main] INFO com.iluwatar.commander.Commander - Order WXM7T2RWE50J: Shipping placed successfully, transaction id: NE79UFMOKI1D
13:02:07.648 [main] INFO com.iluwatar.commander.Commander - Order has been placed and will be shipped to you. Please wait while we make your payment... 
13:02:07.648 [Thread-1184] INFO com.iluwatar.commander.messagingservice.MessagingService - Msg: Your order has been placed and paid for successfully! Thank you for shopping with us!
13:02:07.648 [Thread-1184] INFO com.iluwatar.commander.Commander - Order WXM7T2RWE50J: Payment Success message sent, request Id: 4ZPWZNSYE9U7
13:02:07.648 [main] INFO com.iluwatar.commander.Commander - Order QVPTDZ5UUO1N: Shipping placed successfully, transaction id: 0ORD0PBC2KLS
13:02:07.648 [main] INFO com.iluwatar.commander.Commander - Order has been placed and will be shipped to you. Please wait while we make your payment... 
13:02:07.648 [main] INFO com.iluwatar.commander.Commander - Order QVPTDZ5UUO1N: Shipping placed successfully, transaction id: SVTZ0R4NIJUF
13:02:07.648 [main] INFO com.iluwatar.commander.Commander - Order has been placed and will be shipped to you. Please wait while we make your payment... 
13:02:07.648 [Thread-1187] INFO com.iluwatar.commander.Commander - Order QVPTDZ5UUO1N: Payment successful, transaction Id: 5SXHLBURLVIM
13:02:07.648 [Thread-1187] INFO com.iluwatar.commander.Commander - Payment made successfully, thank you for shopping with us!!
13:02:07.648 [main] INFO com.iluwatar.commander.Commander - Order QVPTDZ5UUO1N: Shipping placed successfully, transaction id: RLV6UKCYN3KG
13:02:07.648 [main] INFO com.iluwatar.commander.Commander - Order has been placed and will be shipped to you. Please wait while we make your payment... 
13:02:07.648 [Thread-1189] INFO com.iluwatar.commander.messagingservice.MessagingService - Msg: Your order has been placed and paid for successfully! Thank you for shopping with us!
13:02:07.648 [Thread-1189] INFO com.iluwatar.commander.Commander - Order QVPTDZ5UUO1N: Payment Success message sent, request Id: 6YA1P3DIB2DV
13:02:07.648 [main] INFO com.iluwatar.commander.Commander - Order QVPTDZ5UUO1N: Shipping placed successfully, transaction id: SJUOOKXLJS47
13:02:07.648 [main] INFO com.iluwatar.commander.Commander - Order has been placed and will be shipped to you. Please wait while we make your payment... 
13:02:07.649 [main] INFO com.iluwatar.commander.Commander - Order 1M3ILJ25WOG2: Shipping placed successfully, transaction id: 3ZSPBK7QQGJP
13:02:07.649 [main] INFO com.iluwatar.commander.Commander - Order has been placed and will be shipped to you. Please wait while we make your payment... 
13:02:07.649 [main] INFO com.iluwatar.commander.Commander - Order 1M3ILJ25WOG2: Shipping placed successfully, transaction id: 6VUGRUUMRAKB
13:02:07.649 [main] INFO com.iluwatar.commander.Commander - Order has been placed and will be shipped to you. Please wait while we make your payment... 
13:02:07.649 [Thread-1192] INFO com.iluwatar.commander.Commander - Order 1M3ILJ25WOG2: Payment successful, transaction Id: GIB9R59HI14B
13:02:07.649 [Thread-1192] INFO com.iluwatar.commander.Commander - Payment made successfully, thank you for shopping with us!!
13:02:07.649 [main] INFO com.iluwatar.commander.Commander - Order 1M3ILJ25WOG2: Shipping placed successfully, transaction id: DQ6WFI103D3R
13:02:07.649 [main] INFO com.iluwatar.commander.Commander - Order has been placed and will be shipped to you. Please wait while we make your payment... 
13:02:07.649 [Thread-1194] INFO com.iluwatar.commander.messagingservice.MessagingService - Msg: Your order has been placed and paid for successfully! Thank you for shopping with us!
13:02:07.649 [Thread-1194] INFO com.iluwatar.commander.Commander - Order 1M3ILJ25WOG2: Payment Success message sent, request Id: 44P0IQZ09E4M
13:02:07.649 [main] INFO com.iluwatar.commander.Commander - Order 1M3ILJ25WOG2: Shipping placed successfully, transaction id: ZC6MRS7BKL3V
13:02:07.649 [main] INFO com.iluwatar.commander.Commander - Order has been placed and will be shipped to you. Please wait while we make your payment... 
13:02:07.649 [main] INFO com.iluwatar.commander.Commander - Order KTPBAZZDML6O: Shipping placed successfully, transaction id: 3GDKCFFO59X5
13:02:07.649 [main] INFO com.iluwatar.commander.Commander - Order has been placed and will be shipped to you. Please wait while we make your payment... 
13:02:07.649 [main] INFO com.iluwatar.commander.Commander - Order KTPBAZZDML6O: Shipping placed successfully, transaction id: 7FLTR0HGAEZV
13:02:07.649 [main] INFO com.iluwatar.commander.Commander - Order has been placed and will be shipped to you. Please wait while we make your payment... 
13:02:07.649 [Thread-1197] INFO com.iluwatar.commander.Commander - Order KTPBAZZDML6O: Payment successful, transaction Id: X5A12VP4IRO4
13:02:07.649 [Thread-1197] INFO com.iluwatar.commander.Commander - Payment made successfully, thank you for shopping with us!!
13:02:07.649 [main] INFO com.iluwatar.commander.Commander - Order KTPBAZZDML6O: Shipping placed successfully, transaction id: SLMOCEIO92N1
13:02:07.649 [main] INFO com.iluwatar.commander.Commander - Order has been placed and will be shipped to you. Please wait while we make your payment... 
13:02:07.649 [Thread-1199] INFO com.iluwatar.commander.messagingservice.MessagingService - Msg: Your order has been placed and paid for successfully! Thank you for shopping with us!
13:02:07.649 [Thread-1199] INFO com.iluwatar.commander.Commander - Order KTPBAZZDML6O: Payment Success message sent, request Id: 4RZGIUFPJDWP
13:02:07.649 [main] INFO com.iluwatar.commander.Commander - Order KTPBAZZDML6O: Shipping placed successfully, transaction id: Z6NQ56NISZWE
13:02:07.649 [main] INFO com.iluwatar.commander.Commander - Order has been placed and will be shipped to you. Please wait while we make your payment... 
13:02:07.649 [main] INFO com.iluwatar.commander.Commander - Order 70D8KMKMIG94: Shipping placed successfully, transaction id: R0MULK63MFAC
13:02:07.649 [main] INFO com.iluwatar.commander.Commander - Order has been placed and will be shipped to you. Please wait while we make your payment... 
13:02:07.649 [main] ERROR com.iluwatar.commander.Commander - Order 70D8KMKMIG94: Payment time for order over, failed and returning..
13:02:07.649 [main] INFO com.iluwatar.commander.Commander - Order 70D8KMKMIG94: Shipping placed successfully, transaction id: B0TZ11XI9AQW
13:02:07.649 [main] INFO com.iluwatar.commander.Commander - Order has been placed and will be shipped to you. Please wait while we make your payment... 
13:02:07.649 [main] INFO com.iluwatar.commander.Commander - Order 70D8KMKMIG94: Shipping placed successfully, transaction id: 18YK0X84QUGM
13:02:07.649 [main] INFO com.iluwatar.commander.Commander - Order has been placed and will be shipped to you. Please wait while we make your payment... 
13:02:07.649 [Thread-1202] INFO com.iluwatar.commander.messagingservice.MessagingService - Msg: There was an error in your payment process. Your order is placed and has been converted to COD. Please reach us on CUSTOMER-CARE-NUBER in case of any queries. Thank you for shopping with us!
13:02:07.649 [main] INFO com.iluwatar.commander.Commander - Order 70D8KMKMIG94: Shipping placed successfully, transaction id: TXR3BFIPURVY
13:02:07.649 [main] INFO com.iluwatar.commander.Commander - Order has been placed and will be shipped to you. Please wait while we make your payment... 
13:02:07.649 [Thread-1202] INFO com.iluwatar.commander.Commander - Order 70D8KMKMIG94: Payment Failure message sent successfully, request Id: 5ZRT1WUM5190
13:02:07.649 [main] INFO com.iluwatar.commander.Commander - Order LI9UVGMV36YG: Shipping placed successfully, transaction id: PLYCDN9D6MFC
13:02:07.649 [main] INFO com.iluwatar.commander.Commander - Order has been placed and will be shipped to you. Please wait while we make your payment... 
13:02:07.649 [main] ERROR com.iluwatar.commander.Commander - Order LI9UVGMV36YG: Payment time for order over, failed and returning..
13:02:07.649 [main] INFO com.iluwatar.commander.Commander - Order LI9UVGMV36YG: Shipping placed successfully, transaction id: 1M6YKBYB9350
13:02:07.649 [main] INFO com.iluwatar.commander.Commander - Order has been placed and will be shipped to you. Please wait while we make your payment... 
13:02:07.649 [main] INFO com.iluwatar.commander.Commander - Order LI9UVGMV36YG: Shipping placed successfully, transaction id: OOBEJAD1YG2Q
13:02:07.649 [Thread-1203] INFO com.iluwatar.commander.messagingservice.MessagingService - Msg: There was an error in your payment process. Your order is placed and has been converted to COD. Please reach us on CUSTOMER-CARE-NUBER in case of any queries. Thank you for shopping with us!
13:02:07.649 [main] INFO com.iluwatar.commander.Commander - Order has been placed and will be shipped to you. Please wait while we make your payment... 
13:02:07.649 [Thread-1203] INFO com.iluwatar.commander.Commander - Order LI9UVGMV36YG: Payment Failure message sent successfully, request Id: NA4V35K51NDY
13:02:07.649 [main] INFO com.iluwatar.commander.Commander - Order LI9UVGMV36YG: Shipping placed successfully, transaction id: 7GVUWP7I2YAO
13:02:07.649 [main] INFO com.iluwatar.commander.Commander - Order has been placed and will be shipped to you. Please wait while we make your payment... 
13:02:07.649 [main] INFO com.iluwatar.commander.Commander - Order 0NM16647S3FG: Shipping placed successfully, transaction id: YWLVVE9XX9BN
13:02:07.649 [main] INFO com.iluwatar.commander.Commander - Order has been placed and will be shipped to you. Please wait while we make your payment... 
13:02:07.649 [main] ERROR com.iluwatar.commander.Commander - Order 0NM16647S3FG: Payment time for order over, failed and returning..
13:02:07.649 [main] INFO com.iluwatar.commander.Commander - Order 0NM16647S3FG: Shipping placed successfully, transaction id: N30VMH7QOED9
13:02:07.649 [main] INFO com.iluwatar.commander.Commander - Order has been placed and will be shipped to you. Please wait while we make your payment... 
13:02:07.649 [Thread-1204] INFO com.iluwatar.commander.messagingservice.MessagingService - Msg: There was an error in your payment process. Your order is placed and has been converted to COD. Please reach us on CUSTOMER-CARE-NUBER in case of any queries. Thank you for shopping with us!
13:02:07.649 [main] INFO com.iluwatar.commander.Commander - Order 0NM16647S3FG: Shipping placed successfully, transaction id: 24C0VVFXT6ZG
13:02:07.649 [main] INFO com.iluwatar.commander.Commander - Order has been placed and will be shipped to you. Please wait while we make your payment... 
13:02:07.649 [Thread-1204] INFO com.iluwatar.commander.Commander - Order 0NM16647S3FG: Payment Failure message sent successfully, request Id: NVDCYJDTGS5H
13:02:07.649 [main] INFO com.iluwatar.commander.Commander - Order 0NM16647S3FG: Shipping placed successfully, transaction id: IIY4SLDI5FU8
13:02:07.649 [main] INFO com.iluwatar.commander.Commander - Order has been placed and will be shipped to you. Please wait while we make your payment... 
13:02:07.649 [main] INFO com.iluwatar.commander.Commander - Order E6QTOEYHTFS9: Shipping placed successfully, transaction id: ZPU15XZO3VBF
13:02:07.649 [main] INFO com.iluwatar.commander.Commander - Order has been placed and will be shipped to you. Please wait while we make your payment... 
13:02:07.649 [main] ERROR com.iluwatar.commander.Commander - Order E6QTOEYHTFS9: Payment time for order over, failed and returning..
13:02:07.649 [main] INFO com.iluwatar.commander.Commander - Order E6QTOEYHTFS9: Shipping placed successfully, transaction id: YXECJFJBC8MQ
13:02:07.649 [main] INFO com.iluwatar.commander.Commander - Order has been placed and will be shipped to you. Please wait while we make your payment... 
13:02:07.649 [Thread-1205] INFO com.iluwatar.commander.messagingservice.MessagingService - Msg: There was an error in your payment process. Your order is placed and has been converted to COD. Please reach us on CUSTOMER-CARE-NUBER in case of any queries. Thank you for shopping with us!
13:02:07.649 [main] INFO com.iluwatar.commander.Commander - Order E6QTOEYHTFS9: Shipping placed successfully, transaction id: LZEE9ZXNHAEN
13:02:07.649 [main] INFO com.iluwatar.commander.Commander - Order has been placed and will be shipped to you. Please wait while we make your payment... 
13:02:07.649 [Thread-1205] INFO com.iluwatar.commander.Commander - Order E6QTOEYHTFS9: Payment Failure message sent successfully, request Id: 9KCG94DKLHW0
13:02:07.649 [main] INFO com.iluwatar.commander.Commander - Order E6QTOEYHTFS9: Shipping placed successfully, transaction id: UTL31PW2VYCA
13:02:07.649 [main] INFO com.iluwatar.commander.Commander - Order has been placed and will be shipped to you. Please wait while we make your payment... 
13:02:07.649 [main] INFO com.iluwatar.commander.Commander - Order SB62NQ02IEED: Shipping placed successfully, transaction id: IKYFY4VYB0ZX
13:02:07.649 [main] INFO com.iluwatar.commander.Commander - Order has been placed and will be shipped to you. Please wait while we make your payment... 
13:02:07.649 [main] ERROR com.iluwatar.commander.Commander - Order SB62NQ02IEED: Payment time for order over, failed and returning..
13:02:07.649 [main] INFO com.iluwatar.commander.Commander - Order SB62NQ02IEED: Shipping placed successfully, transaction id: 94GIDFY37GLM
13:02:07.649 [main] INFO com.iluwatar.commander.Commander - Order has been placed and will be shipped to you. Please wait while we make your payment... 
13:02:07.649 [Thread-1206] INFO com.iluwatar.commander.messagingservice.MessagingService - Msg: There was an error in your payment process. Your order is placed and has been converted to COD. Please reach us on CUSTOMER-CARE-NUBER in case of any queries. Thank you for shopping with us!
13:02:07.649 [main] INFO com.iluwatar.commander.Commander - Order SB62NQ02IEED: Shipping placed successfully, transaction id: UDJG2KXUV1WI
13:02:07.649 [main] INFO com.iluwatar.commander.Commander - Order has been placed and will be shipped to you. Please wait while we make your payment... 
13:02:07.649 [Thread-1206] INFO com.iluwatar.commander.Commander - Order SB62NQ02IEED: Payment Failure message sent successfully, request Id: E429M8ETX3GQ
13:02:07.649 [main] INFO com.iluwatar.commander.Commander - Order SB62NQ02IEED: Shipping placed successfully, transaction id: USSMEQI5MV12
13:02:07.649 [main] INFO com.iluwatar.commander.Commander - Order has been placed and will be shipped to you. Please wait while we make your payment... 
13:02:07.649 [main] INFO com.iluwatar.commander.Commander - Order XUWPNE5RULA9: Shipping placed successfully, transaction id: PQG96RMSH6FC
13:02:07.649 [main] INFO com.iluwatar.commander.Commander - Order has been placed and will be shipped to you. Please wait while we make your payment... 
13:02:07.649 [main] ERROR com.iluwatar.commander.Commander - Order XUWPNE5RULA9: Payment time for order over, failed and returning..
13:02:07.649 [main] INFO com.iluwatar.commander.Commander - Order XUWPNE5RULA9: Shipping placed successfully, transaction id: BLWF709L3Q59
13:02:07.649 [main] INFO com.iluwatar.commander.Commander - Order has been placed and will be shipped to you. Please wait while we make your payment... 
13:02:07.649 [main] INFO com.iluwatar.commander.Commander - Order XUWPNE5RULA9: Shipping placed successfully, transaction id: 3EJGW8AOGXXD
13:02:07.649 [main] INFO com.iluwatar.commander.Commander - Order has been placed and will be shipped to you. Please wait while we make your payment... 
13:02:07.649 [main] INFO com.iluwatar.commander.Commander - Order XUWPNE5RULA9: Shipping placed successfully, transaction id: I5QKMRHW9UB7
13:02:07.649 [main] INFO com.iluwatar.commander.Commander - Order has been placed and will be shipped to you. Please wait while we make your payment... 
13:02:07.649 [main] INFO com.iluwatar.commander.Commander - Order JW3WSWXQZ2UO: Shipping placed successfully, transaction id: VI7SQWKPLQY3
13:02:07.649 [main] INFO com.iluwatar.commander.Commander - Order has been placed and will be shipped to you. Please wait while we make your payment... 
13:02:07.649 [Thread-1207] INFO com.iluwatar.commander.messagingservice.MessagingService - Msg: There was an error in your payment process. Your order is placed and has been converted to COD. Please reach us on CUSTOMER-CARE-NUBER in case of any queries. Thank you for shopping with us!
13:02:07.649 [Thread-1207] INFO com.iluwatar.commander.Commander - Order XUWPNE5RULA9: Payment Failure message sent successfully, request Id: CRC2EK3Q29GM
13:02:07.649 [main] ERROR com.iluwatar.commander.Commander - Order JW3WSWXQZ2UO: Payment time for order over, failed and returning..
13:02:07.649 [main] INFO com.iluwatar.commander.Commander - Order JW3WSWXQZ2UO: Shipping placed successfully, transaction id: A0MB98WEMMRQ
13:02:07.649 [main] INFO com.iluwatar.commander.Commander - Order has been placed and will be shipped to you. Please wait while we make your payment... 
13:02:07.649 [main] INFO com.iluwatar.commander.Commander - Order JW3WSWXQZ2UO: Shipping placed successfully, transaction id: AQ674OJAB2O2
13:02:07.649 [main] INFO com.iluwatar.commander.Commander - Order has been placed and will be shipped to you. Please wait while we make your payment... 
13:02:07.649 [main] INFO com.iluwatar.commander.Commander - Order JW3WSWXQZ2UO: Shipping placed successfully, transaction id: 3TOR4MZ5HK8M
13:02:07.649 [main] INFO com.iluwatar.commander.Commander - Order has been placed and will be shipped to you. Please wait while we make your payment... 
13:02:07.649 [main] INFO com.iluwatar.commander.Commander - Order JOCZXCMHNJ35: Shipping placed successfully, transaction id: 0I67VLJXU2S6
13:02:07.649 [main] INFO com.iluwatar.commander.Commander - Order has been placed and will be shipped to you. Please wait while we make your payment... 
13:02:07.650 [main] ERROR com.iluwatar.commander.Commander - Order JOCZXCMHNJ35: Payment time for order over, failed and returning..
13:02:07.650 [Thread-1208] INFO com.iluwatar.commander.messagingservice.MessagingService - Msg: There was an error in your payment process. Your order is placed and has been converted to COD. Please reach us on CUSTOMER-CARE-NUBER in case of any queries. Thank you for shopping with us!
13:02:07.650 [Thread-1209] INFO com.iluwatar.commander.messagingservice.MessagingService - Msg: There was an error in your payment process. Your order is placed and has been converted to COD. Please reach us on CUSTOMER-CARE-NUBER in case of any queries. Thank you for shopping with us!
13:02:07.650 [Thread-1209] INFO com.iluwatar.commander.Commander - Order JOCZXCMHNJ35: Payment Failure message sent successfully, request Id: 5FZKO1DS5HTW
13:02:07.650 [main] INFO com.iluwatar.commander.Commander - Order JOCZXCMHNJ35: Shipping placed successfully, transaction id: GDU5MK18G23U
13:02:07.650 [main] INFO com.iluwatar.commander.Commander - Order has been placed and will be shipped to you. Please wait while we make your payment... 
13:02:07.650 [main] INFO com.iluwatar.commander.Commander - Order JOCZXCMHNJ35: Shipping placed successfully, transaction id: O370IUOBOS90
13:02:07.650 [main] INFO com.iluwatar.commander.Commander - Order has been placed and will be shipped to you. Please wait while we make your payment... 
13:02:07.650 [main] INFO com.iluwatar.commander.Commander - Order JOCZXCMHNJ35: Shipping placed successfully, transaction id: FJ32IR46EFE5
13:02:07.650 [main] INFO com.iluwatar.commander.Commander - Order has been placed and will be shipped to you. Please wait while we make your payment... 
13:02:07.650 [Thread-1208] INFO com.iluwatar.commander.Commander - Order JW3WSWXQZ2UO: Payment Failure message sent successfully, request Id: KV4RQHQ2CBND
13:02:07.650 [main] INFO com.iluwatar.commander.Commander - Order H4JVVECEYFPN: Shipping placed successfully, transaction id: UF7L97PJENC1
13:02:07.650 [main] INFO com.iluwatar.commander.Commander - Order has been placed and will be shipped to you. Please wait while we make your payment... 
13:02:07.650 [main] ERROR com.iluwatar.commander.Commander - Order H4JVVECEYFPN: Payment time for order over, failed and returning..
13:02:07.650 [main] INFO com.iluwatar.commander.Commander - Order H4JVVECEYFPN: Shipping placed successfully, transaction id: 0AYEEGMFEQSA
13:02:07.650 [main] INFO com.iluwatar.commander.Commander - Order has been placed and will be shipped to you. Please wait while we make your payment... 
13:02:07.650 [main] INFO com.iluwatar.commander.Commander - Order H4JVVECEYFPN: Shipping placed successfully, transaction id: 44IPF57N9W4N
13:02:07.650 [main] INFO com.iluwatar.commander.Commander - Order has been placed and will be shipped to you. Please wait while we make your payment... 
13:02:07.650 [Thread-1210] INFO com.iluwatar.commander.messagingservice.MessagingService - Msg: There was an error in your payment process. Your order is placed and has been converted to COD. Please reach us on CUSTOMER-CARE-NUBER in case of any queries. Thank you for shopping with us!
13:02:07.650 [Thread-1210] INFO com.iluwatar.commander.Commander - Order H4JVVECEYFPN: Payment Failure message sent successfully, request Id: FBUCJHWI5UN0
13:02:07.650 [main] INFO com.iluwatar.commander.Commander - Order H4JVVECEYFPN: Shipping placed successfully, transaction id: YML7GHFUVQJM
13:02:07.650 [main] INFO com.iluwatar.commander.Commander - Order has been placed and will be shipped to you. Please wait while we make your payment... 
13:02:07.650 [main] INFO com.iluwatar.commander.Commander - Order 1510D8DB4KBM: Shipping placed successfully, transaction id: 2MQCRF9MKRNW
13:02:07.650 [main] INFO com.iluwatar.commander.Commander - Order has been placed and will be shipped to you. Please wait while we make your payment... 
13:02:07.650 [main] ERROR com.iluwatar.commander.Commander - Order 1510D8DB4KBM: Payment time for order over, failed and returning..
13:02:07.650 [main] INFO com.iluwatar.commander.Commander - Order 1510D8DB4KBM: Shipping placed successfully, transaction id: BU0TMS2CZLLO
13:02:07.650 [main] INFO com.iluwatar.commander.Commander - Order has been placed and will be shipped to you. Please wait while we make your payment... 
13:02:07.650 [main] INFO com.iluwatar.commander.Commander - Order 1510D8DB4KBM: Shipping placed successfully, transaction id: ICI8IDEQB8TW
13:02:07.650 [main] INFO com.iluwatar.commander.Commander - Order has been placed and will be shipped to you. Please wait while we make your payment... 
13:02:07.650 [Thread-1211] INFO com.iluwatar.commander.messagingservice.MessagingService - Msg: There was an error in your payment process. Your order is placed and has been converted to COD. Please reach us on CUSTOMER-CARE-NUBER in case of any queries. Thank you for shopping with us!
13:02:07.650 [Thread-1211] INFO com.iluwatar.commander.Commander - Order 1510D8DB4KBM: Payment Failure message sent successfully, request Id: I8CRABF6F9HW
13:02:07.650 [main] INFO com.iluwatar.commander.Commander - Order 1510D8DB4KBM: Shipping placed successfully, transaction id: DT16NYFIQNF4
13:02:07.650 [main] INFO com.iluwatar.commander.Commander - Order has been placed and will be shipped to you. Please wait while we make your payment... 
13:02:07.650 [main] INFO com.iluwatar.commander.Commander - Order B1USPTX6H2PN: Shipping placed successfully, transaction id: 7ZG5CNBT4LTT
13:02:07.650 [main] INFO com.iluwatar.commander.Commander - Order has been placed and will be shipped to you. Please wait while we make your payment... 
13:02:07.650 [main] ERROR com.iluwatar.commander.Commander - Order B1USPTX6H2PN: Payment time for order over, failed and returning..
13:02:07.650 [main] INFO com.iluwatar.commander.Commander - Order B1USPTX6H2PN: Shipping placed successfully, transaction id: 3NUGBVCLNJGP
13:02:07.650 [main] INFO com.iluwatar.commander.Commander - Order has been placed and will be shipped to you. Please wait while we make your payment... 
13:02:07.650 [main] INFO com.iluwatar.commander.Commander - Order B1USPTX6H2PN: Shipping placed successfully, transaction id: CGF9XOBNCRAX
13:02:07.650 [main] INFO com.iluwatar.commander.Commander - Order has been placed and will be shipped to you. Please wait while we make your payment... 
13:02:07.650 [main] INFO com.iluwatar.commander.Commander - Order B1USPTX6H2PN: Shipping placed successfully, transaction id: 9KPS7CF4G58Z
13:02:07.650 [main] INFO com.iluwatar.commander.Commander - Order has been placed and will be shipped to you. Please wait while we make your payment... 
13:02:07.650 [Thread-1212] INFO com.iluwatar.commander.messagingservice.MessagingService - Msg: There was an error in your payment process. Your order is placed and has been converted to COD. Please reach us on CUSTOMER-CARE-NUBER in case of any queries. Thank you for shopping with us!
13:02:07.650 [Thread-1212] INFO com.iluwatar.commander.Commander - Order B1USPTX6H2PN: Payment Failure message sent successfully, request Id: VEEZYSJMYKOD
]]></system-out>
  </testcase>
  <testcase name="testPlaceOrderNoException2" classname="com.iluwatar.commander.CommanderTest" time="0.01">
    <system-out><![CDATA[13:02:07.651 [main] INFO com.iluwatar.commander.Commander - Order JQSWH6L634HZ: Shipping placed successfully, transaction id: 6BC4PKZNA7OW
13:02:07.651 [main] INFO com.iluwatar.commander.Commander - Order has been placed and will be shipped to you. Please wait while we make your payment... 
13:02:07.651 [main] INFO com.iluwatar.commander.Commander - Order JQSWH6L634HZ: Shipping placed successfully, transaction id: LZDB9UDDS20H
13:02:07.651 [main] INFO com.iluwatar.commander.Commander - Order has been placed and will be shipped to you. Please wait while we make your payment... 
13:02:07.651 [Thread-1213] INFO com.iluwatar.commander.Commander - Order JQSWH6L634HZ: Payment successful, transaction Id: BNMQP8D60HXI
13:02:07.651 [Thread-1213] INFO com.iluwatar.commander.Commander - Payment made successfully, thank you for shopping with us!!
13:02:07.651 [main] INFO com.iluwatar.commander.Commander - Order JQSWH6L634HZ: Shipping placed successfully, transaction id: 8TT4P8YKQ5Z8
13:02:07.651 [main] INFO com.iluwatar.commander.Commander - Order has been placed and will be shipped to you. Please wait while we make your payment... 
13:02:07.652 [Thread-1215] DEBUG com.iluwatar.commander.Commander - Order JQSWH6L634HZ: Error in creating Payment Success messaging request..
13:02:07.652 [main] INFO com.iluwatar.commander.Commander - Order JQSWH6L634HZ: Shipping placed successfully, transaction id: XSA61FBMIWGR
13:02:07.652 [main] INFO com.iluwatar.commander.Commander - Order has been placed and will be shipped to you. Please wait while we make your payment... 
13:02:07.652 [Thread-1215] INFO com.iluwatar.commander.Commander - Order JQSWH6L634HZ: Error in sending Payment Success message, trying to queue task and add to employee handle..
13:02:07.652 [Thread-1217] WARN com.iluwatar.commander.Commander - Order JQSWH6L634HZ: Error in connecting to queue db, trying again..
13:02:07.652 [Thread-1217] ERROR com.iluwatar.commander.Commander - Order JQSWH6L634HZ: Unable to enqueue task of type Payment Success Message, trying to add to employee handle..
13:02:07.652 [Thread-1219] WARN com.iluwatar.commander.Commander - Order JQSWH6L634HZ: Error in connecting to employee handle, trying again..
13:02:07.652 [Thread-1220] INFO com.iluwatar.commander.Commander - Order JQSWH6L634HZ: Added order to employee database
13:02:07.652 [main] INFO com.iluwatar.commander.Commander - Order IIPSPM724HQ6: Shipping placed successfully, transaction id: 60SS3H7M8I7E
13:02:07.652 [main] INFO com.iluwatar.commander.Commander - Order has been placed and will be shipped to you. Please wait while we make your payment... 
13:02:07.652 [Thread-1219] WARN com.iluwatar.commander.Commander - Order JQSWH6L634HZ: Error in adding to employee db, trying to queue task..
13:02:07.652 [Thread-1221] WARN com.iluwatar.commander.Commander - Order JQSWH6L634HZ: Error in connecting to queue db, trying again..
13:02:07.652 [Thread-1221] ERROR com.iluwatar.commander.Commander - Order JQSWH6L634HZ: Unable to enqueue task of type EMPLOYEE_DB, trying to add to employee handle..
13:02:07.652 [main] INFO com.iluwatar.commander.Commander - Order IIPSPM724HQ6: Shipping placed successfully, transaction id: 4MNK30SU7QMP
13:02:07.652 [main] INFO com.iluwatar.commander.Commander - Order has been placed and will be shipped to you. Please wait while we make your payment... 
13:02:07.652 [Thread-1222] INFO com.iluwatar.commander.Commander - Order IIPSPM724HQ6: Payment successful, transaction Id: TSFYUV8EJZLD
13:02:07.652 [Thread-1222] INFO com.iluwatar.commander.Commander - Payment made successfully, thank you for shopping with us!!
13:02:07.652 [main] INFO com.iluwatar.commander.Commander - Order IIPSPM724HQ6: Shipping placed successfully, transaction id: DPL9ZN2NMC7P
13:02:07.652 [main] INFO com.iluwatar.commander.Commander - Order has been placed and will be shipped to you. Please wait while we make your payment... 
13:02:07.652 [main] INFO com.iluwatar.commander.Commander - Order IIPSPM724HQ6: Shipping placed successfully, transaction id: ME7VOXWP5SQZ
13:02:07.652 [main] INFO com.iluwatar.commander.Commander - Order has been placed and will be shipped to you. Please wait while we make your payment... 
13:02:07.652 [main] INFO com.iluwatar.commander.Commander - Order RTKU2035LQDN: Shipping placed successfully, transaction id: 9V4X62VG1WOR
13:02:07.652 [main] INFO com.iluwatar.commander.Commander - Order has been placed and will be shipped to you. Please wait while we make your payment... 
13:02:07.652 [Thread-1225] DEBUG com.iluwatar.commander.Commander - Order IIPSPM724HQ6: Error in creating Payment Success messaging request..
13:02:07.652 [main] INFO com.iluwatar.commander.Commander - Order RTKU2035LQDN: Shipping placed successfully, transaction id: 5CFM1G7LB31M
13:02:07.652 [main] INFO com.iluwatar.commander.Commander - Order has been placed and will be shipped to you. Please wait while we make your payment... 
13:02:07.652 [Thread-1225] INFO com.iluwatar.commander.Commander - Order IIPSPM724HQ6: Error in sending Payment Success message, trying to queue task and add to employee handle..
13:02:07.652 [Thread-1228] INFO com.iluwatar.commander.Commander - Order RTKU2035LQDN: Payment successful, transaction Id: LPPGHTH7X5LK
13:02:07.652 [Thread-1229] WARN com.iluwatar.commander.Commander - Order IIPSPM724HQ6: Error in connecting to queue db, trying again..
13:02:07.652 [Thread-1229] ERROR com.iluwatar.commander.Commander - Order IIPSPM724HQ6: Unable to enqueue task of type Payment Success Message, trying to add to employee handle..
13:02:07.652 [Thread-1228] INFO com.iluwatar.commander.Commander - Payment made successfully, thank you for shopping with us!!
13:02:07.652 [Thread-1231] WARN com.iluwatar.commander.Commander - Order IIPSPM724HQ6: Error in connecting to employee handle, trying again..
13:02:07.652 [main] INFO com.iluwatar.commander.Commander - Order RTKU2035LQDN: Shipping placed successfully, transaction id: RWBHD4ZOD26A
13:02:07.652 [main] INFO com.iluwatar.commander.Commander - Order has been placed and will be shipped to you. Please wait while we make your payment... 
13:02:07.652 [Thread-1231] WARN com.iluwatar.commander.Commander - Order IIPSPM724HQ6: Error in adding to employee db, trying to queue task..
13:02:07.652 [Thread-1234] WARN com.iluwatar.commander.Commander - Order IIPSPM724HQ6: Error in connecting to queue db, trying again..
13:02:07.652 [Thread-1234] ERROR com.iluwatar.commander.Commander - Order IIPSPM724HQ6: Unable to enqueue task of type EMPLOYEE_DB, trying to add to employee handle..
13:02:07.652 [main] INFO com.iluwatar.commander.Commander - Order RTKU2035LQDN: Shipping placed successfully, transaction id: Q96AM6WV5VGO
13:02:07.652 [main] INFO com.iluwatar.commander.Commander - Order has been placed and will be shipped to you. Please wait while we make your payment... 
13:02:07.652 [main] INFO com.iluwatar.commander.Commander - Order C922L4XOYWZE: Shipping placed successfully, transaction id: ZBL2WUPEAC0B
13:02:07.652 [main] INFO com.iluwatar.commander.Commander - Order has been placed and will be shipped to you. Please wait while we make your payment... 
13:02:07.652 [Thread-1233] DEBUG com.iluwatar.commander.Commander - Order RTKU2035LQDN: Error in creating Payment Success messaging request..
13:02:07.652 [Thread-1232] INFO com.iluwatar.commander.Commander - Order IIPSPM724HQ6: Added order to employee database
13:02:07.652 [Thread-1233] INFO com.iluwatar.commander.Commander - Order RTKU2035LQDN: Error in sending Payment Success message, trying to queue task and add to employee handle..
13:02:07.652 [Thread-1239] WARN com.iluwatar.commander.Commander - Order RTKU2035LQDN: Error in connecting to queue db, trying again..
13:02:07.652 [Thread-1239] ERROR com.iluwatar.commander.Commander - Order RTKU2035LQDN: Unable to enqueue task of type Payment Success Message, trying to add to employee handle..
13:02:07.653 [Thread-1240] WARN com.iluwatar.commander.Commander - Order RTKU2035LQDN: Error in connecting to employee handle, trying again..
13:02:07.653 [Thread-1241] INFO com.iluwatar.commander.Commander - Order RTKU2035LQDN: Added order to employee database
13:02:07.653 [main] INFO com.iluwatar.commander.Commander - Order C922L4XOYWZE: Shipping placed successfully, transaction id: 5QZVDHHF07ZG
13:02:07.653 [main] INFO com.iluwatar.commander.Commander - Order has been placed and will be shipped to you. Please wait while we make your payment... 
13:02:07.653 [Thread-1238] INFO com.iluwatar.commander.Commander - Order C922L4XOYWZE: Payment successful, transaction Id: 3Y598WFKYL5X
13:02:07.653 [Thread-1238] INFO com.iluwatar.commander.Commander - Payment made successfully, thank you for shopping with us!!
13:02:07.653 [main] INFO com.iluwatar.commander.Commander - Order C922L4XOYWZE: Shipping placed successfully, transaction id: J7A8KCRQQ9MW
13:02:07.653 [main] INFO com.iluwatar.commander.Commander - Order has been placed and will be shipped to you. Please wait while we make your payment... 
13:02:07.653 [main] INFO com.iluwatar.commander.Commander - Order C922L4XOYWZE: Shipping placed successfully, transaction id: 04J4I4GJNY88
13:02:07.653 [main] INFO com.iluwatar.commander.Commander - Order has been placed and will be shipped to you. Please wait while we make your payment... 
13:02:07.653 [Thread-1240] WARN com.iluwatar.commander.Commander - Order RTKU2035LQDN: Error in adding to employee db, trying to queue task..
13:02:07.656 [Thread-1244] DEBUG com.iluwatar.commander.Commander - Order C922L4XOYWZE: Error in creating Payment Success messaging request..
13:02:07.656 [main] INFO com.iluwatar.commander.Commander - Order K4KHJAGBSEAY: Shipping placed successfully, transaction id: T5N7G2TJNDL6
13:02:07.656 [main] INFO com.iluwatar.commander.Commander - Order has been placed and will be shipped to you. Please wait while we make your payment... 
13:02:07.656 [Thread-1242] WARN com.iluwatar.commander.Commander - Order RTKU2035LQDN: Error in connecting to queue db, trying again..
13:02:07.656 [Thread-1242] ERROR com.iluwatar.commander.Commander - Order RTKU2035LQDN: Unable to enqueue task of type EMPLOYEE_DB, trying to add to employee handle..
13:02:07.656 [Thread-1244] INFO com.iluwatar.commander.Commander - Order C922L4XOYWZE: Error in sending Payment Success message, trying to queue task and add to employee handle..
13:02:07.656 [Thread-1247] WARN com.iluwatar.commander.Commander - Order C922L4XOYWZE: Error in connecting to queue db, trying again..
13:02:07.656 [Thread-1247] ERROR com.iluwatar.commander.Commander - Order C922L4XOYWZE: Unable to enqueue task of type Payment Success Message, trying to add to employee handle..
13:02:07.656 [Thread-1251] WARN com.iluwatar.commander.Commander - Order C922L4XOYWZE: Error in connecting to employee handle, trying again..
13:02:07.656 [main] INFO com.iluwatar.commander.Commander - Order K4KHJAGBSEAY: Shipping placed successfully, transaction id: 96MJKQMFR0OH
13:02:07.656 [main] INFO com.iluwatar.commander.Commander - Order has been placed and will be shipped to you. Please wait while we make your payment... 
13:02:07.656 [Thread-1248] INFO com.iluwatar.commander.Commander - Order K4KHJAGBSEAY: Payment successful, transaction Id: XJIEJUO0Z15U
13:02:07.656 [Thread-1248] INFO com.iluwatar.commander.Commander - Payment made successfully, thank you for shopping with us!!
13:02:07.656 [Thread-1251] WARN com.iluwatar.commander.Commander - Order C922L4XOYWZE: Error in adding to employee db, trying to queue task..
13:02:07.656 [Thread-1252] WARN com.iluwatar.commander.Commander - Order C922L4XOYWZE: Error in connecting to queue db, trying again..
13:02:07.656 [Thread-1252] ERROR com.iluwatar.commander.Commander - Order C922L4XOYWZE: Unable to enqueue task of type EMPLOYEE_DB, trying to add to employee handle..
13:02:07.656 [Thread-1254] DEBUG com.iluwatar.commander.Commander - Order K4KHJAGBSEAY: Error in creating Payment Success messaging request..
13:02:07.656 [Thread-1254] INFO com.iluwatar.commander.Commander - Order K4KHJAGBSEAY: Error in sending Payment Success message, trying to queue task and add to employee handle..
13:02:07.656 [Thread-1256] WARN com.iluwatar.commander.Commander - Order K4KHJAGBSEAY: Error in connecting to queue db, trying again..
13:02:07.656 [Thread-1256] ERROR com.iluwatar.commander.Commander - Order K4KHJAGBSEAY: Unable to enqueue task of type Payment Success Message, trying to add to employee handle..
13:02:07.656 [Thread-1255] INFO com.iluwatar.commander.Commander - Order C922L4XOYWZE: Added order to employee database
13:02:07.656 [Thread-1258] WARN com.iluwatar.commander.Commander - Order K4KHJAGBSEAY: Error in connecting to employee handle, trying again..
13:02:07.656 [main] INFO com.iluwatar.commander.Commander - Order K4KHJAGBSEAY: Shipping placed successfully, transaction id: K0GYFS9WMBA9
13:02:07.656 [main] INFO com.iluwatar.commander.Commander - Order has been placed and will be shipped to you. Please wait while we make your payment... 
13:02:07.656 [main] INFO com.iluwatar.commander.Commander - Order K4KHJAGBSEAY: Shipping placed successfully, transaction id: 1GW7IWC2H4GO
13:02:07.656 [main] INFO com.iluwatar.commander.Commander - Order has been placed and will be shipped to you. Please wait while we make your payment... 
13:02:07.657 [main] INFO com.iluwatar.commander.Commander - Order T7RL7CI5XHW1: Shipping placed successfully, transaction id: Z00UMVQXZLO3
13:02:07.657 [main] INFO com.iluwatar.commander.Commander - Order has been placed and will be shipped to you. Please wait while we make your payment... 
13:02:07.657 [Thread-1258] WARN com.iluwatar.commander.Commander - Order K4KHJAGBSEAY: Error in adding to employee db, trying to queue task..
13:02:07.657 [Thread-1259] WARN com.iluwatar.commander.Commander - Order K4KHJAGBSEAY: Error in connecting to queue db, trying again..
13:02:07.657 [Thread-1259] ERROR com.iluwatar.commander.Commander - Order K4KHJAGBSEAY: Unable to enqueue task of type EMPLOYEE_DB, trying to add to employee handle..
13:02:07.657 [Thread-1257] INFO com.iluwatar.commander.Commander - Order K4KHJAGBSEAY: Added order to employee database
13:02:07.657 [main] INFO com.iluwatar.commander.Commander - Order T7RL7CI5XHW1: Shipping placed successfully, transaction id: YGTP0EA8T3RX
13:02:07.657 [main] INFO com.iluwatar.commander.Commander - Order has been placed and will be shipped to you. Please wait while we make your payment... 
13:02:07.657 [Thread-1262] INFO com.iluwatar.commander.Commander - Order T7RL7CI5XHW1: Payment successful, transaction Id: 7LX2Y3Y94OG1
13:02:07.657 [Thread-1262] INFO com.iluwatar.commander.Commander - Payment made successfully, thank you for shopping with us!!
13:02:07.657 [main] INFO com.iluwatar.commander.Commander - Order T7RL7CI5XHW1: Shipping placed successfully, transaction id: IHBLYIFXETBV
13:02:07.657 [main] INFO com.iluwatar.commander.Commander - Order has been placed and will be shipped to you. Please wait while we make your payment... 
13:02:07.657 [Thread-1265] DEBUG com.iluwatar.commander.Commander - Order T7RL7CI5XHW1: Error in creating Payment Success messaging request..
13:02:07.657 [main] INFO com.iluwatar.commander.Commander - Order T7RL7CI5XHW1: Shipping placed successfully, transaction id: JGKUDTM24CNI
13:02:07.657 [main] INFO com.iluwatar.commander.Commander - Order has been placed and will be shipped to you. Please wait while we make your payment... 
13:02:07.657 [Thread-1265] INFO com.iluwatar.commander.Commander - Order T7RL7CI5XHW1: Error in sending Payment Success message, trying to queue task and add to employee handle..
13:02:07.657 [Thread-1267] WARN com.iluwatar.commander.Commander - Order T7RL7CI5XHW1: Error in connecting to queue db, trying again..
13:02:07.657 [Thread-1267] ERROR com.iluwatar.commander.Commander - Order T7RL7CI5XHW1: Unable to enqueue task of type Payment Success Message, trying to add to employee handle..
13:02:07.657 [Thread-1269] WARN com.iluwatar.commander.Commander - Order T7RL7CI5XHW1: Error in connecting to employee handle, trying again..
13:02:07.657 [main] INFO com.iluwatar.commander.Commander - Order MMXX6XSQ173L: Shipping placed successfully, transaction id: YPA3GGRMSO4N
13:02:07.657 [main] INFO com.iluwatar.commander.Commander - Order has been placed and will be shipped to you. Please wait while we make your payment... 
13:02:07.657 [Thread-1269] WARN com.iluwatar.commander.Commander - Order T7RL7CI5XHW1: Error in adding to employee db, trying to queue task..
13:02:07.657 [Thread-1271] WARN com.iluwatar.commander.Commander - Order T7RL7CI5XHW1: Error in connecting to queue db, trying again..
13:02:07.657 [Thread-1271] ERROR com.iluwatar.commander.Commander - Order T7RL7CI5XHW1: Unable to enqueue task of type EMPLOYEE_DB, trying to add to employee handle..
13:02:07.657 [Thread-1270] INFO com.iluwatar.commander.Commander - Order T7RL7CI5XHW1: Added order to employee database
13:02:07.657 [main] INFO com.iluwatar.commander.Commander - Order MMXX6XSQ173L: Shipping placed successfully, transaction id: J58LISMOM09Q
13:02:07.657 [main] INFO com.iluwatar.commander.Commander - Order has been placed and will be shipped to you. Please wait while we make your payment... 
13:02:07.657 [Thread-1272] INFO com.iluwatar.commander.Commander - Order MMXX6XSQ173L: Payment successful, transaction Id: 2194MA4C08VP
13:02:07.657 [Thread-1272] INFO com.iluwatar.commander.Commander - Payment made successfully, thank you for shopping with us!!
13:02:07.657 [Thread-1275] DEBUG com.iluwatar.commander.Commander - Order MMXX6XSQ173L: Error in creating Payment Success messaging request..
13:02:07.657 [main] INFO com.iluwatar.commander.Commander - Order MMXX6XSQ173L: Shipping placed successfully, transaction id: 2KR63DYF4A09
13:02:07.657 [main] INFO com.iluwatar.commander.Commander - Order has been placed and will be shipped to you. Please wait while we make your payment... 
13:02:07.657 [Thread-1275] INFO com.iluwatar.commander.Commander - Order MMXX6XSQ173L: Error in sending Payment Success message, trying to queue task and add to employee handle..
13:02:07.657 [Thread-1276] WARN com.iluwatar.commander.Commander - Order MMXX6XSQ173L: Error in connecting to queue db, trying again..
13:02:07.657 [Thread-1276] ERROR com.iluwatar.commander.Commander - Order MMXX6XSQ173L: Unable to enqueue task of type Payment Success Message, trying to add to employee handle..
13:02:07.657 [Thread-1278] WARN com.iluwatar.commander.Commander - Order MMXX6XSQ173L: Error in connecting to employee handle, trying again..
13:02:07.657 [main] INFO com.iluwatar.commander.Commander - Order MMXX6XSQ173L: Shipping placed successfully, transaction id: XRDS6SE4HXDG
13:02:07.657 [main] INFO com.iluwatar.commander.Commander - Order has been placed and will be shipped to you. Please wait while we make your payment... 
13:02:07.657 [Thread-1278] WARN com.iluwatar.commander.Commander - Order MMXX6XSQ173L: Error in adding to employee db, trying to queue task..
13:02:07.658 [Thread-1280] WARN com.iluwatar.commander.Commander - Order MMXX6XSQ173L: Error in connecting to queue db, trying again..
13:02:07.658 [Thread-1280] ERROR com.iluwatar.commander.Commander - Order MMXX6XSQ173L: Unable to enqueue task of type EMPLOYEE_DB, trying to add to employee handle..
13:02:07.658 [main] INFO com.iluwatar.commander.Commander - Order R1K220XG9EIE: Shipping placed successfully, transaction id: C4NCC0MJINVO
13:02:07.658 [main] INFO com.iluwatar.commander.Commander - Order has been placed and will be shipped to you. Please wait while we make your payment... 
13:02:07.658 [Thread-1282] INFO com.iluwatar.commander.Commander - Order MMXX6XSQ173L: Added order to employee database
13:02:07.658 [main] INFO com.iluwatar.commander.Commander - Order R1K220XG9EIE: Shipping placed successfully, transaction id: GK8J5LXVTODI
13:02:07.658 [main] INFO com.iluwatar.commander.Commander - Order has been placed and will be shipped to you. Please wait while we make your payment... 
13:02:07.658 [Thread-1283] INFO com.iluwatar.commander.Commander - Order R1K220XG9EIE: Payment successful, transaction Id: FNIREI75CH2J
13:02:07.658 [Thread-1283] INFO com.iluwatar.commander.Commander - Payment made successfully, thank you for shopping with us!!
13:02:07.658 [main] INFO com.iluwatar.commander.Commander - Order R1K220XG9EIE: Shipping placed successfully, transaction id: 32XFXGG52VE3
13:02:07.658 [main] INFO com.iluwatar.commander.Commander - Order has been placed and will be shipped to you. Please wait while we make your payment... 
13:02:07.658 [Thread-1285] DEBUG com.iluwatar.commander.Commander - Order R1K220XG9EIE: Error in creating Payment Success messaging request..
13:02:07.658 [main] INFO com.iluwatar.commander.Commander - Order R1K220XG9EIE: Shipping placed successfully, transaction id: S385WP3IMWBF
13:02:07.658 [main] INFO com.iluwatar.commander.Commander - Order has been placed and will be shipped to you. Please wait while we make your payment... 
13:02:07.658 [main] INFO com.iluwatar.commander.Commander - Order PLV9E9AQQUG6: Shipping placed successfully, transaction id: 6MHLPUW53Z4G
13:02:07.658 [main] INFO com.iluwatar.commander.Commander - Order has been placed and will be shipped to you. Please wait while we make your payment... 
13:02:07.658 [Thread-1285] INFO com.iluwatar.commander.Commander - Order R1K220XG9EIE: Error in sending Payment Success message, trying to queue task and add to employee handle..
13:02:07.658 [Thread-1287] WARN com.iluwatar.commander.Commander - Order R1K220XG9EIE: Error in connecting to queue db, trying again..
13:02:07.658 [Thread-1287] ERROR com.iluwatar.commander.Commander - Order R1K220XG9EIE: Unable to enqueue task of type Payment Success Message, trying to add to employee handle..
13:02:07.658 [Thread-1290] WARN com.iluwatar.commander.Commander - Order R1K220XG9EIE: Error in connecting to employee handle, trying again..
13:02:07.658 [Thread-1291] INFO com.iluwatar.commander.Commander - Order R1K220XG9EIE: Added order to employee database
13:02:07.658 [main] ERROR com.iluwatar.commander.Commander - Order PLV9E9AQQUG6: Payment time for order over, failed and returning..
13:02:07.658 [main] INFO com.iluwatar.commander.Commander - Order PLV9E9AQQUG6: Shipping placed successfully, transaction id: Z7PFAPFX5RJD
13:02:07.658 [main] INFO com.iluwatar.commander.Commander - Order has been placed and will be shipped to you. Please wait while we make your payment... 
13:02:07.658 [main] INFO com.iluwatar.commander.Commander - Order PLV9E9AQQUG6: Shipping placed successfully, transaction id: G4EOF2W7FZNE
13:02:07.658 [main] INFO com.iluwatar.commander.Commander - Order has been placed and will be shipped to you. Please wait while we make your payment... 
13:02:07.658 [main] INFO com.iluwatar.commander.Commander - Order PLV9E9AQQUG6: Shipping placed successfully, transaction id: 01AYAEEZGY07
13:02:07.658 [main] INFO com.iluwatar.commander.Commander - Order has been placed and will be shipped to you. Please wait while we make your payment... 
13:02:07.658 [main] INFO com.iluwatar.commander.Commander - Order WVDNZZ84PN65: Shipping placed successfully, transaction id: GG9RPG63XRFS
13:02:07.658 [main] INFO com.iluwatar.commander.Commander - Order has been placed and will be shipped to you. Please wait while we make your payment... 
13:02:07.658 [Thread-1289] DEBUG com.iluwatar.commander.Commander - Order PLV9E9AQQUG6: Error in creating Payment Failure message request..
13:02:07.658 [Thread-1290] WARN com.iluwatar.commander.Commander - Order R1K220XG9EIE: Error in adding to employee db, trying to queue task..
13:02:07.658 [Thread-1292] WARN com.iluwatar.commander.Commander - Order R1K220XG9EIE: Error in connecting to queue db, trying again..
13:02:07.658 [Thread-1289] WARN com.iluwatar.commander.Commander - Order PLV9E9AQQUG6: Error in sending Payment Failure message, trying to queue task and add to employee handle..
13:02:07.658 [Thread-1292] ERROR com.iluwatar.commander.Commander - Order R1K220XG9EIE: Unable to enqueue task of type EMPLOYEE_DB, trying to add to employee handle..
13:02:07.658 [Thread-1294] WARN com.iluwatar.commander.Commander - Order PLV9E9AQQUG6: Error in connecting to queue db, trying again..
13:02:07.658 [Thread-1294] ERROR com.iluwatar.commander.Commander - Order PLV9E9AQQUG6: Unable to enqueue task of type Payment Failure Message, trying to add to employee handle..
13:02:07.658 [main] ERROR com.iluwatar.commander.Commander - Order WVDNZZ84PN65: Payment time for order over, failed and returning..
13:02:07.658 [main] INFO com.iluwatar.commander.Commander - Order WVDNZZ84PN65: Shipping placed successfully, transaction id: Q430U9TKQUAN
13:02:07.658 [main] INFO com.iluwatar.commander.Commander - Order has been placed and will be shipped to you. Please wait while we make your payment... 
13:02:07.658 [Thread-1293] DEBUG com.iluwatar.commander.Commander - Order WVDNZZ84PN65: Error in creating Payment Failure message request..
13:02:07.658 [main] INFO com.iluwatar.commander.Commander - Order WVDNZZ84PN65: Shipping placed successfully, transaction id: 5UJE7Q569ER8
13:02:07.658 [main] INFO com.iluwatar.commander.Commander - Order has been placed and will be shipped to you. Please wait while we make your payment... 
13:02:07.658 [main] INFO com.iluwatar.commander.Commander - Order WVDNZZ84PN65: Shipping placed successfully, transaction id: 2SJU9YDW7FIP
13:02:07.658 [main] INFO com.iluwatar.commander.Commander - Order has been placed and will be shipped to you. Please wait while we make your payment... 
13:02:07.658 [main] INFO com.iluwatar.commander.Commander - Order 1T7ATNZOVRPT: Shipping placed successfully, transaction id: KYBS1BLMKDWD
13:02:07.658 [main] INFO com.iluwatar.commander.Commander - Order has been placed and will be shipped to you. Please wait while we make your payment... 
13:02:07.658 [Thread-1295] WARN com.iluwatar.commander.Commander - Order PLV9E9AQQUG6: Error in connecting to employee handle, trying again..
13:02:07.658 [Thread-1297] INFO com.iluwatar.commander.Commander - Order PLV9E9AQQUG6: Added order to employee database
13:02:07.658 [Thread-1295] WARN com.iluwatar.commander.Commander - Order PLV9E9AQQUG6: Error in adding to employee db, trying to queue task..
13:02:07.658 [Thread-1300] WARN com.iluwatar.commander.Commander - Order PLV9E9AQQUG6: Error in connecting to queue db, trying again..
13:02:07.658 [Thread-1300] ERROR com.iluwatar.commander.Commander - Order PLV9E9AQQUG6: Unable to enqueue task of type EMPLOYEE_DB, trying to add to employee handle..
13:02:07.658 [main] ERROR com.iluwatar.commander.Commander - Order 1T7ATNZOVRPT: Payment time for order over, failed and returning..
13:02:07.658 [main] INFO com.iluwatar.commander.Commander - Order 1T7ATNZOVRPT: Shipping placed successfully, transaction id: GA89P74BEF9D
13:02:07.658 [main] INFO com.iluwatar.commander.Commander - Order has been placed and will be shipped to you. Please wait while we make your payment... 
13:02:07.658 [main] INFO com.iluwatar.commander.Commander - Order 1T7ATNZOVRPT: Shipping placed successfully, transaction id: 5FNL9QND2U8F
13:02:07.658 [main] INFO com.iluwatar.commander.Commander - Order has been placed and will be shipped to you. Please wait while we make your payment... 
13:02:07.658 [main] INFO com.iluwatar.commander.Commander - Order 1T7ATNZOVRPT: Shipping placed successfully, transaction id: WF73HIGNZ96X
13:02:07.658 [Thread-1299] DEBUG com.iluwatar.commander.Commander - Order 1T7ATNZOVRPT: Error in creating Payment Failure message request..
13:02:07.658 [main] INFO com.iluwatar.commander.Commander - Order has been placed and will be shipped to you. Please wait while we make your payment... 
13:02:07.658 [Thread-1293] WARN com.iluwatar.commander.Commander - Order WVDNZZ84PN65: Error in sending Payment Failure message, trying to queue task and add to employee handle..
13:02:07.658 [main] INFO com.iluwatar.commander.Commander - Order KLZPONE1XRLJ: Shipping placed successfully, transaction id: 7J3GACK552Z6
13:02:07.658 [main] INFO com.iluwatar.commander.Commander - Order has been placed and will be shipped to you. Please wait while we make your payment... 
13:02:07.658 [Thread-1298] WARN com.iluwatar.commander.Commander - Order WVDNZZ84PN65: Error in connecting to queue db, trying again..
13:02:07.658 [Thread-1298] ERROR com.iluwatar.commander.Commander - Order WVDNZZ84PN65: Unable to enqueue task of type Payment Failure Message, trying to add to employee handle..
13:02:07.658 [Thread-1303] WARN com.iluwatar.commander.Commander - Order WVDNZZ84PN65: Error in connecting to employee handle, trying again..
13:02:07.658 [Thread-1299] WARN com.iluwatar.commander.Commander - Order 1T7ATNZOVRPT: Error in sending Payment Failure message, trying to queue task and add to employee handle..
13:02:07.658 [Thread-1302] WARN com.iluwatar.commander.Commander - Order 1T7ATNZOVRPT: Error in connecting to queue db, trying again..
13:02:07.658 [Thread-1302] ERROR com.iluwatar.commander.Commander - Order 1T7ATNZOVRPT: Unable to enqueue task of type Payment Failure Message, trying to add to employee handle..
13:02:07.658 [Thread-1303] WARN com.iluwatar.commander.Commander - Order WVDNZZ84PN65: Error in adding to employee db, trying to queue task..
13:02:07.658 [Thread-1306] WARN com.iluwatar.commander.Commander - Order WVDNZZ84PN65: Error in connecting to queue db, trying again..
13:02:07.658 [Thread-1306] ERROR com.iluwatar.commander.Commander - Order WVDNZZ84PN65: Unable to enqueue task of type EMPLOYEE_DB, trying to add to employee handle..
13:02:07.658 [Thread-1309] INFO com.iluwatar.commander.Commander - Order WVDNZZ84PN65: Added order to employee database
13:02:07.659 [Thread-1308] WARN com.iluwatar.commander.Commander - Order 1T7ATNZOVRPT: Error in connecting to employee handle, trying again..
13:02:07.659 [Thread-1307] INFO com.iluwatar.commander.Commander - Order 1T7ATNZOVRPT: Added order to employee database
13:02:07.659 [main] ERROR com.iluwatar.commander.Commander - Order KLZPONE1XRLJ: Payment time for order over, failed and returning..
13:02:07.659 [main] INFO com.iluwatar.commander.Commander - Order KLZPONE1XRLJ: Shipping placed successfully, transaction id: 5OZN2QRXIR6G
13:02:07.659 [main] INFO com.iluwatar.commander.Commander - Order has been placed and will be shipped to you. Please wait while we make your payment... 
13:02:07.659 [Thread-1304] DEBUG com.iluwatar.commander.Commander - Order KLZPONE1XRLJ: Error in creating Payment Failure message request..
13:02:07.659 [main] INFO com.iluwatar.commander.Commander - Order KLZPONE1XRLJ: Shipping placed successfully, transaction id: 920JHK2YTX9V
13:02:07.659 [main] INFO com.iluwatar.commander.Commander - Order has been placed and will be shipped to you. Please wait while we make your payment... 
13:02:07.659 [Thread-1308] WARN com.iluwatar.commander.Commander - Order 1T7ATNZOVRPT: Error in adding to employee db, trying to queue task..
13:02:07.659 [Thread-1310] WARN com.iluwatar.commander.Commander - Order 1T7ATNZOVRPT: Error in connecting to queue db, trying again..
13:02:07.659 [Thread-1310] ERROR com.iluwatar.commander.Commander - Order 1T7ATNZOVRPT: Unable to enqueue task of type EMPLOYEE_DB, trying to add to employee handle..
13:02:07.659 [main] INFO com.iluwatar.commander.Commander - Order KLZPONE1XRLJ: Shipping placed successfully, transaction id: PBQ5ADXAT1Z4
13:02:07.659 [main] INFO com.iluwatar.commander.Commander - Order has been placed and will be shipped to you. Please wait while we make your payment... 
13:02:07.659 [main] INFO com.iluwatar.commander.Commander - Order 3DYFLN5TWOK4: Shipping placed successfully, transaction id: 7MGW0IOFLORD
13:02:07.659 [main] INFO com.iluwatar.commander.Commander - Order has been placed and will be shipped to you. Please wait while we make your payment... 
13:02:07.659 [main] ERROR com.iluwatar.commander.Commander - Order 3DYFLN5TWOK4: Payment time for order over, failed and returning..
13:02:07.659 [main] INFO com.iluwatar.commander.Commander - Order 3DYFLN5TWOK4: Shipping placed successfully, transaction id: 8SDU1B1CSQOR
13:02:07.659 [main] INFO com.iluwatar.commander.Commander - Order has been placed and will be shipped to you. Please wait while we make your payment... 
13:02:07.659 [main] INFO com.iluwatar.commander.Commander - Order 3DYFLN5TWOK4: Shipping placed successfully, transaction id: 80Q7N2G9NSFG
13:02:07.659 [main] INFO com.iluwatar.commander.Commander - Order has been placed and will be shipped to you. Please wait while we make your payment... 
13:02:07.659 [main] INFO com.iluwatar.commander.Commander - Order 3DYFLN5TWOK4: Shipping placed successfully, transaction id: V1Y5QR1T4BA2
13:02:07.659 [main] INFO com.iluwatar.commander.Commander - Order has been placed and will be shipped to you. Please wait while we make your payment... 
13:02:07.659 [main] INFO com.iluwatar.commander.Commander - Order B1TBNCRXGW14: Shipping placed successfully, transaction id: BISRF0FC5IYW
13:02:07.659 [main] INFO com.iluwatar.commander.Commander - Order has been placed and will be shipped to you. Please wait while we make your payment... 
13:02:07.659 [Thread-1304] WARN com.iluwatar.commander.Commander - Order KLZPONE1XRLJ: Error in sending Payment Failure message, trying to queue task and add to employee handle..
13:02:07.659 [Thread-1313] DEBUG com.iluwatar.commander.Commander - Order 3DYFLN5TWOK4: Error in creating Payment Failure message request..
13:02:07.659 [Thread-1315] WARN com.iluwatar.commander.Commander - Order KLZPONE1XRLJ: Error in connecting to employee handle, trying again..
13:02:07.659 [main] ERROR com.iluwatar.commander.Commander - Order B1TBNCRXGW14: Payment time for order over, failed and returning..
13:02:07.659 [main] INFO com.iluwatar.commander.Commander - Order B1TBNCRXGW14: Shipping placed successfully, transaction id: ND8DER0S8A87
13:02:07.659 [main] INFO com.iluwatar.commander.Commander - Order has been placed and will be shipped to you. Please wait while we make your payment... 
13:02:07.659 [main] INFO com.iluwatar.commander.Commander - Order B1TBNCRXGW14: Shipping placed successfully, transaction id: 7QTJPY152B5F
13:02:07.659 [main] INFO com.iluwatar.commander.Commander - Order has been placed and will be shipped to you. Please wait while we make your payment... 
13:02:07.659 [main] INFO com.iluwatar.commander.Commander - Order B1TBNCRXGW14: Shipping placed successfully, transaction id: 72J98QFFB8CU
13:02:07.659 [Thread-1311] WARN com.iluwatar.commander.Commander - Order KLZPONE1XRLJ: Error in connecting to queue db, trying again..
13:02:07.659 [Thread-1311] ERROR com.iluwatar.commander.Commander - Order KLZPONE1XRLJ: Unable to enqueue task of type Payment Failure Message, trying to add to employee handle..
13:02:07.659 [main] INFO com.iluwatar.commander.Commander - Order has been placed and will be shipped to you. Please wait while we make your payment... 
13:02:07.659 [Thread-1314] DEBUG com.iluwatar.commander.Commander - Order B1TBNCRXGW14: Error in creating Payment Failure message request..
13:02:07.659 [Thread-1315] WARN com.iluwatar.commander.Commander - Order KLZPONE1XRLJ: Error in adding to employee db, trying to queue task..
13:02:07.659 [main] INFO com.iluwatar.commander.Commander - Order N5DDZ8KCXS0S: Shipping placed successfully, transaction id: GFI2WD1Z3J1C
13:02:07.659 [main] INFO com.iluwatar.commander.Commander - Order has been placed and will be shipped to you. Please wait while we make your payment... 
13:02:07.659 [Thread-1313] WARN com.iluwatar.commander.Commander - Order 3DYFLN5TWOK4: Error in sending Payment Failure message, trying to queue task and add to employee handle..
13:02:07.659 [Thread-1317] WARN com.iluwatar.commander.Commander - Order KLZPONE1XRLJ: Error in connecting to queue db, trying again..
13:02:07.659 [Thread-1317] ERROR com.iluwatar.commander.Commander - Order KLZPONE1XRLJ: Unable to enqueue task of type EMPLOYEE_DB, trying to add to employee handle..
13:02:07.659 [main] ERROR com.iluwatar.commander.Commander - Order N5DDZ8KCXS0S: Payment time for order over, failed and returning..
13:02:07.659 [Thread-1320] DEBUG com.iluwatar.commander.Commander - Order N5DDZ8KCXS0S: Error in creating Payment Failure message request..
13:02:07.659 [Thread-1316] WARN com.iluwatar.commander.Commander - Order 3DYFLN5TWOK4: Error in connecting to queue db, trying again..
13:02:07.659 [Thread-1322] INFO com.iluwatar.commander.Commander - Order KLZPONE1XRLJ: Added order to employee database
13:02:07.659 [Thread-1314] WARN com.iluwatar.commander.Commander - Order B1TBNCRXGW14: Error in sending Payment Failure message, trying to queue task and add to employee handle..
13:02:07.659 [main] INFO com.iluwatar.commander.Commander - Order N5DDZ8KCXS0S: Shipping placed successfully, transaction id: LRZQSQTAH9LW
13:02:07.659 [main] INFO com.iluwatar.commander.Commander - Order has been placed and will be shipped to you. Please wait while we make your payment... 
13:02:07.659 [Thread-1319] WARN com.iluwatar.commander.Commander - Order B1TBNCRXGW14: Error in connecting to queue db, trying again..
13:02:07.659 [Thread-1319] ERROR com.iluwatar.commander.Commander - Order B1TBNCRXGW14: Unable to enqueue task of type Payment Failure Message, trying to add to employee handle..
13:02:07.659 [main] INFO com.iluwatar.commander.Commander - Order N5DDZ8KCXS0S: Shipping placed successfully, transaction id: 50JPEH2CO3JH
13:02:07.659 [main] INFO com.iluwatar.commander.Commander - Order has been placed and will be shipped to you. Please wait while we make your payment... 
13:02:07.659 [Thread-1316] ERROR com.iluwatar.commander.Commander - Order 3DYFLN5TWOK4: Unable to enqueue task of type Payment Failure Message, trying to add to employee handle..
13:02:07.659 [Thread-1324] WARN com.iluwatar.commander.Commander - Order B1TBNCRXGW14: Error in connecting to employee handle, trying again..
13:02:07.659 [main] INFO com.iluwatar.commander.Commander - Order N5DDZ8KCXS0S: Shipping placed successfully, transaction id: 7VN6DK0VADIL
13:02:07.659 [main] INFO com.iluwatar.commander.Commander - Order has been placed and will be shipped to you. Please wait while we make your payment... 
13:02:07.659 [Thread-1325] INFO com.iluwatar.commander.Commander - Order B1TBNCRXGW14: Added order to employee database
13:02:07.659 [main] INFO com.iluwatar.commander.Commander - Order EQIHMY530RCC: Shipping placed successfully, transaction id: 2TXS7B80Y020
13:02:07.659 [main] INFO com.iluwatar.commander.Commander - Order has been placed and will be shipped to you. Please wait while we make your payment... 
13:02:07.659 [Thread-1324] WARN com.iluwatar.commander.Commander - Order B1TBNCRXGW14: Error in adding to employee db, trying to queue task..
13:02:07.659 [Thread-1327] WARN com.iluwatar.commander.Commander - Order B1TBNCRXGW14: Error in connecting to queue db, trying again..
13:02:07.659 [Thread-1327] ERROR com.iluwatar.commander.Commander - Order B1TBNCRXGW14: Unable to enqueue task of type EMPLOYEE_DB, trying to add to employee handle..
13:02:07.659 [main] ERROR com.iluwatar.commander.Commander - Order EQIHMY530RCC: Payment time for order over, failed and returning..
13:02:07.659 [main] INFO com.iluwatar.commander.Commander - Order EQIHMY530RCC: Shipping placed successfully, transaction id: D42K544TH75B
13:02:07.659 [main] INFO com.iluwatar.commander.Commander - Order has been placed and will be shipped to you. Please wait while we make your payment... 
13:02:07.659 [Thread-1328] DEBUG com.iluwatar.commander.Commander - Order EQIHMY530RCC: Error in creating Payment Failure message request..
13:02:07.659 [main] INFO com.iluwatar.commander.Commander - Order EQIHMY530RCC: Shipping placed successfully, transaction id: CSLQAUEKYUDZ
13:02:07.659 [main] INFO com.iluwatar.commander.Commander - Order has been placed and will be shipped to you. Please wait while we make your payment... 
13:02:07.659 [main] INFO com.iluwatar.commander.Commander - Order EQIHMY530RCC: Shipping placed successfully, transaction id: BEI84U6I1UQI
13:02:07.659 [main] INFO com.iluwatar.commander.Commander - Order has been placed and will be shipped to you. Please wait while we make your payment... 
13:02:07.659 [Thread-1320] WARN com.iluwatar.commander.Commander - Order N5DDZ8KCXS0S: Error in sending Payment Failure message, trying to queue task and add to employee handle..
13:02:07.659 [main] INFO com.iluwatar.commander.Commander - Order 1EWAV31GPK02: Shipping placed successfully, transaction id: LXEP7C1UFG6G
13:02:07.659 [main] INFO com.iluwatar.commander.Commander - Order has been placed and will be shipped to you. Please wait while we make your payment... 
13:02:07.659 [Thread-1323] WARN com.iluwatar.commander.Commander - Order N5DDZ8KCXS0S: Error in connecting to queue db, trying again..
13:02:07.659 [Thread-1323] ERROR com.iluwatar.commander.Commander - Order N5DDZ8KCXS0S: Unable to enqueue task of type Payment Failure Message, trying to add to employee handle..
13:02:07.659 [Thread-1321] WARN com.iluwatar.commander.Commander - Order 3DYFLN5TWOK4: Error in connecting to employee handle, trying again..
13:02:07.659 [Thread-1333] WARN com.iluwatar.commander.Commander - Order N5DDZ8KCXS0S: Error in connecting to employee handle, trying again..
13:02:07.659 [Thread-1321] WARN com.iluwatar.commander.Commander - Order 3DYFLN5TWOK4: Error in adding to employee db, trying to queue task..
13:02:07.659 [Thread-1334] WARN com.iluwatar.commander.Commander - Order 3DYFLN5TWOK4: Error in connecting to queue db, trying again..
13:02:07.659 [Thread-1333] WARN com.iluwatar.commander.Commander - Order N5DDZ8KCXS0S: Error in adding to employee db, trying to queue task..
13:02:07.659 [Thread-1334] ERROR com.iluwatar.commander.Commander - Order 3DYFLN5TWOK4: Unable to enqueue task of type EMPLOYEE_DB, trying to add to employee handle..
13:02:07.659 [Thread-1335] WARN com.iluwatar.commander.Commander - Order N5DDZ8KCXS0S: Error in connecting to queue db, trying again..
13:02:07.659 [Thread-1335] ERROR com.iluwatar.commander.Commander - Order N5DDZ8KCXS0S: Unable to enqueue task of type EMPLOYEE_DB, trying to add to employee handle..
13:02:07.659 [Thread-1331] INFO com.iluwatar.commander.Commander - Order N5DDZ8KCXS0S: Added order to employee database
13:02:07.659 [main] ERROR com.iluwatar.commander.Commander - Order 1EWAV31GPK02: Payment time for order over, failed and returning..
13:02:07.659 [main] INFO com.iluwatar.commander.Commander - Order 1EWAV31GPK02: Shipping placed successfully, transaction id: VYK69B56RMYV
13:02:07.659 [main] INFO com.iluwatar.commander.Commander - Order has been placed and will be shipped to you. Please wait while we make your payment... 
13:02:07.659 [main] INFO com.iluwatar.commander.Commander - Order 1EWAV31GPK02: Shipping placed successfully, transaction id: UR8FOKDVVNZC
13:02:07.659 [main] INFO com.iluwatar.commander.Commander - Order has been placed and will be shipped to you. Please wait while we make your payment... 
13:02:07.659 [main] INFO com.iluwatar.commander.Commander - Order 1EWAV31GPK02: Shipping placed successfully, transaction id: VQHQKEHZGK7D
13:02:07.659 [Thread-1332] DEBUG com.iluwatar.commander.Commander - Order 1EWAV31GPK02: Error in creating Payment Failure message request..
13:02:07.659 [main] INFO com.iluwatar.commander.Commander - Order has been placed and will be shipped to you. Please wait while we make your payment... 
13:02:07.659 [Thread-1328] WARN com.iluwatar.commander.Commander - Order EQIHMY530RCC: Error in sending Payment Failure message, trying to queue task and add to employee handle..
13:02:07.659 [main] INFO com.iluwatar.commander.Commander - Order XCHN4AAGBTW4: Shipping placed successfully, transaction id: N0BISGTAVE8Q
13:02:07.659 [main] INFO com.iluwatar.commander.Commander - Order has been placed and will be shipped to you. Please wait while we make your payment... 
13:02:07.659 [Thread-1330] WARN com.iluwatar.commander.Commander - Order EQIHMY530RCC: Error in connecting to queue db, trying again..
13:02:07.660 [Thread-1330] ERROR com.iluwatar.commander.Commander - Order EQIHMY530RCC: Unable to enqueue task of type Payment Failure Message, trying to add to employee handle..
13:02:07.660 [Thread-1339] WARN com.iluwatar.commander.Commander - Order EQIHMY530RCC: Error in connecting to employee handle, trying again..
13:02:07.660 [Thread-1326] INFO com.iluwatar.commander.Commander - Order 3DYFLN5TWOK4: Added order to employee database
13:02:07.660 [Thread-1339] WARN com.iluwatar.commander.Commander - Order EQIHMY530RCC: Error in adding to employee db, trying to queue task..
13:02:07.660 [Thread-1342] WARN com.iluwatar.commander.Commander - Order EQIHMY530RCC: Error in connecting to queue db, trying again..
13:02:07.660 [Thread-1342] ERROR com.iluwatar.commander.Commander - Order EQIHMY530RCC: Unable to enqueue task of type EMPLOYEE_DB, trying to add to employee handle..
13:02:07.660 [Thread-1341] INFO com.iluwatar.commander.Commander - Order EQIHMY530RCC: Added order to employee database
13:02:07.660 [main] ERROR com.iluwatar.commander.Commander - Order XCHN4AAGBTW4: Payment time for order over, failed and returning..
13:02:07.660 [main] INFO com.iluwatar.commander.Commander - Order XCHN4AAGBTW4: Shipping placed successfully, transaction id: YO215G9KRART
13:02:07.660 [main] INFO com.iluwatar.commander.Commander - Order has been placed and will be shipped to you. Please wait while we make your payment... 
13:02:07.660 [main] INFO com.iluwatar.commander.Commander - Order XCHN4AAGBTW4: Shipping placed successfully, transaction id: 9O8R79YUWTXY
13:02:07.660 [main] INFO com.iluwatar.commander.Commander - Order has been placed and will be shipped to you. Please wait while we make your payment... 
13:02:07.660 [main] INFO com.iluwatar.commander.Commander - Order XCHN4AAGBTW4: Shipping placed successfully, transaction id: 35HBQ560WXNR
13:02:07.660 [main] INFO com.iluwatar.commander.Commander - Order has been placed and will be shipped to you. Please wait while we make your payment... 
13:02:07.660 [main] INFO com.iluwatar.commander.Commander - Order E2OP4MNB5ZYE: Shipping placed successfully, transaction id: CWIB2HBMO12K
13:02:07.660 [main] INFO com.iluwatar.commander.Commander - Order has been placed and will be shipped to you. Please wait while we make your payment... 
13:02:07.660 [Thread-1340] DEBUG com.iluwatar.commander.Commander - Order XCHN4AAGBTW4: Error in creating Payment Failure message request..
13:02:07.660 [Thread-1332] WARN com.iluwatar.commander.Commander - Order 1EWAV31GPK02: Error in sending Payment Failure message, trying to queue task and add to employee handle..
13:02:07.660 [Thread-1338] WARN com.iluwatar.commander.Commander - Order 1EWAV31GPK02: Error in connecting to queue db, trying again..
13:02:07.660 [Thread-1338] ERROR com.iluwatar.commander.Commander - Order 1EWAV31GPK02: Unable to enqueue task of type Payment Failure Message, trying to add to employee handle..
13:02:07.660 [Thread-1340] WARN com.iluwatar.commander.Commander - Order XCHN4AAGBTW4: Error in sending Payment Failure message, trying to queue task and add to employee handle..
13:02:07.660 [Thread-1345] WARN com.iluwatar.commander.Commander - Order XCHN4AAGBTW4: Error in connecting to queue db, trying again..
13:02:07.660 [Thread-1345] ERROR com.iluwatar.commander.Commander - Order XCHN4AAGBTW4: Unable to enqueue task of type Payment Failure Message, trying to add to employee handle..
13:02:07.660 [Thread-1348] WARN com.iluwatar.commander.Commander - Order XCHN4AAGBTW4: Error in connecting to employee handle, trying again..
13:02:07.660 [Thread-1348] WARN com.iluwatar.commander.Commander - Order XCHN4AAGBTW4: Error in adding to employee db, trying to queue task..
13:02:07.660 [Thread-1350] WARN com.iluwatar.commander.Commander - Order XCHN4AAGBTW4: Error in connecting to queue db, trying again..
13:02:07.660 [Thread-1350] ERROR com.iluwatar.commander.Commander - Order XCHN4AAGBTW4: Unable to enqueue task of type EMPLOYEE_DB, trying to add to employee handle..
13:02:07.661 [Thread-1351] INFO com.iluwatar.commander.Commander - Order XCHN4AAGBTW4: Added order to employee database
13:02:07.661 [Thread-1347] WARN com.iluwatar.commander.Commander - Order 1EWAV31GPK02: Error in connecting to employee handle, trying again..
13:02:07.661 [Thread-1346] INFO com.iluwatar.commander.Commander - Order 1EWAV31GPK02: Added order to employee database
13:02:07.661 [main] ERROR com.iluwatar.commander.Commander - Order E2OP4MNB5ZYE: Payment time for order over, failed and returning..
13:02:07.661 [main] INFO com.iluwatar.commander.Commander - Order E2OP4MNB5ZYE: Shipping placed successfully, transaction id: KQNCDJEL3O6K
13:02:07.661 [main] INFO com.iluwatar.commander.Commander - Order has been placed and will be shipped to you. Please wait while we make your payment... 
13:02:07.661 [main] INFO com.iluwatar.commander.Commander - Order E2OP4MNB5ZYE: Shipping placed successfully, transaction id: NUKQT9TWOXX3
13:02:07.661 [main] INFO com.iluwatar.commander.Commander - Order has been placed and will be shipped to you. Please wait while we make your payment... 
13:02:07.661 [main] INFO com.iluwatar.commander.Commander - Order E2OP4MNB5ZYE: Shipping placed successfully, transaction id: KURKG4V8RB71
13:02:07.661 [main] INFO com.iluwatar.commander.Commander - Order has been placed and will be shipped to you. Please wait while we make your payment... 
13:02:07.661 [Thread-1344] DEBUG com.iluwatar.commander.Commander - Order E2OP4MNB5ZYE: Error in creating Payment Failure message request..
13:02:07.661 [Thread-1344] WARN com.iluwatar.commander.Commander - Order E2OP4MNB5ZYE: Error in sending Payment Failure message, trying to queue task and add to employee handle..
13:02:07.661 [Thread-1353] WARN com.iluwatar.commander.Commander - Order E2OP4MNB5ZYE: Error in connecting to queue db, trying again..
13:02:07.661 [Thread-1353] ERROR com.iluwatar.commander.Commander - Order E2OP4MNB5ZYE: Unable to enqueue task of type Payment Failure Message, trying to add to employee handle..
13:02:07.661 [Thread-1354] WARN com.iluwatar.commander.Commander - Order E2OP4MNB5ZYE: Error in connecting to employee handle, trying again..
13:02:07.661 [Thread-1354] WARN com.iluwatar.commander.Commander - Order E2OP4MNB5ZYE: Error in adding to employee db, trying to queue task..
13:02:07.661 [Thread-1356] WARN com.iluwatar.commander.Commander - Order E2OP4MNB5ZYE: Error in connecting to queue db, trying again..
13:02:07.661 [Thread-1356] ERROR com.iluwatar.commander.Commander - Order E2OP4MNB5ZYE: Unable to enqueue task of type EMPLOYEE_DB, trying to add to employee handle..
13:02:07.661 [Thread-1347] WARN com.iluwatar.commander.Commander - Order 1EWAV31GPK02: Error in adding to employee db, trying to queue task..
13:02:07.661 [Thread-1352] WARN com.iluwatar.commander.Commander - Order 1EWAV31GPK02: Error in connecting to queue db, trying again..
13:02:07.661 [Thread-1352] ERROR com.iluwatar.commander.Commander - Order 1EWAV31GPK02: Unable to enqueue task of type EMPLOYEE_DB, trying to add to employee handle..
]]></system-out>
  </testcase>
  <testcase name="testPlaceOrderNoException3" classname="com.iluwatar.commander.CommanderTest" time="0.006">
    <system-out><![CDATA[13:02:07.662 [Thread-1357] INFO com.iluwatar.commander.Commander - Order E2OP4MNB5ZYE: Added order to employee database
13:02:07.662 [main] INFO com.iluwatar.commander.Commander - Order 1AF5GL1XH2U8: Shipping placed successfully, transaction id: 72L5ODJGYKHW
13:02:07.662 [main] INFO com.iluwatar.commander.Commander - Order has been placed and will be shipped to you. Please wait while we make your payment... 
13:02:07.662 [main] INFO com.iluwatar.commander.Commander - Order 1AF5GL1XH2U8: Shipping placed successfully, transaction id: HF074XMHOU6U
13:02:07.662 [main] INFO com.iluwatar.commander.Commander - Order has been placed and will be shipped to you. Please wait while we make your payment... 
13:02:07.662 [main] INFO com.iluwatar.commander.Commander - Order 1AF5GL1XH2U8: Shipping placed successfully, transaction id: OSLBX3200NRJ
13:02:07.662 [main] INFO com.iluwatar.commander.Commander - Order has been placed and will be shipped to you. Please wait while we make your payment... 
13:02:07.662 [Thread-1359] INFO com.iluwatar.commander.Commander - Order 1AF5GL1XH2U8: Payment successful, transaction Id: ZJDX4VCA7D8F
13:02:07.662 [Thread-1359] INFO com.iluwatar.commander.Commander - Payment made successfully, thank you for shopping with us!!
13:02:07.662 [main] INFO com.iluwatar.commander.Commander - Order 1AF5GL1XH2U8: Shipping placed successfully, transaction id: 58R9Z8FPRUQP
13:02:07.662 [main] INFO com.iluwatar.commander.Commander - Order has been placed and will be shipped to you. Please wait while we make your payment... 
13:02:07.662 [Thread-1362] DEBUG com.iluwatar.commander.Commander - Order 1AF5GL1XH2U8: Error in connecting to messaging service (Payment Success msg), trying again..
13:02:07.663 [main] INFO com.iluwatar.commander.Commander - Order IEL8KOEGYRUQ: Shipping placed successfully, transaction id: 5PX85OWRW027
13:02:07.663 [main] INFO com.iluwatar.commander.Commander - Order has been placed and will be shipped to you. Please wait while we make your payment... 
13:02:07.663 [Thread-1362] INFO com.iluwatar.commander.Commander - Order 1AF5GL1XH2U8: Error in sending Payment Success message, trying to queue task and add to employee handle..
13:02:07.663 [Thread-1364] WARN com.iluwatar.commander.Commander - Order 1AF5GL1XH2U8: Error in connecting to queue db, trying again..
13:02:07.663 [Thread-1364] ERROR com.iluwatar.commander.Commander - Order 1AF5GL1XH2U8: Unable to enqueue task of type Payment Success Message, trying to add to employee handle..
13:02:07.663 [Thread-1366] WARN com.iluwatar.commander.Commander - Order 1AF5GL1XH2U8: Error in connecting to employee handle, trying again..
13:02:07.663 [main] INFO com.iluwatar.commander.Commander - Order IEL8KOEGYRUQ: Shipping placed successfully, transaction id: A22BRDQKGMLK
13:02:07.663 [main] INFO com.iluwatar.commander.Commander - Order has been placed and will be shipped to you. Please wait while we make your payment... 
13:02:07.663 [Thread-1366] WARN com.iluwatar.commander.Commander - Order 1AF5GL1XH2U8: Error in adding to employee db, trying to queue task..
13:02:07.663 [Thread-1365] INFO com.iluwatar.commander.Commander - Order IEL8KOEGYRUQ: Payment successful, transaction Id: 1X25IL2XPYPG
13:02:07.663 [Thread-1365] INFO com.iluwatar.commander.Commander - Payment made successfully, thank you for shopping with us!!
13:02:07.663 [Thread-1368] WARN com.iluwatar.commander.Commander - Order 1AF5GL1XH2U8: Error in connecting to queue db, trying again..
13:02:07.663 [Thread-1368] ERROR com.iluwatar.commander.Commander - Order 1AF5GL1XH2U8: Unable to enqueue task of type EMPLOYEE_DB, trying to add to employee handle..
13:02:07.663 [Thread-1367] INFO com.iluwatar.commander.Commander - Order 1AF5GL1XH2U8: Added order to employee database
13:02:07.663 [main] INFO com.iluwatar.commander.Commander - Order IEL8KOEGYRUQ: Shipping placed successfully, transaction id: F40FNA8E11KR
13:02:07.663 [main] INFO com.iluwatar.commander.Commander - Order has been placed and will be shipped to you. Please wait while we make your payment... 
13:02:07.663 [main] INFO com.iluwatar.commander.Commander - Order IEL8KOEGYRUQ: Shipping placed successfully, transaction id: XVKB1KKM6YT5
13:02:07.663 [main] INFO com.iluwatar.commander.Commander - Order has been placed and will be shipped to you. Please wait while we make your payment... 
13:02:07.663 [Thread-1370] DEBUG com.iluwatar.commander.Commander - Order IEL8KOEGYRUQ: Error in connecting to messaging service (Payment Success msg), trying again..
13:02:07.663 [main] INFO com.iluwatar.commander.Commander - Order MI1M5IIMIJRO: Shipping placed successfully, transaction id: TOBT3WH8ZT7Z
13:02:07.663 [main] INFO com.iluwatar.commander.Commander - Order has been placed and will be shipped to you. Please wait while we make your payment... 
13:02:07.663 [main] INFO com.iluwatar.commander.Commander - Order MI1M5IIMIJRO: Shipping placed successfully, transaction id: PR8ZRZE3W988
13:02:07.663 [main] INFO com.iluwatar.commander.Commander - Order has been placed and will be shipped to you. Please wait while we make your payment... 
13:02:07.663 [Thread-1375] INFO com.iluwatar.commander.Commander - Order MI1M5IIMIJRO: Payment successful, transaction Id: RZNCGC16LG4Y
13:02:07.663 [Thread-1375] INFO com.iluwatar.commander.Commander - Payment made successfully, thank you for shopping with us!!
13:02:07.663 [main] INFO com.iluwatar.commander.Commander - Order MI1M5IIMIJRO: Shipping placed successfully, transaction id: TE4ZMC6C72IQ
13:02:07.663 [main] INFO com.iluwatar.commander.Commander - Order has been placed and will be shipped to you. Please wait while we make your payment... 
13:02:07.663 [main] INFO com.iluwatar.commander.Commander - Order MI1M5IIMIJRO: Shipping placed successfully, transaction id: I2AJHF36JMFD
13:02:07.663 [main] INFO com.iluwatar.commander.Commander - Order has been placed and will be shipped to you. Please wait while we make your payment... 
13:02:07.663 [main] INFO com.iluwatar.commander.Commander - Order E8DN4Q6YOF4X: Shipping placed successfully, transaction id: 08CO1IBAM5PE
13:02:07.663 [main] INFO com.iluwatar.commander.Commander - Order has been placed and will be shipped to you. Please wait while we make your payment... 
13:02:07.663 [main] INFO com.iluwatar.commander.Commander - Order E8DN4Q6YOF4X: Shipping placed successfully, transaction id: R2S94CDCGHY9
13:02:07.663 [main] INFO com.iluwatar.commander.Commander - Order has been placed and will be shipped to you. Please wait while we make your payment... 
13:02:07.663 [Thread-1380] INFO com.iluwatar.commander.Commander - Order E8DN4Q6YOF4X: Payment successful, transaction Id: HDK8K6B08CHS
13:02:07.663 [Thread-1377] DEBUG com.iluwatar.commander.Commander - Order MI1M5IIMIJRO: Error in connecting to messaging service (Payment Success msg), trying again..
13:02:07.663 [Thread-1380] INFO com.iluwatar.commander.Commander - Payment made successfully, thank you for shopping with us!!
13:02:07.663 [Thread-1370] INFO com.iluwatar.commander.Commander - Order IEL8KOEGYRUQ: Error in sending Payment Success message, trying to queue task and add to employee handle..
13:02:07.663 [Thread-1374] WARN com.iluwatar.commander.Commander - Order IEL8KOEGYRUQ: Error in connecting to queue db, trying again..
13:02:07.663 [Thread-1374] ERROR com.iluwatar.commander.Commander - Order IEL8KOEGYRUQ: Unable to enqueue task of type Payment Success Message, trying to add to employee handle..
13:02:07.663 [Thread-1383] DEBUG com.iluwatar.commander.Commander - Order E8DN4Q6YOF4X: Error in connecting to messaging service (Payment Success msg), trying again..
13:02:07.663 [Thread-1385] WARN com.iluwatar.commander.Commander - Order IEL8KOEGYRUQ: Error in connecting to employee handle, trying again..
13:02:07.663 [Thread-1384] INFO com.iluwatar.commander.Commander - Order IEL8KOEGYRUQ: Added order to employee database
13:02:07.663 [Thread-1377] INFO com.iluwatar.commander.Commander - Order MI1M5IIMIJRO: Error in sending Payment Success message, trying to queue task and add to employee handle..
13:02:07.663 [Thread-1382] WARN com.iluwatar.commander.Commander - Order MI1M5IIMIJRO: Error in connecting to queue db, trying again..
13:02:07.663 [main] INFO com.iluwatar.commander.Commander - Order E8DN4Q6YOF4X: Shipping placed successfully, transaction id: W26RSB8IGRJZ
13:02:07.663 [main] INFO com.iluwatar.commander.Commander - Order has been placed and will be shipped to you. Please wait while we make your payment... 
13:02:07.663 [Thread-1382] ERROR com.iluwatar.commander.Commander - Order MI1M5IIMIJRO: Unable to enqueue task of type Payment Success Message, trying to add to employee handle..
13:02:07.663 [main] INFO com.iluwatar.commander.Commander - Order E8DN4Q6YOF4X: Shipping placed successfully, transaction id: 2FGWLARDGJM7
13:02:07.663 [main] INFO com.iluwatar.commander.Commander - Order has been placed and will be shipped to you. Please wait while we make your payment... 
13:02:07.663 [main] INFO com.iluwatar.commander.Commander - Order YBIUWZUMLCVA: Shipping placed successfully, transaction id: 7P3NDXMD208W
13:02:07.663 [main] INFO com.iluwatar.commander.Commander - Order has been placed and will be shipped to you. Please wait while we make your payment... 
13:02:07.663 [Thread-1390] WARN com.iluwatar.commander.Commander - Order MI1M5IIMIJRO: Error in connecting to employee handle, trying again..
13:02:07.663 [Thread-1388] INFO com.iluwatar.commander.Commander - Order MI1M5IIMIJRO: Added order to employee database
13:02:07.663 [Thread-1385] WARN com.iluwatar.commander.Commander - Order IEL8KOEGYRUQ: Error in adding to employee db, trying to queue task..
13:02:07.663 [Thread-1387] WARN com.iluwatar.commander.Commander - Order IEL8KOEGYRUQ: Error in connecting to queue db, trying again..
13:02:07.663 [Thread-1387] ERROR com.iluwatar.commander.Commander - Order IEL8KOEGYRUQ: Unable to enqueue task of type EMPLOYEE_DB, trying to add to employee handle..
13:02:07.663 [Thread-1383] INFO com.iluwatar.commander.Commander - Order E8DN4Q6YOF4X: Error in sending Payment Success message, trying to queue task and add to employee handle..
13:02:07.663 [Thread-1386] WARN com.iluwatar.commander.Commander - Order E8DN4Q6YOF4X: Error in connecting to queue db, trying again..
13:02:07.663 [Thread-1386] ERROR com.iluwatar.commander.Commander - Order E8DN4Q6YOF4X: Unable to enqueue task of type Payment Success Message, trying to add to employee handle..
13:02:07.664 [Thread-1390] WARN com.iluwatar.commander.Commander - Order MI1M5IIMIJRO: Error in adding to employee db, trying to queue task..
13:02:07.664 [Thread-1393] WARN com.iluwatar.commander.Commander - Order MI1M5IIMIJRO: Error in connecting to queue db, trying again..
13:02:07.664 [Thread-1393] ERROR com.iluwatar.commander.Commander - Order MI1M5IIMIJRO: Unable to enqueue task of type EMPLOYEE_DB, trying to add to employee handle..
13:02:07.664 [main] INFO com.iluwatar.commander.Commander - Order YBIUWZUMLCVA: Shipping placed successfully, transaction id: QAKZCAHVD2HN
13:02:07.664 [main] INFO com.iluwatar.commander.Commander - Order has been placed and will be shipped to you. Please wait while we make your payment... 
13:02:07.664 [Thread-1392] INFO com.iluwatar.commander.Commander - Order YBIUWZUMLCVA: Payment successful, transaction Id: JTTYS9VWK1IW
13:02:07.664 [Thread-1392] INFO com.iluwatar.commander.Commander - Payment made successfully, thank you for shopping with us!!
13:02:07.664 [main] INFO com.iluwatar.commander.Commander - Order YBIUWZUMLCVA: Shipping placed successfully, transaction id: V6W89XA5VWDR
13:02:07.664 [main] INFO com.iluwatar.commander.Commander - Order has been placed and will be shipped to you. Please wait while we make your payment... 
13:02:07.664 [Thread-1396] WARN com.iluwatar.commander.Commander - Order E8DN4Q6YOF4X: Error in connecting to employee handle, trying again..
13:02:07.664 [Thread-1395] INFO com.iluwatar.commander.Commander - Order E8DN4Q6YOF4X: Added order to employee database
13:02:07.664 [Thread-1396] WARN com.iluwatar.commander.Commander - Order E8DN4Q6YOF4X: Error in adding to employee db, trying to queue task..
13:02:07.664 [Thread-1401] WARN com.iluwatar.commander.Commander - Order E8DN4Q6YOF4X: Error in connecting to queue db, trying again..
13:02:07.664 [Thread-1401] ERROR com.iluwatar.commander.Commander - Order E8DN4Q6YOF4X: Unable to enqueue task of type EMPLOYEE_DB, trying to add to employee handle..
13:02:07.664 [main] INFO com.iluwatar.commander.Commander - Order YBIUWZUMLCVA: Shipping placed successfully, transaction id: 41KUMJ2CK974
13:02:07.664 [main] INFO com.iluwatar.commander.Commander - Order has been placed and will be shipped to you. Please wait while we make your payment... 
13:02:07.664 [Thread-1399] DEBUG com.iluwatar.commander.Commander - Order YBIUWZUMLCVA: Error in connecting to messaging service (Payment Success msg), trying again..
13:02:07.664 [Thread-1399] INFO com.iluwatar.commander.Commander - Order YBIUWZUMLCVA: Error in sending Payment Success message, trying to queue task and add to employee handle..
13:02:07.664 [Thread-1404] WARN com.iluwatar.commander.Commander - Order YBIUWZUMLCVA: Error in connecting to queue db, trying again..
13:02:07.664 [Thread-1404] ERROR com.iluwatar.commander.Commander - Order YBIUWZUMLCVA: Unable to enqueue task of type Payment Success Message, trying to add to employee handle..
13:02:07.664 [main] INFO com.iluwatar.commander.Commander - Order FTQ245L6FWGE: Shipping placed successfully, transaction id: ZYOLOVZ6QBA9
13:02:07.664 [main] INFO com.iluwatar.commander.Commander - Order has been placed and will be shipped to you. Please wait while we make your payment... 
13:02:07.664 [main] INFO com.iluwatar.commander.Commander - Order FTQ245L6FWGE: Shipping placed successfully, transaction id: C230S5IUF2BG
13:02:07.664 [main] INFO com.iluwatar.commander.Commander - Order has been placed and will be shipped to you. Please wait while we make your payment... 
13:02:07.664 [Thread-1407] INFO com.iluwatar.commander.Commander - Order FTQ245L6FWGE: Payment successful, transaction Id: NNIHA985ROJF
13:02:07.664 [Thread-1407] INFO com.iluwatar.commander.Commander - Payment made successfully, thank you for shopping with us!!
13:02:07.664 [Thread-1406] WARN com.iluwatar.commander.Commander - Order YBIUWZUMLCVA: Error in connecting to employee handle, trying again..
13:02:07.664 [Thread-1405] INFO com.iluwatar.commander.Commander - Order YBIUWZUMLCVA: Added order to employee database
13:02:07.664 [Thread-1406] WARN com.iluwatar.commander.Commander - Order YBIUWZUMLCVA: Error in adding to employee db, trying to queue task..
13:02:07.664 [Thread-1410] WARN com.iluwatar.commander.Commander - Order YBIUWZUMLCVA: Error in connecting to queue db, trying again..
13:02:07.664 [Thread-1410] ERROR com.iluwatar.commander.Commander - Order YBIUWZUMLCVA: Unable to enqueue task of type EMPLOYEE_DB, trying to add to employee handle..
13:02:07.664 [Thread-1409] DEBUG com.iluwatar.commander.Commander - Order FTQ245L6FWGE: Error in connecting to messaging service (Payment Success msg), trying again..
13:02:07.664 [main] INFO com.iluwatar.commander.Commander - Order FTQ245L6FWGE: Shipping placed successfully, transaction id: M6Z6OR6ZCMJH
13:02:07.664 [main] INFO com.iluwatar.commander.Commander - Order has been placed and will be shipped to you. Please wait while we make your payment... 
13:02:07.664 [Thread-1409] INFO com.iluwatar.commander.Commander - Order FTQ245L6FWGE: Error in sending Payment Success message, trying to queue task and add to employee handle..
13:02:07.664 [Thread-1412] WARN com.iluwatar.commander.Commander - Order FTQ245L6FWGE: Error in connecting to queue db, trying again..
13:02:07.664 [Thread-1412] ERROR com.iluwatar.commander.Commander - Order FTQ245L6FWGE: Unable to enqueue task of type Payment Success Message, trying to add to employee handle..
13:02:07.664 [Thread-1414] WARN com.iluwatar.commander.Commander - Order FTQ245L6FWGE: Error in connecting to employee handle, trying again..
13:02:07.664 [Thread-1414] WARN com.iluwatar.commander.Commander - Order FTQ245L6FWGE: Error in adding to employee db, trying to queue task..
13:02:07.664 [Thread-1416] WARN com.iluwatar.commander.Commander - Order FTQ245L6FWGE: Error in connecting to queue db, trying again..
13:02:07.664 [Thread-1416] ERROR com.iluwatar.commander.Commander - Order FTQ245L6FWGE: Unable to enqueue task of type EMPLOYEE_DB, trying to add to employee handle..
13:02:07.664 [Thread-1415] INFO com.iluwatar.commander.Commander - Order FTQ245L6FWGE: Added order to employee database
13:02:07.664 [main] INFO com.iluwatar.commander.Commander - Order FTQ245L6FWGE: Shipping placed successfully, transaction id: E64UUIVZH090
13:02:07.664 [main] INFO com.iluwatar.commander.Commander - Order has been placed and will be shipped to you. Please wait while we make your payment... 
13:02:07.665 [main] INFO com.iluwatar.commander.Commander - Order 3K09EN12VQZF: Shipping placed successfully, transaction id: 7QFMT3EXGGEQ
13:02:07.665 [main] INFO com.iluwatar.commander.Commander - Order has been placed and will be shipped to you. Please wait while we make your payment... 
13:02:07.665 [main] INFO com.iluwatar.commander.Commander - Order 3K09EN12VQZF: Shipping placed successfully, transaction id: D66CVIU7UXPI
13:02:07.665 [main] INFO com.iluwatar.commander.Commander - Order has been placed and will be shipped to you. Please wait while we make your payment... 
13:02:07.665 [Thread-1419] INFO com.iluwatar.commander.Commander - Order 3K09EN12VQZF: Payment successful, transaction Id: P9TVDM1213ML
13:02:07.665 [Thread-1419] INFO com.iluwatar.commander.Commander - Payment made successfully, thank you for shopping with us!!
13:02:07.665 [main] INFO com.iluwatar.commander.Commander - Order 3K09EN12VQZF: Shipping placed successfully, transaction id: 2TR5DA7Z82I7
13:02:07.665 [main] INFO com.iluwatar.commander.Commander - Order has been placed and will be shipped to you. Please wait while we make your payment... 
13:02:07.665 [main] INFO com.iluwatar.commander.Commander - Order 3K09EN12VQZF: Shipping placed successfully, transaction id: KLEY5QVRGKHP
13:02:07.665 [main] INFO com.iluwatar.commander.Commander - Order has been placed and will be shipped to you. Please wait while we make your payment... 
13:02:07.665 [main] INFO com.iluwatar.commander.Commander - Order DL8R0TW8JMT5: Shipping placed successfully, transaction id: 1UWVTNPJRRBU
13:02:07.665 [main] INFO com.iluwatar.commander.Commander - Order has been placed and will be shipped to you. Please wait while we make your payment... 
13:02:07.665 [Thread-1421] DEBUG com.iluwatar.commander.Commander - Order 3K09EN12VQZF: Error in connecting to messaging service (Payment Success msg), trying again..
13:02:07.665 [main] INFO com.iluwatar.commander.Commander - Order DL8R0TW8JMT5: Shipping placed successfully, transaction id: EY0X8M5FQCX0
13:02:07.665 [main] INFO com.iluwatar.commander.Commander - Order has been placed and will be shipped to you. Please wait while we make your payment... 
13:02:07.665 [Thread-1421] INFO com.iluwatar.commander.Commander - Order 3K09EN12VQZF: Error in sending Payment Success message, trying to queue task and add to employee handle..
13:02:07.665 [Thread-1425] WARN com.iluwatar.commander.Commander - Order 3K09EN12VQZF: Error in connecting to queue db, trying again..
13:02:07.665 [Thread-1425] ERROR com.iluwatar.commander.Commander - Order 3K09EN12VQZF: Unable to enqueue task of type Payment Success Message, trying to add to employee handle..
13:02:07.665 [Thread-1424] INFO com.iluwatar.commander.Commander - Order DL8R0TW8JMT5: Payment successful, transaction Id: J2SLJ3NS11VA
13:02:07.665 [Thread-1424] INFO com.iluwatar.commander.Commander - Payment made successfully, thank you for shopping with us!!
13:02:07.665 [Thread-1427] WARN com.iluwatar.commander.Commander - Order 3K09EN12VQZF: Error in connecting to employee handle, trying again..
13:02:07.665 [Thread-1429] DEBUG com.iluwatar.commander.Commander - Order DL8R0TW8JMT5: Error in connecting to messaging service (Payment Success msg), trying again..
13:02:07.665 [Thread-1427] WARN com.iluwatar.commander.Commander - Order 3K09EN12VQZF: Error in adding to employee db, trying to queue task..
13:02:07.665 [Thread-1429] INFO com.iluwatar.commander.Commander - Order DL8R0TW8JMT5: Error in sending Payment Success message, trying to queue task and add to employee handle..
13:02:07.665 [Thread-1430] WARN com.iluwatar.commander.Commander - Order 3K09EN12VQZF: Error in connecting to queue db, trying again..
13:02:07.665 [Thread-1431] WARN com.iluwatar.commander.Commander - Order DL8R0TW8JMT5: Error in connecting to queue db, trying again..
13:02:07.665 [Thread-1430] ERROR com.iluwatar.commander.Commander - Order 3K09EN12VQZF: Unable to enqueue task of type EMPLOYEE_DB, trying to add to employee handle..
13:02:07.665 [Thread-1431] ERROR com.iluwatar.commander.Commander - Order DL8R0TW8JMT5: Unable to enqueue task of type Payment Success Message, trying to add to employee handle..
13:02:07.665 [main] INFO com.iluwatar.commander.Commander - Order DL8R0TW8JMT5: Shipping placed successfully, transaction id: 4J07IU0VLJ43
13:02:07.665 [main] INFO com.iluwatar.commander.Commander - Order has been placed and will be shipped to you. Please wait while we make your payment... 
13:02:07.665 [Thread-1434] WARN com.iluwatar.commander.Commander - Order DL8R0TW8JMT5: Error in connecting to employee handle, trying again..
13:02:07.665 [Thread-1433] INFO com.iluwatar.commander.Commander - Order 3K09EN12VQZF: Added order to employee database
13:02:07.665 [Thread-1432] INFO com.iluwatar.commander.Commander - Order DL8R0TW8JMT5: Added order to employee database
13:02:07.665 [Thread-1434] WARN com.iluwatar.commander.Commander - Order DL8R0TW8JMT5: Error in adding to employee db, trying to queue task..
13:02:07.665 [Thread-1436] WARN com.iluwatar.commander.Commander - Order DL8R0TW8JMT5: Error in connecting to queue db, trying again..
13:02:07.665 [Thread-1436] ERROR com.iluwatar.commander.Commander - Order DL8R0TW8JMT5: Unable to enqueue task of type EMPLOYEE_DB, trying to add to employee handle..
13:02:07.665 [main] INFO com.iluwatar.commander.Commander - Order DL8R0TW8JMT5: Shipping placed successfully, transaction id: FG6CO8RFIH2A
13:02:07.665 [main] INFO com.iluwatar.commander.Commander - Order has been placed and will be shipped to you. Please wait while we make your payment... 
13:02:07.665 [main] INFO com.iluwatar.commander.Commander - Order LO2PKG3FHZX8: Shipping placed successfully, transaction id: NCN1O1W4Q2VN
13:02:07.665 [main] INFO com.iluwatar.commander.Commander - Order has been placed and will be shipped to you. Please wait while we make your payment... 
13:02:07.665 [main] ERROR com.iluwatar.commander.Commander - Order LO2PKG3FHZX8: Payment time for order over, failed and returning..
13:02:07.665 [main] INFO com.iluwatar.commander.Commander - Order LO2PKG3FHZX8: Shipping placed successfully, transaction id: D9Q1R0A3X86R
13:02:07.665 [main] INFO com.iluwatar.commander.Commander - Order has been placed and will be shipped to you. Please wait while we make your payment... 
13:02:07.665 [main] INFO com.iluwatar.commander.Commander - Order LO2PKG3FHZX8: Shipping placed successfully, transaction id: UZ7WORHK61BQ
13:02:07.665 [Thread-1439] DEBUG com.iluwatar.commander.Commander - Order LO2PKG3FHZX8: Error in connecting to messaging service (Payment Failure msg), trying again..
13:02:07.665 [main] INFO com.iluwatar.commander.Commander - Order has been placed and will be shipped to you. Please wait while we make your payment... 
13:02:07.665 [main] INFO com.iluwatar.commander.Commander - Order LO2PKG3FHZX8: Shipping placed successfully, transaction id: 088L99EQ6PBV
13:02:07.665 [main] INFO com.iluwatar.commander.Commander - Order has been placed and will be shipped to you. Please wait while we make your payment... 
13:02:07.665 [Thread-1439] WARN com.iluwatar.commander.Commander - Order LO2PKG3FHZX8: Error in sending Payment Failure message, trying to queue task and add to employee handle..
13:02:07.665 [main] INFO com.iluwatar.commander.Commander - Order V96A119ZS1ZU: Shipping placed successfully, transaction id: KINZYPJG0W0Y
13:02:07.665 [main] INFO com.iluwatar.commander.Commander - Order has been placed and will be shipped to you. Please wait while we make your payment... 
13:02:07.665 [Thread-1440] WARN com.iluwatar.commander.Commander - Order LO2PKG3FHZX8: Error in connecting to queue db, trying again..
13:02:07.665 [Thread-1440] ERROR com.iluwatar.commander.Commander - Order LO2PKG3FHZX8: Unable to enqueue task of type Payment Failure Message, trying to add to employee handle..
13:02:07.665 [Thread-1441] WARN com.iluwatar.commander.Commander - Order LO2PKG3FHZX8: Error in connecting to employee handle, trying again..
13:02:07.665 [Thread-1443] INFO com.iluwatar.commander.Commander - Order LO2PKG3FHZX8: Added order to employee database
13:02:07.665 [main] ERROR com.iluwatar.commander.Commander - Order V96A119ZS1ZU: Payment time for order over, failed and returning..
13:02:07.665 [main] INFO com.iluwatar.commander.Commander - Order V96A119ZS1ZU: Shipping placed successfully, transaction id: UVC1AALO8NW7
13:02:07.665 [main] INFO com.iluwatar.commander.Commander - Order has been placed and will be shipped to you. Please wait while we make your payment... 
13:02:07.665 [main] INFO com.iluwatar.commander.Commander - Order V96A119ZS1ZU: Shipping placed successfully, transaction id: 6AEVCY8I973A
13:02:07.665 [main] INFO com.iluwatar.commander.Commander - Order has been placed and will be shipped to you. Please wait while we make your payment... 
13:02:07.665 [Thread-1442] DEBUG com.iluwatar.commander.Commander - Order V96A119ZS1ZU: Error in connecting to messaging service (Payment Failure msg), trying again..
13:02:07.665 [main] INFO com.iluwatar.commander.Commander - Order V96A119ZS1ZU: Shipping placed successfully, transaction id: 8G405PLE8E7Q
13:02:07.665 [main] INFO com.iluwatar.commander.Commander - Order has been placed and will be shipped to you. Please wait while we make your payment... 
13:02:07.666 [main] INFO com.iluwatar.commander.Commander - Order SSW6454IK4V8: Shipping placed successfully, transaction id: GHJZUBR2QNNB
13:02:07.666 [main] INFO com.iluwatar.commander.Commander - Order has been placed and will be shipped to you. Please wait while we make your payment... 
13:02:07.666 [Thread-1441] WARN com.iluwatar.commander.Commander - Order LO2PKG3FHZX8: Error in adding to employee db, trying to queue task..
13:02:07.666 [Thread-1444] WARN com.iluwatar.commander.Commander - Order LO2PKG3FHZX8: Error in connecting to queue db, trying again..
13:02:07.666 [Thread-1444] ERROR com.iluwatar.commander.Commander - Order LO2PKG3FHZX8: Unable to enqueue task of type EMPLOYEE_DB, trying to add to employee handle..
13:02:07.666 [main] ERROR com.iluwatar.commander.Commander - Order SSW6454IK4V8: Payment time for order over, failed and returning..
13:02:07.666 [main] INFO com.iluwatar.commander.Commander - Order SSW6454IK4V8: Shipping placed successfully, transaction id: IIDOO1Z1MLX8
13:02:07.666 [main] INFO com.iluwatar.commander.Commander - Order has been placed and will be shipped to you. Please wait while we make your payment... 
13:02:07.666 [main] INFO com.iluwatar.commander.Commander - Order SSW6454IK4V8: Shipping placed successfully, transaction id: I23Z7JIFEBPL
13:02:07.666 [main] INFO com.iluwatar.commander.Commander - Order has been placed and will be shipped to you. Please wait while we make your payment... 
13:02:07.666 [main] INFO com.iluwatar.commander.Commander - Order SSW6454IK4V8: Shipping placed successfully, transaction id: M7IPFUAMA14C
13:02:07.666 [main] INFO com.iluwatar.commander.Commander - Order has been placed and will be shipped to you. Please wait while we make your payment... 
13:02:07.666 [Thread-1446] DEBUG com.iluwatar.commander.Commander - Order SSW6454IK4V8: Error in connecting to messaging service (Payment Failure msg), trying again..
13:02:07.666 [main] INFO com.iluwatar.commander.Commander - Order LK86XK77AP2L: Shipping placed successfully, transaction id: 3IUSR5SZAUVD
13:02:07.666 [main] INFO com.iluwatar.commander.Commander - Order has been placed and will be shipped to you. Please wait while we make your payment... 
13:02:07.666 [Thread-1442] WARN com.iluwatar.commander.Commander - Order V96A119ZS1ZU: Error in sending Payment Failure message, trying to queue task and add to employee handle..
13:02:07.666 [Thread-1445] WARN com.iluwatar.commander.Commander - Order V96A119ZS1ZU: Error in connecting to queue db, trying again..
13:02:07.666 [Thread-1445] ERROR com.iluwatar.commander.Commander - Order V96A119ZS1ZU: Unable to enqueue task of type Payment Failure Message, trying to add to employee handle..
13:02:07.666 [main] ERROR com.iluwatar.commander.Commander - Order LK86XK77AP2L: Payment time for order over, failed and returning..
13:02:07.666 [main] INFO com.iluwatar.commander.Commander - Order LK86XK77AP2L: Shipping placed successfully, transaction id: HDX9RTCCK6E7
13:02:07.666 [main] INFO com.iluwatar.commander.Commander - Order has been placed and will be shipped to you. Please wait while we make your payment... 
13:02:07.666 [main] INFO com.iluwatar.commander.Commander - Order LK86XK77AP2L: Shipping placed successfully, transaction id: PYUKXH7V72RQ
13:02:07.666 [Thread-1451] WARN com.iluwatar.commander.Commander - Order V96A119ZS1ZU: Error in connecting to employee handle, trying again..
13:02:07.666 [main] INFO com.iluwatar.commander.Commander - Order has been placed and will be shipped to you. Please wait while we make your payment... 
13:02:07.666 [main] INFO com.iluwatar.commander.Commander - Order LK86XK77AP2L: Shipping placed successfully, transaction id: NKN4QO3W7MM1
13:02:07.666 [main] INFO com.iluwatar.commander.Commander - Order has been placed and will be shipped to you. Please wait while we make your payment... 
13:02:07.666 [Thread-1446] WARN com.iluwatar.commander.Commander - Order SSW6454IK4V8: Error in sending Payment Failure message, trying to queue task and add to employee handle..
13:02:07.666 [Thread-1449] DEBUG com.iluwatar.commander.Commander - Order LK86XK77AP2L: Error in connecting to messaging service (Payment Failure msg), trying again..
13:02:07.666 [main] INFO com.iluwatar.commander.Commander - Order 3X59JTGTEXK6: Shipping placed successfully, transaction id: ITBX7CAMTSLU
13:02:07.666 [main] INFO com.iluwatar.commander.Commander - Order has been placed and will be shipped to you. Please wait while we make your payment... 
13:02:07.666 [Thread-1448] WARN com.iluwatar.commander.Commander - Order SSW6454IK4V8: Error in connecting to queue db, trying again..
13:02:07.666 [Thread-1448] ERROR com.iluwatar.commander.Commander - Order SSW6454IK4V8: Unable to enqueue task of type Payment Failure Message, trying to add to employee handle..
13:02:07.666 [Thread-1453] WARN com.iluwatar.commander.Commander - Order SSW6454IK4V8: Error in connecting to employee handle, trying again..
13:02:07.666 [Thread-1451] WARN com.iluwatar.commander.Commander - Order V96A119ZS1ZU: Error in adding to employee db, trying to queue task..
13:02:07.666 [Thread-1452] WARN com.iluwatar.commander.Commander - Order V96A119ZS1ZU: Error in connecting to queue db, trying again..
13:02:07.666 [Thread-1452] ERROR com.iluwatar.commander.Commander - Order V96A119ZS1ZU: Unable to enqueue task of type EMPLOYEE_DB, trying to add to employee handle..
13:02:07.666 [Thread-1450] INFO com.iluwatar.commander.Commander - Order V96A119ZS1ZU: Added order to employee database
13:02:07.666 [Thread-1453] WARN com.iluwatar.commander.Commander - Order SSW6454IK4V8: Error in adding to employee db, trying to queue task..
13:02:07.666 [Thread-1457] WARN com.iluwatar.commander.Commander - Order SSW6454IK4V8: Error in connecting to queue db, trying again..
13:02:07.666 [Thread-1457] ERROR com.iluwatar.commander.Commander - Order SSW6454IK4V8: Unable to enqueue task of type EMPLOYEE_DB, trying to add to employee handle..
13:02:07.666 [Thread-1456] INFO com.iluwatar.commander.Commander - Order SSW6454IK4V8: Added order to employee database
13:02:07.666 [main] ERROR com.iluwatar.commander.Commander - Order 3X59JTGTEXK6: Payment time for order over, failed and returning..
13:02:07.666 [main] INFO com.iluwatar.commander.Commander - Order 3X59JTGTEXK6: Shipping placed successfully, transaction id: NP2MEK7TZTI1
13:02:07.666 [main] INFO com.iluwatar.commander.Commander - Order has been placed and will be shipped to you. Please wait while we make your payment... 
13:02:07.666 [Thread-1455] DEBUG com.iluwatar.commander.Commander - Order 3X59JTGTEXK6: Error in connecting to messaging service (Payment Failure msg), trying again..
13:02:07.666 [main] INFO com.iluwatar.commander.Commander - Order 3X59JTGTEXK6: Shipping placed successfully, transaction id: 6B4MSX8QV9P1
13:02:07.666 [main] INFO com.iluwatar.commander.Commander - Order has been placed and will be shipped to you. Please wait while we make your payment... 
13:02:07.666 [main] INFO com.iluwatar.commander.Commander - Order 3X59JTGTEXK6: Shipping placed successfully, transaction id: 7GLZX2IVB7B6
13:02:07.666 [main] INFO com.iluwatar.commander.Commander - Order has been placed and will be shipped to you. Please wait while we make your payment... 
13:02:07.666 [main] INFO com.iluwatar.commander.Commander - Order CKRGUD1IXQIZ: Shipping placed successfully, transaction id: M3KJ7QRILX7O
13:02:07.666 [Thread-1449] WARN com.iluwatar.commander.Commander - Order LK86XK77AP2L: Error in sending Payment Failure message, trying to queue task and add to employee handle..
13:02:07.666 [Thread-1454] WARN com.iluwatar.commander.Commander - Order LK86XK77AP2L: Error in connecting to queue db, trying again..
13:02:07.666 [main] INFO com.iluwatar.commander.Commander - Order has been placed and will be shipped to you. Please wait while we make your payment... 
13:02:07.666 [Thread-1454] ERROR com.iluwatar.commander.Commander - Order LK86XK77AP2L: Unable to enqueue task of type Payment Failure Message, trying to add to employee handle..
13:02:07.666 [Thread-1455] WARN com.iluwatar.commander.Commander - Order 3X59JTGTEXK6: Error in sending Payment Failure message, trying to queue task and add to employee handle..
13:02:07.666 [Thread-1460] WARN com.iluwatar.commander.Commander - Order 3X59JTGTEXK6: Error in connecting to queue db, trying again..
13:02:07.666 [Thread-1460] ERROR com.iluwatar.commander.Commander - Order 3X59JTGTEXK6: Unable to enqueue task of type Payment Failure Message, trying to add to employee handle..
13:02:07.666 [Thread-1464] WARN com.iluwatar.commander.Commander - Order 3X59JTGTEXK6: Error in connecting to employee handle, trying again..
13:02:07.666 [Thread-1465] INFO com.iluwatar.commander.Commander - Order 3X59JTGTEXK6: Added order to employee database
13:02:07.666 [main] ERROR com.iluwatar.commander.Commander - Order CKRGUD1IXQIZ: Payment time for order over, failed and returning..
13:02:07.666 [main] INFO com.iluwatar.commander.Commander - Order CKRGUD1IXQIZ: Shipping placed successfully, transaction id: AIL8JVQ0GPJP
13:02:07.666 [main] INFO com.iluwatar.commander.Commander - Order has been placed and will be shipped to you. Please wait while we make your payment... 
13:02:07.666 [main] INFO com.iluwatar.commander.Commander - Order CKRGUD1IXQIZ: Shipping placed successfully, transaction id: NRC2YLLSHO6T
13:02:07.666 [main] INFO com.iluwatar.commander.Commander - Order has been placed and will be shipped to you. Please wait while we make your payment... 
13:02:07.666 [main] INFO com.iluwatar.commander.Commander - Order CKRGUD1IXQIZ: Shipping placed successfully, transaction id: MJ7XGIZ7UPOZ
13:02:07.666 [main] INFO com.iluwatar.commander.Commander - Order has been placed and will be shipped to you. Please wait while we make your payment... 
13:02:07.666 [main] INFO com.iluwatar.commander.Commander - Order LPQY6OKYNTFT: Shipping placed successfully, transaction id: JYKYUG5T2G9A
13:02:07.666 [main] INFO com.iluwatar.commander.Commander - Order has been placed and will be shipped to you. Please wait while we make your payment... 
13:02:07.666 [Thread-1463] DEBUG com.iluwatar.commander.Commander - Order CKRGUD1IXQIZ: Error in connecting to messaging service (Payment Failure msg), trying again..
13:02:07.667 [Thread-1462] WARN com.iluwatar.commander.Commander - Order LK86XK77AP2L: Error in connecting to employee handle, trying again..
13:02:07.667 [main] ERROR com.iluwatar.commander.Commander - Order LPQY6OKYNTFT: Payment time for order over, failed and returning..
13:02:07.667 [Thread-1463] WARN com.iluwatar.commander.Commander - Order CKRGUD1IXQIZ: Error in sending Payment Failure message, trying to queue task and add to employee handle..
13:02:07.667 [Thread-1467] DEBUG com.iluwatar.commander.Commander - Order LPQY6OKYNTFT: Error in connecting to messaging service (Payment Failure msg), trying again..
13:02:07.667 [main] INFO com.iluwatar.commander.Commander - Order LPQY6OKYNTFT: Shipping placed successfully, transaction id: VHLO2R8MR5H6
13:02:07.667 [main] INFO com.iluwatar.commander.Commander - Order has been placed and will be shipped to you. Please wait while we make your payment... 
13:02:07.667 [Thread-1468] WARN com.iluwatar.commander.Commander - Order CKRGUD1IXQIZ: Error in connecting to queue db, trying again..
13:02:07.667 [Thread-1468] ERROR com.iluwatar.commander.Commander - Order CKRGUD1IXQIZ: Unable to enqueue task of type Payment Failure Message, trying to add to employee handle..
13:02:07.667 [main] INFO com.iluwatar.commander.Commander - Order LPQY6OKYNTFT: Shipping placed successfully, transaction id: NSZXNJ2IDXTS
13:02:07.667 [main] INFO com.iluwatar.commander.Commander - Order has been placed and will be shipped to you. Please wait while we make your payment... 
13:02:07.667 [main] INFO com.iluwatar.commander.Commander - Order LPQY6OKYNTFT: Shipping placed successfully, transaction id: DHHGHF83J99M
13:02:07.667 [main] INFO com.iluwatar.commander.Commander - Order has been placed and will be shipped to you. Please wait while we make your payment... 
13:02:07.667 [main] INFO com.iluwatar.commander.Commander - Order W947UNUKVPYK: Shipping placed successfully, transaction id: 99LH8SA9QUVU
13:02:07.667 [main] INFO com.iluwatar.commander.Commander - Order has been placed and will be shipped to you. Please wait while we make your payment... 
13:02:07.667 [Thread-1475] WARN com.iluwatar.commander.Commander - Order CKRGUD1IXQIZ: Error in connecting to employee handle, trying again..
13:02:07.667 [Thread-1461] INFO com.iluwatar.commander.Commander - Order LK86XK77AP2L: Added order to employee database
13:02:07.667 [Thread-1467] WARN com.iluwatar.commander.Commander - Order LPQY6OKYNTFT: Error in sending Payment Failure message, trying to queue task and add to employee handle..
13:02:07.667 [Thread-1474] WARN com.iluwatar.commander.Commander - Order LPQY6OKYNTFT: Error in connecting to queue db, trying again..
13:02:07.667 [Thread-1474] ERROR com.iluwatar.commander.Commander - Order LPQY6OKYNTFT: Unable to enqueue task of type Payment Failure Message, trying to add to employee handle..
13:02:07.667 [Thread-1478] WARN com.iluwatar.commander.Commander - Order LPQY6OKYNTFT: Error in connecting to employee handle, trying again..
13:02:07.667 [Thread-1479] INFO com.iluwatar.commander.Commander - Order LPQY6OKYNTFT: Added order to employee database
13:02:07.667 [Thread-1473] INFO com.iluwatar.commander.Commander - Order CKRGUD1IXQIZ: Added order to employee database
13:02:07.667 [Thread-1462] WARN com.iluwatar.commander.Commander - Order LK86XK77AP2L: Error in adding to employee db, trying to queue task..
13:02:07.667 [Thread-1469] WARN com.iluwatar.commander.Commander - Order LK86XK77AP2L: Error in connecting to queue db, trying again..
13:02:07.667 [Thread-1469] ERROR com.iluwatar.commander.Commander - Order LK86XK77AP2L: Unable to enqueue task of type EMPLOYEE_DB, trying to add to employee handle..
13:02:07.667 [Thread-1464] WARN com.iluwatar.commander.Commander - Order 3X59JTGTEXK6: Error in adding to employee db, trying to queue task..
13:02:07.667 [Thread-1466] WARN com.iluwatar.commander.Commander - Order 3X59JTGTEXK6: Error in connecting to queue db, trying again..
13:02:07.667 [Thread-1466] ERROR com.iluwatar.commander.Commander - Order 3X59JTGTEXK6: Unable to enqueue task of type EMPLOYEE_DB, trying to add to employee handle..
13:02:07.667 [Thread-1478] WARN com.iluwatar.commander.Commander - Order LPQY6OKYNTFT: Error in adding to employee db, trying to queue task..
13:02:07.667 [Thread-1480] WARN com.iluwatar.commander.Commander - Order LPQY6OKYNTFT: Error in connecting to queue db, trying again..
13:02:07.667 [Thread-1475] WARN com.iluwatar.commander.Commander - Order CKRGUD1IXQIZ: Error in adding to employee db, trying to queue task..
13:02:07.667 [Thread-1480] ERROR com.iluwatar.commander.Commander - Order LPQY6OKYNTFT: Unable to enqueue task of type EMPLOYEE_DB, trying to add to employee handle..
13:02:07.667 [Thread-1477] WARN com.iluwatar.commander.Commander - Order CKRGUD1IXQIZ: Error in connecting to queue db, trying again..
13:02:07.667 [Thread-1477] ERROR com.iluwatar.commander.Commander - Order CKRGUD1IXQIZ: Unable to enqueue task of type EMPLOYEE_DB, trying to add to employee handle..
13:02:07.667 [main] ERROR com.iluwatar.commander.Commander - Order W947UNUKVPYK: Payment time for order over, failed and returning..
13:02:07.667 [Thread-1476] DEBUG com.iluwatar.commander.Commander - Order W947UNUKVPYK: Error in connecting to messaging service (Payment Failure msg), trying again..
13:02:07.667 [main] INFO com.iluwatar.commander.Commander - Order W947UNUKVPYK: Shipping placed successfully, transaction id: I5XFMI1TUTF5
13:02:07.667 [main] INFO com.iluwatar.commander.Commander - Order has been placed and will be shipped to you. Please wait while we make your payment... 
13:02:07.667 [main] INFO com.iluwatar.commander.Commander - Order W947UNUKVPYK: Shipping placed successfully, transaction id: 1VU7JKZRCMVN
13:02:07.667 [main] INFO com.iluwatar.commander.Commander - Order has been placed and will be shipped to you. Please wait while we make your payment... 
13:02:07.667 [main] INFO com.iluwatar.commander.Commander - Order W947UNUKVPYK: Shipping placed successfully, transaction id: J0QCOC0H3N8B
13:02:07.667 [main] INFO com.iluwatar.commander.Commander - Order has been placed and will be shipped to you. Please wait while we make your payment... 
13:02:07.667 [main] INFO com.iluwatar.commander.Commander - Order W06R2UCWPKTH: Shipping placed successfully, transaction id: 0Q33YIQ5L44Y
13:02:07.667 [main] INFO com.iluwatar.commander.Commander - Order has been placed and will be shipped to you. Please wait while we make your payment... 
13:02:07.667 [main] ERROR com.iluwatar.commander.Commander - Order W06R2UCWPKTH: Payment time for order over, failed and returning..
13:02:07.667 [main] INFO com.iluwatar.commander.Commander - Order W06R2UCWPKTH: Shipping placed successfully, transaction id: DA2MNLP7H63S
13:02:07.667 [main] INFO com.iluwatar.commander.Commander - Order has been placed and will be shipped to you. Please wait while we make your payment... 
13:02:07.667 [main] INFO com.iluwatar.commander.Commander - Order W06R2UCWPKTH: Shipping placed successfully, transaction id: O7IJUKKKTT8I
13:02:07.667 [main] INFO com.iluwatar.commander.Commander - Order has been placed and will be shipped to you. Please wait while we make your payment... 
13:02:07.667 [main] INFO com.iluwatar.commander.Commander - Order W06R2UCWPKTH: Shipping placed successfully, transaction id: BGZOKG9VMNRO
13:02:07.667 [Thread-1488] DEBUG com.iluwatar.commander.Commander - Order W06R2UCWPKTH: Error in connecting to messaging service (Payment Failure msg), trying again..
13:02:07.667 [main] INFO com.iluwatar.commander.Commander - Order has been placed and will be shipped to you. Please wait while we make your payment... 
13:02:07.667 [main] INFO com.iluwatar.commander.Commander - Order UU1EM2UOBIW5: Shipping placed successfully, transaction id: 8SW9INELJ3WZ
13:02:07.667 [main] INFO com.iluwatar.commander.Commander - Order has been placed and will be shipped to you. Please wait while we make your payment... 
13:02:07.667 [Thread-1488] WARN com.iluwatar.commander.Commander - Order W06R2UCWPKTH: Error in sending Payment Failure message, trying to queue task and add to employee handle..
13:02:07.668 [Thread-1489] WARN com.iluwatar.commander.Commander - Order W06R2UCWPKTH: Error in connecting to queue db, trying again..
13:02:07.668 [Thread-1489] ERROR com.iluwatar.commander.Commander - Order W06R2UCWPKTH: Unable to enqueue task of type Payment Failure Message, trying to add to employee handle..
13:02:07.668 [Thread-1491] WARN com.iluwatar.commander.Commander - Order W06R2UCWPKTH: Error in connecting to employee handle, trying again..
13:02:07.668 [Thread-1476] WARN com.iluwatar.commander.Commander - Order W947UNUKVPYK: Error in sending Payment Failure message, trying to queue task and add to employee handle..
13:02:07.668 [Thread-1487] WARN com.iluwatar.commander.Commander - Order W947UNUKVPYK: Error in connecting to queue db, trying again..
13:02:07.668 [Thread-1487] ERROR com.iluwatar.commander.Commander - Order W947UNUKVPYK: Unable to enqueue task of type Payment Failure Message, trying to add to employee handle..
13:02:07.668 [Thread-1491] WARN com.iluwatar.commander.Commander - Order W06R2UCWPKTH: Error in adding to employee db, trying to queue task..
13:02:07.668 [Thread-1493] WARN com.iluwatar.commander.Commander - Order W06R2UCWPKTH: Error in connecting to queue db, trying again..
13:02:07.668 [Thread-1493] ERROR com.iluwatar.commander.Commander - Order W06R2UCWPKTH: Unable to enqueue task of type EMPLOYEE_DB, trying to add to employee handle..
13:02:07.668 [Thread-1494] WARN com.iluwatar.commander.Commander - Order W947UNUKVPYK: Error in connecting to employee handle, trying again..
13:02:07.668 [Thread-1492] INFO com.iluwatar.commander.Commander - Order W06R2UCWPKTH: Added order to employee database
13:02:07.668 [main] ERROR com.iluwatar.commander.Commander - Order UU1EM2UOBIW5: Payment time for order over, failed and returning..
13:02:07.668 [main] INFO com.iluwatar.commander.Commander - Order UU1EM2UOBIW5: Shipping placed successfully, transaction id: 7G5SSBIYYGRM
13:02:07.668 [main] INFO com.iluwatar.commander.Commander - Order has been placed and will be shipped to you. Please wait while we make your payment... 
13:02:07.668 [main] INFO com.iluwatar.commander.Commander - Order UU1EM2UOBIW5: Shipping placed successfully, transaction id: PY6IEWCEP7GD
13:02:07.668 [main] INFO com.iluwatar.commander.Commander - Order has been placed and will be shipped to you. Please wait while we make your payment... 
13:02:07.668 [main] INFO com.iluwatar.commander.Commander - Order UU1EM2UOBIW5: Shipping placed successfully, transaction id: SC1GPF8H5SN0
13:02:07.668 [main] INFO com.iluwatar.commander.Commander - Order has been placed and will be shipped to you. Please wait while we make your payment... 
13:02:07.668 [Thread-1490] DEBUG com.iluwatar.commander.Commander - Order UU1EM2UOBIW5: Error in connecting to messaging service (Payment Failure msg), trying again..
13:02:07.668 [main] INFO com.iluwatar.commander.Commander - Order L8UD6K2U86TY: Shipping placed successfully, transaction id: O6IGWIZH8C25
13:02:07.668 [main] INFO com.iluwatar.commander.Commander - Order has been placed and will be shipped to you. Please wait while we make your payment... 
13:02:07.668 [Thread-1494] WARN com.iluwatar.commander.Commander - Order W947UNUKVPYK: Error in adding to employee db, trying to queue task..
13:02:07.668 [Thread-1497] WARN com.iluwatar.commander.Commander - Order W947UNUKVPYK: Error in connecting to queue db, trying again..
13:02:07.668 [Thread-1497] ERROR com.iluwatar.commander.Commander - Order W947UNUKVPYK: Unable to enqueue task of type EMPLOYEE_DB, trying to add to employee handle..
13:02:07.668 [Thread-1495] INFO com.iluwatar.commander.Commander - Order W947UNUKVPYK: Added order to employee database
13:02:07.668 [main] ERROR com.iluwatar.commander.Commander - Order L8UD6K2U86TY: Payment time for order over, failed and returning..
13:02:07.668 [main] INFO com.iluwatar.commander.Commander - Order L8UD6K2U86TY: Shipping placed successfully, transaction id: 5XE0AVRSADC6
13:02:07.668 [main] INFO com.iluwatar.commander.Commander - Order has been placed and will be shipped to you. Please wait while we make your payment... 
13:02:07.668 [main] INFO com.iluwatar.commander.Commander - Order L8UD6K2U86TY: Shipping placed successfully, transaction id: KWL7570JNYHP
13:02:07.668 [main] INFO com.iluwatar.commander.Commander - Order has been placed and will be shipped to you. Please wait while we make your payment... 
13:02:07.668 [main] INFO com.iluwatar.commander.Commander - Order L8UD6K2U86TY: Shipping placed successfully, transaction id: U26WVV3C93XO
13:02:07.668 [main] INFO com.iluwatar.commander.Commander - Order has been placed and will be shipped to you. Please wait while we make your payment... 
13:02:07.668 [Thread-1490] WARN com.iluwatar.commander.Commander - Order UU1EM2UOBIW5: Error in sending Payment Failure message, trying to queue task and add to employee handle..
13:02:07.668 [Thread-1499] DEBUG com.iluwatar.commander.Commander - Order L8UD6K2U86TY: Error in connecting to messaging service (Payment Failure msg), trying again..
13:02:07.669 [Thread-1498] WARN com.iluwatar.commander.Commander - Order UU1EM2UOBIW5: Error in connecting to queue db, trying again..
]]></system-out>
  </testcase>
  <testcase name="testPlaceOrderNoException4" classname="com.iluwatar.commander.CommanderTest" time="0.012">
    <system-out><![CDATA[13:02:07.669 [Thread-1498] ERROR com.iluwatar.commander.Commander - Order UU1EM2UOBIW5: Unable to enqueue task of type Payment Failure Message, trying to add to employee handle..
13:02:07.669 [Thread-1501] WARN com.iluwatar.commander.Commander - Order UU1EM2UOBIW5: Error in connecting to employee handle, trying again..
13:02:07.669 [Thread-1501] WARN com.iluwatar.commander.Commander - Order UU1EM2UOBIW5: Error in adding to employee db, trying to queue task..
13:02:07.669 [Thread-1504] WARN com.iluwatar.commander.Commander - Order UU1EM2UOBIW5: Error in connecting to queue db, trying again..
13:02:07.669 [Thread-1504] ERROR com.iluwatar.commander.Commander - Order UU1EM2UOBIW5: Unable to enqueue task of type EMPLOYEE_DB, trying to add to employee handle..
13:02:07.669 [Thread-1503] INFO com.iluwatar.commander.Commander - Order UU1EM2UOBIW5: Added order to employee database
13:02:07.669 [Thread-1499] WARN com.iluwatar.commander.Commander - Order L8UD6K2U86TY: Error in sending Payment Failure message, trying to queue task and add to employee handle..
13:02:07.669 [Thread-1502] WARN com.iluwatar.commander.Commander - Order L8UD6K2U86TY: Error in connecting to queue db, trying again..
13:02:07.669 [Thread-1502] ERROR com.iluwatar.commander.Commander - Order L8UD6K2U86TY: Unable to enqueue task of type Payment Failure Message, trying to add to employee handle..
13:02:07.669 [Thread-1506] WARN com.iluwatar.commander.Commander - Order L8UD6K2U86TY: Error in connecting to employee handle, trying again..
13:02:07.670 [Thread-1507] INFO com.iluwatar.commander.Commander - Order L8UD6K2U86TY: Added order to employee database
13:02:07.670 [main] INFO com.iluwatar.commander.Commander - Order 9GOV5C86V51R: Shipping placed successfully, transaction id: 94TP9CD4I26E
13:02:07.670 [main] INFO com.iluwatar.commander.Commander - Order has been placed and will be shipped to you. Please wait while we make your payment... 
13:02:07.670 [main] INFO com.iluwatar.commander.Commander - Order 9GOV5C86V51R: Shipping placed successfully, transaction id: UIWZEE70JO8H
13:02:07.670 [main] INFO com.iluwatar.commander.Commander - Order has been placed and will be shipped to you. Please wait while we make your payment... 
13:02:07.670 [Thread-1509] INFO com.iluwatar.commander.Commander - Order 9GOV5C86V51R: Payment successful, transaction Id: H8J3GPFI7J72
13:02:07.670 [Thread-1509] INFO com.iluwatar.commander.Commander - Payment made successfully, thank you for shopping with us!!
13:02:07.670 [Thread-1506] WARN com.iluwatar.commander.Commander - Order L8UD6K2U86TY: Error in adding to employee db, trying to queue task..
13:02:07.670 [Thread-1508] WARN com.iluwatar.commander.Commander - Order L8UD6K2U86TY: Error in connecting to queue db, trying again..
13:02:07.670 [Thread-1508] ERROR com.iluwatar.commander.Commander - Order L8UD6K2U86TY: Unable to enqueue task of type EMPLOYEE_DB, trying to add to employee handle..
13:02:07.670 [main] INFO com.iluwatar.commander.Commander - Order 9GOV5C86V51R: Shipping placed successfully, transaction id: 2WY528NP0JP1
13:02:07.670 [main] INFO com.iluwatar.commander.Commander - Order has been placed and will be shipped to you. Please wait while we make your payment... 
13:02:07.670 [Thread-1511] DEBUG com.iluwatar.commander.Commander - Order 9GOV5C86V51R: Error in connecting to messaging service (Payment Success msg), trying again..
13:02:07.670 [Thread-1511] INFO com.iluwatar.commander.Commander - Order 9GOV5C86V51R: Error in sending Payment Success message, trying to queue task and add to employee handle..
13:02:07.670 [Thread-1514] WARN com.iluwatar.commander.Commander - Order 9GOV5C86V51R: Error in connecting to queue db, trying again..
13:02:07.670 [Thread-1514] ERROR com.iluwatar.commander.Commander - Order 9GOV5C86V51R: Unable to enqueue task of type Payment Success Message, trying to add to employee handle..
13:02:07.670 [Thread-1515] WARN com.iluwatar.commander.Commander - Order 9GOV5C86V51R: Error in connecting to employee handle, trying again..
13:02:07.670 [main] INFO com.iluwatar.commander.Commander - Order 9GOV5C86V51R: Shipping placed successfully, transaction id: F4PMSZ1O5OOZ
13:02:07.670 [main] INFO com.iluwatar.commander.Commander - Order has been placed and will be shipped to you. Please wait while we make your payment... 
13:02:07.670 [main] INFO com.iluwatar.commander.Commander - Order 9GOV5C86V51R: Shipping placed successfully, transaction id: 43DEFTZITS15
13:02:07.670 [main] INFO com.iluwatar.commander.Commander - Order has been placed and will be shipped to you. Please wait while we make your payment... 
13:02:07.670 [main] INFO com.iluwatar.commander.Commander - Order 9GOV5C86V51R: Shipping placed successfully, transaction id: HWC8VFM1VT77
13:02:07.670 [main] INFO com.iluwatar.commander.Commander - Order has been placed and will be shipped to you. Please wait while we make your payment... 
13:02:07.670 [Thread-1515] WARN com.iluwatar.commander.Commander - Order 9GOV5C86V51R: Error in adding to employee db, trying to queue task..
13:02:07.670 [Thread-1517] WARN com.iluwatar.commander.Commander - Order 9GOV5C86V51R: Error in connecting to queue db, trying again..
13:02:07.670 [Thread-1516] INFO com.iluwatar.commander.Commander - Order 9GOV5C86V51R: Added order to employee database
13:02:07.670 [Thread-1517] ERROR com.iluwatar.commander.Commander - Order 9GOV5C86V51R: Unable to enqueue task of type EMPLOYEE_DB, trying to add to employee handle..
13:02:07.671 [main] INFO com.iluwatar.commander.Commander - Order 9GOV5C86V51R: Shipping placed successfully, transaction id: J5SMWCF8V7UA
13:02:07.671 [main] INFO com.iluwatar.commander.Commander - Order has been placed and will be shipped to you. Please wait while we make your payment... 
13:02:07.671 [main] INFO com.iluwatar.commander.Commander - Order 9GOV5C86V51R: Shipping placed successfully, transaction id: R5RNUQG79N4E
13:02:07.671 [main] INFO com.iluwatar.commander.Commander - Order has been placed and will be shipped to you. Please wait while we make your payment... 
13:02:07.671 [main] INFO com.iluwatar.commander.Commander - Order 9GOV5C86V51R: Shipping placed successfully, transaction id: P5LDZMU3Q3O2
13:02:07.671 [main] INFO com.iluwatar.commander.Commander - Order has been placed and will be shipped to you. Please wait while we make your payment... 
13:02:07.671 [main] INFO com.iluwatar.commander.Commander - Order 9GOV5C86V51R: Shipping placed successfully, transaction id: ZNGEBBHG35QE
13:02:07.671 [main] INFO com.iluwatar.commander.Commander - Order has been placed and will be shipped to you. Please wait while we make your payment... 
13:02:07.671 [main] INFO com.iluwatar.commander.Commander - Order 9GOV5C86V51R: Shipping placed successfully, transaction id: 8NDC1PUBVVY4
13:02:07.671 [main] INFO com.iluwatar.commander.Commander - Order has been placed and will be shipped to you. Please wait while we make your payment... 
13:02:07.671 [main] INFO com.iluwatar.commander.Commander - Order 9GOV5C86V51R: Shipping placed successfully, transaction id: JW57XLC8GJIX
13:02:07.671 [main] INFO com.iluwatar.commander.Commander - Order has been placed and will be shipped to you. Please wait while we make your payment... 
13:02:07.671 [main] INFO com.iluwatar.commander.Commander - Order YEMAYSSBBZ0Y: Shipping placed successfully, transaction id: 4NQ1EC3XHQ6E
13:02:07.671 [main] INFO com.iluwatar.commander.Commander - Order has been placed and will be shipped to you. Please wait while we make your payment... 
13:02:07.671 [main] INFO com.iluwatar.commander.Commander - Order YEMAYSSBBZ0Y: Shipping placed successfully, transaction id: 26C2G8CQSM49
13:02:07.671 [main] INFO com.iluwatar.commander.Commander - Order has been placed and will be shipped to you. Please wait while we make your payment... 
13:02:07.671 [Thread-1528] INFO com.iluwatar.commander.Commander - Order YEMAYSSBBZ0Y: Payment successful, transaction Id: HI3A6JYVIW9Q
13:02:07.671 [Thread-1528] INFO com.iluwatar.commander.Commander - Payment made successfully, thank you for shopping with us!!
13:02:07.671 [main] INFO com.iluwatar.commander.Commander - Order YEMAYSSBBZ0Y: Shipping placed successfully, transaction id: HLGR0WWZXDVR
13:02:07.671 [main] INFO com.iluwatar.commander.Commander - Order has been placed and will be shipped to you. Please wait while we make your payment... 
13:02:07.671 [Thread-1530] DEBUG com.iluwatar.commander.Commander - Order YEMAYSSBBZ0Y: Error in connecting to messaging service (Payment Success msg), trying again..
13:02:07.671 [main] INFO com.iluwatar.commander.Commander - Order YEMAYSSBBZ0Y: Shipping placed successfully, transaction id: DU7RIFSXCZ3H
13:02:07.671 [main] INFO com.iluwatar.commander.Commander - Order has been placed and will be shipped to you. Please wait while we make your payment... 
13:02:07.671 [Thread-1530] INFO com.iluwatar.commander.Commander - Order YEMAYSSBBZ0Y: Error in sending Payment Success message, trying to queue task and add to employee handle..
13:02:07.671 [Thread-1532] WARN com.iluwatar.commander.Commander - Order YEMAYSSBBZ0Y: Error in connecting to queue db, trying again..
13:02:07.671 [Thread-1532] ERROR com.iluwatar.commander.Commander - Order YEMAYSSBBZ0Y: Unable to enqueue task of type Payment Success Message, trying to add to employee handle..
13:02:07.671 [Thread-1534] WARN com.iluwatar.commander.Commander - Order YEMAYSSBBZ0Y: Error in connecting to employee handle, trying again..
13:02:07.671 [main] INFO com.iluwatar.commander.Commander - Order YEMAYSSBBZ0Y: Shipping placed successfully, transaction id: H04BWBD86W1L
13:02:07.671 [main] INFO com.iluwatar.commander.Commander - Order has been placed and will be shipped to you. Please wait while we make your payment... 
13:02:07.671 [Thread-1534] WARN com.iluwatar.commander.Commander - Order YEMAYSSBBZ0Y: Error in adding to employee db, trying to queue task..
13:02:07.671 [Thread-1536] WARN com.iluwatar.commander.Commander - Order YEMAYSSBBZ0Y: Error in connecting to queue db, trying again..
13:02:07.671 [Thread-1536] ERROR com.iluwatar.commander.Commander - Order YEMAYSSBBZ0Y: Unable to enqueue task of type EMPLOYEE_DB, trying to add to employee handle..
13:02:07.671 [Thread-1535] INFO com.iluwatar.commander.Commander - Order YEMAYSSBBZ0Y: Added order to employee database
13:02:07.671 [main] INFO com.iluwatar.commander.Commander - Order YEMAYSSBBZ0Y: Shipping placed successfully, transaction id: 789V493YYAW7
13:02:07.671 [main] INFO com.iluwatar.commander.Commander - Order has been placed and will be shipped to you. Please wait while we make your payment... 
13:02:07.671 [main] INFO com.iluwatar.commander.Commander - Order YEMAYSSBBZ0Y: Shipping placed successfully, transaction id: R9FJOWPFRX6R
13:02:07.671 [main] INFO com.iluwatar.commander.Commander - Order has been placed and will be shipped to you. Please wait while we make your payment... 
13:02:07.671 [main] INFO com.iluwatar.commander.Commander - Order YEMAYSSBBZ0Y: Shipping placed successfully, transaction id: IA69ZMLOWSB1
13:02:07.671 [main] INFO com.iluwatar.commander.Commander - Order has been placed and will be shipped to you. Please wait while we make your payment... 
13:02:07.671 [main] INFO com.iluwatar.commander.Commander - Order YEMAYSSBBZ0Y: Shipping placed successfully, transaction id: X4PINAE6O00S
13:02:07.672 [main] INFO com.iluwatar.commander.Commander - Order has been placed and will be shipped to you. Please wait while we make your payment... 
13:02:07.672 [main] INFO com.iluwatar.commander.Commander - Order YEMAYSSBBZ0Y: Shipping placed successfully, transaction id: GCKVIXOQ4NMQ
13:02:07.672 [main] INFO com.iluwatar.commander.Commander - Order has been placed and will be shipped to you. Please wait while we make your payment... 
13:02:07.672 [main] INFO com.iluwatar.commander.Commander - Order YEMAYSSBBZ0Y: Shipping placed successfully, transaction id: WQNFQDU6LS68
13:02:07.672 [main] INFO com.iluwatar.commander.Commander - Order has been placed and will be shipped to you. Please wait while we make your payment... 
13:02:07.672 [main] INFO com.iluwatar.commander.Commander - Order YEMAYSSBBZ0Y: Shipping placed successfully, transaction id: 9G5ZTQC2BP2C
13:02:07.672 [main] INFO com.iluwatar.commander.Commander - Order has been placed and will be shipped to you. Please wait while we make your payment... 
13:02:07.672 [main] INFO com.iluwatar.commander.Commander - Order 40PS4OA09PT6: Shipping placed successfully, transaction id: C58Q04RL9P14
13:02:07.672 [main] INFO com.iluwatar.commander.Commander - Order has been placed and will be shipped to you. Please wait while we make your payment... 
13:02:07.672 [main] INFO com.iluwatar.commander.Commander - Order 40PS4OA09PT6: Shipping placed successfully, transaction id: QEPYYG6DXJLA
13:02:07.672 [main] INFO com.iluwatar.commander.Commander - Order has been placed and will be shipped to you. Please wait while we make your payment... 
13:02:07.672 [Thread-1546] INFO com.iluwatar.commander.Commander - Order 40PS4OA09PT6: Payment successful, transaction Id: 3DN5S42JK1B5
13:02:07.672 [Thread-1546] INFO com.iluwatar.commander.Commander - Payment made successfully, thank you for shopping with us!!
13:02:07.672 [main] INFO com.iluwatar.commander.Commander - Order 40PS4OA09PT6: Shipping placed successfully, transaction id: 41S1DE3FOI5E
13:02:07.672 [main] INFO com.iluwatar.commander.Commander - Order has been placed and will be shipped to you. Please wait while we make your payment... 
13:02:07.672 [Thread-1548] DEBUG com.iluwatar.commander.Commander - Order 40PS4OA09PT6: Error in connecting to messaging service (Payment Success msg), trying again..
13:02:07.672 [main] INFO com.iluwatar.commander.Commander - Order 40PS4OA09PT6: Shipping placed successfully, transaction id: 37DQGDZ8Y4NW
13:02:07.672 [main] INFO com.iluwatar.commander.Commander - Order has been placed and will be shipped to you. Please wait while we make your payment... 
13:02:07.672 [Thread-1548] INFO com.iluwatar.commander.Commander - Order 40PS4OA09PT6: Error in sending Payment Success message, trying to queue task and add to employee handle..
13:02:07.672 [Thread-1550] WARN com.iluwatar.commander.Commander - Order 40PS4OA09PT6: Error in connecting to queue db, trying again..
13:02:07.672 [Thread-1550] ERROR com.iluwatar.commander.Commander - Order 40PS4OA09PT6: Unable to enqueue task of type Payment Success Message, trying to add to employee handle..
13:02:07.672 [Thread-1552] WARN com.iluwatar.commander.Commander - Order 40PS4OA09PT6: Error in connecting to employee handle, trying again..
13:02:07.672 [Thread-1553] INFO com.iluwatar.commander.Commander - Order 40PS4OA09PT6: Added order to employee database
13:02:07.672 [main] INFO com.iluwatar.commander.Commander - Order 40PS4OA09PT6: Shipping placed successfully, transaction id: TQJH9XZDJQQN
13:02:07.672 [main] INFO com.iluwatar.commander.Commander - Order has been placed and will be shipped to you. Please wait while we make your payment... 
13:02:07.672 [main] INFO com.iluwatar.commander.Commander - Order 40PS4OA09PT6: Shipping placed successfully, transaction id: 5HY3GECHR50U
13:02:07.672 [main] INFO com.iluwatar.commander.Commander - Order has been placed and will be shipped to you. Please wait while we make your payment... 
13:02:07.672 [Thread-1552] WARN com.iluwatar.commander.Commander - Order 40PS4OA09PT6: Error in adding to employee db, trying to queue task..
13:02:07.672 [Thread-1554] WARN com.iluwatar.commander.Commander - Order 40PS4OA09PT6: Error in connecting to queue db, trying again..
13:02:07.672 [main] INFO com.iluwatar.commander.Commander - Order 40PS4OA09PT6: Shipping placed successfully, transaction id: U8359KBZ7F7P
13:02:07.672 [Thread-1554] ERROR com.iluwatar.commander.Commander - Order 40PS4OA09PT6: Unable to enqueue task of type EMPLOYEE_DB, trying to add to employee handle..
13:02:07.672 [main] INFO com.iluwatar.commander.Commander - Order has been placed and will be shipped to you. Please wait while we make your payment... 
13:02:07.672 [main] INFO com.iluwatar.commander.Commander - Order 40PS4OA09PT6: Shipping placed successfully, transaction id: SCI3C12FMC8L
13:02:07.672 [main] INFO com.iluwatar.commander.Commander - Order has been placed and will be shipped to you. Please wait while we make your payment... 
13:02:07.672 [main] INFO com.iluwatar.commander.Commander - Order 40PS4OA09PT6: Shipping placed successfully, transaction id: TSD51TTHC7LE
13:02:07.672 [main] INFO com.iluwatar.commander.Commander - Order has been placed and will be shipped to you. Please wait while we make your payment... 
13:02:07.672 [main] INFO com.iluwatar.commander.Commander - Order 40PS4OA09PT6: Shipping placed successfully, transaction id: 11S39UWWFGSZ
13:02:07.672 [main] INFO com.iluwatar.commander.Commander - Order has been placed and will be shipped to you. Please wait while we make your payment... 
13:02:07.672 [main] INFO com.iluwatar.commander.Commander - Order 40PS4OA09PT6: Shipping placed successfully, transaction id: 0V0A3738GZ4M
13:02:07.672 [main] INFO com.iluwatar.commander.Commander - Order has been placed and will be shipped to you. Please wait while we make your payment... 
13:02:07.672 [main] INFO com.iluwatar.commander.Commander - Order 40PS4OA09PT6: Shipping placed successfully, transaction id: VNSV7DHLB48X
13:02:07.672 [main] INFO com.iluwatar.commander.Commander - Order has been placed and will be shipped to you. Please wait while we make your payment... 
13:02:07.672 [main] INFO com.iluwatar.commander.Commander - Order QRWSFGROSZMO: Shipping placed successfully, transaction id: UG0TXU8RGVN4
13:02:07.672 [main] INFO com.iluwatar.commander.Commander - Order has been placed and will be shipped to you. Please wait while we make your payment... 
13:02:07.672 [main] INFO com.iluwatar.commander.Commander - Order QRWSFGROSZMO: Shipping placed successfully, transaction id: YVDZ9JZJLBMS
13:02:07.672 [main] INFO com.iluwatar.commander.Commander - Order has been placed and will be shipped to you. Please wait while we make your payment... 
13:02:07.672 [Thread-1564] INFO com.iluwatar.commander.Commander - Order QRWSFGROSZMO: Payment successful, transaction Id: 71L83TKD500A
13:02:07.672 [Thread-1564] INFO com.iluwatar.commander.Commander - Payment made successfully, thank you for shopping with us!!
13:02:07.672 [main] INFO com.iluwatar.commander.Commander - Order QRWSFGROSZMO: Shipping placed successfully, transaction id: EJ0NZUM4VFK0
13:02:07.672 [main] INFO com.iluwatar.commander.Commander - Order has been placed and will be shipped to you. Please wait while we make your payment... 
13:02:07.672 [Thread-1566] DEBUG com.iluwatar.commander.Commander - Order QRWSFGROSZMO: Error in connecting to messaging service (Payment Success msg), trying again..
13:02:07.672 [main] INFO com.iluwatar.commander.Commander - Order QRWSFGROSZMO: Shipping placed successfully, transaction id: XACOSO317TDY
13:02:07.672 [main] INFO com.iluwatar.commander.Commander - Order has been placed and will be shipped to you. Please wait while we make your payment... 
13:02:07.672 [Thread-1566] INFO com.iluwatar.commander.Commander - Order QRWSFGROSZMO: Error in sending Payment Success message, trying to queue task and add to employee handle..
13:02:07.672 [Thread-1568] WARN com.iluwatar.commander.Commander - Order QRWSFGROSZMO: Error in connecting to queue db, trying again..
13:02:07.672 [Thread-1568] ERROR com.iluwatar.commander.Commander - Order QRWSFGROSZMO: Unable to enqueue task of type Payment Success Message, trying to add to employee handle..
13:02:07.672 [main] INFO com.iluwatar.commander.Commander - Order QRWSFGROSZMO: Shipping placed successfully, transaction id: A5DX7EYTMOZQ
13:02:07.672 [main] INFO com.iluwatar.commander.Commander - Order has been placed and will be shipped to you. Please wait while we make your payment... 
13:02:07.672 [Thread-1571] WARN com.iluwatar.commander.Commander - Order QRWSFGROSZMO: Error in connecting to employee handle, trying again..
13:02:07.673 [Thread-1571] WARN com.iluwatar.commander.Commander - Order QRWSFGROSZMO: Error in adding to employee db, trying to queue task..
13:02:07.673 [Thread-1573] WARN com.iluwatar.commander.Commander - Order QRWSFGROSZMO: Error in connecting to queue db, trying again..
13:02:07.673 [Thread-1573] ERROR com.iluwatar.commander.Commander - Order QRWSFGROSZMO: Unable to enqueue task of type EMPLOYEE_DB, trying to add to employee handle..
13:02:07.673 [Thread-1570] INFO com.iluwatar.commander.Commander - Order QRWSFGROSZMO: Added order to employee database
13:02:07.673 [main] INFO com.iluwatar.commander.Commander - Order QRWSFGROSZMO: Shipping placed successfully, transaction id: KB4M39WNIVGM
13:02:07.673 [main] INFO com.iluwatar.commander.Commander - Order has been placed and will be shipped to you. Please wait while we make your payment... 
13:02:07.673 [main] INFO com.iluwatar.commander.Commander - Order QRWSFGROSZMO: Shipping placed successfully, transaction id: VFJBVRB2TBYF
13:02:07.673 [main] INFO com.iluwatar.commander.Commander - Order has been placed and will be shipped to you. Please wait while we make your payment... 
13:02:07.673 [main] INFO com.iluwatar.commander.Commander - Order QRWSFGROSZMO: Shipping placed successfully, transaction id: W8N2SOLR9V9C
13:02:07.673 [main] INFO com.iluwatar.commander.Commander - Order has been placed and will be shipped to you. Please wait while we make your payment... 
13:02:07.673 [main] INFO com.iluwatar.commander.Commander - Order QRWSFGROSZMO: Shipping placed successfully, transaction id: 99DZ2G88FDFS
13:02:07.673 [main] INFO com.iluwatar.commander.Commander - Order has been placed and will be shipped to you. Please wait while we make your payment... 
13:02:07.673 [main] INFO com.iluwatar.commander.Commander - Order QRWSFGROSZMO: Shipping placed successfully, transaction id: EQZVMM3X84A4
13:02:07.673 [main] INFO com.iluwatar.commander.Commander - Order has been placed and will be shipped to you. Please wait while we make your payment... 
13:02:07.673 [main] INFO com.iluwatar.commander.Commander - Order QRWSFGROSZMO: Shipping placed successfully, transaction id: A4J4019JKEIR
13:02:07.673 [main] INFO com.iluwatar.commander.Commander - Order has been placed and will be shipped to you. Please wait while we make your payment... 
13:02:07.673 [main] INFO com.iluwatar.commander.Commander - Order QRWSFGROSZMO: Shipping placed successfully, transaction id: WPJX3XQ3B9S3
13:02:07.673 [main] INFO com.iluwatar.commander.Commander - Order has been placed and will be shipped to you. Please wait while we make your payment... 
13:02:07.673 [main] INFO com.iluwatar.commander.Commander - Order R32DUJUP2DV1: Shipping placed successfully, transaction id: D9ZTVP7AI25I
13:02:07.673 [main] INFO com.iluwatar.commander.Commander - Order has been placed and will be shipped to you. Please wait while we make your payment... 
13:02:07.673 [main] INFO com.iluwatar.commander.Commander - Order R32DUJUP2DV1: Shipping placed successfully, transaction id: 4RJ9IGS0TD5Y
13:02:07.673 [main] INFO com.iluwatar.commander.Commander - Order has been placed and will be shipped to you. Please wait while we make your payment... 
13:02:07.673 [main] INFO com.iluwatar.commander.Commander - Order R32DUJUP2DV1: Shipping placed successfully, transaction id: MO40C16JDUJD
13:02:07.673 [main] INFO com.iluwatar.commander.Commander - Order has been placed and will be shipped to you. Please wait while we make your payment... 
13:02:07.673 [Thread-1582] INFO com.iluwatar.commander.Commander - Order R32DUJUP2DV1: Payment successful, transaction Id: 8V0OUMQODOBS
13:02:07.673 [Thread-1582] INFO com.iluwatar.commander.Commander - Payment made successfully, thank you for shopping with us!!
13:02:07.673 [main] INFO com.iluwatar.commander.Commander - Order R32DUJUP2DV1: Shipping placed successfully, transaction id: P9X092JJPI6Y
13:02:07.673 [main] INFO com.iluwatar.commander.Commander - Order has been placed and will be shipped to you. Please wait while we make your payment... 
13:02:07.673 [Thread-1585] DEBUG com.iluwatar.commander.Commander - Order R32DUJUP2DV1: Error in connecting to messaging service (Payment Success msg), trying again..
13:02:07.673 [main] INFO com.iluwatar.commander.Commander - Order R32DUJUP2DV1: Shipping placed successfully, transaction id: JD6C4KP0O7Y7
13:02:07.673 [main] INFO com.iluwatar.commander.Commander - Order has been placed and will be shipped to you. Please wait while we make your payment... 
13:02:07.673 [Thread-1585] INFO com.iluwatar.commander.Commander - Order R32DUJUP2DV1: Error in sending Payment Success message, trying to queue task and add to employee handle..
13:02:07.673 [Thread-1587] WARN com.iluwatar.commander.Commander - Order R32DUJUP2DV1: Error in connecting to queue db, trying again..
13:02:07.673 [Thread-1587] ERROR com.iluwatar.commander.Commander - Order R32DUJUP2DV1: Unable to enqueue task of type Payment Success Message, trying to add to employee handle..
13:02:07.673 [main] INFO com.iluwatar.commander.Commander - Order R32DUJUP2DV1: Shipping placed successfully, transaction id: NFALLUO3AC73
13:02:07.673 [main] INFO com.iluwatar.commander.Commander - Order has been placed and will be shipped to you. Please wait while we make your payment... 
13:02:07.673 [Thread-1590] WARN com.iluwatar.commander.Commander - Order R32DUJUP2DV1: Error in connecting to employee handle, trying again..
13:02:07.673 [Thread-1590] WARN com.iluwatar.commander.Commander - Order R32DUJUP2DV1: Error in adding to employee db, trying to queue task..
13:02:07.673 [Thread-1592] WARN com.iluwatar.commander.Commander - Order R32DUJUP2DV1: Error in connecting to queue db, trying again..
13:02:07.673 [Thread-1592] ERROR com.iluwatar.commander.Commander - Order R32DUJUP2DV1: Unable to enqueue task of type EMPLOYEE_DB, trying to add to employee handle..
13:02:07.673 [Thread-1589] INFO com.iluwatar.commander.Commander - Order R32DUJUP2DV1: Added order to employee database
13:02:07.673 [main] INFO com.iluwatar.commander.Commander - Order R32DUJUP2DV1: Shipping placed successfully, transaction id: F6FMXDEWCE8O
13:02:07.673 [main] INFO com.iluwatar.commander.Commander - Order has been placed and will be shipped to you. Please wait while we make your payment... 
13:02:07.674 [main] INFO com.iluwatar.commander.Commander - Order R32DUJUP2DV1: Shipping placed successfully, transaction id: YRGND8FFSL8K
13:02:07.674 [main] INFO com.iluwatar.commander.Commander - Order has been placed and will be shipped to you. Please wait while we make your payment... 
13:02:07.674 [main] INFO com.iluwatar.commander.Commander - Order R32DUJUP2DV1: Shipping placed successfully, transaction id: JRS0Y2YS8N22
13:02:07.674 [main] INFO com.iluwatar.commander.Commander - Order has been placed and will be shipped to you. Please wait while we make your payment... 
13:02:07.674 [main] INFO com.iluwatar.commander.Commander - Order R32DUJUP2DV1: Shipping placed successfully, transaction id: 0KP8G6Y8FH15
13:02:07.674 [main] INFO com.iluwatar.commander.Commander - Order has been placed and will be shipped to you. Please wait while we make your payment... 
13:02:07.674 [main] INFO com.iluwatar.commander.Commander - Order R32DUJUP2DV1: Shipping placed successfully, transaction id: 5RM4WJRJ5TG1
13:02:07.674 [main] INFO com.iluwatar.commander.Commander - Order has been placed and will be shipped to you. Please wait while we make your payment... 
13:02:07.674 [main] INFO com.iluwatar.commander.Commander - Order R32DUJUP2DV1: Shipping placed successfully, transaction id: B00AWTFQPC5W
13:02:07.674 [main] INFO com.iluwatar.commander.Commander - Order has been placed and will be shipped to you. Please wait while we make your payment... 
13:02:07.674 [main] INFO com.iluwatar.commander.Commander - Order 1TG7NLNWRF25: Shipping placed successfully, transaction id: USV8O3HUQGDV
13:02:07.674 [main] INFO com.iluwatar.commander.Commander - Order has been placed and will be shipped to you. Please wait while we make your payment... 
13:02:07.674 [main] INFO com.iluwatar.commander.Commander - Order 1TG7NLNWRF25: Shipping placed successfully, transaction id: 1DD2H0U8KEF1
13:02:07.674 [main] INFO com.iluwatar.commander.Commander - Order has been placed and will be shipped to you. Please wait while we make your payment... 
13:02:07.674 [Thread-1600] INFO com.iluwatar.commander.Commander - Order 1TG7NLNWRF25: Payment successful, transaction Id: WZMSC53YJYHG
13:02:07.674 [Thread-1600] INFO com.iluwatar.commander.Commander - Payment made successfully, thank you for shopping with us!!
13:02:07.674 [main] INFO com.iluwatar.commander.Commander - Order 1TG7NLNWRF25: Shipping placed successfully, transaction id: WO0N7CFCWJRC
13:02:07.674 [main] INFO com.iluwatar.commander.Commander - Order has been placed and will be shipped to you. Please wait while we make your payment... 
13:02:07.674 [Thread-1602] DEBUG com.iluwatar.commander.Commander - Order 1TG7NLNWRF25: Error in connecting to messaging service (Payment Success msg), trying again..
13:02:07.674 [main] INFO com.iluwatar.commander.Commander - Order 1TG7NLNWRF25: Shipping placed successfully, transaction id: OFWPUG2BFQHL
13:02:07.674 [main] INFO com.iluwatar.commander.Commander - Order has been placed and will be shipped to you. Please wait while we make your payment... 
13:02:07.674 [Thread-1602] INFO com.iluwatar.commander.Commander - Order 1TG7NLNWRF25: Error in sending Payment Success message, trying to queue task and add to employee handle..
13:02:07.674 [Thread-1604] WARN com.iluwatar.commander.Commander - Order 1TG7NLNWRF25: Error in connecting to queue db, trying again..
13:02:07.674 [Thread-1604] ERROR com.iluwatar.commander.Commander - Order 1TG7NLNWRF25: Unable to enqueue task of type Payment Success Message, trying to add to employee handle..
13:02:07.674 [main] INFO com.iluwatar.commander.Commander - Order 1TG7NLNWRF25: Shipping placed successfully, transaction id: STTMABY6ATMO
13:02:07.674 [main] INFO com.iluwatar.commander.Commander - Order has been placed and will be shipped to you. Please wait while we make your payment... 
13:02:07.674 [Thread-1607] WARN com.iluwatar.commander.Commander - Order 1TG7NLNWRF25: Error in connecting to employee handle, trying again..
13:02:07.674 [Thread-1606] INFO com.iluwatar.commander.Commander - Order 1TG7NLNWRF25: Added order to employee database
13:02:07.674 [Thread-1607] WARN com.iluwatar.commander.Commander - Order 1TG7NLNWRF25: Error in adding to employee db, trying to queue task..
13:02:07.674 [Thread-1609] WARN com.iluwatar.commander.Commander - Order 1TG7NLNWRF25: Error in connecting to queue db, trying again..
13:02:07.674 [Thread-1609] ERROR com.iluwatar.commander.Commander - Order 1TG7NLNWRF25: Unable to enqueue task of type EMPLOYEE_DB, trying to add to employee handle..
13:02:07.674 [main] INFO com.iluwatar.commander.Commander - Order 1TG7NLNWRF25: Shipping placed successfully, transaction id: KJKH1Q33895G
13:02:07.674 [main] INFO com.iluwatar.commander.Commander - Order has been placed and will be shipped to you. Please wait while we make your payment... 
13:02:07.674 [main] INFO com.iluwatar.commander.Commander - Order 1TG7NLNWRF25: Shipping placed successfully, transaction id: MH48AQML636T
13:02:07.674 [main] INFO com.iluwatar.commander.Commander - Order has been placed and will be shipped to you. Please wait while we make your payment... 
13:02:07.674 [main] INFO com.iluwatar.commander.Commander - Order 1TG7NLNWRF25: Shipping placed successfully, transaction id: VVWA7NCS6QVU
13:02:07.674 [main] INFO com.iluwatar.commander.Commander - Order has been placed and will be shipped to you. Please wait while we make your payment... 
13:02:07.674 [main] INFO com.iluwatar.commander.Commander - Order 1TG7NLNWRF25: Shipping placed successfully, transaction id: SN7Y6X798H0P
13:02:07.674 [main] INFO com.iluwatar.commander.Commander - Order has been placed and will be shipped to you. Please wait while we make your payment... 
13:02:07.674 [main] INFO com.iluwatar.commander.Commander - Order 1TG7NLNWRF25: Shipping placed successfully, transaction id: XNRIXFO2QCDP
13:02:07.674 [main] INFO com.iluwatar.commander.Commander - Order has been placed and will be shipped to you. Please wait while we make your payment... 
13:02:07.674 [main] INFO com.iluwatar.commander.Commander - Order 1TG7NLNWRF25: Shipping placed successfully, transaction id: 0R8V56EOFWV0
13:02:07.674 [main] INFO com.iluwatar.commander.Commander - Order has been placed and will be shipped to you. Please wait while we make your payment... 
13:02:07.674 [main] INFO com.iluwatar.commander.Commander - Order 1TG7NLNWRF25: Shipping placed successfully, transaction id: N0BU7MNTPXL8
13:02:07.674 [main] INFO com.iluwatar.commander.Commander - Order has been placed and will be shipped to you. Please wait while we make your payment... 
13:02:07.674 [main] INFO com.iluwatar.commander.Commander - Order 4PFEHPUV39Q8: Shipping placed successfully, transaction id: LZPZPIXF6B57
13:02:07.674 [main] INFO com.iluwatar.commander.Commander - Order has been placed and will be shipped to you. Please wait while we make your payment... 
13:02:07.674 [main] INFO com.iluwatar.commander.Commander - Order 4PFEHPUV39Q8: Shipping placed successfully, transaction id: 61TD66U7GBUE
13:02:07.674 [main] INFO com.iluwatar.commander.Commander - Order has been placed and will be shipped to you. Please wait while we make your payment... 
13:02:07.674 [Thread-1618] INFO com.iluwatar.commander.Commander - Order 4PFEHPUV39Q8: Payment successful, transaction Id: XMH0E7E82QSM
13:02:07.674 [Thread-1618] INFO com.iluwatar.commander.Commander - Payment made successfully, thank you for shopping with us!!
13:02:07.674 [main] INFO com.iluwatar.commander.Commander - Order 4PFEHPUV39Q8: Shipping placed successfully, transaction id: 3EJ847SU8QZO
13:02:07.674 [main] INFO com.iluwatar.commander.Commander - Order has been placed and will be shipped to you. Please wait while we make your payment... 
13:02:07.674 [main] INFO com.iluwatar.commander.Commander - Order 4PFEHPUV39Q8: Shipping placed successfully, transaction id: AW20MDVOU5ME
13:02:07.674 [main] INFO com.iluwatar.commander.Commander - Order has been placed and will be shipped to you. Please wait while we make your payment... 
13:02:07.675 [Thread-1620] DEBUG com.iluwatar.commander.Commander - Order 4PFEHPUV39Q8: Error in connecting to messaging service (Payment Success msg), trying again..
13:02:07.675 [main] INFO com.iluwatar.commander.Commander - Order 4PFEHPUV39Q8: Shipping placed successfully, transaction id: 2ZBOE5WVZ4J3
13:02:07.675 [main] INFO com.iluwatar.commander.Commander - Order has been placed and will be shipped to you. Please wait while we make your payment... 
13:02:07.675 [main] INFO com.iluwatar.commander.Commander - Order 4PFEHPUV39Q8: Shipping placed successfully, transaction id: 86X49SKMBH7V
13:02:07.675 [main] INFO com.iluwatar.commander.Commander - Order has been placed and will be shipped to you. Please wait while we make your payment... 
13:02:07.675 [main] INFO com.iluwatar.commander.Commander - Order 4PFEHPUV39Q8: Shipping placed successfully, transaction id: HDX3IJPZBMK9
13:02:07.675 [main] INFO com.iluwatar.commander.Commander - Order has been placed and will be shipped to you. Please wait while we make your payment... 
13:02:07.675 [main] INFO com.iluwatar.commander.Commander - Order 4PFEHPUV39Q8: Shipping placed successfully, transaction id: ADE4UTLJA6KX
13:02:07.675 [main] INFO com.iluwatar.commander.Commander - Order has been placed and will be shipped to you. Please wait while we make your payment... 
13:02:07.675 [main] INFO com.iluwatar.commander.Commander - Order 4PFEHPUV39Q8: Shipping placed successfully, transaction id: W175GZ3W98OV
13:02:07.675 [main] INFO com.iluwatar.commander.Commander - Order has been placed and will be shipped to you. Please wait while we make your payment... 
13:02:07.675 [Thread-1620] INFO com.iluwatar.commander.Commander - Order 4PFEHPUV39Q8: Error in sending Payment Success message, trying to queue task and add to employee handle..
13:02:07.675 [Thread-1623] WARN com.iluwatar.commander.Commander - Order 4PFEHPUV39Q8: Error in connecting to queue db, trying again..
13:02:07.675 [Thread-1623] ERROR com.iluwatar.commander.Commander - Order 4PFEHPUV39Q8: Unable to enqueue task of type Payment Success Message, trying to add to employee handle..
13:02:07.675 [main] INFO com.iluwatar.commander.Commander - Order 4PFEHPUV39Q8: Shipping placed successfully, transaction id: 6YJV28FZMSZX
13:02:07.675 [main] INFO com.iluwatar.commander.Commander - Order has been placed and will be shipped to you. Please wait while we make your payment... 
13:02:07.675 [Thread-1630] WARN com.iluwatar.commander.Commander - Order 4PFEHPUV39Q8: Error in connecting to employee handle, trying again..
13:02:07.675 [main] INFO com.iluwatar.commander.Commander - Order 4PFEHPUV39Q8: Shipping placed successfully, transaction id: VIKV9WLMYMBH
13:02:07.675 [main] INFO com.iluwatar.commander.Commander - Order has been placed and will be shipped to you. Please wait while we make your payment... 
13:02:07.675 [main] INFO com.iluwatar.commander.Commander - Order 4PFEHPUV39Q8: Shipping placed successfully, transaction id: RZGMXR5TG0N9
13:02:07.675 [main] INFO com.iluwatar.commander.Commander - Order has been placed and will be shipped to you. Please wait while we make your payment... 
13:02:07.675 [main] INFO com.iluwatar.commander.Commander - Order JMGCPM49YF03: Shipping placed successfully, transaction id: SYC7OQV9D670
13:02:07.675 [main] INFO com.iluwatar.commander.Commander - Order has been placed and will be shipped to you. Please wait while we make your payment... 
13:02:07.675 [main] INFO com.iluwatar.commander.Commander - Order JMGCPM49YF03: Shipping placed successfully, transaction id: A8XJNTGM22EV
13:02:07.675 [main] INFO com.iluwatar.commander.Commander - Order has been placed and will be shipped to you. Please wait while we make your payment... 
13:02:07.675 [Thread-1635] INFO com.iluwatar.commander.Commander - Order JMGCPM49YF03: Payment successful, transaction Id: 7S804TWG20WR
13:02:07.675 [Thread-1635] INFO com.iluwatar.commander.Commander - Payment made successfully, thank you for shopping with us!!
13:02:07.675 [main] INFO com.iluwatar.commander.Commander - Order JMGCPM49YF03: Shipping placed successfully, transaction id: XEZHYLRROF48
13:02:07.675 [main] INFO com.iluwatar.commander.Commander - Order has been placed and will be shipped to you. Please wait while we make your payment... 
13:02:07.675 [Thread-1637] DEBUG com.iluwatar.commander.Commander - Order JMGCPM49YF03: Error in connecting to messaging service (Payment Success msg), trying again..
13:02:07.675 [Thread-1630] WARN com.iluwatar.commander.Commander - Order 4PFEHPUV39Q8: Error in adding to employee db, trying to queue task..
13:02:07.675 [Thread-1632] WARN com.iluwatar.commander.Commander - Order 4PFEHPUV39Q8: Error in connecting to queue db, trying again..
13:02:07.675 [Thread-1632] ERROR com.iluwatar.commander.Commander - Order 4PFEHPUV39Q8: Unable to enqueue task of type EMPLOYEE_DB, trying to add to employee handle..
13:02:07.675 [Thread-1640] INFO com.iluwatar.commander.Commander - Order 4PFEHPUV39Q8: Added order to employee database
13:02:07.675 [Thread-1637] INFO com.iluwatar.commander.Commander - Order JMGCPM49YF03: Error in sending Payment Success message, trying to queue task and add to employee handle..
13:02:07.675 [Thread-1639] WARN com.iluwatar.commander.Commander - Order JMGCPM49YF03: Error in connecting to queue db, trying again..
13:02:07.675 [main] INFO com.iluwatar.commander.Commander - Order JMGCPM49YF03: Shipping placed successfully, transaction id: 5SG1PZ6SG3A3
13:02:07.675 [main] INFO com.iluwatar.commander.Commander - Order has been placed and will be shipped to you. Please wait while we make your payment... 
13:02:07.675 [Thread-1639] ERROR com.iluwatar.commander.Commander - Order JMGCPM49YF03: Unable to enqueue task of type Payment Success Message, trying to add to employee handle..
13:02:07.675 [Thread-1643] WARN com.iluwatar.commander.Commander - Order JMGCPM49YF03: Error in connecting to employee handle, trying again..
13:02:07.675 [Thread-1643] WARN com.iluwatar.commander.Commander - Order JMGCPM49YF03: Error in adding to employee db, trying to queue task..
13:02:07.675 [Thread-1644] WARN com.iluwatar.commander.Commander - Order JMGCPM49YF03: Error in connecting to queue db, trying again..
13:02:07.675 [main] INFO com.iluwatar.commander.Commander - Order JMGCPM49YF03: Shipping placed successfully, transaction id: CCYMXXRHOD9K
13:02:07.675 [main] INFO com.iluwatar.commander.Commander - Order has been placed and will be shipped to you. Please wait while we make your payment... 
13:02:07.675 [Thread-1644] ERROR com.iluwatar.commander.Commander - Order JMGCPM49YF03: Unable to enqueue task of type EMPLOYEE_DB, trying to add to employee handle..
13:02:07.675 [Thread-1641] INFO com.iluwatar.commander.Commander - Order JMGCPM49YF03: Added order to employee database
13:02:07.675 [main] INFO com.iluwatar.commander.Commander - Order JMGCPM49YF03: Shipping placed successfully, transaction id: 2ITE31X442E8
13:02:07.675 [main] INFO com.iluwatar.commander.Commander - Order has been placed and will be shipped to you. Please wait while we make your payment... 
13:02:07.675 [main] INFO com.iluwatar.commander.Commander - Order JMGCPM49YF03: Shipping placed successfully, transaction id: 1HDXMSPHY2H5
13:02:07.675 [main] INFO com.iluwatar.commander.Commander - Order has been placed and will be shipped to you. Please wait while we make your payment... 
13:02:07.675 [main] INFO com.iluwatar.commander.Commander - Order JMGCPM49YF03: Shipping placed successfully, transaction id: DHW9HPD38KGI
13:02:07.675 [main] INFO com.iluwatar.commander.Commander - Order has been placed and will be shipped to you. Please wait while we make your payment... 
13:02:07.676 [main] INFO com.iluwatar.commander.Commander - Order JMGCPM49YF03: Shipping placed successfully, transaction id: O6QTVNMCE6UL
13:02:07.676 [main] INFO com.iluwatar.commander.Commander - Order has been placed and will be shipped to you. Please wait while we make your payment... 
13:02:07.676 [main] INFO com.iluwatar.commander.Commander - Order JMGCPM49YF03: Shipping placed successfully, transaction id: TXGLQBBMZCO8
13:02:07.676 [main] INFO com.iluwatar.commander.Commander - Order has been placed and will be shipped to you. Please wait while we make your payment... 
13:02:07.676 [main] INFO com.iluwatar.commander.Commander - Order JMGCPM49YF03: Shipping placed successfully, transaction id: AKK2UVDB6FHK
13:02:07.676 [main] INFO com.iluwatar.commander.Commander - Order has been placed and will be shipped to you. Please wait while we make your payment... 
13:02:07.676 [main] INFO com.iluwatar.commander.Commander - Order JMGCPM49YF03: Shipping placed successfully, transaction id: NY8RGW3W1651
13:02:07.676 [main] INFO com.iluwatar.commander.Commander - Order has been placed and will be shipped to you. Please wait while we make your payment... 
13:02:07.676 [main] INFO com.iluwatar.commander.Commander - Order 0L4CRFDEGWAI: Shipping placed successfully, transaction id: CWDEXRNBO4U4
13:02:07.676 [main] INFO com.iluwatar.commander.Commander - Order has been placed and will be shipped to you. Please wait while we make your payment... 
13:02:07.676 [main] ERROR com.iluwatar.commander.Commander - Order 0L4CRFDEGWAI: Payment time for order over, failed and returning..
13:02:07.676 [main] INFO com.iluwatar.commander.Commander - Order 0L4CRFDEGWAI: Shipping placed successfully, transaction id: X0UYY143PEPH
13:02:07.676 [main] INFO com.iluwatar.commander.Commander - Order has been placed and will be shipped to you. Please wait while we make your payment... 
13:02:07.676 [main] INFO com.iluwatar.commander.Commander - Order 0L4CRFDEGWAI: Shipping placed successfully, transaction id: QVAIP9LFG9TM
13:02:07.676 [main] INFO com.iluwatar.commander.Commander - Order has been placed and will be shipped to you. Please wait while we make your payment... 
13:02:07.676 [Thread-1650] DEBUG com.iluwatar.commander.Commander - Order 0L4CRFDEGWAI: Error in connecting to messaging service (Payment Failure msg), trying again..
13:02:07.676 [main] INFO com.iluwatar.commander.Commander - Order 0L4CRFDEGWAI: Shipping placed successfully, transaction id: EBNR2EPODIQE
13:02:07.676 [main] INFO com.iluwatar.commander.Commander - Order has been placed and will be shipped to you. Please wait while we make your payment... 
13:02:07.676 [main] INFO com.iluwatar.commander.Commander - Order 0L4CRFDEGWAI: Shipping placed successfully, transaction id: 2Z99WAYZH4FV
13:02:07.676 [main] INFO com.iluwatar.commander.Commander - Order has been placed and will be shipped to you. Please wait while we make your payment... 
13:02:07.676 [main] INFO com.iluwatar.commander.Commander - Order 0L4CRFDEGWAI: Shipping placed successfully, transaction id: 5KM3SKYBUXI7
13:02:07.676 [main] INFO com.iluwatar.commander.Commander - Order has been placed and will be shipped to you. Please wait while we make your payment... 
13:02:07.676 [main] INFO com.iluwatar.commander.Commander - Order 0L4CRFDEGWAI: Shipping placed successfully, transaction id: AOY4KPF66ERL
13:02:07.676 [main] INFO com.iluwatar.commander.Commander - Order has been placed and will be shipped to you. Please wait while we make your payment... 
13:02:07.676 [main] INFO com.iluwatar.commander.Commander - Order 0L4CRFDEGWAI: Shipping placed successfully, transaction id: RHEW9V1GU64J
13:02:07.676 [main] INFO com.iluwatar.commander.Commander - Order has been placed and will be shipped to you. Please wait while we make your payment... 
13:02:07.676 [main] INFO com.iluwatar.commander.Commander - Order 0L4CRFDEGWAI: Shipping placed successfully, transaction id: 6P3N9DL6RZCA
13:02:07.676 [main] INFO com.iluwatar.commander.Commander - Order has been placed and will be shipped to you. Please wait while we make your payment... 
13:02:07.676 [main] INFO com.iluwatar.commander.Commander - Order 0L4CRFDEGWAI: Shipping placed successfully, transaction id: JSIVAULEEHB5
13:02:07.676 [main] INFO com.iluwatar.commander.Commander - Order has been placed and will be shipped to you. Please wait while we make your payment... 
13:02:07.676 [main] INFO com.iluwatar.commander.Commander - Order 0L4CRFDEGWAI: Shipping placed successfully, transaction id: QAT0CLB26L1X
13:02:07.676 [main] INFO com.iluwatar.commander.Commander - Order has been placed and will be shipped to you. Please wait while we make your payment... 
13:02:07.676 [main] INFO com.iluwatar.commander.Commander - Order 0L4CRFDEGWAI: Shipping placed successfully, transaction id: 227W66G3FU96
13:02:07.676 [main] INFO com.iluwatar.commander.Commander - Order has been placed and will be shipped to you. Please wait while we make your payment... 
13:02:07.676 [main] INFO com.iluwatar.commander.Commander - Order 2Z5L1KGQC7ZM: Shipping placed successfully, transaction id: OIGLQTR1ZC4C
13:02:07.676 [main] INFO com.iluwatar.commander.Commander - Order has been placed and will be shipped to you. Please wait while we make your payment... 
13:02:07.676 [Thread-1650] WARN com.iluwatar.commander.Commander - Order 0L4CRFDEGWAI: Error in sending Payment Failure message, trying to queue task and add to employee handle..
13:02:07.676 [Thread-1651] WARN com.iluwatar.commander.Commander - Order 0L4CRFDEGWAI: Error in connecting to queue db, trying again..
13:02:07.676 [Thread-1651] ERROR com.iluwatar.commander.Commander - Order 0L4CRFDEGWAI: Unable to enqueue task of type Payment Failure Message, trying to add to employee handle..
13:02:07.676 [Thread-1653] WARN com.iluwatar.commander.Commander - Order 0L4CRFDEGWAI: Error in connecting to employee handle, trying again..
13:02:07.676 [main] ERROR com.iluwatar.commander.Commander - Order 2Z5L1KGQC7ZM: Payment time for order over, failed and returning..
13:02:07.676 [main] INFO com.iluwatar.commander.Commander - Order 2Z5L1KGQC7ZM: Shipping placed successfully, transaction id: 0WE39FW36CUF
13:02:07.676 [main] INFO com.iluwatar.commander.Commander - Order has been placed and will be shipped to you. Please wait while we make your payment... 
13:02:07.676 [main] INFO com.iluwatar.commander.Commander - Order 2Z5L1KGQC7ZM: Shipping placed successfully, transaction id: X8FWZHHHFLGS
13:02:07.676 [main] INFO com.iluwatar.commander.Commander - Order has been placed and will be shipped to you. Please wait while we make your payment... 
13:02:07.676 [main] INFO com.iluwatar.commander.Commander - Order 2Z5L1KGQC7ZM: Shipping placed successfully, transaction id: OIBA6XSPBNPI
13:02:07.676 [main] INFO com.iluwatar.commander.Commander - Order has been placed and will be shipped to you. Please wait while we make your payment... 
13:02:07.676 [main] INFO com.iluwatar.commander.Commander - Order 2Z5L1KGQC7ZM: Shipping placed successfully, transaction id: M6CN4OIDTA32
13:02:07.676 [main] INFO com.iluwatar.commander.Commander - Order has been placed and will be shipped to you. Please wait while we make your payment... 
13:02:07.676 [main] INFO com.iluwatar.commander.Commander - Order 2Z5L1KGQC7ZM: Shipping placed successfully, transaction id: ASQNQZTZN8V7
13:02:07.676 [Thread-1652] DEBUG com.iluwatar.commander.Commander - Order 2Z5L1KGQC7ZM: Error in connecting to messaging service (Payment Failure msg), trying again..
13:02:07.676 [Thread-1653] WARN com.iluwatar.commander.Commander - Order 0L4CRFDEGWAI: Error in adding to employee db, trying to queue task..
13:02:07.676 [main] INFO com.iluwatar.commander.Commander - Order has been placed and will be shipped to you. Please wait while we make your payment... 
13:02:07.676 [Thread-1655] WARN com.iluwatar.commander.Commander - Order 0L4CRFDEGWAI: Error in connecting to queue db, trying again..
13:02:07.676 [Thread-1655] ERROR com.iluwatar.commander.Commander - Order 0L4CRFDEGWAI: Unable to enqueue task of type EMPLOYEE_DB, trying to add to employee handle..
13:02:07.676 [main] INFO com.iluwatar.commander.Commander - Order 2Z5L1KGQC7ZM: Shipping placed successfully, transaction id: EWY29W98F3J5
13:02:07.676 [main] INFO com.iluwatar.commander.Commander - Order has been placed and will be shipped to you. Please wait while we make your payment... 
13:02:07.676 [Thread-1654] INFO com.iluwatar.commander.Commander - Order 0L4CRFDEGWAI: Added order to employee database
13:02:07.676 [main] INFO com.iluwatar.commander.Commander - Order 2Z5L1KGQC7ZM: Shipping placed successfully, transaction id: 0KPTJL6G5SZ3
13:02:07.676 [main] INFO com.iluwatar.commander.Commander - Order has been placed and will be shipped to you. Please wait while we make your payment... 
13:02:07.676 [main] INFO com.iluwatar.commander.Commander - Order 2Z5L1KGQC7ZM: Shipping placed successfully, transaction id: 9R30PYWJ4E2T
13:02:07.676 [main] INFO com.iluwatar.commander.Commander - Order has been placed and will be shipped to you. Please wait while we make your payment... 
13:02:07.676 [main] INFO com.iluwatar.commander.Commander - Order 2Z5L1KGQC7ZM: Shipping placed successfully, transaction id: PFLRV7T6VMQ2
13:02:07.676 [main] INFO com.iluwatar.commander.Commander - Order has been placed and will be shipped to you. Please wait while we make your payment... 
13:02:07.676 [main] INFO com.iluwatar.commander.Commander - Order 2Z5L1KGQC7ZM: Shipping placed successfully, transaction id: XXFFAMT99KKN
13:02:07.676 [main] INFO com.iluwatar.commander.Commander - Order has been placed and will be shipped to you. Please wait while we make your payment... 
13:02:07.676 [Thread-1652] WARN com.iluwatar.commander.Commander - Order 2Z5L1KGQC7ZM: Error in sending Payment Failure message, trying to queue task and add to employee handle..
13:02:07.676 [main] INFO com.iluwatar.commander.Commander - Order 2Z5L1KGQC7ZM: Shipping placed successfully, transaction id: UO00BPWZAAOZ
13:02:07.676 [main] INFO com.iluwatar.commander.Commander - Order has been placed and will be shipped to you. Please wait while we make your payment... 
13:02:07.676 [Thread-1656] WARN com.iluwatar.commander.Commander - Order 2Z5L1KGQC7ZM: Error in connecting to queue db, trying again..
13:02:07.676 [Thread-1656] ERROR com.iluwatar.commander.Commander - Order 2Z5L1KGQC7ZM: Unable to enqueue task of type Payment Failure Message, trying to add to employee handle..
13:02:07.676 [Thread-1658] WARN com.iluwatar.commander.Commander - Order 2Z5L1KGQC7ZM: Error in connecting to employee handle, trying again..
13:02:07.676 [Thread-1658] WARN com.iluwatar.commander.Commander - Order 2Z5L1KGQC7ZM: Error in adding to employee db, trying to queue task..
13:02:07.676 [main] INFO com.iluwatar.commander.Commander - Order YDUA9IOFZEM6: Shipping placed successfully, transaction id: WPWN2Y9511YG
13:02:07.676 [main] INFO com.iluwatar.commander.Commander - Order has been placed and will be shipped to you. Please wait while we make your payment... 
13:02:07.676 [Thread-1660] WARN com.iluwatar.commander.Commander - Order 2Z5L1KGQC7ZM: Error in connecting to queue db, trying again..
13:02:07.676 [Thread-1660] ERROR com.iluwatar.commander.Commander - Order 2Z5L1KGQC7ZM: Unable to enqueue task of type EMPLOYEE_DB, trying to add to employee handle..
13:02:07.676 [main] ERROR com.iluwatar.commander.Commander - Order YDUA9IOFZEM6: Payment time for order over, failed and returning..
13:02:07.676 [main] INFO com.iluwatar.commander.Commander - Order YDUA9IOFZEM6: Shipping placed successfully, transaction id: XBRC2UVBNYPM
13:02:07.676 [main] INFO com.iluwatar.commander.Commander - Order has been placed and will be shipped to you. Please wait while we make your payment... 
13:02:07.676 [main] INFO com.iluwatar.commander.Commander - Order YDUA9IOFZEM6: Shipping placed successfully, transaction id: ILEEYJGBSHSF
13:02:07.676 [main] INFO com.iluwatar.commander.Commander - Order has been placed and will be shipped to you. Please wait while we make your payment... 
13:02:07.676 [main] INFO com.iluwatar.commander.Commander - Order YDUA9IOFZEM6: Shipping placed successfully, transaction id: PGSP9YRRG23Y
13:02:07.676 [Thread-1662] INFO com.iluwatar.commander.Commander - Order 2Z5L1KGQC7ZM: Added order to employee database
13:02:07.676 [Thread-1661] DEBUG com.iluwatar.commander.Commander - Order YDUA9IOFZEM6: Error in connecting to messaging service (Payment Failure msg), trying again..
13:02:07.676 [main] INFO com.iluwatar.commander.Commander - Order has been placed and will be shipped to you. Please wait while we make your payment... 
13:02:07.676 [main] INFO com.iluwatar.commander.Commander - Order YDUA9IOFZEM6: Shipping placed successfully, transaction id: 4K38PZ6L30N6
13:02:07.676 [main] INFO com.iluwatar.commander.Commander - Order has been placed and will be shipped to you. Please wait while we make your payment... 
13:02:07.676 [main] INFO com.iluwatar.commander.Commander - Order YDUA9IOFZEM6: Shipping placed successfully, transaction id: P27R4COSCODY
13:02:07.676 [main] INFO com.iluwatar.commander.Commander - Order has been placed and will be shipped to you. Please wait while we make your payment... 
13:02:07.676 [Thread-1661] WARN com.iluwatar.commander.Commander - Order YDUA9IOFZEM6: Error in sending Payment Failure message, trying to queue task and add to employee handle..
13:02:07.677 [Thread-1663] WARN com.iluwatar.commander.Commander - Order YDUA9IOFZEM6: Error in connecting to queue db, trying again..
13:02:07.677 [Thread-1663] ERROR com.iluwatar.commander.Commander - Order YDUA9IOFZEM6: Unable to enqueue task of type Payment Failure Message, trying to add to employee handle..
13:02:07.676 [main] INFO com.iluwatar.commander.Commander - Order YDUA9IOFZEM6: Shipping placed successfully, transaction id: UMSDSU3LH6DZ
13:02:07.677 [main] INFO com.iluwatar.commander.Commander - Order has been placed and will be shipped to you. Please wait while we make your payment... 
13:02:07.677 [main] INFO com.iluwatar.commander.Commander - Order YDUA9IOFZEM6: Shipping placed successfully, transaction id: G4S74J3N1JNX
13:02:07.677 [main] INFO com.iluwatar.commander.Commander - Order has been placed and will be shipped to you. Please wait while we make your payment... 
13:02:07.677 [main] INFO com.iluwatar.commander.Commander - Order YDUA9IOFZEM6: Shipping placed successfully, transaction id: 9ED4WVDY9701
13:02:07.677 [main] INFO com.iluwatar.commander.Commander - Order has been placed and will be shipped to you. Please wait while we make your payment... 
13:02:07.677 [main] INFO com.iluwatar.commander.Commander - Order YDUA9IOFZEM6: Shipping placed successfully, transaction id: QCTEGJT6VF98
13:02:07.677 [main] INFO com.iluwatar.commander.Commander - Order has been placed and will be shipped to you. Please wait while we make your payment... 
13:02:07.677 [main] INFO com.iluwatar.commander.Commander - Order YDUA9IOFZEM6: Shipping placed successfully, transaction id: 0KBZRQC20SI0
13:02:07.677 [main] INFO com.iluwatar.commander.Commander - Order has been placed and will be shipped to you. Please wait while we make your payment... 
13:02:07.677 [Thread-1664] WARN com.iluwatar.commander.Commander - Order YDUA9IOFZEM6: Error in connecting to employee handle, trying again..
13:02:07.677 [main] INFO com.iluwatar.commander.Commander - Order YDUA9IOFZEM6: Shipping placed successfully, transaction id: PSX4CPIAUAOK
13:02:07.677 [main] INFO com.iluwatar.commander.Commander - Order has been placed and will be shipped to you. Please wait while we make your payment... 
13:02:07.677 [main] INFO com.iluwatar.commander.Commander - Order SQ87BMFMBYUC: Shipping placed successfully, transaction id: A635OBLEM570
13:02:07.677 [main] INFO com.iluwatar.commander.Commander - Order has been placed and will be shipped to you. Please wait while we make your payment... 
13:02:07.677 [Thread-1665] INFO com.iluwatar.commander.Commander - Order YDUA9IOFZEM6: Added order to employee database
13:02:07.677 [main] ERROR com.iluwatar.commander.Commander - Order SQ87BMFMBYUC: Payment time for order over, failed and returning..
13:02:07.677 [main] INFO com.iluwatar.commander.Commander - Order SQ87BMFMBYUC: Shipping placed successfully, transaction id: 9P5OOFNLOKDP
13:02:07.677 [main] INFO com.iluwatar.commander.Commander - Order has been placed and will be shipped to you. Please wait while we make your payment... 
13:02:07.677 [main] INFO com.iluwatar.commander.Commander - Order SQ87BMFMBYUC: Shipping placed successfully, transaction id: NYTP5MXD9XEI
13:02:07.677 [main] INFO com.iluwatar.commander.Commander - Order has been placed and will be shipped to you. Please wait while we make your payment... 
13:02:07.677 [Thread-1667] DEBUG com.iluwatar.commander.Commander - Order SQ87BMFMBYUC: Error in connecting to messaging service (Payment Failure msg), trying again..
13:02:07.677 [main] INFO com.iluwatar.commander.Commander - Order SQ87BMFMBYUC: Shipping placed successfully, transaction id: 95JO375F8XL7
13:02:07.677 [main] INFO com.iluwatar.commander.Commander - Order has been placed and will be shipped to you. Please wait while we make your payment... 
13:02:07.677 [main] INFO com.iluwatar.commander.Commander - Order SQ87BMFMBYUC: Shipping placed successfully, transaction id: 8DV3YYHIZ9OF
13:02:07.677 [main] INFO com.iluwatar.commander.Commander - Order has been placed and will be shipped to you. Please wait while we make your payment... 
13:02:07.677 [main] INFO com.iluwatar.commander.Commander - Order SQ87BMFMBYUC: Shipping placed successfully, transaction id: 6E1OHEFQ5P5I
13:02:07.677 [main] INFO com.iluwatar.commander.Commander - Order has been placed and will be shipped to you. Please wait while we make your payment... 
13:02:07.677 [main] INFO com.iluwatar.commander.Commander - Order SQ87BMFMBYUC: Shipping placed successfully, transaction id: VEZSSP5J9DFM
13:02:07.677 [main] INFO com.iluwatar.commander.Commander - Order has been placed and will be shipped to you. Please wait while we make your payment... 
13:02:07.677 [Thread-1667] WARN com.iluwatar.commander.Commander - Order SQ87BMFMBYUC: Error in sending Payment Failure message, trying to queue task and add to employee handle..
13:02:07.677 [main] INFO com.iluwatar.commander.Commander - Order SQ87BMFMBYUC: Shipping placed successfully, transaction id: 330V3CSMPOH9
13:02:07.677 [Thread-1668] WARN com.iluwatar.commander.Commander - Order SQ87BMFMBYUC: Error in connecting to queue db, trying again..
13:02:07.677 [main] INFO com.iluwatar.commander.Commander - Order has been placed and will be shipped to you. Please wait while we make your payment... 
13:02:07.677 [Thread-1668] ERROR com.iluwatar.commander.Commander - Order SQ87BMFMBYUC: Unable to enqueue task of type Payment Failure Message, trying to add to employee handle..
13:02:07.677 [main] INFO com.iluwatar.commander.Commander - Order SQ87BMFMBYUC: Shipping placed successfully, transaction id: ESR8MXT9DI8L
13:02:07.677 [main] INFO com.iluwatar.commander.Commander - Order has been placed and will be shipped to you. Please wait while we make your payment... 
13:02:07.677 [main] INFO com.iluwatar.commander.Commander - Order SQ87BMFMBYUC: Shipping placed successfully, transaction id: EVR72B9B2LRO
13:02:07.677 [main] INFO com.iluwatar.commander.Commander - Order has been placed and will be shipped to you. Please wait while we make your payment... 
13:02:07.677 [main] INFO com.iluwatar.commander.Commander - Order SQ87BMFMBYUC: Shipping placed successfully, transaction id: 9RP6L9U29LJB
13:02:07.677 [main] INFO com.iluwatar.commander.Commander - Order has been placed and will be shipped to you. Please wait while we make your payment... 
13:02:07.677 [main] INFO com.iluwatar.commander.Commander - Order SQ87BMFMBYUC: Shipping placed successfully, transaction id: 2REZOI8KFG0Y
13:02:07.677 [main] INFO com.iluwatar.commander.Commander - Order has been placed and will be shipped to you. Please wait while we make your payment... 
13:02:07.677 [Thread-1669] WARN com.iluwatar.commander.Commander - Order SQ87BMFMBYUC: Error in connecting to employee handle, trying again..
13:02:07.677 [Thread-1664] WARN com.iluwatar.commander.Commander - Order YDUA9IOFZEM6: Error in adding to employee db, trying to queue task..
13:02:07.677 [main] INFO com.iluwatar.commander.Commander - Order V6GW7UJ71GCZ: Shipping placed successfully, transaction id: P797JAS1W256
13:02:07.677 [main] INFO com.iluwatar.commander.Commander - Order has been placed and will be shipped to you. Please wait while we make your payment... 
13:02:07.677 [Thread-1666] WARN com.iluwatar.commander.Commander - Order YDUA9IOFZEM6: Error in connecting to queue db, trying again..
13:02:07.677 [Thread-1666] ERROR com.iluwatar.commander.Commander - Order YDUA9IOFZEM6: Unable to enqueue task of type EMPLOYEE_DB, trying to add to employee handle..
13:02:07.677 [main] ERROR com.iluwatar.commander.Commander - Order V6GW7UJ71GCZ: Payment time for order over, failed and returning..
13:02:07.677 [main] INFO com.iluwatar.commander.Commander - Order V6GW7UJ71GCZ: Shipping placed successfully, transaction id: Q876DVV48J27
13:02:07.677 [main] INFO com.iluwatar.commander.Commander - Order has been placed and will be shipped to you. Please wait while we make your payment... 
13:02:07.677 [main] INFO com.iluwatar.commander.Commander - Order V6GW7UJ71GCZ: Shipping placed successfully, transaction id: 8MRCGWDOYW6N
13:02:07.677 [main] INFO com.iluwatar.commander.Commander - Order has been placed and will be shipped to you. Please wait while we make your payment... 
13:02:07.677 [Thread-1672] DEBUG com.iluwatar.commander.Commander - Order V6GW7UJ71GCZ: Error in connecting to messaging service (Payment Failure msg), trying again..
13:02:07.677 [main] INFO com.iluwatar.commander.Commander - Order V6GW7UJ71GCZ: Shipping placed successfully, transaction id: R9GIVVLN5ULM
13:02:07.677 [main] INFO com.iluwatar.commander.Commander - Order has been placed and will be shipped to you. Please wait while we make your payment... 
13:02:07.677 [main] INFO com.iluwatar.commander.Commander - Order V6GW7UJ71GCZ: Shipping placed successfully, transaction id: HN0ZU6PL3RYL
13:02:07.677 [main] INFO com.iluwatar.commander.Commander - Order has been placed and will be shipped to you. Please wait while we make your payment... 
13:02:07.677 [main] INFO com.iluwatar.commander.Commander - Order V6GW7UJ71GCZ: Shipping placed successfully, transaction id: 172NPIZXB0E3
13:02:07.677 [main] INFO com.iluwatar.commander.Commander - Order has been placed and will be shipped to you. Please wait while we make your payment... 
13:02:07.677 [main] INFO com.iluwatar.commander.Commander - Order V6GW7UJ71GCZ: Shipping placed successfully, transaction id: AMA51J3X1ALC
13:02:07.677 [main] INFO com.iluwatar.commander.Commander - Order has been placed and will be shipped to you. Please wait while we make your payment... 
13:02:07.677 [main] INFO com.iluwatar.commander.Commander - Order V6GW7UJ71GCZ: Shipping placed successfully, transaction id: Z6GNJILZ6MSE
13:02:07.677 [main] INFO com.iluwatar.commander.Commander - Order has been placed and will be shipped to you. Please wait while we make your payment... 
13:02:07.677 [main] INFO com.iluwatar.commander.Commander - Order V6GW7UJ71GCZ: Shipping placed successfully, transaction id: UEJQAKNRPMN2
13:02:07.677 [main] INFO com.iluwatar.commander.Commander - Order has been placed and will be shipped to you. Please wait while we make your payment... 
13:02:07.677 [main] INFO com.iluwatar.commander.Commander - Order V6GW7UJ71GCZ: Shipping placed successfully, transaction id: YWEWJ5UYE4EC
13:02:07.677 [Thread-1669] WARN com.iluwatar.commander.Commander - Order SQ87BMFMBYUC: Error in adding to employee db, trying to queue task..
13:02:07.677 [main] INFO com.iluwatar.commander.Commander - Order has been placed and will be shipped to you. Please wait while we make your payment... 
13:02:07.677 [Thread-1671] WARN com.iluwatar.commander.Commander - Order SQ87BMFMBYUC: Error in connecting to queue db, trying again..
13:02:07.677 [main] INFO com.iluwatar.commander.Commander - Order V6GW7UJ71GCZ: Shipping placed successfully, transaction id: LQ19POPYN1IO
13:02:07.677 [main] INFO com.iluwatar.commander.Commander - Order has been placed and will be shipped to you. Please wait while we make your payment... 
13:02:07.677 [Thread-1671] ERROR com.iluwatar.commander.Commander - Order SQ87BMFMBYUC: Unable to enqueue task of type EMPLOYEE_DB, trying to add to employee handle..
13:02:07.677 [main] INFO com.iluwatar.commander.Commander - Order V6GW7UJ71GCZ: Shipping placed successfully, transaction id: 4NHNL02MVC52
13:02:07.677 [main] INFO com.iluwatar.commander.Commander - Order has been placed and will be shipped to you. Please wait while we make your payment... 
13:02:07.677 [main] INFO com.iluwatar.commander.Commander - Order M1TR6KFL5LNU: Shipping placed successfully, transaction id: 154YDEYSAMUQ
13:02:07.677 [main] INFO com.iluwatar.commander.Commander - Order has been placed and will be shipped to you. Please wait while we make your payment... 
13:02:07.678 [Thread-1672] WARN com.iluwatar.commander.Commander - Order V6GW7UJ71GCZ: Error in sending Payment Failure message, trying to queue task and add to employee handle..
13:02:07.680 [Thread-1670] INFO com.iluwatar.commander.Commander - Order SQ87BMFMBYUC: Added order to employee database
13:02:07.680 [Thread-1677] WARN com.iluwatar.commander.Commander - Order V6GW7UJ71GCZ: Error in connecting to employee handle, trying again..
13:02:07.680 [main] ERROR com.iluwatar.commander.Commander - Order M1TR6KFL5LNU: Payment time for order over, failed and returning..
13:02:07.680 [Thread-1674] WARN com.iluwatar.commander.Commander - Order V6GW7UJ71GCZ: Error in connecting to queue db, trying again..
13:02:07.680 [main] INFO com.iluwatar.commander.Commander - Order M1TR6KFL5LNU: Shipping placed successfully, transaction id: GUT7LWPMOP6P
13:02:07.680 [main] INFO com.iluwatar.commander.Commander - Order has been placed and will be shipped to you. Please wait while we make your payment... 
13:02:07.680 [Thread-1674] ERROR com.iluwatar.commander.Commander - Order V6GW7UJ71GCZ: Unable to enqueue task of type Payment Failure Message, trying to add to employee handle..
13:02:07.680 [main] INFO com.iluwatar.commander.Commander - Order M1TR6KFL5LNU: Shipping placed successfully, transaction id: LEHLOGBZXAG7
13:02:07.680 [main] INFO com.iluwatar.commander.Commander - Order has been placed and will be shipped to you. Please wait while we make your payment... 
13:02:07.680 [main] INFO com.iluwatar.commander.Commander - Order M1TR6KFL5LNU: Shipping placed successfully, transaction id: WVIFMSZQCFWJ
13:02:07.680 [main] INFO com.iluwatar.commander.Commander - Order has been placed and will be shipped to you. Please wait while we make your payment... 
13:02:07.680 [main] INFO com.iluwatar.commander.Commander - Order M1TR6KFL5LNU: Shipping placed successfully, transaction id: JZMJI4JLL5O1
13:02:07.680 [main] INFO com.iluwatar.commander.Commander - Order has been placed and will be shipped to you. Please wait while we make your payment... 
13:02:07.680 [main] INFO com.iluwatar.commander.Commander - Order M1TR6KFL5LNU: Shipping placed successfully, transaction id: YQQX8XS7CEI9
13:02:07.680 [Thread-1676] DEBUG com.iluwatar.commander.Commander - Order M1TR6KFL5LNU: Error in connecting to messaging service (Payment Failure msg), trying again..
13:02:07.680 [main] INFO com.iluwatar.commander.Commander - Order has been placed and will be shipped to you. Please wait while we make your payment... 
13:02:07.680 [main] INFO com.iluwatar.commander.Commander - Order M1TR6KFL5LNU: Shipping placed successfully, transaction id: SN3V3N1FO3OU
13:02:07.680 [main] INFO com.iluwatar.commander.Commander - Order has been placed and will be shipped to you. Please wait while we make your payment... 
13:02:07.680 [main] INFO com.iluwatar.commander.Commander - Order M1TR6KFL5LNU: Shipping placed successfully, transaction id: WUQXKIX5PJB9
13:02:07.680 [main] INFO com.iluwatar.commander.Commander - Order has been placed and will be shipped to you. Please wait while we make your payment... 
13:02:07.680 [main] INFO com.iluwatar.commander.Commander - Order M1TR6KFL5LNU: Shipping placed successfully, transaction id: KG9HO55UVB84
13:02:07.680 [main] INFO com.iluwatar.commander.Commander - Order has been placed and will be shipped to you. Please wait while we make your payment... 
13:02:07.680 [main] INFO com.iluwatar.commander.Commander - Order M1TR6KFL5LNU: Shipping placed successfully, transaction id: RVY7B8UOUXKO
13:02:07.680 [main] INFO com.iluwatar.commander.Commander - Order has been placed and will be shipped to you. Please wait while we make your payment... 
13:02:07.680 [Thread-1679] INFO com.iluwatar.commander.Commander - Order V6GW7UJ71GCZ: Added order to employee database
13:02:07.680 [main] INFO com.iluwatar.commander.Commander - Order M1TR6KFL5LNU: Shipping placed successfully, transaction id: Z286A86VJQ8C
13:02:07.680 [main] INFO com.iluwatar.commander.Commander - Order has been placed and will be shipped to you. Please wait while we make your payment... 
13:02:07.680 [main] INFO com.iluwatar.commander.Commander - Order M1TR6KFL5LNU: Shipping placed successfully, transaction id: 0XEQFT9LBMSU
13:02:07.680 [main] INFO com.iluwatar.commander.Commander - Order has been placed and will be shipped to you. Please wait while we make your payment... 
13:02:07.680 [Thread-1677] WARN com.iluwatar.commander.Commander - Order V6GW7UJ71GCZ: Error in adding to employee db, trying to queue task..
13:02:07.680 [main] INFO com.iluwatar.commander.Commander - Order Y6V2YNTDY7UV: Shipping placed successfully, transaction id: D1MG9P1M07GH
13:02:07.680 [main] INFO com.iluwatar.commander.Commander - Order has been placed and will be shipped to you. Please wait while we make your payment... 
13:02:07.680 [Thread-1678] WARN com.iluwatar.commander.Commander - Order V6GW7UJ71GCZ: Error in connecting to queue db, trying again..
13:02:07.680 [Thread-1678] ERROR com.iluwatar.commander.Commander - Order V6GW7UJ71GCZ: Unable to enqueue task of type EMPLOYEE_DB, trying to add to employee handle..
13:02:07.680 [main] ERROR com.iluwatar.commander.Commander - Order Y6V2YNTDY7UV: Payment time for order over, failed and returning..
13:02:07.680 [main] INFO com.iluwatar.commander.Commander - Order Y6V2YNTDY7UV: Shipping placed successfully, transaction id: ZWXEX4Q5G0YR
13:02:07.680 [main] INFO com.iluwatar.commander.Commander - Order has been placed and will be shipped to you. Please wait while we make your payment... 
13:02:07.680 [main] INFO com.iluwatar.commander.Commander - Order Y6V2YNTDY7UV: Shipping placed successfully, transaction id: SU9ES2FAESKT
13:02:07.680 [main] INFO com.iluwatar.commander.Commander - Order has been placed and will be shipped to you. Please wait while we make your payment... 
13:02:07.680 [main] INFO com.iluwatar.commander.Commander - Order Y6V2YNTDY7UV: Shipping placed successfully, transaction id: 7SDI843V81BG
13:02:07.680 [main] INFO com.iluwatar.commander.Commander - Order has been placed and will be shipped to you. Please wait while we make your payment... 
13:02:07.680 [main] INFO com.iluwatar.commander.Commander - Order Y6V2YNTDY7UV: Shipping placed successfully, transaction id: NDXQ01H78HN7
13:02:07.680 [main] INFO com.iluwatar.commander.Commander - Order has been placed and will be shipped to you. Please wait while we make your payment... 
13:02:07.680 [main] INFO com.iluwatar.commander.Commander - Order Y6V2YNTDY7UV: Shipping placed successfully, transaction id: UV6QX3JC4375
13:02:07.680 [main] INFO com.iluwatar.commander.Commander - Order has been placed and will be shipped to you. Please wait while we make your payment... 
13:02:07.680 [main] INFO com.iluwatar.commander.Commander - Order Y6V2YNTDY7UV: Shipping placed successfully, transaction id: EYO8UQ9CNS1J
13:02:07.680 [main] INFO com.iluwatar.commander.Commander - Order has been placed and will be shipped to you. Please wait while we make your payment... 
13:02:07.680 [Thread-1681] DEBUG com.iluwatar.commander.Commander - Order Y6V2YNTDY7UV: Error in connecting to messaging service (Payment Failure msg), trying again..
13:02:07.680 [main] INFO com.iluwatar.commander.Commander - Order Y6V2YNTDY7UV: Shipping placed successfully, transaction id: 94N7ZDW9SED7
13:02:07.680 [main] INFO com.iluwatar.commander.Commander - Order has been placed and will be shipped to you. Please wait while we make your payment... 
13:02:07.680 [main] INFO com.iluwatar.commander.Commander - Order Y6V2YNTDY7UV: Shipping placed successfully, transaction id: YIVA408YDB27
13:02:07.680 [main] INFO com.iluwatar.commander.Commander - Order has been placed and will be shipped to you. Please wait while we make your payment... 
13:02:07.680 [main] INFO com.iluwatar.commander.Commander - Order Y6V2YNTDY7UV: Shipping placed successfully, transaction id: 1IWZ0T4747YN
13:02:07.680 [main] INFO com.iluwatar.commander.Commander - Order has been placed and will be shipped to you. Please wait while we make your payment... 
13:02:07.680 [main] INFO com.iluwatar.commander.Commander - Order Y6V2YNTDY7UV: Shipping placed successfully, transaction id: M97DNLRCHD7R
13:02:07.680 [main] INFO com.iluwatar.commander.Commander - Order has been placed and will be shipped to you. Please wait while we make your payment... 
13:02:07.680 [main] INFO com.iluwatar.commander.Commander - Order Y6V2YNTDY7UV: Shipping placed successfully, transaction id: 8EP7QO4RHJA6
13:02:07.680 [main] INFO com.iluwatar.commander.Commander - Order has been placed and will be shipped to you. Please wait while we make your payment... 
13:02:07.680 [Thread-1676] WARN com.iluwatar.commander.Commander - Order M1TR6KFL5LNU: Error in sending Payment Failure message, trying to queue task and add to employee handle..
13:02:07.680 [main] INFO com.iluwatar.commander.Commander - Order W449JM1IMI0F: Shipping placed successfully, transaction id: 27LQJK4TFZS8
13:02:07.680 [main] INFO com.iluwatar.commander.Commander - Order has been placed and will be shipped to you. Please wait while we make your payment... 
13:02:07.680 [Thread-1680] WARN com.iluwatar.commander.Commander - Order M1TR6KFL5LNU: Error in connecting to queue db, trying again..
13:02:07.680 [Thread-1684] WARN com.iluwatar.commander.Commander - Order M1TR6KFL5LNU: Error in connecting to employee handle, trying again..
13:02:07.680 [Thread-1680] ERROR com.iluwatar.commander.Commander - Order M1TR6KFL5LNU: Unable to enqueue task of type Payment Failure Message, trying to add to employee handle..
13:02:07.680 [Thread-1681] WARN com.iluwatar.commander.Commander - Order Y6V2YNTDY7UV: Error in sending Payment Failure message, trying to queue task and add to employee handle..
13:02:07.680 [Thread-1683] WARN com.iluwatar.commander.Commander - Order Y6V2YNTDY7UV: Error in connecting to queue db, trying again..
13:02:07.680 [Thread-1683] ERROR com.iluwatar.commander.Commander - Order Y6V2YNTDY7UV: Unable to enqueue task of type Payment Failure Message, trying to add to employee handle..
13:02:07.680 [Thread-1689] WARN com.iluwatar.commander.Commander - Order Y6V2YNTDY7UV: Error in connecting to employee handle, trying again..
13:02:07.680 [Thread-1688] INFO com.iluwatar.commander.Commander - Order Y6V2YNTDY7UV: Added order to employee database
13:02:07.680 [Thread-1684] WARN com.iluwatar.commander.Commander - Order M1TR6KFL5LNU: Error in adding to employee db, trying to queue task..
13:02:07.680 [Thread-1687] INFO com.iluwatar.commander.Commander - Order M1TR6KFL5LNU: Added order to employee database
13:02:07.680 [Thread-1686] WARN com.iluwatar.commander.Commander - Order M1TR6KFL5LNU: Error in connecting to queue db, trying again..
13:02:07.680 [Thread-1686] ERROR com.iluwatar.commander.Commander - Order M1TR6KFL5LNU: Unable to enqueue task of type EMPLOYEE_DB, trying to add to employee handle..
13:02:07.680 [main] ERROR com.iluwatar.commander.Commander - Order W449JM1IMI0F: Payment time for order over, failed and returning..
13:02:07.681 [main] INFO com.iluwatar.commander.Commander - Order W449JM1IMI0F: Shipping placed successfully, transaction id: EDBXZTQEYY7D
13:02:07.681 [main] INFO com.iluwatar.commander.Commander - Order has been placed and will be shipped to you. Please wait while we make your payment... 
13:02:07.681 [main] INFO com.iluwatar.commander.Commander - Order W449JM1IMI0F: Shipping placed successfully, transaction id: I04KDGYKW6CR
13:02:07.681 [main] INFO com.iluwatar.commander.Commander - Order has been placed and will be shipped to you. Please wait while we make your payment... 
13:02:07.681 [main] INFO com.iluwatar.commander.Commander - Order W449JM1IMI0F: Shipping placed successfully, transaction id: CFXS4ONDJDQD
13:02:07.681 [main] INFO com.iluwatar.commander.Commander - Order has been placed and will be shipped to you. Please wait while we make your payment... 
13:02:07.681 [main] INFO com.iluwatar.commander.Commander - Order W449JM1IMI0F: Shipping placed successfully, transaction id: 6IZ3GN7HOCQT
13:02:07.681 [main] INFO com.iluwatar.commander.Commander - Order has been placed and will be shipped to you. Please wait while we make your payment... 
13:02:07.681 [main] INFO com.iluwatar.commander.Commander - Order W449JM1IMI0F: Shipping placed successfully, transaction id: SJS936EAULAX
13:02:07.681 [main] INFO com.iluwatar.commander.Commander - Order has been placed and will be shipped to you. Please wait while we make your payment... 
13:02:07.681 [main] INFO com.iluwatar.commander.Commander - Order W449JM1IMI0F: Shipping placed successfully, transaction id: VM4GN2EZAZAA
13:02:07.681 [main] INFO com.iluwatar.commander.Commander - Order has been placed and will be shipped to you. Please wait while we make your payment... 
13:02:07.681 [Thread-1685] DEBUG com.iluwatar.commander.Commander - Order W449JM1IMI0F: Error in connecting to messaging service (Payment Failure msg), trying again..
13:02:07.681 [main] INFO com.iluwatar.commander.Commander - Order W449JM1IMI0F: Shipping placed successfully, transaction id: OBQW6X307D6S
13:02:07.681 [main] INFO com.iluwatar.commander.Commander - Order has been placed and will be shipped to you. Please wait while we make your payment... 
13:02:07.681 [main] INFO com.iluwatar.commander.Commander - Order W449JM1IMI0F: Shipping placed successfully, transaction id: SG0YAPLQGKQP
13:02:07.681 [main] INFO com.iluwatar.commander.Commander - Order has been placed and will be shipped to you. Please wait while we make your payment... 
13:02:07.681 [main] INFO com.iluwatar.commander.Commander - Order W449JM1IMI0F: Shipping placed successfully, transaction id: X3KE1LBDZFME
13:02:07.681 [main] INFO com.iluwatar.commander.Commander - Order has been placed and will be shipped to you. Please wait while we make your payment... 
13:02:07.681 [main] INFO com.iluwatar.commander.Commander - Order W449JM1IMI0F: Shipping placed successfully, transaction id: KHP755ZRPIT5
13:02:07.681 [main] INFO com.iluwatar.commander.Commander - Order has been placed and will be shipped to you. Please wait while we make your payment... 
13:02:07.681 [main] INFO com.iluwatar.commander.Commander - Order W449JM1IMI0F: Shipping placed successfully, transaction id: DFFOZ991SKWD
13:02:07.681 [main] INFO com.iluwatar.commander.Commander - Order has been placed and will be shipped to you. Please wait while we make your payment... 
13:02:07.681 [main] INFO com.iluwatar.commander.Commander - Order OZ1KRA55WCEP: Shipping placed successfully, transaction id: XE7X0XGY7VUS
13:02:07.681 [main] INFO com.iluwatar.commander.Commander - Order has been placed and will be shipped to you. Please wait while we make your payment... 
13:02:07.681 [main] ERROR com.iluwatar.commander.Commander - Order OZ1KRA55WCEP: Payment time for order over, failed and returning..
13:02:07.681 [main] INFO com.iluwatar.commander.Commander - Order OZ1KRA55WCEP: Shipping placed successfully, transaction id: KPQ7WB5SIZMJ
13:02:07.681 [main] INFO com.iluwatar.commander.Commander - Order has been placed and will be shipped to you. Please wait while we make your payment... 
13:02:07.681 [main] INFO com.iluwatar.commander.Commander - Order OZ1KRA55WCEP: Shipping placed successfully, transaction id: RVUDEP5NZ1L0
13:02:07.681 [main] INFO com.iluwatar.commander.Commander - Order has been placed and will be shipped to you. Please wait while we make your payment... 
13:02:07.681 [main] INFO com.iluwatar.commander.Commander - Order OZ1KRA55WCEP: Shipping placed successfully, transaction id: ZHT07NMG76P0
13:02:07.681 [main] INFO com.iluwatar.commander.Commander - Order has been placed and will be shipped to you. Please wait while we make your payment... 
13:02:07.681 [Thread-1693] DEBUG com.iluwatar.commander.Commander - Order OZ1KRA55WCEP: Error in connecting to messaging service (Payment Failure msg), trying again..
13:02:07.681 [main] INFO com.iluwatar.commander.Commander - Order OZ1KRA55WCEP: Shipping placed successfully, transaction id: T19T7377INVS
13:02:07.681 [main] INFO com.iluwatar.commander.Commander - Order has been placed and will be shipped to you. Please wait while we make your payment... 
13:02:07.681 [main] INFO com.iluwatar.commander.Commander - Order OZ1KRA55WCEP: Shipping placed successfully, transaction id: QD7YCSK6QX6P
13:02:07.681 [main] INFO com.iluwatar.commander.Commander - Order has been placed and will be shipped to you. Please wait while we make your payment... 
13:02:07.681 [main] INFO com.iluwatar.commander.Commander - Order OZ1KRA55WCEP: Shipping placed successfully, transaction id: EIMXLJ4CXRS5
13:02:07.681 [main] INFO com.iluwatar.commander.Commander - Order has been placed and will be shipped to you. Please wait while we make your payment... 
13:02:07.681 [Thread-1690] WARN com.iluwatar.commander.Commander - Order Y6V2YNTDY7UV: Error in connecting to queue db, trying again..
13:02:07.681 [main] INFO com.iluwatar.commander.Commander - Order OZ1KRA55WCEP: Shipping placed successfully, transaction id: 61SHD05H3U1H
13:02:07.681 [main] INFO com.iluwatar.commander.Commander - Order has been placed and will be shipped to you. Please wait while we make your payment... 
13:02:07.681 [Thread-1690] ERROR com.iluwatar.commander.Commander - Order Y6V2YNTDY7UV: Unable to enqueue task of type EMPLOYEE_DB, trying to add to employee handle..
13:02:07.681 [Thread-1689] WARN com.iluwatar.commander.Commander - Order Y6V2YNTDY7UV: Error in adding to employee db, trying to queue task..
13:02:07.681 [main] INFO com.iluwatar.commander.Commander - Order OZ1KRA55WCEP: Shipping placed successfully, transaction id: HEYKLZXMBOY6
13:02:07.681 [main] INFO com.iluwatar.commander.Commander - Order has been placed and will be shipped to you. Please wait while we make your payment... 
13:02:07.681 [main] INFO com.iluwatar.commander.Commander - Order OZ1KRA55WCEP: Shipping placed successfully, transaction id: DUE3B2RPG3CB
13:02:07.681 [main] INFO com.iluwatar.commander.Commander - Order has been placed and will be shipped to you. Please wait while we make your payment... 
13:02:07.681 [main] INFO com.iluwatar.commander.Commander - Order OZ1KRA55WCEP: Shipping placed successfully, transaction id: 60OM2L71K8GI
13:02:07.681 [main] INFO com.iluwatar.commander.Commander - Order has been placed and will be shipped to you. Please wait while we make your payment... 
13:02:07.681 [main] INFO com.iluwatar.commander.Commander - Order OZ1KRA55WCEP: Shipping placed successfully, transaction id: 5MQCQO7EM9ND
13:02:07.681 [main] INFO com.iluwatar.commander.Commander - Order has been placed and will be shipped to you. Please wait while we make your payment... 
13:02:07.681 [main] INFO com.iluwatar.commander.Commander - Order V4ZUDFF9PDFX: Shipping placed successfully, transaction id: OJH8YEXYIT75
13:02:07.681 [main] INFO com.iluwatar.commander.Commander - Order has been placed and will be shipped to you. Please wait while we make your payment... 
13:02:07.681 [Thread-1693] WARN com.iluwatar.commander.Commander - Order OZ1KRA55WCEP: Error in sending Payment Failure message, trying to queue task and add to employee handle..
13:02:07.681 [Thread-1694] WARN com.iluwatar.commander.Commander - Order OZ1KRA55WCEP: Error in connecting to queue db, trying again..
13:02:07.681 [Thread-1694] ERROR com.iluwatar.commander.Commander - Order OZ1KRA55WCEP: Unable to enqueue task of type Payment Failure Message, trying to add to employee handle..
13:02:07.681 [Thread-1685] WARN com.iluwatar.commander.Commander - Order W449JM1IMI0F: Error in sending Payment Failure message, trying to queue task and add to employee handle..
13:02:07.681 [Thread-1698] WARN com.iluwatar.commander.Commander - Order OZ1KRA55WCEP: Error in connecting to employee handle, trying again..
13:02:07.681 [Thread-1692] WARN com.iluwatar.commander.Commander - Order W449JM1IMI0F: Error in connecting to queue db, trying again..
13:02:07.681 [Thread-1697] INFO com.iluwatar.commander.Commander - Order OZ1KRA55WCEP: Added order to employee database
13:02:07.681 [Thread-1692] ERROR com.iluwatar.commander.Commander - Order W449JM1IMI0F: Unable to enqueue task of type Payment Failure Message, trying to add to employee handle..
13:02:07.681 [main] ERROR com.iluwatar.commander.Commander - Order V4ZUDFF9PDFX: Payment time for order over, failed and returning..
13:02:07.681 [main] INFO com.iluwatar.commander.Commander - Order V4ZUDFF9PDFX: Shipping placed successfully, transaction id: WD1UT5SI93M6
13:02:07.681 [main] INFO com.iluwatar.commander.Commander - Order has been placed and will be shipped to you. Please wait while we make your payment... 
13:02:07.681 [main] INFO com.iluwatar.commander.Commander - Order V4ZUDFF9PDFX: Shipping placed successfully, transaction id: NAWIN3A333RZ
13:02:07.681 [main] INFO com.iluwatar.commander.Commander - Order has been placed and will be shipped to you. Please wait while we make your payment... 
13:02:07.681 [main] INFO com.iluwatar.commander.Commander - Order V4ZUDFF9PDFX: Shipping placed successfully, transaction id: ZUAZIWWO4VUD
13:02:07.681 [main] INFO com.iluwatar.commander.Commander - Order has been placed and will be shipped to you. Please wait while we make your payment... 
13:02:07.681 [main] INFO com.iluwatar.commander.Commander - Order V4ZUDFF9PDFX: Shipping placed successfully, transaction id: EF1XLNYGHEI1
13:02:07.681 [main] INFO com.iluwatar.commander.Commander - Order has been placed and will be shipped to you. Please wait while we make your payment... 
13:02:07.681 [main] INFO com.iluwatar.commander.Commander - Order V4ZUDFF9PDFX: Shipping placed successfully, transaction id: XK7YC1R28TV0
13:02:07.681 [main] INFO com.iluwatar.commander.Commander - Order has been placed and will be shipped to you. Please wait while we make your payment... 
13:02:07.681 [main] INFO com.iluwatar.commander.Commander - Order V4ZUDFF9PDFX: Shipping placed successfully, transaction id: HT73FT3WFMAJ
13:02:07.681 [main] INFO com.iluwatar.commander.Commander - Order has been placed and will be shipped to you. Please wait while we make your payment... 
13:02:07.681 [Thread-1701] WARN com.iluwatar.commander.Commander - Order W449JM1IMI0F: Error in connecting to employee handle, trying again..
13:02:07.681 [main] INFO com.iluwatar.commander.Commander - Order V4ZUDFF9PDFX: Shipping placed successfully, transaction id: R6BKYKYY9BBN
13:02:07.681 [main] INFO com.iluwatar.commander.Commander - Order has been placed and will be shipped to you. Please wait while we make your payment... 
13:02:07.681 [main] INFO com.iluwatar.commander.Commander - Order V4ZUDFF9PDFX: Shipping placed successfully, transaction id: J0YK3MWV2AIL
13:02:07.681 [main] INFO com.iluwatar.commander.Commander - Order has been placed and will be shipped to you. Please wait while we make your payment... 
13:02:07.681 [Thread-1696] DEBUG com.iluwatar.commander.Commander - Order V4ZUDFF9PDFX: Error in connecting to messaging service (Payment Failure msg), trying again..
13:02:07.681 [main] INFO com.iluwatar.commander.Commander - Order V4ZUDFF9PDFX: Shipping placed successfully, transaction id: HH1L1R9SFWS4
13:02:07.681 [main] INFO com.iluwatar.commander.Commander - Order has been placed and will be shipped to you. Please wait while we make your payment... 
13:02:07.681 [main] INFO com.iluwatar.commander.Commander - Order V4ZUDFF9PDFX: Shipping placed successfully, transaction id: 756UG07P28K4
13:02:07.681 [main] INFO com.iluwatar.commander.Commander - Order has been placed and will be shipped to you. Please wait while we make your payment... 
13:02:07.681 [main] INFO com.iluwatar.commander.Commander - Order V4ZUDFF9PDFX: Shipping placed successfully, transaction id: JSZZ3PC3HBN7
13:02:07.681 [main] INFO com.iluwatar.commander.Commander - Order has been placed and will be shipped to you. Please wait while we make your payment... 
13:02:07.681 [main] INFO com.iluwatar.commander.Commander - Order BJWP2QJ5N9CR: Shipping placed successfully, transaction id: H181MEQHUMT4
13:02:07.681 [main] INFO com.iluwatar.commander.Commander - Order has been placed and will be shipped to you. Please wait while we make your payment... 
13:02:07.681 [Thread-1701] WARN com.iluwatar.commander.Commander - Order W449JM1IMI0F: Error in adding to employee db, trying to queue task..
13:02:07.681 [Thread-1702] WARN com.iluwatar.commander.Commander - Order W449JM1IMI0F: Error in connecting to queue db, trying again..
13:02:07.681 [Thread-1702] ERROR com.iluwatar.commander.Commander - Order W449JM1IMI0F: Unable to enqueue task of type EMPLOYEE_DB, trying to add to employee handle..
13:02:07.681 [main] ERROR com.iluwatar.commander.Commander - Order BJWP2QJ5N9CR: Payment time for order over, failed and returning..
13:02:07.681 [Thread-1704] DEBUG com.iluwatar.commander.Commander - Order BJWP2QJ5N9CR: Error in connecting to messaging service (Payment Failure msg), trying again..
13:02:07.681 [Thread-1705] INFO com.iluwatar.commander.Commander - Order W449JM1IMI0F: Added order to employee database
13:02:07.681 [main] INFO com.iluwatar.commander.Commander - Order BJWP2QJ5N9CR: Shipping placed successfully, transaction id: VOXS4PMH4RGC
13:02:07.681 [main] INFO com.iluwatar.commander.Commander - Order has been placed and will be shipped to you. Please wait while we make your payment... 
13:02:07.681 [main] INFO com.iluwatar.commander.Commander - Order BJWP2QJ5N9CR: Shipping placed successfully, transaction id: Q5TIJ432CGXO
13:02:07.681 [main] INFO com.iluwatar.commander.Commander - Order has been placed and will be shipped to you. Please wait while we make your payment... 
13:02:07.681 [main] INFO com.iluwatar.commander.Commander - Order BJWP2QJ5N9CR: Shipping placed successfully, transaction id: ICR0I3I1I8BJ
13:02:07.681 [main] INFO com.iluwatar.commander.Commander - Order has been placed and will be shipped to you. Please wait while we make your payment... 
13:02:07.681 [main] INFO com.iluwatar.commander.Commander - Order BJWP2QJ5N9CR: Shipping placed successfully, transaction id: 52J2C0IITE5K
13:02:07.681 [main] INFO com.iluwatar.commander.Commander - Order has been placed and will be shipped to you. Please wait while we make your payment... 
13:02:07.681 [main] INFO com.iluwatar.commander.Commander - Order BJWP2QJ5N9CR: Shipping placed successfully, transaction id: JR91BQMJDPGT
13:02:07.681 [main] INFO com.iluwatar.commander.Commander - Order has been placed and will be shipped to you. Please wait while we make your payment... 
13:02:07.681 [main] INFO com.iluwatar.commander.Commander - Order BJWP2QJ5N9CR: Shipping placed successfully, transaction id: TXP3PXIXWAJJ
13:02:07.681 [main] INFO com.iluwatar.commander.Commander - Order has been placed and will be shipped to you. Please wait while we make your payment... 
13:02:07.681 [main] INFO com.iluwatar.commander.Commander - Order BJWP2QJ5N9CR: Shipping placed successfully, transaction id: QGI7ZU6VBAR0
13:02:07.681 [main] INFO com.iluwatar.commander.Commander - Order has been placed and will be shipped to you. Please wait while we make your payment... 
13:02:07.681 [main] INFO com.iluwatar.commander.Commander - Order BJWP2QJ5N9CR: Shipping placed successfully, transaction id: QFEYR7K9N3IO
13:02:07.681 [main] INFO com.iluwatar.commander.Commander - Order has been placed and will be shipped to you. Please wait while we make your payment... 
13:02:07.681 [main] INFO com.iluwatar.commander.Commander - Order BJWP2QJ5N9CR: Shipping placed successfully, transaction id: BMIYZRKSFJF2
13:02:07.681 [main] INFO com.iluwatar.commander.Commander - Order has been placed and will be shipped to you. Please wait while we make your payment... 
13:02:07.681 [main] INFO com.iluwatar.commander.Commander - Order BJWP2QJ5N9CR: Shipping placed successfully, transaction id: 34N6ENSH5E0C
13:02:07.681 [main] INFO com.iluwatar.commander.Commander - Order has been placed and will be shipped to you. Please wait while we make your payment... 
13:02:07.681 [main] INFO com.iluwatar.commander.Commander - Order BJWP2QJ5N9CR: Shipping placed successfully, transaction id: KICPT11D1T3R
13:02:07.681 [main] INFO com.iluwatar.commander.Commander - Order has been placed and will be shipped to you. Please wait while we make your payment... 
13:02:07.681 [Thread-1704] WARN com.iluwatar.commander.Commander - Order BJWP2QJ5N9CR: Error in sending Payment Failure message, trying to queue task and add to employee handle..
13:02:07.681 [Thread-1706] WARN com.iluwatar.commander.Commander - Order BJWP2QJ5N9CR: Error in connecting to queue db, trying again..
13:02:07.681 [Thread-1706] ERROR com.iluwatar.commander.Commander - Order BJWP2QJ5N9CR: Unable to enqueue task of type Payment Failure Message, trying to add to employee handle..
]]></system-out>
  </testcase>
  <testcase name="testPlaceOrderUnknownException" classname="com.iluwatar.commander.CommanderTest" time="0.004">
    <system-out><![CDATA[13:02:07.682 [Thread-1698] WARN com.iluwatar.commander.Commander - Order OZ1KRA55WCEP: Error in adding to employee db, trying to queue task..
13:02:07.682 [Thread-1700] WARN com.iluwatar.commander.Commander - Order OZ1KRA55WCEP: Error in connecting to queue db, trying again..
13:02:07.682 [Thread-1700] ERROR com.iluwatar.commander.Commander - Order OZ1KRA55WCEP: Unable to enqueue task of type EMPLOYEE_DB, trying to add to employee handle..
13:02:07.682 [Thread-1708] WARN com.iluwatar.commander.Commander - Order BJWP2QJ5N9CR: Error in connecting to employee handle, trying again..
13:02:07.682 [Thread-1707] INFO com.iluwatar.commander.Commander - Order BJWP2QJ5N9CR: Added order to employee database
13:02:07.682 [main] INFO com.iluwatar.commander.Commander - Order CCDIEPLVHCD0: Shipping placed successfully, transaction id: UBZ62K1XIPZT
13:02:07.682 [main] INFO com.iluwatar.commander.Commander - Order has been placed and will be shipped to you. Please wait while we make your payment... 
13:02:07.682 [main] INFO com.iluwatar.commander.Commander - Order CCDIEPLVHCD0: Shipping placed successfully, transaction id: RER3V3IKVAEN
13:02:07.682 [main] INFO com.iluwatar.commander.Commander - Order has been placed and will be shipped to you. Please wait while we make your payment... 
13:02:07.682 [Thread-1711] DEBUG com.iluwatar.commander.Commander - Order CCDIEPLVHCD0: Error in creating payment request..
13:02:07.682 [Thread-1711] INFO com.iluwatar.commander.Commander - There was an error in payment. We are on it, and will get back to you asap. Don't worry, your order has been placed and will be shipped.
13:02:07.682 [Thread-1711] WARN com.iluwatar.commander.Commander - Order CCDIEPLVHCD0: Payment error, going to queue..
13:02:07.682 [main] INFO com.iluwatar.commander.Commander - Order CCDIEPLVHCD0: Shipping placed successfully, transaction id: X28O1INE9ODX
13:02:07.682 [main] INFO com.iluwatar.commander.Commander - Order has been placed and will be shipped to you. Please wait while we make your payment... 
13:02:07.682 [Thread-1696] WARN com.iluwatar.commander.Commander - Order V4ZUDFF9PDFX: Error in sending Payment Failure message, trying to queue task and add to employee handle..
13:02:07.682 [Thread-1703] WARN com.iluwatar.commander.Commander - Order V4ZUDFF9PDFX: Error in connecting to queue db, trying again..
13:02:07.682 [Thread-1703] ERROR com.iluwatar.commander.Commander - Order V4ZUDFF9PDFX: Unable to enqueue task of type Payment Failure Message, trying to add to employee handle..
13:02:07.682 [Thread-1714] INFO com.iluwatar.commander.Commander - Order CCDIEPLVHCD0: Payment successful, transaction Id: 8B6YUN7D7WTO
13:02:07.682 [main] INFO com.iluwatar.commander.Commander - Order CCDIEPLVHCD0: Shipping placed successfully, transaction id: 6GDF8K117OH5
13:02:07.682 [main] INFO com.iluwatar.commander.Commander - Order has been placed and will be shipped to you. Please wait while we make your payment... 
13:02:07.682 [main] INFO com.iluwatar.commander.Commander - Order JNFO5I00CK1E: Shipping placed successfully, transaction id: D68N3M36B42K
13:02:07.682 [main] INFO com.iluwatar.commander.Commander - Order has been placed and will be shipped to you. Please wait while we make your payment... 
13:02:07.682 [Thread-1708] WARN com.iluwatar.commander.Commander - Order BJWP2QJ5N9CR: Error in adding to employee db, trying to queue task..
13:02:07.682 [Thread-1710] WARN com.iluwatar.commander.Commander - Order BJWP2QJ5N9CR: Error in connecting to queue db, trying again..
13:02:07.682 [Thread-1710] ERROR com.iluwatar.commander.Commander - Order BJWP2QJ5N9CR: Unable to enqueue task of type EMPLOYEE_DB, trying to add to employee handle..
13:02:07.683 [main] INFO com.iluwatar.commander.Commander - Order JNFO5I00CK1E: Shipping placed successfully, transaction id: S7P1PLUYGA12
13:02:07.683 [main] INFO com.iluwatar.commander.Commander - Order has been placed and will be shipped to you. Please wait while we make your payment... 
13:02:07.683 [Thread-1719] DEBUG com.iluwatar.commander.Commander - Order JNFO5I00CK1E: Error in creating payment request..
13:02:07.683 [Thread-1719] INFO com.iluwatar.commander.Commander - There was an error in payment. We are on it, and will get back to you asap. Don't worry, your order has been placed and will be shipped.
13:02:07.683 [Thread-1719] WARN com.iluwatar.commander.Commander - Order JNFO5I00CK1E: Payment error, going to queue..
13:02:07.683 [Thread-1712] INFO com.iluwatar.commander.Commander - Order CCDIEPLVHCD0: Payment successful, transaction Id: ERII5SHMGW7U
13:02:07.683 [Thread-1717] INFO com.iluwatar.commander.messagingservice.MessagingService - Msg: Your order has been placed and paid for successfully! Thank you for shopping with us!
13:02:07.683 [Thread-1717] INFO com.iluwatar.commander.Commander - Order CCDIEPLVHCD0: Payment Success message sent, request Id: 7NHGA4DGVFP7
13:02:07.683 [Thread-1716] WARN com.iluwatar.commander.Commander - Order V4ZUDFF9PDFX: Error in connecting to employee handle, trying again..
13:02:07.683 [Thread-1715] INFO com.iluwatar.commander.Commander - Order V4ZUDFF9PDFX: Added order to employee database
13:02:07.683 [Thread-1716] WARN com.iluwatar.commander.Commander - Order V4ZUDFF9PDFX: Error in adding to employee db, trying to queue task..
13:02:07.683 [Thread-1724] WARN com.iluwatar.commander.Commander - Order V4ZUDFF9PDFX: Error in connecting to queue db, trying again..
13:02:07.683 [Thread-1724] ERROR com.iluwatar.commander.Commander - Order V4ZUDFF9PDFX: Unable to enqueue task of type EMPLOYEE_DB, trying to add to employee handle..
13:02:07.683 [main] INFO com.iluwatar.commander.Commander - Order JNFO5I00CK1E: Shipping placed successfully, transaction id: HN28D5SKN2WS
13:02:07.683 [main] INFO com.iluwatar.commander.Commander - Order has been placed and will be shipped to you. Please wait while we make your payment... 
13:02:07.683 [Thread-1721] INFO com.iluwatar.commander.Commander - Order JNFO5I00CK1E: Payment successful, transaction Id: ZRJ3LRUO1KIA
13:02:07.683 [main] INFO com.iluwatar.commander.Commander - Order JNFO5I00CK1E: Shipping placed successfully, transaction id: U62BEAUU69O9
13:02:07.683 [main] INFO com.iluwatar.commander.Commander - Order has been placed and will be shipped to you. Please wait while we make your payment... 
13:02:07.683 [main] INFO com.iluwatar.commander.Commander - Order UT2BEXIS5WIZ: Shipping placed successfully, transaction id: 4X5Z2M1T8RQS
13:02:07.683 [main] INFO com.iluwatar.commander.Commander - Order has been placed and will be shipped to you. Please wait while we make your payment... 
13:02:07.683 [main] INFO com.iluwatar.commander.Commander - Order UT2BEXIS5WIZ: Shipping placed successfully, transaction id: 7PQGC2X56Q3W
13:02:07.684 [main] INFO com.iluwatar.commander.Commander - Order has been placed and will be shipped to you. Please wait while we make your payment... 
13:02:07.684 [Thread-1729] DEBUG com.iluwatar.commander.Commander - Order UT2BEXIS5WIZ: Error in creating payment request..
13:02:07.684 [Thread-1729] INFO com.iluwatar.commander.Commander - There was an error in payment. We are on it, and will get back to you asap. Don't worry, your order has been placed and will be shipped.
13:02:07.684 [Thread-1729] WARN com.iluwatar.commander.Commander - Order UT2BEXIS5WIZ: Payment error, going to queue..
13:02:07.684 [Thread-1727] INFO com.iluwatar.commander.messagingservice.MessagingService - Msg: Your order has been placed and paid for successfully! Thank you for shopping with us!
13:02:07.684 [Thread-1727] INFO com.iluwatar.commander.Commander - Order JNFO5I00CK1E: Payment Success message sent, request Id: IR5IESY12YQL
13:02:07.684 [Thread-1731] INFO com.iluwatar.commander.messagingservice.MessagingService - Msg: There was an error in your payment process, we are working on it and will return back to you shortly. Meanwhile, your order has been placed and will be shipped.
13:02:07.684 [Thread-1731] INFO com.iluwatar.commander.Commander - Order UT2BEXIS5WIZ: Payment Error message sent successfully, request Id: ENG9M85AHCB1
13:02:07.684 [main] INFO com.iluwatar.commander.Commander - Order UT2BEXIS5WIZ: Shipping placed successfully, transaction id: JJXNC3C1GA36
13:02:07.684 [main] INFO com.iluwatar.commander.Commander - Order has been placed and will be shipped to you. Please wait while we make your payment... 
13:02:07.684 [Thread-1730] INFO com.iluwatar.commander.Commander - Order UT2BEXIS5WIZ: Payment successful, transaction Id: 4RHYAJSS2RML
13:02:07.684 [main] INFO com.iluwatar.commander.Commander - Order UT2BEXIS5WIZ: Shipping placed successfully, transaction id: J9WYW4L8XT8U
13:02:07.684 [main] INFO com.iluwatar.commander.Commander - Order has been placed and will be shipped to you. Please wait while we make your payment... 
13:02:07.684 [Thread-1733] INFO com.iluwatar.commander.messagingservice.MessagingService - Msg: Your order has been placed and paid for successfully! Thank you for shopping with us!
13:02:07.684 [Thread-1733] INFO com.iluwatar.commander.Commander - Order UT2BEXIS5WIZ: Payment Success message sent, request Id: CLP17TD3EK4O
13:02:07.684 [main] INFO com.iluwatar.commander.Commander - Order 13S5C0DIPESQ: Shipping placed successfully, transaction id: EN51X7Y0TONC
13:02:07.684 [main] INFO com.iluwatar.commander.Commander - Order has been placed and will be shipped to you. Please wait while we make your payment... 
13:02:07.684 [main] INFO com.iluwatar.commander.Commander - Order 13S5C0DIPESQ: Shipping placed successfully, transaction id: A774Y1A728FC
13:02:07.684 [Thread-1735] DEBUG com.iluwatar.commander.Commander - Order 13S5C0DIPESQ: Error in creating payment request..
13:02:07.684 [main] INFO com.iluwatar.commander.Commander - Order has been placed and will be shipped to you. Please wait while we make your payment... 
13:02:07.684 [Thread-1735] INFO com.iluwatar.commander.Commander - There was an error in payment. We are on it, and will get back to you asap. Don't worry, your order has been placed and will be shipped.
13:02:07.684 [Thread-1735] WARN com.iluwatar.commander.Commander - Order 13S5C0DIPESQ: Payment error, going to queue..
13:02:07.684 [main] INFO com.iluwatar.commander.Commander - Order 13S5C0DIPESQ: Shipping placed successfully, transaction id: 4VHO4LSKHSO9
13:02:07.684 [main] INFO com.iluwatar.commander.Commander - Order has been placed and will be shipped to you. Please wait while we make your payment... 
13:02:07.684 [Thread-1736] INFO com.iluwatar.commander.Commander - Order 13S5C0DIPESQ: Payment successful, transaction Id: GC7BYMNUI5TV
13:02:07.684 [Thread-1739] INFO com.iluwatar.commander.messagingservice.MessagingService - Msg: Your order has been placed and paid for successfully! Thank you for shopping with us!
13:02:07.684 [Thread-1739] INFO com.iluwatar.commander.Commander - Order 13S5C0DIPESQ: Payment Success message sent, request Id: M8NP6SQ0G79O
13:02:07.684 [main] INFO com.iluwatar.commander.Commander - Order 13S5C0DIPESQ: Shipping placed successfully, transaction id: US9Z8C2N6URH
13:02:07.684 [main] INFO com.iluwatar.commander.Commander - Order has been placed and will be shipped to you. Please wait while we make your payment... 
13:02:07.684 [main] INFO com.iluwatar.commander.Commander - Order 0OULDIO7SRU6: Shipping placed successfully, transaction id: HIME6XD1L4K5
13:02:07.684 [main] INFO com.iluwatar.commander.Commander - Order has been placed and will be shipped to you. Please wait while we make your payment... 
13:02:07.684 [main] INFO com.iluwatar.commander.Commander - Order 0OULDIO7SRU6: Shipping placed successfully, transaction id: M686ZW0OX2KR
13:02:07.684 [main] INFO com.iluwatar.commander.Commander - Order has been placed and will be shipped to you. Please wait while we make your payment... 
13:02:07.684 [Thread-1741] DEBUG com.iluwatar.commander.Commander - Order 0OULDIO7SRU6: Error in creating payment request..
13:02:07.684 [Thread-1741] INFO com.iluwatar.commander.Commander - There was an error in payment. We are on it, and will get back to you asap. Don't worry, your order has been placed and will be shipped.
13:02:07.684 [Thread-1741] WARN com.iluwatar.commander.Commander - Order 0OULDIO7SRU6: Payment error, going to queue..
13:02:07.684 [main] INFO com.iluwatar.commander.Commander - Order 0OULDIO7SRU6: Shipping placed successfully, transaction id: UU9C2QLKULKR
13:02:07.684 [main] INFO com.iluwatar.commander.Commander - Order has been placed and will be shipped to you. Please wait while we make your payment... 
13:02:07.684 [Thread-1742] INFO com.iluwatar.commander.Commander - Order 0OULDIO7SRU6: Payment successful, transaction Id: 5XTJ3L98Z2ZL
13:02:07.684 [main] INFO com.iluwatar.commander.Commander - Order 0OULDIO7SRU6: Shipping placed successfully, transaction id: KQ3LSAIZHE0H
13:02:07.684 [main] INFO com.iluwatar.commander.Commander - Order has been placed and will be shipped to you. Please wait while we make your payment... 
13:02:07.684 [Thread-1745] INFO com.iluwatar.commander.messagingservice.MessagingService - Msg: Your order has been placed and paid for successfully! Thank you for shopping with us!
13:02:07.684 [Thread-1745] INFO com.iluwatar.commander.Commander - Order 0OULDIO7SRU6: Payment Success message sent, request Id: ELCR1GIE6KCJ
13:02:07.685 [main] INFO com.iluwatar.commander.Commander - Order 78P59A3PW3DR: Shipping placed successfully, transaction id: Q89N9OHG7KWS
13:02:07.685 [main] INFO com.iluwatar.commander.Commander - Order has been placed and will be shipped to you. Please wait while we make your payment... 
13:02:07.685 [main] INFO com.iluwatar.commander.Commander - Order 78P59A3PW3DR: Shipping placed successfully, transaction id: 4T5SMR1L46TQ
13:02:07.685 [main] INFO com.iluwatar.commander.Commander - Order has been placed and will be shipped to you. Please wait while we make your payment... 
13:02:07.685 [Thread-1747] DEBUG com.iluwatar.commander.Commander - Order 78P59A3PW3DR: Error in creating payment request..
13:02:07.685 [Thread-1747] INFO com.iluwatar.commander.Commander - There was an error in payment. We are on it, and will get back to you asap. Don't worry, your order has been placed and will be shipped.
13:02:07.685 [Thread-1747] WARN com.iluwatar.commander.Commander - Order 78P59A3PW3DR: Payment error, going to queue..
13:02:07.685 [Thread-1749] INFO com.iluwatar.commander.messagingservice.MessagingService - Msg: There was an error in your payment process, we are working on it and will return back to you shortly. Meanwhile, your order has been placed and will be shipped.
13:02:07.685 [Thread-1749] INFO com.iluwatar.commander.Commander - Order 78P59A3PW3DR: Payment Error message sent successfully, request Id: 8UDJE5C4BXWJ
13:02:07.685 [main] INFO com.iluwatar.commander.Commander - Order 78P59A3PW3DR: Shipping placed successfully, transaction id: IHHUGFWVOISX
13:02:07.685 [main] INFO com.iluwatar.commander.Commander - Order has been placed and will be shipped to you. Please wait while we make your payment... 
13:02:07.685 [Thread-1748] INFO com.iluwatar.commander.Commander - Order 78P59A3PW3DR: Payment successful, transaction Id: 1X0NB8KCQX37
13:02:07.685 [main] INFO com.iluwatar.commander.Commander - Order 78P59A3PW3DR: Shipping placed successfully, transaction id: LF1UN05YW81Q
13:02:07.685 [main] INFO com.iluwatar.commander.Commander - Order has been placed and will be shipped to you. Please wait while we make your payment... 
13:02:07.685 [Thread-1751] INFO com.iluwatar.commander.messagingservice.MessagingService - Msg: Your order has been placed and paid for successfully! Thank you for shopping with us!
13:02:07.685 [Thread-1751] INFO com.iluwatar.commander.Commander - Order 78P59A3PW3DR: Payment Success message sent, request Id: IXDOIFC9B6E1
13:02:07.685 [main] INFO com.iluwatar.commander.Commander - Order DC1RJ6TWXPRL: Shipping placed successfully, transaction id: 29MW63R8KBO7
13:02:07.685 [main] INFO com.iluwatar.commander.Commander - Order has been placed and will be shipped to you. Please wait while we make your payment... 
13:02:07.685 [main] INFO com.iluwatar.commander.Commander - Order DC1RJ6TWXPRL: Shipping placed successfully, transaction id: FA8PORHK7EJZ
13:02:07.685 [main] INFO com.iluwatar.commander.Commander - Order has been placed and will be shipped to you. Please wait while we make your payment... 
13:02:07.685 [Thread-1753] DEBUG com.iluwatar.commander.Commander - Order DC1RJ6TWXPRL: Error in creating payment request..
13:02:07.685 [main] INFO com.iluwatar.commander.Commander - Order DC1RJ6TWXPRL: Shipping placed successfully, transaction id: VRMZN7U5ZSZU
13:02:07.685 [main] INFO com.iluwatar.commander.Commander - Order has been placed and will be shipped to you. Please wait while we make your payment... 
13:02:07.685 [Thread-1753] INFO com.iluwatar.commander.Commander - There was an error in payment. We are on it, and will get back to you asap. Don't worry, your order has been placed and will be shipped.
13:02:07.685 [Thread-1753] WARN com.iluwatar.commander.Commander - Order DC1RJ6TWXPRL: Payment error, going to queue..
13:02:07.685 [Thread-1754] INFO com.iluwatar.commander.Commander - Order DC1RJ6TWXPRL: Payment successful, transaction Id: 2VVLUWTX3QW7
13:02:07.685 [main] INFO com.iluwatar.commander.Commander - Order DC1RJ6TWXPRL: Shipping placed successfully, transaction id: W7ZQ6YCMCSCN
13:02:07.685 [main] INFO com.iluwatar.commander.Commander - Order has been placed and will be shipped to you. Please wait while we make your payment... 
13:02:07.685 [main] INFO com.iluwatar.commander.Commander - Order 27X3IU4VH9Y5: Shipping placed successfully, transaction id: RY9ZCTA077LQ
13:02:07.685 [main] INFO com.iluwatar.commander.Commander - Order has been placed and will be shipped to you. Please wait while we make your payment... 
13:02:07.685 [Thread-1757] INFO com.iluwatar.commander.messagingservice.MessagingService - Msg: Your order has been placed and paid for successfully! Thank you for shopping with us!
13:02:07.685 [Thread-1757] INFO com.iluwatar.commander.Commander - Order DC1RJ6TWXPRL: Payment Success message sent, request Id: SQ4IK8DQFH7G
13:02:07.685 [main] INFO com.iluwatar.commander.Commander - Order 27X3IU4VH9Y5: Shipping placed successfully, transaction id: ODY4RX0FLI8Y
13:02:07.685 [main] INFO com.iluwatar.commander.Commander - Order has been placed and will be shipped to you. Please wait while we make your payment... 
13:02:07.685 [Thread-1759] DEBUG com.iluwatar.commander.Commander - Order 27X3IU4VH9Y5: Error in creating payment request..
13:02:07.685 [Thread-1759] INFO com.iluwatar.commander.Commander - There was an error in payment. We are on it, and will get back to you asap. Don't worry, your order has been placed and will be shipped.
13:02:07.685 [Thread-1759] WARN com.iluwatar.commander.Commander - Order 27X3IU4VH9Y5: Payment error, going to queue..
13:02:07.685 [main] INFO com.iluwatar.commander.Commander - Order 27X3IU4VH9Y5: Shipping placed successfully, transaction id: 0WPEU4EZ3E1O
13:02:07.685 [main] INFO com.iluwatar.commander.Commander - Order has been placed and will be shipped to you. Please wait while we make your payment... 
13:02:07.685 [Thread-1760] INFO com.iluwatar.commander.Commander - Order 27X3IU4VH9Y5: Payment successful, transaction Id: QKHZY52GSZMH
13:02:07.685 [main] INFO com.iluwatar.commander.Commander - Order 27X3IU4VH9Y5: Shipping placed successfully, transaction id: GCPYK63G4EG5
13:02:07.685 [main] INFO com.iluwatar.commander.Commander - Order has been placed and will be shipped to you. Please wait while we make your payment... 
13:02:07.685 [main] INFO com.iluwatar.commander.Commander - Order WH0YBI6EKWZ6: Shipping placed successfully, transaction id: J97294XBAJTI
13:02:07.685 [main] INFO com.iluwatar.commander.Commander - Order has been placed and will be shipped to you. Please wait while we make your payment... 
13:02:07.685 [main] ERROR com.iluwatar.commander.Commander - Order WH0YBI6EKWZ6: Payment time for order over, failed and returning..
13:02:07.685 [main] INFO com.iluwatar.commander.Commander - Order WH0YBI6EKWZ6: Shipping placed successfully, transaction id: PBUSNA8S4GSK
13:02:07.685 [main] INFO com.iluwatar.commander.Commander - Order has been placed and will be shipped to you. Please wait while we make your payment... 
13:02:07.685 [main] INFO com.iluwatar.commander.Commander - Order WH0YBI6EKWZ6: Shipping placed successfully, transaction id: QJ2M12X2THC7
13:02:07.685 [main] INFO com.iluwatar.commander.Commander - Order has been placed and will be shipped to you. Please wait while we make your payment... 
13:02:07.685 [main] INFO com.iluwatar.commander.Commander - Order WH0YBI6EKWZ6: Shipping placed successfully, transaction id: XUD9A40PKUYK
13:02:07.685 [main] INFO com.iluwatar.commander.Commander - Order has been placed and will be shipped to you. Please wait while we make your payment... 
13:02:07.685 [main] INFO com.iluwatar.commander.Commander - Order 8KKYI0TVNX0C: Shipping placed successfully, transaction id: 0B4VABOFN9IR
13:02:07.685 [main] INFO com.iluwatar.commander.Commander - Order has been placed and will be shipped to you. Please wait while we make your payment... 
13:02:07.685 [main] ERROR com.iluwatar.commander.Commander - Order 8KKYI0TVNX0C: Payment time for order over, failed and returning..
13:02:07.685 [Thread-1763] INFO com.iluwatar.commander.messagingservice.MessagingService - Msg: Your order has been placed and paid for successfully! Thank you for shopping with us!
13:02:07.685 [Thread-1763] INFO com.iluwatar.commander.Commander - Order 27X3IU4VH9Y5: Payment Success message sent, request Id: I3CHMXN4WYAU
13:02:07.685 [main] INFO com.iluwatar.commander.Commander - Order 8KKYI0TVNX0C: Shipping placed successfully, transaction id: RCYQBP4IBNP1
13:02:07.685 [main] INFO com.iluwatar.commander.Commander - Order has been placed and will be shipped to you. Please wait while we make your payment... 
13:02:07.685 [main] INFO com.iluwatar.commander.Commander - Order 8KKYI0TVNX0C: Shipping placed successfully, transaction id: 3F79146SRU17
13:02:07.685 [main] INFO com.iluwatar.commander.Commander - Order has been placed and will be shipped to you. Please wait while we make your payment... 
13:02:07.685 [main] INFO com.iluwatar.commander.Commander - Order 8KKYI0TVNX0C: Shipping placed successfully, transaction id: O3YCCZ3I2E08
13:02:07.685 [main] INFO com.iluwatar.commander.Commander - Order has been placed and will be shipped to you. Please wait while we make your payment... 
13:02:07.685 [main] INFO com.iluwatar.commander.Commander - Order 1VWV02G7MCBN: Shipping placed successfully, transaction id: YCNWIC9ICVZ7
13:02:07.685 [main] INFO com.iluwatar.commander.Commander - Order has been placed and will be shipped to you. Please wait while we make your payment... 
13:02:07.685 [main] ERROR com.iluwatar.commander.Commander - Order 1VWV02G7MCBN: Payment time for order over, failed and returning..
13:02:07.685 [main] INFO com.iluwatar.commander.Commander - Order 1VWV02G7MCBN: Shipping placed successfully, transaction id: 5B3NGYL43QLE
13:02:07.685 [main] INFO com.iluwatar.commander.Commander - Order has been placed and will be shipped to you. Please wait while we make your payment... 
13:02:07.685 [main] INFO com.iluwatar.commander.Commander - Order 1VWV02G7MCBN: Shipping placed successfully, transaction id: XQVLTV3GY271
13:02:07.685 [main] INFO com.iluwatar.commander.Commander - Order has been placed and will be shipped to you. Please wait while we make your payment... 
13:02:07.685 [main] INFO com.iluwatar.commander.Commander - Order 1VWV02G7MCBN: Shipping placed successfully, transaction id: B7JMYXHL7Y7B
13:02:07.685 [main] INFO com.iluwatar.commander.Commander - Order has been placed and will be shipped to you. Please wait while we make your payment... 
13:02:07.685 [main] INFO com.iluwatar.commander.Commander - Order NQB0CVM71GUJ: Shipping placed successfully, transaction id: NKS2BYR3GOZ0
13:02:07.685 [main] INFO com.iluwatar.commander.Commander - Order has been placed and will be shipped to you. Please wait while we make your payment... 
13:02:07.685 [main] ERROR com.iluwatar.commander.Commander - Order NQB0CVM71GUJ: Payment time for order over, failed and returning..
13:02:07.685 [main] INFO com.iluwatar.commander.Commander - Order NQB0CVM71GUJ: Shipping placed successfully, transaction id: 913VSM3WDEGY
13:02:07.685 [main] INFO com.iluwatar.commander.Commander - Order has been placed and will be shipped to you. Please wait while we make your payment... 
13:02:07.685 [main] INFO com.iluwatar.commander.Commander - Order NQB0CVM71GUJ: Shipping placed successfully, transaction id: JIXEJAFYBZBV
13:02:07.685 [main] INFO com.iluwatar.commander.Commander - Order has been placed and will be shipped to you. Please wait while we make your payment... 
13:02:07.685 [main] INFO com.iluwatar.commander.Commander - Order NQB0CVM71GUJ: Shipping placed successfully, transaction id: RGCAT2NE77CW
13:02:07.685 [main] INFO com.iluwatar.commander.Commander - Order has been placed and will be shipped to you. Please wait while we make your payment... 
13:02:07.685 [main] INFO com.iluwatar.commander.Commander - Order 011AGJGH9IGZ: Shipping placed successfully, transaction id: X1GOTKV9TOHX
13:02:07.685 [main] INFO com.iluwatar.commander.Commander - Order has been placed and will be shipped to you. Please wait while we make your payment... 
13:02:07.685 [main] ERROR com.iluwatar.commander.Commander - Order 011AGJGH9IGZ: Payment time for order over, failed and returning..
13:02:07.685 [main] INFO com.iluwatar.commander.Commander - Order 011AGJGH9IGZ: Shipping placed successfully, transaction id: W9N7WTQUUPNL
13:02:07.685 [main] INFO com.iluwatar.commander.Commander - Order has been placed and will be shipped to you. Please wait while we make your payment... 
13:02:07.685 [main] INFO com.iluwatar.commander.Commander - Order 011AGJGH9IGZ: Shipping placed successfully, transaction id: 82LO6W5P3ZH1
13:02:07.685 [main] INFO com.iluwatar.commander.Commander - Order has been placed and will be shipped to you. Please wait while we make your payment... 
13:02:07.685 [main] INFO com.iluwatar.commander.Commander - Order 011AGJGH9IGZ: Shipping placed successfully, transaction id: Q2XNVRLP4HYR
13:02:07.685 [main] INFO com.iluwatar.commander.Commander - Order has been placed and will be shipped to you. Please wait while we make your payment... 
13:02:07.685 [main] INFO com.iluwatar.commander.Commander - Order ZDZUX4U4TUN9: Shipping placed successfully, transaction id: ADLUD71IFCJM
13:02:07.685 [main] INFO com.iluwatar.commander.Commander - Order has been placed and will be shipped to you. Please wait while we make your payment... 
13:02:07.685 [main] ERROR com.iluwatar.commander.Commander - Order ZDZUX4U4TUN9: Payment time for order over, failed and returning..
13:02:07.686 [main] INFO com.iluwatar.commander.Commander - Order ZDZUX4U4TUN9: Shipping placed successfully, transaction id: LXYWDTPISFRV
13:02:07.686 [main] INFO com.iluwatar.commander.Commander - Order has been placed and will be shipped to you. Please wait while we make your payment... 
13:02:07.686 [main] INFO com.iluwatar.commander.Commander - Order ZDZUX4U4TUN9: Shipping placed successfully, transaction id: Y91JPKWO61KI
13:02:07.686 [main] INFO com.iluwatar.commander.Commander - Order has been placed and will be shipped to you. Please wait while we make your payment... 
13:02:07.686 [main] INFO com.iluwatar.commander.Commander - Order ZDZUX4U4TUN9: Shipping placed successfully, transaction id: JZ0DMV857HIJ
13:02:07.686 [main] INFO com.iluwatar.commander.Commander - Order has been placed and will be shipped to you. Please wait while we make your payment... 
13:02:07.686 [main] INFO com.iluwatar.commander.Commander - Order NXAJ3ZXTLT22: Shipping placed successfully, transaction id: I0Q9G51716NX
13:02:07.686 [main] INFO com.iluwatar.commander.Commander - Order has been placed and will be shipped to you. Please wait while we make your payment... 
13:02:07.686 [main] ERROR com.iluwatar.commander.Commander - Order NXAJ3ZXTLT22: Payment time for order over, failed and returning..
13:02:07.686 [main] INFO com.iluwatar.commander.Commander - Order NXAJ3ZXTLT22: Shipping placed successfully, transaction id: 4IH082TKCAQZ
13:02:07.686 [main] INFO com.iluwatar.commander.Commander - Order has been placed and will be shipped to you. Please wait while we make your payment... 
13:02:07.686 [main] INFO com.iluwatar.commander.Commander - Order NXAJ3ZXTLT22: Shipping placed successfully, transaction id: BS1OLDO21SRH
13:02:07.686 [main] INFO com.iluwatar.commander.Commander - Order has been placed and will be shipped to you. Please wait while we make your payment... 
13:02:07.686 [main] INFO com.iluwatar.commander.Commander - Order NXAJ3ZXTLT22: Shipping placed successfully, transaction id: QMJU4AR7Y1TO
13:02:07.686 [main] INFO com.iluwatar.commander.Commander - Order has been placed and will be shipped to you. Please wait while we make your payment... 
13:02:07.686 [main] INFO com.iluwatar.commander.Commander - Order QTHDO10QEMZF: Shipping placed successfully, transaction id: ELHTSJJI506X
13:02:07.686 [main] INFO com.iluwatar.commander.Commander - Order has been placed and will be shipped to you. Please wait while we make your payment... 
13:02:07.686 [main] ERROR com.iluwatar.commander.Commander - Order QTHDO10QEMZF: Payment time for order over, failed and returning..
13:02:07.686 [main] INFO com.iluwatar.commander.Commander - Order QTHDO10QEMZF: Shipping placed successfully, transaction id: PW9QVPU4NGNU
13:02:07.686 [main] INFO com.iluwatar.commander.Commander - Order has been placed and will be shipped to you. Please wait while we make your payment... 
13:02:07.686 [main] INFO com.iluwatar.commander.Commander - Order QTHDO10QEMZF: Shipping placed successfully, transaction id: W4S9XYX3XMCE
13:02:07.686 [main] INFO com.iluwatar.commander.Commander - Order has been placed and will be shipped to you. Please wait while we make your payment... 
13:02:07.686 [main] INFO com.iluwatar.commander.Commander - Order QTHDO10QEMZF: Shipping placed successfully, transaction id: VJBY8Y0MXOJH
13:02:07.686 [main] INFO com.iluwatar.commander.Commander - Order has been placed and will be shipped to you. Please wait while we make your payment... 
13:02:07.686 [main] INFO com.iluwatar.commander.Commander - Order GRK2TRPFHF41: Shipping placed successfully, transaction id: PSER2E0SGCZL
13:02:07.686 [main] INFO com.iluwatar.commander.Commander - Order has been placed and will be shipped to you. Please wait while we make your payment... 
13:02:07.686 [main] ERROR com.iluwatar.commander.Commander - Order GRK2TRPFHF41: Payment time for order over, failed and returning..
13:02:07.686 [main] INFO com.iluwatar.commander.Commander - Order GRK2TRPFHF41: Shipping placed successfully, transaction id: ZSY0IXK7UST3
13:02:07.686 [main] INFO com.iluwatar.commander.Commander - Order has been placed and will be shipped to you. Please wait while we make your payment... 
13:02:07.686 [main] INFO com.iluwatar.commander.Commander - Order GRK2TRPFHF41: Shipping placed successfully, transaction id: N4KO90XP82GK
13:02:07.686 [main] INFO com.iluwatar.commander.Commander - Order has been placed and will be shipped to you. Please wait while we make your payment... 
13:02:07.686 [main] INFO com.iluwatar.commander.Commander - Order GRK2TRPFHF41: Shipping placed successfully, transaction id: NJNTP2VCI0X7
13:02:07.686 [main] INFO com.iluwatar.commander.Commander - Order has been placed and will be shipped to you. Please wait while we make your payment... 
13:02:07.686 [main] INFO com.iluwatar.commander.Commander - Order 84Y2HD8URCUR: Shipping placed successfully, transaction id: M0UJ7Q5G0803
13:02:07.686 [main] INFO com.iluwatar.commander.Commander - Order has been placed and will be shipped to you. Please wait while we make your payment... 
13:02:07.686 [main] ERROR com.iluwatar.commander.Commander - Order 84Y2HD8URCUR: Payment time for order over, failed and returning..
13:02:07.686 [main] INFO com.iluwatar.commander.Commander - Order 84Y2HD8URCUR: Shipping placed successfully, transaction id: UQJ7G9SJJS1Z
13:02:07.686 [main] INFO com.iluwatar.commander.Commander - Order has been placed and will be shipped to you. Please wait while we make your payment... 
13:02:07.686 [main] INFO com.iluwatar.commander.Commander - Order 84Y2HD8URCUR: Shipping placed successfully, transaction id: 0YJGLCSSF2P5
13:02:07.686 [main] INFO com.iluwatar.commander.Commander - Order has been placed and will be shipped to you. Please wait while we make your payment... 
13:02:07.686 [main] INFO com.iluwatar.commander.Commander - Order 84Y2HD8URCUR: Shipping placed successfully, transaction id: VDLCKOK58UO8
13:02:07.686 [main] INFO com.iluwatar.commander.Commander - Order has been placed and will be shipped to you. Please wait while we make your payment... 
13:02:07.686 [main] INFO com.iluwatar.commander.Commander - Order GC7TJWIEB67J: Shipping placed successfully, transaction id: 7RNA182RTT7M
13:02:07.686 [main] INFO com.iluwatar.commander.Commander - Order has been placed and will be shipped to you. Please wait while we make your payment... 
13:02:07.686 [main] ERROR com.iluwatar.commander.Commander - Order GC7TJWIEB67J: Payment time for order over, failed and returning..
13:02:07.686 [main] INFO com.iluwatar.commander.Commander - Order GC7TJWIEB67J: Shipping placed successfully, transaction id: QHGC13YO4W48
13:02:07.686 [main] INFO com.iluwatar.commander.Commander - Order has been placed and will be shipped to you. Please wait while we make your payment... 
13:02:07.686 [main] INFO com.iluwatar.commander.Commander - Order GC7TJWIEB67J: Shipping placed successfully, transaction id: 56S8WCUD3WTC
13:02:07.686 [main] INFO com.iluwatar.commander.Commander - Order has been placed and will be shipped to you. Please wait while we make your payment... 
13:02:07.686 [main] INFO com.iluwatar.commander.Commander - Order GC7TJWIEB67J: Shipping placed successfully, transaction id: MQN0KW8U73IW
13:02:07.686 [main] INFO com.iluwatar.commander.Commander - Order has been placed and will be shipped to you. Please wait while we make your payment... 
]]></system-out>
  </testcase>
  <testcase name="testPlaceOrderShortDuration" classname="com.iluwatar.commander.CommanderTest" time="0.006">
    <system-out><![CDATA[13:02:07.686 [main] DEBUG com.iluwatar.commander.Commander - Order INLQUMO0FL9Q: Error in connecting to shipping service, trying again..
13:02:07.686 [main] INFO com.iluwatar.commander.Commander - Sorry, there was a problem in creating your order. Please try later.
13:02:07.686 [main] ERROR com.iluwatar.commander.Commander - Order INLQUMO0FL9Q: Shipping service unavailable, order not placed..
13:02:07.686 [main] INFO com.iluwatar.commander.Commander - Order INLQUMO0FL9Q: Shipping placed successfully, transaction id: FUVGGXDZ2OPH
13:02:07.686 [main] INFO com.iluwatar.commander.Commander - Order has been placed and will be shipped to you. Please wait while we make your payment... 
13:02:07.687 [Thread-1765] DEBUG com.iluwatar.commander.Commander - Order INLQUMO0FL9Q: Error in connecting to payment service, trying again..
13:02:07.687 [Thread-1765] WARN com.iluwatar.commander.Commander - Order INLQUMO0FL9Q: Payment error, going to queue..
13:02:07.687 [main] INFO com.iluwatar.commander.Commander - Order INLQUMO0FL9Q: Shipping placed successfully, transaction id: 3TRY77V8A0TP
13:02:07.687 [main] INFO com.iluwatar.commander.Commander - Order has been placed and will be shipped to you. Please wait while we make your payment... 
13:02:07.687 [Thread-1766] DEBUG com.iluwatar.commander.Commander - Order INLQUMO0FL9Q: Error in connecting to messaging service (Payment Error msg), trying again..
13:02:07.687 [Thread-1768] WARN com.iluwatar.commander.Commander - Order INLQUMO0FL9Q: Error in connecting to queue db, trying again..
13:02:07.687 [main] INFO com.iluwatar.commander.Commander - Order INLQUMO0FL9Q: Shipping placed successfully, transaction id: MR75GIKZUR8D
13:02:07.687 [main] INFO com.iluwatar.commander.Commander - Order has been placed and will be shipped to you. Please wait while we make your payment... 
13:02:07.687 [Thread-1766] WARN com.iluwatar.commander.Commander - Order INLQUMO0FL9Q: Error in sending Payment Error message, trying to queue task and add to employee handle..
13:02:07.687 [Thread-1767] DEBUG com.iluwatar.commander.Commander - Order INLQUMO0FL9Q: Error in connecting to payment service, trying again..
13:02:07.687 [Thread-1767] WARN com.iluwatar.commander.Commander - Order INLQUMO0FL9Q: Payment error, going to queue..
13:02:07.687 [Thread-1769] WARN com.iluwatar.commander.Commander - Order INLQUMO0FL9Q: Error in connecting to queue db, trying again..
13:02:07.687 [Thread-1769] ERROR com.iluwatar.commander.Commander - Order INLQUMO0FL9Q: Unable to enqueue task of type Payment Error Message, trying to add to employee handle..
13:02:07.687 [Thread-1768] ERROR com.iluwatar.commander.Commander - Order INLQUMO0FL9Q: Unable to enqueue payment task, payment failed..
13:02:07.687 [Thread-1774] WARN com.iluwatar.commander.Commander - Order INLQUMO0FL9Q: Error in connecting to employee handle, trying again..
13:02:07.687 [Thread-1768] ERROR com.iluwatar.commander.Commander - Order INLQUMO0FL9Q: Unable to enqueue task of type PAYMENT, trying to add to employee handle..
13:02:07.687 [Thread-1770] INFO com.iluwatar.commander.messagingservice.MessagingService - Msg: There was an error in your payment process. Your order is placed and has been converted to COD. Please reach us on CUSTOMER-CARE-NUBER in case of any queries. Thank you for shopping with us!
13:02:07.687 [Thread-1770] INFO com.iluwatar.commander.Commander - Order INLQUMO0FL9Q: Payment Failure message sent successfully, request Id: QD9F5Y0WHIA3
13:02:07.687 [Thread-1771] DEBUG com.iluwatar.commander.Commander - Order INLQUMO0FL9Q: Error in connecting to payment service, trying again..
13:02:07.687 [main] DEBUG com.iluwatar.commander.Commander - Order D0MUMT089WHC: Error in connecting to shipping service, trying again..
13:02:07.687 [main] INFO com.iluwatar.commander.Commander - Sorry, there was a problem in creating your order. Please try later.
13:02:07.687 [main] ERROR com.iluwatar.commander.Commander - Order D0MUMT089WHC: Shipping service unavailable, order not placed..
13:02:07.687 [main] INFO com.iluwatar.commander.Commander - Order D0MUMT089WHC: Shipping placed successfully, transaction id: AS5FQ7SDKVK7
13:02:07.687 [main] INFO com.iluwatar.commander.Commander - Order has been placed and will be shipped to you. Please wait while we make your payment... 
13:02:07.687 [Thread-1772] WARN com.iluwatar.commander.Commander - Order INLQUMO0FL9Q: Error in connecting to employee handle, trying again..
13:02:07.687 [Thread-1776] WARN com.iluwatar.commander.Commander - Order INLQUMO0FL9Q: Error in connecting to employee handle, trying again..
13:02:07.687 [Thread-1772] WARN com.iluwatar.commander.Commander - Order INLQUMO0FL9Q: Error in adding to employee db, trying to queue task..
13:02:07.687 [Thread-1774] WARN com.iluwatar.commander.Commander - Order INLQUMO0FL9Q: Error in adding to employee db, trying to queue task..
13:02:07.687 [Thread-1775] WARN com.iluwatar.commander.Commander - Order INLQUMO0FL9Q: Error in connecting to queue db, trying again..
13:02:07.687 [Thread-1775] ERROR com.iluwatar.commander.Commander - Order INLQUMO0FL9Q: Unable to enqueue task of type EMPLOYEE_DB, trying to add to employee handle..
13:02:07.687 [Thread-1778] WARN com.iluwatar.commander.Commander - Order INLQUMO0FL9Q: Error in connecting to queue db, trying again..
13:02:07.688 [Thread-1778] ERROR com.iluwatar.commander.Commander - Order INLQUMO0FL9Q: Unable to enqueue task of type EMPLOYEE_DB, trying to add to employee handle..
13:02:07.688 [main] INFO com.iluwatar.commander.Commander - Order D0MUMT089WHC: Shipping placed successfully, transaction id: WQ4MPBNBFHW7
13:02:07.688 [main] INFO com.iluwatar.commander.Commander - Order has been placed and will be shipped to you. Please wait while we make your payment... 
13:02:07.688 [Thread-1781] WARN com.iluwatar.commander.Commander - Order INLQUMO0FL9Q: Error in connecting to employee handle, trying again..
13:02:07.688 [Thread-1777] DEBUG com.iluwatar.commander.Commander - Order D0MUMT089WHC: Error in connecting to payment service, trying again..
13:02:07.688 [main] INFO com.iluwatar.commander.Commander - Order D0MUMT089WHC: Shipping placed successfully, transaction id: 4ZV0STWYPRSR
13:02:07.688 [Thread-1777] WARN com.iluwatar.commander.Commander - Order D0MUMT089WHC: Payment error, going to queue..
13:02:07.688 [main] INFO com.iluwatar.commander.Commander - Order has been placed and will be shipped to you. Please wait while we make your payment... 
13:02:07.688 [Thread-1782] DEBUG com.iluwatar.commander.Commander - Order D0MUMT089WHC: Error in connecting to payment service, trying again..
13:02:07.688 [Thread-1782] WARN com.iluwatar.commander.Commander - Order D0MUMT089WHC: Payment error, going to queue..
13:02:07.688 [Thread-1780] WARN com.iluwatar.commander.Commander - Order INLQUMO0FL9Q: Error in connecting to employee handle, trying again..
13:02:07.688 [Thread-1786] DEBUG com.iluwatar.commander.Commander - Order D0MUMT089WHC: Error in connecting to messaging service (Payment Error msg), trying again..
13:02:07.688 [Thread-1788] WARN com.iluwatar.commander.Commander - Order D0MUMT089WHC: Error in connecting to queue db, trying again..
13:02:07.688 [Thread-1776] WARN com.iluwatar.commander.Commander - Order INLQUMO0FL9Q: Error in adding to employee db, trying to queue task..
13:02:07.688 [Thread-1779] WARN com.iluwatar.commander.Commander - Order INLQUMO0FL9Q: Error in connecting to queue db, trying again..
13:02:07.688 [Thread-1786] WARN com.iluwatar.commander.Commander - Order D0MUMT089WHC: Error in sending Payment Error message, trying to queue task and add to employee handle..
13:02:07.688 [Thread-1779] ERROR com.iluwatar.commander.Commander - Order INLQUMO0FL9Q: Unable to enqueue task of type EMPLOYEE_DB, trying to add to employee handle..
13:02:07.688 [Thread-1780] WARN com.iluwatar.commander.Commander - Order INLQUMO0FL9Q: Error in adding to employee db, trying to queue task..
13:02:07.688 [Thread-1789] WARN com.iluwatar.commander.Commander - Order D0MUMT089WHC: Error in connecting to queue db, trying again..
13:02:07.688 [Thread-1787] WARN com.iluwatar.commander.Commander - Order INLQUMO0FL9Q: Error in connecting to queue db, trying again..
13:02:07.688 [Thread-1789] ERROR com.iluwatar.commander.Commander - Order D0MUMT089WHC: Unable to enqueue task of type Payment Error Message, trying to add to employee handle..
13:02:07.688 [Thread-1787] ERROR com.iluwatar.commander.Commander - Order INLQUMO0FL9Q: Unable to enqueue task of type EMPLOYEE_DB, trying to add to employee handle..
13:02:07.688 [Thread-1784] DEBUG com.iluwatar.commander.Commander - Order D0MUMT089WHC: Error in connecting to payment service, trying again..
13:02:07.688 [Thread-1784] WARN com.iluwatar.commander.Commander - Order D0MUMT089WHC: Payment error, going to queue..
13:02:07.688 [Thread-1781] WARN com.iluwatar.commander.Commander - Order INLQUMO0FL9Q: Error in adding to employee db, trying to queue task..
13:02:07.688 [main] DEBUG com.iluwatar.commander.Commander - Order 23PG3YSRQAAN: Error in connecting to shipping service, trying again..
13:02:07.688 [main] INFO com.iluwatar.commander.Commander - Sorry, there was a problem in creating your order. Please try later.
13:02:07.688 [main] ERROR com.iluwatar.commander.Commander - Order 23PG3YSRQAAN: Shipping service unavailable, order not placed..
13:02:07.688 [main] INFO com.iluwatar.commander.Commander - Order 23PG3YSRQAAN: Shipping placed successfully, transaction id: 40AKM1Y8JWNY
13:02:07.688 [main] INFO com.iluwatar.commander.Commander - Order has been placed and will be shipped to you. Please wait while we make your payment... 
13:02:07.688 [Thread-1783] INFO com.iluwatar.commander.Commander - Order INLQUMO0FL9Q: EMPLOYEE_DB task enqueued..
13:02:07.688 [main] INFO com.iluwatar.commander.Commander - Order 23PG3YSRQAAN: Shipping placed successfully, transaction id: XGZ7DLRTDQ04
13:02:07.688 [main] INFO com.iluwatar.commander.Commander - Order has been placed and will be shipped to you. Please wait while we make your payment... 
13:02:07.688 [Thread-1796] DEBUG com.iluwatar.commander.Commander - Order 23PG3YSRQAAN: Error in connecting to payment service, trying again..
13:02:07.688 [Thread-1796] WARN com.iluwatar.commander.Commander - Order 23PG3YSRQAAN: Payment error, going to queue..
13:02:07.688 [main] INFO com.iluwatar.commander.Commander - Order 23PG3YSRQAAN: Shipping placed successfully, transaction id: NNVC9RR107II
13:02:07.688 [main] INFO com.iluwatar.commander.Commander - Order has been placed and will be shipped to you. Please wait while we make your payment... 
13:02:07.688 [Thread-1798] DEBUG com.iluwatar.commander.Commander - Order 23PG3YSRQAAN: Error in connecting to payment service, trying again..
13:02:07.688 [Thread-1798] WARN com.iluwatar.commander.Commander - Order 23PG3YSRQAAN: Payment error, going to queue..
13:02:07.688 [Thread-1799] DEBUG com.iluwatar.commander.Commander - Order 23PG3YSRQAAN: Error in connecting to messaging service (Payment Error msg), trying again..
13:02:07.688 [Thread-1799] WARN com.iluwatar.commander.Commander - Order 23PG3YSRQAAN: Error in sending Payment Error message, trying to queue task and add to employee handle..
13:02:07.688 [Thread-1793] WARN com.iluwatar.commander.Commander - Order D0MUMT089WHC: Error in connecting to employee handle, trying again..
13:02:07.689 [Thread-1792] WARN com.iluwatar.commander.Commander - Order INLQUMO0FL9Q: Error in connecting to employee handle, trying again..
13:02:07.688 [Thread-1794] WARN com.iluwatar.commander.Commander - Order INLQUMO0FL9Q: Error in connecting to employee handle, trying again..
13:02:07.689 [Thread-1791] WARN com.iluwatar.commander.Commander - Order D0MUMT089WHC: Error in connecting to employee handle, trying again..
13:02:07.689 [Thread-1793] WARN com.iluwatar.commander.Commander - Order D0MUMT089WHC: Error in adding to employee db, trying to queue task..
13:02:07.689 [Thread-1791] WARN com.iluwatar.commander.Commander - Order D0MUMT089WHC: Error in adding to employee db, trying to queue task..
13:02:07.689 [Thread-1804] INFO com.iluwatar.commander.Commander - Order INLQUMO0FL9Q: EMPLOYEE_DB task enqueued..
13:02:07.689 [Thread-1788] ERROR com.iluwatar.commander.Commander - Order D0MUMT089WHC: Unable to enqueue payment task, payment failed..
13:02:07.689 [Thread-1788] ERROR com.iluwatar.commander.Commander - Order D0MUMT089WHC: Unable to enqueue task of type PAYMENT, trying to add to employee handle..
13:02:07.689 [Thread-1790] INFO com.iluwatar.commander.messagingservice.MessagingService - Msg: There was an error in your payment process. Your order is placed and has been converted to COD. Please reach us on CUSTOMER-CARE-NUBER in case of any queries. Thank you for shopping with us!
13:02:07.689 [Thread-1790] INFO com.iluwatar.commander.Commander - Order D0MUMT089WHC: Payment Failure message sent successfully, request Id: F5AUMDIUAP0A
13:02:07.689 [Thread-1792] WARN com.iluwatar.commander.Commander - Order INLQUMO0FL9Q: Error in adding to employee db, trying to queue task..
13:02:07.689 [Thread-1794] WARN com.iluwatar.commander.Commander - Order INLQUMO0FL9Q: Error in adding to employee db, trying to queue task..
13:02:07.689 [Thread-1807] INFO com.iluwatar.commander.Commander - Order INLQUMO0FL9Q: EMPLOYEE_DB task enqueued..
13:02:07.689 [Thread-1803] WARN com.iluwatar.commander.Commander - Order 23PG3YSRQAAN: Error in connecting to employee handle, trying again..
13:02:07.689 [Thread-1797] DEBUG com.iluwatar.commander.Commander - Order INLQUMO0FL9Q: Trying to connect to employee handle..
13:02:07.689 [Thread-1802] INFO com.iluwatar.commander.Commander - Order INLQUMO0FL9Q: Added order to employee database
13:02:07.689 [Thread-1803] WARN com.iluwatar.commander.Commander - Order 23PG3YSRQAAN: Error in adding to employee db, trying to queue task..
13:02:07.689 [Thread-1801] INFO com.iluwatar.commander.messagingservice.MessagingService - Msg: There was an error in your payment process, we are working on it and will return back to you shortly. Meanwhile, your order has been placed and will be shipped.
13:02:07.689 [Thread-1801] INFO com.iluwatar.commander.Commander - Order 23PG3YSRQAAN: Payment Error message sent successfully, request Id: XEUGDEPAHQ60
13:02:07.689 [Thread-1800] DEBUG com.iluwatar.commander.Commander - Order 23PG3YSRQAAN: Error in connecting to payment service, trying again..
13:02:07.689 [main] DEBUG com.iluwatar.commander.Commander - Order FUKT2BGA1LM1: Error in connecting to shipping service, trying again..
13:02:07.689 [main] INFO com.iluwatar.commander.Commander - Sorry, there was a problem in creating your order. Please try later.
13:02:07.689 [main] ERROR com.iluwatar.commander.Commander - Order FUKT2BGA1LM1: Shipping service unavailable, order not placed..
13:02:07.689 [main] INFO com.iluwatar.commander.Commander - Order FUKT2BGA1LM1: Shipping placed successfully, transaction id: QYB6GVA8HS8W
13:02:07.689 [main] INFO com.iluwatar.commander.Commander - Order has been placed and will be shipped to you. Please wait while we make your payment... 
13:02:07.689 [Thread-1809] DEBUG com.iluwatar.commander.Commander - Order INLQUMO0FL9Q: Trying to connect to employee handle..
13:02:07.689 [Thread-1805] DEBUG com.iluwatar.commander.Commander - Order INLQUMO0FL9Q: Trying to connect to employee handle..
13:02:07.689 [Thread-1806] WARN com.iluwatar.commander.Commander - Order D0MUMT089WHC: Error in connecting to employee handle, trying again..
13:02:07.689 [Thread-1806] WARN com.iluwatar.commander.Commander - Order D0MUMT089WHC: Error in adding to employee db, trying to queue task..
13:02:07.689 [main] INFO com.iluwatar.commander.Commander - Order FUKT2BGA1LM1: Shipping placed successfully, transaction id: OTHVJQ1X5SUJ
13:02:07.689 [main] INFO com.iluwatar.commander.Commander - Order has been placed and will be shipped to you. Please wait while we make your payment... 
13:02:07.689 [Thread-1811] DEBUG com.iluwatar.commander.Commander - Order FUKT2BGA1LM1: Error in connecting to payment service, trying again..
13:02:07.689 [main] INFO com.iluwatar.commander.Commander - Order FUKT2BGA1LM1: Shipping placed successfully, transaction id: FVSIRRYYE1YP
13:02:07.689 [main] INFO com.iluwatar.commander.Commander - Order has been placed and will be shipped to you. Please wait while we make your payment... 
13:02:07.689 [Thread-1812] DEBUG com.iluwatar.commander.Commander - Order FUKT2BGA1LM1: Error in connecting to payment service, trying again..
13:02:07.689 [Thread-1811] WARN com.iluwatar.commander.Commander - Order FUKT2BGA1LM1: Payment error, going to queue..
13:02:07.689 [Thread-1812] WARN com.iluwatar.commander.Commander - Order FUKT2BGA1LM1: Payment error, going to queue..
13:02:07.689 [Thread-1813] DEBUG com.iluwatar.commander.Commander - Order FUKT2BGA1LM1: Error in connecting to payment service, trying again..
13:02:07.689 [Thread-1813] WARN com.iluwatar.commander.Commander - Order FUKT2BGA1LM1: Payment error, going to queue..
13:02:07.689 [main] DEBUG com.iluwatar.commander.Commander - Order QVRWKTPRULP3: Error in connecting to shipping service, trying again..
13:02:07.689 [main] INFO com.iluwatar.commander.Commander - Sorry, there was a problem in creating your order. Please try later.
13:02:07.689 [main] ERROR com.iluwatar.commander.Commander - Order QVRWKTPRULP3: Shipping service unavailable, order not placed..
13:02:07.689 [main] INFO com.iluwatar.commander.Commander - Order QVRWKTPRULP3: Shipping placed successfully, transaction id: NS0UXJRMTXF5
13:02:07.689 [main] INFO com.iluwatar.commander.Commander - Order has been placed and will be shipped to you. Please wait while we make your payment... 
13:02:07.689 [Thread-1814] DEBUG com.iluwatar.commander.Commander - Order FUKT2BGA1LM1: Error in connecting to messaging service (Payment Error msg), trying again..
13:02:07.690 [Thread-1814] WARN com.iluwatar.commander.Commander - Order FUKT2BGA1LM1: Error in sending Payment Error message, trying to queue task and add to employee handle..
13:02:07.690 [Thread-1815] DEBUG com.iluwatar.commander.Commander - Order FUKT2BGA1LM1: Error in connecting to messaging service (Payment Error msg), trying again..
13:02:07.690 [main] INFO com.iluwatar.commander.Commander - Order QVRWKTPRULP3: Shipping placed successfully, transaction id: CZ7SPSNM5ESS
13:02:07.690 [main] INFO com.iluwatar.commander.Commander - Order has been placed and will be shipped to you. Please wait while we make your payment... 
13:02:07.690 [Thread-1815] WARN com.iluwatar.commander.Commander - Order FUKT2BGA1LM1: Error in sending Payment Error message, trying to queue task and add to employee handle..
13:02:07.690 [Thread-1817] DEBUG com.iluwatar.commander.Commander - Order QVRWKTPRULP3: Error in connecting to payment service, trying again..
13:02:07.690 [main] INFO com.iluwatar.commander.Commander - Order QVRWKTPRULP3: Shipping placed successfully, transaction id: LKB8HKBWH1OK
13:02:07.690 [Thread-1817] WARN com.iluwatar.commander.Commander - Order QVRWKTPRULP3: Payment error, going to queue..
13:02:07.690 [Thread-1816] INFO com.iluwatar.commander.messagingservice.MessagingService - Msg: There was an error in your payment process, we are working on it and will return back to you shortly. Meanwhile, your order has been placed and will be shipped.
13:02:07.690 [Thread-1819] DEBUG com.iluwatar.commander.Commander - Order QVRWKTPRULP3: Error in connecting to payment service, trying again..
13:02:07.690 [Thread-1816] INFO com.iluwatar.commander.Commander - Order FUKT2BGA1LM1: Payment Error message sent successfully, request Id: XPFG7W6EB745
13:02:07.690 [Thread-1819] WARN com.iluwatar.commander.Commander - Order QVRWKTPRULP3: Payment error, going to queue..
13:02:07.690 [Thread-1818] WARN com.iluwatar.commander.Commander - Order FUKT2BGA1LM1: Error in connecting to employee handle, trying again..
13:02:07.690 [main] INFO com.iluwatar.commander.Commander - Order has been placed and will be shipped to you. Please wait while we make your payment... 
13:02:07.690 [Thread-1818] WARN com.iluwatar.commander.Commander - Order FUKT2BGA1LM1: Error in adding to employee db, trying to queue task..
13:02:07.690 [Thread-1820] WARN com.iluwatar.commander.Commander - Order FUKT2BGA1LM1: Error in connecting to employee handle, trying again..
13:02:07.690 [Thread-1820] WARN com.iluwatar.commander.Commander - Order FUKT2BGA1LM1: Error in adding to employee db, trying to queue task..
13:02:07.690 [main] DEBUG com.iluwatar.commander.Commander - Order 3BQK2193CV4D: Error in connecting to shipping service, trying again..
13:02:07.690 [Thread-1823] DEBUG com.iluwatar.commander.Commander - Order QVRWKTPRULP3: Error in connecting to payment service, trying again..
13:02:07.690 [Thread-1823] WARN com.iluwatar.commander.Commander - Order QVRWKTPRULP3: Payment error, going to queue..
13:02:07.690 [main] INFO com.iluwatar.commander.Commander - Sorry, there was a problem in creating your order. Please try later.
13:02:07.690 [main] ERROR com.iluwatar.commander.Commander - Order 3BQK2193CV4D: Shipping service unavailable, order not placed..
13:02:07.690 [Thread-1822] DEBUG com.iluwatar.commander.Commander - Order QVRWKTPRULP3: Error in connecting to messaging service (Payment Error msg), trying again..
13:02:07.690 [main] INFO com.iluwatar.commander.Commander - Order 3BQK2193CV4D: Shipping placed successfully, transaction id: GW1QT0WSE7RL
13:02:07.690 [Thread-1822] WARN com.iluwatar.commander.Commander - Order QVRWKTPRULP3: Error in sending Payment Error message, trying to queue task and add to employee handle..
13:02:07.690 [Thread-1824] INFO com.iluwatar.commander.messagingservice.MessagingService - Msg: There was an error in your payment process, we are working on it and will return back to you shortly. Meanwhile, your order has been placed and will be shipped.
13:02:07.690 [Thread-1824] INFO com.iluwatar.commander.Commander - Order QVRWKTPRULP3: Payment Error message sent successfully, request Id: DQVP1JJQR79I
13:02:07.690 [main] INFO com.iluwatar.commander.Commander - Order has been placed and will be shipped to you. Please wait while we make your payment... 
13:02:07.690 [Thread-1825] WARN com.iluwatar.commander.Commander - Order QVRWKTPRULP3: Error in connecting to employee handle, trying again..
13:02:07.690 [Thread-1825] WARN com.iluwatar.commander.Commander - Order QVRWKTPRULP3: Error in adding to employee db, trying to queue task..
13:02:07.690 [main] INFO com.iluwatar.commander.Commander - Order 3BQK2193CV4D: Shipping placed successfully, transaction id: VGCCQMXVQDSW
13:02:07.690 [main] INFO com.iluwatar.commander.Commander - Order has been placed and will be shipped to you. Please wait while we make your payment... 
13:02:07.690 [Thread-1826] DEBUG com.iluwatar.commander.Commander - Order 3BQK2193CV4D: Error in connecting to payment service, trying again..
13:02:07.690 [Thread-1826] WARN com.iluwatar.commander.Commander - Order 3BQK2193CV4D: Payment error, going to queue..
13:02:07.690 [Thread-1828] DEBUG com.iluwatar.commander.Commander - Order 3BQK2193CV4D: Error in connecting to messaging service (Payment Error msg), trying again..
13:02:07.690 [Thread-1828] WARN com.iluwatar.commander.Commander - Order 3BQK2193CV4D: Error in sending Payment Error message, trying to queue task and add to employee handle..
13:02:07.690 [Thread-1829] WARN com.iluwatar.commander.Commander - Order 3BQK2193CV4D: Error in connecting to employee handle, trying again..
13:02:07.690 [Thread-1829] WARN com.iluwatar.commander.Commander - Order 3BQK2193CV4D: Error in adding to employee db, trying to queue task..
13:02:07.690 [main] INFO com.iluwatar.commander.Commander - Order 3BQK2193CV4D: Shipping placed successfully, transaction id: 3N34JF9PUKTO
13:02:07.690 [main] INFO com.iluwatar.commander.Commander - Order has been placed and will be shipped to you. Please wait while we make your payment... 
13:02:07.690 [Thread-1827] DEBUG com.iluwatar.commander.Commander - Order 3BQK2193CV4D: Error in connecting to payment service, trying again..
13:02:07.690 [Thread-1827] WARN com.iluwatar.commander.Commander - Order 3BQK2193CV4D: Payment error, going to queue..
13:02:07.690 [Thread-1830] DEBUG com.iluwatar.commander.Commander - Order 3BQK2193CV4D: Error in connecting to payment service, trying again..
13:02:07.690 [Thread-1831] INFO com.iluwatar.commander.messagingservice.MessagingService - Msg: There was an error in your payment process, we are working on it and will return back to you shortly. Meanwhile, your order has been placed and will be shipped.
13:02:07.690 [Thread-1831] INFO com.iluwatar.commander.Commander - Order 3BQK2193CV4D: Payment Error message sent successfully, request Id: Z1JVYA4JZO4U
13:02:07.690 [main] DEBUG com.iluwatar.commander.Commander - Order E9WXMT66FGQS: Error in connecting to shipping service, trying again..
13:02:07.690 [main] INFO com.iluwatar.commander.Commander - Sorry, there was a problem in creating your order. Please try later.
13:02:07.690 [main] ERROR com.iluwatar.commander.Commander - Order E9WXMT66FGQS: Shipping service unavailable, order not placed..
13:02:07.690 [main] INFO com.iluwatar.commander.Commander - Order E9WXMT66FGQS: Shipping placed successfully, transaction id: 2B90Z9DPCWFM
13:02:07.690 [main] INFO com.iluwatar.commander.Commander - Order has been placed and will be shipped to you. Please wait while we make your payment... 
13:02:07.690 [Thread-1830] WARN com.iluwatar.commander.Commander - Order 3BQK2193CV4D: Payment error, going to queue..
13:02:07.690 [main] INFO com.iluwatar.commander.Commander - Order E9WXMT66FGQS: Shipping placed successfully, transaction id: LCUJLZ1VJENG
13:02:07.690 [main] INFO com.iluwatar.commander.Commander - Order has been placed and will be shipped to you. Please wait while we make your payment... 
13:02:07.690 [Thread-1832] DEBUG com.iluwatar.commander.Commander - Order E9WXMT66FGQS: Error in connecting to payment service, trying again..
13:02:07.690 [Thread-1832] WARN com.iluwatar.commander.Commander - Order E9WXMT66FGQS: Payment error, going to queue..
13:02:07.690 [main] INFO com.iluwatar.commander.Commander - Order E9WXMT66FGQS: Shipping placed successfully, transaction id: C418MS15DTY5
13:02:07.690 [main] INFO com.iluwatar.commander.Commander - Order has been placed and will be shipped to you. Please wait while we make your payment... 
13:02:07.690 [Thread-1834] DEBUG com.iluwatar.commander.Commander - Order E9WXMT66FGQS: Error in connecting to payment service, trying again..
13:02:07.690 [Thread-1834] WARN com.iluwatar.commander.Commander - Order E9WXMT66FGQS: Payment error, going to queue..
13:02:07.690 [Thread-1835] DEBUG com.iluwatar.commander.Commander - Order E9WXMT66FGQS: Error in connecting to messaging service (Payment Error msg), trying again..
13:02:07.690 [Thread-1835] WARN com.iluwatar.commander.Commander - Order E9WXMT66FGQS: Error in sending Payment Error message, trying to queue task and add to employee handle..
13:02:07.690 [Thread-1837] INFO com.iluwatar.commander.messagingservice.MessagingService - Msg: There was an error in your payment process, we are working on it and will return back to you shortly. Meanwhile, your order has been placed and will be shipped.
13:02:07.690 [Thread-1837] INFO com.iluwatar.commander.Commander - Order E9WXMT66FGQS: Payment Error message sent successfully, request Id: BV2WPH6HEA5O
13:02:07.690 [Thread-1836] DEBUG com.iluwatar.commander.Commander - Order E9WXMT66FGQS: Error in connecting to payment service, trying again..
13:02:07.691 [main] DEBUG com.iluwatar.commander.Commander - Order 7GTMGINJHBCF: Error in connecting to shipping service, trying again..
13:02:07.691 [main] INFO com.iluwatar.commander.Commander - Sorry, there was a problem in creating your order. Please try later.
13:02:07.691 [main] ERROR com.iluwatar.commander.Commander - Order 7GTMGINJHBCF: Shipping service unavailable, order not placed..
13:02:07.691 [main] INFO com.iluwatar.commander.Commander - Order 7GTMGINJHBCF: Shipping placed successfully, transaction id: GWO1RQ8M7XIV
13:02:07.691 [main] INFO com.iluwatar.commander.Commander - Order has been placed and will be shipped to you. Please wait while we make your payment... 
13:02:07.691 [Thread-1838] DEBUG com.iluwatar.commander.Commander - Order 7GTMGINJHBCF: Error in connecting to payment service, trying again..
13:02:07.691 [main] INFO com.iluwatar.commander.Commander - Order 7GTMGINJHBCF: Shipping placed successfully, transaction id: 2RUI65V6X0BR
13:02:07.691 [main] INFO com.iluwatar.commander.Commander - Order has been placed and will be shipped to you. Please wait while we make your payment... 
13:02:07.691 [Thread-1838] WARN com.iluwatar.commander.Commander - Order 7GTMGINJHBCF: Payment error, going to queue..
13:02:07.691 [main] INFO com.iluwatar.commander.Commander - Order 7GTMGINJHBCF: Shipping placed successfully, transaction id: SQGAVOCBMVVK
13:02:07.691 [main] INFO com.iluwatar.commander.Commander - Order has been placed and will be shipped to you. Please wait while we make your payment... 
13:02:07.691 [Thread-1839] DEBUG com.iluwatar.commander.Commander - Order 7GTMGINJHBCF: Error in connecting to payment service, trying again..
13:02:07.691 [Thread-1839] WARN com.iluwatar.commander.Commander - Order 7GTMGINJHBCF: Payment error, going to queue..
13:02:07.691 [Thread-1840] DEBUG com.iluwatar.commander.Commander - Order 7GTMGINJHBCF: Error in connecting to messaging service (Payment Error msg), trying again..
13:02:07.691 [Thread-1840] WARN com.iluwatar.commander.Commander - Order 7GTMGINJHBCF: Error in sending Payment Error message, trying to queue task and add to employee handle..
13:02:07.691 [Thread-1842] INFO com.iluwatar.commander.messagingservice.MessagingService - Msg: There was an error in your payment process, we are working on it and will return back to you shortly. Meanwhile, your order has been placed and will be shipped.
13:02:07.691 [Thread-1842] INFO com.iluwatar.commander.Commander - Order 7GTMGINJHBCF: Payment Error message sent successfully, request Id: GKFWLE7KE1Z1
13:02:07.691 [Thread-1841] DEBUG com.iluwatar.commander.Commander - Order 7GTMGINJHBCF: Error in connecting to payment service, trying again..
13:02:07.691 [main] DEBUG com.iluwatar.commander.Commander - Order 8AP24O988077: Error in connecting to shipping service, trying again..
13:02:07.691 [main] INFO com.iluwatar.commander.Commander - Sorry, there was a problem in creating your order. Please try later.
13:02:07.691 [main] ERROR com.iluwatar.commander.Commander - Order 8AP24O988077: Shipping service unavailable, order not placed..
13:02:07.691 [main] INFO com.iluwatar.commander.Commander - Order 8AP24O988077: Shipping placed successfully, transaction id: A26KWMPXFWRH
13:02:07.691 [main] INFO com.iluwatar.commander.Commander - Order has been placed and will be shipped to you. Please wait while we make your payment... 
13:02:07.691 [main] ERROR com.iluwatar.commander.Commander - Order 8AP24O988077: Payment time for order over, failed and returning..
13:02:07.691 [main] INFO com.iluwatar.commander.Commander - Order 8AP24O988077: Shipping placed successfully, transaction id: H79CR24ZCKGC
13:02:07.691 [main] INFO com.iluwatar.commander.Commander - Order has been placed and will be shipped to you. Please wait while we make your payment... 
13:02:07.691 [main] INFO com.iluwatar.commander.Commander - Order 8AP24O988077: Shipping placed successfully, transaction id: 34WSHSIW85U1
13:02:07.691 [main] INFO com.iluwatar.commander.Commander - Order has been placed and will be shipped to you. Please wait while we make your payment... 
13:02:07.691 [main] DEBUG com.iluwatar.commander.Commander - Order 2CKX96C70XL0: Error in connecting to shipping service, trying again..
13:02:07.691 [main] INFO com.iluwatar.commander.Commander - Sorry, there was a problem in creating your order. Please try later.
13:02:07.691 [main] ERROR com.iluwatar.commander.Commander - Order 2CKX96C70XL0: Shipping service unavailable, order not placed..
13:02:07.691 [main] INFO com.iluwatar.commander.Commander - Order 2CKX96C70XL0: Shipping placed successfully, transaction id: VHWIIGHZAFTI
13:02:07.691 [main] INFO com.iluwatar.commander.Commander - Order has been placed and will be shipped to you. Please wait while we make your payment... 
13:02:07.691 [main] ERROR com.iluwatar.commander.Commander - Order 2CKX96C70XL0: Payment time for order over, failed and returning..
13:02:07.691 [main] INFO com.iluwatar.commander.Commander - Order 2CKX96C70XL0: Shipping placed successfully, transaction id: 8QEECHIO4XR5
13:02:07.691 [main] INFO com.iluwatar.commander.Commander - Order has been placed and will be shipped to you. Please wait while we make your payment... 
13:02:07.691 [main] INFO com.iluwatar.commander.Commander - Order 2CKX96C70XL0: Shipping placed successfully, transaction id: HXWNQGG8BGAK
13:02:07.691 [main] INFO com.iluwatar.commander.Commander - Order has been placed and will be shipped to you. Please wait while we make your payment... 
13:02:07.691 [main] DEBUG com.iluwatar.commander.Commander - Order DDQXK7BNULJZ: Error in connecting to shipping service, trying again..
13:02:07.691 [main] INFO com.iluwatar.commander.Commander - Sorry, there was a problem in creating your order. Please try later.
13:02:07.691 [main] ERROR com.iluwatar.commander.Commander - Order DDQXK7BNULJZ: Shipping service unavailable, order not placed..
13:02:07.691 [main] INFO com.iluwatar.commander.Commander - Order DDQXK7BNULJZ: Shipping placed successfully, transaction id: 095Z8C33LDVZ
13:02:07.691 [main] INFO com.iluwatar.commander.Commander - Order has been placed and will be shipped to you. Please wait while we make your payment... 
13:02:07.691 [main] ERROR com.iluwatar.commander.Commander - Order DDQXK7BNULJZ: Payment time for order over, failed and returning..
13:02:07.691 [main] INFO com.iluwatar.commander.Commander - Order DDQXK7BNULJZ: Shipping placed successfully, transaction id: REA2GNPYW18U
13:02:07.691 [main] INFO com.iluwatar.commander.Commander - Order has been placed and will be shipped to you. Please wait while we make your payment... 
13:02:07.691 [main] INFO com.iluwatar.commander.Commander - Order DDQXK7BNULJZ: Shipping placed successfully, transaction id: VM91T4YWL1L1
13:02:07.691 [main] INFO com.iluwatar.commander.Commander - Order has been placed and will be shipped to you. Please wait while we make your payment... 
13:02:07.691 [main] DEBUG com.iluwatar.commander.Commander - Order SE25DH2XL5XD: Error in connecting to shipping service, trying again..
13:02:07.691 [main] INFO com.iluwatar.commander.Commander - Sorry, there was a problem in creating your order. Please try later.
13:02:07.691 [main] ERROR com.iluwatar.commander.Commander - Order SE25DH2XL5XD: Shipping service unavailable, order not placed..
13:02:07.691 [main] INFO com.iluwatar.commander.Commander - Order SE25DH2XL5XD: Shipping placed successfully, transaction id: X299E5UEGC93
13:02:07.691 [main] INFO com.iluwatar.commander.Commander - Order has been placed and will be shipped to you. Please wait while we make your payment... 
13:02:07.691 [main] ERROR com.iluwatar.commander.Commander - Order SE25DH2XL5XD: Payment time for order over, failed and returning..
13:02:07.691 [main] INFO com.iluwatar.commander.Commander - Order SE25DH2XL5XD: Shipping placed successfully, transaction id: YMPDCL2GTNKE
13:02:07.691 [main] INFO com.iluwatar.commander.Commander - Order has been placed and will be shipped to you. Please wait while we make your payment... 
13:02:07.691 [main] INFO com.iluwatar.commander.Commander - Order SE25DH2XL5XD: Shipping placed successfully, transaction id: PB2OEMK7QW2N
13:02:07.691 [main] INFO com.iluwatar.commander.Commander - Order has been placed and will be shipped to you. Please wait while we make your payment... 
13:02:07.691 [main] DEBUG com.iluwatar.commander.Commander - Order 1ZVVUBOD7N9R: Error in connecting to shipping service, trying again..
13:02:07.691 [main] INFO com.iluwatar.commander.Commander - Sorry, there was a problem in creating your order. Please try later.
13:02:07.691 [main] ERROR com.iluwatar.commander.Commander - Order 1ZVVUBOD7N9R: Shipping service unavailable, order not placed..
13:02:07.691 [main] INFO com.iluwatar.commander.Commander - Order 1ZVVUBOD7N9R: Shipping placed successfully, transaction id: CP6Q52PE6742
13:02:07.691 [main] INFO com.iluwatar.commander.Commander - Order has been placed and will be shipped to you. Please wait while we make your payment... 
13:02:07.691 [main] ERROR com.iluwatar.commander.Commander - Order 1ZVVUBOD7N9R: Payment time for order over, failed and returning..
13:02:07.691 [main] INFO com.iluwatar.commander.Commander - Order 1ZVVUBOD7N9R: Shipping placed successfully, transaction id: CXMFCJBBV21I
13:02:07.691 [main] INFO com.iluwatar.commander.Commander - Order has been placed and will be shipped to you. Please wait while we make your payment... 
13:02:07.691 [main] INFO com.iluwatar.commander.Commander - Order 1ZVVUBOD7N9R: Shipping placed successfully, transaction id: U90N48LB7WQQ
13:02:07.691 [main] INFO com.iluwatar.commander.Commander - Order has been placed and will be shipped to you. Please wait while we make your payment... 
13:02:07.691 [main] DEBUG com.iluwatar.commander.Commander - Order HKTB44W6QG65: Error in connecting to shipping service, trying again..
13:02:07.691 [main] INFO com.iluwatar.commander.Commander - Sorry, there was a problem in creating your order. Please try later.
13:02:07.691 [main] ERROR com.iluwatar.commander.Commander - Order HKTB44W6QG65: Shipping service unavailable, order not placed..
13:02:07.691 [main] INFO com.iluwatar.commander.Commander - Order HKTB44W6QG65: Shipping placed successfully, transaction id: CW0OC6L8OY9A
13:02:07.691 [main] INFO com.iluwatar.commander.Commander - Order has been placed and will be shipped to you. Please wait while we make your payment... 
13:02:07.691 [main] ERROR com.iluwatar.commander.Commander - Order HKTB44W6QG65: Payment time for order over, failed and returning..
13:02:07.691 [main] INFO com.iluwatar.commander.Commander - Order HKTB44W6QG65: Shipping placed successfully, transaction id: UIW49M3V6W3V
13:02:07.691 [main] INFO com.iluwatar.commander.Commander - Order has been placed and will be shipped to you. Please wait while we make your payment... 
13:02:07.691 [main] INFO com.iluwatar.commander.Commander - Order HKTB44W6QG65: Shipping placed successfully, transaction id: 76MWOU8ZAFYF
13:02:07.691 [main] INFO com.iluwatar.commander.Commander - Order has been placed and will be shipped to you. Please wait while we make your payment... 
13:02:07.691 [main] DEBUG com.iluwatar.commander.Commander - Order XKKI8PDDJLLJ: Error in connecting to shipping service, trying again..
13:02:07.691 [main] INFO com.iluwatar.commander.Commander - Sorry, there was a problem in creating your order. Please try later.
13:02:07.691 [main] ERROR com.iluwatar.commander.Commander - Order XKKI8PDDJLLJ: Shipping service unavailable, order not placed..
13:02:07.691 [main] INFO com.iluwatar.commander.Commander - Order XKKI8PDDJLLJ: Shipping placed successfully, transaction id: HA2R659PB7BF
13:02:07.691 [main] INFO com.iluwatar.commander.Commander - Order has been placed and will be shipped to you. Please wait while we make your payment... 
13:02:07.691 [main] ERROR com.iluwatar.commander.Commander - Order XKKI8PDDJLLJ: Payment time for order over, failed and returning..
13:02:07.691 [main] INFO com.iluwatar.commander.Commander - Order XKKI8PDDJLLJ: Shipping placed successfully, transaction id: KOTR1TKW1M1G
13:02:07.691 [main] INFO com.iluwatar.commander.Commander - Order has been placed and will be shipped to you. Please wait while we make your payment... 
13:02:07.691 [main] INFO com.iluwatar.commander.Commander - Order XKKI8PDDJLLJ: Shipping placed successfully, transaction id: ELGTWTXCY4SB
13:02:07.691 [main] INFO com.iluwatar.commander.Commander - Order has been placed and will be shipped to you. Please wait while we make your payment... 
13:02:07.691 [main] DEBUG com.iluwatar.commander.Commander - Order AOXQWR1GG5J9: Error in connecting to shipping service, trying again..
13:02:07.691 [main] INFO com.iluwatar.commander.Commander - Sorry, there was a problem in creating your order. Please try later.
13:02:07.691 [main] ERROR com.iluwatar.commander.Commander - Order AOXQWR1GG5J9: Shipping service unavailable, order not placed..
13:02:07.691 [main] INFO com.iluwatar.commander.Commander - Order AOXQWR1GG5J9: Shipping placed successfully, transaction id: QLVQ95NQE6OY
13:02:07.691 [main] INFO com.iluwatar.commander.Commander - Order has been placed and will be shipped to you. Please wait while we make your payment... 
13:02:07.691 [main] ERROR com.iluwatar.commander.Commander - Order AOXQWR1GG5J9: Payment time for order over, failed and returning..
13:02:07.691 [main] INFO com.iluwatar.commander.Commander - Order AOXQWR1GG5J9: Shipping placed successfully, transaction id: V165TT3P3JGF
13:02:07.691 [main] INFO com.iluwatar.commander.Commander - Order has been placed and will be shipped to you. Please wait while we make your payment... 
13:02:07.691 [main] INFO com.iluwatar.commander.Commander - Order AOXQWR1GG5J9: Shipping placed successfully, transaction id: NE5ZU9WQ68A6
13:02:07.691 [main] INFO com.iluwatar.commander.Commander - Order has been placed and will be shipped to you. Please wait while we make your payment... 
13:02:07.691 [main] DEBUG com.iluwatar.commander.Commander - Order 7AVHU8K6ZPRC: Error in connecting to shipping service, trying again..
13:02:07.691 [main] INFO com.iluwatar.commander.Commander - Sorry, there was a problem in creating your order. Please try later.
13:02:07.691 [main] ERROR com.iluwatar.commander.Commander - Order 7AVHU8K6ZPRC: Shipping service unavailable, order not placed..
13:02:07.691 [main] INFO com.iluwatar.commander.Commander - Order 7AVHU8K6ZPRC: Shipping placed successfully, transaction id: IU07AUR8F2BR
13:02:07.692 [main] INFO com.iluwatar.commander.Commander - Order has been placed and will be shipped to you. Please wait while we make your payment... 
13:02:07.692 [main] ERROR com.iluwatar.commander.Commander - Order 7AVHU8K6ZPRC: Payment time for order over, failed and returning..
13:02:07.692 [main] INFO com.iluwatar.commander.Commander - Order 7AVHU8K6ZPRC: Shipping placed successfully, transaction id: 6D1RCKKU57G4
13:02:07.692 [main] INFO com.iluwatar.commander.Commander - Order has been placed and will be shipped to you. Please wait while we make your payment... 
13:02:07.692 [main] INFO com.iluwatar.commander.Commander - Order 7AVHU8K6ZPRC: Shipping placed successfully, transaction id: 82217YZJT510
13:02:07.692 [main] INFO com.iluwatar.commander.Commander - Order has been placed and will be shipped to you. Please wait while we make your payment... 
13:02:07.692 [main] DEBUG com.iluwatar.commander.Commander - Order V0H878FX1PGL: Error in connecting to shipping service, trying again..
13:02:07.692 [main] INFO com.iluwatar.commander.Commander - Sorry, there was a problem in creating your order. Please try later.
13:02:07.692 [main] ERROR com.iluwatar.commander.Commander - Order V0H878FX1PGL: Shipping service unavailable, order not placed..
13:02:07.692 [main] INFO com.iluwatar.commander.Commander - Order V0H878FX1PGL: Shipping placed successfully, transaction id: BZKSDIIY5ATR
13:02:07.692 [main] INFO com.iluwatar.commander.Commander - Order has been placed and will be shipped to you. Please wait while we make your payment... 
13:02:07.692 [main] ERROR com.iluwatar.commander.Commander - Order V0H878FX1PGL: Payment time for order over, failed and returning..
13:02:07.692 [main] INFO com.iluwatar.commander.Commander - Order V0H878FX1PGL: Shipping placed successfully, transaction id: MEJ29S2R0SH5
13:02:07.692 [main] INFO com.iluwatar.commander.Commander - Order has been placed and will be shipped to you. Please wait while we make your payment... 
13:02:07.692 [main] INFO com.iluwatar.commander.Commander - Order V0H878FX1PGL: Shipping placed successfully, transaction id: IFGMVMGFTH3T
13:02:07.692 [main] INFO com.iluwatar.commander.Commander - Order has been placed and will be shipped to you. Please wait while we make your payment... 
13:02:07.692 [main] DEBUG com.iluwatar.commander.Commander - Order 10PYM8UMYYI9: Error in connecting to shipping service, trying again..
13:02:07.692 [main] INFO com.iluwatar.commander.Commander - Sorry, there was a problem in creating your order. Please try later.
13:02:07.692 [main] ERROR com.iluwatar.commander.Commander - Order 10PYM8UMYYI9: Shipping service unavailable, order not placed..
13:02:07.692 [main] INFO com.iluwatar.commander.Commander - Order 10PYM8UMYYI9: Shipping placed successfully, transaction id: 9AV1XLY7BP0D
13:02:07.692 [main] INFO com.iluwatar.commander.Commander - Order has been placed and will be shipped to you. Please wait while we make your payment... 
13:02:07.692 [main] ERROR com.iluwatar.commander.Commander - Order 10PYM8UMYYI9: Payment time for order over, failed and returning..
13:02:07.692 [main] INFO com.iluwatar.commander.Commander - Order 10PYM8UMYYI9: Shipping placed successfully, transaction id: P9PZPU1H3BDD
13:02:07.692 [main] INFO com.iluwatar.commander.Commander - Order has been placed and will be shipped to you. Please wait while we make your payment... 
13:02:07.692 [main] INFO com.iluwatar.commander.Commander - Order 10PYM8UMYYI9: Shipping placed successfully, transaction id: CZ349UFZN0I3
13:02:07.692 [main] INFO com.iluwatar.commander.Commander - Order has been placed and will be shipped to you. Please wait while we make your payment... 
]]></system-out>
  </testcase>
  <testcase name="testPlaceOrderWithDatabaseAndExceptions" classname="com.iluwatar.commander.CommanderTest" time="0.05">
    <system-out><![CDATA[13:02:07.693 [main] DEBUG com.iluwatar.commander.Commander - Order WEIQIHQ28MOD: Error in connecting to shipping service, trying again..
13:02:07.693 [main] INFO com.iluwatar.commander.Commander - Sorry, there was a problem in creating your order. Please try later.
13:02:07.693 [main] ERROR com.iluwatar.commander.Commander - Order WEIQIHQ28MOD: Shipping service unavailable, order not placed..
13:02:07.693 [main] INFO com.iluwatar.commander.Commander - Order WEIQIHQ28MOD: Shipping placed successfully, transaction id: QCPAS0GUWD76
13:02:07.693 [main] INFO com.iluwatar.commander.Commander - Order has been placed and will be shipped to you. Please wait while we make your payment... 
13:02:07.693 [Thread-1843] DEBUG com.iluwatar.commander.Commander - Order WEIQIHQ28MOD: Error in connecting to payment service, trying again..
13:02:07.693 [Thread-1843] WARN com.iluwatar.commander.Commander - Order WEIQIHQ28MOD: Payment error, going to queue..
13:02:07.693 [main] INFO com.iluwatar.commander.Commander - Order WEIQIHQ28MOD: Shipping placed successfully, transaction id: QBXRC9WD41JY
13:02:07.693 [main] INFO com.iluwatar.commander.Commander - Order has been placed and will be shipped to you. Please wait while we make your payment... 
13:02:07.693 [Thread-1844] DEBUG com.iluwatar.commander.Commander - Order WEIQIHQ28MOD: Error in connecting to messaging service (Payment Error msg), trying again..
13:02:07.693 [main] INFO com.iluwatar.commander.Commander - Order WEIQIHQ28MOD: Shipping placed successfully, transaction id: T0CYNZBJ072A
13:02:07.693 [main] INFO com.iluwatar.commander.Commander - Order has been placed and will be shipped to you. Please wait while we make your payment... 
13:02:07.693 [Thread-1845] INFO com.iluwatar.commander.Commander - Order WEIQIHQ28MOD: Payment successful, transaction Id: 02MDIY7MF7KN
13:02:07.693 [main] DEBUG com.iluwatar.commander.Commander - Order 0MWKC0W3TZEV: Error in connecting to shipping service, trying again..
13:02:07.693 [main] INFO com.iluwatar.commander.Commander - Sorry, there was a problem in creating your order. Please try later.
13:02:07.693 [main] ERROR com.iluwatar.commander.Commander - Order 0MWKC0W3TZEV: Shipping service unavailable, order not placed..
13:02:07.693 [main] INFO com.iluwatar.commander.Commander - Order 0MWKC0W3TZEV: Shipping placed successfully, transaction id: 8EE2GDPRZBII
13:02:07.693 [main] INFO com.iluwatar.commander.Commander - Order has been placed and will be shipped to you. Please wait while we make your payment... 
13:02:07.693 [Thread-1847] INFO com.iluwatar.commander.messagingservice.MessagingService - Msg: Your order has been placed and paid for successfully! Thank you for shopping with us!
13:02:07.693 [Thread-1847] INFO com.iluwatar.commander.Commander - Order WEIQIHQ28MOD: Payment Success message sent, request Id: K39OE08RXIY3
13:02:07.693 [main] INFO com.iluwatar.commander.Commander - Order 0MWKC0W3TZEV: Shipping placed successfully, transaction id: FX2JIOEWRD8O
13:02:07.693 [main] INFO com.iluwatar.commander.Commander - Order has been placed and will be shipped to you. Please wait while we make your payment... 
13:02:07.693 [Thread-1848] DEBUG com.iluwatar.commander.Commander - Order 0MWKC0W3TZEV: Error in connecting to payment service, trying again..
13:02:07.693 [Thread-1848] WARN com.iluwatar.commander.Commander - Order 0MWKC0W3TZEV: Payment error, going to queue..
13:02:07.693 [main] INFO com.iluwatar.commander.Commander - Order 0MWKC0W3TZEV: Shipping placed successfully, transaction id: CXVGBYE6KKH6
13:02:07.693 [main] INFO com.iluwatar.commander.Commander - Order has been placed and will be shipped to you. Please wait while we make your payment... 
13:02:07.694 [Thread-1850] DEBUG com.iluwatar.commander.Commander - Order 0MWKC0W3TZEV: Error in connecting to messaging service (Payment Error msg), trying again..
13:02:07.693 [Thread-1849] INFO com.iluwatar.commander.Commander - Order 0MWKC0W3TZEV: Payment successful, transaction Id: JA4AXNPOOTUQ
13:02:07.694 [main] INFO com.iluwatar.commander.Commander - Sorry, there was a problem in creating your order. Please try later.
13:02:07.694 [main] ERROR com.iluwatar.commander.Commander - Order X791QXQJ5O1K: Shipping service unavailable, order not placed..
13:02:07.694 [main] INFO com.iluwatar.commander.Commander - Sorry, there was a problem in creating your order. Please try later.
13:02:07.694 [main] ERROR com.iluwatar.commander.Commander - Order X791QXQJ5O1K: Shipping service unavailable, order not placed..
13:02:07.694 [Thread-1852] INFO com.iluwatar.commander.messagingservice.MessagingService - Msg: Your order has been placed and paid for successfully! Thank you for shopping with us!
13:02:07.694 [Thread-1852] INFO com.iluwatar.commander.Commander - Order 0MWKC0W3TZEV: Payment Success message sent, request Id: ZNNJ20LNY34T
13:02:07.694 [main] INFO com.iluwatar.commander.Commander - Sorry, there was a problem in creating your order. Please try later.
13:02:07.694 [main] ERROR com.iluwatar.commander.Commander - Order X791QXQJ5O1K: Shipping service unavailable, order not placed..
13:02:07.694 [main] INFO com.iluwatar.commander.Commander - Sorry, there was a problem in creating your order. Please try later.
13:02:07.694 [main] ERROR com.iluwatar.commander.Commander - Order X791QXQJ5O1K: Shipping service unavailable, order not placed..
13:02:07.694 [main] INFO com.iluwatar.commander.Commander - Sorry, there was a problem in creating your order. Please try later.
13:02:07.694 [main] ERROR com.iluwatar.commander.Commander - Order D3MFSJTBXCMT: Shipping service unavailable, order not placed..
13:02:07.694 [main] INFO com.iluwatar.commander.Commander - Sorry, there was a problem in creating your order. Please try later.
13:02:07.694 [main] ERROR com.iluwatar.commander.Commander - Order D3MFSJTBXCMT: Shipping service unavailable, order not placed..
13:02:07.694 [main] INFO com.iluwatar.commander.Commander - Sorry, there was a problem in creating your order. Please try later.
13:02:07.694 [main] ERROR com.iluwatar.commander.Commander - Order D3MFSJTBXCMT: Shipping service unavailable, order not placed..
13:02:07.694 [main] INFO com.iluwatar.commander.Commander - Sorry, there was a problem in creating your order. Please try later.
13:02:07.694 [main] ERROR com.iluwatar.commander.Commander - Order D3MFSJTBXCMT: Shipping service unavailable, order not placed..
13:02:07.694 [main] DEBUG com.iluwatar.commander.Commander - Order KA9S8IVYDFKV: Error in connecting to shipping service, trying again..
13:02:07.694 [main] INFO com.iluwatar.commander.Commander - Sorry, there was a problem in creating your order. Please try later.
13:02:07.694 [main] ERROR com.iluwatar.commander.Commander - Order KA9S8IVYDFKV: Shipping service unavailable, order not placed..
13:02:07.694 [main] INFO com.iluwatar.commander.Commander - Order KA9S8IVYDFKV: Shipping placed successfully, transaction id: FQL1NBPF4G3W
13:02:07.694 [main] INFO com.iluwatar.commander.Commander - Order has been placed and will be shipped to you. Please wait while we make your payment... 
13:02:07.694 [main] INFO com.iluwatar.commander.Commander - Order KA9S8IVYDFKV: Shipping placed successfully, transaction id: EQ1CGN70ROEN
13:02:07.694 [main] INFO com.iluwatar.commander.Commander - Order has been placed and will be shipped to you. Please wait while we make your payment... 
13:02:07.694 [Thread-1853] DEBUG com.iluwatar.commander.Commander - Order KA9S8IVYDFKV: Error in connecting to payment service, trying again..
13:02:07.694 [Thread-1853] WARN com.iluwatar.commander.Commander - Order KA9S8IVYDFKV: Payment error, going to queue..
13:02:07.694 [main] INFO com.iluwatar.commander.Commander - Order KA9S8IVYDFKV: Shipping placed successfully, transaction id: EFJMAVY4QYFH
13:02:07.694 [main] INFO com.iluwatar.commander.Commander - Order has been placed and will be shipped to you. Please wait while we make your payment... 
13:02:07.694 [Thread-1854] DEBUG com.iluwatar.commander.Commander - Order KA9S8IVYDFKV: Error in connecting to payment service, trying again..
13:02:07.694 [Thread-1855] DEBUG com.iluwatar.commander.Commander - Order KA9S8IVYDFKV: Error in connecting to messaging service (Payment Error msg), trying again..
13:02:07.694 [main] DEBUG com.iluwatar.commander.Commander - Order ASW027XQI16T: Error in creating shipping request..
13:02:07.694 [main] INFO com.iluwatar.commander.Commander - Shipping is currently not possible to your address. We are working on the problem and will get back to you asap.
13:02:07.694 [main] INFO com.iluwatar.commander.Commander - Order ASW027XQI16T: Shipping not possible to address, trying to add problem to employee db..
13:02:07.694 [Thread-1856] INFO com.iluwatar.commander.Commander - Order KA9S8IVYDFKV: Payment successful, transaction Id: HKR87DKG29E0
13:02:07.694 [Thread-1854] WARN com.iluwatar.commander.Commander - Order KA9S8IVYDFKV: Payment error, going to queue..
13:02:07.694 [main] INFO com.iluwatar.commander.Commander - Order ASW027XQI16T: Shipping placed successfully, transaction id: 5WOKBZEYEVL0
13:02:07.694 [main] INFO com.iluwatar.commander.Commander - Order has been placed and will be shipped to you. Please wait while we make your payment... 
13:02:07.694 [Thread-1857] WARN com.iluwatar.commander.Commander - Order ASW027XQI16T: Error in connecting to employee handle, trying again..
13:02:07.695 [Thread-1858] INFO com.iluwatar.commander.messagingservice.MessagingService - Msg: Your order has been placed and paid for successfully! Thank you for shopping with us!
13:02:07.695 [Thread-1858] INFO com.iluwatar.commander.Commander - Order KA9S8IVYDFKV: Payment Success message sent, request Id: FLBE1IGNFU1Y
13:02:07.695 [main] INFO com.iluwatar.commander.Commander - Order ASW027XQI16T: Shipping placed successfully, transaction id: ZC2E87B1LIUJ
13:02:07.695 [main] INFO com.iluwatar.commander.Commander - Order has been placed and will be shipped to you. Please wait while we make your payment... 
13:02:07.695 [Thread-1860] DEBUG com.iluwatar.commander.Commander - Order ASW027XQI16T: Error in creating payment request..
13:02:07.695 [main] INFO com.iluwatar.commander.Commander - Order ASW027XQI16T: Shipping placed successfully, transaction id: EIV1Z6QAR77Y
13:02:07.695 [main] INFO com.iluwatar.commander.Commander - Order has been placed and will be shipped to you. Please wait while we make your payment... 
13:02:07.695 [Thread-1860] WARN com.iluwatar.commander.Commander - Order ASW027XQI16T: Payment error, going to queue..
13:02:07.695 [Thread-1861] INFO com.iluwatar.commander.Commander - Order ASW027XQI16T: Payment successful, transaction Id: SUMV8E9KJ3SD
13:02:07.695 [main] INFO com.iluwatar.commander.Commander - Sorry, there was a problem in creating your order. Please try later.
13:02:07.695 [main] ERROR com.iluwatar.commander.Commander - Order 5NB7820IX2YB: Shipping service unavailable, order not placed..
13:02:07.695 [main] INFO com.iluwatar.commander.Commander - Sorry, there was a problem in creating your order. Please try later.
13:02:07.695 [main] ERROR com.iluwatar.commander.Commander - Order 5NB7820IX2YB: Shipping service unavailable, order not placed..
13:02:07.695 [main] INFO com.iluwatar.commander.Commander - Sorry, there was a problem in creating your order. Please try later.
13:02:07.695 [Thread-1864] DEBUG com.iluwatar.commander.Commander - Order ASW027XQI16T: Error in creating Payment Success messaging request..
13:02:07.695 [main] ERROR com.iluwatar.commander.Commander - Order 5NB7820IX2YB: Shipping service unavailable, order not placed..
13:02:07.695 [main] INFO com.iluwatar.commander.Commander - Sorry, there was a problem in creating your order. Please try later.
13:02:07.695 [main] ERROR com.iluwatar.commander.Commander - Order 5NB7820IX2YB: Shipping service unavailable, order not placed..
13:02:07.695 [main] INFO com.iluwatar.commander.Commander - Sorry, there was a problem in creating your order. Please try later.
13:02:07.695 [main] ERROR com.iluwatar.commander.Commander - Order VL65O1ZY7T8L: Shipping service unavailable, order not placed..
13:02:07.695 [main] INFO com.iluwatar.commander.Commander - Sorry, there was a problem in creating your order. Please try later.
13:02:07.695 [main] ERROR com.iluwatar.commander.Commander - Order VL65O1ZY7T8L: Shipping service unavailable, order not placed..
13:02:07.695 [main] INFO com.iluwatar.commander.Commander - Sorry, there was a problem in creating your order. Please try later.
13:02:07.695 [main] ERROR com.iluwatar.commander.Commander - Order VL65O1ZY7T8L: Shipping service unavailable, order not placed..
13:02:07.695 [main] INFO com.iluwatar.commander.Commander - Sorry, there was a problem in creating your order. Please try later.
13:02:07.695 [main] ERROR com.iluwatar.commander.Commander - Order VL65O1ZY7T8L: Shipping service unavailable, order not placed..
13:02:07.695 [main] DEBUG com.iluwatar.commander.Commander - Order 2PH953SEJNV9: Error in connecting to shipping service, trying again..
13:02:07.695 [main] INFO com.iluwatar.commander.Commander - Sorry, there was a problem in creating your order. Please try later.
13:02:07.695 [main] ERROR com.iluwatar.commander.Commander - Order 2PH953SEJNV9: Shipping service unavailable, order not placed..
13:02:07.695 [main] INFO com.iluwatar.commander.Commander - Order 2PH953SEJNV9: Shipping placed successfully, transaction id: KDI4IS6DX1L9
13:02:07.695 [main] INFO com.iluwatar.commander.Commander - Order has been placed and will be shipped to you. Please wait while we make your payment... 
13:02:07.695 [main] INFO com.iluwatar.commander.Commander - Order 2PH953SEJNV9: Shipping placed successfully, transaction id: OS9L3P48VEFE
13:02:07.695 [main] INFO com.iluwatar.commander.Commander - Order has been placed and will be shipped to you. Please wait while we make your payment... 
13:02:07.695 [Thread-1865] DEBUG com.iluwatar.commander.Commander - Order 2PH953SEJNV9: Error in connecting to payment service, trying again..
13:02:07.695 [Thread-1865] WARN com.iluwatar.commander.Commander - Order 2PH953SEJNV9: Payment error, going to queue..
13:02:07.695 [main] INFO com.iluwatar.commander.Commander - Order 2PH953SEJNV9: Shipping placed successfully, transaction id: WBMKY4GLKU39
13:02:07.695 [main] INFO com.iluwatar.commander.Commander - Order has been placed and will be shipped to you. Please wait while we make your payment... 
13:02:07.695 [Thread-1866] INFO com.iluwatar.commander.Commander - Order 2PH953SEJNV9: Payment successful, transaction Id: 9J0SOH7UJMA9
13:02:07.695 [Thread-1867] DEBUG com.iluwatar.commander.Commander - Order 2PH953SEJNV9: Error in connecting to messaging service (Payment Error msg), trying again..
13:02:07.695 [Thread-1869] INFO com.iluwatar.commander.messagingservice.MessagingService - Msg: Your order has been placed and paid for successfully! Thank you for shopping with us!
13:02:07.695 [main] DEBUG com.iluwatar.commander.Commander - Order 9MCZ1HT7UMNJ: Error in creating shipping request..
13:02:07.695 [Thread-1869] INFO com.iluwatar.commander.Commander - Order 2PH953SEJNV9: Payment Success message sent, request Id: 6OT1AFMA9KU8
13:02:07.695 [main] INFO com.iluwatar.commander.Commander - This item is currently unavailable. We will inform you as soon as the item becomes available again.
13:02:07.695 [main] INFO com.iluwatar.commander.Commander - Order 9MCZ1HT7UMNJ: Item pen unavailable, trying to add problem to employee handle..
13:02:07.695 [main] INFO com.iluwatar.commander.Commander - Order 9MCZ1HT7UMNJ: Shipping placed successfully, transaction id: XK8T4TI1O7GB
13:02:07.695 [main] INFO com.iluwatar.commander.Commander - Order has been placed and will be shipped to you. Please wait while we make your payment... 
13:02:07.695 [Thread-1870] WARN com.iluwatar.commander.Commander - Order 9MCZ1HT7UMNJ: Error in connecting to employee handle, trying again..
13:02:07.695 [main] INFO com.iluwatar.commander.Commander - Order 9MCZ1HT7UMNJ: Shipping placed successfully, transaction id: 6EBGLNJW3WFI
13:02:07.695 [main] INFO com.iluwatar.commander.Commander - Order has been placed and will be shipped to you. Please wait while we make your payment... 
13:02:07.695 [Thread-1871] DEBUG com.iluwatar.commander.Commander - Order 9MCZ1HT7UMNJ: Error in creating payment request..
13:02:07.695 [Thread-1871] WARN com.iluwatar.commander.Commander - Order 9MCZ1HT7UMNJ: Payment error, going to queue..
13:02:07.695 [main] INFO com.iluwatar.commander.Commander - Order 9MCZ1HT7UMNJ: Shipping placed successfully, transaction id: NOQJ0XCM4FRQ
13:02:07.695 [main] INFO com.iluwatar.commander.Commander - Order has been placed and will be shipped to you. Please wait while we make your payment... 
13:02:07.695 [Thread-1872] INFO com.iluwatar.commander.Commander - Order 9MCZ1HT7UMNJ: Payment successful, transaction Id: C2126XJPB9UQ
13:02:07.695 [Thread-1873] DEBUG com.iluwatar.commander.Commander - Order 9MCZ1HT7UMNJ: Error in creating Payment Error messaging request..
13:02:07.696 [Thread-1875] INFO com.iluwatar.commander.messagingservice.MessagingService - Msg: Your order has been placed and paid for successfully! Thank you for shopping with us!
13:02:07.696 [main] INFO com.iluwatar.commander.Commander - Sorry, there was a problem in creating your order. Please try later.
13:02:07.696 [main] ERROR com.iluwatar.commander.Commander - Order 5YCDL4MUNLC4: Shipping service unavailable, order not placed..
13:02:07.696 [main] INFO com.iluwatar.commander.Commander - Sorry, there was a problem in creating your order. Please try later.
13:02:07.696 [main] ERROR com.iluwatar.commander.Commander - Order 5YCDL4MUNLC4: Shipping service unavailable, order not placed..
13:02:07.696 [Thread-1875] INFO com.iluwatar.commander.Commander - Order 9MCZ1HT7UMNJ: Payment Success message sent, request Id: YRH53F2E5QAP
13:02:07.696 [main] INFO com.iluwatar.commander.Commander - Sorry, there was a problem in creating your order. Please try later.
13:02:07.696 [main] ERROR com.iluwatar.commander.Commander - Order 5YCDL4MUNLC4: Shipping service unavailable, order not placed..
13:02:07.696 [main] INFO com.iluwatar.commander.Commander - Sorry, there was a problem in creating your order. Please try later.
13:02:07.696 [main] ERROR com.iluwatar.commander.Commander - Order 5YCDL4MUNLC4: Shipping service unavailable, order not placed..
13:02:07.696 [main] INFO com.iluwatar.commander.Commander - Sorry, there was a problem in creating your order. Please try later.
13:02:07.696 [main] ERROR com.iluwatar.commander.Commander - Order JO90MQ531QLD: Shipping service unavailable, order not placed..
13:02:07.696 [main] INFO com.iluwatar.commander.Commander - Sorry, there was a problem in creating your order. Please try later.
13:02:07.696 [main] ERROR com.iluwatar.commander.Commander - Order JO90MQ531QLD: Shipping service unavailable, order not placed..
13:02:07.696 [main] INFO com.iluwatar.commander.Commander - Sorry, there was a problem in creating your order. Please try later.
13:02:07.696 [main] ERROR com.iluwatar.commander.Commander - Order JO90MQ531QLD: Shipping service unavailable, order not placed..
13:02:07.696 [main] INFO com.iluwatar.commander.Commander - Sorry, there was a problem in creating your order. Please try later.
13:02:07.696 [main] ERROR com.iluwatar.commander.Commander - Order JO90MQ531QLD: Shipping service unavailable, order not placed..
13:02:07.696 [main] DEBUG com.iluwatar.commander.Commander - Order P0X4LQJIQ7N1: Error in connecting to shipping service, trying again..
13:02:07.696 [main] INFO com.iluwatar.commander.Commander - Sorry, there was a problem in creating your order. Please try later.
13:02:07.696 [main] ERROR com.iluwatar.commander.Commander - Order P0X4LQJIQ7N1: Shipping service unavailable, order not placed..
13:02:07.696 [main] INFO com.iluwatar.commander.Commander - Order P0X4LQJIQ7N1: Shipping placed successfully, transaction id: BNG5S2TT4JRF
13:02:07.696 [main] INFO com.iluwatar.commander.Commander - Order has been placed and will be shipped to you. Please wait while we make your payment... 
13:02:07.696 [main] INFO com.iluwatar.commander.Commander - Order P0X4LQJIQ7N1: Shipping placed successfully, transaction id: L1IUEG5804XL
13:02:07.696 [main] INFO com.iluwatar.commander.Commander - Order has been placed and will be shipped to you. Please wait while we make your payment... 
13:02:07.696 [Thread-1876] DEBUG com.iluwatar.commander.Commander - Order P0X4LQJIQ7N1: Error in connecting to payment service, trying again..
13:02:07.696 [main] INFO com.iluwatar.commander.Commander - Order P0X4LQJIQ7N1: Shipping placed successfully, transaction id: BJGMT3V0S48I
13:02:07.696 [main] INFO com.iluwatar.commander.Commander - Order has been placed and will be shipped to you. Please wait while we make your payment... 
13:02:07.696 [Thread-1876] WARN com.iluwatar.commander.Commander - Order P0X4LQJIQ7N1: Payment error, going to queue..
13:02:07.696 [Thread-1877] DEBUG com.iluwatar.commander.Commander - Order P0X4LQJIQ7N1: Error in connecting to payment service, trying again..
13:02:07.696 [main] DEBUG com.iluwatar.commander.Commander - Order BN5DCLPUMAHI: Error in creating shipping request..
13:02:07.696 [Thread-1877] WARN com.iluwatar.commander.Commander - Order P0X4LQJIQ7N1: Payment error, going to queue..
13:02:07.696 [main] INFO com.iluwatar.commander.Commander - Sorry, there was a problem in creating your order. Please try later.
13:02:07.696 [main] ERROR com.iluwatar.commander.Commander - Order BN5DCLPUMAHI: Shipping service unavailable, order not placed..
13:02:07.696 [Thread-1878] INFO com.iluwatar.commander.Commander - Order P0X4LQJIQ7N1: Payment successful, transaction Id: PNEHXZ9R17XF
13:02:07.696 [main] INFO com.iluwatar.commander.Commander - Order BN5DCLPUMAHI: Shipping placed successfully, transaction id: Z49B1WEJ92PE
13:02:07.696 [main] INFO com.iluwatar.commander.Commander - Order has been placed and will be shipped to you. Please wait while we make your payment... 
13:02:07.696 [Thread-1879] DEBUG com.iluwatar.commander.Commander - Order P0X4LQJIQ7N1: Error in connecting to messaging service (Payment Error msg), trying again..
13:02:07.696 [Thread-1881] INFO com.iluwatar.commander.messagingservice.MessagingService - Msg: Your order has been placed and paid for successfully! Thank you for shopping with us!
13:02:07.696 [Thread-1881] INFO com.iluwatar.commander.Commander - Order P0X4LQJIQ7N1: Payment Success message sent, request Id: L6OR77VZZXLG
13:02:07.696 [main] INFO com.iluwatar.commander.Commander - Order BN5DCLPUMAHI: Shipping placed successfully, transaction id: QR9PTVPDZFAU
13:02:07.696 [Thread-1882] DEBUG com.iluwatar.commander.Commander - Order BN5DCLPUMAHI: Error in creating payment request..
13:02:07.696 [main] INFO com.iluwatar.commander.Commander - Order has been placed and will be shipped to you. Please wait while we make your payment... 
13:02:07.696 [Thread-1882] ERROR com.iluwatar.commander.Commander - Order BN5DCLPUMAHI: Payment details incorrect, failed..
13:02:07.696 [main] INFO com.iluwatar.commander.Commander - Order BN5DCLPUMAHI: Shipping placed successfully, transaction id: G59LY4M9VYVS
13:02:07.696 [main] INFO com.iluwatar.commander.Commander - Order has been placed and will be shipped to you. Please wait while we make your payment... 
13:02:07.696 [Thread-1884] DEBUG com.iluwatar.commander.Commander - Order BN5DCLPUMAHI: Error in creating Payment Failure message request..
13:02:07.696 [main] INFO com.iluwatar.commander.Commander - Sorry, there was a problem in creating your order. Please try later.
13:02:07.696 [main] ERROR com.iluwatar.commander.Commander - Order OW8E2FAKI49G: Shipping service unavailable, order not placed..
13:02:07.696 [main] INFO com.iluwatar.commander.Commander - Sorry, there was a problem in creating your order. Please try later.
13:02:07.696 [main] ERROR com.iluwatar.commander.Commander - Order OW8E2FAKI49G: Shipping service unavailable, order not placed..
13:02:07.696 [main] INFO com.iluwatar.commander.Commander - Sorry, there was a problem in creating your order. Please try later.
13:02:07.696 [main] ERROR com.iluwatar.commander.Commander - Order OW8E2FAKI49G: Shipping service unavailable, order not placed..
13:02:07.696 [main] INFO com.iluwatar.commander.Commander - Sorry, there was a problem in creating your order. Please try later.
13:02:07.696 [main] ERROR com.iluwatar.commander.Commander - Order OW8E2FAKI49G: Shipping service unavailable, order not placed..
13:02:07.696 [main] INFO com.iluwatar.commander.Commander - Sorry, there was a problem in creating your order. Please try later.
13:02:07.696 [main] ERROR com.iluwatar.commander.Commander - Order XDGS895WU0C1: Shipping service unavailable, order not placed..
13:02:07.696 [main] INFO com.iluwatar.commander.Commander - Sorry, there was a problem in creating your order. Please try later.
13:02:07.696 [main] ERROR com.iluwatar.commander.Commander - Order XDGS895WU0C1: Shipping service unavailable, order not placed..
13:02:07.696 [main] INFO com.iluwatar.commander.Commander - Sorry, there was a problem in creating your order. Please try later.
13:02:07.696 [main] ERROR com.iluwatar.commander.Commander - Order XDGS895WU0C1: Shipping service unavailable, order not placed..
13:02:07.696 [main] INFO com.iluwatar.commander.Commander - Sorry, there was a problem in creating your order. Please try later.
13:02:07.696 [main] ERROR com.iluwatar.commander.Commander - Order XDGS895WU0C1: Shipping service unavailable, order not placed..
13:02:07.696 [main] DEBUG com.iluwatar.commander.Commander - Order JUNX8259EL80: Error in connecting to shipping service, trying again..
13:02:07.696 [main] INFO com.iluwatar.commander.Commander - Sorry, there was a problem in creating your order. Please try later.
13:02:07.696 [main] ERROR com.iluwatar.commander.Commander - Order JUNX8259EL80: Shipping service unavailable, order not placed..
13:02:07.696 [main] INFO com.iluwatar.commander.Commander - Order JUNX8259EL80: Shipping placed successfully, transaction id: S6UNGFXD81OW
13:02:07.696 [main] INFO com.iluwatar.commander.Commander - Order has been placed and will be shipped to you. Please wait while we make your payment... 
13:02:07.696 [main] INFO com.iluwatar.commander.Commander - Order JUNX8259EL80: Shipping placed successfully, transaction id: NLQMFMXYW27E
13:02:07.696 [main] INFO com.iluwatar.commander.Commander - Order has been placed and will be shipped to you. Please wait while we make your payment... 
13:02:07.697 [Thread-1886] DEBUG com.iluwatar.commander.Commander - Order JUNX8259EL80: Error in connecting to payment service, trying again..
13:02:07.697 [Thread-1886] WARN com.iluwatar.commander.Commander - Order JUNX8259EL80: Payment error, going to queue..
13:02:07.697 [main] INFO com.iluwatar.commander.Commander - Order JUNX8259EL80: Shipping placed successfully, transaction id: T2XXPLMCAEUY
13:02:07.697 [Thread-1888] DEBUG com.iluwatar.commander.Commander - Order JUNX8259EL80: Error in connecting to messaging service (Payment Error msg), trying again..
13:02:07.697 [Thread-1887] INFO com.iluwatar.commander.Commander - Order JUNX8259EL80: Payment successful, transaction Id: IZJKSJ8CSQUE
13:02:07.697 [main] INFO com.iluwatar.commander.Commander - Order has been placed and will be shipped to you. Please wait while we make your payment... 
13:02:07.697 [Thread-1889] INFO com.iluwatar.commander.messagingservice.MessagingService - Msg: Your order has been placed and paid for successfully! Thank you for shopping with us!
13:02:07.697 [main] DEBUG com.iluwatar.commander.Commander - Order S9TGXYSXROW4: Error in creating shipping request..
13:02:07.697 [main] INFO com.iluwatar.commander.Commander - Sorry, there was a problem in creating your order. Please try later.
13:02:07.697 [main] ERROR com.iluwatar.commander.Commander - Order S9TGXYSXROW4: Shipping service unavailable, order not placed..
13:02:07.697 [main] INFO com.iluwatar.commander.Commander - Order S9TGXYSXROW4: Shipping placed successfully, transaction id: K3ATSZ8KM891
13:02:07.697 [main] INFO com.iluwatar.commander.Commander - Order has been placed and will be shipped to you. Please wait while we make your payment... 
13:02:07.697 [Thread-1889] INFO com.iluwatar.commander.Commander - Order JUNX8259EL80: Payment Success message sent, request Id: 2T4U85FVNOFV
13:02:07.697 [main] INFO com.iluwatar.commander.Commander - Order S9TGXYSXROW4: Shipping placed successfully, transaction id: H74WL4UXSZBX
13:02:07.697 [main] INFO com.iluwatar.commander.Commander - Order has been placed and will be shipped to you. Please wait while we make your payment... 
13:02:07.697 [Thread-1891] DEBUG com.iluwatar.commander.Commander - Order S9TGXYSXROW4: Error in creating payment request..
13:02:07.697 [main] INFO com.iluwatar.commander.Commander - Order S9TGXYSXROW4: Shipping placed successfully, transaction id: 1BP1AXS60KRU
13:02:07.697 [main] INFO com.iluwatar.commander.Commander - Order has been placed and will be shipped to you. Please wait while we make your payment... 
13:02:07.697 [Thread-1891] WARN com.iluwatar.commander.Commander - Order S9TGXYSXROW4: Payment error, going to queue..
13:02:07.697 [main] INFO com.iluwatar.commander.Commander - Sorry, there was a problem in creating your order. Please try later.
13:02:07.697 [main] ERROR com.iluwatar.commander.Commander - Order 8STNXUOSALGE: Shipping service unavailable, order not placed..
13:02:07.697 [Thread-1893] INFO com.iluwatar.commander.Commander - Order S9TGXYSXROW4: Payment successful, transaction Id: 9VBXH7LBFNUK
13:02:07.697 [main] INFO com.iluwatar.commander.Commander - Sorry, there was a problem in creating your order. Please try later.
13:02:07.697 [main] ERROR com.iluwatar.commander.Commander - Order 8STNXUOSALGE: Shipping service unavailable, order not placed..
13:02:07.697 [main] INFO com.iluwatar.commander.Commander - Sorry, there was a problem in creating your order. Please try later.
13:02:07.697 [main] ERROR com.iluwatar.commander.Commander - Order 8STNXUOSALGE: Shipping service unavailable, order not placed..
13:02:07.697 [main] INFO com.iluwatar.commander.Commander - Sorry, there was a problem in creating your order. Please try later.
13:02:07.697 [main] ERROR com.iluwatar.commander.Commander - Order 8STNXUOSALGE: Shipping service unavailable, order not placed..
13:02:07.697 [Thread-1894] DEBUG com.iluwatar.commander.Commander - Order S9TGXYSXROW4: Error in creating Payment Error messaging request..
13:02:07.697 [main] INFO com.iluwatar.commander.Commander - Sorry, there was a problem in creating your order. Please try later.
13:02:07.697 [main] ERROR com.iluwatar.commander.Commander - Order NRZ1W0WMT0U2: Shipping service unavailable, order not placed..
13:02:07.697 [main] INFO com.iluwatar.commander.Commander - Sorry, there was a problem in creating your order. Please try later.
13:02:07.697 [main] ERROR com.iluwatar.commander.Commander - Order NRZ1W0WMT0U2: Shipping service unavailable, order not placed..
13:02:07.697 [main] INFO com.iluwatar.commander.Commander - Sorry, there was a problem in creating your order. Please try later.
13:02:07.697 [main] ERROR com.iluwatar.commander.Commander - Order NRZ1W0WMT0U2: Shipping service unavailable, order not placed..
13:02:07.697 [Thread-1895] INFO com.iluwatar.commander.messagingservice.MessagingService - Msg: Your order has been placed and paid for successfully! Thank you for shopping with us!
13:02:07.697 [main] INFO com.iluwatar.commander.Commander - Sorry, there was a problem in creating your order. Please try later.
13:02:07.697 [Thread-1895] INFO com.iluwatar.commander.Commander - Order S9TGXYSXROW4: Payment Success message sent, request Id: 7RAUVILHQDEX
13:02:07.697 [main] ERROR com.iluwatar.commander.Commander - Order NRZ1W0WMT0U2: Shipping service unavailable, order not placed..
13:02:07.697 [main] DEBUG com.iluwatar.commander.Commander - Order YJ62RWQERPE4: Error in connecting to shipping service, trying again..
13:02:07.697 [main] INFO com.iluwatar.commander.Commander - Sorry, there was a problem in creating your order. Please try later.
13:02:07.697 [main] ERROR com.iluwatar.commander.Commander - Order YJ62RWQERPE4: Shipping service unavailable, order not placed..
13:02:07.697 [main] INFO com.iluwatar.commander.Commander - Order YJ62RWQERPE4: Shipping placed successfully, transaction id: 7LETPWEVNGVI
13:02:07.697 [main] INFO com.iluwatar.commander.Commander - Order has been placed and will be shipped to you. Please wait while we make your payment... 
13:02:07.697 [main] INFO com.iluwatar.commander.Commander - Order YJ62RWQERPE4: Shipping placed successfully, transaction id: 85OGGDREAJIV
13:02:07.697 [main] INFO com.iluwatar.commander.Commander - Order has been placed and will be shipped to you. Please wait while we make your payment... 
13:02:07.697 [Thread-1896] DEBUG com.iluwatar.commander.Commander - Order YJ62RWQERPE4: Error in connecting to payment service, trying again..
13:02:07.697 [Thread-1896] WARN com.iluwatar.commander.Commander - Order YJ62RWQERPE4: Payment error, going to queue..
13:02:07.697 [main] INFO com.iluwatar.commander.Commander - Order YJ62RWQERPE4: Shipping placed successfully, transaction id: MS33SBYPKLET
13:02:07.697 [main] INFO com.iluwatar.commander.Commander - Order has been placed and will be shipped to you. Please wait while we make your payment... 
13:02:07.697 [main] DEBUG com.iluwatar.commander.Commander - Order EG9M7ACXB7JZ: Error in connecting to shipping service, trying again..
13:02:07.697 [main] INFO com.iluwatar.commander.Commander - Sorry, there was a problem in creating your order. Please try later.
13:02:07.697 [main] ERROR com.iluwatar.commander.Commander - Order EG9M7ACXB7JZ: Shipping service unavailable, order not placed..
13:02:07.697 [main] INFO com.iluwatar.commander.Commander - Order EG9M7ACXB7JZ: Shipping placed successfully, transaction id: FRDSEZL5MCAH
13:02:07.697 [main] INFO com.iluwatar.commander.Commander - Order has been placed and will be shipped to you. Please wait while we make your payment... 
13:02:07.697 [Thread-1899] INFO com.iluwatar.commander.Commander - Order YJ62RWQERPE4: Payment successful, transaction Id: O1CD1MW2UDHO
13:02:07.697 [Thread-1898] DEBUG com.iluwatar.commander.Commander - Order YJ62RWQERPE4: Error in connecting to messaging service (Payment Error msg), trying again..
13:02:07.698 [main] INFO com.iluwatar.commander.Commander - Order EG9M7ACXB7JZ: Shipping placed successfully, transaction id: YTK48YPZ89KD
13:02:07.698 [main] INFO com.iluwatar.commander.Commander - Order has been placed and will be shipped to you. Please wait while we make your payment... 
13:02:07.698 [Thread-1900] DEBUG com.iluwatar.commander.Commander - Order EG9M7ACXB7JZ: Error in connecting to payment service, trying again..
13:02:07.698 [Thread-1900] WARN com.iluwatar.commander.Commander - Order EG9M7ACXB7JZ: Payment error, going to queue..
13:02:07.698 [Thread-1897] INFO com.iluwatar.commander.Commander - Order YJ62RWQERPE4: Payment successful, transaction Id: 44GJDKN4GYUZ
13:02:07.698 [main] INFO com.iluwatar.commander.Commander - Order EG9M7ACXB7JZ: Shipping placed successfully, transaction id: 83BC8R31UV25
13:02:07.698 [main] INFO com.iluwatar.commander.Commander - Order has been placed and will be shipped to you. Please wait while we make your payment... 
13:02:07.698 [Thread-1902] INFO com.iluwatar.commander.Commander - Order EG9M7ACXB7JZ: Payment successful, transaction Id: EWCIW1ZWD4KK
13:02:07.698 [Thread-1904] INFO com.iluwatar.commander.messagingservice.MessagingService - Msg: Your order has been placed and paid for successfully! Thank you for shopping with us!
13:02:07.698 [Thread-1904] INFO com.iluwatar.commander.Commander - Order YJ62RWQERPE4: Payment Success message sent, request Id: DIA7BX89XUSR
13:02:07.698 [Thread-1906] DEBUG com.iluwatar.commander.Commander - Order EG9M7ACXB7JZ: Error in connecting to messaging service (Payment Success msg), trying again..
13:02:07.698 [main] INFO com.iluwatar.commander.Commander - Sorry, there was a problem in creating your order. Please try later.
13:02:07.698 [main] ERROR com.iluwatar.commander.Commander - Order XBI4LIPNF7VW: Shipping service unavailable, order not placed..
13:02:07.698 [main] INFO com.iluwatar.commander.Commander - Sorry, there was a problem in creating your order. Please try later.
13:02:07.698 [main] ERROR com.iluwatar.commander.Commander - Order XBI4LIPNF7VW: Shipping service unavailable, order not placed..
13:02:07.698 [main] INFO com.iluwatar.commander.Commander - Sorry, there was a problem in creating your order. Please try later.
13:02:07.698 [main] ERROR com.iluwatar.commander.Commander - Order XBI4LIPNF7VW: Shipping service unavailable, order not placed..
13:02:07.698 [main] INFO com.iluwatar.commander.Commander - Sorry, there was a problem in creating your order. Please try later.
13:02:07.698 [main] ERROR com.iluwatar.commander.Commander - Order XBI4LIPNF7VW: Shipping service unavailable, order not placed..
13:02:07.698 [main] INFO com.iluwatar.commander.Commander - Sorry, there was a problem in creating your order. Please try later.
13:02:07.698 [main] ERROR com.iluwatar.commander.Commander - Order WH9HNIVRZD0P: Shipping service unavailable, order not placed..
13:02:07.698 [main] INFO com.iluwatar.commander.Commander - Sorry, there was a problem in creating your order. Please try later.
13:02:07.698 [main] ERROR com.iluwatar.commander.Commander - Order WH9HNIVRZD0P: Shipping service unavailable, order not placed..
13:02:07.698 [main] INFO com.iluwatar.commander.Commander - Sorry, there was a problem in creating your order. Please try later.
13:02:07.698 [main] ERROR com.iluwatar.commander.Commander - Order WH9HNIVRZD0P: Shipping service unavailable, order not placed..
13:02:07.698 [main] INFO com.iluwatar.commander.Commander - Sorry, there was a problem in creating your order. Please try later.
13:02:07.698 [main] ERROR com.iluwatar.commander.Commander - Order WH9HNIVRZD0P: Shipping service unavailable, order not placed..
13:02:07.698 [main] DEBUG com.iluwatar.commander.Commander - Order 9AQYG9RTB8OU: Error in connecting to shipping service, trying again..
13:02:07.698 [main] INFO com.iluwatar.commander.Commander - Sorry, there was a problem in creating your order. Please try later.
13:02:07.698 [main] ERROR com.iluwatar.commander.Commander - Order 9AQYG9RTB8OU: Shipping service unavailable, order not placed..
13:02:07.698 [main] INFO com.iluwatar.commander.Commander - Order 9AQYG9RTB8OU: Shipping placed successfully, transaction id: WCI59EBEPJ2S
13:02:07.698 [main] INFO com.iluwatar.commander.Commander - Order has been placed and will be shipped to you. Please wait while we make your payment... 
13:02:07.698 [main] INFO com.iluwatar.commander.Commander - Order 9AQYG9RTB8OU: Shipping placed successfully, transaction id: GR15KJ32T247
13:02:07.698 [main] INFO com.iluwatar.commander.Commander - Order has been placed and will be shipped to you. Please wait while we make your payment... 
13:02:07.698 [main] INFO com.iluwatar.commander.Commander - Order 9AQYG9RTB8OU: Shipping placed successfully, transaction id: A3CSNBY97WBE
13:02:07.698 [main] INFO com.iluwatar.commander.Commander - Order has been placed and will be shipped to you. Please wait while we make your payment... 
13:02:07.698 [main] DEBUG com.iluwatar.commander.Commander - Order IHANZ8Z9RUHQ: Error in creating shipping request..
13:02:07.698 [Thread-1907] DEBUG com.iluwatar.commander.Commander - Order 9AQYG9RTB8OU: Error in connecting to payment service, trying again..
13:02:07.698 [Thread-1907] WARN com.iluwatar.commander.Commander - Order 9AQYG9RTB8OU: Payment error, going to queue..
13:02:07.698 [main] INFO com.iluwatar.commander.Commander - Shipping is currently not possible to your address. We are working on the problem and will get back to you asap.
13:02:07.698 [main] INFO com.iluwatar.commander.Commander - Order IHANZ8Z9RUHQ: Shipping not possible to address, trying to add problem to employee db..
13:02:07.698 [Thread-1910] DEBUG com.iluwatar.commander.Commander - Order 9AQYG9RTB8OU: Error in connecting to messaging service (Payment Error msg), trying again..
13:02:07.698 [Thread-1909] DEBUG com.iluwatar.commander.Commander - Order 9AQYG9RTB8OU: Error in connecting to payment service, trying again..
13:02:07.698 [Thread-1909] WARN com.iluwatar.commander.Commander - Order 9AQYG9RTB8OU: Payment error, going to queue..
13:02:07.698 [Thread-1908] DEBUG com.iluwatar.commander.Commander - Order 9AQYG9RTB8OU: Error in connecting to payment service, trying again..
13:02:07.698 [Thread-1908] WARN com.iluwatar.commander.Commander - Order 9AQYG9RTB8OU: Payment error, going to queue..
13:02:07.698 [main] INFO com.iluwatar.commander.Commander - Order IHANZ8Z9RUHQ: Shipping placed successfully, transaction id: TXHFWC5SKTID
13:02:07.698 [main] INFO com.iluwatar.commander.Commander - Order has been placed and will be shipped to you. Please wait while we make your payment... 
13:02:07.699 [Thread-1911] WARN com.iluwatar.commander.Commander - Order IHANZ8Z9RUHQ: Error in connecting to employee handle, trying again..
13:02:07.699 [main] INFO com.iluwatar.commander.Commander - Order IHANZ8Z9RUHQ: Shipping placed successfully, transaction id: PA5WIFC9W67P
13:02:07.699 [main] INFO com.iluwatar.commander.Commander - Order has been placed and will be shipped to you. Please wait while we make your payment... 
13:02:07.699 [Thread-1914] DEBUG com.iluwatar.commander.Commander - Order IHANZ8Z9RUHQ: Error in creating payment request..
13:02:07.699 [Thread-1914] WARN com.iluwatar.commander.Commander - Order IHANZ8Z9RUHQ: Payment error, going to queue..
13:02:07.699 [main] INFO com.iluwatar.commander.Commander - Order IHANZ8Z9RUHQ: Shipping placed successfully, transaction id: UHZKX11R4F8K
13:02:07.699 [main] INFO com.iluwatar.commander.Commander - Order has been placed and will be shipped to you. Please wait while we make your payment... 
13:02:07.699 [Thread-1915] INFO com.iluwatar.commander.Commander - Order IHANZ8Z9RUHQ: Payment successful, transaction Id: ZXHX4G0A03JP
13:02:07.699 [main] INFO com.iluwatar.commander.Commander - Sorry, there was a problem in creating your order. Please try later.
13:02:07.699 [main] ERROR com.iluwatar.commander.Commander - Order 8V9N3A23CTQG: Shipping service unavailable, order not placed..
13:02:07.699 [main] INFO com.iluwatar.commander.Commander - Sorry, there was a problem in creating your order. Please try later.
13:02:07.699 [main] ERROR com.iluwatar.commander.Commander - Order 8V9N3A23CTQG: Shipping service unavailable, order not placed..
13:02:07.699 [main] INFO com.iluwatar.commander.Commander - Sorry, there was a problem in creating your order. Please try later.
13:02:07.699 [main] ERROR com.iluwatar.commander.Commander - Order 8V9N3A23CTQG: Shipping service unavailable, order not placed..
13:02:07.699 [main] INFO com.iluwatar.commander.Commander - Sorry, there was a problem in creating your order. Please try later.
13:02:07.699 [main] ERROR com.iluwatar.commander.Commander - Order 8V9N3A23CTQG: Shipping service unavailable, order not placed..
13:02:07.699 [main] INFO com.iluwatar.commander.Commander - Sorry, there was a problem in creating your order. Please try later.
13:02:07.699 [main] ERROR com.iluwatar.commander.Commander - Order 4M23EW0ZZLUM: Shipping service unavailable, order not placed..
13:02:07.699 [main] INFO com.iluwatar.commander.Commander - Sorry, there was a problem in creating your order. Please try later.
13:02:07.699 [main] ERROR com.iluwatar.commander.Commander - Order 4M23EW0ZZLUM: Shipping service unavailable, order not placed..
13:02:07.699 [main] INFO com.iluwatar.commander.Commander - Sorry, there was a problem in creating your order. Please try later.
13:02:07.699 [main] ERROR com.iluwatar.commander.Commander - Order 4M23EW0ZZLUM: Shipping service unavailable, order not placed..
13:02:07.699 [main] INFO com.iluwatar.commander.Commander - Sorry, there was a problem in creating your order. Please try later.
13:02:07.699 [main] ERROR com.iluwatar.commander.Commander - Order 4M23EW0ZZLUM: Shipping service unavailable, order not placed..
13:02:07.699 [main] DEBUG com.iluwatar.commander.Commander - Order T1SIL7F43E6N: Error in connecting to shipping service, trying again..
13:02:07.699 [main] INFO com.iluwatar.commander.Commander - Sorry, there was a problem in creating your order. Please try later.
13:02:07.699 [main] ERROR com.iluwatar.commander.Commander - Order T1SIL7F43E6N: Shipping service unavailable, order not placed..
13:02:07.699 [main] INFO com.iluwatar.commander.Commander - Order T1SIL7F43E6N: Shipping placed successfully, transaction id: XO0ADU4QN74N
13:02:07.699 [main] INFO com.iluwatar.commander.Commander - Order has been placed and will be shipped to you. Please wait while we make your payment... 
13:02:07.699 [Thread-1913] INFO com.iluwatar.commander.messagingservice.MessagingService - Msg: There was an error in your payment process, we are working on it and will return back to you shortly. Meanwhile, your order has been placed and will be shipped.
13:02:07.699 [Thread-1913] INFO com.iluwatar.commander.Commander - Order 9AQYG9RTB8OU: Payment Error message sent successfully, request Id: IXKFR81BAE0Z
13:02:07.699 [main] INFO com.iluwatar.commander.Commander - Order T1SIL7F43E6N: Shipping placed successfully, transaction id: N8A83KDZSYRN
13:02:07.699 [main] INFO com.iluwatar.commander.Commander - Order has been placed and will be shipped to you. Please wait while we make your payment... 
13:02:07.699 [main] INFO com.iluwatar.commander.Commander - Order T1SIL7F43E6N: Shipping placed successfully, transaction id: TT0SKUNMLR8A
13:02:07.699 [main] INFO com.iluwatar.commander.Commander - Order has been placed and will be shipped to you. Please wait while we make your payment... 
13:02:07.699 [Thread-1920] DEBUG com.iluwatar.commander.Commander - Order T1SIL7F43E6N: Error in connecting to payment service, trying again..
13:02:07.699 [Thread-1920] WARN com.iluwatar.commander.Commander - Order T1SIL7F43E6N: Payment error, going to queue..
13:02:07.699 [Thread-1919] INFO com.iluwatar.commander.Commander - Order T1SIL7F43E6N: Payment successful, transaction Id: IARJSKH5J8Q2
13:02:07.700 [Thread-1918] DEBUG com.iluwatar.commander.Commander - Order IHANZ8Z9RUHQ: Error in creating Payment Success messaging request..
13:02:07.700 [Thread-1918] INFO com.iluwatar.commander.Commander - Order IHANZ8Z9RUHQ: Error in sending Payment Success message, trying to queue task and add to employee handle..
13:02:07.700 [Thread-1923] DEBUG com.iluwatar.commander.Commander - Order T1SIL7F43E6N: Error in connecting to messaging service (Payment Success msg), trying again..
13:02:07.700 [Thread-1924] INFO com.iluwatar.commander.Commander - Order IHANZ8Z9RUHQ: Added order to employee database
13:02:07.700 [main] DEBUG com.iluwatar.commander.Commander - Order 8DW9WXOLEKXS: Error in creating shipping request..
13:02:07.700 [main] INFO com.iluwatar.commander.Commander - This item is currently unavailable. We will inform you as soon as the item becomes available again.
13:02:07.700 [main] INFO com.iluwatar.commander.Commander - Order 8DW9WXOLEKXS: Item pen unavailable, trying to add problem to employee handle..
13:02:07.700 [main] INFO com.iluwatar.commander.Commander - Order 8DW9WXOLEKXS: Shipping placed successfully, transaction id: NWL0CFFTXB89
13:02:07.700 [main] INFO com.iluwatar.commander.Commander - Order has been placed and will be shipped to you. Please wait while we make your payment... 
13:02:07.700 [Thread-1925] WARN com.iluwatar.commander.Commander - Order 8DW9WXOLEKXS: Error in connecting to employee handle, trying again..
13:02:07.700 [main] INFO com.iluwatar.commander.Commander - Order 8DW9WXOLEKXS: Shipping placed successfully, transaction id: R39XMSPT0EYR
13:02:07.700 [Thread-1926] DEBUG com.iluwatar.commander.Commander - Order 8DW9WXOLEKXS: Error in creating payment request..
13:02:07.700 [main] INFO com.iluwatar.commander.Commander - Order has been placed and will be shipped to you. Please wait while we make your payment... 
13:02:07.700 [Thread-1926] WARN com.iluwatar.commander.Commander - Order 8DW9WXOLEKXS: Payment error, going to queue..
13:02:07.700 [Thread-1928] DEBUG com.iluwatar.commander.Commander - Order 8DW9WXOLEKXS: Error in creating Payment Error messaging request..
13:02:07.701 [main] INFO com.iluwatar.commander.Commander - Order 8DW9WXOLEKXS: Shipping placed successfully, transaction id: 0GEP4X7328YR
13:02:07.701 [main] INFO com.iluwatar.commander.Commander - Order has been placed and will be shipped to you. Please wait while we make your payment... 
13:02:07.701 [Thread-1927] INFO com.iluwatar.commander.Commander - Order 8DW9WXOLEKXS: Payment successful, transaction Id: IOIXYSWAT42N
13:02:07.701 [main] INFO com.iluwatar.commander.Commander - Sorry, there was a problem in creating your order. Please try later.
13:02:07.701 [main] ERROR com.iluwatar.commander.Commander - Order 4FUT0JBLPZWV: Shipping service unavailable, order not placed..
13:02:07.701 [main] INFO com.iluwatar.commander.Commander - Sorry, there was a problem in creating your order. Please try later.
13:02:07.701 [main] ERROR com.iluwatar.commander.Commander - Order 4FUT0JBLPZWV: Shipping service unavailable, order not placed..
13:02:07.701 [main] INFO com.iluwatar.commander.Commander - Sorry, there was a problem in creating your order. Please try later.
13:02:07.701 [main] ERROR com.iluwatar.commander.Commander - Order 4FUT0JBLPZWV: Shipping service unavailable, order not placed..
13:02:07.701 [main] INFO com.iluwatar.commander.Commander - Sorry, there was a problem in creating your order. Please try later.
13:02:07.701 [main] ERROR com.iluwatar.commander.Commander - Order 4FUT0JBLPZWV: Shipping service unavailable, order not placed..
13:02:07.701 [main] INFO com.iluwatar.commander.Commander - Sorry, there was a problem in creating your order. Please try later.
13:02:07.701 [main] ERROR com.iluwatar.commander.Commander - Order 0GJKCG3HZ69D: Shipping service unavailable, order not placed..
13:02:07.701 [main] INFO com.iluwatar.commander.Commander - Sorry, there was a problem in creating your order. Please try later.
13:02:07.701 [main] ERROR com.iluwatar.commander.Commander - Order 0GJKCG3HZ69D: Shipping service unavailable, order not placed..
13:02:07.701 [Thread-1930] INFO com.iluwatar.commander.messagingservice.MessagingService - Msg: Your order has been placed and paid for successfully! Thank you for shopping with us!
13:02:07.701 [main] INFO com.iluwatar.commander.Commander - Sorry, there was a problem in creating your order. Please try later.
13:02:07.701 [Thread-1930] INFO com.iluwatar.commander.Commander - Order 8DW9WXOLEKXS: Payment Success message sent, request Id: 3RQEYHMJHCVE
13:02:07.701 [main] ERROR com.iluwatar.commander.Commander - Order 0GJKCG3HZ69D: Shipping service unavailable, order not placed..
13:02:07.701 [main] INFO com.iluwatar.commander.Commander - Sorry, there was a problem in creating your order. Please try later.
13:02:07.701 [main] ERROR com.iluwatar.commander.Commander - Order 0GJKCG3HZ69D: Shipping service unavailable, order not placed..
13:02:07.701 [main] DEBUG com.iluwatar.commander.Commander - Order IBZXT6TEUH9Z: Error in connecting to shipping service, trying again..
13:02:07.701 [main] INFO com.iluwatar.commander.Commander - Sorry, there was a problem in creating your order. Please try later.
13:02:07.701 [main] ERROR com.iluwatar.commander.Commander - Order IBZXT6TEUH9Z: Shipping service unavailable, order not placed..
13:02:07.701 [main] INFO com.iluwatar.commander.Commander - Order IBZXT6TEUH9Z: Shipping placed successfully, transaction id: MFG9RSR9QCH3
13:02:07.701 [main] INFO com.iluwatar.commander.Commander - Order has been placed and will be shipped to you. Please wait while we make your payment... 
13:02:07.701 [main] INFO com.iluwatar.commander.Commander - Order IBZXT6TEUH9Z: Shipping placed successfully, transaction id: B43AIYXYFA5O
13:02:07.701 [main] INFO com.iluwatar.commander.Commander - Order has been placed and will be shipped to you. Please wait while we make your payment... 
13:02:07.701 [Thread-1931] DEBUG com.iluwatar.commander.Commander - Order IBZXT6TEUH9Z: Error in connecting to payment service, trying again..
13:02:07.701 [Thread-1931] WARN com.iluwatar.commander.Commander - Order IBZXT6TEUH9Z: Payment error, going to queue..
13:02:07.701 [main] INFO com.iluwatar.commander.Commander - Order IBZXT6TEUH9Z: Shipping placed successfully, transaction id: V2AUI5QVACIF
13:02:07.701 [main] INFO com.iluwatar.commander.Commander - Order has been placed and will be shipped to you. Please wait while we make your payment... 
13:02:07.701 [Thread-1932] INFO com.iluwatar.commander.Commander - Order IBZXT6TEUH9Z: Payment successful, transaction Id: Z40YDV7S05G5
13:02:07.701 [Thread-1933] DEBUG com.iluwatar.commander.Commander - Order IBZXT6TEUH9Z: Error in connecting to messaging service (Payment Error msg), trying again..
13:02:07.701 [Thread-1935] INFO com.iluwatar.commander.messagingservice.MessagingService - Msg: Your order has been placed and paid for successfully! Thank you for shopping with us!
13:02:07.701 [Thread-1935] INFO com.iluwatar.commander.Commander - Order IBZXT6TEUH9Z: Payment Success message sent, request Id: 8N3B6TKSOUNU
13:02:07.701 [main] DEBUG com.iluwatar.commander.Commander - Order OIZTRYWY98ZZ: Error in creating shipping request..
13:02:07.701 [main] INFO com.iluwatar.commander.Commander - Sorry, there was a problem in creating your order. Please try later.
13:02:07.701 [main] ERROR com.iluwatar.commander.Commander - Order OIZTRYWY98ZZ: Shipping service unavailable, order not placed..
13:02:07.701 [main] INFO com.iluwatar.commander.Commander - Order OIZTRYWY98ZZ: Shipping placed successfully, transaction id: YCKFRE8NY56N
13:02:07.701 [main] INFO com.iluwatar.commander.Commander - Order has been placed and will be shipped to you. Please wait while we make your payment... 
13:02:07.701 [main] INFO com.iluwatar.commander.Commander - Order OIZTRYWY98ZZ: Shipping placed successfully, transaction id: 91EEB31HWG7I
13:02:07.701 [main] INFO com.iluwatar.commander.Commander - Order has been placed and will be shipped to you. Please wait while we make your payment... 
13:02:07.701 [Thread-1936] DEBUG com.iluwatar.commander.Commander - Order OIZTRYWY98ZZ: Error in creating payment request..
13:02:07.701 [Thread-1936] ERROR com.iluwatar.commander.Commander - Order OIZTRYWY98ZZ: Payment details incorrect, failed..
13:02:07.701 [main] INFO com.iluwatar.commander.Commander - Order OIZTRYWY98ZZ: Shipping placed successfully, transaction id: S9CITU1JHPD2
13:02:07.702 [main] INFO com.iluwatar.commander.Commander - Order has been placed and will be shipped to you. Please wait while we make your payment... 
13:02:07.702 [Thread-1938] DEBUG com.iluwatar.commander.Commander - Order OIZTRYWY98ZZ: Error in creating Payment Failure message request..
13:02:07.702 [main] INFO com.iluwatar.commander.Commander - Sorry, there was a problem in creating your order. Please try later.
13:02:07.702 [main] ERROR com.iluwatar.commander.Commander - Order 8FVZFFJZV5NZ: Shipping service unavailable, order not placed..
13:02:07.702 [main] INFO com.iluwatar.commander.Commander - Sorry, there was a problem in creating your order. Please try later.
13:02:07.702 [main] ERROR com.iluwatar.commander.Commander - Order 8FVZFFJZV5NZ: Shipping service unavailable, order not placed..
13:02:07.702 [main] INFO com.iluwatar.commander.Commander - Sorry, there was a problem in creating your order. Please try later.
13:02:07.702 [main] ERROR com.iluwatar.commander.Commander - Order 8FVZFFJZV5NZ: Shipping service unavailable, order not placed..
13:02:07.702 [main] INFO com.iluwatar.commander.Commander - Sorry, there was a problem in creating your order. Please try later.
13:02:07.702 [main] ERROR com.iluwatar.commander.Commander - Order 8FVZFFJZV5NZ: Shipping service unavailable, order not placed..
13:02:07.702 [main] INFO com.iluwatar.commander.Commander - Sorry, there was a problem in creating your order. Please try later.
13:02:07.702 [main] ERROR com.iluwatar.commander.Commander - Order F2ULSDQE35F1: Shipping service unavailable, order not placed..
13:02:07.702 [main] INFO com.iluwatar.commander.Commander - Sorry, there was a problem in creating your order. Please try later.
13:02:07.702 [main] ERROR com.iluwatar.commander.Commander - Order F2ULSDQE35F1: Shipping service unavailable, order not placed..
13:02:07.702 [main] INFO com.iluwatar.commander.Commander - Sorry, there was a problem in creating your order. Please try later.
13:02:07.702 [main] ERROR com.iluwatar.commander.Commander - Order F2ULSDQE35F1: Shipping service unavailable, order not placed..
13:02:07.702 [main] INFO com.iluwatar.commander.Commander - Sorry, there was a problem in creating your order. Please try later.
13:02:07.702 [main] ERROR com.iluwatar.commander.Commander - Order F2ULSDQE35F1: Shipping service unavailable, order not placed..
13:02:07.702 [main] DEBUG com.iluwatar.commander.Commander - Order 3T69386312I5: Error in connecting to shipping service, trying again..
13:02:07.702 [main] INFO com.iluwatar.commander.Commander - Sorry, there was a problem in creating your order. Please try later.
13:02:07.702 [main] ERROR com.iluwatar.commander.Commander - Order 3T69386312I5: Shipping service unavailable, order not placed..
13:02:07.702 [main] INFO com.iluwatar.commander.Commander - Order 3T69386312I5: Shipping placed successfully, transaction id: A0ASHXA0EO8J
13:02:07.702 [main] INFO com.iluwatar.commander.Commander - Order has been placed and will be shipped to you. Please wait while we make your payment... 
13:02:07.702 [main] INFO com.iluwatar.commander.Commander - Order 3T69386312I5: Shipping placed successfully, transaction id: 5NWH7BXTWF5B
13:02:07.702 [main] INFO com.iluwatar.commander.Commander - Order has been placed and will be shipped to you. Please wait while we make your payment... 
13:02:07.702 [main] INFO com.iluwatar.commander.Commander - Order 3T69386312I5: Shipping placed successfully, transaction id: FM10E3Z3BOUU
13:02:07.702 [Thread-1940] DEBUG com.iluwatar.commander.Commander - Order 3T69386312I5: Error in connecting to payment service, trying again..
13:02:07.703 [main] INFO com.iluwatar.commander.Commander - Order has been placed and will be shipped to you. Please wait while we make your payment... 
13:02:07.703 [Thread-1940] WARN com.iluwatar.commander.Commander - Order 3T69386312I5: Payment error, going to queue..
13:02:07.703 [Thread-1941] DEBUG com.iluwatar.commander.Commander - Order 3T69386312I5: Error in connecting to payment service, trying again..
13:02:07.703 [main] DEBUG com.iluwatar.commander.Commander - Order DEBO65AR98BD: Error in creating shipping request..
13:02:07.703 [Thread-1942] INFO com.iluwatar.commander.Commander - Order 3T69386312I5: Payment successful, transaction Id: 7EUBT3BQZ50U
13:02:07.703 [main] INFO com.iluwatar.commander.Commander - Sorry, there was a problem in creating your order. Please try later.
13:02:07.703 [main] ERROR com.iluwatar.commander.Commander - Order DEBO65AR98BD: Shipping service unavailable, order not placed..
13:02:07.703 [Thread-1941] WARN com.iluwatar.commander.Commander - Order 3T69386312I5: Payment error, going to queue..
13:02:07.703 [main] INFO com.iluwatar.commander.Commander - Order DEBO65AR98BD: Shipping placed successfully, transaction id: AOCU7PZOR0F2
13:02:07.703 [main] INFO com.iluwatar.commander.Commander - Order has been placed and will be shipped to you. Please wait while we make your payment... 
13:02:07.703 [Thread-1943] DEBUG com.iluwatar.commander.Commander - Order 3T69386312I5: Error in connecting to messaging service (Payment Error msg), trying again..
13:02:07.703 [Thread-1944] INFO com.iluwatar.commander.messagingservice.MessagingService - Msg: Your order has been placed and paid for successfully! Thank you for shopping with us!
13:02:07.703 [Thread-1944] INFO com.iluwatar.commander.Commander - Order 3T69386312I5: Payment Success message sent, request Id: DKW54ZIP8O2Y
13:02:07.703 [main] INFO com.iluwatar.commander.Commander - Order DEBO65AR98BD: Shipping placed successfully, transaction id: W6OWGEYBL3AR
13:02:07.703 [main] INFO com.iluwatar.commander.Commander - Order has been placed and will be shipped to you. Please wait while we make your payment... 
13:02:07.703 [Thread-1946] DEBUG com.iluwatar.commander.Commander - Order DEBO65AR98BD: Error in creating payment request..
13:02:07.703 [Thread-1946] WARN com.iluwatar.commander.Commander - Order DEBO65AR98BD: Payment error, going to queue..
13:02:07.703 [main] INFO com.iluwatar.commander.Commander - Order DEBO65AR98BD: Shipping placed successfully, transaction id: 8L3M2PEEZ031
13:02:07.703 [main] INFO com.iluwatar.commander.Commander - Order has been placed and will be shipped to you. Please wait while we make your payment... 
13:02:07.703 [Thread-1947] INFO com.iluwatar.commander.Commander - Order DEBO65AR98BD: Payment successful, transaction Id: 58U6ULQKBOWS
13:02:07.703 [main] INFO com.iluwatar.commander.Commander - Sorry, there was a problem in creating your order. Please try later.
13:02:07.703 [main] ERROR com.iluwatar.commander.Commander - Order KMAN76KWOF3E: Shipping service unavailable, order not placed..
13:02:07.703 [main] INFO com.iluwatar.commander.Commander - Sorry, there was a problem in creating your order. Please try later.
13:02:07.703 [main] ERROR com.iluwatar.commander.Commander - Order KMAN76KWOF3E: Shipping service unavailable, order not placed..
13:02:07.703 [main] INFO com.iluwatar.commander.Commander - Sorry, there was a problem in creating your order. Please try later.
13:02:07.703 [main] ERROR com.iluwatar.commander.Commander - Order KMAN76KWOF3E: Shipping service unavailable, order not placed..
13:02:07.703 [main] INFO com.iluwatar.commander.Commander - Sorry, there was a problem in creating your order. Please try later.
13:02:07.703 [main] ERROR com.iluwatar.commander.Commander - Order KMAN76KWOF3E: Shipping service unavailable, order not placed..
13:02:07.703 [main] INFO com.iluwatar.commander.Commander - Sorry, there was a problem in creating your order. Please try later.
13:02:07.703 [main] ERROR com.iluwatar.commander.Commander - Order 457C0SXR0JN2: Shipping service unavailable, order not placed..
13:02:07.703 [Thread-1950] DEBUG com.iluwatar.commander.Commander - Order DEBO65AR98BD: Error in creating Payment Success messaging request..
13:02:07.703 [main] INFO com.iluwatar.commander.Commander - Sorry, there was a problem in creating your order. Please try later.
13:02:07.703 [main] ERROR com.iluwatar.commander.Commander - Order 457C0SXR0JN2: Shipping service unavailable, order not placed..
13:02:07.703 [main] INFO com.iluwatar.commander.Commander - Sorry, there was a problem in creating your order. Please try later.
13:02:07.703 [main] ERROR com.iluwatar.commander.Commander - Order 457C0SXR0JN2: Shipping service unavailable, order not placed..
13:02:07.703 [main] INFO com.iluwatar.commander.Commander - Sorry, there was a problem in creating your order. Please try later.
13:02:07.703 [main] ERROR com.iluwatar.commander.Commander - Order 457C0SXR0JN2: Shipping service unavailable, order not placed..
13:02:07.703 [main] DEBUG com.iluwatar.commander.Commander - Order F7H5878UXOY0: Error in connecting to shipping service, trying again..
13:02:07.703 [main] INFO com.iluwatar.commander.Commander - Sorry, there was a problem in creating your order. Please try later.
13:02:07.703 [main] ERROR com.iluwatar.commander.Commander - Order F7H5878UXOY0: Shipping service unavailable, order not placed..
13:02:07.703 [main] INFO com.iluwatar.commander.Commander - Order F7H5878UXOY0: Shipping placed successfully, transaction id: WN3ZT9JN8A70
13:02:07.703 [main] INFO com.iluwatar.commander.Commander - Order has been placed and will be shipped to you. Please wait while we make your payment... 
13:02:07.703 [main] INFO com.iluwatar.commander.Commander - Order F7H5878UXOY0: Shipping placed successfully, transaction id: KVRKU6LS2XVW
13:02:07.703 [main] INFO com.iluwatar.commander.Commander - Order has been placed and will be shipped to you. Please wait while we make your payment... 
13:02:07.703 [Thread-1951] DEBUG com.iluwatar.commander.Commander - Order F7H5878UXOY0: Error in connecting to payment service, trying again..
13:02:07.703 [Thread-1951] WARN com.iluwatar.commander.Commander - Order F7H5878UXOY0: Payment error, going to queue..
13:02:07.703 [main] INFO com.iluwatar.commander.Commander - Order F7H5878UXOY0: Shipping placed successfully, transaction id: PVYNVHAQ5HDV
13:02:07.703 [main] INFO com.iluwatar.commander.Commander - Order has been placed and will be shipped to you. Please wait while we make your payment... 
13:02:07.703 [Thread-1952] INFO com.iluwatar.commander.Commander - Order F7H5878UXOY0: Payment successful, transaction Id: 5MF248P1KBVZ
13:02:07.703 [Thread-1953] DEBUG com.iluwatar.commander.Commander - Order F7H5878UXOY0: Error in connecting to messaging service (Payment Error msg), trying again..
13:02:07.704 [main] DEBUG com.iluwatar.commander.Commander - Order HQ0UXS01NPFI: Error in connecting to shipping service, trying again..
13:02:07.704 [main] INFO com.iluwatar.commander.Commander - Sorry, there was a problem in creating your order. Please try later.
13:02:07.704 [main] ERROR com.iluwatar.commander.Commander - Order HQ0UXS01NPFI: Shipping service unavailable, order not placed..
13:02:07.704 [main] INFO com.iluwatar.commander.Commander - Order HQ0UXS01NPFI: Shipping placed successfully, transaction id: WFPI1J5RVNPE
13:02:07.704 [main] INFO com.iluwatar.commander.Commander - Order has been placed and will be shipped to you. Please wait while we make your payment... 
13:02:07.704 [Thread-1955] INFO com.iluwatar.commander.messagingservice.MessagingService - Msg: Your order has been placed and paid for successfully! Thank you for shopping with us!
13:02:07.704 [Thread-1955] INFO com.iluwatar.commander.Commander - Order F7H5878UXOY0: Payment Success message sent, request Id: 2WGWQ5MAQBDM
13:02:07.704 [main] INFO com.iluwatar.commander.Commander - Order HQ0UXS01NPFI: Shipping placed successfully, transaction id: SV32LA06BD6J
13:02:07.704 [Thread-1956] DEBUG com.iluwatar.commander.Commander - Order HQ0UXS01NPFI: Error in connecting to payment service, trying again..
13:02:07.704 [Thread-1956] WARN com.iluwatar.commander.Commander - Order HQ0UXS01NPFI: Payment error, going to queue..
13:02:07.704 [main] INFO com.iluwatar.commander.Commander - Order has been placed and will be shipped to you. Please wait while we make your payment... 
13:02:07.704 [Thread-1957] DEBUG com.iluwatar.commander.Commander - Order HQ0UXS01NPFI: Error in connecting to messaging service (Payment Error msg), trying again..
13:02:07.704 [Thread-1957] WARN com.iluwatar.commander.Commander - Order HQ0UXS01NPFI: Error in sending Payment Error message, trying to queue task and add to employee handle..
13:02:07.704 [Thread-1958] INFO com.iluwatar.commander.Commander - Order HQ0UXS01NPFI: Payment successful, transaction Id: SI9TT45DT67Y
13:02:07.704 [main] INFO com.iluwatar.commander.Commander - Order HQ0UXS01NPFI: Shipping placed successfully, transaction id: GZZYW277YFMV
13:02:07.704 [main] INFO com.iluwatar.commander.Commander - Order has been placed and will be shipped to you. Please wait while we make your payment... 
13:02:07.704 [Thread-1959] WARN com.iluwatar.commander.Commander - Order HQ0UXS01NPFI: Error in connecting to employee handle, trying again..
13:02:07.704 [Thread-1960] INFO com.iluwatar.commander.messagingservice.MessagingService - Msg: Your order has been placed and paid for successfully! Thank you for shopping with us!
13:02:07.704 [Thread-1960] INFO com.iluwatar.commander.Commander - Order HQ0UXS01NPFI: Payment Success message sent, request Id: XVAW0EFB0BG0
13:02:07.704 [Thread-1959] WARN com.iluwatar.commander.Commander - Order HQ0UXS01NPFI: Error in adding to employee db, trying to queue task..
13:02:07.704 [main] INFO com.iluwatar.commander.Commander - Sorry, there was a problem in creating your order. Please try later.
13:02:07.704 [main] ERROR com.iluwatar.commander.Commander - Order CJVE4MA8TLNF: Shipping service unavailable, order not placed..
13:02:07.704 [main] INFO com.iluwatar.commander.Commander - Sorry, there was a problem in creating your order. Please try later.
13:02:07.704 [main] ERROR com.iluwatar.commander.Commander - Order CJVE4MA8TLNF: Shipping service unavailable, order not placed..
13:02:07.704 [main] INFO com.iluwatar.commander.Commander - Sorry, there was a problem in creating your order. Please try later.
13:02:07.704 [main] ERROR com.iluwatar.commander.Commander - Order CJVE4MA8TLNF: Shipping service unavailable, order not placed..
13:02:07.704 [main] INFO com.iluwatar.commander.Commander - Sorry, there was a problem in creating your order. Please try later.
13:02:07.704 [main] ERROR com.iluwatar.commander.Commander - Order CJVE4MA8TLNF: Shipping service unavailable, order not placed..
13:02:07.704 [main] INFO com.iluwatar.commander.Commander - Sorry, there was a problem in creating your order. Please try later.
13:02:07.704 [main] ERROR com.iluwatar.commander.Commander - Order 78C0F2V5PITT: Shipping service unavailable, order not placed..
13:02:07.704 [main] INFO com.iluwatar.commander.Commander - Sorry, there was a problem in creating your order. Please try later.
13:02:07.704 [main] ERROR com.iluwatar.commander.Commander - Order 78C0F2V5PITT: Shipping service unavailable, order not placed..
13:02:07.704 [main] INFO com.iluwatar.commander.Commander - Sorry, there was a problem in creating your order. Please try later.
13:02:07.704 [main] ERROR com.iluwatar.commander.Commander - Order 78C0F2V5PITT: Shipping service unavailable, order not placed..
13:02:07.704 [main] INFO com.iluwatar.commander.Commander - Sorry, there was a problem in creating your order. Please try later.
13:02:07.704 [main] ERROR com.iluwatar.commander.Commander - Order 78C0F2V5PITT: Shipping service unavailable, order not placed..
13:02:07.704 [main] DEBUG com.iluwatar.commander.Commander - Order HGZVWFIQ3L3Q: Error in connecting to shipping service, trying again..
13:02:07.704 [main] INFO com.iluwatar.commander.Commander - Sorry, there was a problem in creating your order. Please try later.
13:02:07.704 [main] ERROR com.iluwatar.commander.Commander - Order HGZVWFIQ3L3Q: Shipping service unavailable, order not placed..
13:02:07.704 [main] INFO com.iluwatar.commander.Commander - Order HGZVWFIQ3L3Q: Shipping placed successfully, transaction id: QQHB2VOOUB21
13:02:07.704 [main] INFO com.iluwatar.commander.Commander - Order has been placed and will be shipped to you. Please wait while we make your payment... 
13:02:07.704 [main] INFO com.iluwatar.commander.Commander - Order HGZVWFIQ3L3Q: Shipping placed successfully, transaction id: 9J4W3PIN4FHL
13:02:07.704 [main] INFO com.iluwatar.commander.Commander - Order has been placed and will be shipped to you. Please wait while we make your payment... 
13:02:07.704 [Thread-1962] DEBUG com.iluwatar.commander.Commander - Order HGZVWFIQ3L3Q: Error in connecting to payment service, trying again..
13:02:07.704 [Thread-1962] WARN com.iluwatar.commander.Commander - Order HGZVWFIQ3L3Q: Payment error, going to queue..
13:02:07.705 [main] INFO com.iluwatar.commander.Commander - Order HGZVWFIQ3L3Q: Shipping placed successfully, transaction id: KGQQV1D504RS
13:02:07.705 [main] INFO com.iluwatar.commander.Commander - Order has been placed and will be shipped to you. Please wait while we make your payment... 
13:02:07.705 [Thread-1963] INFO com.iluwatar.commander.Commander - Order HGZVWFIQ3L3Q: Payment successful, transaction Id: Q9XI56SPEA9R
13:02:07.705 [Thread-1964] DEBUG com.iluwatar.commander.Commander - Order HGZVWFIQ3L3Q: Error in connecting to messaging service (Payment Error msg), trying again..
13:02:07.705 [main] DEBUG com.iluwatar.commander.Commander - Order GAHTWXWE0GUU: Error in creating shipping request..
13:02:07.705 [main] INFO com.iluwatar.commander.Commander - Shipping is currently not possible to your address. We are working on the problem and will get back to you asap.
13:02:07.705 [main] INFO com.iluwatar.commander.Commander - Order GAHTWXWE0GUU: Shipping not possible to address, trying to add problem to employee db..
13:02:07.705 [Thread-1966] INFO com.iluwatar.commander.messagingservice.MessagingService - Msg: Your order has been placed and paid for successfully! Thank you for shopping with us!
13:02:07.705 [main] INFO com.iluwatar.commander.Commander - Order GAHTWXWE0GUU: Shipping placed successfully, transaction id: W2YBF1UE05PH
13:02:07.705 [main] INFO com.iluwatar.commander.Commander - Order has been placed and will be shipped to you. Please wait while we make your payment... 
13:02:07.705 [Thread-1966] INFO com.iluwatar.commander.Commander - Order HGZVWFIQ3L3Q: Payment Success message sent, request Id: RAHWF6VU1N04
13:02:07.705 [Thread-1968] DEBUG com.iluwatar.commander.Commander - Order GAHTWXWE0GUU: Error in creating payment request..
13:02:07.705 [Thread-1968] WARN com.iluwatar.commander.Commander - Order GAHTWXWE0GUU: Payment error, going to queue..
13:02:07.705 [main] INFO com.iluwatar.commander.Commander - Order GAHTWXWE0GUU: Shipping placed successfully, transaction id: BYPBMEW5NA2L
13:02:07.705 [main] INFO com.iluwatar.commander.Commander - Order has been placed and will be shipped to you. Please wait while we make your payment... 
13:02:07.705 [Thread-1967] WARN com.iluwatar.commander.Commander - Order GAHTWXWE0GUU: Error in connecting to employee handle, trying again..
13:02:07.705 [Thread-1967] WARN com.iluwatar.commander.Commander - Order GAHTWXWE0GUU: Error in adding to employee db, trying to queue task..
13:02:07.705 [Thread-1969] DEBUG com.iluwatar.commander.Commander - Order GAHTWXWE0GUU: Error in creating Payment Error messaging request..
13:02:07.705 [Thread-1969] WARN com.iluwatar.commander.Commander - Order GAHTWXWE0GUU: Error in sending Payment Error message, trying to queue task and add to employee handle..
13:02:07.705 [main] INFO com.iluwatar.commander.Commander - Order GAHTWXWE0GUU: Shipping placed successfully, transaction id: ZNIU636MRCVM
13:02:07.705 [main] INFO com.iluwatar.commander.Commander - Order has been placed and will be shipped to you. Please wait while we make your payment... 
13:02:07.705 [Thread-1970] INFO com.iluwatar.commander.Commander - Order GAHTWXWE0GUU: Payment successful, transaction Id: W95BJ90JTX70
13:02:07.705 [main] INFO com.iluwatar.commander.Commander - Sorry, there was a problem in creating your order. Please try later.
13:02:07.705 [main] ERROR com.iluwatar.commander.Commander - Order HXH73MWCHECR: Shipping service unavailable, order not placed..
13:02:07.705 [main] INFO com.iluwatar.commander.Commander - Sorry, there was a problem in creating your order. Please try later.
13:02:07.705 [main] ERROR com.iluwatar.commander.Commander - Order HXH73MWCHECR: Shipping service unavailable, order not placed..
13:02:07.705 [main] INFO com.iluwatar.commander.Commander - Sorry, there was a problem in creating your order. Please try later.
13:02:07.705 [main] ERROR com.iluwatar.commander.Commander - Order HXH73MWCHECR: Shipping service unavailable, order not placed..
13:02:07.705 [main] INFO com.iluwatar.commander.Commander - Sorry, there was a problem in creating your order. Please try later.
13:02:07.705 [main] ERROR com.iluwatar.commander.Commander - Order HXH73MWCHECR: Shipping service unavailable, order not placed..
13:02:07.705 [main] INFO com.iluwatar.commander.Commander - Sorry, there was a problem in creating your order. Please try later.
13:02:07.705 [main] ERROR com.iluwatar.commander.Commander - Order Q176QJLZS44P: Shipping service unavailable, order not placed..
13:02:07.705 [Thread-1971] INFO com.iluwatar.commander.Commander - Order GAHTWXWE0GUU: Added order to employee database
13:02:07.705 [main] INFO com.iluwatar.commander.Commander - Sorry, there was a problem in creating your order. Please try later.
13:02:07.705 [main] ERROR com.iluwatar.commander.Commander - Order Q176QJLZS44P: Shipping service unavailable, order not placed..
13:02:07.705 [main] INFO com.iluwatar.commander.Commander - Sorry, there was a problem in creating your order. Please try later.
13:02:07.705 [main] ERROR com.iluwatar.commander.Commander - Order Q176QJLZS44P: Shipping service unavailable, order not placed..
13:02:07.705 [main] INFO com.iluwatar.commander.Commander - Sorry, there was a problem in creating your order. Please try later.
13:02:07.705 [main] ERROR com.iluwatar.commander.Commander - Order Q176QJLZS44P: Shipping service unavailable, order not placed..
13:02:07.705 [main] DEBUG com.iluwatar.commander.Commander - Order X4ED9UQDS87L: Error in connecting to shipping service, trying again..
13:02:07.705 [main] INFO com.iluwatar.commander.Commander - Sorry, there was a problem in creating your order. Please try later.
13:02:07.705 [main] ERROR com.iluwatar.commander.Commander - Order X4ED9UQDS87L: Shipping service unavailable, order not placed..
13:02:07.705 [main] INFO com.iluwatar.commander.Commander - Order X4ED9UQDS87L: Shipping placed successfully, transaction id: AD8YWA2AQ3SA
13:02:07.705 [main] INFO com.iluwatar.commander.Commander - Order has been placed and will be shipped to you. Please wait while we make your payment... 
13:02:07.705 [main] INFO com.iluwatar.commander.Commander - Order X4ED9UQDS87L: Shipping placed successfully, transaction id: 3L0SX0R10UZ4
13:02:07.705 [main] INFO com.iluwatar.commander.Commander - Order has been placed and will be shipped to you. Please wait while we make your payment... 
13:02:07.705 [Thread-1975] DEBUG com.iluwatar.commander.Commander - Order X4ED9UQDS87L: Error in connecting to payment service, trying again..
13:02:07.706 [Thread-1975] WARN com.iluwatar.commander.Commander - Order X4ED9UQDS87L: Payment error, going to queue..
13:02:07.706 [Thread-1974] INFO com.iluwatar.commander.messagingservice.MessagingService - Msg: Your order has been placed and paid for successfully! Thank you for shopping with us!
13:02:07.706 [main] INFO com.iluwatar.commander.Commander - Order X4ED9UQDS87L: Shipping placed successfully, transaction id: 7MI8OTNI1TNA
13:02:07.706 [main] INFO com.iluwatar.commander.Commander - Order has been placed and will be shipped to you. Please wait while we make your payment... 
13:02:07.706 [Thread-1974] INFO com.iluwatar.commander.Commander - Order GAHTWXWE0GUU: Payment Success message sent, request Id: 6UWCZAWLBGZS
13:02:07.706 [Thread-1976] INFO com.iluwatar.commander.Commander - Order X4ED9UQDS87L: Payment successful, transaction Id: F2L9JI3ZA43O
13:02:07.706 [main] DEBUG com.iluwatar.commander.Commander - Order BB88QI773ZJI: Error in creating shipping request..
13:02:07.706 [main] INFO com.iluwatar.commander.Commander - This item is currently unavailable. We will inform you as soon as the item becomes available again.
13:02:07.706 [main] INFO com.iluwatar.commander.Commander - Order BB88QI773ZJI: Item pen unavailable, trying to add problem to employee handle..
13:02:07.706 [main] INFO com.iluwatar.commander.Commander - Order BB88QI773ZJI: Shipping placed successfully, transaction id: HX2BK6WVZX29
13:02:07.706 [main] INFO com.iluwatar.commander.Commander - Order has been placed and will be shipped to you. Please wait while we make your payment... 
13:02:07.706 [Thread-1980] WARN com.iluwatar.commander.Commander - Order BB88QI773ZJI: Error in connecting to employee handle, trying again..
13:02:07.706 [Thread-1980] WARN com.iluwatar.commander.Commander - Order BB88QI773ZJI: Error in adding to employee db, trying to queue task..
13:02:07.706 [Thread-1979] DEBUG com.iluwatar.commander.Commander - Order X4ED9UQDS87L: Error in connecting to messaging service (Payment Success msg), trying again..
13:02:07.706 [Thread-1979] INFO com.iluwatar.commander.Commander - Order X4ED9UQDS87L: Error in sending Payment Success message, trying to queue task and add to employee handle..
13:02:07.706 [Thread-1982] WARN com.iluwatar.commander.Commander - Order X4ED9UQDS87L: Error in connecting to employee handle, trying again..
13:02:07.706 [Thread-1982] WARN com.iluwatar.commander.Commander - Order X4ED9UQDS87L: Error in adding to employee db, trying to queue task..
13:02:07.707 [main] INFO com.iluwatar.commander.Commander - Order BB88QI773ZJI: Shipping placed successfully, transaction id: TKQJQNO7SAQB
13:02:07.707 [main] INFO com.iluwatar.commander.Commander - Order has been placed and will be shipped to you. Please wait while we make your payment... 
13:02:07.707 [Thread-1981] DEBUG com.iluwatar.commander.Commander - Order BB88QI773ZJI: Error in creating payment request..
13:02:07.707 [Thread-1981] WARN com.iluwatar.commander.Commander - Order BB88QI773ZJI: Payment error, going to queue..
13:02:07.707 [Thread-1984] DEBUG com.iluwatar.commander.Commander - Order BB88QI773ZJI: Error in creating Payment Error messaging request..
13:02:07.707 [Thread-1984] WARN com.iluwatar.commander.Commander - Order BB88QI773ZJI: Error in sending Payment Error message, trying to queue task and add to employee handle..
13:02:07.707 [main] INFO com.iluwatar.commander.Commander - Order BB88QI773ZJI: Shipping placed successfully, transaction id: YIU5W4BVWP8Y
13:02:07.707 [main] INFO com.iluwatar.commander.Commander - Order has been placed and will be shipped to you. Please wait while we make your payment... 
13:02:07.707 [Thread-1983] INFO com.iluwatar.commander.Commander - Order BB88QI773ZJI: Payment successful, transaction Id: 9KZD00CHB27B
13:02:07.707 [Thread-1985] INFO com.iluwatar.commander.Commander - Order BB88QI773ZJI: Added order to employee database
13:02:07.707 [Thread-1987] INFO com.iluwatar.commander.messagingservice.MessagingService - Msg: Your order has been placed and paid for successfully! Thank you for shopping with us!
13:02:07.707 [Thread-1987] INFO com.iluwatar.commander.Commander - Order BB88QI773ZJI: Payment Success message sent, request Id: QL7ZYNYK3NN6
13:02:07.707 [main] INFO com.iluwatar.commander.Commander - Sorry, there was a problem in creating your order. Please try later.
13:02:07.707 [main] ERROR com.iluwatar.commander.Commander - Order VXK84G1SPK4Z: Shipping service unavailable, order not placed..
13:02:07.707 [main] INFO com.iluwatar.commander.Commander - Sorry, there was a problem in creating your order. Please try later.
13:02:07.707 [main] ERROR com.iluwatar.commander.Commander - Order VXK84G1SPK4Z: Shipping service unavailable, order not placed..
13:02:07.707 [main] INFO com.iluwatar.commander.Commander - Sorry, there was a problem in creating your order. Please try later.
13:02:07.707 [main] ERROR com.iluwatar.commander.Commander - Order VXK84G1SPK4Z: Shipping service unavailable, order not placed..
13:02:07.707 [main] INFO com.iluwatar.commander.Commander - Sorry, there was a problem in creating your order. Please try later.
13:02:07.707 [main] ERROR com.iluwatar.commander.Commander - Order VXK84G1SPK4Z: Shipping service unavailable, order not placed..
13:02:07.707 [main] INFO com.iluwatar.commander.Commander - Sorry, there was a problem in creating your order. Please try later.
13:02:07.707 [main] ERROR com.iluwatar.commander.Commander - Order YLFDDH2DQH4N: Shipping service unavailable, order not placed..
13:02:07.707 [main] INFO com.iluwatar.commander.Commander - Sorry, there was a problem in creating your order. Please try later.
13:02:07.707 [main] ERROR com.iluwatar.commander.Commander - Order YLFDDH2DQH4N: Shipping service unavailable, order not placed..
13:02:07.707 [main] INFO com.iluwatar.commander.Commander - Sorry, there was a problem in creating your order. Please try later.
13:02:07.707 [main] ERROR com.iluwatar.commander.Commander - Order YLFDDH2DQH4N: Shipping service unavailable, order not placed..
13:02:07.707 [main] INFO com.iluwatar.commander.Commander - Sorry, there was a problem in creating your order. Please try later.
13:02:07.707 [main] ERROR com.iluwatar.commander.Commander - Order YLFDDH2DQH4N: Shipping service unavailable, order not placed..
13:02:07.707 [main] DEBUG com.iluwatar.commander.Commander - Order 88KFCJWRX3MI: Error in connecting to shipping service, trying again..
13:02:07.707 [main] INFO com.iluwatar.commander.Commander - Sorry, there was a problem in creating your order. Please try later.
13:02:07.707 [main] ERROR com.iluwatar.commander.Commander - Order 88KFCJWRX3MI: Shipping service unavailable, order not placed..
13:02:07.707 [main] INFO com.iluwatar.commander.Commander - Order 88KFCJWRX3MI: Shipping placed successfully, transaction id: 7QLP3VF72UW3
13:02:07.707 [main] INFO com.iluwatar.commander.Commander - Order has been placed and will be shipped to you. Please wait while we make your payment... 
13:02:07.707 [main] INFO com.iluwatar.commander.Commander - Order 88KFCJWRX3MI: Shipping placed successfully, transaction id: 6KD2C2YRWQKN
13:02:07.707 [main] INFO com.iluwatar.commander.Commander - Order has been placed and will be shipped to you. Please wait while we make your payment... 
13:02:07.707 [Thread-1988] DEBUG com.iluwatar.commander.Commander - Order 88KFCJWRX3MI: Error in connecting to payment service, trying again..
13:02:07.707 [Thread-1988] WARN com.iluwatar.commander.Commander - Order 88KFCJWRX3MI: Payment error, going to queue..
13:02:07.707 [main] INFO com.iluwatar.commander.Commander - Order 88KFCJWRX3MI: Shipping placed successfully, transaction id: AWFGW3WIEDY7
13:02:07.707 [main] INFO com.iluwatar.commander.Commander - Order has been placed and will be shipped to you. Please wait while we make your payment... 
13:02:07.707 [Thread-1989] INFO com.iluwatar.commander.Commander - Order 88KFCJWRX3MI: Payment successful, transaction Id: HD3WG58U98ZZ
13:02:07.707 [Thread-1990] DEBUG com.iluwatar.commander.Commander - Order 88KFCJWRX3MI: Error in connecting to messaging service (Payment Error msg), trying again..
13:02:07.707 [Thread-1992] INFO com.iluwatar.commander.messagingservice.MessagingService - Msg: Your order has been placed and paid for successfully! Thank you for shopping with us!
13:02:07.707 [Thread-1992] INFO com.iluwatar.commander.Commander - Order 88KFCJWRX3MI: Payment Success message sent, request Id: MRPYV311PXFG
13:02:07.707 [main] DEBUG com.iluwatar.commander.Commander - Order JA89NAZEK5DL: Error in creating shipping request..
13:02:07.707 [main] INFO com.iluwatar.commander.Commander - Sorry, there was a problem in creating your order. Please try later.
13:02:07.707 [main] ERROR com.iluwatar.commander.Commander - Order JA89NAZEK5DL: Shipping service unavailable, order not placed..
13:02:07.707 [main] INFO com.iluwatar.commander.Commander - Order JA89NAZEK5DL: Shipping placed successfully, transaction id: 5SEZP50Q7ACE
13:02:07.707 [main] INFO com.iluwatar.commander.Commander - Order has been placed and will be shipped to you. Please wait while we make your payment... 
13:02:07.707 [main] INFO com.iluwatar.commander.Commander - Order JA89NAZEK5DL: Shipping placed successfully, transaction id: 9LLYMLMCS2Q9
13:02:07.707 [main] INFO com.iluwatar.commander.Commander - Order has been placed and will be shipped to you. Please wait while we make your payment... 
13:02:07.707 [Thread-1993] DEBUG com.iluwatar.commander.Commander - Order JA89NAZEK5DL: Error in creating payment request..
13:02:07.707 [Thread-1993] ERROR com.iluwatar.commander.Commander - Order JA89NAZEK5DL: Payment details incorrect, failed..
13:02:07.707 [main] INFO com.iluwatar.commander.Commander - Order JA89NAZEK5DL: Shipping placed successfully, transaction id: WMJO9ERVU7ES
13:02:07.707 [main] INFO com.iluwatar.commander.Commander - Order has been placed and will be shipped to you. Please wait while we make your payment... 
13:02:07.707 [Thread-1995] DEBUG com.iluwatar.commander.Commander - Order JA89NAZEK5DL: Error in creating Payment Failure message request..
13:02:07.707 [Thread-1995] WARN com.iluwatar.commander.Commander - Order JA89NAZEK5DL: Error in sending Payment Failure message, trying to queue task and add to employee handle..
13:02:07.707 [main] INFO com.iluwatar.commander.Commander - Sorry, there was a problem in creating your order. Please try later.
13:02:07.707 [main] ERROR com.iluwatar.commander.Commander - Order BMLGCMS00DIW: Shipping service unavailable, order not placed..
13:02:07.708 [main] INFO com.iluwatar.commander.Commander - Sorry, there was a problem in creating your order. Please try later.
13:02:07.708 [main] ERROR com.iluwatar.commander.Commander - Order BMLGCMS00DIW: Shipping service unavailable, order not placed..
13:02:07.708 [main] INFO com.iluwatar.commander.Commander - Sorry, there was a problem in creating your order. Please try later.
13:02:07.708 [main] ERROR com.iluwatar.commander.Commander - Order BMLGCMS00DIW: Shipping service unavailable, order not placed..
13:02:07.708 [Thread-1997] WARN com.iluwatar.commander.Commander - Order JA89NAZEK5DL: Error in connecting to employee handle, trying again..
13:02:07.708 [main] INFO com.iluwatar.commander.Commander - Sorry, there was a problem in creating your order. Please try later.
13:02:07.708 [main] ERROR com.iluwatar.commander.Commander - Order BMLGCMS00DIW: Shipping service unavailable, order not placed..
13:02:07.708 [Thread-1997] WARN com.iluwatar.commander.Commander - Order JA89NAZEK5DL: Error in adding to employee db, trying to queue task..
13:02:07.708 [main] INFO com.iluwatar.commander.Commander - Sorry, there was a problem in creating your order. Please try later.
13:02:07.708 [main] ERROR com.iluwatar.commander.Commander - Order U4K0WY4TAFEB: Shipping service unavailable, order not placed..
13:02:07.708 [main] INFO com.iluwatar.commander.Commander - Sorry, there was a problem in creating your order. Please try later.
13:02:07.708 [main] ERROR com.iluwatar.commander.Commander - Order U4K0WY4TAFEB: Shipping service unavailable, order not placed..
13:02:07.708 [main] INFO com.iluwatar.commander.Commander - Sorry, there was a problem in creating your order. Please try later.
13:02:07.708 [main] ERROR com.iluwatar.commander.Commander - Order U4K0WY4TAFEB: Shipping service unavailable, order not placed..
13:02:07.708 [main] INFO com.iluwatar.commander.Commander - Sorry, there was a problem in creating your order. Please try later.
13:02:07.708 [main] ERROR com.iluwatar.commander.Commander - Order U4K0WY4TAFEB: Shipping service unavailable, order not placed..
13:02:07.708 [main] DEBUG com.iluwatar.commander.Commander - Order XQBHG443I3ZU: Error in connecting to shipping service, trying again..
13:02:07.708 [main] INFO com.iluwatar.commander.Commander - Sorry, there was a problem in creating your order. Please try later.
13:02:07.708 [main] ERROR com.iluwatar.commander.Commander - Order XQBHG443I3ZU: Shipping service unavailable, order not placed..
13:02:07.708 [main] INFO com.iluwatar.commander.Commander - Order XQBHG443I3ZU: Shipping placed successfully, transaction id: BAZ29MWNW2A3
13:02:07.708 [main] INFO com.iluwatar.commander.Commander - Order has been placed and will be shipped to you. Please wait while we make your payment... 
13:02:07.708 [main] INFO com.iluwatar.commander.Commander - Order XQBHG443I3ZU: Shipping placed successfully, transaction id: 09WEHACCR11O
13:02:07.708 [main] INFO com.iluwatar.commander.Commander - Order has been placed and will be shipped to you. Please wait while we make your payment... 
13:02:07.708 [Thread-1998] DEBUG com.iluwatar.commander.Commander - Order XQBHG443I3ZU: Error in connecting to payment service, trying again..
13:02:07.708 [Thread-1998] WARN com.iluwatar.commander.Commander - Order XQBHG443I3ZU: Payment error, going to queue..
13:02:07.708 [main] INFO com.iluwatar.commander.Commander - Order XQBHG443I3ZU: Shipping placed successfully, transaction id: GA42S0K6SDTI
13:02:07.708 [main] INFO com.iluwatar.commander.Commander - Order has been placed and will be shipped to you. Please wait while we make your payment... 
13:02:07.708 [Thread-1999] INFO com.iluwatar.commander.Commander - Order XQBHG443I3ZU: Payment successful, transaction Id: 092ZQ04U4K0B
13:02:07.708 [Thread-2000] DEBUG com.iluwatar.commander.Commander - Order XQBHG443I3ZU: Error in connecting to messaging service (Payment Error msg), trying again..
13:02:07.708 [main] DEBUG com.iluwatar.commander.Commander - Order MBR6L9SCWYMM: Error in creating shipping request..
13:02:07.708 [main] INFO com.iluwatar.commander.Commander - Sorry, there was a problem in creating your order. Please try later.
13:02:07.708 [main] ERROR com.iluwatar.commander.Commander - Order MBR6L9SCWYMM: Shipping service unavailable, order not placed..
13:02:07.708 [main] INFO com.iluwatar.commander.Commander - Order MBR6L9SCWYMM: Shipping placed successfully, transaction id: 1AJCATT7PN1D
13:02:07.708 [main] INFO com.iluwatar.commander.Commander - Order has been placed and will be shipped to you. Please wait while we make your payment... 
13:02:07.708 [Thread-2002] INFO com.iluwatar.commander.messagingservice.MessagingService - Msg: Your order has been placed and paid for successfully! Thank you for shopping with us!
13:02:07.708 [Thread-2002] INFO com.iluwatar.commander.Commander - Order XQBHG443I3ZU: Payment Success message sent, request Id: JTWY6YRP39KB
13:02:07.708 [main] INFO com.iluwatar.commander.Commander - Order MBR6L9SCWYMM: Shipping placed successfully, transaction id: I7PG03U7I762
13:02:07.708 [main] INFO com.iluwatar.commander.Commander - Order has been placed and will be shipped to you. Please wait while we make your payment... 
13:02:07.708 [Thread-2003] DEBUG com.iluwatar.commander.Commander - Order MBR6L9SCWYMM: Error in creating payment request..
13:02:07.708 [Thread-2003] WARN com.iluwatar.commander.Commander - Order MBR6L9SCWYMM: Payment error, going to queue..
13:02:07.708 [main] INFO com.iluwatar.commander.Commander - Order MBR6L9SCWYMM: Shipping placed successfully, transaction id: PJ0HMAVBFF4W
13:02:07.708 [main] INFO com.iluwatar.commander.Commander - Order has been placed and will be shipped to you. Please wait while we make your payment... 
13:02:07.708 [Thread-2004] INFO com.iluwatar.commander.Commander - Order MBR6L9SCWYMM: Payment successful, transaction Id: 9XGNJQMZXHFP
13:02:07.708 [main] INFO com.iluwatar.commander.Commander - Sorry, there was a problem in creating your order. Please try later.
13:02:07.708 [main] ERROR com.iluwatar.commander.Commander - Order 36HDYRC7D57F: Shipping service unavailable, order not placed..
13:02:07.708 [main] INFO com.iluwatar.commander.Commander - Sorry, there was a problem in creating your order. Please try later.
13:02:07.708 [main] ERROR com.iluwatar.commander.Commander - Order 36HDYRC7D57F: Shipping service unavailable, order not placed..
13:02:07.708 [main] INFO com.iluwatar.commander.Commander - Sorry, there was a problem in creating your order. Please try later.
13:02:07.708 [main] ERROR com.iluwatar.commander.Commander - Order 36HDYRC7D57F: Shipping service unavailable, order not placed..
13:02:07.708 [main] INFO com.iluwatar.commander.Commander - Sorry, there was a problem in creating your order. Please try later.
13:02:07.708 [main] ERROR com.iluwatar.commander.Commander - Order 36HDYRC7D57F: Shipping service unavailable, order not placed..
13:02:07.708 [Thread-2005] DEBUG com.iluwatar.commander.Commander - Order MBR6L9SCWYMM: Error in creating Payment Error messaging request..
13:02:07.708 [main] INFO com.iluwatar.commander.Commander - Sorry, there was a problem in creating your order. Please try later.
13:02:07.708 [main] ERROR com.iluwatar.commander.Commander - Order 4KW3R2IR6P1R: Shipping service unavailable, order not placed..
13:02:07.708 [main] INFO com.iluwatar.commander.Commander - Sorry, there was a problem in creating your order. Please try later.
13:02:07.708 [main] ERROR com.iluwatar.commander.Commander - Order 4KW3R2IR6P1R: Shipping service unavailable, order not placed..
13:02:07.708 [main] INFO com.iluwatar.commander.Commander - Sorry, there was a problem in creating your order. Please try later.
13:02:07.708 [main] ERROR com.iluwatar.commander.Commander - Order 4KW3R2IR6P1R: Shipping service unavailable, order not placed..
13:02:07.708 [main] INFO com.iluwatar.commander.Commander - Sorry, there was a problem in creating your order. Please try later.
13:02:07.708 [main] ERROR com.iluwatar.commander.Commander - Order 4KW3R2IR6P1R: Shipping service unavailable, order not placed..
13:02:07.708 [main] DEBUG com.iluwatar.commander.Commander - Order ILS1YOOCSVQY: Error in connecting to shipping service, trying again..
13:02:07.708 [main] INFO com.iluwatar.commander.Commander - Sorry, there was a problem in creating your order. Please try later.
13:02:07.708 [main] ERROR com.iluwatar.commander.Commander - Order ILS1YOOCSVQY: Shipping service unavailable, order not placed..
13:02:07.708 [main] INFO com.iluwatar.commander.Commander - Order ILS1YOOCSVQY: Shipping placed successfully, transaction id: OVKP19Q5NC0E
13:02:07.708 [main] INFO com.iluwatar.commander.Commander - Order has been placed and will be shipped to you. Please wait while we make your payment... 
13:02:07.708 [Thread-2007] INFO com.iluwatar.commander.messagingservice.MessagingService - Msg: Your order has been placed and paid for successfully! Thank you for shopping with us!
13:02:07.708 [Thread-2007] INFO com.iluwatar.commander.Commander - Order MBR6L9SCWYMM: Payment Success message sent, request Id: VB64YCG67ET0
13:02:07.708 [main] INFO com.iluwatar.commander.Commander - Order ILS1YOOCSVQY: Shipping placed successfully, transaction id: JURNPP8NTNUY
13:02:07.708 [main] INFO com.iluwatar.commander.Commander - Order has been placed and will be shipped to you. Please wait while we make your payment... 
13:02:07.708 [main] INFO com.iluwatar.commander.Commander - Order ILS1YOOCSVQY: Shipping placed successfully, transaction id: MQH02D2O952T
13:02:07.708 [main] INFO com.iluwatar.commander.Commander - Order has been placed and will be shipped to you. Please wait while we make your payment... 
13:02:07.708 [main] DEBUG com.iluwatar.commander.Commander - Order VANROYOZRNEW: Error in connecting to shipping service, trying again..
13:02:07.708 [main] INFO com.iluwatar.commander.Commander - Sorry, there was a problem in creating your order. Please try later.
13:02:07.708 [main] ERROR com.iluwatar.commander.Commander - Order VANROYOZRNEW: Shipping service unavailable, order not placed..
13:02:07.708 [Thread-2009] DEBUG com.iluwatar.commander.Commander - Order ILS1YOOCSVQY: Error in connecting to payment service, trying again..
13:02:07.708 [Thread-2008] DEBUG com.iluwatar.commander.Commander - Order ILS1YOOCSVQY: Error in connecting to payment service, trying again..
13:02:07.708 [main] INFO com.iluwatar.commander.Commander - Order VANROYOZRNEW: Shipping placed successfully, transaction id: VSGNA68D460C
13:02:07.708 [Thread-2009] WARN com.iluwatar.commander.Commander - Order ILS1YOOCSVQY: Payment error, going to queue..
13:02:07.708 [Thread-2010] DEBUG com.iluwatar.commander.Commander - Order ILS1YOOCSVQY: Error in connecting to payment service, trying again..
13:02:07.708 [Thread-2010] WARN com.iluwatar.commander.Commander - Order ILS1YOOCSVQY: Payment error, going to queue..
13:02:07.708 [main] INFO com.iluwatar.commander.Commander - Order has been placed and will be shipped to you. Please wait while we make your payment... 
13:02:07.708 [Thread-2008] WARN com.iluwatar.commander.Commander - Order ILS1YOOCSVQY: Payment error, going to queue..
13:02:07.709 [Thread-2011] DEBUG com.iluwatar.commander.Commander - Order ILS1YOOCSVQY: Error in connecting to messaging service (Payment Error msg), trying again..
13:02:07.709 [Thread-2011] WARN com.iluwatar.commander.Commander - Order ILS1YOOCSVQY: Error in sending Payment Error message, trying to queue task and add to employee handle..
13:02:07.709 [main] INFO com.iluwatar.commander.Commander - Order VANROYOZRNEW: Shipping placed successfully, transaction id: ILJWFR5YN6EQ
13:02:07.709 [Thread-2012] WARN com.iluwatar.commander.Commander - Order ILS1YOOCSVQY: Error in sending Payment Error message, trying to queue task and add to employee handle..
13:02:07.709 [main] INFO com.iluwatar.commander.Commander - Order has been placed and will be shipped to you. Please wait while we make your payment... 
13:02:07.709 [Thread-2013] DEBUG com.iluwatar.commander.Commander - Order VANROYOZRNEW: Error in connecting to payment service, trying again..
13:02:07.709 [Thread-2013] WARN com.iluwatar.commander.Commander - Order VANROYOZRNEW: Payment error, going to queue..
13:02:07.709 [Thread-2014] INFO com.iluwatar.commander.messagingservice.MessagingService - Msg: There was an error in your payment process, we are working on it and will return back to you shortly. Meanwhile, your order has been placed and will be shipped.
13:02:07.709 [Thread-2014] INFO com.iluwatar.commander.Commander - Order ILS1YOOCSVQY: Payment Error message sent successfully, request Id: ACUVMMQB2058
13:02:07.709 [main] INFO com.iluwatar.commander.Commander - Order VANROYOZRNEW: Shipping placed successfully, transaction id: LDHH0U4X1BKU
13:02:07.709 [Thread-2017] INFO com.iluwatar.commander.Commander - Order VANROYOZRNEW: Payment successful, transaction Id: TS28T58105E0
13:02:07.709 [main] INFO com.iluwatar.commander.Commander - Order has been placed and will be shipped to you. Please wait while we make your payment... 
13:02:07.711 [Thread-2016] WARN com.iluwatar.commander.Commander - Order ILS1YOOCSVQY: Error in connecting to employee handle, trying again..
13:02:07.712 [Thread-2015] WARN com.iluwatar.commander.Commander - Order ILS1YOOCSVQY: Error in connecting to employee handle, trying again..
13:02:07.712 [Thread-2019] DEBUG com.iluwatar.commander.Commander - Order VANROYOZRNEW: Error in connecting to messaging service (Payment Success msg), trying again..
13:02:07.712 [main] INFO com.iluwatar.commander.Commander - Sorry, there was a problem in creating your order. Please try later.
13:02:07.712 [main] ERROR com.iluwatar.commander.Commander - Order M7RM6649T3HY: Shipping service unavailable, order not placed..
13:02:07.712 [Thread-2019] INFO com.iluwatar.commander.Commander - Order VANROYOZRNEW: Error in sending Payment Success message, trying to queue task and add to employee handle..
13:02:07.712 [main] INFO com.iluwatar.commander.Commander - Sorry, there was a problem in creating your order. Please try later.
13:02:07.712 [main] ERROR com.iluwatar.commander.Commander - Order M7RM6649T3HY: Shipping service unavailable, order not placed..
13:02:07.712 [main] INFO com.iluwatar.commander.Commander - Sorry, there was a problem in creating your order. Please try later.
13:02:07.712 [main] ERROR com.iluwatar.commander.Commander - Order M7RM6649T3HY: Shipping service unavailable, order not placed..
13:02:07.712 [main] INFO com.iluwatar.commander.Commander - Sorry, there was a problem in creating your order. Please try later.
13:02:07.712 [main] ERROR com.iluwatar.commander.Commander - Order M7RM6649T3HY: Shipping service unavailable, order not placed..
13:02:07.712 [main] INFO com.iluwatar.commander.Commander - Sorry, there was a problem in creating your order. Please try later.
13:02:07.712 [main] ERROR com.iluwatar.commander.Commander - Order 87AV2ARF1L1M: Shipping service unavailable, order not placed..
13:02:07.712 [main] INFO com.iluwatar.commander.Commander - Sorry, there was a problem in creating your order. Please try later.
13:02:07.712 [main] ERROR com.iluwatar.commander.Commander - Order 87AV2ARF1L1M: Shipping service unavailable, order not placed..
13:02:07.712 [main] INFO com.iluwatar.commander.Commander - Sorry, there was a problem in creating your order. Please try later.
13:02:07.712 [main] ERROR com.iluwatar.commander.Commander - Order 87AV2ARF1L1M: Shipping service unavailable, order not placed..
13:02:07.712 [main] INFO com.iluwatar.commander.Commander - Sorry, there was a problem in creating your order. Please try later.
13:02:07.712 [main] ERROR com.iluwatar.commander.Commander - Order 87AV2ARF1L1M: Shipping service unavailable, order not placed..
13:02:07.712 [main] DEBUG com.iluwatar.commander.Commander - Order DTN1JXEEK7ZX: Error in connecting to shipping service, trying again..
13:02:07.712 [main] INFO com.iluwatar.commander.Commander - Sorry, there was a problem in creating your order. Please try later.
13:02:07.712 [main] ERROR com.iluwatar.commander.Commander - Order DTN1JXEEK7ZX: Shipping service unavailable, order not placed..
13:02:07.712 [main] INFO com.iluwatar.commander.Commander - Order DTN1JXEEK7ZX: Shipping placed successfully, transaction id: HG6VW5VR378P
13:02:07.712 [main] INFO com.iluwatar.commander.Commander - Order has been placed and will be shipped to you. Please wait while we make your payment... 
13:02:07.712 [main] INFO com.iluwatar.commander.Commander - Order DTN1JXEEK7ZX: Shipping placed successfully, transaction id: LJZXE8VRZVEK
13:02:07.712 [main] INFO com.iluwatar.commander.Commander - Order has been placed and will be shipped to you. Please wait while we make your payment... 
13:02:07.712 [Thread-2021] DEBUG com.iluwatar.commander.Commander - Order DTN1JXEEK7ZX: Error in connecting to payment service, trying again..
13:02:07.712 [Thread-2021] WARN com.iluwatar.commander.Commander - Order DTN1JXEEK7ZX: Payment error, going to queue..
13:02:07.712 [main] INFO com.iluwatar.commander.Commander - Order DTN1JXEEK7ZX: Shipping placed successfully, transaction id: 1UPWZ9IKL9TG
13:02:07.712 [main] INFO com.iluwatar.commander.Commander - Order has been placed and will be shipped to you. Please wait while we make your payment... 
13:02:07.712 [Thread-2022] INFO com.iluwatar.commander.Commander - Order DTN1JXEEK7ZX: Payment successful, transaction Id: 24VK8B77ZPUU
13:02:07.712 [Thread-2023] DEBUG com.iluwatar.commander.Commander - Order DTN1JXEEK7ZX: Error in connecting to messaging service (Payment Error msg), trying again..
13:02:07.712 [Thread-2025] INFO com.iluwatar.commander.messagingservice.MessagingService - Msg: Your order has been placed and paid for successfully! Thank you for shopping with us!
13:02:07.712 [Thread-2025] INFO com.iluwatar.commander.Commander - Order DTN1JXEEK7ZX: Payment Success message sent, request Id: DNQ4UN9WYWTH
13:02:07.712 [main] DEBUG com.iluwatar.commander.Commander - Order W20YMO3Z8U1W: Error in creating shipping request..
13:02:07.712 [main] INFO com.iluwatar.commander.Commander - Shipping is currently not possible to your address. We are working on the problem and will get back to you asap.
13:02:07.712 [main] INFO com.iluwatar.commander.Commander - Order W20YMO3Z8U1W: Shipping not possible to address, trying to add problem to employee db..
13:02:07.712 [main] INFO com.iluwatar.commander.Commander - Order W20YMO3Z8U1W: Shipping placed successfully, transaction id: 5M834NQO16B6
13:02:07.712 [main] INFO com.iluwatar.commander.Commander - Order has been placed and will be shipped to you. Please wait while we make your payment... 
13:02:07.712 [Thread-2026] WARN com.iluwatar.commander.Commander - Order W20YMO3Z8U1W: Error in connecting to employee handle, trying again..
13:02:07.712 [Thread-2026] WARN com.iluwatar.commander.Commander - Order W20YMO3Z8U1W: Error in adding to employee db, trying to queue task..
13:02:07.712 [main] INFO com.iluwatar.commander.Commander - Order W20YMO3Z8U1W: Shipping placed successfully, transaction id: TLSXRGKE0KOF
13:02:07.712 [main] INFO com.iluwatar.commander.Commander - Order has been placed and will be shipped to you. Please wait while we make your payment... 
13:02:07.712 [Thread-2027] DEBUG com.iluwatar.commander.Commander - Order W20YMO3Z8U1W: Error in creating payment request..
13:02:07.712 [Thread-2027] WARN com.iluwatar.commander.Commander - Order W20YMO3Z8U1W: Payment error, going to queue..
13:02:07.712 [main] INFO com.iluwatar.commander.Commander - Order W20YMO3Z8U1W: Shipping placed successfully, transaction id: WJ6HA57VXYPK
13:02:07.712 [main] INFO com.iluwatar.commander.Commander - Order has been placed and will be shipped to you. Please wait while we make your payment... 
13:02:07.712 [Thread-2028] INFO com.iluwatar.commander.Commander - Order W20YMO3Z8U1W: Payment successful, transaction Id: WZ5I4XJ8BIE9
13:02:07.712 [Thread-2029] DEBUG com.iluwatar.commander.Commander - Order W20YMO3Z8U1W: Error in creating Payment Error messaging request..
13:02:07.712 [main] INFO com.iluwatar.commander.Commander - Sorry, there was a problem in creating your order. Please try later.
13:02:07.712 [main] ERROR com.iluwatar.commander.Commander - Order U53MMG0L71UK: Shipping service unavailable, order not placed..
13:02:07.712 [main] INFO com.iluwatar.commander.Commander - Sorry, there was a problem in creating your order. Please try later.
13:02:07.712 [main] ERROR com.iluwatar.commander.Commander - Order U53MMG0L71UK: Shipping service unavailable, order not placed..
13:02:07.712 [Thread-2031] INFO com.iluwatar.commander.messagingservice.MessagingService - Msg: Your order has been placed and paid for successfully! Thank you for shopping with us!
13:02:07.712 [Thread-2031] INFO com.iluwatar.commander.Commander - Order W20YMO3Z8U1W: Payment Success message sent, request Id: 1QK0YAFCYA4C
13:02:07.712 [main] INFO com.iluwatar.commander.Commander - Sorry, there was a problem in creating your order. Please try later.
13:02:07.712 [main] ERROR com.iluwatar.commander.Commander - Order U53MMG0L71UK: Shipping service unavailable, order not placed..
13:02:07.712 [main] INFO com.iluwatar.commander.Commander - Sorry, there was a problem in creating your order. Please try later.
13:02:07.712 [main] ERROR com.iluwatar.commander.Commander - Order U53MMG0L71UK: Shipping service unavailable, order not placed..
13:02:07.712 [main] INFO com.iluwatar.commander.Commander - Sorry, there was a problem in creating your order. Please try later.
13:02:07.712 [main] ERROR com.iluwatar.commander.Commander - Order P0RRWEA7OXCZ: Shipping service unavailable, order not placed..
13:02:07.712 [main] INFO com.iluwatar.commander.Commander - Sorry, there was a problem in creating your order. Please try later.
13:02:07.712 [main] ERROR com.iluwatar.commander.Commander - Order P0RRWEA7OXCZ: Shipping service unavailable, order not placed..
13:02:07.712 [main] INFO com.iluwatar.commander.Commander - Sorry, there was a problem in creating your order. Please try later.
13:02:07.712 [main] ERROR com.iluwatar.commander.Commander - Order P0RRWEA7OXCZ: Shipping service unavailable, order not placed..
13:02:07.712 [main] INFO com.iluwatar.commander.Commander - Sorry, there was a problem in creating your order. Please try later.
13:02:07.712 [main] ERROR com.iluwatar.commander.Commander - Order P0RRWEA7OXCZ: Shipping service unavailable, order not placed..
13:02:07.712 [main] DEBUG com.iluwatar.commander.Commander - Order 2ABY4VJ1YACZ: Error in connecting to shipping service, trying again..
13:02:07.712 [main] INFO com.iluwatar.commander.Commander - Sorry, there was a problem in creating your order. Please try later.
13:02:07.712 [main] ERROR com.iluwatar.commander.Commander - Order 2ABY4VJ1YACZ: Shipping service unavailable, order not placed..
13:02:07.712 [main] INFO com.iluwatar.commander.Commander - Order 2ABY4VJ1YACZ: Shipping placed successfully, transaction id: YN1H7Z755UWJ
13:02:07.712 [main] INFO com.iluwatar.commander.Commander - Order has been placed and will be shipped to you. Please wait while we make your payment... 
13:02:07.712 [Thread-2032] DEBUG com.iluwatar.commander.Commander - Order 2ABY4VJ1YACZ: Error in connecting to payment service, trying again..
13:02:07.712 [main] INFO com.iluwatar.commander.Commander - Order 2ABY4VJ1YACZ: Shipping placed successfully, transaction id: 0SV94LDRA4QC
13:02:07.712 [main] INFO com.iluwatar.commander.Commander - Order has been placed and will be shipped to you. Please wait while we make your payment... 
13:02:07.712 [Thread-2032] WARN com.iluwatar.commander.Commander - Order 2ABY4VJ1YACZ: Payment error, going to queue..
13:02:07.713 [main] INFO com.iluwatar.commander.Commander - Order 2ABY4VJ1YACZ: Shipping placed successfully, transaction id: 6RONJ4O7DERK
13:02:07.713 [main] INFO com.iluwatar.commander.Commander - Order has been placed and will be shipped to you. Please wait while we make your payment... 
13:02:07.713 [Thread-2033] INFO com.iluwatar.commander.Commander - Order 2ABY4VJ1YACZ: Payment successful, transaction Id: N37D2L042AST
13:02:07.713 [Thread-2034] DEBUG com.iluwatar.commander.Commander - Order 2ABY4VJ1YACZ: Error in connecting to messaging service (Payment Error msg), trying again..
13:02:07.713 [main] DEBUG com.iluwatar.commander.Commander - Order MAPVHGCO2RST: Error in creating shipping request..
13:02:07.713 [main] INFO com.iluwatar.commander.Commander - This item is currently unavailable. We will inform you as soon as the item becomes available again.
13:02:07.713 [main] INFO com.iluwatar.commander.Commander - Order MAPVHGCO2RST: Item pen unavailable, trying to add problem to employee handle..
13:02:07.713 [Thread-2036] INFO com.iluwatar.commander.messagingservice.MessagingService - Msg: Your order has been placed and paid for successfully! Thank you for shopping with us!
13:02:07.713 [Thread-2036] INFO com.iluwatar.commander.Commander - Order 2ABY4VJ1YACZ: Payment Success message sent, request Id: ZR6N5TZVEFV5
13:02:07.713 [main] INFO com.iluwatar.commander.Commander - Order MAPVHGCO2RST: Shipping placed successfully, transaction id: QYZCAT3PSXOI
13:02:07.713 [main] INFO com.iluwatar.commander.Commander - Order has been placed and will be shipped to you. Please wait while we make your payment... 
13:02:07.713 [Thread-2037] WARN com.iluwatar.commander.Commander - Order MAPVHGCO2RST: Error in connecting to employee handle, trying again..
13:02:07.713 [Thread-2037] WARN com.iluwatar.commander.Commander - Order MAPVHGCO2RST: Error in adding to employee db, trying to queue task..
13:02:07.713 [main] INFO com.iluwatar.commander.Commander - Order MAPVHGCO2RST: Shipping placed successfully, transaction id: SISS34BLTY2Y
13:02:07.713 [main] INFO com.iluwatar.commander.Commander - Order has been placed and will be shipped to you. Please wait while we make your payment... 
13:02:07.713 [Thread-2038] DEBUG com.iluwatar.commander.Commander - Order MAPVHGCO2RST: Error in creating payment request..
13:02:07.713 [Thread-2038] WARN com.iluwatar.commander.Commander - Order MAPVHGCO2RST: Payment error, going to queue..
13:02:07.713 [main] INFO com.iluwatar.commander.Commander - Order MAPVHGCO2RST: Shipping placed successfully, transaction id: PYR6VN5O2BMY
13:02:07.713 [main] INFO com.iluwatar.commander.Commander - Order has been placed and will be shipped to you. Please wait while we make your payment... 
13:02:07.713 [Thread-2039] INFO com.iluwatar.commander.Commander - Order MAPVHGCO2RST: Payment successful, transaction Id: EZL3B5SPAU6V
13:02:07.713 [main] INFO com.iluwatar.commander.Commander - Sorry, there was a problem in creating your order. Please try later.
13:02:07.713 [main] ERROR com.iluwatar.commander.Commander - Order VTHJ36F4JD41: Shipping service unavailable, order not placed..
13:02:07.713 [main] INFO com.iluwatar.commander.Commander - Sorry, there was a problem in creating your order. Please try later.
13:02:07.713 [main] ERROR com.iluwatar.commander.Commander - Order VTHJ36F4JD41: Shipping service unavailable, order not placed..
13:02:07.713 [Thread-2040] DEBUG com.iluwatar.commander.Commander - Order MAPVHGCO2RST: Error in creating Payment Error messaging request..
13:02:07.713 [main] INFO com.iluwatar.commander.Commander - Sorry, there was a problem in creating your order. Please try later.
13:02:07.713 [main] ERROR com.iluwatar.commander.Commander - Order VTHJ36F4JD41: Shipping service unavailable, order not placed..
13:02:07.713 [main] INFO com.iluwatar.commander.Commander - Sorry, there was a problem in creating your order. Please try later.
13:02:07.713 [Thread-2042] INFO com.iluwatar.commander.messagingservice.MessagingService - Msg: Your order has been placed and paid for successfully! Thank you for shopping with us!
13:02:07.713 [main] ERROR com.iluwatar.commander.Commander - Order VTHJ36F4JD41: Shipping service unavailable, order not placed..
13:02:07.713 [Thread-2042] INFO com.iluwatar.commander.Commander - Order MAPVHGCO2RST: Payment Success message sent, request Id: QIRS5BF1NEKB
13:02:07.713 [main] INFO com.iluwatar.commander.Commander - Sorry, there was a problem in creating your order. Please try later.
13:02:07.713 [main] ERROR com.iluwatar.commander.Commander - Order RHA0KRN9O25J: Shipping service unavailable, order not placed..
13:02:07.713 [main] INFO com.iluwatar.commander.Commander - Sorry, there was a problem in creating your order. Please try later.
13:02:07.713 [main] ERROR com.iluwatar.commander.Commander - Order RHA0KRN9O25J: Shipping service unavailable, order not placed..
13:02:07.713 [main] INFO com.iluwatar.commander.Commander - Sorry, there was a problem in creating your order. Please try later.
13:02:07.713 [main] ERROR com.iluwatar.commander.Commander - Order RHA0KRN9O25J: Shipping service unavailable, order not placed..
13:02:07.713 [main] INFO com.iluwatar.commander.Commander - Sorry, there was a problem in creating your order. Please try later.
13:02:07.713 [main] ERROR com.iluwatar.commander.Commander - Order RHA0KRN9O25J: Shipping service unavailable, order not placed..
13:02:07.713 [main] DEBUG com.iluwatar.commander.Commander - Order HTWJR7J3JWNY: Error in connecting to shipping service, trying again..
13:02:07.713 [main] INFO com.iluwatar.commander.Commander - Sorry, there was a problem in creating your order. Please try later.
13:02:07.713 [main] ERROR com.iluwatar.commander.Commander - Order HTWJR7J3JWNY: Shipping service unavailable, order not placed..
13:02:07.713 [main] INFO com.iluwatar.commander.Commander - Order HTWJR7J3JWNY: Shipping placed successfully, transaction id: R2O5CLSZDLN6
13:02:07.713 [main] INFO com.iluwatar.commander.Commander - Order has been placed and will be shipped to you. Please wait while we make your payment... 
13:02:07.713 [main] INFO com.iluwatar.commander.Commander - Order HTWJR7J3JWNY: Shipping placed successfully, transaction id: KKPQ0D8D9V8U
13:02:07.713 [main] INFO com.iluwatar.commander.Commander - Order has been placed and will be shipped to you. Please wait while we make your payment... 
13:02:07.713 [Thread-2043] DEBUG com.iluwatar.commander.Commander - Order HTWJR7J3JWNY: Error in connecting to payment service, trying again..
13:02:07.713 [Thread-2043] WARN com.iluwatar.commander.Commander - Order HTWJR7J3JWNY: Payment error, going to queue..
13:02:07.713 [main] INFO com.iluwatar.commander.Commander - Order HTWJR7J3JWNY: Shipping placed successfully, transaction id: FM18CFPURRK4
13:02:07.713 [main] INFO com.iluwatar.commander.Commander - Order has been placed and will be shipped to you. Please wait while we make your payment... 
13:02:07.713 [Thread-2044] INFO com.iluwatar.commander.Commander - Order HTWJR7J3JWNY: Payment successful, transaction Id: JYHQLMZSCMB9
13:02:07.713 [Thread-2045] DEBUG com.iluwatar.commander.Commander - Order HTWJR7J3JWNY: Error in connecting to messaging service (Payment Error msg), trying again..
13:02:07.713 [Thread-2047] INFO com.iluwatar.commander.messagingservice.MessagingService - Msg: Your order has been placed and paid for successfully! Thank you for shopping with us!
13:02:07.713 [Thread-2047] INFO com.iluwatar.commander.Commander - Order HTWJR7J3JWNY: Payment Success message sent, request Id: 5WHKZT331DIB
13:02:07.713 [main] DEBUG com.iluwatar.commander.Commander - Order ZBWLR8D88GP2: Error in creating shipping request..
13:02:07.713 [main] INFO com.iluwatar.commander.Commander - Sorry, there was a problem in creating your order. Please try later.
13:02:07.713 [main] ERROR com.iluwatar.commander.Commander - Order ZBWLR8D88GP2: Shipping service unavailable, order not placed..
13:02:07.713 [main] INFO com.iluwatar.commander.Commander - Order ZBWLR8D88GP2: Shipping placed successfully, transaction id: 108WOR6SHGUD
13:02:07.713 [main] INFO com.iluwatar.commander.Commander - Order has been placed and will be shipped to you. Please wait while we make your payment... 
13:02:07.713 [main] INFO com.iluwatar.commander.Commander - Order ZBWLR8D88GP2: Shipping placed successfully, transaction id: D7NCWICZM05Y
13:02:07.713 [main] INFO com.iluwatar.commander.Commander - Order has been placed and will be shipped to you. Please wait while we make your payment... 
13:02:07.713 [Thread-2048] DEBUG com.iluwatar.commander.Commander - Order ZBWLR8D88GP2: Error in creating payment request..
13:02:07.713 [Thread-2048] ERROR com.iluwatar.commander.Commander - Order ZBWLR8D88GP2: Payment details incorrect, failed..
13:02:07.713 [main] INFO com.iluwatar.commander.Commander - Order ZBWLR8D88GP2: Shipping placed successfully, transaction id: 186M8XRPNKRK
13:02:07.713 [main] INFO com.iluwatar.commander.Commander - Order has been placed and will be shipped to you. Please wait while we make your payment... 
13:02:07.713 [Thread-2050] DEBUG com.iluwatar.commander.Commander - Order ZBWLR8D88GP2: Error in creating Payment Failure message request..
13:02:07.713 [Thread-2050] WARN com.iluwatar.commander.Commander - Order ZBWLR8D88GP2: Error in sending Payment Failure message, trying to queue task and add to employee handle..
13:02:07.714 [Thread-2052] WARN com.iluwatar.commander.Commander - Order ZBWLR8D88GP2: Error in connecting to employee handle, trying again..
13:02:07.714 [Thread-2052] WARN com.iluwatar.commander.Commander - Order ZBWLR8D88GP2: Error in adding to employee db, trying to queue task..
13:02:07.714 [main] INFO com.iluwatar.commander.Commander - Sorry, there was a problem in creating your order. Please try later.
13:02:07.714 [main] ERROR com.iluwatar.commander.Commander - Order FBJUAEO8J05B: Shipping service unavailable, order not placed..
13:02:07.714 [main] INFO com.iluwatar.commander.Commander - Sorry, there was a problem in creating your order. Please try later.
13:02:07.714 [main] ERROR com.iluwatar.commander.Commander - Order FBJUAEO8J05B: Shipping service unavailable, order not placed..
13:02:07.714 [main] INFO com.iluwatar.commander.Commander - Sorry, there was a problem in creating your order. Please try later.
13:02:07.714 [main] ERROR com.iluwatar.commander.Commander - Order FBJUAEO8J05B: Shipping service unavailable, order not placed..
13:02:07.714 [main] INFO com.iluwatar.commander.Commander - Sorry, there was a problem in creating your order. Please try later.
13:02:07.714 [main] ERROR com.iluwatar.commander.Commander - Order FBJUAEO8J05B: Shipping service unavailable, order not placed..
13:02:07.714 [main] INFO com.iluwatar.commander.Commander - Sorry, there was a problem in creating your order. Please try later.
13:02:07.714 [main] ERROR com.iluwatar.commander.Commander - Order IYPIIU8T15CT: Shipping service unavailable, order not placed..
13:02:07.714 [main] INFO com.iluwatar.commander.Commander - Sorry, there was a problem in creating your order. Please try later.
13:02:07.714 [main] ERROR com.iluwatar.commander.Commander - Order IYPIIU8T15CT: Shipping service unavailable, order not placed..
13:02:07.714 [main] INFO com.iluwatar.commander.Commander - Sorry, there was a problem in creating your order. Please try later.
13:02:07.714 [main] ERROR com.iluwatar.commander.Commander - Order IYPIIU8T15CT: Shipping service unavailable, order not placed..
13:02:07.714 [main] INFO com.iluwatar.commander.Commander - Sorry, there was a problem in creating your order. Please try later.
13:02:07.714 [main] ERROR com.iluwatar.commander.Commander - Order IYPIIU8T15CT: Shipping service unavailable, order not placed..
13:02:07.714 [main] DEBUG com.iluwatar.commander.Commander - Order R6UF5AUJ0SHK: Error in connecting to shipping service, trying again..
13:02:07.714 [main] INFO com.iluwatar.commander.Commander - Sorry, there was a problem in creating your order. Please try later.
13:02:07.714 [main] ERROR com.iluwatar.commander.Commander - Order R6UF5AUJ0SHK: Shipping service unavailable, order not placed..
13:02:07.714 [main] INFO com.iluwatar.commander.Commander - Order R6UF5AUJ0SHK: Shipping placed successfully, transaction id: 2CZX5OEZKT7F
13:02:07.714 [main] INFO com.iluwatar.commander.Commander - Order has been placed and will be shipped to you. Please wait while we make your payment... 
13:02:07.714 [main] INFO com.iluwatar.commander.Commander - Order R6UF5AUJ0SHK: Shipping placed successfully, transaction id: HB7ER3BL38RZ
13:02:07.714 [main] INFO com.iluwatar.commander.Commander - Order has been placed and will be shipped to you. Please wait while we make your payment... 
13:02:07.714 [Thread-2053] DEBUG com.iluwatar.commander.Commander - Order R6UF5AUJ0SHK: Error in connecting to payment service, trying again..
13:02:07.714 [Thread-2053] WARN com.iluwatar.commander.Commander - Order R6UF5AUJ0SHK: Payment error, going to queue..
13:02:07.714 [main] INFO com.iluwatar.commander.Commander - Order R6UF5AUJ0SHK: Shipping placed successfully, transaction id: ULHVH6UMJJJQ
13:02:07.714 [main] INFO com.iluwatar.commander.Commander - Order has been placed and will be shipped to you. Please wait while we make your payment... 
13:02:07.714 [Thread-2054] INFO com.iluwatar.commander.Commander - Order R6UF5AUJ0SHK: Payment successful, transaction Id: 6D9RB8KLFI07
13:02:07.714 [Thread-2055] DEBUG com.iluwatar.commander.Commander - Order R6UF5AUJ0SHK: Error in connecting to messaging service (Payment Error msg), trying again..
13:02:07.714 [main] DEBUG com.iluwatar.commander.Commander - Order HXRCQBRQHIS9: Error in creating shipping request..
13:02:07.714 [main] INFO com.iluwatar.commander.Commander - Sorry, there was a problem in creating your order. Please try later.
13:02:07.714 [main] ERROR com.iluwatar.commander.Commander - Order HXRCQBRQHIS9: Shipping service unavailable, order not placed..
13:02:07.714 [main] INFO com.iluwatar.commander.Commander - Order HXRCQBRQHIS9: Shipping placed successfully, transaction id: WHSJGRJ9ORC1
13:02:07.714 [main] INFO com.iluwatar.commander.Commander - Order has been placed and will be shipped to you. Please wait while we make your payment... 
13:02:07.714 [Thread-2057] INFO com.iluwatar.commander.messagingservice.MessagingService - Msg: Your order has been placed and paid for successfully! Thank you for shopping with us!
13:02:07.714 [Thread-2057] INFO com.iluwatar.commander.Commander - Order R6UF5AUJ0SHK: Payment Success message sent, request Id: 7T9229KIRP55
13:02:07.714 [main] INFO com.iluwatar.commander.Commander - Order HXRCQBRQHIS9: Shipping placed successfully, transaction id: 526JV1Y8WLNK
13:02:07.714 [main] INFO com.iluwatar.commander.Commander - Order has been placed and will be shipped to you. Please wait while we make your payment... 
13:02:07.714 [Thread-2058] DEBUG com.iluwatar.commander.Commander - Order HXRCQBRQHIS9: Error in creating payment request..
13:02:07.714 [Thread-2058] WARN com.iluwatar.commander.Commander - Order HXRCQBRQHIS9: Payment error, going to queue..
13:02:07.714 [main] INFO com.iluwatar.commander.Commander - Order HXRCQBRQHIS9: Shipping placed successfully, transaction id: HL2GX1XTL62D
13:02:07.714 [main] INFO com.iluwatar.commander.Commander - Order has been placed and will be shipped to you. Please wait while we make your payment... 
13:02:07.714 [Thread-2059] DEBUG com.iluwatar.commander.Commander - Order HXRCQBRQHIS9: Error in creating payment request..
13:02:07.715 [Thread-2059] WARN com.iluwatar.commander.Commander - Order HXRCQBRQHIS9: Payment error, going to queue..
13:02:07.715 [Thread-2060] DEBUG com.iluwatar.commander.Commander - Order HXRCQBRQHIS9: Error in creating Payment Error messaging request..
13:02:07.715 [main] INFO com.iluwatar.commander.Commander - Sorry, there was a problem in creating your order. Please try later.
13:02:07.715 [main] ERROR com.iluwatar.commander.Commander - Order ZVF89S8IXBA3: Shipping service unavailable, order not placed..
13:02:07.715 [main] INFO com.iluwatar.commander.Commander - Sorry, there was a problem in creating your order. Please try later.
13:02:07.715 [main] ERROR com.iluwatar.commander.Commander - Order ZVF89S8IXBA3: Shipping service unavailable, order not placed..
13:02:07.715 [Thread-2060] WARN com.iluwatar.commander.Commander - Order HXRCQBRQHIS9: Error in sending Payment Error message, trying to queue task and add to employee handle..
13:02:07.715 [main] INFO com.iluwatar.commander.Commander - Sorry, there was a problem in creating your order. Please try later.
13:02:07.715 [main] ERROR com.iluwatar.commander.Commander - Order ZVF89S8IXBA3: Shipping service unavailable, order not placed..
13:02:07.715 [Thread-2061] INFO com.iluwatar.commander.Commander - Order HXRCQBRQHIS9: Payment successful, transaction Id: BHYUF1L72QM6
13:02:07.715 [main] INFO com.iluwatar.commander.Commander - Sorry, there was a problem in creating your order. Please try later.
13:02:07.715 [main] ERROR com.iluwatar.commander.Commander - Order ZVF89S8IXBA3: Shipping service unavailable, order not placed..
13:02:07.715 [Thread-2064] INFO com.iluwatar.commander.messagingservice.MessagingService - Msg: Your order has been placed and paid for successfully! Thank you for shopping with us!
13:02:07.715 [Thread-2064] INFO com.iluwatar.commander.Commander - Order HXRCQBRQHIS9: Payment Success message sent, request Id: LOVKBZ9J92R6
13:02:07.715 [main] INFO com.iluwatar.commander.Commander - Sorry, there was a problem in creating your order. Please try later.
13:02:07.715 [Thread-2063] WARN com.iluwatar.commander.Commander - Order HXRCQBRQHIS9: Error in connecting to employee handle, trying again..
13:02:07.715 [Thread-2063] WARN com.iluwatar.commander.Commander - Order HXRCQBRQHIS9: Error in adding to employee db, trying to queue task..
13:02:07.715 [main] ERROR com.iluwatar.commander.Commander - Order 7HE4TRDC8ZAZ: Shipping service unavailable, order not placed..
13:02:07.715 [main] INFO com.iluwatar.commander.Commander - Sorry, there was a problem in creating your order. Please try later.
13:02:07.715 [main] ERROR com.iluwatar.commander.Commander - Order 7HE4TRDC8ZAZ: Shipping service unavailable, order not placed..
13:02:07.715 [main] INFO com.iluwatar.commander.Commander - Sorry, there was a problem in creating your order. Please try later.
13:02:07.715 [main] ERROR com.iluwatar.commander.Commander - Order 7HE4TRDC8ZAZ: Shipping service unavailable, order not placed..
13:02:07.715 [main] INFO com.iluwatar.commander.Commander - Sorry, there was a problem in creating your order. Please try later.
13:02:07.715 [main] ERROR com.iluwatar.commander.Commander - Order 7HE4TRDC8ZAZ: Shipping service unavailable, order not placed..
13:02:07.715 [main] DEBUG com.iluwatar.commander.Commander - Order YNY3F5C7Q32B: Error in connecting to shipping service, trying again..
13:02:07.715 [main] INFO com.iluwatar.commander.Commander - Sorry, there was a problem in creating your order. Please try later.
13:02:07.715 [main] ERROR com.iluwatar.commander.Commander - Order YNY3F5C7Q32B: Shipping service unavailable, order not placed..
13:02:07.715 [main] INFO com.iluwatar.commander.Commander - Order YNY3F5C7Q32B: Shipping placed successfully, transaction id: XC84MZBOAF91
13:02:07.715 [main] INFO com.iluwatar.commander.Commander - Order has been placed and will be shipped to you. Please wait while we make your payment... 
13:02:07.715 [main] INFO com.iluwatar.commander.Commander - Order YNY3F5C7Q32B: Shipping placed successfully, transaction id: WML1GJ2TDKWE
13:02:07.715 [main] INFO com.iluwatar.commander.Commander - Order has been placed and will be shipped to you. Please wait while we make your payment... 
13:02:07.715 [Thread-2065] DEBUG com.iluwatar.commander.Commander - Order YNY3F5C7Q32B: Error in connecting to payment service, trying again..
13:02:07.715 [Thread-2065] WARN com.iluwatar.commander.Commander - Order YNY3F5C7Q32B: Payment error, going to queue..
13:02:07.715 [main] INFO com.iluwatar.commander.Commander - Order YNY3F5C7Q32B: Shipping placed successfully, transaction id: VUX3MW0Y31CM
13:02:07.715 [main] INFO com.iluwatar.commander.Commander - Order has been placed and will be shipped to you. Please wait while we make your payment... 
13:02:07.715 [Thread-2066] INFO com.iluwatar.commander.Commander - Order YNY3F5C7Q32B: Payment successful, transaction Id: V2NWRKTUWKK8
13:02:07.715 [Thread-2067] DEBUG com.iluwatar.commander.Commander - Order YNY3F5C7Q32B: Error in connecting to messaging service (Payment Error msg), trying again..
13:02:07.715 [Thread-2069] INFO com.iluwatar.commander.messagingservice.MessagingService - Msg: Your order has been placed and paid for successfully! Thank you for shopping with us!
13:02:07.715 [Thread-2069] INFO com.iluwatar.commander.Commander - Order YNY3F5C7Q32B: Payment Success message sent, request Id: 8IBUB0BJ349V
13:02:07.715 [main] DEBUG com.iluwatar.commander.Commander - Order EN4GOUKAUMG0: Error in connecting to shipping service, trying again..
13:02:07.715 [main] INFO com.iluwatar.commander.Commander - Sorry, there was a problem in creating your order. Please try later.
13:02:07.715 [main] ERROR com.iluwatar.commander.Commander - Order EN4GOUKAUMG0: Shipping service unavailable, order not placed..
13:02:07.715 [main] INFO com.iluwatar.commander.Commander - Order EN4GOUKAUMG0: Shipping placed successfully, transaction id: K6YSFFZHDYAU
13:02:07.715 [main] INFO com.iluwatar.commander.Commander - Order has been placed and will be shipped to you. Please wait while we make your payment... 
13:02:07.715 [main] INFO com.iluwatar.commander.Commander - Order EN4GOUKAUMG0: Shipping placed successfully, transaction id: K89XKLF78KLY
13:02:07.715 [main] INFO com.iluwatar.commander.Commander - Order has been placed and will be shipped to you. Please wait while we make your payment... 
13:02:07.715 [Thread-2070] DEBUG com.iluwatar.commander.Commander - Order EN4GOUKAUMG0: Error in connecting to payment service, trying again..
13:02:07.715 [Thread-2070] WARN com.iluwatar.commander.Commander - Order EN4GOUKAUMG0: Payment error, going to queue..
13:02:07.715 [main] INFO com.iluwatar.commander.Commander - Order EN4GOUKAUMG0: Shipping placed successfully, transaction id: ILHY9D6Y00C4
13:02:07.715 [main] INFO com.iluwatar.commander.Commander - Order has been placed and will be shipped to you. Please wait while we make your payment... 
13:02:07.715 [Thread-2071] INFO com.iluwatar.commander.Commander - Order EN4GOUKAUMG0: Payment successful, transaction Id: 2A31CB6NF35C
13:02:07.715 [Thread-2072] DEBUG com.iluwatar.commander.Commander - Order EN4GOUKAUMG0: Error in connecting to messaging service (Payment Error msg), trying again..
13:02:07.715 [main] INFO com.iluwatar.commander.Commander - Sorry, there was a problem in creating your order. Please try later.
13:02:07.715 [main] ERROR com.iluwatar.commander.Commander - Order UO7S2W5FBIXN: Shipping service unavailable, order not placed..
13:02:07.715 [main] INFO com.iluwatar.commander.Commander - Sorry, there was a problem in creating your order. Please try later.
13:02:07.715 [main] ERROR com.iluwatar.commander.Commander - Order UO7S2W5FBIXN: Shipping service unavailable, order not placed..
13:02:07.715 [main] INFO com.iluwatar.commander.Commander - Sorry, there was a problem in creating your order. Please try later.
13:02:07.715 [main] ERROR com.iluwatar.commander.Commander - Order UO7S2W5FBIXN: Shipping service unavailable, order not placed..
13:02:07.715 [Thread-2074] INFO com.iluwatar.commander.messagingservice.MessagingService - Msg: Your order has been placed and paid for successfully! Thank you for shopping with us!
13:02:07.715 [Thread-2074] INFO com.iluwatar.commander.Commander - Order EN4GOUKAUMG0: Payment Success message sent, request Id: HEQRGJ86GZ9I
13:02:07.715 [main] INFO com.iluwatar.commander.Commander - Sorry, there was a problem in creating your order. Please try later.
13:02:07.715 [main] ERROR com.iluwatar.commander.Commander - Order UO7S2W5FBIXN: Shipping service unavailable, order not placed..
13:02:07.715 [main] INFO com.iluwatar.commander.Commander - Sorry, there was a problem in creating your order. Please try later.
13:02:07.715 [main] ERROR com.iluwatar.commander.Commander - Order BNKNB04NBEDO: Shipping service unavailable, order not placed..
13:02:07.716 [main] INFO com.iluwatar.commander.Commander - Sorry, there was a problem in creating your order. Please try later.
13:02:07.716 [main] ERROR com.iluwatar.commander.Commander - Order BNKNB04NBEDO: Shipping service unavailable, order not placed..
13:02:07.716 [main] INFO com.iluwatar.commander.Commander - Sorry, there was a problem in creating your order. Please try later.
13:02:07.716 [main] ERROR com.iluwatar.commander.Commander - Order BNKNB04NBEDO: Shipping service unavailable, order not placed..
13:02:07.716 [main] INFO com.iluwatar.commander.Commander - Sorry, there was a problem in creating your order. Please try later.
13:02:07.716 [main] ERROR com.iluwatar.commander.Commander - Order BNKNB04NBEDO: Shipping service unavailable, order not placed..
13:02:07.716 [main] DEBUG com.iluwatar.commander.Commander - Order 0TOA8AZRARAK: Error in connecting to shipping service, trying again..
13:02:07.716 [main] INFO com.iluwatar.commander.Commander - Sorry, there was a problem in creating your order. Please try later.
13:02:07.716 [main] ERROR com.iluwatar.commander.Commander - Order 0TOA8AZRARAK: Shipping service unavailable, order not placed..
13:02:07.716 [main] INFO com.iluwatar.commander.Commander - Order 0TOA8AZRARAK: Shipping placed successfully, transaction id: 6ZY68X3LNJEI
13:02:07.716 [main] INFO com.iluwatar.commander.Commander - Order has been placed and will be shipped to you. Please wait while we make your payment... 
13:02:07.716 [main] INFO com.iluwatar.commander.Commander - Order 0TOA8AZRARAK: Shipping placed successfully, transaction id: MYOY2YW3BXIR
13:02:07.716 [main] INFO com.iluwatar.commander.Commander - Order has been placed and will be shipped to you. Please wait while we make your payment... 
13:02:07.716 [Thread-2075] DEBUG com.iluwatar.commander.Commander - Order 0TOA8AZRARAK: Error in connecting to payment service, trying again..
13:02:07.716 [Thread-2075] WARN com.iluwatar.commander.Commander - Order 0TOA8AZRARAK: Payment error, going to queue..
13:02:07.716 [main] INFO com.iluwatar.commander.Commander - Order 0TOA8AZRARAK: Shipping placed successfully, transaction id: NFFFJ5H0ZF3E
13:02:07.716 [main] INFO com.iluwatar.commander.Commander - Order has been placed and will be shipped to you. Please wait while we make your payment... 
13:02:07.716 [Thread-2076] INFO com.iluwatar.commander.Commander - Order 0TOA8AZRARAK: Payment successful, transaction Id: VRS690SZYJCH
13:02:07.716 [Thread-2077] DEBUG com.iluwatar.commander.Commander - Order 0TOA8AZRARAK: Error in connecting to messaging service (Payment Error msg), trying again..
13:02:07.716 [main] DEBUG com.iluwatar.commander.Commander - Order 0W545LI8WPLV: Error in creating shipping request..
13:02:07.716 [main] INFO com.iluwatar.commander.Commander - Shipping is currently not possible to your address. We are working on the problem and will get back to you asap.
13:02:07.716 [main] INFO com.iluwatar.commander.Commander - Order 0W545LI8WPLV: Shipping not possible to address, trying to add problem to employee db..
13:02:07.716 [Thread-2079] INFO com.iluwatar.commander.messagingservice.MessagingService - Msg: Your order has been placed and paid for successfully! Thank you for shopping with us!
13:02:07.716 [Thread-2079] INFO com.iluwatar.commander.Commander - Order 0TOA8AZRARAK: Payment Success message sent, request Id: QQRAS456Q6OP
13:02:07.716 [main] INFO com.iluwatar.commander.Commander - Order 0W545LI8WPLV: Shipping placed successfully, transaction id: FP7UHAX8RCMW
13:02:07.716 [main] INFO com.iluwatar.commander.Commander - Order has been placed and will be shipped to you. Please wait while we make your payment... 
13:02:07.716 [Thread-2080] WARN com.iluwatar.commander.Commander - Order 0W545LI8WPLV: Error in connecting to employee handle, trying again..
13:02:07.716 [Thread-2080] WARN com.iluwatar.commander.Commander - Order 0W545LI8WPLV: Error in adding to employee db, trying to queue task..
13:02:07.716 [main] INFO com.iluwatar.commander.Commander - Order 0W545LI8WPLV: Shipping placed successfully, transaction id: EJK2IMVUCCA3
13:02:07.716 [main] INFO com.iluwatar.commander.Commander - Order has been placed and will be shipped to you. Please wait while we make your payment... 
13:02:07.716 [Thread-2081] DEBUG com.iluwatar.commander.Commander - Order 0W545LI8WPLV: Error in creating payment request..
13:02:07.716 [Thread-2081] WARN com.iluwatar.commander.Commander - Order 0W545LI8WPLV: Payment error, going to queue..
13:02:07.716 [main] INFO com.iluwatar.commander.Commander - Order 0W545LI8WPLV: Shipping placed successfully, transaction id: W7EYIQJISBU2
13:02:07.716 [main] INFO com.iluwatar.commander.Commander - Order has been placed and will be shipped to you. Please wait while we make your payment... 
13:02:07.716 [Thread-2082] INFO com.iluwatar.commander.Commander - Order 0W545LI8WPLV: Payment successful, transaction Id: PYS0JGIFYBUV
13:02:07.716 [Thread-2083] DEBUG com.iluwatar.commander.Commander - Order 0W545LI8WPLV: Error in creating Payment Error messaging request..
13:02:07.716 [Thread-2085] INFO com.iluwatar.commander.messagingservice.MessagingService - Msg: Your order has been placed and paid for successfully! Thank you for shopping with us!
13:02:07.716 [Thread-2085] INFO com.iluwatar.commander.Commander - Order 0W545LI8WPLV: Payment Success message sent, request Id: ZK0LNSFDDBUN
13:02:07.716 [main] INFO com.iluwatar.commander.Commander - Sorry, there was a problem in creating your order. Please try later.
13:02:07.716 [main] ERROR com.iluwatar.commander.Commander - Order QJ7OJO98IIX6: Shipping service unavailable, order not placed..
13:02:07.716 [main] INFO com.iluwatar.commander.Commander - Sorry, there was a problem in creating your order. Please try later.
13:02:07.716 [main] ERROR com.iluwatar.commander.Commander - Order QJ7OJO98IIX6: Shipping service unavailable, order not placed..
13:02:07.716 [main] INFO com.iluwatar.commander.Commander - Sorry, there was a problem in creating your order. Please try later.
13:02:07.716 [main] ERROR com.iluwatar.commander.Commander - Order QJ7OJO98IIX6: Shipping service unavailable, order not placed..
13:02:07.716 [main] INFO com.iluwatar.commander.Commander - Sorry, there was a problem in creating your order. Please try later.
13:02:07.716 [main] ERROR com.iluwatar.commander.Commander - Order QJ7OJO98IIX6: Shipping service unavailable, order not placed..
13:02:07.716 [main] INFO com.iluwatar.commander.Commander - Sorry, there was a problem in creating your order. Please try later.
13:02:07.716 [main] ERROR com.iluwatar.commander.Commander - Order 47UW9CCSHZTN: Shipping service unavailable, order not placed..
13:02:07.716 [main] INFO com.iluwatar.commander.Commander - Sorry, there was a problem in creating your order. Please try later.
13:02:07.716 [main] ERROR com.iluwatar.commander.Commander - Order 47UW9CCSHZTN: Shipping service unavailable, order not placed..
13:02:07.716 [main] INFO com.iluwatar.commander.Commander - Sorry, there was a problem in creating your order. Please try later.
13:02:07.716 [main] ERROR com.iluwatar.commander.Commander - Order 47UW9CCSHZTN: Shipping service unavailable, order not placed..
13:02:07.716 [main] INFO com.iluwatar.commander.Commander - Sorry, there was a problem in creating your order. Please try later.
13:02:07.716 [main] ERROR com.iluwatar.commander.Commander - Order 47UW9CCSHZTN: Shipping service unavailable, order not placed..
13:02:07.716 [main] DEBUG com.iluwatar.commander.Commander - Order SKLY37U9BEBD: Error in connecting to shipping service, trying again..
13:02:07.716 [main] INFO com.iluwatar.commander.Commander - Sorry, there was a problem in creating your order. Please try later.
13:02:07.716 [main] ERROR com.iluwatar.commander.Commander - Order SKLY37U9BEBD: Shipping service unavailable, order not placed..
13:02:07.716 [main] INFO com.iluwatar.commander.Commander - Order SKLY37U9BEBD: Shipping placed successfully, transaction id: 9QXISI6ZBMI3
13:02:07.716 [main] INFO com.iluwatar.commander.Commander - Order has been placed and will be shipped to you. Please wait while we make your payment... 
13:02:07.716 [main] INFO com.iluwatar.commander.Commander - Order SKLY37U9BEBD: Shipping placed successfully, transaction id: 4O12GM7KCUAE
13:02:07.716 [main] INFO com.iluwatar.commander.Commander - Order has been placed and will be shipped to you. Please wait while we make your payment... 
13:02:07.716 [Thread-2086] DEBUG com.iluwatar.commander.Commander - Order SKLY37U9BEBD: Error in connecting to payment service, trying again..
13:02:07.716 [Thread-2086] WARN com.iluwatar.commander.Commander - Order SKLY37U9BEBD: Payment error, going to queue..
13:02:07.716 [main] INFO com.iluwatar.commander.Commander - Order SKLY37U9BEBD: Shipping placed successfully, transaction id: 0KBAMR38T4A9
13:02:07.716 [main] INFO com.iluwatar.commander.Commander - Order has been placed and will be shipped to you. Please wait while we make your payment... 
13:02:07.716 [Thread-2087] INFO com.iluwatar.commander.Commander - Order SKLY37U9BEBD: Payment successful, transaction Id: MW7TJ1FA8D8P
13:02:07.716 [Thread-2088] DEBUG com.iluwatar.commander.Commander - Order SKLY37U9BEBD: Error in connecting to messaging service (Payment Error msg), trying again..
13:02:07.716 [main] DEBUG com.iluwatar.commander.Commander - Order YZKESZU3UMX5: Error in creating shipping request..
13:02:07.716 [main] INFO com.iluwatar.commander.Commander - This item is currently unavailable. We will inform you as soon as the item becomes available again.
13:02:07.716 [main] INFO com.iluwatar.commander.Commander - Order YZKESZU3UMX5: Item pen unavailable, trying to add problem to employee handle..
13:02:07.716 [main] INFO com.iluwatar.commander.Commander - Order YZKESZU3UMX5: Shipping placed successfully, transaction id: 87LJEIV72PBA
13:02:07.716 [main] INFO com.iluwatar.commander.Commander - Order has been placed and will be shipped to you. Please wait while we make your payment... 
13:02:07.716 [Thread-2091] WARN com.iluwatar.commander.Commander - Order YZKESZU3UMX5: Error in connecting to employee handle, trying again..
13:02:07.716 [Thread-2091] WARN com.iluwatar.commander.Commander - Order YZKESZU3UMX5: Error in adding to employee db, trying to queue task..
13:02:07.716 [Thread-2090] INFO com.iluwatar.commander.messagingservice.MessagingService - Msg: Your order has been placed and paid for successfully! Thank you for shopping with us!
13:02:07.716 [Thread-2090] INFO com.iluwatar.commander.Commander - Order SKLY37U9BEBD: Payment Success message sent, request Id: 0KJCKUMXPDFR
13:02:07.716 [main] INFO com.iluwatar.commander.Commander - Order YZKESZU3UMX5: Shipping placed successfully, transaction id: RI0YPY2KR7A3
13:02:07.716 [main] INFO com.iluwatar.commander.Commander - Order has been placed and will be shipped to you. Please wait while we make your payment... 
13:02:07.716 [Thread-2092] DEBUG com.iluwatar.commander.Commander - Order YZKESZU3UMX5: Error in creating payment request..
13:02:07.716 [Thread-2092] WARN com.iluwatar.commander.Commander - Order YZKESZU3UMX5: Payment error, going to queue..
13:02:07.716 [main] INFO com.iluwatar.commander.Commander - Order YZKESZU3UMX5: Shipping placed successfully, transaction id: U7QGZMHY9J0I
13:02:07.716 [main] INFO com.iluwatar.commander.Commander - Order has been placed and will be shipped to you. Please wait while we make your payment... 
13:02:07.716 [Thread-2093] INFO com.iluwatar.commander.Commander - Order YZKESZU3UMX5: Payment successful, transaction Id: NBLUGUUGX8AL
13:02:07.716 [Thread-2094] DEBUG com.iluwatar.commander.Commander - Order YZKESZU3UMX5: Error in creating Payment Error messaging request..
13:02:07.716 [main] INFO com.iluwatar.commander.Commander - Sorry, there was a problem in creating your order. Please try later.
13:02:07.716 [main] ERROR com.iluwatar.commander.Commander - Order 8A6BC8IMHXFZ: Shipping service unavailable, order not placed..
13:02:07.716 [main] INFO com.iluwatar.commander.Commander - Sorry, there was a problem in creating your order. Please try later.
13:02:07.716 [main] ERROR com.iluwatar.commander.Commander - Order 8A6BC8IMHXFZ: Shipping service unavailable, order not placed..
13:02:07.716 [Thread-2096] INFO com.iluwatar.commander.messagingservice.MessagingService - Msg: Your order has been placed and paid for successfully! Thank you for shopping with us!
13:02:07.716 [Thread-2096] INFO com.iluwatar.commander.Commander - Order YZKESZU3UMX5: Payment Success message sent, request Id: 61YD04HUUM3Y
13:02:07.716 [main] INFO com.iluwatar.commander.Commander - Sorry, there was a problem in creating your order. Please try later.
13:02:07.716 [main] ERROR com.iluwatar.commander.Commander - Order 8A6BC8IMHXFZ: Shipping service unavailable, order not placed..
13:02:07.716 [main] INFO com.iluwatar.commander.Commander - Sorry, there was a problem in creating your order. Please try later.
13:02:07.716 [main] ERROR com.iluwatar.commander.Commander - Order 8A6BC8IMHXFZ: Shipping service unavailable, order not placed..
13:02:07.716 [main] INFO com.iluwatar.commander.Commander - Sorry, there was a problem in creating your order. Please try later.
13:02:07.716 [main] ERROR com.iluwatar.commander.Commander - Order 9CYTS9VS6L10: Shipping service unavailable, order not placed..
13:02:07.717 [main] INFO com.iluwatar.commander.Commander - Sorry, there was a problem in creating your order. Please try later.
13:02:07.717 [main] ERROR com.iluwatar.commander.Commander - Order 9CYTS9VS6L10: Shipping service unavailable, order not placed..
13:02:07.717 [main] INFO com.iluwatar.commander.Commander - Sorry, there was a problem in creating your order. Please try later.
13:02:07.717 [main] ERROR com.iluwatar.commander.Commander - Order 9CYTS9VS6L10: Shipping service unavailable, order not placed..
13:02:07.717 [main] INFO com.iluwatar.commander.Commander - Sorry, there was a problem in creating your order. Please try later.
13:02:07.717 [main] ERROR com.iluwatar.commander.Commander - Order 9CYTS9VS6L10: Shipping service unavailable, order not placed..
13:02:07.717 [main] DEBUG com.iluwatar.commander.Commander - Order 0HS8HB16SK87: Error in connecting to shipping service, trying again..
13:02:07.717 [main] INFO com.iluwatar.commander.Commander - Sorry, there was a problem in creating your order. Please try later.
13:02:07.717 [main] ERROR com.iluwatar.commander.Commander - Order 0HS8HB16SK87: Shipping service unavailable, order not placed..
13:02:07.717 [main] INFO com.iluwatar.commander.Commander - Order 0HS8HB16SK87: Shipping placed successfully, transaction id: E8FWUPM86XFK
13:02:07.717 [main] INFO com.iluwatar.commander.Commander - Order has been placed and will be shipped to you. Please wait while we make your payment... 
13:02:07.717 [main] INFO com.iluwatar.commander.Commander - Order 0HS8HB16SK87: Shipping placed successfully, transaction id: AJRGZ7OAXTDA
13:02:07.717 [main] INFO com.iluwatar.commander.Commander - Order has been placed and will be shipped to you. Please wait while we make your payment... 
13:02:07.717 [Thread-2097] DEBUG com.iluwatar.commander.Commander - Order 0HS8HB16SK87: Error in connecting to payment service, trying again..
13:02:07.717 [Thread-2097] WARN com.iluwatar.commander.Commander - Order 0HS8HB16SK87: Payment error, going to queue..
13:02:07.717 [main] INFO com.iluwatar.commander.Commander - Order 0HS8HB16SK87: Shipping placed successfully, transaction id: 57JZ34GETOGS
13:02:07.717 [main] INFO com.iluwatar.commander.Commander - Order has been placed and will be shipped to you. Please wait while we make your payment... 
13:02:07.717 [Thread-2098] INFO com.iluwatar.commander.Commander - Order 0HS8HB16SK87: Payment successful, transaction Id: QZN4GIE1RVNE
13:02:07.717 [Thread-2099] DEBUG com.iluwatar.commander.Commander - Order 0HS8HB16SK87: Error in connecting to messaging service (Payment Error msg), trying again..
13:02:07.717 [Thread-2101] INFO com.iluwatar.commander.messagingservice.MessagingService - Msg: Your order has been placed and paid for successfully! Thank you for shopping with us!
13:02:07.717 [Thread-2101] INFO com.iluwatar.commander.Commander - Order 0HS8HB16SK87: Payment Success message sent, request Id: HUUOXIXEX7CR
13:02:07.717 [main] DEBUG com.iluwatar.commander.Commander - Order UFG8N8OWWAMI: Error in creating shipping request..
13:02:07.717 [main] INFO com.iluwatar.commander.Commander - Sorry, there was a problem in creating your order. Please try later.
13:02:07.717 [main] ERROR com.iluwatar.commander.Commander - Order UFG8N8OWWAMI: Shipping service unavailable, order not placed..
13:02:07.717 [main] INFO com.iluwatar.commander.Commander - Order UFG8N8OWWAMI: Shipping placed successfully, transaction id: 04RMAJRF1PRM
13:02:07.717 [main] INFO com.iluwatar.commander.Commander - Order has been placed and will be shipped to you. Please wait while we make your payment... 
13:02:07.717 [main] INFO com.iluwatar.commander.Commander - Order UFG8N8OWWAMI: Shipping placed successfully, transaction id: 5CCZYQBMLXTC
13:02:07.717 [main] INFO com.iluwatar.commander.Commander - Order has been placed and will be shipped to you. Please wait while we make your payment... 
13:02:07.717 [Thread-2102] DEBUG com.iluwatar.commander.Commander - Order UFG8N8OWWAMI: Error in creating payment request..
13:02:07.717 [Thread-2102] ERROR com.iluwatar.commander.Commander - Order UFG8N8OWWAMI: Payment details incorrect, failed..
13:02:07.717 [main] INFO com.iluwatar.commander.Commander - Order UFG8N8OWWAMI: Shipping placed successfully, transaction id: 76PG6XA6VL5I
13:02:07.717 [main] INFO com.iluwatar.commander.Commander - Order has been placed and will be shipped to you. Please wait while we make your payment... 
13:02:07.717 [Thread-2104] DEBUG com.iluwatar.commander.Commander - Order UFG8N8OWWAMI: Error in creating Payment Failure message request..
13:02:07.717 [Thread-2104] WARN com.iluwatar.commander.Commander - Order UFG8N8OWWAMI: Error in sending Payment Failure message, trying to queue task and add to employee handle..
13:02:07.717 [main] INFO com.iluwatar.commander.Commander - Sorry, there was a problem in creating your order. Please try later.
13:02:07.717 [main] ERROR com.iluwatar.commander.Commander - Order PV7AGJ282NMO: Shipping service unavailable, order not placed..
13:02:07.717 [main] INFO com.iluwatar.commander.Commander - Sorry, there was a problem in creating your order. Please try later.
13:02:07.717 [main] ERROR com.iluwatar.commander.Commander - Order PV7AGJ282NMO: Shipping service unavailable, order not placed..
13:02:07.717 [main] INFO com.iluwatar.commander.Commander - Sorry, there was a problem in creating your order. Please try later.
13:02:07.717 [main] ERROR com.iluwatar.commander.Commander - Order PV7AGJ282NMO: Shipping service unavailable, order not placed..
13:02:07.717 [Thread-2106] WARN com.iluwatar.commander.Commander - Order UFG8N8OWWAMI: Error in connecting to employee handle, trying again..
13:02:07.717 [Thread-2106] WARN com.iluwatar.commander.Commander - Order UFG8N8OWWAMI: Error in adding to employee db, trying to queue task..
13:02:07.717 [main] INFO com.iluwatar.commander.Commander - Sorry, there was a problem in creating your order. Please try later.
13:02:07.717 [main] ERROR com.iluwatar.commander.Commander - Order PV7AGJ282NMO: Shipping service unavailable, order not placed..
13:02:07.717 [main] INFO com.iluwatar.commander.Commander - Sorry, there was a problem in creating your order. Please try later.
13:02:07.717 [main] ERROR com.iluwatar.commander.Commander - Order UQUKS2F6KPJ3: Shipping service unavailable, order not placed..
13:02:07.717 [main] INFO com.iluwatar.commander.Commander - Sorry, there was a problem in creating your order. Please try later.
13:02:07.717 [main] ERROR com.iluwatar.commander.Commander - Order UQUKS2F6KPJ3: Shipping service unavailable, order not placed..
13:02:07.717 [main] INFO com.iluwatar.commander.Commander - Sorry, there was a problem in creating your order. Please try later.
13:02:07.717 [main] ERROR com.iluwatar.commander.Commander - Order UQUKS2F6KPJ3: Shipping service unavailable, order not placed..
13:02:07.717 [main] INFO com.iluwatar.commander.Commander - Sorry, there was a problem in creating your order. Please try later.
13:02:07.717 [main] ERROR com.iluwatar.commander.Commander - Order UQUKS2F6KPJ3: Shipping service unavailable, order not placed..
13:02:07.717 [main] DEBUG com.iluwatar.commander.Commander - Order BS7EYINXCUEC: Error in connecting to shipping service, trying again..
13:02:07.717 [main] INFO com.iluwatar.commander.Commander - Sorry, there was a problem in creating your order. Please try later.
13:02:07.717 [main] ERROR com.iluwatar.commander.Commander - Order BS7EYINXCUEC: Shipping service unavailable, order not placed..
13:02:07.717 [main] INFO com.iluwatar.commander.Commander - Order BS7EYINXCUEC: Shipping placed successfully, transaction id: UZZQUELTUQ8N
13:02:07.717 [main] INFO com.iluwatar.commander.Commander - Order has been placed and will be shipped to you. Please wait while we make your payment... 
13:02:07.717 [main] INFO com.iluwatar.commander.Commander - Order BS7EYINXCUEC: Shipping placed successfully, transaction id: GKATDKBJZXM0
13:02:07.717 [main] INFO com.iluwatar.commander.Commander - Order has been placed and will be shipped to you. Please wait while we make your payment... 
13:02:07.717 [Thread-2107] DEBUG com.iluwatar.commander.Commander - Order BS7EYINXCUEC: Error in connecting to payment service, trying again..
13:02:07.717 [Thread-2107] WARN com.iluwatar.commander.Commander - Order BS7EYINXCUEC: Payment error, going to queue..
13:02:07.717 [main] INFO com.iluwatar.commander.Commander - Order BS7EYINXCUEC: Shipping placed successfully, transaction id: 1G8MZ1RCMAT9
13:02:07.717 [main] INFO com.iluwatar.commander.Commander - Order has been placed and will be shipped to you. Please wait while we make your payment... 
13:02:07.717 [Thread-2108] INFO com.iluwatar.commander.Commander - Order BS7EYINXCUEC: Payment successful, transaction Id: 6ZQV5I08KN18
13:02:07.717 [Thread-2109] DEBUG com.iluwatar.commander.Commander - Order BS7EYINXCUEC: Error in connecting to messaging service (Payment Error msg), trying again..
13:02:07.717 [main] DEBUG com.iluwatar.commander.Commander - Order P7L2NOKPNH1I: Error in creating shipping request..
13:02:07.717 [main] INFO com.iluwatar.commander.Commander - Sorry, there was a problem in creating your order. Please try later.
13:02:07.717 [main] ERROR com.iluwatar.commander.Commander - Order P7L2NOKPNH1I: Shipping service unavailable, order not placed..
13:02:07.717 [main] INFO com.iluwatar.commander.Commander - Order P7L2NOKPNH1I: Shipping placed successfully, transaction id: GPRS5YBX14KM
13:02:07.717 [main] INFO com.iluwatar.commander.Commander - Order has been placed and will be shipped to you. Please wait while we make your payment... 
13:02:07.717 [Thread-2111] INFO com.iluwatar.commander.messagingservice.MessagingService - Msg: Your order has been placed and paid for successfully! Thank you for shopping with us!
13:02:07.717 [Thread-2111] INFO com.iluwatar.commander.Commander - Order BS7EYINXCUEC: Payment Success message sent, request Id: I67I3OWJ9ABT
13:02:07.717 [main] INFO com.iluwatar.commander.Commander - Order P7L2NOKPNH1I: Shipping placed successfully, transaction id: ZR02022CP4F2
13:02:07.717 [main] INFO com.iluwatar.commander.Commander - Order has been placed and will be shipped to you. Please wait while we make your payment... 
13:02:07.717 [Thread-2112] DEBUG com.iluwatar.commander.Commander - Order P7L2NOKPNH1I: Error in creating payment request..
13:02:07.717 [Thread-2112] WARN com.iluwatar.commander.Commander - Order P7L2NOKPNH1I: Payment error, going to queue..
13:02:07.717 [main] INFO com.iluwatar.commander.Commander - Order P7L2NOKPNH1I: Shipping placed successfully, transaction id: 3I88HJJGZ3EY
13:02:07.717 [main] INFO com.iluwatar.commander.Commander - Order has been placed and will be shipped to you. Please wait while we make your payment... 
13:02:07.718 [Thread-2113] INFO com.iluwatar.commander.Commander - Order P7L2NOKPNH1I: Payment successful, transaction Id: M62H153B6LPE
13:02:07.718 [Thread-2114] DEBUG com.iluwatar.commander.Commander - Order P7L2NOKPNH1I: Error in creating Payment Error messaging request..
13:02:07.718 [main] INFO com.iluwatar.commander.Commander - Sorry, there was a problem in creating your order. Please try later.
13:02:07.718 [main] ERROR com.iluwatar.commander.Commander - Order FFRJXIMIKXF3: Shipping service unavailable, order not placed..
13:02:07.718 [main] INFO com.iluwatar.commander.Commander - Sorry, there was a problem in creating your order. Please try later.
13:02:07.718 [main] ERROR com.iluwatar.commander.Commander - Order FFRJXIMIKXF3: Shipping service unavailable, order not placed..
13:02:07.718 [main] INFO com.iluwatar.commander.Commander - Sorry, there was a problem in creating your order. Please try later.
13:02:07.718 [main] ERROR com.iluwatar.commander.Commander - Order FFRJXIMIKXF3: Shipping service unavailable, order not placed..
13:02:07.718 [main] INFO com.iluwatar.commander.Commander - Sorry, there was a problem in creating your order. Please try later.
13:02:07.718 [main] ERROR com.iluwatar.commander.Commander - Order FFRJXIMIKXF3: Shipping service unavailable, order not placed..
13:02:07.718 [Thread-2116] INFO com.iluwatar.commander.messagingservice.MessagingService - Msg: Your order has been placed and paid for successfully! Thank you for shopping with us!
13:02:07.718 [Thread-2116] INFO com.iluwatar.commander.Commander - Order P7L2NOKPNH1I: Payment Success message sent, request Id: 20EOE59FRSVN
13:02:07.718 [main] INFO com.iluwatar.commander.Commander - Sorry, there was a problem in creating your order. Please try later.
13:02:07.718 [main] ERROR com.iluwatar.commander.Commander - Order A3B1L1BV86TF: Shipping service unavailable, order not placed..
13:02:07.718 [main] INFO com.iluwatar.commander.Commander - Sorry, there was a problem in creating your order. Please try later.
13:02:07.718 [main] ERROR com.iluwatar.commander.Commander - Order A3B1L1BV86TF: Shipping service unavailable, order not placed..
13:02:07.718 [main] INFO com.iluwatar.commander.Commander - Sorry, there was a problem in creating your order. Please try later.
13:02:07.718 [main] ERROR com.iluwatar.commander.Commander - Order A3B1L1BV86TF: Shipping service unavailable, order not placed..
13:02:07.718 [main] INFO com.iluwatar.commander.Commander - Sorry, there was a problem in creating your order. Please try later.
13:02:07.718 [main] ERROR com.iluwatar.commander.Commander - Order A3B1L1BV86TF: Shipping service unavailable, order not placed..
13:02:07.718 [main] DEBUG com.iluwatar.commander.Commander - Order AUGOCZD3BYLK: Error in connecting to shipping service, trying again..
13:02:07.718 [main] INFO com.iluwatar.commander.Commander - Sorry, there was a problem in creating your order. Please try later.
13:02:07.718 [main] ERROR com.iluwatar.commander.Commander - Order AUGOCZD3BYLK: Shipping service unavailable, order not placed..
13:02:07.718 [main] INFO com.iluwatar.commander.Commander - Order AUGOCZD3BYLK: Shipping placed successfully, transaction id: 4383ABZP4XAX
13:02:07.718 [main] INFO com.iluwatar.commander.Commander - Order has been placed and will be shipped to you. Please wait while we make your payment... 
13:02:07.718 [main] INFO com.iluwatar.commander.Commander - Order AUGOCZD3BYLK: Shipping placed successfully, transaction id: I0HZR9ZXYECZ
13:02:07.718 [main] INFO com.iluwatar.commander.Commander - Order has been placed and will be shipped to you. Please wait while we make your payment... 
13:02:07.718 [main] INFO com.iluwatar.commander.Commander - Order AUGOCZD3BYLK: Shipping placed successfully, transaction id: W898QN273LUV
13:02:07.718 [Thread-2117] DEBUG com.iluwatar.commander.Commander - Order AUGOCZD3BYLK: Error in connecting to payment service, trying again..
13:02:07.718 [Thread-2117] WARN com.iluwatar.commander.Commander - Order AUGOCZD3BYLK: Payment error, going to queue..
13:02:07.718 [Thread-2118] INFO com.iluwatar.commander.Commander - Order AUGOCZD3BYLK: Payment successful, transaction Id: 743NGZMREW4G
13:02:07.718 [main] INFO com.iluwatar.commander.Commander - Order has been placed and will be shipped to you. Please wait while we make your payment... 
13:02:07.718 [Thread-2119] DEBUG com.iluwatar.commander.Commander - Order AUGOCZD3BYLK: Error in connecting to messaging service (Payment Error msg), trying again..
13:02:07.718 [main] DEBUG com.iluwatar.commander.Commander - Order DDIODN5811KC: Error in connecting to shipping service, trying again..
13:02:07.718 [main] INFO com.iluwatar.commander.Commander - Sorry, there was a problem in creating your order. Please try later.
13:02:07.718 [main] ERROR com.iluwatar.commander.Commander - Order DDIODN5811KC: Shipping service unavailable, order not placed..
13:02:07.718 [main] INFO com.iluwatar.commander.Commander - Order DDIODN5811KC: Shipping placed successfully, transaction id: 3TUJW7ZCADLG
13:02:07.718 [main] INFO com.iluwatar.commander.Commander - Order has been placed and will be shipped to you. Please wait while we make your payment... 
13:02:07.718 [main] INFO com.iluwatar.commander.Commander - Order DDIODN5811KC: Shipping placed successfully, transaction id: KE8GYQLBSDOI
13:02:07.718 [main] INFO com.iluwatar.commander.Commander - Order has been placed and will be shipped to you. Please wait while we make your payment... 
13:02:07.718 [Thread-2122] DEBUG com.iluwatar.commander.Commander - Order DDIODN5811KC: Error in connecting to payment service, trying again..
13:02:07.718 [Thread-2122] WARN com.iluwatar.commander.Commander - Order DDIODN5811KC: Payment error, going to queue..
13:02:07.718 [main] INFO com.iluwatar.commander.Commander - Order DDIODN5811KC: Shipping placed successfully, transaction id: XB30UVYBQM54
13:02:07.718 [main] INFO com.iluwatar.commander.Commander - Order has been placed and will be shipped to you. Please wait while we make your payment... 
13:02:07.718 [Thread-2123] INFO com.iluwatar.commander.Commander - Order DDIODN5811KC: Payment successful, transaction Id: D7T2DKKUHWBL
13:02:07.718 [Thread-2120] INFO com.iluwatar.commander.messagingservice.MessagingService - Msg: Your order has been placed and paid for successfully! Thank you for shopping with us!
13:02:07.718 [Thread-2120] INFO com.iluwatar.commander.Commander - Order AUGOCZD3BYLK: Payment Success message sent, request Id: A7RZEAVSP2N7
13:02:07.718 [Thread-2126] DEBUG com.iluwatar.commander.Commander - Order DDIODN5811KC: Error in connecting to messaging service (Payment Success msg), trying again..
13:02:07.718 [Thread-2126] INFO com.iluwatar.commander.Commander - Order DDIODN5811KC: Error in sending Payment Success message, trying to queue task and add to employee handle..
13:02:07.718 [Thread-2127] WARN com.iluwatar.commander.Commander - Order DDIODN5811KC: Error in connecting to employee handle, trying again..
13:02:07.718 [Thread-2127] WARN com.iluwatar.commander.Commander - Order DDIODN5811KC: Error in adding to employee db, trying to queue task..
13:02:07.719 [main] INFO com.iluwatar.commander.Commander - Sorry, there was a problem in creating your order. Please try later.
13:02:07.719 [main] ERROR com.iluwatar.commander.Commander - Order 191N1S90X1M8: Shipping service unavailable, order not placed..
13:02:07.719 [main] INFO com.iluwatar.commander.Commander - Sorry, there was a problem in creating your order. Please try later.
13:02:07.719 [main] ERROR com.iluwatar.commander.Commander - Order 191N1S90X1M8: Shipping service unavailable, order not placed..
13:02:07.719 [main] INFO com.iluwatar.commander.Commander - Sorry, there was a problem in creating your order. Please try later.
13:02:07.719 [main] ERROR com.iluwatar.commander.Commander - Order 191N1S90X1M8: Shipping service unavailable, order not placed..
13:02:07.719 [main] INFO com.iluwatar.commander.Commander - Sorry, there was a problem in creating your order. Please try later.
13:02:07.719 [main] ERROR com.iluwatar.commander.Commander - Order 191N1S90X1M8: Shipping service unavailable, order not placed..
13:02:07.719 [main] INFO com.iluwatar.commander.Commander - Sorry, there was a problem in creating your order. Please try later.
13:02:07.719 [main] ERROR com.iluwatar.commander.Commander - Order FXSNC6VH35GW: Shipping service unavailable, order not placed..
13:02:07.719 [main] INFO com.iluwatar.commander.Commander - Sorry, there was a problem in creating your order. Please try later.
13:02:07.719 [main] ERROR com.iluwatar.commander.Commander - Order FXSNC6VH35GW: Shipping service unavailable, order not placed..
13:02:07.719 [main] INFO com.iluwatar.commander.Commander - Sorry, there was a problem in creating your order. Please try later.
13:02:07.719 [main] ERROR com.iluwatar.commander.Commander - Order FXSNC6VH35GW: Shipping service unavailable, order not placed..
13:02:07.719 [main] INFO com.iluwatar.commander.Commander - Sorry, there was a problem in creating your order. Please try later.
13:02:07.719 [main] ERROR com.iluwatar.commander.Commander - Order FXSNC6VH35GW: Shipping service unavailable, order not placed..
13:02:07.719 [main] DEBUG com.iluwatar.commander.Commander - Order WC6GRVF76Z7A: Error in connecting to shipping service, trying again..
13:02:07.719 [main] INFO com.iluwatar.commander.Commander - Sorry, there was a problem in creating your order. Please try later.
13:02:07.719 [main] ERROR com.iluwatar.commander.Commander - Order WC6GRVF76Z7A: Shipping service unavailable, order not placed..
13:02:07.719 [main] INFO com.iluwatar.commander.Commander - Order WC6GRVF76Z7A: Shipping placed successfully, transaction id: DUOSWBOKCYBE
13:02:07.719 [main] INFO com.iluwatar.commander.Commander - Order has been placed and will be shipped to you. Please wait while we make your payment... 
13:02:07.719 [main] INFO com.iluwatar.commander.Commander - Order WC6GRVF76Z7A: Shipping placed successfully, transaction id: V00WAZ01SZQW
13:02:07.719 [main] INFO com.iluwatar.commander.Commander - Order has been placed and will be shipped to you. Please wait while we make your payment... 
13:02:07.719 [main] INFO com.iluwatar.commander.Commander - Order WC6GRVF76Z7A: Shipping placed successfully, transaction id: RJIM035C1MIR
13:02:07.719 [main] INFO com.iluwatar.commander.Commander - Order has been placed and will be shipped to you. Please wait while we make your payment... 
13:02:07.719 [main] DEBUG com.iluwatar.commander.Commander - Order LJSB9GYNSINI: Error in creating shipping request..
13:02:07.719 [main] INFO com.iluwatar.commander.Commander - Shipping is currently not possible to your address. We are working on the problem and will get back to you asap.
13:02:07.719 [Thread-2129] DEBUG com.iluwatar.commander.Commander - Order WC6GRVF76Z7A: Error in connecting to payment service, trying again..
13:02:07.719 [Thread-2128] DEBUG com.iluwatar.commander.Commander - Order WC6GRVF76Z7A: Error in connecting to payment service, trying again..
13:02:07.719 [Thread-2129] WARN com.iluwatar.commander.Commander - Order WC6GRVF76Z7A: Payment error, going to queue..
13:02:07.719 [Thread-2130] DEBUG com.iluwatar.commander.Commander - Order WC6GRVF76Z7A: Error in connecting to payment service, trying again..
13:02:07.719 [main] INFO com.iluwatar.commander.Commander - Order LJSB9GYNSINI: Shipping not possible to address, trying to add problem to employee db..
13:02:07.719 [Thread-2128] WARN com.iluwatar.commander.Commander - Order WC6GRVF76Z7A: Payment error, going to queue..
13:02:07.719 [Thread-2131] DEBUG com.iluwatar.commander.Commander - Order WC6GRVF76Z7A: Error in connecting to messaging service (Payment Error msg), trying again..
13:02:07.719 [Thread-2131] WARN com.iluwatar.commander.Commander - Order WC6GRVF76Z7A: Error in sending Payment Error message, trying to queue task and add to employee handle..
13:02:07.719 [Thread-2130] WARN com.iluwatar.commander.Commander - Order WC6GRVF76Z7A: Payment error, going to queue..
13:02:07.719 [main] INFO com.iluwatar.commander.Commander - Order LJSB9GYNSINI: Shipping placed successfully, transaction id: AX4SYOOTUBME
13:02:07.719 [main] INFO com.iluwatar.commander.Commander - Order has been placed and will be shipped to you. Please wait while we make your payment... 
13:02:07.719 [Thread-2132] WARN com.iluwatar.commander.Commander - Order LJSB9GYNSINI: Error in connecting to employee handle, trying again..
13:02:07.719 [Thread-2132] WARN com.iluwatar.commander.Commander - Order LJSB9GYNSINI: Error in adding to employee db, trying to queue task..
13:02:07.719 [Thread-2133] INFO com.iluwatar.commander.messagingservice.MessagingService - Msg: There was an error in your payment process, we are working on it and will return back to you shortly. Meanwhile, your order has been placed and will be shipped.
13:02:07.719 [main] INFO com.iluwatar.commander.Commander - Order LJSB9GYNSINI: Shipping placed successfully, transaction id: 5C7F5VQ8X5GV
13:02:07.719 [main] INFO com.iluwatar.commander.Commander - Order has been placed and will be shipped to you. Please wait while we make your payment... 
13:02:07.719 [Thread-2133] INFO com.iluwatar.commander.Commander - Order WC6GRVF76Z7A: Payment Error message sent successfully, request Id: 4HCPD1BFXN1F
13:02:07.719 [Thread-2136] DEBUG com.iluwatar.commander.Commander - Order LJSB9GYNSINI: Error in creating payment request..
13:02:07.719 [Thread-2136] WARN com.iluwatar.commander.Commander - Order LJSB9GYNSINI: Payment error, going to queue..
13:02:07.719 [Thread-2134] WARN com.iluwatar.commander.Commander - Order WC6GRVF76Z7A: Error in connecting to employee handle, trying again..
13:02:07.719 [Thread-2134] WARN com.iluwatar.commander.Commander - Order WC6GRVF76Z7A: Error in adding to employee db, trying to queue task..
13:02:07.719 [Thread-2138] DEBUG com.iluwatar.commander.Commander - Order LJSB9GYNSINI: Error in creating Payment Error messaging request..
13:02:07.719 [Thread-2138] WARN com.iluwatar.commander.Commander - Order LJSB9GYNSINI: Error in sending Payment Error message, trying to queue task and add to employee handle..
13:02:07.719 [main] INFO com.iluwatar.commander.Commander - Order LJSB9GYNSINI: Shipping placed successfully, transaction id: LZ4UI85CGJI9
13:02:07.719 [main] INFO com.iluwatar.commander.Commander - Order has been placed and will be shipped to you. Please wait while we make your payment... 
13:02:07.719 [Thread-2137] INFO com.iluwatar.commander.Commander - Order LJSB9GYNSINI: Payment successful, transaction Id: 686273HV6F1T
13:02:07.719 [main] INFO com.iluwatar.commander.Commander - Sorry, there was a problem in creating your order. Please try later.
13:02:07.719 [main] ERROR com.iluwatar.commander.Commander - Order CISWLHXS1VPQ: Shipping service unavailable, order not placed..
13:02:07.719 [main] INFO com.iluwatar.commander.Commander - Sorry, there was a problem in creating your order. Please try later.
13:02:07.719 [main] ERROR com.iluwatar.commander.Commander - Order CISWLHXS1VPQ: Shipping service unavailable, order not placed..
13:02:07.719 [main] INFO com.iluwatar.commander.Commander - Sorry, there was a problem in creating your order. Please try later.
13:02:07.719 [main] ERROR com.iluwatar.commander.Commander - Order CISWLHXS1VPQ: Shipping service unavailable, order not placed..
13:02:07.719 [main] INFO com.iluwatar.commander.Commander - Sorry, there was a problem in creating your order. Please try later.
13:02:07.719 [main] ERROR com.iluwatar.commander.Commander - Order CISWLHXS1VPQ: Shipping service unavailable, order not placed..
13:02:07.719 [Thread-2139] INFO com.iluwatar.commander.Commander - Order LJSB9GYNSINI: Added order to employee database
13:02:07.719 [main] INFO com.iluwatar.commander.Commander - Sorry, there was a problem in creating your order. Please try later.
13:02:07.719 [main] ERROR com.iluwatar.commander.Commander - Order EZ7WNXB52CSI: Shipping service unavailable, order not placed..
13:02:07.719 [main] INFO com.iluwatar.commander.Commander - Sorry, there was a problem in creating your order. Please try later.
13:02:07.719 [main] ERROR com.iluwatar.commander.Commander - Order EZ7WNXB52CSI: Shipping service unavailable, order not placed..
13:02:07.719 [main] INFO com.iluwatar.commander.Commander - Sorry, there was a problem in creating your order. Please try later.
13:02:07.719 [main] ERROR com.iluwatar.commander.Commander - Order EZ7WNXB52CSI: Shipping service unavailable, order not placed..
13:02:07.719 [Thread-2141] INFO com.iluwatar.commander.messagingservice.MessagingService - Msg: Your order has been placed and paid for successfully! Thank you for shopping with us!
13:02:07.719 [Thread-2141] INFO com.iluwatar.commander.Commander - Order LJSB9GYNSINI: Payment Success message sent, request Id: MRYUABVKQ4W6
13:02:07.719 [main] INFO com.iluwatar.commander.Commander - Sorry, there was a problem in creating your order. Please try later.
13:02:07.719 [main] ERROR com.iluwatar.commander.Commander - Order EZ7WNXB52CSI: Shipping service unavailable, order not placed..
13:02:07.719 [main] DEBUG com.iluwatar.commander.Commander - Order 02BHVKYDSYL1: Error in connecting to shipping service, trying again..
13:02:07.719 [main] INFO com.iluwatar.commander.Commander - Sorry, there was a problem in creating your order. Please try later.
13:02:07.719 [main] ERROR com.iluwatar.commander.Commander - Order 02BHVKYDSYL1: Shipping service unavailable, order not placed..
13:02:07.719 [main] INFO com.iluwatar.commander.Commander - Order 02BHVKYDSYL1: Shipping placed successfully, transaction id: ICYWLYGPTV9A
13:02:07.719 [main] INFO com.iluwatar.commander.Commander - Order has been placed and will be shipped to you. Please wait while we make your payment... 
13:02:07.719 [main] INFO com.iluwatar.commander.Commander - Order 02BHVKYDSYL1: Shipping placed successfully, transaction id: 3H3R6VLH8U94
13:02:07.719 [main] INFO com.iluwatar.commander.Commander - Order has been placed and will be shipped to you. Please wait while we make your payment... 
13:02:07.719 [Thread-2142] DEBUG com.iluwatar.commander.Commander - Order 02BHVKYDSYL1: Error in connecting to payment service, trying again..
13:02:07.720 [Thread-2142] WARN com.iluwatar.commander.Commander - Order 02BHVKYDSYL1: Payment error, going to queue..
13:02:07.720 [main] INFO com.iluwatar.commander.Commander - Order 02BHVKYDSYL1: Shipping placed successfully, transaction id: VL5IJUVYQ7IM
13:02:07.720 [main] INFO com.iluwatar.commander.Commander - Order has been placed and will be shipped to you. Please wait while we make your payment... 
13:02:07.720 [Thread-2143] INFO com.iluwatar.commander.Commander - Order 02BHVKYDSYL1: Payment successful, transaction Id: O7XHSFLG3PO5
13:02:07.720 [Thread-2144] DEBUG com.iluwatar.commander.Commander - Order 02BHVKYDSYL1: Error in connecting to messaging service (Payment Error msg), trying again..
13:02:07.720 [Thread-2146] INFO com.iluwatar.commander.messagingservice.MessagingService - Msg: Your order has been placed and paid for successfully! Thank you for shopping with us!
13:02:07.720 [Thread-2146] INFO com.iluwatar.commander.Commander - Order 02BHVKYDSYL1: Payment Success message sent, request Id: GXYWKAZZIBE4
13:02:07.720 [main] DEBUG com.iluwatar.commander.Commander - Order 99YRODAVO0Q2: Error in creating shipping request..
13:02:07.720 [main] INFO com.iluwatar.commander.Commander - This item is currently unavailable. We will inform you as soon as the item becomes available again.
13:02:07.720 [main] INFO com.iluwatar.commander.Commander - Order 99YRODAVO0Q2: Item pen unavailable, trying to add problem to employee handle..
13:02:07.720 [main] INFO com.iluwatar.commander.Commander - Order 99YRODAVO0Q2: Shipping placed successfully, transaction id: N9NMWYK8T2GC
13:02:07.720 [main] INFO com.iluwatar.commander.Commander - Order has been placed and will be shipped to you. Please wait while we make your payment... 
13:02:07.720 [Thread-2147] WARN com.iluwatar.commander.Commander - Order 99YRODAVO0Q2: Error in connecting to employee handle, trying again..
13:02:07.720 [Thread-2147] WARN com.iluwatar.commander.Commander - Order 99YRODAVO0Q2: Error in adding to employee db, trying to queue task..
13:02:07.720 [main] INFO com.iluwatar.commander.Commander - Order 99YRODAVO0Q2: Shipping placed successfully, transaction id: 7TTWGFROI2TR
13:02:07.720 [main] INFO com.iluwatar.commander.Commander - Order has been placed and will be shipped to you. Please wait while we make your payment... 
13:02:07.720 [Thread-2148] DEBUG com.iluwatar.commander.Commander - Order 99YRODAVO0Q2: Error in creating payment request..
13:02:07.720 [Thread-2148] WARN com.iluwatar.commander.Commander - Order 99YRODAVO0Q2: Payment error, going to queue..
13:02:07.720 [main] INFO com.iluwatar.commander.Commander - Order 99YRODAVO0Q2: Shipping placed successfully, transaction id: 689AE9FJJUPJ
13:02:07.720 [main] INFO com.iluwatar.commander.Commander - Order has been placed and will be shipped to you. Please wait while we make your payment... 
13:02:07.720 [Thread-2149] INFO com.iluwatar.commander.Commander - Order 99YRODAVO0Q2: Payment successful, transaction Id: IDIOXN02AYWN
13:02:07.720 [Thread-2150] DEBUG com.iluwatar.commander.Commander - Order 99YRODAVO0Q2: Error in creating Payment Error messaging request..
13:02:07.720 [Thread-2152] INFO com.iluwatar.commander.messagingservice.MessagingService - Msg: Your order has been placed and paid for successfully! Thank you for shopping with us!
13:02:07.720 [Thread-2152] INFO com.iluwatar.commander.Commander - Order 99YRODAVO0Q2: Payment Success message sent, request Id: V0CCISEH4YSW
13:02:07.720 [main] INFO com.iluwatar.commander.Commander - Sorry, there was a problem in creating your order. Please try later.
13:02:07.720 [main] ERROR com.iluwatar.commander.Commander - Order PXKAOB594TBI: Shipping service unavailable, order not placed..
13:02:07.720 [main] INFO com.iluwatar.commander.Commander - Sorry, there was a problem in creating your order. Please try later.
13:02:07.720 [main] ERROR com.iluwatar.commander.Commander - Order PXKAOB594TBI: Shipping service unavailable, order not placed..
13:02:07.720 [main] INFO com.iluwatar.commander.Commander - Sorry, there was a problem in creating your order. Please try later.
13:02:07.720 [main] ERROR com.iluwatar.commander.Commander - Order PXKAOB594TBI: Shipping service unavailable, order not placed..
13:02:07.720 [main] INFO com.iluwatar.commander.Commander - Sorry, there was a problem in creating your order. Please try later.
13:02:07.720 [main] ERROR com.iluwatar.commander.Commander - Order PXKAOB594TBI: Shipping service unavailable, order not placed..
13:02:07.720 [main] INFO com.iluwatar.commander.Commander - Sorry, there was a problem in creating your order. Please try later.
13:02:07.720 [main] ERROR com.iluwatar.commander.Commander - Order OFC5XDQUVBQ7: Shipping service unavailable, order not placed..
13:02:07.720 [main] INFO com.iluwatar.commander.Commander - Sorry, there was a problem in creating your order. Please try later.
13:02:07.720 [main] ERROR com.iluwatar.commander.Commander - Order OFC5XDQUVBQ7: Shipping service unavailable, order not placed..
13:02:07.720 [main] INFO com.iluwatar.commander.Commander - Sorry, there was a problem in creating your order. Please try later.
13:02:07.720 [main] ERROR com.iluwatar.commander.Commander - Order OFC5XDQUVBQ7: Shipping service unavailable, order not placed..
13:02:07.720 [main] INFO com.iluwatar.commander.Commander - Sorry, there was a problem in creating your order. Please try later.
13:02:07.720 [main] ERROR com.iluwatar.commander.Commander - Order OFC5XDQUVBQ7: Shipping service unavailable, order not placed..
13:02:07.720 [main] DEBUG com.iluwatar.commander.Commander - Order MTD2ISKNR19H: Error in connecting to shipping service, trying again..
13:02:07.720 [main] INFO com.iluwatar.commander.Commander - Sorry, there was a problem in creating your order. Please try later.
13:02:07.720 [main] ERROR com.iluwatar.commander.Commander - Order MTD2ISKNR19H: Shipping service unavailable, order not placed..
13:02:07.720 [main] INFO com.iluwatar.commander.Commander - Order MTD2ISKNR19H: Shipping placed successfully, transaction id: 4UD38UAICK2F
13:02:07.720 [main] INFO com.iluwatar.commander.Commander - Order has been placed and will be shipped to you. Please wait while we make your payment... 
13:02:07.720 [main] INFO com.iluwatar.commander.Commander - Order MTD2ISKNR19H: Shipping placed successfully, transaction id: 8ML50J5XN7ZM
13:02:07.720 [main] INFO com.iluwatar.commander.Commander - Order has been placed and will be shipped to you. Please wait while we make your payment... 
13:02:07.720 [Thread-2153] DEBUG com.iluwatar.commander.Commander - Order MTD2ISKNR19H: Error in connecting to payment service, trying again..
13:02:07.720 [Thread-2153] WARN com.iluwatar.commander.Commander - Order MTD2ISKNR19H: Payment error, going to queue..
13:02:07.720 [main] INFO com.iluwatar.commander.Commander - Order MTD2ISKNR19H: Shipping placed successfully, transaction id: VABNHUPX06FY
13:02:07.720 [main] INFO com.iluwatar.commander.Commander - Order has been placed and will be shipped to you. Please wait while we make your payment... 
13:02:07.720 [Thread-2154] INFO com.iluwatar.commander.Commander - Order MTD2ISKNR19H: Payment successful, transaction Id: B9Z9CELOZGVX
13:02:07.720 [Thread-2155] DEBUG com.iluwatar.commander.Commander - Order MTD2ISKNR19H: Error in connecting to messaging service (Payment Error msg), trying again..
13:02:07.720 [Thread-2157] INFO com.iluwatar.commander.messagingservice.MessagingService - Msg: Your order has been placed and paid for successfully! Thank you for shopping with us!
13:02:07.720 [Thread-2157] INFO com.iluwatar.commander.Commander - Order MTD2ISKNR19H: Payment Success message sent, request Id: R7LLM03FDAFG
13:02:07.720 [main] DEBUG com.iluwatar.commander.Commander - Order 1J8FM30ZEQUY: Error in creating shipping request..
13:02:07.720 [main] INFO com.iluwatar.commander.Commander - Sorry, there was a problem in creating your order. Please try later.
13:02:07.720 [main] ERROR com.iluwatar.commander.Commander - Order 1J8FM30ZEQUY: Shipping service unavailable, order not placed..
13:02:07.720 [main] INFO com.iluwatar.commander.Commander - Order 1J8FM30ZEQUY: Shipping placed successfully, transaction id: 1GGPQLF7OZZ0
13:02:07.720 [main] INFO com.iluwatar.commander.Commander - Order has been placed and will be shipped to you. Please wait while we make your payment... 
13:02:07.720 [main] INFO com.iluwatar.commander.Commander - Order 1J8FM30ZEQUY: Shipping placed successfully, transaction id: 2M3SFH868967
13:02:07.720 [main] INFO com.iluwatar.commander.Commander - Order has been placed and will be shipped to you. Please wait while we make your payment... 
13:02:07.720 [Thread-2158] DEBUG com.iluwatar.commander.Commander - Order 1J8FM30ZEQUY: Error in creating payment request..
13:02:07.720 [Thread-2158] ERROR com.iluwatar.commander.Commander - Order 1J8FM30ZEQUY: Payment details incorrect, failed..
13:02:07.720 [main] INFO com.iluwatar.commander.Commander - Order 1J8FM30ZEQUY: Shipping placed successfully, transaction id: PK3OOFG3VZYQ
13:02:07.720 [main] INFO com.iluwatar.commander.Commander - Order has been placed and will be shipped to you. Please wait while we make your payment... 
13:02:07.720 [Thread-2160] DEBUG com.iluwatar.commander.Commander - Order 1J8FM30ZEQUY: Error in creating Payment Failure message request..
13:02:07.720 [Thread-2160] WARN com.iluwatar.commander.Commander - Order 1J8FM30ZEQUY: Error in sending Payment Failure message, trying to queue task and add to employee handle..
13:02:07.720 [main] INFO com.iluwatar.commander.Commander - Sorry, there was a problem in creating your order. Please try later.
13:02:07.720 [main] ERROR com.iluwatar.commander.Commander - Order KJXE5X8JJK8V: Shipping service unavailable, order not placed..
13:02:07.720 [main] INFO com.iluwatar.commander.Commander - Sorry, there was a problem in creating your order. Please try later.
13:02:07.720 [main] ERROR com.iluwatar.commander.Commander - Order KJXE5X8JJK8V: Shipping service unavailable, order not placed..
13:02:07.720 [main] INFO com.iluwatar.commander.Commander - Sorry, there was a problem in creating your order. Please try later.
13:02:07.720 [main] ERROR com.iluwatar.commander.Commander - Order KJXE5X8JJK8V: Shipping service unavailable, order not placed..
13:02:07.720 [Thread-2162] WARN com.iluwatar.commander.Commander - Order 1J8FM30ZEQUY: Error in connecting to employee handle, trying again..
13:02:07.720 [Thread-2162] WARN com.iluwatar.commander.Commander - Order 1J8FM30ZEQUY: Error in adding to employee db, trying to queue task..
13:02:07.720 [main] INFO com.iluwatar.commander.Commander - Sorry, there was a problem in creating your order. Please try later.
13:02:07.720 [main] ERROR com.iluwatar.commander.Commander - Order KJXE5X8JJK8V: Shipping service unavailable, order not placed..
13:02:07.720 [main] INFO com.iluwatar.commander.Commander - Sorry, there was a problem in creating your order. Please try later.
13:02:07.720 [main] ERROR com.iluwatar.commander.Commander - Order YY8TWIL87WJE: Shipping service unavailable, order not placed..
13:02:07.720 [main] INFO com.iluwatar.commander.Commander - Sorry, there was a problem in creating your order. Please try later.
13:02:07.720 [main] ERROR com.iluwatar.commander.Commander - Order YY8TWIL87WJE: Shipping service unavailable, order not placed..
13:02:07.720 [main] INFO com.iluwatar.commander.Commander - Sorry, there was a problem in creating your order. Please try later.
13:02:07.720 [main] ERROR com.iluwatar.commander.Commander - Order YY8TWIL87WJE: Shipping service unavailable, order not placed..
13:02:07.720 [main] INFO com.iluwatar.commander.Commander - Sorry, there was a problem in creating your order. Please try later.
13:02:07.720 [main] ERROR com.iluwatar.commander.Commander - Order YY8TWIL87WJE: Shipping service unavailable, order not placed..
13:02:07.720 [main] DEBUG com.iluwatar.commander.Commander - Order SMRP7VLEXYKA: Error in connecting to shipping service, trying again..
13:02:07.720 [main] INFO com.iluwatar.commander.Commander - Sorry, there was a problem in creating your order. Please try later.
13:02:07.720 [main] ERROR com.iluwatar.commander.Commander - Order SMRP7VLEXYKA: Shipping service unavailable, order not placed..
13:02:07.720 [main] INFO com.iluwatar.commander.Commander - Order SMRP7VLEXYKA: Shipping placed successfully, transaction id: MP036WKCC6BX
13:02:07.720 [main] INFO com.iluwatar.commander.Commander - Order has been placed and will be shipped to you. Please wait while we make your payment... 
13:02:07.720 [main] INFO com.iluwatar.commander.Commander - Order SMRP7VLEXYKA: Shipping placed successfully, transaction id: SBNVACL6N2K0
13:02:07.720 [main] INFO com.iluwatar.commander.Commander - Order has been placed and will be shipped to you. Please wait while we make your payment... 
13:02:07.720 [Thread-2163] DEBUG com.iluwatar.commander.Commander - Order SMRP7VLEXYKA: Error in connecting to payment service, trying again..
13:02:07.720 [Thread-2163] WARN com.iluwatar.commander.Commander - Order SMRP7VLEXYKA: Payment error, going to queue..
13:02:07.720 [main] INFO com.iluwatar.commander.Commander - Order SMRP7VLEXYKA: Shipping placed successfully, transaction id: LNLNV7JOOSJS
13:02:07.720 [main] INFO com.iluwatar.commander.Commander - Order has been placed and will be shipped to you. Please wait while we make your payment... 
13:02:07.721 [Thread-2164] INFO com.iluwatar.commander.Commander - Order SMRP7VLEXYKA: Payment successful, transaction Id: ULOJ03H3LJLC
13:02:07.721 [Thread-2165] DEBUG com.iluwatar.commander.Commander - Order SMRP7VLEXYKA: Error in connecting to messaging service (Payment Error msg), trying again..
13:02:07.721 [main] DEBUG com.iluwatar.commander.Commander - Order 9M49Q4L7KKK8: Error in creating shipping request..
13:02:07.721 [main] INFO com.iluwatar.commander.Commander - Sorry, there was a problem in creating your order. Please try later.
13:02:07.721 [main] ERROR com.iluwatar.commander.Commander - Order 9M49Q4L7KKK8: Shipping service unavailable, order not placed..
13:02:07.721 [main] INFO com.iluwatar.commander.Commander - Order 9M49Q4L7KKK8: Shipping placed successfully, transaction id: X591FYAQTOQR
13:02:07.721 [main] INFO com.iluwatar.commander.Commander - Order has been placed and will be shipped to you. Please wait while we make your payment... 
13:02:07.721 [Thread-2167] INFO com.iluwatar.commander.messagingservice.MessagingService - Msg: Your order has been placed and paid for successfully! Thank you for shopping with us!
13:02:07.721 [Thread-2167] INFO com.iluwatar.commander.Commander - Order SMRP7VLEXYKA: Payment Success message sent, request Id: 67GEE2WPATKM
13:02:07.721 [main] INFO com.iluwatar.commander.Commander - Order 9M49Q4L7KKK8: Shipping placed successfully, transaction id: BH2EBODW40OC
13:02:07.721 [main] INFO com.iluwatar.commander.Commander - Order has been placed and will be shipped to you. Please wait while we make your payment... 
13:02:07.721 [Thread-2168] DEBUG com.iluwatar.commander.Commander - Order 9M49Q4L7KKK8: Error in creating payment request..
13:02:07.721 [Thread-2168] WARN com.iluwatar.commander.Commander - Order 9M49Q4L7KKK8: Payment error, going to queue..
13:02:07.721 [main] INFO com.iluwatar.commander.Commander - Order 9M49Q4L7KKK8: Shipping placed successfully, transaction id: PS4DDWTKE3TO
13:02:07.721 [main] INFO com.iluwatar.commander.Commander - Order has been placed and will be shipped to you. Please wait while we make your payment... 
13:02:07.721 [Thread-2169] INFO com.iluwatar.commander.Commander - Order 9M49Q4L7KKK8: Payment successful, transaction Id: 64LKA2MJ3VOG
13:02:07.721 [Thread-2170] DEBUG com.iluwatar.commander.Commander - Order 9M49Q4L7KKK8: Error in creating Payment Error messaging request..
13:02:07.721 [Thread-2172] INFO com.iluwatar.commander.messagingservice.MessagingService - Msg: Your order has been placed and paid for successfully! Thank you for shopping with us!
13:02:07.721 [Thread-2172] INFO com.iluwatar.commander.Commander - Order 9M49Q4L7KKK8: Payment Success message sent, request Id: ZSGK25YWL8UM
13:02:07.721 [main] INFO com.iluwatar.commander.Commander - Sorry, there was a problem in creating your order. Please try later.
13:02:07.721 [main] ERROR com.iluwatar.commander.Commander - Order LNL3EUPMYH9C: Shipping service unavailable, order not placed..
13:02:07.721 [main] INFO com.iluwatar.commander.Commander - Sorry, there was a problem in creating your order. Please try later.
13:02:07.721 [main] ERROR com.iluwatar.commander.Commander - Order LNL3EUPMYH9C: Shipping service unavailable, order not placed..
13:02:07.721 [main] INFO com.iluwatar.commander.Commander - Sorry, there was a problem in creating your order. Please try later.
13:02:07.721 [main] ERROR com.iluwatar.commander.Commander - Order LNL3EUPMYH9C: Shipping service unavailable, order not placed..
13:02:07.721 [main] INFO com.iluwatar.commander.Commander - Sorry, there was a problem in creating your order. Please try later.
13:02:07.721 [main] ERROR com.iluwatar.commander.Commander - Order LNL3EUPMYH9C: Shipping service unavailable, order not placed..
13:02:07.721 [main] INFO com.iluwatar.commander.Commander - Sorry, there was a problem in creating your order. Please try later.
13:02:07.721 [main] ERROR com.iluwatar.commander.Commander - Order WSE0OOZ8YRHR: Shipping service unavailable, order not placed..
13:02:07.721 [main] INFO com.iluwatar.commander.Commander - Sorry, there was a problem in creating your order. Please try later.
13:02:07.721 [main] ERROR com.iluwatar.commander.Commander - Order WSE0OOZ8YRHR: Shipping service unavailable, order not placed..
13:02:07.721 [main] INFO com.iluwatar.commander.Commander - Sorry, there was a problem in creating your order. Please try later.
13:02:07.721 [main] ERROR com.iluwatar.commander.Commander - Order WSE0OOZ8YRHR: Shipping service unavailable, order not placed..
13:02:07.721 [main] INFO com.iluwatar.commander.Commander - Sorry, there was a problem in creating your order. Please try later.
13:02:07.721 [main] ERROR com.iluwatar.commander.Commander - Order WSE0OOZ8YRHR: Shipping service unavailable, order not placed..
13:02:07.721 [main] DEBUG com.iluwatar.commander.Commander - Order 5P1E8R9Z6WJB: Error in connecting to shipping service, trying again..
13:02:07.721 [main] INFO com.iluwatar.commander.Commander - Sorry, there was a problem in creating your order. Please try later.
13:02:07.721 [main] ERROR com.iluwatar.commander.Commander - Order 5P1E8R9Z6WJB: Shipping service unavailable, order not placed..
13:02:07.721 [main] INFO com.iluwatar.commander.Commander - Order 5P1E8R9Z6WJB: Shipping placed successfully, transaction id: EPQEIA2KAQNT
13:02:07.721 [main] INFO com.iluwatar.commander.Commander - Order has been placed and will be shipped to you. Please wait while we make your payment... 
13:02:07.721 [main] INFO com.iluwatar.commander.Commander - Order 5P1E8R9Z6WJB: Shipping placed successfully, transaction id: QQQPAJPMGVTI
13:02:07.721 [main] INFO com.iluwatar.commander.Commander - Order has been placed and will be shipped to you. Please wait while we make your payment... 
13:02:07.721 [Thread-2173] DEBUG com.iluwatar.commander.Commander - Order 5P1E8R9Z6WJB: Error in connecting to payment service, trying again..
13:02:07.721 [Thread-2173] WARN com.iluwatar.commander.Commander - Order 5P1E8R9Z6WJB: Payment error, going to queue..
13:02:07.721 [main] INFO com.iluwatar.commander.Commander - Order 5P1E8R9Z6WJB: Shipping placed successfully, transaction id: R8RDQTS0B5WP
13:02:07.721 [main] INFO com.iluwatar.commander.Commander - Order has been placed and will be shipped to you. Please wait while we make your payment... 
13:02:07.721 [Thread-2174] INFO com.iluwatar.commander.Commander - Order 5P1E8R9Z6WJB: Payment successful, transaction Id: 2GSE7YIDC5B2
13:02:07.721 [Thread-2175] DEBUG com.iluwatar.commander.Commander - Order 5P1E8R9Z6WJB: Error in connecting to messaging service (Payment Error msg), trying again..
13:02:07.721 [Thread-2177] INFO com.iluwatar.commander.messagingservice.MessagingService - Msg: Your order has been placed and paid for successfully! Thank you for shopping with us!
13:02:07.721 [Thread-2177] INFO com.iluwatar.commander.Commander - Order 5P1E8R9Z6WJB: Payment Success message sent, request Id: VJIIAJ75EDEL
13:02:07.721 [main] DEBUG com.iluwatar.commander.Commander - Order CTO75ELWTEQ7: Error in connecting to shipping service, trying again..
13:02:07.721 [main] INFO com.iluwatar.commander.Commander - Sorry, there was a problem in creating your order. Please try later.
13:02:07.721 [main] ERROR com.iluwatar.commander.Commander - Order CTO75ELWTEQ7: Shipping service unavailable, order not placed..
13:02:07.721 [main] INFO com.iluwatar.commander.Commander - Order CTO75ELWTEQ7: Shipping placed successfully, transaction id: 11Z5AWCSHY2C
13:02:07.721 [main] INFO com.iluwatar.commander.Commander - Order has been placed and will be shipped to you. Please wait while we make your payment... 
13:02:07.721 [main] INFO com.iluwatar.commander.Commander - Order CTO75ELWTEQ7: Shipping placed successfully, transaction id: 6F62OKV0QQ1H
13:02:07.721 [main] INFO com.iluwatar.commander.Commander - Order has been placed and will be shipped to you. Please wait while we make your payment... 
13:02:07.721 [Thread-2178] DEBUG com.iluwatar.commander.Commander - Order CTO75ELWTEQ7: Error in connecting to payment service, trying again..
13:02:07.721 [Thread-2178] WARN com.iluwatar.commander.Commander - Order CTO75ELWTEQ7: Payment error, going to queue..
13:02:07.721 [main] INFO com.iluwatar.commander.Commander - Order CTO75ELWTEQ7: Shipping placed successfully, transaction id: D5IAC5JYV55D
13:02:07.721 [main] INFO com.iluwatar.commander.Commander - Order has been placed and will be shipped to you. Please wait while we make your payment... 
13:02:07.721 [Thread-2179] INFO com.iluwatar.commander.Commander - Order CTO75ELWTEQ7: Payment successful, transaction Id: K18B7JFGNK6G
13:02:07.721 [Thread-2180] DEBUG com.iluwatar.commander.Commander - Order CTO75ELWTEQ7: Error in connecting to messaging service (Payment Error msg), trying again..
13:02:07.721 [main] INFO com.iluwatar.commander.Commander - Sorry, there was a problem in creating your order. Please try later.
13:02:07.721 [main] ERROR com.iluwatar.commander.Commander - Order UT1R762VUIIR: Shipping service unavailable, order not placed..
13:02:07.721 [main] INFO com.iluwatar.commander.Commander - Sorry, there was a problem in creating your order. Please try later.
13:02:07.721 [main] ERROR com.iluwatar.commander.Commander - Order UT1R762VUIIR: Shipping service unavailable, order not placed..
13:02:07.721 [Thread-2182] INFO com.iluwatar.commander.messagingservice.MessagingService - Msg: Your order has been placed and paid for successfully! Thank you for shopping with us!
13:02:07.721 [Thread-2182] INFO com.iluwatar.commander.Commander - Order CTO75ELWTEQ7: Payment Success message sent, request Id: O0GI4G2H1SSH
13:02:07.721 [main] INFO com.iluwatar.commander.Commander - Sorry, there was a problem in creating your order. Please try later.
13:02:07.721 [main] ERROR com.iluwatar.commander.Commander - Order UT1R762VUIIR: Shipping service unavailable, order not placed..
13:02:07.721 [main] INFO com.iluwatar.commander.Commander - Sorry, there was a problem in creating your order. Please try later.
13:02:07.721 [main] ERROR com.iluwatar.commander.Commander - Order UT1R762VUIIR: Shipping service unavailable, order not placed..
13:02:07.721 [main] INFO com.iluwatar.commander.Commander - Sorry, there was a problem in creating your order. Please try later.
13:02:07.721 [main] ERROR com.iluwatar.commander.Commander - Order GTWUD2KCOJ2O: Shipping service unavailable, order not placed..
13:02:07.721 [main] INFO com.iluwatar.commander.Commander - Sorry, there was a problem in creating your order. Please try later.
13:02:07.721 [main] ERROR com.iluwatar.commander.Commander - Order GTWUD2KCOJ2O: Shipping service unavailable, order not placed..
13:02:07.722 [main] INFO com.iluwatar.commander.Commander - Sorry, there was a problem in creating your order. Please try later.
13:02:07.722 [main] ERROR com.iluwatar.commander.Commander - Order GTWUD2KCOJ2O: Shipping service unavailable, order not placed..
13:02:07.722 [main] INFO com.iluwatar.commander.Commander - Sorry, there was a problem in creating your order. Please try later.
13:02:07.722 [main] ERROR com.iluwatar.commander.Commander - Order GTWUD2KCOJ2O: Shipping service unavailable, order not placed..
13:02:07.722 [main] DEBUG com.iluwatar.commander.Commander - Order H72DFZJADMI7: Error in connecting to shipping service, trying again..
13:02:07.722 [main] INFO com.iluwatar.commander.Commander - Sorry, there was a problem in creating your order. Please try later.
13:02:07.722 [main] ERROR com.iluwatar.commander.Commander - Order H72DFZJADMI7: Shipping service unavailable, order not placed..
13:02:07.722 [main] INFO com.iluwatar.commander.Commander - Order H72DFZJADMI7: Shipping placed successfully, transaction id: VRJMVIPD7HOE
13:02:07.722 [main] INFO com.iluwatar.commander.Commander - Order has been placed and will be shipped to you. Please wait while we make your payment... 
13:02:07.722 [main] INFO com.iluwatar.commander.Commander - Order H72DFZJADMI7: Shipping placed successfully, transaction id: 77DWCYJ4N0PR
13:02:07.722 [main] INFO com.iluwatar.commander.Commander - Order has been placed and will be shipped to you. Please wait while we make your payment... 
13:02:07.722 [Thread-2183] DEBUG com.iluwatar.commander.Commander - Order H72DFZJADMI7: Error in connecting to payment service, trying again..
13:02:07.722 [Thread-2183] WARN com.iluwatar.commander.Commander - Order H72DFZJADMI7: Payment error, going to queue..
13:02:07.722 [main] INFO com.iluwatar.commander.Commander - Order H72DFZJADMI7: Shipping placed successfully, transaction id: Y2PPGKK4OY5Z
13:02:07.722 [main] INFO com.iluwatar.commander.Commander - Order has been placed and will be shipped to you. Please wait while we make your payment... 
13:02:07.722 [Thread-2184] INFO com.iluwatar.commander.Commander - Order H72DFZJADMI7: Payment successful, transaction Id: 2DZLQV0VMK8U
13:02:07.722 [Thread-2185] DEBUG com.iluwatar.commander.Commander - Order H72DFZJADMI7: Error in connecting to messaging service (Payment Error msg), trying again..
13:02:07.722 [Thread-2187] INFO com.iluwatar.commander.messagingservice.MessagingService - Msg: Your order has been placed and paid for successfully! Thank you for shopping with us!
13:02:07.722 [Thread-2187] INFO com.iluwatar.commander.Commander - Order H72DFZJADMI7: Payment Success message sent, request Id: ZTYGVAK5MXG7
13:02:07.722 [main] DEBUG com.iluwatar.commander.Commander - Order XYY1G9015Z7Y: Error in creating shipping request..
13:02:07.722 [main] INFO com.iluwatar.commander.Commander - Shipping is currently not possible to your address. We are working on the problem and will get back to you asap.
13:02:07.722 [main] INFO com.iluwatar.commander.Commander - Order XYY1G9015Z7Y: Shipping not possible to address, trying to add problem to employee db..
13:02:07.722 [main] INFO com.iluwatar.commander.Commander - Order XYY1G9015Z7Y: Shipping placed successfully, transaction id: WB215GMMBBBI
13:02:07.722 [main] INFO com.iluwatar.commander.Commander - Order has been placed and will be shipped to you. Please wait while we make your payment... 
13:02:07.722 [main] INFO com.iluwatar.commander.Commander - Order XYY1G9015Z7Y: Shipping placed successfully, transaction id: P9NZKQK4F4GR
13:02:07.722 [main] INFO com.iluwatar.commander.Commander - Order has been placed and will be shipped to you. Please wait while we make your payment... 
13:02:07.722 [main] INFO com.iluwatar.commander.Commander - Order XYY1G9015Z7Y: Shipping placed successfully, transaction id: 2MR8WFYXID00
13:02:07.722 [main] INFO com.iluwatar.commander.Commander - Order has been placed and will be shipped to you. Please wait while we make your payment... 
13:02:07.722 [Thread-2188] DEBUG com.iluwatar.commander.Commander - Order XYY1G9015Z7Y: Error in creating payment request..
13:02:07.722 [Thread-2188] WARN com.iluwatar.commander.Commander - Order XYY1G9015Z7Y: Payment error, going to queue..
13:02:07.722 [Thread-2189] DEBUG com.iluwatar.commander.Commander - Order XYY1G9015Z7Y: Error in creating payment request..
13:02:07.722 [main] INFO com.iluwatar.commander.Commander - Sorry, there was a problem in creating your order. Please try later.
13:02:07.722 [main] ERROR com.iluwatar.commander.Commander - Order 608YAT33GADH: Shipping service unavailable, order not placed..
13:02:07.722 [main] INFO com.iluwatar.commander.Commander - Sorry, there was a problem in creating your order. Please try later.
13:02:07.722 [main] ERROR com.iluwatar.commander.Commander - Order 608YAT33GADH: Shipping service unavailable, order not placed..
13:02:07.722 [Thread-2189] WARN com.iluwatar.commander.Commander - Order XYY1G9015Z7Y: Payment error, going to queue..
13:02:07.722 [main] INFO com.iluwatar.commander.Commander - Sorry, there was a problem in creating your order. Please try later.
13:02:07.722 [main] ERROR com.iluwatar.commander.Commander - Order 608YAT33GADH: Shipping service unavailable, order not placed..
13:02:07.722 [main] INFO com.iluwatar.commander.Commander - Sorry, there was a problem in creating your order. Please try later.
13:02:07.722 [main] ERROR com.iluwatar.commander.Commander - Order 608YAT33GADH: Shipping service unavailable, order not placed..
13:02:07.722 [Thread-2190] INFO com.iluwatar.commander.Commander - Order XYY1G9015Z7Y: Payment successful, transaction Id: TDE9RBBOBIDM
13:02:07.722 [main] INFO com.iluwatar.commander.Commander - Sorry, there was a problem in creating your order. Please try later.
13:02:07.722 [main] ERROR com.iluwatar.commander.Commander - Order 67YYN81W27LU: Shipping service unavailable, order not placed..
13:02:07.722 [Thread-2191] DEBUG com.iluwatar.commander.Commander - Order XYY1G9015Z7Y: Error in creating Payment Error messaging request..
13:02:07.722 [main] INFO com.iluwatar.commander.Commander - Sorry, there was a problem in creating your order. Please try later.
13:02:07.722 [main] ERROR com.iluwatar.commander.Commander - Order 67YYN81W27LU: Shipping service unavailable, order not placed..
13:02:07.722 [main] INFO com.iluwatar.commander.Commander - Sorry, there was a problem in creating your order. Please try later.
13:02:07.722 [main] ERROR com.iluwatar.commander.Commander - Order 67YYN81W27LU: Shipping service unavailable, order not placed..
13:02:07.722 [main] INFO com.iluwatar.commander.Commander - Sorry, there was a problem in creating your order. Please try later.
13:02:07.722 [main] ERROR com.iluwatar.commander.Commander - Order 67YYN81W27LU: Shipping service unavailable, order not placed..
13:02:07.722 [main] DEBUG com.iluwatar.commander.Commander - Order GUX3EM36WKLX: Error in connecting to shipping service, trying again..
13:02:07.722 [main] INFO com.iluwatar.commander.Commander - Sorry, there was a problem in creating your order. Please try later.
13:02:07.722 [main] ERROR com.iluwatar.commander.Commander - Order GUX3EM36WKLX: Shipping service unavailable, order not placed..
13:02:07.722 [main] INFO com.iluwatar.commander.Commander - Order GUX3EM36WKLX: Shipping placed successfully, transaction id: 4EFM2SMHPUL0
13:02:07.722 [main] INFO com.iluwatar.commander.Commander - Order has been placed and will be shipped to you. Please wait while we make your payment... 
13:02:07.722 [Thread-2193] INFO com.iluwatar.commander.messagingservice.MessagingService - Msg: Your order has been placed and paid for successfully! Thank you for shopping with us!
13:02:07.722 [Thread-2193] INFO com.iluwatar.commander.Commander - Order XYY1G9015Z7Y: Payment Success message sent, request Id: 7J1SBVOOY10V
13:02:07.722 [main] INFO com.iluwatar.commander.Commander - Order GUX3EM36WKLX: Shipping placed successfully, transaction id: LCTICXPS9MUQ
13:02:07.722 [main] INFO com.iluwatar.commander.Commander - Order has been placed and will be shipped to you. Please wait while we make your payment... 
13:02:07.722 [Thread-2194] DEBUG com.iluwatar.commander.Commander - Order GUX3EM36WKLX: Error in connecting to payment service, trying again..
13:02:07.722 [Thread-2194] WARN com.iluwatar.commander.Commander - Order GUX3EM36WKLX: Payment error, going to queue..
13:02:07.723 [main] INFO com.iluwatar.commander.Commander - Order GUX3EM36WKLX: Shipping placed successfully, transaction id: T72RZ953KT96
13:02:07.723 [main] INFO com.iluwatar.commander.Commander - Order has been placed and will be shipped to you. Please wait while we make your payment... 
13:02:07.723 [Thread-2195] INFO com.iluwatar.commander.Commander - Order GUX3EM36WKLX: Payment successful, transaction Id: WFXCZ3T0Z0FX
13:02:07.723 [Thread-2196] DEBUG com.iluwatar.commander.Commander - Order GUX3EM36WKLX: Error in connecting to messaging service (Payment Error msg), trying again..
13:02:07.723 [Thread-2198] INFO com.iluwatar.commander.messagingservice.MessagingService - Msg: Your order has been placed and paid for successfully! Thank you for shopping with us!
13:02:07.723 [Thread-2198] INFO com.iluwatar.commander.Commander - Order GUX3EM36WKLX: Payment Success message sent, request Id: CK24KD8TZ0NJ
13:02:07.723 [main] DEBUG com.iluwatar.commander.Commander - Order W6O68WCA0APH: Error in creating shipping request..
13:02:07.723 [main] INFO com.iluwatar.commander.Commander - This item is currently unavailable. We will inform you as soon as the item becomes available again.
13:02:07.723 [main] INFO com.iluwatar.commander.Commander - Order W6O68WCA0APH: Item pen unavailable, trying to add problem to employee handle..
13:02:07.723 [main] INFO com.iluwatar.commander.Commander - Order W6O68WCA0APH: Shipping placed successfully, transaction id: YGKITEEEDHUT
13:02:07.723 [main] INFO com.iluwatar.commander.Commander - Order has been placed and will be shipped to you. Please wait while we make your payment... 
13:02:07.723 [main] INFO com.iluwatar.commander.Commander - Order W6O68WCA0APH: Shipping placed successfully, transaction id: 9V7OP6ITDXER
13:02:07.723 [main] INFO com.iluwatar.commander.Commander - Order has been placed and will be shipped to you. Please wait while we make your payment... 
13:02:07.723 [Thread-2199] DEBUG com.iluwatar.commander.Commander - Order W6O68WCA0APH: Error in creating payment request..
13:02:07.723 [Thread-2199] WARN com.iluwatar.commander.Commander - Order W6O68WCA0APH: Payment error, going to queue..
13:02:07.723 [main] INFO com.iluwatar.commander.Commander - Order W6O68WCA0APH: Shipping placed successfully, transaction id: 58UHL1BFM3PX
13:02:07.723 [main] INFO com.iluwatar.commander.Commander - Order has been placed and will be shipped to you. Please wait while we make your payment... 
13:02:07.723 [Thread-2200] INFO com.iluwatar.commander.Commander - Order W6O68WCA0APH: Payment successful, transaction Id: FT4Z8AKJHSG1
13:02:07.723 [Thread-2201] DEBUG com.iluwatar.commander.Commander - Order W6O68WCA0APH: Error in creating Payment Error messaging request..
13:02:07.723 [main] INFO com.iluwatar.commander.Commander - Sorry, there was a problem in creating your order. Please try later.
13:02:07.723 [main] ERROR com.iluwatar.commander.Commander - Order WNBDQIQD1J7Y: Shipping service unavailable, order not placed..
13:02:07.723 [main] INFO com.iluwatar.commander.Commander - Sorry, there was a problem in creating your order. Please try later.
13:02:07.723 [main] ERROR com.iluwatar.commander.Commander - Order WNBDQIQD1J7Y: Shipping service unavailable, order not placed..
13:02:07.723 [Thread-2203] INFO com.iluwatar.commander.messagingservice.MessagingService - Msg: Your order has been placed and paid for successfully! Thank you for shopping with us!
13:02:07.723 [Thread-2203] INFO com.iluwatar.commander.Commander - Order W6O68WCA0APH: Payment Success message sent, request Id: E7UQOH8MY4LS
13:02:07.723 [main] INFO com.iluwatar.commander.Commander - Sorry, there was a problem in creating your order. Please try later.
13:02:07.723 [main] ERROR com.iluwatar.commander.Commander - Order WNBDQIQD1J7Y: Shipping service unavailable, order not placed..
13:02:07.723 [main] INFO com.iluwatar.commander.Commander - Sorry, there was a problem in creating your order. Please try later.
13:02:07.723 [main] ERROR com.iluwatar.commander.Commander - Order WNBDQIQD1J7Y: Shipping service unavailable, order not placed..
13:02:07.723 [main] INFO com.iluwatar.commander.Commander - Sorry, there was a problem in creating your order. Please try later.
13:02:07.723 [main] ERROR com.iluwatar.commander.Commander - Order VQFXQNU2QWN9: Shipping service unavailable, order not placed..
13:02:07.723 [main] INFO com.iluwatar.commander.Commander - Sorry, there was a problem in creating your order. Please try later.
13:02:07.723 [main] ERROR com.iluwatar.commander.Commander - Order VQFXQNU2QWN9: Shipping service unavailable, order not placed..
13:02:07.723 [main] INFO com.iluwatar.commander.Commander - Sorry, there was a problem in creating your order. Please try later.
13:02:07.723 [main] ERROR com.iluwatar.commander.Commander - Order VQFXQNU2QWN9: Shipping service unavailable, order not placed..
13:02:07.723 [main] INFO com.iluwatar.commander.Commander - Sorry, there was a problem in creating your order. Please try later.
13:02:07.723 [main] ERROR com.iluwatar.commander.Commander - Order VQFXQNU2QWN9: Shipping service unavailable, order not placed..
13:02:07.723 [main] DEBUG com.iluwatar.commander.Commander - Order VVA5BQ95FCM9: Error in connecting to shipping service, trying again..
13:02:07.723 [main] INFO com.iluwatar.commander.Commander - Sorry, there was a problem in creating your order. Please try later.
13:02:07.723 [main] ERROR com.iluwatar.commander.Commander - Order VVA5BQ95FCM9: Shipping service unavailable, order not placed..
13:02:07.723 [main] INFO com.iluwatar.commander.Commander - Order VVA5BQ95FCM9: Shipping placed successfully, transaction id: 0R6HTCMITH5V
13:02:07.723 [main] INFO com.iluwatar.commander.Commander - Order has been placed and will be shipped to you. Please wait while we make your payment... 
13:02:07.723 [main] INFO com.iluwatar.commander.Commander - Order VVA5BQ95FCM9: Shipping placed successfully, transaction id: NVKVCEGQEQZE
13:02:07.723 [main] INFO com.iluwatar.commander.Commander - Order has been placed and will be shipped to you. Please wait while we make your payment... 
13:02:07.723 [Thread-2204] DEBUG com.iluwatar.commander.Commander - Order VVA5BQ95FCM9: Error in connecting to payment service, trying again..
13:02:07.723 [Thread-2204] WARN com.iluwatar.commander.Commander - Order VVA5BQ95FCM9: Payment error, going to queue..
13:02:07.723 [main] INFO com.iluwatar.commander.Commander - Order VVA5BQ95FCM9: Shipping placed successfully, transaction id: ZWUADDQF2DHQ
13:02:07.723 [main] INFO com.iluwatar.commander.Commander - Order has been placed and will be shipped to you. Please wait while we make your payment... 
13:02:07.723 [Thread-2205] INFO com.iluwatar.commander.Commander - Order VVA5BQ95FCM9: Payment successful, transaction Id: MQI6K15BDAWI
13:02:07.723 [Thread-2206] DEBUG com.iluwatar.commander.Commander - Order VVA5BQ95FCM9: Error in connecting to messaging service (Payment Error msg), trying again..
13:02:07.723 [main] DEBUG com.iluwatar.commander.Commander - Order 4CGN8EV3VS9G: Error in creating shipping request..
13:02:07.723 [main] INFO com.iluwatar.commander.Commander - Sorry, there was a problem in creating your order. Please try later.
13:02:07.723 [main] ERROR com.iluwatar.commander.Commander - Order 4CGN8EV3VS9G: Shipping service unavailable, order not placed..
13:02:07.723 [main] INFO com.iluwatar.commander.Commander - Order 4CGN8EV3VS9G: Shipping placed successfully, transaction id: E0ZZ975DDXGA
13:02:07.723 [main] INFO com.iluwatar.commander.Commander - Order has been placed and will be shipped to you. Please wait while we make your payment... 
13:02:07.723 [Thread-2208] INFO com.iluwatar.commander.messagingservice.MessagingService - Msg: Your order has been placed and paid for successfully! Thank you for shopping with us!
13:02:07.723 [Thread-2208] INFO com.iluwatar.commander.Commander - Order VVA5BQ95FCM9: Payment Success message sent, request Id: 2A26GO2P69UX
13:02:07.723 [main] INFO com.iluwatar.commander.Commander - Order 4CGN8EV3VS9G: Shipping placed successfully, transaction id: V9SLFPEHAU8H
13:02:07.723 [main] INFO com.iluwatar.commander.Commander - Order has been placed and will be shipped to you. Please wait while we make your payment... 
13:02:07.723 [Thread-2209] DEBUG com.iluwatar.commander.Commander - Order 4CGN8EV3VS9G: Error in creating payment request..
13:02:07.723 [main] INFO com.iluwatar.commander.Commander - Order 4CGN8EV3VS9G: Shipping placed successfully, transaction id: X2DRPO32U0KM
13:02:07.723 [Thread-2209] ERROR com.iluwatar.commander.Commander - Order 4CGN8EV3VS9G: Payment details incorrect, failed..
13:02:07.723 [main] INFO com.iluwatar.commander.Commander - Order has been placed and will be shipped to you. Please wait while we make your payment... 
13:02:07.723 [Thread-2211] DEBUG com.iluwatar.commander.Commander - Order 4CGN8EV3VS9G: Error in creating Payment Failure message request..
13:02:07.723 [Thread-2211] WARN com.iluwatar.commander.Commander - Order 4CGN8EV3VS9G: Error in sending Payment Failure message, trying to queue task and add to employee handle..
13:02:07.723 [main] INFO com.iluwatar.commander.Commander - Sorry, there was a problem in creating your order. Please try later.
13:02:07.723 [main] ERROR com.iluwatar.commander.Commander - Order GM2E17C59FIV: Shipping service unavailable, order not placed..
13:02:07.723 [main] INFO com.iluwatar.commander.Commander - Sorry, there was a problem in creating your order. Please try later.
13:02:07.724 [main] ERROR com.iluwatar.commander.Commander - Order GM2E17C59FIV: Shipping service unavailable, order not placed..
13:02:07.724 [main] INFO com.iluwatar.commander.Commander - Sorry, there was a problem in creating your order. Please try later.
13:02:07.724 [main] ERROR com.iluwatar.commander.Commander - Order GM2E17C59FIV: Shipping service unavailable, order not placed..
13:02:07.724 [main] INFO com.iluwatar.commander.Commander - Sorry, there was a problem in creating your order. Please try later.
13:02:07.724 [main] ERROR com.iluwatar.commander.Commander - Order GM2E17C59FIV: Shipping service unavailable, order not placed..
13:02:07.724 [main] INFO com.iluwatar.commander.Commander - Sorry, there was a problem in creating your order. Please try later.
13:02:07.724 [main] ERROR com.iluwatar.commander.Commander - Order WTQONXYP2T21: Shipping service unavailable, order not placed..
13:02:07.724 [main] INFO com.iluwatar.commander.Commander - Sorry, there was a problem in creating your order. Please try later.
13:02:07.724 [main] ERROR com.iluwatar.commander.Commander - Order WTQONXYP2T21: Shipping service unavailable, order not placed..
13:02:07.724 [main] INFO com.iluwatar.commander.Commander - Sorry, there was a problem in creating your order. Please try later.
13:02:07.724 [main] ERROR com.iluwatar.commander.Commander - Order WTQONXYP2T21: Shipping service unavailable, order not placed..
13:02:07.724 [main] INFO com.iluwatar.commander.Commander - Sorry, there was a problem in creating your order. Please try later.
13:02:07.724 [main] ERROR com.iluwatar.commander.Commander - Order WTQONXYP2T21: Shipping service unavailable, order not placed..
13:02:07.724 [main] DEBUG com.iluwatar.commander.Commander - Order HVXELVC95BH3: Error in connecting to shipping service, trying again..
13:02:07.724 [main] INFO com.iluwatar.commander.Commander - Sorry, there was a problem in creating your order. Please try later.
13:02:07.724 [main] ERROR com.iluwatar.commander.Commander - Order HVXELVC95BH3: Shipping service unavailable, order not placed..
13:02:07.724 [main] INFO com.iluwatar.commander.Commander - Order HVXELVC95BH3: Shipping placed successfully, transaction id: QJWBPEWNQTWE
13:02:07.724 [main] INFO com.iluwatar.commander.Commander - Order has been placed and will be shipped to you. Please wait while we make your payment... 
13:02:07.724 [main] INFO com.iluwatar.commander.Commander - Order HVXELVC95BH3: Shipping placed successfully, transaction id: 2YK14231STB3
13:02:07.724 [main] INFO com.iluwatar.commander.Commander - Order has been placed and will be shipped to you. Please wait while we make your payment... 
13:02:07.724 [Thread-2213] DEBUG com.iluwatar.commander.Commander - Order HVXELVC95BH3: Error in connecting to payment service, trying again..
13:02:07.724 [Thread-2213] WARN com.iluwatar.commander.Commander - Order HVXELVC95BH3: Payment error, going to queue..
13:02:07.724 [main] INFO com.iluwatar.commander.Commander - Order HVXELVC95BH3: Shipping placed successfully, transaction id: O1MYXAMO9P6K
13:02:07.724 [main] INFO com.iluwatar.commander.Commander - Order has been placed and will be shipped to you. Please wait while we make your payment... 
13:02:07.724 [Thread-2214] INFO com.iluwatar.commander.Commander - Order HVXELVC95BH3: Payment successful, transaction Id: JY5QOYWZR9XE
13:02:07.724 [Thread-2215] DEBUG com.iluwatar.commander.Commander - Order HVXELVC95BH3: Error in connecting to messaging service (Payment Error msg), trying again..
13:02:07.724 [Thread-2217] INFO com.iluwatar.commander.messagingservice.MessagingService - Msg: Your order has been placed and paid for successfully! Thank you for shopping with us!
13:02:07.724 [Thread-2217] INFO com.iluwatar.commander.Commander - Order HVXELVC95BH3: Payment Success message sent, request Id: 94NL8T2EHAW1
13:02:07.724 [main] DEBUG com.iluwatar.commander.Commander - Order 4B9HKC68I9QX: Error in creating shipping request..
13:02:07.724 [main] INFO com.iluwatar.commander.Commander - Sorry, there was a problem in creating your order. Please try later.
13:02:07.724 [main] ERROR com.iluwatar.commander.Commander - Order 4B9HKC68I9QX: Shipping service unavailable, order not placed..
13:02:07.724 [main] INFO com.iluwatar.commander.Commander - Order 4B9HKC68I9QX: Shipping placed successfully, transaction id: KH6VYMGMCBLP
13:02:07.724 [main] INFO com.iluwatar.commander.Commander - Order has been placed and will be shipped to you. Please wait while we make your payment... 
13:02:07.724 [main] INFO com.iluwatar.commander.Commander - Order 4B9HKC68I9QX: Shipping placed successfully, transaction id: NJP8NKPX6CHD
13:02:07.724 [main] INFO com.iluwatar.commander.Commander - Order has been placed and will be shipped to you. Please wait while we make your payment... 
13:02:07.724 [Thread-2218] DEBUG com.iluwatar.commander.Commander - Order 4B9HKC68I9QX: Error in creating payment request..
13:02:07.724 [Thread-2218] WARN com.iluwatar.commander.Commander - Order 4B9HKC68I9QX: Payment error, going to queue..
13:02:07.724 [main] INFO com.iluwatar.commander.Commander - Order 4B9HKC68I9QX: Shipping placed successfully, transaction id: XOY8OVC0FJ7V
13:02:07.724 [main] INFO com.iluwatar.commander.Commander - Order has been placed and will be shipped to you. Please wait while we make your payment... 
13:02:07.724 [Thread-2219] INFO com.iluwatar.commander.Commander - Order 4B9HKC68I9QX: Payment successful, transaction Id: Z64MGL3ZA4MP
13:02:07.724 [Thread-2220] DEBUG com.iluwatar.commander.Commander - Order 4B9HKC68I9QX: Error in creating Payment Error messaging request..
13:02:07.724 [Thread-2222] INFO com.iluwatar.commander.messagingservice.MessagingService - Msg: Your order has been placed and paid for successfully! Thank you for shopping with us!
13:02:07.724 [Thread-2222] INFO com.iluwatar.commander.Commander - Order 4B9HKC68I9QX: Payment Success message sent, request Id: C33EWJ4HQ6D4
13:02:07.724 [main] INFO com.iluwatar.commander.Commander - Sorry, there was a problem in creating your order. Please try later.
13:02:07.724 [main] ERROR com.iluwatar.commander.Commander - Order ETXW8RV6O0P8: Shipping service unavailable, order not placed..
13:02:07.724 [main] INFO com.iluwatar.commander.Commander - Sorry, there was a problem in creating your order. Please try later.
13:02:07.724 [main] ERROR com.iluwatar.commander.Commander - Order ETXW8RV6O0P8: Shipping service unavailable, order not placed..
13:02:07.724 [main] INFO com.iluwatar.commander.Commander - Sorry, there was a problem in creating your order. Please try later.
13:02:07.724 [main] ERROR com.iluwatar.commander.Commander - Order ETXW8RV6O0P8: Shipping service unavailable, order not placed..
13:02:07.724 [main] INFO com.iluwatar.commander.Commander - Sorry, there was a problem in creating your order. Please try later.
13:02:07.724 [main] ERROR com.iluwatar.commander.Commander - Order ETXW8RV6O0P8: Shipping service unavailable, order not placed..
13:02:07.724 [main] INFO com.iluwatar.commander.Commander - Sorry, there was a problem in creating your order. Please try later.
13:02:07.724 [main] ERROR com.iluwatar.commander.Commander - Order 5WMMED06FTWA: Shipping service unavailable, order not placed..
13:02:07.724 [main] INFO com.iluwatar.commander.Commander - Sorry, there was a problem in creating your order. Please try later.
13:02:07.724 [main] ERROR com.iluwatar.commander.Commander - Order 5WMMED06FTWA: Shipping service unavailable, order not placed..
13:02:07.724 [main] INFO com.iluwatar.commander.Commander - Sorry, there was a problem in creating your order. Please try later.
13:02:07.724 [main] ERROR com.iluwatar.commander.Commander - Order 5WMMED06FTWA: Shipping service unavailable, order not placed..
13:02:07.724 [main] INFO com.iluwatar.commander.Commander - Sorry, there was a problem in creating your order. Please try later.
13:02:07.724 [main] ERROR com.iluwatar.commander.Commander - Order 5WMMED06FTWA: Shipping service unavailable, order not placed..
13:02:07.724 [main] DEBUG com.iluwatar.commander.Commander - Order OTMQZQ6JIYSM: Error in connecting to shipping service, trying again..
13:02:07.724 [main] INFO com.iluwatar.commander.Commander - Sorry, there was a problem in creating your order. Please try later.
13:02:07.724 [main] ERROR com.iluwatar.commander.Commander - Order OTMQZQ6JIYSM: Shipping service unavailable, order not placed..
13:02:07.724 [main] INFO com.iluwatar.commander.Commander - Order OTMQZQ6JIYSM: Shipping placed successfully, transaction id: GZQU17Q9GNU9
13:02:07.724 [main] INFO com.iluwatar.commander.Commander - Order has been placed and will be shipped to you. Please wait while we make your payment... 
13:02:07.724 [main] INFO com.iluwatar.commander.Commander - Order OTMQZQ6JIYSM: Shipping placed successfully, transaction id: 3SIBA0SFD2SE
13:02:07.724 [main] INFO com.iluwatar.commander.Commander - Order has been placed and will be shipped to you. Please wait while we make your payment... 
13:02:07.724 [Thread-2223] DEBUG com.iluwatar.commander.Commander - Order OTMQZQ6JIYSM: Error in connecting to payment service, trying again..
13:02:07.724 [Thread-2223] WARN com.iluwatar.commander.Commander - Order OTMQZQ6JIYSM: Payment error, going to queue..
13:02:07.724 [main] INFO com.iluwatar.commander.Commander - Order OTMQZQ6JIYSM: Shipping placed successfully, transaction id: UYCBI77KKA22
13:02:07.724 [main] INFO com.iluwatar.commander.Commander - Order has been placed and will be shipped to you. Please wait while we make your payment... 
13:02:07.724 [Thread-2224] INFO com.iluwatar.commander.Commander - Order OTMQZQ6JIYSM: Payment successful, transaction Id: JUUM4BFO62GJ
13:02:07.724 [main] DEBUG com.iluwatar.commander.Commander - Order YFEURX19KLNT: Error in connecting to shipping service, trying again..
13:02:07.724 [main] INFO com.iluwatar.commander.Commander - Sorry, there was a problem in creating your order. Please try later.
13:02:07.724 [main] ERROR com.iluwatar.commander.Commander - Order YFEURX19KLNT: Shipping service unavailable, order not placed..
13:02:07.724 [main] INFO com.iluwatar.commander.Commander - Order YFEURX19KLNT: Shipping placed successfully, transaction id: QX2J9L7DSL4S
13:02:07.724 [main] INFO com.iluwatar.commander.Commander - Order has been placed and will be shipped to you. Please wait while we make your payment... 
13:02:07.724 [Thread-2225] DEBUG com.iluwatar.commander.Commander - Order OTMQZQ6JIYSM: Error in connecting to messaging service (Payment Error msg), trying again..
13:02:07.724 [main] INFO com.iluwatar.commander.Commander - Order YFEURX19KLNT: Shipping placed successfully, transaction id: 2ZPXVHBCU3LS
13:02:07.724 [main] INFO com.iluwatar.commander.Commander - Order has been placed and will be shipped to you. Please wait while we make your payment... 
13:02:07.724 [Thread-2228] DEBUG com.iluwatar.commander.Commander - Order YFEURX19KLNT: Error in connecting to payment service, trying again..
13:02:07.724 [Thread-2228] WARN com.iluwatar.commander.Commander - Order YFEURX19KLNT: Payment error, going to queue..
13:02:07.724 [Thread-2227] INFO com.iluwatar.commander.messagingservice.MessagingService - Msg: Your order has been placed and paid for successfully! Thank you for shopping with us!
13:02:07.724 [Thread-2227] INFO com.iluwatar.commander.Commander - Order OTMQZQ6JIYSM: Payment Success message sent, request Id: 5PJHTI9TVZBB
13:02:07.724 [Thread-2229] INFO com.iluwatar.commander.Commander - Order YFEURX19KLNT: Payment successful, transaction Id: PIMHI3MCY4DC
13:02:07.724 [main] INFO com.iluwatar.commander.Commander - Order YFEURX19KLNT: Shipping placed successfully, transaction id: YJOCSU41KHHE
13:02:07.724 [main] INFO com.iluwatar.commander.Commander - Order has been placed and will be shipped to you. Please wait while we make your payment... 
13:02:07.724 [Thread-2230] DEBUG com.iluwatar.commander.Commander - Order YFEURX19KLNT: Error in connecting to messaging service (Payment Error msg), trying again..
13:02:07.725 [Thread-2231] INFO com.iluwatar.commander.messagingservice.MessagingService - Msg: Your order has been placed and paid for successfully! Thank you for shopping with us!
13:02:07.725 [main] INFO com.iluwatar.commander.Commander - Sorry, there was a problem in creating your order. Please try later.
13:02:07.725 [main] ERROR com.iluwatar.commander.Commander - Order 3RG037UMF5FW: Shipping service unavailable, order not placed..
13:02:07.725 [Thread-2231] INFO com.iluwatar.commander.Commander - Order YFEURX19KLNT: Payment Success message sent, request Id: T4GA33IZUHN6
13:02:07.725 [main] INFO com.iluwatar.commander.Commander - Sorry, there was a problem in creating your order. Please try later.
13:02:07.725 [main] ERROR com.iluwatar.commander.Commander - Order 3RG037UMF5FW: Shipping service unavailable, order not placed..
13:02:07.725 [main] INFO com.iluwatar.commander.Commander - Sorry, there was a problem in creating your order. Please try later.
13:02:07.725 [main] ERROR com.iluwatar.commander.Commander - Order 3RG037UMF5FW: Shipping service unavailable, order not placed..
13:02:07.725 [main] INFO com.iluwatar.commander.Commander - Sorry, there was a problem in creating your order. Please try later.
13:02:07.725 [main] ERROR com.iluwatar.commander.Commander - Order 3RG037UMF5FW: Shipping service unavailable, order not placed..
13:02:07.725 [main] INFO com.iluwatar.commander.Commander - Sorry, there was a problem in creating your order. Please try later.
13:02:07.725 [main] ERROR com.iluwatar.commander.Commander - Order WBE6H5PGURSJ: Shipping service unavailable, order not placed..
13:02:07.725 [main] INFO com.iluwatar.commander.Commander - Sorry, there was a problem in creating your order. Please try later.
13:02:07.725 [main] ERROR com.iluwatar.commander.Commander - Order WBE6H5PGURSJ: Shipping service unavailable, order not placed..
13:02:07.725 [main] INFO com.iluwatar.commander.Commander - Sorry, there was a problem in creating your order. Please try later.
13:02:07.725 [main] ERROR com.iluwatar.commander.Commander - Order WBE6H5PGURSJ: Shipping service unavailable, order not placed..
13:02:07.725 [main] INFO com.iluwatar.commander.Commander - Sorry, there was a problem in creating your order. Please try later.
13:02:07.725 [main] ERROR com.iluwatar.commander.Commander - Order WBE6H5PGURSJ: Shipping service unavailable, order not placed..
13:02:07.725 [main] DEBUG com.iluwatar.commander.Commander - Order 39PYIG2S1L4W: Error in connecting to shipping service, trying again..
13:02:07.725 [main] INFO com.iluwatar.commander.Commander - Sorry, there was a problem in creating your order. Please try later.
13:02:07.725 [main] ERROR com.iluwatar.commander.Commander - Order 39PYIG2S1L4W: Shipping service unavailable, order not placed..
13:02:07.725 [main] INFO com.iluwatar.commander.Commander - Order 39PYIG2S1L4W: Shipping placed successfully, transaction id: PFYISBHL9E0K
13:02:07.725 [main] INFO com.iluwatar.commander.Commander - Order has been placed and will be shipped to you. Please wait while we make your payment... 
13:02:07.725 [main] INFO com.iluwatar.commander.Commander - Order 39PYIG2S1L4W: Shipping placed successfully, transaction id: 50OS3NWYEJYL
13:02:07.725 [main] INFO com.iluwatar.commander.Commander - Order has been placed and will be shipped to you. Please wait while we make your payment... 
13:02:07.725 [Thread-2233] DEBUG com.iluwatar.commander.Commander - Order 39PYIG2S1L4W: Error in connecting to payment service, trying again..
13:02:07.725 [Thread-2233] WARN com.iluwatar.commander.Commander - Order 39PYIG2S1L4W: Payment error, going to queue..
13:02:07.725 [main] INFO com.iluwatar.commander.Commander - Order 39PYIG2S1L4W: Shipping placed successfully, transaction id: K3FRHAXZ4E3N
13:02:07.725 [main] INFO com.iluwatar.commander.Commander - Order has been placed and will be shipped to you. Please wait while we make your payment... 
13:02:07.725 [Thread-2234] INFO com.iluwatar.commander.Commander - Order 39PYIG2S1L4W: Payment successful, transaction Id: 48553M66E219
13:02:07.725 [Thread-2235] DEBUG com.iluwatar.commander.Commander - Order 39PYIG2S1L4W: Error in connecting to messaging service (Payment Error msg), trying again..
13:02:07.725 [Thread-2237] INFO com.iluwatar.commander.messagingservice.MessagingService - Msg: Your order has been placed and paid for successfully! Thank you for shopping with us!
13:02:07.725 [Thread-2237] INFO com.iluwatar.commander.Commander - Order 39PYIG2S1L4W: Payment Success message sent, request Id: KKPOVGOE2JBQ
13:02:07.725 [main] DEBUG com.iluwatar.commander.Commander - Order ITNYKYPQLUGP: Error in creating shipping request..
13:02:07.725 [main] INFO com.iluwatar.commander.Commander - Shipping is currently not possible to your address. We are working on the problem and will get back to you asap.
13:02:07.725 [main] INFO com.iluwatar.commander.Commander - Order ITNYKYPQLUGP: Shipping not possible to address, trying to add problem to employee db..
13:02:07.725 [main] INFO com.iluwatar.commander.Commander - Order ITNYKYPQLUGP: Shipping placed successfully, transaction id: XHRMEMJDLEBV
13:02:07.725 [main] INFO com.iluwatar.commander.Commander - Order has been placed and will be shipped to you. Please wait while we make your payment... 
13:02:07.725 [main] INFO com.iluwatar.commander.Commander - Order ITNYKYPQLUGP: Shipping placed successfully, transaction id: XN2UZ5NP6XD5
13:02:07.725 [main] INFO com.iluwatar.commander.Commander - Order has been placed and will be shipped to you. Please wait while we make your payment... 
13:02:07.725 [Thread-2238] DEBUG com.iluwatar.commander.Commander - Order ITNYKYPQLUGP: Error in creating payment request..
13:02:07.725 [Thread-2238] WARN com.iluwatar.commander.Commander - Order ITNYKYPQLUGP: Payment error, going to queue..
13:02:07.725 [main] INFO com.iluwatar.commander.Commander - Order ITNYKYPQLUGP: Shipping placed successfully, transaction id: RJ4QQXQSDFNH
13:02:07.725 [main] INFO com.iluwatar.commander.Commander - Order has been placed and will be shipped to you. Please wait while we make your payment... 
13:02:07.725 [Thread-2239] INFO com.iluwatar.commander.Commander - Order ITNYKYPQLUGP: Payment successful, transaction Id: X871NNPH5J8G
13:02:07.725 [Thread-2240] DEBUG com.iluwatar.commander.Commander - Order ITNYKYPQLUGP: Error in creating Payment Error messaging request..
13:02:07.725 [Thread-2242] INFO com.iluwatar.commander.messagingservice.MessagingService - Msg: Your order has been placed and paid for successfully! Thank you for shopping with us!
13:02:07.725 [Thread-2242] INFO com.iluwatar.commander.Commander - Order ITNYKYPQLUGP: Payment Success message sent, request Id: 2TWE692XPULJ
13:02:07.725 [main] INFO com.iluwatar.commander.Commander - Sorry, there was a problem in creating your order. Please try later.
13:02:07.725 [main] ERROR com.iluwatar.commander.Commander - Order 3FP29X7LGFWK: Shipping service unavailable, order not placed..
13:02:07.725 [main] INFO com.iluwatar.commander.Commander - Sorry, there was a problem in creating your order. Please try later.
13:02:07.725 [main] ERROR com.iluwatar.commander.Commander - Order 3FP29X7LGFWK: Shipping service unavailable, order not placed..
13:02:07.725 [main] INFO com.iluwatar.commander.Commander - Sorry, there was a problem in creating your order. Please try later.
13:02:07.725 [main] ERROR com.iluwatar.commander.Commander - Order 3FP29X7LGFWK: Shipping service unavailable, order not placed..
13:02:07.725 [main] INFO com.iluwatar.commander.Commander - Sorry, there was a problem in creating your order. Please try later.
13:02:07.725 [main] ERROR com.iluwatar.commander.Commander - Order 3FP29X7LGFWK: Shipping service unavailable, order not placed..
13:02:07.725 [main] INFO com.iluwatar.commander.Commander - Sorry, there was a problem in creating your order. Please try later.
13:02:07.725 [main] ERROR com.iluwatar.commander.Commander - Order NSB7VLP0VXGM: Shipping service unavailable, order not placed..
13:02:07.725 [main] INFO com.iluwatar.commander.Commander - Sorry, there was a problem in creating your order. Please try later.
13:02:07.725 [main] ERROR com.iluwatar.commander.Commander - Order NSB7VLP0VXGM: Shipping service unavailable, order not placed..
13:02:07.725 [main] INFO com.iluwatar.commander.Commander - Sorry, there was a problem in creating your order. Please try later.
13:02:07.725 [main] ERROR com.iluwatar.commander.Commander - Order NSB7VLP0VXGM: Shipping service unavailable, order not placed..
13:02:07.725 [main] INFO com.iluwatar.commander.Commander - Sorry, there was a problem in creating your order. Please try later.
13:02:07.725 [main] ERROR com.iluwatar.commander.Commander - Order NSB7VLP0VXGM: Shipping service unavailable, order not placed..
13:02:07.725 [main] DEBUG com.iluwatar.commander.Commander - Order CQRV20ROWAH3: Error in connecting to shipping service, trying again..
13:02:07.725 [main] INFO com.iluwatar.commander.Commander - Sorry, there was a problem in creating your order. Please try later.
13:02:07.725 [main] ERROR com.iluwatar.commander.Commander - Order CQRV20ROWAH3: Shipping service unavailable, order not placed..
13:02:07.725 [main] INFO com.iluwatar.commander.Commander - Order CQRV20ROWAH3: Shipping placed successfully, transaction id: CVLXR97TUEZY
13:02:07.725 [main] INFO com.iluwatar.commander.Commander - Order has been placed and will be shipped to you. Please wait while we make your payment... 
13:02:07.725 [main] INFO com.iluwatar.commander.Commander - Order CQRV20ROWAH3: Shipping placed successfully, transaction id: U3UE5WV91376
13:02:07.725 [main] INFO com.iluwatar.commander.Commander - Order has been placed and will be shipped to you. Please wait while we make your payment... 
13:02:07.725 [Thread-2243] DEBUG com.iluwatar.commander.Commander - Order CQRV20ROWAH3: Error in connecting to payment service, trying again..
13:02:07.725 [Thread-2243] WARN com.iluwatar.commander.Commander - Order CQRV20ROWAH3: Payment error, going to queue..
13:02:07.725 [main] INFO com.iluwatar.commander.Commander - Order CQRV20ROWAH3: Shipping placed successfully, transaction id: 2GPP0K0MPTIS
13:02:07.725 [main] INFO com.iluwatar.commander.Commander - Order has been placed and will be shipped to you. Please wait while we make your payment... 
13:02:07.725 [Thread-2244] INFO com.iluwatar.commander.Commander - Order CQRV20ROWAH3: Payment successful, transaction Id: MAX5KRQITLGH
13:02:07.725 [Thread-2245] DEBUG com.iluwatar.commander.Commander - Order CQRV20ROWAH3: Error in connecting to messaging service (Payment Error msg), trying again..
13:02:07.725 [Thread-2247] INFO com.iluwatar.commander.messagingservice.MessagingService - Msg: Your order has been placed and paid for successfully! Thank you for shopping with us!
13:02:07.725 [Thread-2247] INFO com.iluwatar.commander.Commander - Order CQRV20ROWAH3: Payment Success message sent, request Id: 3MHKXBCUWHKH
13:02:07.725 [main] DEBUG com.iluwatar.commander.Commander - Order 4R1QVIJ0WU6H: Error in creating shipping request..
13:02:07.725 [main] INFO com.iluwatar.commander.Commander - This item is currently unavailable. We will inform you as soon as the item becomes available again.
13:02:07.725 [main] INFO com.iluwatar.commander.Commander - Order 4R1QVIJ0WU6H: Item pen unavailable, trying to add problem to employee handle..
13:02:07.725 [main] INFO com.iluwatar.commander.Commander - Order 4R1QVIJ0WU6H: Shipping placed successfully, transaction id: OL0J3XOITKMU
13:02:07.725 [main] INFO com.iluwatar.commander.Commander - Order has been placed and will be shipped to you. Please wait while we make your payment... 
13:02:07.726 [Thread-2248] DEBUG com.iluwatar.commander.Commander - Order 4R1QVIJ0WU6H: Error in creating payment request..
13:02:07.725 [main] INFO com.iluwatar.commander.Commander - Order 4R1QVIJ0WU6H: Shipping placed successfully, transaction id: S8OBA5CBVLFL
13:02:07.726 [Thread-2248] WARN com.iluwatar.commander.Commander - Order 4R1QVIJ0WU6H: Payment error, going to queue..
13:02:07.726 [main] INFO com.iluwatar.commander.Commander - Order has been placed and will be shipped to you. Please wait while we make your payment... 
13:02:07.726 [main] ERROR com.iluwatar.commander.Commander - Order 4R1QVIJ0WU6H: Payment time for order over, failed and returning..
13:02:07.726 [main] INFO com.iluwatar.commander.Commander - Order 4R1QVIJ0WU6H: Shipping placed successfully, transaction id: MPG47NYN4ZPD
13:02:07.726 [main] INFO com.iluwatar.commander.Commander - Order has been placed and will be shipped to you. Please wait while we make your payment... 
13:02:07.726 [main] INFO com.iluwatar.commander.Commander - Sorry, there was a problem in creating your order. Please try later.
13:02:07.726 [main] ERROR com.iluwatar.commander.Commander - Order 4LTAC02YHQSC: Shipping service unavailable, order not placed..
13:02:07.726 [main] INFO com.iluwatar.commander.Commander - Sorry, there was a problem in creating your order. Please try later.
13:02:07.726 [main] ERROR com.iluwatar.commander.Commander - Order 4LTAC02YHQSC: Shipping service unavailable, order not placed..
13:02:07.726 [main] INFO com.iluwatar.commander.Commander - Sorry, there was a problem in creating your order. Please try later.
13:02:07.726 [main] ERROR com.iluwatar.commander.Commander - Order 4LTAC02YHQSC: Shipping service unavailable, order not placed..
13:02:07.726 [main] INFO com.iluwatar.commander.Commander - Sorry, there was a problem in creating your order. Please try later.
13:02:07.726 [main] ERROR com.iluwatar.commander.Commander - Order 4LTAC02YHQSC: Shipping service unavailable, order not placed..
13:02:07.726 [main] INFO com.iluwatar.commander.Commander - Sorry, there was a problem in creating your order. Please try later.
13:02:07.726 [main] ERROR com.iluwatar.commander.Commander - Order PTLBE5GF58FQ: Shipping service unavailable, order not placed..
13:02:07.726 [main] INFO com.iluwatar.commander.Commander - Sorry, there was a problem in creating your order. Please try later.
13:02:07.726 [main] ERROR com.iluwatar.commander.Commander - Order PTLBE5GF58FQ: Shipping service unavailable, order not placed..
13:02:07.726 [main] INFO com.iluwatar.commander.Commander - Sorry, there was a problem in creating your order. Please try later.
13:02:07.726 [main] ERROR com.iluwatar.commander.Commander - Order PTLBE5GF58FQ: Shipping service unavailable, order not placed..
13:02:07.726 [main] INFO com.iluwatar.commander.Commander - Sorry, there was a problem in creating your order. Please try later.
13:02:07.726 [main] ERROR com.iluwatar.commander.Commander - Order PTLBE5GF58FQ: Shipping service unavailable, order not placed..
13:02:07.726 [main] DEBUG com.iluwatar.commander.Commander - Order DSXYAY7JE4H9: Error in connecting to shipping service, trying again..
13:02:07.726 [main] INFO com.iluwatar.commander.Commander - Sorry, there was a problem in creating your order. Please try later.
13:02:07.726 [main] ERROR com.iluwatar.commander.Commander - Order DSXYAY7JE4H9: Shipping service unavailable, order not placed..
13:02:07.726 [main] INFO com.iluwatar.commander.Commander - Order DSXYAY7JE4H9: Shipping placed successfully, transaction id: 8LHBMR0AHR2V
13:02:07.726 [main] INFO com.iluwatar.commander.Commander - Order has been placed and will be shipped to you. Please wait while we make your payment... 
13:02:07.726 [main] INFO com.iluwatar.commander.Commander - Order DSXYAY7JE4H9: Shipping placed successfully, transaction id: G41XGG9UWMW1
13:02:07.726 [main] INFO com.iluwatar.commander.Commander - Order has been placed and will be shipped to you. Please wait while we make your payment... 
13:02:07.726 [Thread-2249] DEBUG com.iluwatar.commander.Commander - Order DSXYAY7JE4H9: Error in connecting to payment service, trying again..
13:02:07.726 [Thread-2249] WARN com.iluwatar.commander.Commander - Order DSXYAY7JE4H9: Payment error, going to queue..
13:02:07.726 [main] INFO com.iluwatar.commander.Commander - Order DSXYAY7JE4H9: Shipping placed successfully, transaction id: QKNZBWQ5BJSG
13:02:07.726 [main] INFO com.iluwatar.commander.Commander - Order has been placed and will be shipped to you. Please wait while we make your payment... 
13:02:07.726 [Thread-2250] INFO com.iluwatar.commander.Commander - Order DSXYAY7JE4H9: Payment successful, transaction Id: 3I87JFQQ846T
13:02:07.726 [Thread-2251] DEBUG com.iluwatar.commander.Commander - Order DSXYAY7JE4H9: Error in connecting to messaging service (Payment Error msg), trying again..
13:02:07.726 [Thread-2253] INFO com.iluwatar.commander.messagingservice.MessagingService - Msg: Your order has been placed and paid for successfully! Thank you for shopping with us!
13:02:07.726 [Thread-2253] INFO com.iluwatar.commander.Commander - Order DSXYAY7JE4H9: Payment Success message sent, request Id: JHUPSDO1PFP4
13:02:07.726 [main] DEBUG com.iluwatar.commander.Commander - Order COUJ7Q7B5J80: Error in creating shipping request..
13:02:07.726 [main] INFO com.iluwatar.commander.Commander - Sorry, there was a problem in creating your order. Please try later.
13:02:07.726 [main] ERROR com.iluwatar.commander.Commander - Order COUJ7Q7B5J80: Shipping service unavailable, order not placed..
13:02:07.726 [main] INFO com.iluwatar.commander.Commander - Order COUJ7Q7B5J80: Shipping placed successfully, transaction id: S2O9CDHN4MLZ
13:02:07.726 [main] INFO com.iluwatar.commander.Commander - Order has been placed and will be shipped to you. Please wait while we make your payment... 
13:02:07.726 [main] INFO com.iluwatar.commander.Commander - Order COUJ7Q7B5J80: Shipping placed successfully, transaction id: 5IQCV6XV41HN
13:02:07.726 [main] INFO com.iluwatar.commander.Commander - Order has been placed and will be shipped to you. Please wait while we make your payment... 
13:02:07.726 [Thread-2254] DEBUG com.iluwatar.commander.Commander - Order COUJ7Q7B5J80: Error in creating payment request..
13:02:07.726 [Thread-2254] ERROR com.iluwatar.commander.Commander - Order COUJ7Q7B5J80: Payment details incorrect, failed..
13:02:07.726 [main] INFO com.iluwatar.commander.Commander - Order COUJ7Q7B5J80: Shipping placed successfully, transaction id: DQH8KD93MIQV
13:02:07.726 [main] INFO com.iluwatar.commander.Commander - Order has been placed and will be shipped to you. Please wait while we make your payment... 
13:02:07.726 [Thread-2256] DEBUG com.iluwatar.commander.Commander - Order COUJ7Q7B5J80: Error in creating Payment Failure message request..
13:02:07.726 [Thread-2256] WARN com.iluwatar.commander.Commander - Order COUJ7Q7B5J80: Error in sending Payment Failure message, trying to queue task and add to employee handle..
13:02:07.726 [main] INFO com.iluwatar.commander.Commander - Sorry, there was a problem in creating your order. Please try later.
13:02:07.726 [main] ERROR com.iluwatar.commander.Commander - Order X88MOJKZXVE2: Shipping service unavailable, order not placed..
13:02:07.726 [main] INFO com.iluwatar.commander.Commander - Sorry, there was a problem in creating your order. Please try later.
13:02:07.726 [main] ERROR com.iluwatar.commander.Commander - Order X88MOJKZXVE2: Shipping service unavailable, order not placed..
13:02:07.726 [main] INFO com.iluwatar.commander.Commander - Sorry, there was a problem in creating your order. Please try later.
13:02:07.726 [main] ERROR com.iluwatar.commander.Commander - Order X88MOJKZXVE2: Shipping service unavailable, order not placed..
13:02:07.726 [main] INFO com.iluwatar.commander.Commander - Sorry, there was a problem in creating your order. Please try later.
13:02:07.726 [main] ERROR com.iluwatar.commander.Commander - Order X88MOJKZXVE2: Shipping service unavailable, order not placed..
13:02:07.726 [main] INFO com.iluwatar.commander.Commander - Sorry, there was a problem in creating your order. Please try later.
13:02:07.726 [main] ERROR com.iluwatar.commander.Commander - Order IW8BOWVIZKVW: Shipping service unavailable, order not placed..
13:02:07.726 [main] INFO com.iluwatar.commander.Commander - Sorry, there was a problem in creating your order. Please try later.
13:02:07.726 [main] ERROR com.iluwatar.commander.Commander - Order IW8BOWVIZKVW: Shipping service unavailable, order not placed..
13:02:07.726 [main] INFO com.iluwatar.commander.Commander - Sorry, there was a problem in creating your order. Please try later.
13:02:07.726 [main] ERROR com.iluwatar.commander.Commander - Order IW8BOWVIZKVW: Shipping service unavailable, order not placed..
13:02:07.726 [main] INFO com.iluwatar.commander.Commander - Sorry, there was a problem in creating your order. Please try later.
13:02:07.726 [main] ERROR com.iluwatar.commander.Commander - Order IW8BOWVIZKVW: Shipping service unavailable, order not placed..
13:02:07.727 [main] DEBUG com.iluwatar.commander.Commander - Order UN3XW1RFIJ0N: Error in connecting to shipping service, trying again..
13:02:07.727 [main] INFO com.iluwatar.commander.Commander - Sorry, there was a problem in creating your order. Please try later.
13:02:07.727 [main] ERROR com.iluwatar.commander.Commander - Order UN3XW1RFIJ0N: Shipping service unavailable, order not placed..
13:02:07.727 [main] INFO com.iluwatar.commander.Commander - Order UN3XW1RFIJ0N: Shipping placed successfully, transaction id: WQQEP6YAHLFS
13:02:07.727 [main] INFO com.iluwatar.commander.Commander - Order has been placed and will be shipped to you. Please wait while we make your payment... 
13:02:07.727 [main] INFO com.iluwatar.commander.Commander - Order UN3XW1RFIJ0N: Shipping placed successfully, transaction id: 7J04SL49ERCB
13:02:07.727 [main] INFO com.iluwatar.commander.Commander - Order has been placed and will be shipped to you. Please wait while we make your payment... 
13:02:07.727 [main] INFO com.iluwatar.commander.Commander - Order UN3XW1RFIJ0N: Shipping placed successfully, transaction id: K8TLU4IKD74B
13:02:07.727 [main] INFO com.iluwatar.commander.Commander - Order has been placed and will be shipped to you. Please wait while we make your payment... 
13:02:07.727 [Thread-2258] DEBUG com.iluwatar.commander.Commander - Order UN3XW1RFIJ0N: Error in connecting to payment service, trying again..
13:02:07.727 [Thread-2258] WARN com.iluwatar.commander.Commander - Order UN3XW1RFIJ0N: Payment error, going to queue..
13:02:07.727 [Thread-2259] WARN com.iluwatar.commander.Commander - Order UN3XW1RFIJ0N: Payment error, going to queue..
13:02:07.727 [main] DEBUG com.iluwatar.commander.Commander - Order 85EFYRIVXMZT: Error in creating shipping request..
13:02:07.727 [main] INFO com.iluwatar.commander.Commander - Sorry, there was a problem in creating your order. Please try later.
13:02:07.727 [main] ERROR com.iluwatar.commander.Commander - Order 85EFYRIVXMZT: Shipping service unavailable, order not placed..
13:02:07.727 [main] INFO com.iluwatar.commander.Commander - Order 85EFYRIVXMZT: Shipping placed successfully, transaction id: L13RC32XPUE1
13:02:07.727 [main] INFO com.iluwatar.commander.Commander - Order has been placed and will be shipped to you. Please wait while we make your payment... 
13:02:07.727 [Thread-2260] INFO com.iluwatar.commander.Commander - Order UN3XW1RFIJ0N: Payment successful, transaction Id: 3RJFVGDFA2J0
13:02:07.727 [Thread-2262] DEBUG com.iluwatar.commander.Commander - Order UN3XW1RFIJ0N: Error in connecting to messaging service (Payment Error msg), trying again..
13:02:07.727 [Thread-2264] INFO com.iluwatar.commander.messagingservice.MessagingService - Msg: Your order has been placed and paid for successfully! Thank you for shopping with us!
13:02:07.727 [Thread-2264] INFO com.iluwatar.commander.Commander - Order UN3XW1RFIJ0N: Payment Success message sent, request Id: E754V3C76GH3
13:02:07.727 [main] INFO com.iluwatar.commander.Commander - Order 85EFYRIVXMZT: Shipping placed successfully, transaction id: DLM422JUSVSQ
13:02:07.727 [main] INFO com.iluwatar.commander.Commander - Order has been placed and will be shipped to you. Please wait while we make your payment... 
13:02:07.727 [Thread-2263] DEBUG com.iluwatar.commander.Commander - Order 85EFYRIVXMZT: Error in creating payment request..
13:02:07.727 [Thread-2263] WARN com.iluwatar.commander.Commander - Order 85EFYRIVXMZT: Payment error, going to queue..
13:02:07.727 [main] INFO com.iluwatar.commander.Commander - Order 85EFYRIVXMZT: Shipping placed successfully, transaction id: ZY1VM5YOZQN6
13:02:07.727 [main] INFO com.iluwatar.commander.Commander - Order has been placed and will be shipped to you. Please wait while we make your payment... 
13:02:07.727 [Thread-2265] INFO com.iluwatar.commander.Commander - Order 85EFYRIVXMZT: Payment successful, transaction Id: 3HDVIP6G2YYS
13:02:07.727 [main] INFO com.iluwatar.commander.Commander - Sorry, there was a problem in creating your order. Please try later.
13:02:07.727 [main] ERROR com.iluwatar.commander.Commander - Order F82BG37NVXIY: Shipping service unavailable, order not placed..
13:02:07.727 [main] INFO com.iluwatar.commander.Commander - Sorry, there was a problem in creating your order. Please try later.
13:02:07.727 [main] ERROR com.iluwatar.commander.Commander - Order F82BG37NVXIY: Shipping service unavailable, order not placed..
13:02:07.727 [main] INFO com.iluwatar.commander.Commander - Sorry, there was a problem in creating your order. Please try later.
13:02:07.727 [main] ERROR com.iluwatar.commander.Commander - Order F82BG37NVXIY: Shipping service unavailable, order not placed..
13:02:07.727 [main] INFO com.iluwatar.commander.Commander - Sorry, there was a problem in creating your order. Please try later.
13:02:07.727 [main] ERROR com.iluwatar.commander.Commander - Order F82BG37NVXIY: Shipping service unavailable, order not placed..
13:02:07.727 [Thread-2266] DEBUG com.iluwatar.commander.Commander - Order 85EFYRIVXMZT: Error in creating Payment Error messaging request..
13:02:07.727 [main] INFO com.iluwatar.commander.Commander - Sorry, there was a problem in creating your order. Please try later.
13:02:07.727 [main] ERROR com.iluwatar.commander.Commander - Order LN486Z5ODRNN: Shipping service unavailable, order not placed..
13:02:07.727 [main] INFO com.iluwatar.commander.Commander - Sorry, there was a problem in creating your order. Please try later.
13:02:07.727 [main] ERROR com.iluwatar.commander.Commander - Order LN486Z5ODRNN: Shipping service unavailable, order not placed..
13:02:07.727 [main] INFO com.iluwatar.commander.Commander - Sorry, there was a problem in creating your order. Please try later.
13:02:07.727 [main] ERROR com.iluwatar.commander.Commander - Order LN486Z5ODRNN: Shipping service unavailable, order not placed..
13:02:07.727 [main] INFO com.iluwatar.commander.Commander - Sorry, there was a problem in creating your order. Please try later.
13:02:07.727 [main] ERROR com.iluwatar.commander.Commander - Order LN486Z5ODRNN: Shipping service unavailable, order not placed..
13:02:07.727 [main] DEBUG com.iluwatar.commander.Commander - Order VXG9U7BQXEXH: Error in connecting to shipping service, trying again..
13:02:07.727 [main] INFO com.iluwatar.commander.Commander - Sorry, there was a problem in creating your order. Please try later.
13:02:07.727 [main] ERROR com.iluwatar.commander.Commander - Order VXG9U7BQXEXH: Shipping service unavailable, order not placed..
13:02:07.727 [main] INFO com.iluwatar.commander.Commander - Order VXG9U7BQXEXH: Shipping placed successfully, transaction id: 9ZW8IQS9E7HD
13:02:07.727 [main] INFO com.iluwatar.commander.Commander - Order has been placed and will be shipped to you. Please wait while we make your payment... 
13:02:07.727 [main] ERROR com.iluwatar.commander.Commander - Order VXG9U7BQXEXH: Payment time for order over, failed and returning..
13:02:07.727 [main] INFO com.iluwatar.commander.Commander - Order VXG9U7BQXEXH: Shipping placed successfully, transaction id: 245O8MWEV9TP
13:02:07.727 [main] INFO com.iluwatar.commander.Commander - Order has been placed and will be shipped to you. Please wait while we make your payment... 
13:02:07.727 [main] INFO com.iluwatar.commander.Commander - Order VXG9U7BQXEXH: Shipping placed successfully, transaction id: LGAH7A4IIV1H
13:02:07.727 [main] INFO com.iluwatar.commander.Commander - Order has been placed and will be shipped to you. Please wait while we make your payment... 
13:02:07.727 [main] DEBUG com.iluwatar.commander.Commander - Order 56K6OZQPMH3P: Error in connecting to shipping service, trying again..
13:02:07.727 [main] INFO com.iluwatar.commander.Commander - Sorry, there was a problem in creating your order. Please try later.
13:02:07.727 [main] ERROR com.iluwatar.commander.Commander - Order 56K6OZQPMH3P: Shipping service unavailable, order not placed..
13:02:07.727 [main] INFO com.iluwatar.commander.Commander - Order 56K6OZQPMH3P: Shipping placed successfully, transaction id: 87PFM75L3EEY
13:02:07.727 [main] INFO com.iluwatar.commander.Commander - Order has been placed and will be shipped to you. Please wait while we make your payment... 
13:02:07.727 [main] ERROR com.iluwatar.commander.Commander - Order 56K6OZQPMH3P: Payment time for order over, failed and returning..
13:02:07.727 [main] INFO com.iluwatar.commander.Commander - Order 56K6OZQPMH3P: Shipping placed successfully, transaction id: TJIPTSUJFOJM
13:02:07.727 [main] INFO com.iluwatar.commander.Commander - Order has been placed and will be shipped to you. Please wait while we make your payment... 
13:02:07.727 [main] INFO com.iluwatar.commander.Commander - Order 56K6OZQPMH3P: Shipping placed successfully, transaction id: 8ZSOAMRN5DKL
13:02:07.727 [main] INFO com.iluwatar.commander.Commander - Order has been placed and will be shipped to you. Please wait while we make your payment... 
13:02:07.727 [main] INFO com.iluwatar.commander.Commander - Sorry, there was a problem in creating your order. Please try later.
13:02:07.727 [main] ERROR com.iluwatar.commander.Commander - Order 5FIRVEIRP2HL: Shipping service unavailable, order not placed..
13:02:07.727 [main] INFO com.iluwatar.commander.Commander - Sorry, there was a problem in creating your order. Please try later.
13:02:07.727 [main] ERROR com.iluwatar.commander.Commander - Order 5FIRVEIRP2HL: Shipping service unavailable, order not placed..
13:02:07.727 [main] INFO com.iluwatar.commander.Commander - Sorry, there was a problem in creating your order. Please try later.
13:02:07.727 [main] ERROR com.iluwatar.commander.Commander - Order 5FIRVEIRP2HL: Shipping service unavailable, order not placed..
13:02:07.727 [main] INFO com.iluwatar.commander.Commander - Sorry, there was a problem in creating your order. Please try later.
13:02:07.727 [main] ERROR com.iluwatar.commander.Commander - Order 5FIRVEIRP2HL: Shipping service unavailable, order not placed..
13:02:07.727 [Thread-2268] INFO com.iluwatar.commander.messagingservice.MessagingService - Msg: Your order has been placed and paid for successfully! Thank you for shopping with us!
13:02:07.727 [Thread-2268] INFO com.iluwatar.commander.Commander - Order 85EFYRIVXMZT: Payment Success message sent, request Id: 8U9V7IILMO0L
13:02:07.727 [main] INFO com.iluwatar.commander.Commander - Sorry, there was a problem in creating your order. Please try later.
13:02:07.727 [main] ERROR com.iluwatar.commander.Commander - Order URAZA2HV1HP8: Shipping service unavailable, order not placed..
13:02:07.727 [main] INFO com.iluwatar.commander.Commander - Sorry, there was a problem in creating your order. Please try later.
13:02:07.727 [main] ERROR com.iluwatar.commander.Commander - Order URAZA2HV1HP8: Shipping service unavailable, order not placed..
13:02:07.727 [main] INFO com.iluwatar.commander.Commander - Sorry, there was a problem in creating your order. Please try later.
13:02:07.727 [main] ERROR com.iluwatar.commander.Commander - Order URAZA2HV1HP8: Shipping service unavailable, order not placed..
13:02:07.727 [main] INFO com.iluwatar.commander.Commander - Sorry, there was a problem in creating your order. Please try later.
13:02:07.727 [main] ERROR com.iluwatar.commander.Commander - Order URAZA2HV1HP8: Shipping service unavailable, order not placed..
13:02:07.727 [main] DEBUG com.iluwatar.commander.Commander - Order RJE090J0HDZX: Error in connecting to shipping service, trying again..
13:02:07.727 [main] INFO com.iluwatar.commander.Commander - Sorry, there was a problem in creating your order. Please try later.
13:02:07.727 [main] ERROR com.iluwatar.commander.Commander - Order RJE090J0HDZX: Shipping service unavailable, order not placed..
13:02:07.727 [main] INFO com.iluwatar.commander.Commander - Order RJE090J0HDZX: Shipping placed successfully, transaction id: ONN2DLWF64GK
13:02:07.727 [main] INFO com.iluwatar.commander.Commander - Order has been placed and will be shipped to you. Please wait while we make your payment... 
13:02:07.727 [main] ERROR com.iluwatar.commander.Commander - Order RJE090J0HDZX: Payment time for order over, failed and returning..
13:02:07.727 [main] INFO com.iluwatar.commander.Commander - Order RJE090J0HDZX: Shipping placed successfully, transaction id: B9BLD1V4GDAY
13:02:07.728 [main] INFO com.iluwatar.commander.Commander - Order has been placed and will be shipped to you. Please wait while we make your payment... 
13:02:07.728 [main] INFO com.iluwatar.commander.Commander - Order RJE090J0HDZX: Shipping placed successfully, transaction id: EJBVONU2Y7IJ
13:02:07.728 [main] INFO com.iluwatar.commander.Commander - Order has been placed and will be shipped to you. Please wait while we make your payment... 
13:02:07.728 [main] DEBUG com.iluwatar.commander.Commander - Order JCRZMG6ACPQK: Error in creating shipping request..
13:02:07.728 [main] INFO com.iluwatar.commander.Commander - Shipping is currently not possible to your address. We are working on the problem and will get back to you asap.
13:02:07.728 [main] INFO com.iluwatar.commander.Commander - Order JCRZMG6ACPQK: Shipping not possible to address, trying to add problem to employee db..
13:02:07.728 [main] INFO com.iluwatar.commander.Commander - Order JCRZMG6ACPQK: Shipping placed successfully, transaction id: UBM5LWZAP7G8
13:02:07.728 [main] INFO com.iluwatar.commander.Commander - Order has been placed and will be shipped to you. Please wait while we make your payment... 
13:02:07.728 [main] ERROR com.iluwatar.commander.Commander - Order JCRZMG6ACPQK: Payment time for order over, failed and returning..
13:02:07.728 [main] INFO com.iluwatar.commander.Commander - Order JCRZMG6ACPQK: Shipping placed successfully, transaction id: TR21XQ6WMOKE
13:02:07.728 [main] INFO com.iluwatar.commander.Commander - Order has been placed and will be shipped to you. Please wait while we make your payment... 
13:02:07.728 [main] INFO com.iluwatar.commander.Commander - Order JCRZMG6ACPQK: Shipping placed successfully, transaction id: RKDGVEE2YOB1
13:02:07.728 [main] INFO com.iluwatar.commander.Commander - Order has been placed and will be shipped to you. Please wait while we make your payment... 
13:02:07.728 [main] INFO com.iluwatar.commander.Commander - Sorry, there was a problem in creating your order. Please try later.
13:02:07.728 [main] ERROR com.iluwatar.commander.Commander - Order I4NXVETB9S6C: Shipping service unavailable, order not placed..
13:02:07.728 [main] INFO com.iluwatar.commander.Commander - Sorry, there was a problem in creating your order. Please try later.
13:02:07.728 [main] ERROR com.iluwatar.commander.Commander - Order I4NXVETB9S6C: Shipping service unavailable, order not placed..
13:02:07.728 [main] INFO com.iluwatar.commander.Commander - Sorry, there was a problem in creating your order. Please try later.
13:02:07.728 [main] ERROR com.iluwatar.commander.Commander - Order I4NXVETB9S6C: Shipping service unavailable, order not placed..
13:02:07.728 [main] INFO com.iluwatar.commander.Commander - Sorry, there was a problem in creating your order. Please try later.
13:02:07.728 [main] ERROR com.iluwatar.commander.Commander - Order I4NXVETB9S6C: Shipping service unavailable, order not placed..
13:02:07.728 [main] INFO com.iluwatar.commander.Commander - Sorry, there was a problem in creating your order. Please try later.
13:02:07.728 [main] ERROR com.iluwatar.commander.Commander - Order IJBQ39GO18R7: Shipping service unavailable, order not placed..
13:02:07.728 [main] INFO com.iluwatar.commander.Commander - Sorry, there was a problem in creating your order. Please try later.
13:02:07.728 [main] ERROR com.iluwatar.commander.Commander - Order IJBQ39GO18R7: Shipping service unavailable, order not placed..
13:02:07.728 [main] INFO com.iluwatar.commander.Commander - Sorry, there was a problem in creating your order. Please try later.
13:02:07.728 [main] ERROR com.iluwatar.commander.Commander - Order IJBQ39GO18R7: Shipping service unavailable, order not placed..
13:02:07.728 [main] INFO com.iluwatar.commander.Commander - Sorry, there was a problem in creating your order. Please try later.
13:02:07.728 [main] ERROR com.iluwatar.commander.Commander - Order IJBQ39GO18R7: Shipping service unavailable, order not placed..
13:02:07.728 [main] DEBUG com.iluwatar.commander.Commander - Order VP8NEP41EQJ6: Error in connecting to shipping service, trying again..
13:02:07.728 [main] INFO com.iluwatar.commander.Commander - Sorry, there was a problem in creating your order. Please try later.
13:02:07.728 [main] ERROR com.iluwatar.commander.Commander - Order VP8NEP41EQJ6: Shipping service unavailable, order not placed..
13:02:07.728 [main] INFO com.iluwatar.commander.Commander - Order VP8NEP41EQJ6: Shipping placed successfully, transaction id: 02Y20PZ3H314
13:02:07.728 [main] INFO com.iluwatar.commander.Commander - Order has been placed and will be shipped to you. Please wait while we make your payment... 
13:02:07.728 [main] ERROR com.iluwatar.commander.Commander - Order VP8NEP41EQJ6: Payment time for order over, failed and returning..
13:02:07.728 [main] INFO com.iluwatar.commander.Commander - Order VP8NEP41EQJ6: Shipping placed successfully, transaction id: 2W4ZAAW8QF0M
13:02:07.728 [main] INFO com.iluwatar.commander.Commander - Order has been placed and will be shipped to you. Please wait while we make your payment... 
13:02:07.728 [main] INFO com.iluwatar.commander.Commander - Order VP8NEP41EQJ6: Shipping placed successfully, transaction id: X8LANZJX2DQE
13:02:07.728 [main] INFO com.iluwatar.commander.Commander - Order has been placed and will be shipped to you. Please wait while we make your payment... 
13:02:07.728 [main] DEBUG com.iluwatar.commander.Commander - Order T1NVQ6ILYGFK: Error in creating shipping request..
13:02:07.728 [main] INFO com.iluwatar.commander.Commander - This item is currently unavailable. We will inform you as soon as the item becomes available again.
13:02:07.728 [main] INFO com.iluwatar.commander.Commander - Order T1NVQ6ILYGFK: Item pen unavailable, trying to add problem to employee handle..
13:02:07.728 [main] INFO com.iluwatar.commander.Commander - Order T1NVQ6ILYGFK: Shipping placed successfully, transaction id: I40AZIV27P5M
13:02:07.728 [main] INFO com.iluwatar.commander.Commander - Order has been placed and will be shipped to you. Please wait while we make your payment... 
13:02:07.728 [main] ERROR com.iluwatar.commander.Commander - Order T1NVQ6ILYGFK: Payment time for order over, failed and returning..
13:02:07.728 [main] INFO com.iluwatar.commander.Commander - Order T1NVQ6ILYGFK: Shipping placed successfully, transaction id: O48ZXF21G3LN
13:02:07.728 [main] INFO com.iluwatar.commander.Commander - Order has been placed and will be shipped to you. Please wait while we make your payment... 
13:02:07.728 [main] INFO com.iluwatar.commander.Commander - Order T1NVQ6ILYGFK: Shipping placed successfully, transaction id: IZU952WJ9GST
13:02:07.728 [main] INFO com.iluwatar.commander.Commander - Order has been placed and will be shipped to you. Please wait while we make your payment... 
13:02:07.728 [main] INFO com.iluwatar.commander.Commander - Sorry, there was a problem in creating your order. Please try later.
13:02:07.728 [main] ERROR com.iluwatar.commander.Commander - Order MIV21AYI5MWI: Shipping service unavailable, order not placed..
13:02:07.728 [main] INFO com.iluwatar.commander.Commander - Sorry, there was a problem in creating your order. Please try later.
13:02:07.728 [main] ERROR com.iluwatar.commander.Commander - Order MIV21AYI5MWI: Shipping service unavailable, order not placed..
13:02:07.728 [main] INFO com.iluwatar.commander.Commander - Sorry, there was a problem in creating your order. Please try later.
13:02:07.728 [main] ERROR com.iluwatar.commander.Commander - Order MIV21AYI5MWI: Shipping service unavailable, order not placed..
13:02:07.728 [main] INFO com.iluwatar.commander.Commander - Sorry, there was a problem in creating your order. Please try later.
13:02:07.728 [main] ERROR com.iluwatar.commander.Commander - Order MIV21AYI5MWI: Shipping service unavailable, order not placed..
13:02:07.728 [main] INFO com.iluwatar.commander.Commander - Sorry, there was a problem in creating your order. Please try later.
13:02:07.728 [main] ERROR com.iluwatar.commander.Commander - Order J4601OY5YE25: Shipping service unavailable, order not placed..
13:02:07.728 [main] INFO com.iluwatar.commander.Commander - Sorry, there was a problem in creating your order. Please try later.
13:02:07.728 [main] ERROR com.iluwatar.commander.Commander - Order J4601OY5YE25: Shipping service unavailable, order not placed..
13:02:07.728 [main] INFO com.iluwatar.commander.Commander - Sorry, there was a problem in creating your order. Please try later.
13:02:07.728 [main] ERROR com.iluwatar.commander.Commander - Order J4601OY5YE25: Shipping service unavailable, order not placed..
13:02:07.728 [main] INFO com.iluwatar.commander.Commander - Sorry, there was a problem in creating your order. Please try later.
13:02:07.728 [main] ERROR com.iluwatar.commander.Commander - Order J4601OY5YE25: Shipping service unavailable, order not placed..
13:02:07.728 [main] DEBUG com.iluwatar.commander.Commander - Order 5UTSNY85AL5B: Error in connecting to shipping service, trying again..
13:02:07.728 [main] INFO com.iluwatar.commander.Commander - Sorry, there was a problem in creating your order. Please try later.
13:02:07.728 [main] ERROR com.iluwatar.commander.Commander - Order 5UTSNY85AL5B: Shipping service unavailable, order not placed..
13:02:07.728 [main] INFO com.iluwatar.commander.Commander - Order 5UTSNY85AL5B: Shipping placed successfully, transaction id: 10ZM3U8ITHSL
13:02:07.728 [main] INFO com.iluwatar.commander.Commander - Order has been placed and will be shipped to you. Please wait while we make your payment... 
13:02:07.728 [main] ERROR com.iluwatar.commander.Commander - Order 5UTSNY85AL5B: Payment time for order over, failed and returning..
13:02:07.728 [main] INFO com.iluwatar.commander.Commander - Order 5UTSNY85AL5B: Shipping placed successfully, transaction id: VMI923NKZ39I
13:02:07.728 [main] INFO com.iluwatar.commander.Commander - Order has been placed and will be shipped to you. Please wait while we make your payment... 
13:02:07.728 [main] INFO com.iluwatar.commander.Commander - Order 5UTSNY85AL5B: Shipping placed successfully, transaction id: INU1D6B0WTYY
13:02:07.728 [main] INFO com.iluwatar.commander.Commander - Order has been placed and will be shipped to you. Please wait while we make your payment... 
13:02:07.728 [main] DEBUG com.iluwatar.commander.Commander - Order LOKPARRXTTDG: Error in creating shipping request..
13:02:07.728 [main] INFO com.iluwatar.commander.Commander - Sorry, there was a problem in creating your order. Please try later.
13:02:07.728 [main] ERROR com.iluwatar.commander.Commander - Order LOKPARRXTTDG: Shipping service unavailable, order not placed..
13:02:07.728 [main] INFO com.iluwatar.commander.Commander - Order LOKPARRXTTDG: Shipping placed successfully, transaction id: VY21DMHOM3UJ
13:02:07.728 [main] INFO com.iluwatar.commander.Commander - Order has been placed and will be shipped to you. Please wait while we make your payment... 
13:02:07.728 [main] ERROR com.iluwatar.commander.Commander - Order LOKPARRXTTDG: Payment time for order over, failed and returning..
13:02:07.728 [main] INFO com.iluwatar.commander.Commander - Order LOKPARRXTTDG: Shipping placed successfully, transaction id: A18TT61FRZGG
13:02:07.728 [main] INFO com.iluwatar.commander.Commander - Order has been placed and will be shipped to you. Please wait while we make your payment... 
13:02:07.728 [main] INFO com.iluwatar.commander.Commander - Order LOKPARRXTTDG: Shipping placed successfully, transaction id: OYCNZJBHQPBL
13:02:07.728 [main] INFO com.iluwatar.commander.Commander - Order has been placed and will be shipped to you. Please wait while we make your payment... 
13:02:07.728 [main] INFO com.iluwatar.commander.Commander - Sorry, there was a problem in creating your order. Please try later.
13:02:07.728 [main] ERROR com.iluwatar.commander.Commander - Order IE463201PD50: Shipping service unavailable, order not placed..
13:02:07.728 [main] INFO com.iluwatar.commander.Commander - Sorry, there was a problem in creating your order. Please try later.
13:02:07.728 [main] ERROR com.iluwatar.commander.Commander - Order IE463201PD50: Shipping service unavailable, order not placed..
13:02:07.728 [main] INFO com.iluwatar.commander.Commander - Sorry, there was a problem in creating your order. Please try later.
13:02:07.728 [main] ERROR com.iluwatar.commander.Commander - Order IE463201PD50: Shipping service unavailable, order not placed..
13:02:07.728 [main] INFO com.iluwatar.commander.Commander - Sorry, there was a problem in creating your order. Please try later.
13:02:07.728 [main] ERROR com.iluwatar.commander.Commander - Order IE463201PD50: Shipping service unavailable, order not placed..
13:02:07.728 [main] INFO com.iluwatar.commander.Commander - Sorry, there was a problem in creating your order. Please try later.
13:02:07.728 [main] ERROR com.iluwatar.commander.Commander - Order DLNB6N0TUAKO: Shipping service unavailable, order not placed..
13:02:07.728 [main] INFO com.iluwatar.commander.Commander - Sorry, there was a problem in creating your order. Please try later.
13:02:07.728 [main] ERROR com.iluwatar.commander.Commander - Order DLNB6N0TUAKO: Shipping service unavailable, order not placed..
13:02:07.728 [main] INFO com.iluwatar.commander.Commander - Sorry, there was a problem in creating your order. Please try later.
13:02:07.728 [main] ERROR com.iluwatar.commander.Commander - Order DLNB6N0TUAKO: Shipping service unavailable, order not placed..
13:02:07.728 [main] INFO com.iluwatar.commander.Commander - Sorry, there was a problem in creating your order. Please try later.
13:02:07.728 [main] ERROR com.iluwatar.commander.Commander - Order DLNB6N0TUAKO: Shipping service unavailable, order not placed..
13:02:07.728 [main] DEBUG com.iluwatar.commander.Commander - Order HAUSPRY4OXSV: Error in connecting to shipping service, trying again..
13:02:07.728 [main] INFO com.iluwatar.commander.Commander - Sorry, there was a problem in creating your order. Please try later.
13:02:07.728 [main] ERROR com.iluwatar.commander.Commander - Order HAUSPRY4OXSV: Shipping service unavailable, order not placed..
13:02:07.728 [main] INFO com.iluwatar.commander.Commander - Order HAUSPRY4OXSV: Shipping placed successfully, transaction id: 8ZGGHTD6GWZG
13:02:07.728 [main] INFO com.iluwatar.commander.Commander - Order has been placed and will be shipped to you. Please wait while we make your payment... 
13:02:07.728 [main] ERROR com.iluwatar.commander.Commander - Order HAUSPRY4OXSV: Payment time for order over, failed and returning..
13:02:07.728 [main] INFO com.iluwatar.commander.Commander - Order HAUSPRY4OXSV: Shipping placed successfully, transaction id: G6YE98V4NF56
13:02:07.728 [main] INFO com.iluwatar.commander.Commander - Order has been placed and will be shipped to you. Please wait while we make your payment... 
13:02:07.728 [main] INFO com.iluwatar.commander.Commander - Order HAUSPRY4OXSV: Shipping placed successfully, transaction id: V6TKRHWBE088
13:02:07.728 [main] INFO com.iluwatar.commander.Commander - Order has been placed and will be shipped to you. Please wait while we make your payment... 
13:02:07.728 [main] DEBUG com.iluwatar.commander.Commander - Order VYK9ZB8SOOX6: Error in creating shipping request..
13:02:07.728 [main] INFO com.iluwatar.commander.Commander - Sorry, there was a problem in creating your order. Please try later.
13:02:07.728 [main] ERROR com.iluwatar.commander.Commander - Order VYK9ZB8SOOX6: Shipping service unavailable, order not placed..
13:02:07.728 [main] INFO com.iluwatar.commander.Commander - Order VYK9ZB8SOOX6: Shipping placed successfully, transaction id: LU1ZZL904C4C
13:02:07.728 [main] INFO com.iluwatar.commander.Commander - Order has been placed and will be shipped to you. Please wait while we make your payment... 
13:02:07.728 [main] ERROR com.iluwatar.commander.Commander - Order VYK9ZB8SOOX6: Payment time for order over, failed and returning..
13:02:07.728 [main] INFO com.iluwatar.commander.Commander - Order VYK9ZB8SOOX6: Shipping placed successfully, transaction id: MZ69DWR3RW0F
13:02:07.728 [main] INFO com.iluwatar.commander.Commander - Order has been placed and will be shipped to you. Please wait while we make your payment... 
13:02:07.728 [main] INFO com.iluwatar.commander.Commander - Order VYK9ZB8SOOX6: Shipping placed successfully, transaction id: 0I9OFU34OLQN
13:02:07.728 [main] INFO com.iluwatar.commander.Commander - Order has been placed and will be shipped to you. Please wait while we make your payment... 
13:02:07.728 [main] INFO com.iluwatar.commander.Commander - Sorry, there was a problem in creating your order. Please try later.
13:02:07.728 [main] ERROR com.iluwatar.commander.Commander - Order GWKIMVIM5GAJ: Shipping service unavailable, order not placed..
13:02:07.728 [main] INFO com.iluwatar.commander.Commander - Sorry, there was a problem in creating your order. Please try later.
13:02:07.728 [main] ERROR com.iluwatar.commander.Commander - Order GWKIMVIM5GAJ: Shipping service unavailable, order not placed..
13:02:07.728 [main] INFO com.iluwatar.commander.Commander - Sorry, there was a problem in creating your order. Please try later.
13:02:07.728 [main] ERROR com.iluwatar.commander.Commander - Order GWKIMVIM5GAJ: Shipping service unavailable, order not placed..
13:02:07.728 [main] INFO com.iluwatar.commander.Commander - Sorry, there was a problem in creating your order. Please try later.
13:02:07.728 [main] ERROR com.iluwatar.commander.Commander - Order GWKIMVIM5GAJ: Shipping service unavailable, order not placed..
13:02:07.728 [main] INFO com.iluwatar.commander.Commander - Sorry, there was a problem in creating your order. Please try later.
13:02:07.728 [main] ERROR com.iluwatar.commander.Commander - Order H8AANV1Z3JF4: Shipping service unavailable, order not placed..
13:02:07.728 [main] INFO com.iluwatar.commander.Commander - Sorry, there was a problem in creating your order. Please try later.
13:02:07.728 [main] ERROR com.iluwatar.commander.Commander - Order H8AANV1Z3JF4: Shipping service unavailable, order not placed..
13:02:07.728 [main] INFO com.iluwatar.commander.Commander - Sorry, there was a problem in creating your order. Please try later.
13:02:07.728 [main] ERROR com.iluwatar.commander.Commander - Order H8AANV1Z3JF4: Shipping service unavailable, order not placed..
13:02:07.728 [main] INFO com.iluwatar.commander.Commander - Sorry, there was a problem in creating your order. Please try later.
13:02:07.728 [main] ERROR com.iluwatar.commander.Commander - Order H8AANV1Z3JF4: Shipping service unavailable, order not placed..
13:02:07.728 [main] DEBUG com.iluwatar.commander.Commander - Order FBO8JRQ02BFY: Error in connecting to shipping service, trying again..
13:02:07.728 [main] INFO com.iluwatar.commander.Commander - Sorry, there was a problem in creating your order. Please try later.
13:02:07.728 [main] ERROR com.iluwatar.commander.Commander - Order FBO8JRQ02BFY: Shipping service unavailable, order not placed..
13:02:07.728 [main] INFO com.iluwatar.commander.Commander - Order FBO8JRQ02BFY: Shipping placed successfully, transaction id: IHQX5UGB3BI6
13:02:07.728 [main] INFO com.iluwatar.commander.Commander - Order has been placed and will be shipped to you. Please wait while we make your payment... 
13:02:07.728 [main] ERROR com.iluwatar.commander.Commander - Order FBO8JRQ02BFY: Payment time for order over, failed and returning..
13:02:07.728 [main] INFO com.iluwatar.commander.Commander - Order FBO8JRQ02BFY: Shipping placed successfully, transaction id: NLUA18A2JIN6
13:02:07.728 [main] INFO com.iluwatar.commander.Commander - Order has been placed and will be shipped to you. Please wait while we make your payment... 
13:02:07.728 [main] INFO com.iluwatar.commander.Commander - Order FBO8JRQ02BFY: Shipping placed successfully, transaction id: 09Y23UGYHUXU
13:02:07.728 [main] INFO com.iluwatar.commander.Commander - Order has been placed and will be shipped to you. Please wait while we make your payment... 
13:02:07.728 [main] DEBUG com.iluwatar.commander.Commander - Order 0AKPJ7X04UW1: Error in connecting to shipping service, trying again..
13:02:07.728 [main] INFO com.iluwatar.commander.Commander - Sorry, there was a problem in creating your order. Please try later.
13:02:07.728 [main] ERROR com.iluwatar.commander.Commander - Order 0AKPJ7X04UW1: Shipping service unavailable, order not placed..
13:02:07.728 [main] INFO com.iluwatar.commander.Commander - Order 0AKPJ7X04UW1: Shipping placed successfully, transaction id: 38Q0O6GC4SKI
13:02:07.728 [main] INFO com.iluwatar.commander.Commander - Order has been placed and will be shipped to you. Please wait while we make your payment... 
13:02:07.728 [main] ERROR com.iluwatar.commander.Commander - Order 0AKPJ7X04UW1: Payment time for order over, failed and returning..
13:02:07.728 [main] INFO com.iluwatar.commander.Commander - Order 0AKPJ7X04UW1: Shipping placed successfully, transaction id: 9013Q3VHI2E2
13:02:07.728 [main] INFO com.iluwatar.commander.Commander - Order has been placed and will be shipped to you. Please wait while we make your payment... 
13:02:07.728 [main] INFO com.iluwatar.commander.Commander - Order 0AKPJ7X04UW1: Shipping placed successfully, transaction id: USU5FOP9VA95
13:02:07.728 [main] INFO com.iluwatar.commander.Commander - Order has been placed and will be shipped to you. Please wait while we make your payment... 
13:02:07.728 [main] INFO com.iluwatar.commander.Commander - Sorry, there was a problem in creating your order. Please try later.
13:02:07.728 [main] ERROR com.iluwatar.commander.Commander - Order 8I98RSAKHYZG: Shipping service unavailable, order not placed..
13:02:07.729 [main] INFO com.iluwatar.commander.Commander - Sorry, there was a problem in creating your order. Please try later.
13:02:07.729 [main] ERROR com.iluwatar.commander.Commander - Order 8I98RSAKHYZG: Shipping service unavailable, order not placed..
13:02:07.729 [main] INFO com.iluwatar.commander.Commander - Sorry, there was a problem in creating your order. Please try later.
13:02:07.729 [main] ERROR com.iluwatar.commander.Commander - Order 8I98RSAKHYZG: Shipping service unavailable, order not placed..
13:02:07.729 [main] INFO com.iluwatar.commander.Commander - Sorry, there was a problem in creating your order. Please try later.
13:02:07.729 [main] ERROR com.iluwatar.commander.Commander - Order 8I98RSAKHYZG: Shipping service unavailable, order not placed..
13:02:07.729 [main] INFO com.iluwatar.commander.Commander - Sorry, there was a problem in creating your order. Please try later.
13:02:07.729 [main] ERROR com.iluwatar.commander.Commander - Order GB7CYL2QWR3B: Shipping service unavailable, order not placed..
13:02:07.729 [main] INFO com.iluwatar.commander.Commander - Sorry, there was a problem in creating your order. Please try later.
13:02:07.729 [main] ERROR com.iluwatar.commander.Commander - Order GB7CYL2QWR3B: Shipping service unavailable, order not placed..
13:02:07.729 [main] INFO com.iluwatar.commander.Commander - Sorry, there was a problem in creating your order. Please try later.
13:02:07.729 [main] ERROR com.iluwatar.commander.Commander - Order GB7CYL2QWR3B: Shipping service unavailable, order not placed..
13:02:07.729 [main] INFO com.iluwatar.commander.Commander - Sorry, there was a problem in creating your order. Please try later.
13:02:07.729 [main] ERROR com.iluwatar.commander.Commander - Order GB7CYL2QWR3B: Shipping service unavailable, order not placed..
13:02:07.729 [main] DEBUG com.iluwatar.commander.Commander - Order Q395SPCROYDW: Error in connecting to shipping service, trying again..
13:02:07.729 [main] INFO com.iluwatar.commander.Commander - Sorry, there was a problem in creating your order. Please try later.
13:02:07.729 [main] ERROR com.iluwatar.commander.Commander - Order Q395SPCROYDW: Shipping service unavailable, order not placed..
13:02:07.729 [main] INFO com.iluwatar.commander.Commander - Order Q395SPCROYDW: Shipping placed successfully, transaction id: FLEW59YHVP7E
13:02:07.729 [main] INFO com.iluwatar.commander.Commander - Order has been placed and will be shipped to you. Please wait while we make your payment... 
13:02:07.729 [main] ERROR com.iluwatar.commander.Commander - Order Q395SPCROYDW: Payment time for order over, failed and returning..
13:02:07.729 [main] INFO com.iluwatar.commander.Commander - Order Q395SPCROYDW: Shipping placed successfully, transaction id: 7ZIZ7CXR2KIC
13:02:07.729 [main] INFO com.iluwatar.commander.Commander - Order has been placed and will be shipped to you. Please wait while we make your payment... 
13:02:07.729 [main] INFO com.iluwatar.commander.Commander - Order Q395SPCROYDW: Shipping placed successfully, transaction id: 1RT227EE7W1E
13:02:07.729 [main] INFO com.iluwatar.commander.Commander - Order has been placed and will be shipped to you. Please wait while we make your payment... 
13:02:07.729 [main] DEBUG com.iluwatar.commander.Commander - Order OZWJ2N2YDY50: Error in creating shipping request..
13:02:07.729 [main] INFO com.iluwatar.commander.Commander - Shipping is currently not possible to your address. We are working on the problem and will get back to you asap.
13:02:07.729 [main] INFO com.iluwatar.commander.Commander - Order OZWJ2N2YDY50: Shipping not possible to address, trying to add problem to employee db..
13:02:07.729 [main] INFO com.iluwatar.commander.Commander - Order OZWJ2N2YDY50: Shipping placed successfully, transaction id: 02GWK33DA3TH
13:02:07.729 [main] INFO com.iluwatar.commander.Commander - Order has been placed and will be shipped to you. Please wait while we make your payment... 
13:02:07.729 [main] ERROR com.iluwatar.commander.Commander - Order OZWJ2N2YDY50: Payment time for order over, failed and returning..
13:02:07.729 [main] INFO com.iluwatar.commander.Commander - Order OZWJ2N2YDY50: Shipping placed successfully, transaction id: LAZYWWITFRYS
13:02:07.729 [main] INFO com.iluwatar.commander.Commander - Order has been placed and will be shipped to you. Please wait while we make your payment... 
13:02:07.729 [main] INFO com.iluwatar.commander.Commander - Order OZWJ2N2YDY50: Shipping placed successfully, transaction id: ZRERWN8C6WOJ
13:02:07.729 [main] INFO com.iluwatar.commander.Commander - Order has been placed and will be shipped to you. Please wait while we make your payment... 
13:02:07.729 [main] INFO com.iluwatar.commander.Commander - Sorry, there was a problem in creating your order. Please try later.
13:02:07.729 [main] ERROR com.iluwatar.commander.Commander - Order W8J82PFJB9I3: Shipping service unavailable, order not placed..
13:02:07.729 [main] INFO com.iluwatar.commander.Commander - Sorry, there was a problem in creating your order. Please try later.
13:02:07.729 [main] ERROR com.iluwatar.commander.Commander - Order W8J82PFJB9I3: Shipping service unavailable, order not placed..
13:02:07.729 [main] INFO com.iluwatar.commander.Commander - Sorry, there was a problem in creating your order. Please try later.
13:02:07.729 [main] ERROR com.iluwatar.commander.Commander - Order W8J82PFJB9I3: Shipping service unavailable, order not placed..
13:02:07.729 [main] INFO com.iluwatar.commander.Commander - Sorry, there was a problem in creating your order. Please try later.
13:02:07.729 [main] ERROR com.iluwatar.commander.Commander - Order W8J82PFJB9I3: Shipping service unavailable, order not placed..
13:02:07.729 [main] INFO com.iluwatar.commander.Commander - Sorry, there was a problem in creating your order. Please try later.
13:02:07.729 [main] ERROR com.iluwatar.commander.Commander - Order DJD0OG2I23SA: Shipping service unavailable, order not placed..
13:02:07.729 [main] INFO com.iluwatar.commander.Commander - Sorry, there was a problem in creating your order. Please try later.
13:02:07.729 [main] ERROR com.iluwatar.commander.Commander - Order DJD0OG2I23SA: Shipping service unavailable, order not placed..
13:02:07.729 [main] INFO com.iluwatar.commander.Commander - Sorry, there was a problem in creating your order. Please try later.
13:02:07.729 [main] ERROR com.iluwatar.commander.Commander - Order DJD0OG2I23SA: Shipping service unavailable, order not placed..
13:02:07.729 [main] INFO com.iluwatar.commander.Commander - Sorry, there was a problem in creating your order. Please try later.
13:02:07.729 [main] ERROR com.iluwatar.commander.Commander - Order DJD0OG2I23SA: Shipping service unavailable, order not placed..
13:02:07.729 [main] DEBUG com.iluwatar.commander.Commander - Order 4NDZF0DA3FUR: Error in connecting to shipping service, trying again..
13:02:07.729 [main] INFO com.iluwatar.commander.Commander - Sorry, there was a problem in creating your order. Please try later.
13:02:07.729 [main] ERROR com.iluwatar.commander.Commander - Order 4NDZF0DA3FUR: Shipping service unavailable, order not placed..
13:02:07.729 [main] INFO com.iluwatar.commander.Commander - Order 4NDZF0DA3FUR: Shipping placed successfully, transaction id: 7V7ML8HDNGP1
13:02:07.729 [main] INFO com.iluwatar.commander.Commander - Order has been placed and will be shipped to you. Please wait while we make your payment... 
13:02:07.729 [main] ERROR com.iluwatar.commander.Commander - Order 4NDZF0DA3FUR: Payment time for order over, failed and returning..
13:02:07.729 [main] INFO com.iluwatar.commander.Commander - Order 4NDZF0DA3FUR: Shipping placed successfully, transaction id: WTNXMB27NTA0
13:02:07.729 [main] INFO com.iluwatar.commander.Commander - Order has been placed and will be shipped to you. Please wait while we make your payment... 
13:02:07.729 [main] INFO com.iluwatar.commander.Commander - Order 4NDZF0DA3FUR: Shipping placed successfully, transaction id: 6KT0Y74FOU07
13:02:07.729 [main] INFO com.iluwatar.commander.Commander - Order has been placed and will be shipped to you. Please wait while we make your payment... 
13:02:07.729 [main] DEBUG com.iluwatar.commander.Commander - Order E3V4SU5ZV97C: Error in creating shipping request..
13:02:07.729 [main] INFO com.iluwatar.commander.Commander - This item is currently unavailable. We will inform you as soon as the item becomes available again.
13:02:07.729 [main] INFO com.iluwatar.commander.Commander - Order E3V4SU5ZV97C: Item pen unavailable, trying to add problem to employee handle..
13:02:07.729 [main] INFO com.iluwatar.commander.Commander - Order E3V4SU5ZV97C: Shipping placed successfully, transaction id: OCVXGWJ93PT7
13:02:07.729 [main] INFO com.iluwatar.commander.Commander - Order has been placed and will be shipped to you. Please wait while we make your payment... 
13:02:07.729 [main] ERROR com.iluwatar.commander.Commander - Order E3V4SU5ZV97C: Payment time for order over, failed and returning..
13:02:07.729 [main] INFO com.iluwatar.commander.Commander - Order E3V4SU5ZV97C: Shipping placed successfully, transaction id: TOJ6YLYSIFZ9
13:02:07.729 [main] INFO com.iluwatar.commander.Commander - Order has been placed and will be shipped to you. Please wait while we make your payment... 
13:02:07.729 [main] INFO com.iluwatar.commander.Commander - Order E3V4SU5ZV97C: Shipping placed successfully, transaction id: TPGY5IKNZ8D9
13:02:07.729 [main] INFO com.iluwatar.commander.Commander - Order has been placed and will be shipped to you. Please wait while we make your payment... 
13:02:07.729 [main] INFO com.iluwatar.commander.Commander - Sorry, there was a problem in creating your order. Please try later.
13:02:07.729 [main] ERROR com.iluwatar.commander.Commander - Order 88ZGORB2Z3XL: Shipping service unavailable, order not placed..
13:02:07.729 [main] INFO com.iluwatar.commander.Commander - Sorry, there was a problem in creating your order. Please try later.
13:02:07.729 [main] ERROR com.iluwatar.commander.Commander - Order 88ZGORB2Z3XL: Shipping service unavailable, order not placed..
13:02:07.729 [main] INFO com.iluwatar.commander.Commander - Sorry, there was a problem in creating your order. Please try later.
13:02:07.729 [main] ERROR com.iluwatar.commander.Commander - Order 88ZGORB2Z3XL: Shipping service unavailable, order not placed..
13:02:07.729 [main] INFO com.iluwatar.commander.Commander - Sorry, there was a problem in creating your order. Please try later.
13:02:07.729 [main] ERROR com.iluwatar.commander.Commander - Order 88ZGORB2Z3XL: Shipping service unavailable, order not placed..
13:02:07.729 [main] INFO com.iluwatar.commander.Commander - Sorry, there was a problem in creating your order. Please try later.
13:02:07.729 [main] ERROR com.iluwatar.commander.Commander - Order 651NFNBSJYWL: Shipping service unavailable, order not placed..
13:02:07.729 [main] INFO com.iluwatar.commander.Commander - Sorry, there was a problem in creating your order. Please try later.
13:02:07.729 [main] ERROR com.iluwatar.commander.Commander - Order 651NFNBSJYWL: Shipping service unavailable, order not placed..
13:02:07.729 [main] INFO com.iluwatar.commander.Commander - Sorry, there was a problem in creating your order. Please try later.
13:02:07.729 [main] ERROR com.iluwatar.commander.Commander - Order 651NFNBSJYWL: Shipping service unavailable, order not placed..
13:02:07.729 [main] INFO com.iluwatar.commander.Commander - Sorry, there was a problem in creating your order. Please try later.
13:02:07.729 [main] ERROR com.iluwatar.commander.Commander - Order 651NFNBSJYWL: Shipping service unavailable, order not placed..
13:02:07.729 [main] DEBUG com.iluwatar.commander.Commander - Order 0SSGIOEXXHZK: Error in connecting to shipping service, trying again..
13:02:07.729 [main] INFO com.iluwatar.commander.Commander - Sorry, there was a problem in creating your order. Please try later.
13:02:07.729 [main] ERROR com.iluwatar.commander.Commander - Order 0SSGIOEXXHZK: Shipping service unavailable, order not placed..
13:02:07.729 [main] INFO com.iluwatar.commander.Commander - Order 0SSGIOEXXHZK: Shipping placed successfully, transaction id: 0YGFHDXEM5XI
13:02:07.729 [main] INFO com.iluwatar.commander.Commander - Order has been placed and will be shipped to you. Please wait while we make your payment... 
13:02:07.729 [main] ERROR com.iluwatar.commander.Commander - Order 0SSGIOEXXHZK: Payment time for order over, failed and returning..
13:02:07.729 [main] INFO com.iluwatar.commander.Commander - Order 0SSGIOEXXHZK: Shipping placed successfully, transaction id: G8KAYJ8X57NU
13:02:07.729 [main] INFO com.iluwatar.commander.Commander - Order has been placed and will be shipped to you. Please wait while we make your payment... 
13:02:07.729 [main] INFO com.iluwatar.commander.Commander - Order 0SSGIOEXXHZK: Shipping placed successfully, transaction id: 1LXB7LX9ZXDK
13:02:07.729 [main] INFO com.iluwatar.commander.Commander - Order has been placed and will be shipped to you. Please wait while we make your payment... 
13:02:07.729 [main] DEBUG com.iluwatar.commander.Commander - Order 1P0T0OHLHJUF: Error in creating shipping request..
13:02:07.729 [main] INFO com.iluwatar.commander.Commander - Sorry, there was a problem in creating your order. Please try later.
13:02:07.729 [main] ERROR com.iluwatar.commander.Commander - Order 1P0T0OHLHJUF: Shipping service unavailable, order not placed..
13:02:07.729 [main] INFO com.iluwatar.commander.Commander - Order 1P0T0OHLHJUF: Shipping placed successfully, transaction id: D0WQSSH8YFFL
13:02:07.729 [main] INFO com.iluwatar.commander.Commander - Order has been placed and will be shipped to you. Please wait while we make your payment... 
13:02:07.729 [main] ERROR com.iluwatar.commander.Commander - Order 1P0T0OHLHJUF: Payment time for order over, failed and returning..
13:02:07.729 [main] INFO com.iluwatar.commander.Commander - Order 1P0T0OHLHJUF: Shipping placed successfully, transaction id: GKWZ4JTX4C0V
13:02:07.729 [main] INFO com.iluwatar.commander.Commander - Order has been placed and will be shipped to you. Please wait while we make your payment... 
13:02:07.729 [main] INFO com.iluwatar.commander.Commander - Order 1P0T0OHLHJUF: Shipping placed successfully, transaction id: Y2XR8HNIE1BI
13:02:07.729 [main] INFO com.iluwatar.commander.Commander - Order has been placed and will be shipped to you. Please wait while we make your payment... 
13:02:07.729 [main] INFO com.iluwatar.commander.Commander - Sorry, there was a problem in creating your order. Please try later.
13:02:07.729 [main] ERROR com.iluwatar.commander.Commander - Order 542ZSGZA25ZW: Shipping service unavailable, order not placed..
13:02:07.729 [main] INFO com.iluwatar.commander.Commander - Sorry, there was a problem in creating your order. Please try later.
13:02:07.729 [main] ERROR com.iluwatar.commander.Commander - Order 542ZSGZA25ZW: Shipping service unavailable, order not placed..
13:02:07.729 [main] INFO com.iluwatar.commander.Commander - Sorry, there was a problem in creating your order. Please try later.
13:02:07.729 [main] ERROR com.iluwatar.commander.Commander - Order 542ZSGZA25ZW: Shipping service unavailable, order not placed..
13:02:07.729 [main] INFO com.iluwatar.commander.Commander - Sorry, there was a problem in creating your order. Please try later.
13:02:07.729 [main] ERROR com.iluwatar.commander.Commander - Order 542ZSGZA25ZW: Shipping service unavailable, order not placed..
13:02:07.729 [main] INFO com.iluwatar.commander.Commander - Sorry, there was a problem in creating your order. Please try later.
13:02:07.729 [main] ERROR com.iluwatar.commander.Commander - Order N20AF3EE5DZH: Shipping service unavailable, order not placed..
13:02:07.729 [main] INFO com.iluwatar.commander.Commander - Sorry, there was a problem in creating your order. Please try later.
13:02:07.729 [main] ERROR com.iluwatar.commander.Commander - Order N20AF3EE5DZH: Shipping service unavailable, order not placed..
13:02:07.729 [main] INFO com.iluwatar.commander.Commander - Sorry, there was a problem in creating your order. Please try later.
13:02:07.729 [main] ERROR com.iluwatar.commander.Commander - Order N20AF3EE5DZH: Shipping service unavailable, order not placed..
13:02:07.729 [main] INFO com.iluwatar.commander.Commander - Sorry, there was a problem in creating your order. Please try later.
13:02:07.729 [main] ERROR com.iluwatar.commander.Commander - Order N20AF3EE5DZH: Shipping service unavailable, order not placed..
13:02:07.729 [main] DEBUG com.iluwatar.commander.Commander - Order BSHOI9VWO0MO: Error in connecting to shipping service, trying again..
13:02:07.729 [main] INFO com.iluwatar.commander.Commander - Sorry, there was a problem in creating your order. Please try later.
13:02:07.729 [main] ERROR com.iluwatar.commander.Commander - Order BSHOI9VWO0MO: Shipping service unavailable, order not placed..
13:02:07.729 [main] INFO com.iluwatar.commander.Commander - Order BSHOI9VWO0MO: Shipping placed successfully, transaction id: TVW8WKO7VWP0
13:02:07.729 [main] INFO com.iluwatar.commander.Commander - Order has been placed and will be shipped to you. Please wait while we make your payment... 
13:02:07.729 [main] ERROR com.iluwatar.commander.Commander - Order BSHOI9VWO0MO: Payment time for order over, failed and returning..
13:02:07.729 [main] INFO com.iluwatar.commander.Commander - Order BSHOI9VWO0MO: Shipping placed successfully, transaction id: 8632VQIAZ1H6
13:02:07.729 [main] INFO com.iluwatar.commander.Commander - Order has been placed and will be shipped to you. Please wait while we make your payment... 
13:02:07.729 [main] INFO com.iluwatar.commander.Commander - Order BSHOI9VWO0MO: Shipping placed successfully, transaction id: 0TRCXLCJNAJR
13:02:07.729 [main] INFO com.iluwatar.commander.Commander - Order has been placed and will be shipped to you. Please wait while we make your payment... 
13:02:07.729 [main] DEBUG com.iluwatar.commander.Commander - Order F96OBBRUFJW7: Error in creating shipping request..
13:02:07.729 [main] INFO com.iluwatar.commander.Commander - Sorry, there was a problem in creating your order. Please try later.
13:02:07.729 [main] ERROR com.iluwatar.commander.Commander - Order F96OBBRUFJW7: Shipping service unavailable, order not placed..
13:02:07.729 [main] INFO com.iluwatar.commander.Commander - Order F96OBBRUFJW7: Shipping placed successfully, transaction id: KMJYNHIBJ0S6
13:02:07.729 [main] INFO com.iluwatar.commander.Commander - Order has been placed and will be shipped to you. Please wait while we make your payment... 
13:02:07.729 [main] ERROR com.iluwatar.commander.Commander - Order F96OBBRUFJW7: Payment time for order over, failed and returning..
13:02:07.729 [main] INFO com.iluwatar.commander.Commander - Order F96OBBRUFJW7: Shipping placed successfully, transaction id: 1YC766EUHQAA
13:02:07.729 [main] INFO com.iluwatar.commander.Commander - Order has been placed and will be shipped to you. Please wait while we make your payment... 
13:02:07.729 [main] INFO com.iluwatar.commander.Commander - Order F96OBBRUFJW7: Shipping placed successfully, transaction id: SHLN4DULNCC2
13:02:07.729 [main] INFO com.iluwatar.commander.Commander - Order has been placed and will be shipped to you. Please wait while we make your payment... 
13:02:07.729 [main] INFO com.iluwatar.commander.Commander - Sorry, there was a problem in creating your order. Please try later.
13:02:07.729 [main] ERROR com.iluwatar.commander.Commander - Order 78OHYCCWUISY: Shipping service unavailable, order not placed..
13:02:07.729 [main] INFO com.iluwatar.commander.Commander - Sorry, there was a problem in creating your order. Please try later.
13:02:07.730 [main] ERROR com.iluwatar.commander.Commander - Order 78OHYCCWUISY: Shipping service unavailable, order not placed..
13:02:07.730 [main] INFO com.iluwatar.commander.Commander - Sorry, there was a problem in creating your order. Please try later.
13:02:07.730 [main] ERROR com.iluwatar.commander.Commander - Order 78OHYCCWUISY: Shipping service unavailable, order not placed..
13:02:07.730 [main] INFO com.iluwatar.commander.Commander - Sorry, there was a problem in creating your order. Please try later.
13:02:07.730 [main] ERROR com.iluwatar.commander.Commander - Order 78OHYCCWUISY: Shipping service unavailable, order not placed..
13:02:07.730 [main] INFO com.iluwatar.commander.Commander - Sorry, there was a problem in creating your order. Please try later.
13:02:07.730 [main] ERROR com.iluwatar.commander.Commander - Order MXSHLB9C0JCX: Shipping service unavailable, order not placed..
13:02:07.730 [main] INFO com.iluwatar.commander.Commander - Sorry, there was a problem in creating your order. Please try later.
13:02:07.730 [main] ERROR com.iluwatar.commander.Commander - Order MXSHLB9C0JCX: Shipping service unavailable, order not placed..
13:02:07.730 [main] INFO com.iluwatar.commander.Commander - Sorry, there was a problem in creating your order. Please try later.
13:02:07.730 [main] ERROR com.iluwatar.commander.Commander - Order MXSHLB9C0JCX: Shipping service unavailable, order not placed..
13:02:07.730 [main] INFO com.iluwatar.commander.Commander - Sorry, there was a problem in creating your order. Please try later.
13:02:07.730 [main] ERROR com.iluwatar.commander.Commander - Order MXSHLB9C0JCX: Shipping service unavailable, order not placed..
13:02:07.730 [main] DEBUG com.iluwatar.commander.Commander - Order X7MT4N9WHTA6: Error in connecting to shipping service, trying again..
13:02:07.730 [main] INFO com.iluwatar.commander.Commander - Sorry, there was a problem in creating your order. Please try later.
13:02:07.730 [main] ERROR com.iluwatar.commander.Commander - Order X7MT4N9WHTA6: Shipping service unavailable, order not placed..
13:02:07.730 [main] INFO com.iluwatar.commander.Commander - Order X7MT4N9WHTA6: Shipping placed successfully, transaction id: WKI3GF5DQQBU
13:02:07.730 [main] INFO com.iluwatar.commander.Commander - Order has been placed and will be shipped to you. Please wait while we make your payment... 
13:02:07.730 [main] ERROR com.iluwatar.commander.Commander - Order X7MT4N9WHTA6: Payment time for order over, failed and returning..
13:02:07.730 [main] INFO com.iluwatar.commander.Commander - Order X7MT4N9WHTA6: Shipping placed successfully, transaction id: 1K92VAL8E3MP
13:02:07.730 [main] INFO com.iluwatar.commander.Commander - Order has been placed and will be shipped to you. Please wait while we make your payment... 
13:02:07.730 [main] INFO com.iluwatar.commander.Commander - Order X7MT4N9WHTA6: Shipping placed successfully, transaction id: ZNHDZLHB6JOT
13:02:07.730 [main] INFO com.iluwatar.commander.Commander - Order has been placed and will be shipped to you. Please wait while we make your payment... 
13:02:07.730 [main] DEBUG com.iluwatar.commander.Commander - Order SU4JWASXNC7K: Error in connecting to shipping service, trying again..
13:02:07.730 [main] INFO com.iluwatar.commander.Commander - Sorry, there was a problem in creating your order. Please try later.
13:02:07.730 [main] ERROR com.iluwatar.commander.Commander - Order SU4JWASXNC7K: Shipping service unavailable, order not placed..
13:02:07.730 [main] INFO com.iluwatar.commander.Commander - Order SU4JWASXNC7K: Shipping placed successfully, transaction id: 8PJV0N7LMGZI
13:02:07.730 [main] INFO com.iluwatar.commander.Commander - Order has been placed and will be shipped to you. Please wait while we make your payment... 
13:02:07.730 [main] ERROR com.iluwatar.commander.Commander - Order SU4JWASXNC7K: Payment time for order over, failed and returning..
13:02:07.730 [main] INFO com.iluwatar.commander.Commander - Order SU4JWASXNC7K: Shipping placed successfully, transaction id: 07SGHHSP0E9G
13:02:07.730 [main] INFO com.iluwatar.commander.Commander - Order has been placed and will be shipped to you. Please wait while we make your payment... 
13:02:07.730 [main] INFO com.iluwatar.commander.Commander - Order SU4JWASXNC7K: Shipping placed successfully, transaction id: KFX0PLF3O173
13:02:07.730 [main] INFO com.iluwatar.commander.Commander - Order has been placed and will be shipped to you. Please wait while we make your payment... 
13:02:07.730 [main] INFO com.iluwatar.commander.Commander - Sorry, there was a problem in creating your order. Please try later.
13:02:07.730 [main] ERROR com.iluwatar.commander.Commander - Order 2VPX9K4AVPA8: Shipping service unavailable, order not placed..
13:02:07.730 [main] INFO com.iluwatar.commander.Commander - Sorry, there was a problem in creating your order. Please try later.
13:02:07.730 [main] ERROR com.iluwatar.commander.Commander - Order 2VPX9K4AVPA8: Shipping service unavailable, order not placed..
13:02:07.730 [main] INFO com.iluwatar.commander.Commander - Sorry, there was a problem in creating your order. Please try later.
13:02:07.730 [main] ERROR com.iluwatar.commander.Commander - Order 2VPX9K4AVPA8: Shipping service unavailable, order not placed..
13:02:07.730 [main] INFO com.iluwatar.commander.Commander - Sorry, there was a problem in creating your order. Please try later.
13:02:07.730 [main] ERROR com.iluwatar.commander.Commander - Order 2VPX9K4AVPA8: Shipping service unavailable, order not placed..
13:02:07.730 [main] INFO com.iluwatar.commander.Commander - Sorry, there was a problem in creating your order. Please try later.
13:02:07.730 [main] ERROR com.iluwatar.commander.Commander - Order Y0YFGE9LB950: Shipping service unavailable, order not placed..
13:02:07.730 [main] INFO com.iluwatar.commander.Commander - Sorry, there was a problem in creating your order. Please try later.
13:02:07.730 [main] ERROR com.iluwatar.commander.Commander - Order Y0YFGE9LB950: Shipping service unavailable, order not placed..
13:02:07.730 [main] INFO com.iluwatar.commander.Commander - Sorry, there was a problem in creating your order. Please try later.
13:02:07.730 [main] ERROR com.iluwatar.commander.Commander - Order Y0YFGE9LB950: Shipping service unavailable, order not placed..
13:02:07.730 [main] INFO com.iluwatar.commander.Commander - Sorry, there was a problem in creating your order. Please try later.
13:02:07.730 [main] ERROR com.iluwatar.commander.Commander - Order Y0YFGE9LB950: Shipping service unavailable, order not placed..
13:02:07.730 [main] DEBUG com.iluwatar.commander.Commander - Order 13SI0KPLNXQ5: Error in connecting to shipping service, trying again..
13:02:07.730 [main] INFO com.iluwatar.commander.Commander - Sorry, there was a problem in creating your order. Please try later.
13:02:07.730 [main] ERROR com.iluwatar.commander.Commander - Order 13SI0KPLNXQ5: Shipping service unavailable, order not placed..
13:02:07.730 [main] INFO com.iluwatar.commander.Commander - Order 13SI0KPLNXQ5: Shipping placed successfully, transaction id: 7K85Z38XY0JK
13:02:07.730 [main] INFO com.iluwatar.commander.Commander - Order has been placed and will be shipped to you. Please wait while we make your payment... 
13:02:07.730 [main] ERROR com.iluwatar.commander.Commander - Order 13SI0KPLNXQ5: Payment time for order over, failed and returning..
13:02:07.730 [main] INFO com.iluwatar.commander.Commander - Order 13SI0KPLNXQ5: Shipping placed successfully, transaction id: X7L5G310V7GX
13:02:07.730 [main] INFO com.iluwatar.commander.Commander - Order has been placed and will be shipped to you. Please wait while we make your payment... 
13:02:07.730 [main] INFO com.iluwatar.commander.Commander - Order 13SI0KPLNXQ5: Shipping placed successfully, transaction id: OGJUNDJ06L1X
13:02:07.730 [main] INFO com.iluwatar.commander.Commander - Order has been placed and will be shipped to you. Please wait while we make your payment... 
13:02:07.730 [main] DEBUG com.iluwatar.commander.Commander - Order XEMQUECXJ07K: Error in creating shipping request..
13:02:07.730 [main] INFO com.iluwatar.commander.Commander - Shipping is currently not possible to your address. We are working on the problem and will get back to you asap.
13:02:07.730 [main] INFO com.iluwatar.commander.Commander - Order XEMQUECXJ07K: Shipping not possible to address, trying to add problem to employee db..
13:02:07.730 [main] INFO com.iluwatar.commander.Commander - Order XEMQUECXJ07K: Shipping placed successfully, transaction id: B3ICJZR6EK2R
13:02:07.730 [main] INFO com.iluwatar.commander.Commander - Order has been placed and will be shipped to you. Please wait while we make your payment... 
13:02:07.730 [main] ERROR com.iluwatar.commander.Commander - Order XEMQUECXJ07K: Payment time for order over, failed and returning..
13:02:07.730 [main] INFO com.iluwatar.commander.Commander - Order XEMQUECXJ07K: Shipping placed successfully, transaction id: 2YLXWUCYX826
13:02:07.730 [main] INFO com.iluwatar.commander.Commander - Order has been placed and will be shipped to you. Please wait while we make your payment... 
13:02:07.730 [main] INFO com.iluwatar.commander.Commander - Order XEMQUECXJ07K: Shipping placed successfully, transaction id: 0WRIZE4DAGAC
13:02:07.730 [main] INFO com.iluwatar.commander.Commander - Order has been placed and will be shipped to you. Please wait while we make your payment... 
13:02:07.730 [main] INFO com.iluwatar.commander.Commander - Sorry, there was a problem in creating your order. Please try later.
13:02:07.730 [main] ERROR com.iluwatar.commander.Commander - Order OB5GIW9PR5H7: Shipping service unavailable, order not placed..
13:02:07.730 [main] INFO com.iluwatar.commander.Commander - Sorry, there was a problem in creating your order. Please try later.
13:02:07.730 [main] ERROR com.iluwatar.commander.Commander - Order OB5GIW9PR5H7: Shipping service unavailable, order not placed..
13:02:07.730 [main] INFO com.iluwatar.commander.Commander - Sorry, there was a problem in creating your order. Please try later.
13:02:07.730 [main] ERROR com.iluwatar.commander.Commander - Order OB5GIW9PR5H7: Shipping service unavailable, order not placed..
13:02:07.730 [main] INFO com.iluwatar.commander.Commander - Sorry, there was a problem in creating your order. Please try later.
13:02:07.730 [main] ERROR com.iluwatar.commander.Commander - Order OB5GIW9PR5H7: Shipping service unavailable, order not placed..
13:02:07.730 [main] INFO com.iluwatar.commander.Commander - Sorry, there was a problem in creating your order. Please try later.
13:02:07.730 [main] ERROR com.iluwatar.commander.Commander - Order OTRSG4E1983C: Shipping service unavailable, order not placed..
13:02:07.730 [main] INFO com.iluwatar.commander.Commander - Sorry, there was a problem in creating your order. Please try later.
13:02:07.730 [main] ERROR com.iluwatar.commander.Commander - Order OTRSG4E1983C: Shipping service unavailable, order not placed..
13:02:07.730 [main] INFO com.iluwatar.commander.Commander - Sorry, there was a problem in creating your order. Please try later.
13:02:07.730 [main] ERROR com.iluwatar.commander.Commander - Order OTRSG4E1983C: Shipping service unavailable, order not placed..
13:02:07.730 [main] INFO com.iluwatar.commander.Commander - Sorry, there was a problem in creating your order. Please try later.
13:02:07.730 [main] ERROR com.iluwatar.commander.Commander - Order OTRSG4E1983C: Shipping service unavailable, order not placed..
13:02:07.730 [main] DEBUG com.iluwatar.commander.Commander - Order 10RFMWZV3GU3: Error in connecting to shipping service, trying again..
13:02:07.730 [main] INFO com.iluwatar.commander.Commander - Sorry, there was a problem in creating your order. Please try later.
13:02:07.730 [main] ERROR com.iluwatar.commander.Commander - Order 10RFMWZV3GU3: Shipping service unavailable, order not placed..
13:02:07.730 [main] INFO com.iluwatar.commander.Commander - Order 10RFMWZV3GU3: Shipping placed successfully, transaction id: ZVSFMCEWH3Y0
13:02:07.730 [main] INFO com.iluwatar.commander.Commander - Order has been placed and will be shipped to you. Please wait while we make your payment... 
13:02:07.730 [main] ERROR com.iluwatar.commander.Commander - Order 10RFMWZV3GU3: Payment time for order over, failed and returning..
13:02:07.730 [main] INFO com.iluwatar.commander.Commander - Order 10RFMWZV3GU3: Shipping placed successfully, transaction id: 31MDUZL258D7
13:02:07.730 [main] INFO com.iluwatar.commander.Commander - Order has been placed and will be shipped to you. Please wait while we make your payment... 
13:02:07.730 [main] INFO com.iluwatar.commander.Commander - Order 10RFMWZV3GU3: Shipping placed successfully, transaction id: YO8PBQ4KX2A0
13:02:07.730 [main] INFO com.iluwatar.commander.Commander - Order has been placed and will be shipped to you. Please wait while we make your payment... 
13:02:07.730 [main] DEBUG com.iluwatar.commander.Commander - Order ABYRV7XD4B70: Error in creating shipping request..
13:02:07.730 [main] INFO com.iluwatar.commander.Commander - This item is currently unavailable. We will inform you as soon as the item becomes available again.
13:02:07.730 [main] INFO com.iluwatar.commander.Commander - Order ABYRV7XD4B70: Item pen unavailable, trying to add problem to employee handle..
13:02:07.730 [main] INFO com.iluwatar.commander.Commander - Order ABYRV7XD4B70: Shipping placed successfully, transaction id: NI81JFUD1FCI
13:02:07.730 [main] INFO com.iluwatar.commander.Commander - Order has been placed and will be shipped to you. Please wait while we make your payment... 
13:02:07.730 [main] ERROR com.iluwatar.commander.Commander - Order ABYRV7XD4B70: Payment time for order over, failed and returning..
13:02:07.730 [main] INFO com.iluwatar.commander.Commander - Order ABYRV7XD4B70: Shipping placed successfully, transaction id: HPIA9FYUF0E1
13:02:07.730 [main] INFO com.iluwatar.commander.Commander - Order has been placed and will be shipped to you. Please wait while we make your payment... 
13:02:07.730 [main] INFO com.iluwatar.commander.Commander - Order ABYRV7XD4B70: Shipping placed successfully, transaction id: 04OAMCFNGWMC
13:02:07.730 [main] INFO com.iluwatar.commander.Commander - Order has been placed and will be shipped to you. Please wait while we make your payment... 
13:02:07.730 [main] INFO com.iluwatar.commander.Commander - Sorry, there was a problem in creating your order. Please try later.
13:02:07.730 [main] ERROR com.iluwatar.commander.Commander - Order P2XAQXXMATOD: Shipping service unavailable, order not placed..
13:02:07.730 [main] INFO com.iluwatar.commander.Commander - Sorry, there was a problem in creating your order. Please try later.
13:02:07.730 [main] ERROR com.iluwatar.commander.Commander - Order P2XAQXXMATOD: Shipping service unavailable, order not placed..
13:02:07.730 [main] INFO com.iluwatar.commander.Commander - Sorry, there was a problem in creating your order. Please try later.
13:02:07.730 [main] ERROR com.iluwatar.commander.Commander - Order P2XAQXXMATOD: Shipping service unavailable, order not placed..
13:02:07.730 [main] INFO com.iluwatar.commander.Commander - Sorry, there was a problem in creating your order. Please try later.
13:02:07.730 [main] ERROR com.iluwatar.commander.Commander - Order P2XAQXXMATOD: Shipping service unavailable, order not placed..
13:02:07.730 [main] INFO com.iluwatar.commander.Commander - Sorry, there was a problem in creating your order. Please try later.
13:02:07.730 [main] ERROR com.iluwatar.commander.Commander - Order U77HMQKGQ2XU: Shipping service unavailable, order not placed..
13:02:07.730 [main] INFO com.iluwatar.commander.Commander - Sorry, there was a problem in creating your order. Please try later.
13:02:07.730 [main] ERROR com.iluwatar.commander.Commander - Order U77HMQKGQ2XU: Shipping service unavailable, order not placed..
13:02:07.730 [main] INFO com.iluwatar.commander.Commander - Sorry, there was a problem in creating your order. Please try later.
13:02:07.730 [main] ERROR com.iluwatar.commander.Commander - Order U77HMQKGQ2XU: Shipping service unavailable, order not placed..
13:02:07.730 [main] INFO com.iluwatar.commander.Commander - Sorry, there was a problem in creating your order. Please try later.
13:02:07.730 [main] ERROR com.iluwatar.commander.Commander - Order U77HMQKGQ2XU: Shipping service unavailable, order not placed..
13:02:07.730 [main] DEBUG com.iluwatar.commander.Commander - Order GNR1QJUSFQCO: Error in connecting to shipping service, trying again..
13:02:07.730 [main] INFO com.iluwatar.commander.Commander - Sorry, there was a problem in creating your order. Please try later.
13:02:07.730 [main] ERROR com.iluwatar.commander.Commander - Order GNR1QJUSFQCO: Shipping service unavailable, order not placed..
13:02:07.730 [main] INFO com.iluwatar.commander.Commander - Order GNR1QJUSFQCO: Shipping placed successfully, transaction id: 4YGIA4J83XZY
13:02:07.730 [main] INFO com.iluwatar.commander.Commander - Order has been placed and will be shipped to you. Please wait while we make your payment... 
13:02:07.730 [main] ERROR com.iluwatar.commander.Commander - Order GNR1QJUSFQCO: Payment time for order over, failed and returning..
13:02:07.730 [main] INFO com.iluwatar.commander.Commander - Order GNR1QJUSFQCO: Shipping placed successfully, transaction id: BQO717RMWU41
13:02:07.730 [main] INFO com.iluwatar.commander.Commander - Order has been placed and will be shipped to you. Please wait while we make your payment... 
13:02:07.730 [main] INFO com.iluwatar.commander.Commander - Order GNR1QJUSFQCO: Shipping placed successfully, transaction id: 77YR1N4OILZ0
13:02:07.730 [main] INFO com.iluwatar.commander.Commander - Order has been placed and will be shipped to you. Please wait while we make your payment... 
13:02:07.730 [main] DEBUG com.iluwatar.commander.Commander - Order 1TA976TDWJAV: Error in creating shipping request..
13:02:07.730 [main] INFO com.iluwatar.commander.Commander - Sorry, there was a problem in creating your order. Please try later.
13:02:07.730 [main] ERROR com.iluwatar.commander.Commander - Order 1TA976TDWJAV: Shipping service unavailable, order not placed..
13:02:07.730 [main] INFO com.iluwatar.commander.Commander - Order 1TA976TDWJAV: Shipping placed successfully, transaction id: C2IJ7UYXETVS
13:02:07.730 [main] INFO com.iluwatar.commander.Commander - Order has been placed and will be shipped to you. Please wait while we make your payment... 
13:02:07.730 [main] ERROR com.iluwatar.commander.Commander - Order 1TA976TDWJAV: Payment time for order over, failed and returning..
13:02:07.730 [main] INFO com.iluwatar.commander.Commander - Order 1TA976TDWJAV: Shipping placed successfully, transaction id: G54BMC5KYO14
13:02:07.730 [main] INFO com.iluwatar.commander.Commander - Order has been placed and will be shipped to you. Please wait while we make your payment... 
13:02:07.730 [main] INFO com.iluwatar.commander.Commander - Order 1TA976TDWJAV: Shipping placed successfully, transaction id: 3ZGN3BKCKAU6
13:02:07.730 [main] INFO com.iluwatar.commander.Commander - Order has been placed and will be shipped to you. Please wait while we make your payment... 
13:02:07.731 [main] INFO com.iluwatar.commander.Commander - Sorry, there was a problem in creating your order. Please try later.
13:02:07.731 [main] ERROR com.iluwatar.commander.Commander - Order I67ZKE8O61CE: Shipping service unavailable, order not placed..
13:02:07.731 [main] INFO com.iluwatar.commander.Commander - Sorry, there was a problem in creating your order. Please try later.
13:02:07.731 [main] ERROR com.iluwatar.commander.Commander - Order I67ZKE8O61CE: Shipping service unavailable, order not placed..
13:02:07.731 [main] INFO com.iluwatar.commander.Commander - Sorry, there was a problem in creating your order. Please try later.
13:02:07.731 [main] ERROR com.iluwatar.commander.Commander - Order I67ZKE8O61CE: Shipping service unavailable, order not placed..
13:02:07.731 [main] INFO com.iluwatar.commander.Commander - Sorry, there was a problem in creating your order. Please try later.
13:02:07.731 [main] ERROR com.iluwatar.commander.Commander - Order I67ZKE8O61CE: Shipping service unavailable, order not placed..
13:02:07.731 [main] INFO com.iluwatar.commander.Commander - Sorry, there was a problem in creating your order. Please try later.
13:02:07.731 [main] ERROR com.iluwatar.commander.Commander - Order W07YTIS9PVF8: Shipping service unavailable, order not placed..
13:02:07.731 [main] INFO com.iluwatar.commander.Commander - Sorry, there was a problem in creating your order. Please try later.
13:02:07.731 [main] ERROR com.iluwatar.commander.Commander - Order W07YTIS9PVF8: Shipping service unavailable, order not placed..
13:02:07.731 [main] INFO com.iluwatar.commander.Commander - Sorry, there was a problem in creating your order. Please try later.
13:02:07.731 [main] ERROR com.iluwatar.commander.Commander - Order W07YTIS9PVF8: Shipping service unavailable, order not placed..
13:02:07.731 [main] INFO com.iluwatar.commander.Commander - Sorry, there was a problem in creating your order. Please try later.
13:02:07.731 [main] ERROR com.iluwatar.commander.Commander - Order W07YTIS9PVF8: Shipping service unavailable, order not placed..
13:02:07.731 [main] DEBUG com.iluwatar.commander.Commander - Order 194QWMCSPEYE: Error in connecting to shipping service, trying again..
13:02:07.731 [main] INFO com.iluwatar.commander.Commander - Sorry, there was a problem in creating your order. Please try later.
13:02:07.731 [main] ERROR com.iluwatar.commander.Commander - Order 194QWMCSPEYE: Shipping service unavailable, order not placed..
13:02:07.731 [main] INFO com.iluwatar.commander.Commander - Order 194QWMCSPEYE: Shipping placed successfully, transaction id: CUMV81WN17F9
13:02:07.731 [main] INFO com.iluwatar.commander.Commander - Order has been placed and will be shipped to you. Please wait while we make your payment... 
13:02:07.731 [main] ERROR com.iluwatar.commander.Commander - Order 194QWMCSPEYE: Payment time for order over, failed and returning..
13:02:07.731 [main] INFO com.iluwatar.commander.Commander - Order 194QWMCSPEYE: Shipping placed successfully, transaction id: 2KUZBD0OOKL1
13:02:07.731 [main] INFO com.iluwatar.commander.Commander - Order has been placed and will be shipped to you. Please wait while we make your payment... 
13:02:07.731 [main] INFO com.iluwatar.commander.Commander - Order 194QWMCSPEYE: Shipping placed successfully, transaction id: OSKCPKF3OWR2
13:02:07.731 [main] INFO com.iluwatar.commander.Commander - Order has been placed and will be shipped to you. Please wait while we make your payment... 
13:02:07.731 [main] DEBUG com.iluwatar.commander.Commander - Order OPFE94OQ9DNY: Error in creating shipping request..
13:02:07.731 [main] INFO com.iluwatar.commander.Commander - Sorry, there was a problem in creating your order. Please try later.
13:02:07.731 [main] ERROR com.iluwatar.commander.Commander - Order OPFE94OQ9DNY: Shipping service unavailable, order not placed..
13:02:07.731 [main] INFO com.iluwatar.commander.Commander - Order OPFE94OQ9DNY: Shipping placed successfully, transaction id: MFBWM2O70OXP
13:02:07.731 [main] INFO com.iluwatar.commander.Commander - Order has been placed and will be shipped to you. Please wait while we make your payment... 
13:02:07.731 [main] ERROR com.iluwatar.commander.Commander - Order OPFE94OQ9DNY: Payment time for order over, failed and returning..
13:02:07.731 [main] INFO com.iluwatar.commander.Commander - Order OPFE94OQ9DNY: Shipping placed successfully, transaction id: 7K5GO3KWZ7W5
13:02:07.731 [main] INFO com.iluwatar.commander.Commander - Order has been placed and will be shipped to you. Please wait while we make your payment... 
13:02:07.731 [main] INFO com.iluwatar.commander.Commander - Order OPFE94OQ9DNY: Shipping placed successfully, transaction id: YYMT03R8HNXW
13:02:07.731 [main] INFO com.iluwatar.commander.Commander - Order has been placed and will be shipped to you. Please wait while we make your payment... 
13:02:07.731 [main] INFO com.iluwatar.commander.Commander - Sorry, there was a problem in creating your order. Please try later.
13:02:07.731 [main] ERROR com.iluwatar.commander.Commander - Order OLXCOFNHVWG2: Shipping service unavailable, order not placed..
13:02:07.731 [main] INFO com.iluwatar.commander.Commander - Sorry, there was a problem in creating your order. Please try later.
13:02:07.731 [main] ERROR com.iluwatar.commander.Commander - Order OLXCOFNHVWG2: Shipping service unavailable, order not placed..
13:02:07.731 [main] INFO com.iluwatar.commander.Commander - Sorry, there was a problem in creating your order. Please try later.
13:02:07.731 [main] ERROR com.iluwatar.commander.Commander - Order OLXCOFNHVWG2: Shipping service unavailable, order not placed..
13:02:07.731 [main] INFO com.iluwatar.commander.Commander - Sorry, there was a problem in creating your order. Please try later.
13:02:07.731 [main] ERROR com.iluwatar.commander.Commander - Order OLXCOFNHVWG2: Shipping service unavailable, order not placed..
13:02:07.731 [main] INFO com.iluwatar.commander.Commander - Sorry, there was a problem in creating your order. Please try later.
13:02:07.731 [main] ERROR com.iluwatar.commander.Commander - Order BUH55EWD719P: Shipping service unavailable, order not placed..
13:02:07.731 [main] INFO com.iluwatar.commander.Commander - Sorry, there was a problem in creating your order. Please try later.
13:02:07.731 [main] ERROR com.iluwatar.commander.Commander - Order BUH55EWD719P: Shipping service unavailable, order not placed..
13:02:07.731 [main] INFO com.iluwatar.commander.Commander - Sorry, there was a problem in creating your order. Please try later.
13:02:07.731 [main] ERROR com.iluwatar.commander.Commander - Order BUH55EWD719P: Shipping service unavailable, order not placed..
13:02:07.731 [main] INFO com.iluwatar.commander.Commander - Sorry, there was a problem in creating your order. Please try later.
13:02:07.731 [main] ERROR com.iluwatar.commander.Commander - Order BUH55EWD719P: Shipping service unavailable, order not placed..
13:02:07.731 [main] DEBUG com.iluwatar.commander.Commander - Order Q2W9ZJS8UVLQ: Error in connecting to shipping service, trying again..
13:02:07.731 [main] INFO com.iluwatar.commander.Commander - Sorry, there was a problem in creating your order. Please try later.
13:02:07.731 [main] ERROR com.iluwatar.commander.Commander - Order Q2W9ZJS8UVLQ: Shipping service unavailable, order not placed..
13:02:07.731 [main] INFO com.iluwatar.commander.Commander - Order Q2W9ZJS8UVLQ: Shipping placed successfully, transaction id: FTZLM2V3MRJH
13:02:07.731 [main] INFO com.iluwatar.commander.Commander - Order has been placed and will be shipped to you. Please wait while we make your payment... 
13:02:07.731 [main] ERROR com.iluwatar.commander.Commander - Order Q2W9ZJS8UVLQ: Payment time for order over, failed and returning..
13:02:07.731 [main] INFO com.iluwatar.commander.Commander - Order Q2W9ZJS8UVLQ: Shipping placed successfully, transaction id: PU5E8R1U7A7O
13:02:07.731 [main] INFO com.iluwatar.commander.Commander - Order has been placed and will be shipped to you. Please wait while we make your payment... 
13:02:07.731 [main] INFO com.iluwatar.commander.Commander - Order Q2W9ZJS8UVLQ: Shipping placed successfully, transaction id: 1FJV6KLA8SJX
13:02:07.731 [main] INFO com.iluwatar.commander.Commander - Order has been placed and will be shipped to you. Please wait while we make your payment... 
13:02:07.731 [main] DEBUG com.iluwatar.commander.Commander - Order MQR5R2XWJJIQ: Error in connecting to shipping service, trying again..
13:02:07.731 [main] INFO com.iluwatar.commander.Commander - Sorry, there was a problem in creating your order. Please try later.
13:02:07.731 [main] ERROR com.iluwatar.commander.Commander - Order MQR5R2XWJJIQ: Shipping service unavailable, order not placed..
13:02:07.731 [main] INFO com.iluwatar.commander.Commander - Order MQR5R2XWJJIQ: Shipping placed successfully, transaction id: VLEK0GL85HRJ
13:02:07.731 [main] INFO com.iluwatar.commander.Commander - Order has been placed and will be shipped to you. Please wait while we make your payment... 
13:02:07.731 [main] ERROR com.iluwatar.commander.Commander - Order MQR5R2XWJJIQ: Payment time for order over, failed and returning..
13:02:07.731 [main] INFO com.iluwatar.commander.Commander - Order MQR5R2XWJJIQ: Shipping placed successfully, transaction id: JCZHSBIQT2BL
13:02:07.731 [main] INFO com.iluwatar.commander.Commander - Order has been placed and will be shipped to you. Please wait while we make your payment... 
13:02:07.731 [main] INFO com.iluwatar.commander.Commander - Order MQR5R2XWJJIQ: Shipping placed successfully, transaction id: UVLQUZ4A4RBD
13:02:07.731 [main] INFO com.iluwatar.commander.Commander - Order has been placed and will be shipped to you. Please wait while we make your payment... 
13:02:07.731 [main] INFO com.iluwatar.commander.Commander - Sorry, there was a problem in creating your order. Please try later.
13:02:07.731 [main] ERROR com.iluwatar.commander.Commander - Order 7WAH2BVSHEJE: Shipping service unavailable, order not placed..
13:02:07.731 [main] INFO com.iluwatar.commander.Commander - Sorry, there was a problem in creating your order. Please try later.
13:02:07.731 [main] ERROR com.iluwatar.commander.Commander - Order 7WAH2BVSHEJE: Shipping service unavailable, order not placed..
13:02:07.731 [main] INFO com.iluwatar.commander.Commander - Sorry, there was a problem in creating your order. Please try later.
13:02:07.731 [main] ERROR com.iluwatar.commander.Commander - Order 7WAH2BVSHEJE: Shipping service unavailable, order not placed..
13:02:07.731 [main] INFO com.iluwatar.commander.Commander - Sorry, there was a problem in creating your order. Please try later.
13:02:07.731 [main] ERROR com.iluwatar.commander.Commander - Order 7WAH2BVSHEJE: Shipping service unavailable, order not placed..
13:02:07.731 [main] INFO com.iluwatar.commander.Commander - Sorry, there was a problem in creating your order. Please try later.
13:02:07.731 [main] ERROR com.iluwatar.commander.Commander - Order 3CXE0RK53IBB: Shipping service unavailable, order not placed..
13:02:07.731 [main] INFO com.iluwatar.commander.Commander - Sorry, there was a problem in creating your order. Please try later.
13:02:07.731 [main] ERROR com.iluwatar.commander.Commander - Order 3CXE0RK53IBB: Shipping service unavailable, order not placed..
13:02:07.731 [main] INFO com.iluwatar.commander.Commander - Sorry, there was a problem in creating your order. Please try later.
13:02:07.731 [main] ERROR com.iluwatar.commander.Commander - Order 3CXE0RK53IBB: Shipping service unavailable, order not placed..
13:02:07.731 [main] INFO com.iluwatar.commander.Commander - Sorry, there was a problem in creating your order. Please try later.
13:02:07.731 [main] ERROR com.iluwatar.commander.Commander - Order 3CXE0RK53IBB: Shipping service unavailable, order not placed..
13:02:07.731 [main] DEBUG com.iluwatar.commander.Commander - Order YSG385WXPS94: Error in connecting to shipping service, trying again..
13:02:07.731 [main] INFO com.iluwatar.commander.Commander - Sorry, there was a problem in creating your order. Please try later.
13:02:07.731 [main] ERROR com.iluwatar.commander.Commander - Order YSG385WXPS94: Shipping service unavailable, order not placed..
13:02:07.731 [main] INFO com.iluwatar.commander.Commander - Order YSG385WXPS94: Shipping placed successfully, transaction id: N382E1QTQU8P
13:02:07.731 [main] INFO com.iluwatar.commander.Commander - Order has been placed and will be shipped to you. Please wait while we make your payment... 
13:02:07.731 [main] ERROR com.iluwatar.commander.Commander - Order YSG385WXPS94: Payment time for order over, failed and returning..
13:02:07.731 [main] INFO com.iluwatar.commander.Commander - Order YSG385WXPS94: Shipping placed successfully, transaction id: KKYPADA69DUX
13:02:07.731 [main] INFO com.iluwatar.commander.Commander - Order has been placed and will be shipped to you. Please wait while we make your payment... 
13:02:07.731 [main] INFO com.iluwatar.commander.Commander - Order YSG385WXPS94: Shipping placed successfully, transaction id: LXKXH0UGF2V0
13:02:07.731 [main] INFO com.iluwatar.commander.Commander - Order has been placed and will be shipped to you. Please wait while we make your payment... 
13:02:07.731 [main] DEBUG com.iluwatar.commander.Commander - Order F5RX3QL4PLIO: Error in creating shipping request..
13:02:07.731 [main] INFO com.iluwatar.commander.Commander - Shipping is currently not possible to your address. We are working on the problem and will get back to you asap.
13:02:07.731 [main] INFO com.iluwatar.commander.Commander - Order F5RX3QL4PLIO: Shipping not possible to address, trying to add problem to employee db..
13:02:07.731 [main] INFO com.iluwatar.commander.Commander - Order F5RX3QL4PLIO: Shipping placed successfully, transaction id: 75M6FSN454AA
13:02:07.731 [main] INFO com.iluwatar.commander.Commander - Order has been placed and will be shipped to you. Please wait while we make your payment... 
13:02:07.731 [main] ERROR com.iluwatar.commander.Commander - Order F5RX3QL4PLIO: Payment time for order over, failed and returning..
13:02:07.731 [main] INFO com.iluwatar.commander.Commander - Order F5RX3QL4PLIO: Shipping placed successfully, transaction id: LZE72E8AXMIK
13:02:07.731 [main] INFO com.iluwatar.commander.Commander - Order has been placed and will be shipped to you. Please wait while we make your payment... 
13:02:07.731 [main] INFO com.iluwatar.commander.Commander - Order F5RX3QL4PLIO: Shipping placed successfully, transaction id: QCCOPD25O3UH
13:02:07.731 [main] INFO com.iluwatar.commander.Commander - Order has been placed and will be shipped to you. Please wait while we make your payment... 
13:02:07.731 [main] INFO com.iluwatar.commander.Commander - Sorry, there was a problem in creating your order. Please try later.
13:02:07.731 [main] ERROR com.iluwatar.commander.Commander - Order 0R5XWJAE84X5: Shipping service unavailable, order not placed..
13:02:07.731 [main] INFO com.iluwatar.commander.Commander - Sorry, there was a problem in creating your order. Please try later.
13:02:07.731 [main] ERROR com.iluwatar.commander.Commander - Order 0R5XWJAE84X5: Shipping service unavailable, order not placed..
13:02:07.731 [main] INFO com.iluwatar.commander.Commander - Sorry, there was a problem in creating your order. Please try later.
13:02:07.731 [main] ERROR com.iluwatar.commander.Commander - Order 0R5XWJAE84X5: Shipping service unavailable, order not placed..
13:02:07.731 [main] INFO com.iluwatar.commander.Commander - Sorry, there was a problem in creating your order. Please try later.
13:02:07.731 [main] ERROR com.iluwatar.commander.Commander - Order 0R5XWJAE84X5: Shipping service unavailable, order not placed..
13:02:07.731 [main] INFO com.iluwatar.commander.Commander - Sorry, there was a problem in creating your order. Please try later.
13:02:07.731 [main] ERROR com.iluwatar.commander.Commander - Order IQUKMVVKM0RE: Shipping service unavailable, order not placed..
13:02:07.731 [main] INFO com.iluwatar.commander.Commander - Sorry, there was a problem in creating your order. Please try later.
13:02:07.731 [main] ERROR com.iluwatar.commander.Commander - Order IQUKMVVKM0RE: Shipping service unavailable, order not placed..
13:02:07.731 [main] INFO com.iluwatar.commander.Commander - Sorry, there was a problem in creating your order. Please try later.
13:02:07.731 [main] ERROR com.iluwatar.commander.Commander - Order IQUKMVVKM0RE: Shipping service unavailable, order not placed..
13:02:07.731 [main] INFO com.iluwatar.commander.Commander - Sorry, there was a problem in creating your order. Please try later.
13:02:07.731 [main] ERROR com.iluwatar.commander.Commander - Order IQUKMVVKM0RE: Shipping service unavailable, order not placed..
13:02:07.731 [main] DEBUG com.iluwatar.commander.Commander - Order D7VRNOINA8EH: Error in connecting to shipping service, trying again..
13:02:07.731 [main] INFO com.iluwatar.commander.Commander - Sorry, there was a problem in creating your order. Please try later.
13:02:07.731 [main] ERROR com.iluwatar.commander.Commander - Order D7VRNOINA8EH: Shipping service unavailable, order not placed..
13:02:07.731 [main] INFO com.iluwatar.commander.Commander - Order D7VRNOINA8EH: Shipping placed successfully, transaction id: CYE4LV0ZZVMQ
13:02:07.731 [main] INFO com.iluwatar.commander.Commander - Order has been placed and will be shipped to you. Please wait while we make your payment... 
13:02:07.731 [main] ERROR com.iluwatar.commander.Commander - Order D7VRNOINA8EH: Payment time for order over, failed and returning..
13:02:07.731 [main] INFO com.iluwatar.commander.Commander - Order D7VRNOINA8EH: Shipping placed successfully, transaction id: WN5N6N22JXVY
13:02:07.731 [main] INFO com.iluwatar.commander.Commander - Order has been placed and will be shipped to you. Please wait while we make your payment... 
13:02:07.731 [main] INFO com.iluwatar.commander.Commander - Order D7VRNOINA8EH: Shipping placed successfully, transaction id: PSXWLX1314U4
13:02:07.731 [main] INFO com.iluwatar.commander.Commander - Order has been placed and will be shipped to you. Please wait while we make your payment... 
13:02:07.731 [main] DEBUG com.iluwatar.commander.Commander - Order 0ZPZHL8LVVOG: Error in creating shipping request..
13:02:07.731 [main] INFO com.iluwatar.commander.Commander - This item is currently unavailable. We will inform you as soon as the item becomes available again.
13:02:07.731 [main] INFO com.iluwatar.commander.Commander - Order 0ZPZHL8LVVOG: Item pen unavailable, trying to add problem to employee handle..
13:02:07.731 [main] INFO com.iluwatar.commander.Commander - Order 0ZPZHL8LVVOG: Shipping placed successfully, transaction id: ZI8JOT6J5O3E
13:02:07.731 [main] INFO com.iluwatar.commander.Commander - Order has been placed and will be shipped to you. Please wait while we make your payment... 
13:02:07.731 [main] ERROR com.iluwatar.commander.Commander - Order 0ZPZHL8LVVOG: Payment time for order over, failed and returning..
13:02:07.731 [main] INFO com.iluwatar.commander.Commander - Order 0ZPZHL8LVVOG: Shipping placed successfully, transaction id: IZGZAMZAN7U3
13:02:07.731 [main] INFO com.iluwatar.commander.Commander - Order has been placed and will be shipped to you. Please wait while we make your payment... 
13:02:07.731 [main] INFO com.iluwatar.commander.Commander - Order 0ZPZHL8LVVOG: Shipping placed successfully, transaction id: 0BPP8R0T8A6Q
13:02:07.731 [main] INFO com.iluwatar.commander.Commander - Order has been placed and will be shipped to you. Please wait while we make your payment... 
13:02:07.731 [main] INFO com.iluwatar.commander.Commander - Sorry, there was a problem in creating your order. Please try later.
13:02:07.731 [main] ERROR com.iluwatar.commander.Commander - Order J95G7ZMOZXQN: Shipping service unavailable, order not placed..
13:02:07.731 [main] INFO com.iluwatar.commander.Commander - Sorry, there was a problem in creating your order. Please try later.
13:02:07.731 [main] ERROR com.iluwatar.commander.Commander - Order J95G7ZMOZXQN: Shipping service unavailable, order not placed..
13:02:07.731 [main] INFO com.iluwatar.commander.Commander - Sorry, there was a problem in creating your order. Please try later.
13:02:07.731 [main] ERROR com.iluwatar.commander.Commander - Order J95G7ZMOZXQN: Shipping service unavailable, order not placed..
13:02:07.732 [main] INFO com.iluwatar.commander.Commander - Sorry, there was a problem in creating your order. Please try later.
13:02:07.732 [main] ERROR com.iluwatar.commander.Commander - Order J95G7ZMOZXQN: Shipping service unavailable, order not placed..
13:02:07.732 [main] INFO com.iluwatar.commander.Commander - Sorry, there was a problem in creating your order. Please try later.
13:02:07.732 [main] ERROR com.iluwatar.commander.Commander - Order ZEGGF3M0QTOQ: Shipping service unavailable, order not placed..
13:02:07.732 [main] INFO com.iluwatar.commander.Commander - Sorry, there was a problem in creating your order. Please try later.
13:02:07.732 [main] ERROR com.iluwatar.commander.Commander - Order ZEGGF3M0QTOQ: Shipping service unavailable, order not placed..
13:02:07.732 [main] INFO com.iluwatar.commander.Commander - Sorry, there was a problem in creating your order. Please try later.
13:02:07.732 [main] ERROR com.iluwatar.commander.Commander - Order ZEGGF3M0QTOQ: Shipping service unavailable, order not placed..
13:02:07.732 [main] INFO com.iluwatar.commander.Commander - Sorry, there was a problem in creating your order. Please try later.
13:02:07.732 [main] ERROR com.iluwatar.commander.Commander - Order ZEGGF3M0QTOQ: Shipping service unavailable, order not placed..
13:02:07.732 [main] DEBUG com.iluwatar.commander.Commander - Order 7NIH0PFTJJ2K: Error in connecting to shipping service, trying again..
13:02:07.732 [main] INFO com.iluwatar.commander.Commander - Sorry, there was a problem in creating your order. Please try later.
13:02:07.732 [main] ERROR com.iluwatar.commander.Commander - Order 7NIH0PFTJJ2K: Shipping service unavailable, order not placed..
13:02:07.732 [main] INFO com.iluwatar.commander.Commander - Order 7NIH0PFTJJ2K: Shipping placed successfully, transaction id: JT936C1YARAL
13:02:07.732 [main] INFO com.iluwatar.commander.Commander - Order has been placed and will be shipped to you. Please wait while we make your payment... 
13:02:07.732 [main] ERROR com.iluwatar.commander.Commander - Order 7NIH0PFTJJ2K: Payment time for order over, failed and returning..
13:02:07.732 [main] INFO com.iluwatar.commander.Commander - Order 7NIH0PFTJJ2K: Shipping placed successfully, transaction id: 6PAJVBKMP5WF
13:02:07.732 [main] INFO com.iluwatar.commander.Commander - Order has been placed and will be shipped to you. Please wait while we make your payment... 
13:02:07.732 [main] INFO com.iluwatar.commander.Commander - Order 7NIH0PFTJJ2K: Shipping placed successfully, transaction id: WTOLCRFO85IA
13:02:07.732 [main] INFO com.iluwatar.commander.Commander - Order has been placed and will be shipped to you. Please wait while we make your payment... 
13:02:07.732 [main] DEBUG com.iluwatar.commander.Commander - Order T9I7OBFME81Z: Error in creating shipping request..
13:02:07.732 [main] INFO com.iluwatar.commander.Commander - Sorry, there was a problem in creating your order. Please try later.
13:02:07.732 [main] ERROR com.iluwatar.commander.Commander - Order T9I7OBFME81Z: Shipping service unavailable, order not placed..
13:02:07.732 [main] INFO com.iluwatar.commander.Commander - Order T9I7OBFME81Z: Shipping placed successfully, transaction id: 430C9T3IVBO5
13:02:07.732 [main] INFO com.iluwatar.commander.Commander - Order has been placed and will be shipped to you. Please wait while we make your payment... 
13:02:07.732 [main] ERROR com.iluwatar.commander.Commander - Order T9I7OBFME81Z: Payment time for order over, failed and returning..
13:02:07.732 [main] INFO com.iluwatar.commander.Commander - Order T9I7OBFME81Z: Shipping placed successfully, transaction id: 3004MCJJQBI0
13:02:07.732 [main] INFO com.iluwatar.commander.Commander - Order has been placed and will be shipped to you. Please wait while we make your payment... 
13:02:07.732 [main] INFO com.iluwatar.commander.Commander - Order T9I7OBFME81Z: Shipping placed successfully, transaction id: FA6N0LYNWTK7
13:02:07.732 [main] INFO com.iluwatar.commander.Commander - Order has been placed and will be shipped to you. Please wait while we make your payment... 
13:02:07.732 [main] INFO com.iluwatar.commander.Commander - Sorry, there was a problem in creating your order. Please try later.
13:02:07.732 [main] ERROR com.iluwatar.commander.Commander - Order BIOQYE03H8XA: Shipping service unavailable, order not placed..
13:02:07.732 [main] INFO com.iluwatar.commander.Commander - Sorry, there was a problem in creating your order. Please try later.
13:02:07.732 [main] ERROR com.iluwatar.commander.Commander - Order BIOQYE03H8XA: Shipping service unavailable, order not placed..
13:02:07.732 [main] INFO com.iluwatar.commander.Commander - Sorry, there was a problem in creating your order. Please try later.
13:02:07.732 [main] ERROR com.iluwatar.commander.Commander - Order BIOQYE03H8XA: Shipping service unavailable, order not placed..
13:02:07.732 [main] INFO com.iluwatar.commander.Commander - Sorry, there was a problem in creating your order. Please try later.
13:02:07.732 [main] ERROR com.iluwatar.commander.Commander - Order BIOQYE03H8XA: Shipping service unavailable, order not placed..
13:02:07.732 [main] INFO com.iluwatar.commander.Commander - Sorry, there was a problem in creating your order. Please try later.
13:02:07.732 [main] ERROR com.iluwatar.commander.Commander - Order Y87QDRL1YRFC: Shipping service unavailable, order not placed..
13:02:07.732 [main] INFO com.iluwatar.commander.Commander - Sorry, there was a problem in creating your order. Please try later.
13:02:07.732 [main] ERROR com.iluwatar.commander.Commander - Order Y87QDRL1YRFC: Shipping service unavailable, order not placed..
13:02:07.732 [main] INFO com.iluwatar.commander.Commander - Sorry, there was a problem in creating your order. Please try later.
13:02:07.732 [main] ERROR com.iluwatar.commander.Commander - Order Y87QDRL1YRFC: Shipping service unavailable, order not placed..
13:02:07.732 [main] INFO com.iluwatar.commander.Commander - Sorry, there was a problem in creating your order. Please try later.
13:02:07.732 [main] ERROR com.iluwatar.commander.Commander - Order Y87QDRL1YRFC: Shipping service unavailable, order not placed..
13:02:07.732 [main] DEBUG com.iluwatar.commander.Commander - Order QJO5C0JCQWYH: Error in connecting to shipping service, trying again..
13:02:07.732 [main] INFO com.iluwatar.commander.Commander - Sorry, there was a problem in creating your order. Please try later.
13:02:07.732 [main] ERROR com.iluwatar.commander.Commander - Order QJO5C0JCQWYH: Shipping service unavailable, order not placed..
13:02:07.732 [main] INFO com.iluwatar.commander.Commander - Order QJO5C0JCQWYH: Shipping placed successfully, transaction id: XU5MZNNEQ1HZ
13:02:07.732 [main] INFO com.iluwatar.commander.Commander - Order has been placed and will be shipped to you. Please wait while we make your payment... 
13:02:07.732 [main] ERROR com.iluwatar.commander.Commander - Order QJO5C0JCQWYH: Payment time for order over, failed and returning..
13:02:07.732 [main] INFO com.iluwatar.commander.Commander - Order QJO5C0JCQWYH: Shipping placed successfully, transaction id: X9UO0MZ4AKJ7
13:02:07.732 [main] INFO com.iluwatar.commander.Commander - Order has been placed and will be shipped to you. Please wait while we make your payment... 
13:02:07.732 [main] INFO com.iluwatar.commander.Commander - Order QJO5C0JCQWYH: Shipping placed successfully, transaction id: GRITJX62XKJP
13:02:07.732 [main] INFO com.iluwatar.commander.Commander - Order has been placed and will be shipped to you. Please wait while we make your payment... 
13:02:07.732 [main] DEBUG com.iluwatar.commander.Commander - Order 0DR25A955KGX: Error in creating shipping request..
13:02:07.732 [main] INFO com.iluwatar.commander.Commander - Sorry, there was a problem in creating your order. Please try later.
13:02:07.732 [main] ERROR com.iluwatar.commander.Commander - Order 0DR25A955KGX: Shipping service unavailable, order not placed..
13:02:07.732 [main] INFO com.iluwatar.commander.Commander - Order 0DR25A955KGX: Shipping placed successfully, transaction id: L8K1N1HVI6K5
13:02:07.732 [main] INFO com.iluwatar.commander.Commander - Order has been placed and will be shipped to you. Please wait while we make your payment... 
13:02:07.732 [main] ERROR com.iluwatar.commander.Commander - Order 0DR25A955KGX: Payment time for order over, failed and returning..
13:02:07.732 [main] INFO com.iluwatar.commander.Commander - Order 0DR25A955KGX: Shipping placed successfully, transaction id: R1OVI34M69IL
13:02:07.732 [main] INFO com.iluwatar.commander.Commander - Order has been placed and will be shipped to you. Please wait while we make your payment... 
13:02:07.732 [main] INFO com.iluwatar.commander.Commander - Order 0DR25A955KGX: Shipping placed successfully, transaction id: 7F4JSKZPKTMS
13:02:07.732 [main] INFO com.iluwatar.commander.Commander - Order has been placed and will be shipped to you. Please wait while we make your payment... 
13:02:07.732 [main] INFO com.iluwatar.commander.Commander - Sorry, there was a problem in creating your order. Please try later.
13:02:07.732 [main] ERROR com.iluwatar.commander.Commander - Order WTGPVBRDDGH2: Shipping service unavailable, order not placed..
13:02:07.732 [main] INFO com.iluwatar.commander.Commander - Sorry, there was a problem in creating your order. Please try later.
13:02:07.732 [main] ERROR com.iluwatar.commander.Commander - Order WTGPVBRDDGH2: Shipping service unavailable, order not placed..
13:02:07.732 [main] INFO com.iluwatar.commander.Commander - Sorry, there was a problem in creating your order. Please try later.
13:02:07.732 [main] ERROR com.iluwatar.commander.Commander - Order WTGPVBRDDGH2: Shipping service unavailable, order not placed..
13:02:07.732 [main] INFO com.iluwatar.commander.Commander - Sorry, there was a problem in creating your order. Please try later.
13:02:07.732 [main] ERROR com.iluwatar.commander.Commander - Order WTGPVBRDDGH2: Shipping service unavailable, order not placed..
13:02:07.732 [main] INFO com.iluwatar.commander.Commander - Sorry, there was a problem in creating your order. Please try later.
13:02:07.732 [main] ERROR com.iluwatar.commander.Commander - Order QY3M1T6J4PZE: Shipping service unavailable, order not placed..
13:02:07.732 [main] INFO com.iluwatar.commander.Commander - Sorry, there was a problem in creating your order. Please try later.
13:02:07.732 [main] ERROR com.iluwatar.commander.Commander - Order QY3M1T6J4PZE: Shipping service unavailable, order not placed..
13:02:07.732 [main] INFO com.iluwatar.commander.Commander - Sorry, there was a problem in creating your order. Please try later.
13:02:07.732 [main] ERROR com.iluwatar.commander.Commander - Order QY3M1T6J4PZE: Shipping service unavailable, order not placed..
13:02:07.732 [main] INFO com.iluwatar.commander.Commander - Sorry, there was a problem in creating your order. Please try later.
13:02:07.732 [main] ERROR com.iluwatar.commander.Commander - Order QY3M1T6J4PZE: Shipping service unavailable, order not placed..
13:02:07.732 [main] DEBUG com.iluwatar.commander.Commander - Order 15VW1HBMGN5J: Error in connecting to shipping service, trying again..
13:02:07.732 [main] INFO com.iluwatar.commander.Commander - Sorry, there was a problem in creating your order. Please try later.
13:02:07.732 [main] ERROR com.iluwatar.commander.Commander - Order 15VW1HBMGN5J: Shipping service unavailable, order not placed..
13:02:07.732 [main] INFO com.iluwatar.commander.Commander - Order 15VW1HBMGN5J: Shipping placed successfully, transaction id: 6CCSFKFOGIM1
13:02:07.732 [main] INFO com.iluwatar.commander.Commander - Order has been placed and will be shipped to you. Please wait while we make your payment... 
13:02:07.732 [main] ERROR com.iluwatar.commander.Commander - Order 15VW1HBMGN5J: Payment time for order over, failed and returning..
13:02:07.732 [main] INFO com.iluwatar.commander.Commander - Order 15VW1HBMGN5J: Shipping placed successfully, transaction id: WLVYLX04QNYY
13:02:07.732 [main] INFO com.iluwatar.commander.Commander - Order has been placed and will be shipped to you. Please wait while we make your payment... 
13:02:07.732 [main] INFO com.iluwatar.commander.Commander - Order 15VW1HBMGN5J: Shipping placed successfully, transaction id: 1ZN022D6O2KF
13:02:07.732 [main] INFO com.iluwatar.commander.Commander - Order has been placed and will be shipped to you. Please wait while we make your payment... 
13:02:07.732 [main] DEBUG com.iluwatar.commander.Commander - Order 60E1LBXOD2VV: Error in connecting to shipping service, trying again..
13:02:07.732 [main] INFO com.iluwatar.commander.Commander - Sorry, there was a problem in creating your order. Please try later.
13:02:07.732 [main] ERROR com.iluwatar.commander.Commander - Order 60E1LBXOD2VV: Shipping service unavailable, order not placed..
13:02:07.732 [main] INFO com.iluwatar.commander.Commander - Order 60E1LBXOD2VV: Shipping placed successfully, transaction id: 1G5I4H2FYZ3O
13:02:07.732 [main] INFO com.iluwatar.commander.Commander - Order has been placed and will be shipped to you. Please wait while we make your payment... 
13:02:07.732 [main] ERROR com.iluwatar.commander.Commander - Order 60E1LBXOD2VV: Payment time for order over, failed and returning..
13:02:07.732 [main] INFO com.iluwatar.commander.Commander - Order 60E1LBXOD2VV: Shipping placed successfully, transaction id: HP67J0J3Z53O
13:02:07.732 [main] INFO com.iluwatar.commander.Commander - Order has been placed and will be shipped to you. Please wait while we make your payment... 
13:02:07.732 [main] INFO com.iluwatar.commander.Commander - Order 60E1LBXOD2VV: Shipping placed successfully, transaction id: 24ASOFJWH7NN
13:02:07.732 [main] INFO com.iluwatar.commander.Commander - Order has been placed and will be shipped to you. Please wait while we make your payment... 
13:02:07.732 [main] INFO com.iluwatar.commander.Commander - Sorry, there was a problem in creating your order. Please try later.
13:02:07.732 [main] ERROR com.iluwatar.commander.Commander - Order LXRBSZGJZ55B: Shipping service unavailable, order not placed..
13:02:07.732 [main] INFO com.iluwatar.commander.Commander - Sorry, there was a problem in creating your order. Please try later.
13:02:07.732 [main] ERROR com.iluwatar.commander.Commander - Order LXRBSZGJZ55B: Shipping service unavailable, order not placed..
13:02:07.732 [main] INFO com.iluwatar.commander.Commander - Sorry, there was a problem in creating your order. Please try later.
13:02:07.732 [main] ERROR com.iluwatar.commander.Commander - Order LXRBSZGJZ55B: Shipping service unavailable, order not placed..
13:02:07.732 [main] INFO com.iluwatar.commander.Commander - Sorry, there was a problem in creating your order. Please try later.
13:02:07.732 [main] ERROR com.iluwatar.commander.Commander - Order LXRBSZGJZ55B: Shipping service unavailable, order not placed..
13:02:07.732 [main] INFO com.iluwatar.commander.Commander - Sorry, there was a problem in creating your order. Please try later.
13:02:07.732 [main] ERROR com.iluwatar.commander.Commander - Order YBJVGDK3Y6AS: Shipping service unavailable, order not placed..
13:02:07.732 [main] INFO com.iluwatar.commander.Commander - Sorry, there was a problem in creating your order. Please try later.
13:02:07.732 [main] ERROR com.iluwatar.commander.Commander - Order YBJVGDK3Y6AS: Shipping service unavailable, order not placed..
13:02:07.732 [main] INFO com.iluwatar.commander.Commander - Sorry, there was a problem in creating your order. Please try later.
13:02:07.732 [main] ERROR com.iluwatar.commander.Commander - Order YBJVGDK3Y6AS: Shipping service unavailable, order not placed..
13:02:07.732 [main] INFO com.iluwatar.commander.Commander - Sorry, there was a problem in creating your order. Please try later.
13:02:07.732 [main] ERROR com.iluwatar.commander.Commander - Order YBJVGDK3Y6AS: Shipping service unavailable, order not placed..
13:02:07.732 [main] DEBUG com.iluwatar.commander.Commander - Order 497L19GYT52B: Error in connecting to shipping service, trying again..
13:02:07.732 [main] INFO com.iluwatar.commander.Commander - Sorry, there was a problem in creating your order. Please try later.
13:02:07.732 [main] ERROR com.iluwatar.commander.Commander - Order 497L19GYT52B: Shipping service unavailable, order not placed..
13:02:07.732 [main] INFO com.iluwatar.commander.Commander - Order 497L19GYT52B: Shipping placed successfully, transaction id: WX8IG4ZKG37B
13:02:07.732 [main] INFO com.iluwatar.commander.Commander - Order has been placed and will be shipped to you. Please wait while we make your payment... 
13:02:07.732 [main] ERROR com.iluwatar.commander.Commander - Order 497L19GYT52B: Payment time for order over, failed and returning..
13:02:07.732 [main] INFO com.iluwatar.commander.Commander - Order 497L19GYT52B: Shipping placed successfully, transaction id: DXXVGB8LAVUS
13:02:07.732 [main] INFO com.iluwatar.commander.Commander - Order has been placed and will be shipped to you. Please wait while we make your payment... 
13:02:07.732 [main] INFO com.iluwatar.commander.Commander - Order 497L19GYT52B: Shipping placed successfully, transaction id: YP3471DL06A7
13:02:07.732 [main] INFO com.iluwatar.commander.Commander - Order has been placed and will be shipped to you. Please wait while we make your payment... 
13:02:07.732 [main] DEBUG com.iluwatar.commander.Commander - Order VN82ZZ2PW2GY: Error in creating shipping request..
13:02:07.732 [main] INFO com.iluwatar.commander.Commander - Shipping is currently not possible to your address. We are working on the problem and will get back to you asap.
13:02:07.732 [main] INFO com.iluwatar.commander.Commander - Order VN82ZZ2PW2GY: Shipping not possible to address, trying to add problem to employee db..
13:02:07.732 [main] INFO com.iluwatar.commander.Commander - Order VN82ZZ2PW2GY: Shipping placed successfully, transaction id: 9BPJ0SJ3G3QD
13:02:07.732 [main] INFO com.iluwatar.commander.Commander - Order has been placed and will be shipped to you. Please wait while we make your payment... 
13:02:07.732 [main] ERROR com.iluwatar.commander.Commander - Order VN82ZZ2PW2GY: Payment time for order over, failed and returning..
13:02:07.732 [main] INFO com.iluwatar.commander.Commander - Order VN82ZZ2PW2GY: Shipping placed successfully, transaction id: YAVOB67XZJLI
13:02:07.732 [main] INFO com.iluwatar.commander.Commander - Order has been placed and will be shipped to you. Please wait while we make your payment... 
13:02:07.732 [main] INFO com.iluwatar.commander.Commander - Order VN82ZZ2PW2GY: Shipping placed successfully, transaction id: 75YTMNGHYLP7
13:02:07.732 [main] INFO com.iluwatar.commander.Commander - Order has been placed and will be shipped to you. Please wait while we make your payment... 
13:02:07.732 [main] INFO com.iluwatar.commander.Commander - Sorry, there was a problem in creating your order. Please try later.
13:02:07.732 [main] ERROR com.iluwatar.commander.Commander - Order C8D6Z2GIBKWA: Shipping service unavailable, order not placed..
13:02:07.732 [main] INFO com.iluwatar.commander.Commander - Sorry, there was a problem in creating your order. Please try later.
13:02:07.732 [main] ERROR com.iluwatar.commander.Commander - Order C8D6Z2GIBKWA: Shipping service unavailable, order not placed..
13:02:07.732 [main] INFO com.iluwatar.commander.Commander - Sorry, there was a problem in creating your order. Please try later.
13:02:07.733 [main] ERROR com.iluwatar.commander.Commander - Order C8D6Z2GIBKWA: Shipping service unavailable, order not placed..
13:02:07.733 [main] INFO com.iluwatar.commander.Commander - Sorry, there was a problem in creating your order. Please try later.
13:02:07.733 [main] ERROR com.iluwatar.commander.Commander - Order C8D6Z2GIBKWA: Shipping service unavailable, order not placed..
13:02:07.733 [main] INFO com.iluwatar.commander.Commander - Sorry, there was a problem in creating your order. Please try later.
13:02:07.733 [main] ERROR com.iluwatar.commander.Commander - Order IJERTC9ICHEC: Shipping service unavailable, order not placed..
13:02:07.733 [main] INFO com.iluwatar.commander.Commander - Sorry, there was a problem in creating your order. Please try later.
13:02:07.733 [main] ERROR com.iluwatar.commander.Commander - Order IJERTC9ICHEC: Shipping service unavailable, order not placed..
13:02:07.733 [main] INFO com.iluwatar.commander.Commander - Sorry, there was a problem in creating your order. Please try later.
13:02:07.733 [main] ERROR com.iluwatar.commander.Commander - Order IJERTC9ICHEC: Shipping service unavailable, order not placed..
13:02:07.733 [main] INFO com.iluwatar.commander.Commander - Sorry, there was a problem in creating your order. Please try later.
13:02:07.733 [main] ERROR com.iluwatar.commander.Commander - Order IJERTC9ICHEC: Shipping service unavailable, order not placed..
13:02:07.733 [main] DEBUG com.iluwatar.commander.Commander - Order W6LE7MA87813: Error in connecting to shipping service, trying again..
13:02:07.733 [main] INFO com.iluwatar.commander.Commander - Sorry, there was a problem in creating your order. Please try later.
13:02:07.733 [main] ERROR com.iluwatar.commander.Commander - Order W6LE7MA87813: Shipping service unavailable, order not placed..
13:02:07.733 [main] INFO com.iluwatar.commander.Commander - Order W6LE7MA87813: Shipping placed successfully, transaction id: L0A8YJ9QQAFX
13:02:07.733 [main] INFO com.iluwatar.commander.Commander - Order has been placed and will be shipped to you. Please wait while we make your payment... 
13:02:07.733 [main] ERROR com.iluwatar.commander.Commander - Order W6LE7MA87813: Payment time for order over, failed and returning..
13:02:07.733 [main] INFO com.iluwatar.commander.Commander - Order W6LE7MA87813: Shipping placed successfully, transaction id: PAO0ODUUQ477
13:02:07.733 [main] INFO com.iluwatar.commander.Commander - Order has been placed and will be shipped to you. Please wait while we make your payment... 
13:02:07.733 [main] INFO com.iluwatar.commander.Commander - Order W6LE7MA87813: Shipping placed successfully, transaction id: B9SBAJM3HJ6P
13:02:07.733 [main] INFO com.iluwatar.commander.Commander - Order has been placed and will be shipped to you. Please wait while we make your payment... 
13:02:07.733 [main] DEBUG com.iluwatar.commander.Commander - Order 7F95C8L2VPJD: Error in creating shipping request..
13:02:07.733 [main] INFO com.iluwatar.commander.Commander - This item is currently unavailable. We will inform you as soon as the item becomes available again.
13:02:07.733 [main] INFO com.iluwatar.commander.Commander - Order 7F95C8L2VPJD: Item pen unavailable, trying to add problem to employee handle..
13:02:07.733 [main] INFO com.iluwatar.commander.Commander - Order 7F95C8L2VPJD: Shipping placed successfully, transaction id: FIDRF4VN8X27
13:02:07.733 [main] INFO com.iluwatar.commander.Commander - Order has been placed and will be shipped to you. Please wait while we make your payment... 
13:02:07.733 [main] ERROR com.iluwatar.commander.Commander - Order 7F95C8L2VPJD: Payment time for order over, failed and returning..
13:02:07.733 [main] INFO com.iluwatar.commander.Commander - Order 7F95C8L2VPJD: Shipping placed successfully, transaction id: UUOGRKQVTSL3
13:02:07.733 [main] INFO com.iluwatar.commander.Commander - Order has been placed and will be shipped to you. Please wait while we make your payment... 
13:02:07.733 [main] INFO com.iluwatar.commander.Commander - Order 7F95C8L2VPJD: Shipping placed successfully, transaction id: LSXKVCMS6EY2
13:02:07.733 [main] INFO com.iluwatar.commander.Commander - Order has been placed and will be shipped to you. Please wait while we make your payment... 
13:02:07.733 [main] INFO com.iluwatar.commander.Commander - Sorry, there was a problem in creating your order. Please try later.
13:02:07.733 [main] ERROR com.iluwatar.commander.Commander - Order PVKMYC7CLG0M: Shipping service unavailable, order not placed..
13:02:07.733 [main] INFO com.iluwatar.commander.Commander - Sorry, there was a problem in creating your order. Please try later.
13:02:07.733 [main] ERROR com.iluwatar.commander.Commander - Order PVKMYC7CLG0M: Shipping service unavailable, order not placed..
13:02:07.733 [main] INFO com.iluwatar.commander.Commander - Sorry, there was a problem in creating your order. Please try later.
13:02:07.733 [main] ERROR com.iluwatar.commander.Commander - Order PVKMYC7CLG0M: Shipping service unavailable, order not placed..
13:02:07.733 [main] INFO com.iluwatar.commander.Commander - Sorry, there was a problem in creating your order. Please try later.
13:02:07.733 [main] ERROR com.iluwatar.commander.Commander - Order PVKMYC7CLG0M: Shipping service unavailable, order not placed..
13:02:07.733 [main] INFO com.iluwatar.commander.Commander - Sorry, there was a problem in creating your order. Please try later.
13:02:07.733 [main] ERROR com.iluwatar.commander.Commander - Order 76N6MG85PLNA: Shipping service unavailable, order not placed..
13:02:07.733 [main] INFO com.iluwatar.commander.Commander - Sorry, there was a problem in creating your order. Please try later.
13:02:07.733 [main] ERROR com.iluwatar.commander.Commander - Order 76N6MG85PLNA: Shipping service unavailable, order not placed..
13:02:07.733 [main] INFO com.iluwatar.commander.Commander - Sorry, there was a problem in creating your order. Please try later.
13:02:07.733 [main] ERROR com.iluwatar.commander.Commander - Order 76N6MG85PLNA: Shipping service unavailable, order not placed..
13:02:07.733 [main] INFO com.iluwatar.commander.Commander - Sorry, there was a problem in creating your order. Please try later.
13:02:07.733 [main] ERROR com.iluwatar.commander.Commander - Order 76N6MG85PLNA: Shipping service unavailable, order not placed..
13:02:07.733 [main] DEBUG com.iluwatar.commander.Commander - Order NEMLPF7MIMEB: Error in connecting to shipping service, trying again..
13:02:07.733 [main] INFO com.iluwatar.commander.Commander - Sorry, there was a problem in creating your order. Please try later.
13:02:07.733 [main] ERROR com.iluwatar.commander.Commander - Order NEMLPF7MIMEB: Shipping service unavailable, order not placed..
13:02:07.733 [main] INFO com.iluwatar.commander.Commander - Order NEMLPF7MIMEB: Shipping placed successfully, transaction id: D27U86OAKIYP
13:02:07.733 [main] INFO com.iluwatar.commander.Commander - Order has been placed and will be shipped to you. Please wait while we make your payment... 
13:02:07.733 [main] ERROR com.iluwatar.commander.Commander - Order NEMLPF7MIMEB: Payment time for order over, failed and returning..
13:02:07.733 [main] INFO com.iluwatar.commander.Commander - Order NEMLPF7MIMEB: Shipping placed successfully, transaction id: 3XOY15GFJWRM
13:02:07.733 [main] INFO com.iluwatar.commander.Commander - Order has been placed and will be shipped to you. Please wait while we make your payment... 
13:02:07.733 [main] INFO com.iluwatar.commander.Commander - Order NEMLPF7MIMEB: Shipping placed successfully, transaction id: FH2XO1OUEKI2
13:02:07.733 [main] INFO com.iluwatar.commander.Commander - Order has been placed and will be shipped to you. Please wait while we make your payment... 
13:02:07.733 [main] DEBUG com.iluwatar.commander.Commander - Order HDQKAMSAPFOQ: Error in creating shipping request..
13:02:07.733 [main] INFO com.iluwatar.commander.Commander - Sorry, there was a problem in creating your order. Please try later.
13:02:07.733 [main] ERROR com.iluwatar.commander.Commander - Order HDQKAMSAPFOQ: Shipping service unavailable, order not placed..
13:02:07.733 [main] INFO com.iluwatar.commander.Commander - Order HDQKAMSAPFOQ: Shipping placed successfully, transaction id: 0CR9FSH4CJEK
13:02:07.733 [main] INFO com.iluwatar.commander.Commander - Order has been placed and will be shipped to you. Please wait while we make your payment... 
13:02:07.733 [main] ERROR com.iluwatar.commander.Commander - Order HDQKAMSAPFOQ: Payment time for order over, failed and returning..
13:02:07.733 [main] INFO com.iluwatar.commander.Commander - Order HDQKAMSAPFOQ: Shipping placed successfully, transaction id: RK8F9UQRBO6A
13:02:07.733 [main] INFO com.iluwatar.commander.Commander - Order has been placed and will be shipped to you. Please wait while we make your payment... 
13:02:07.733 [main] INFO com.iluwatar.commander.Commander - Order HDQKAMSAPFOQ: Shipping placed successfully, transaction id: 3GXFMPYFUAFT
13:02:07.733 [main] INFO com.iluwatar.commander.Commander - Order has been placed and will be shipped to you. Please wait while we make your payment... 
13:02:07.733 [main] INFO com.iluwatar.commander.Commander - Sorry, there was a problem in creating your order. Please try later.
13:02:07.733 [main] ERROR com.iluwatar.commander.Commander - Order X2135Q6L61X1: Shipping service unavailable, order not placed..
13:02:07.733 [main] INFO com.iluwatar.commander.Commander - Sorry, there was a problem in creating your order. Please try later.
13:02:07.733 [main] ERROR com.iluwatar.commander.Commander - Order X2135Q6L61X1: Shipping service unavailable, order not placed..
13:02:07.733 [main] INFO com.iluwatar.commander.Commander - Sorry, there was a problem in creating your order. Please try later.
13:02:07.733 [main] ERROR com.iluwatar.commander.Commander - Order X2135Q6L61X1: Shipping service unavailable, order not placed..
13:02:07.733 [main] INFO com.iluwatar.commander.Commander - Sorry, there was a problem in creating your order. Please try later.
13:02:07.733 [main] ERROR com.iluwatar.commander.Commander - Order X2135Q6L61X1: Shipping service unavailable, order not placed..
13:02:07.733 [main] INFO com.iluwatar.commander.Commander - Sorry, there was a problem in creating your order. Please try later.
13:02:07.733 [main] ERROR com.iluwatar.commander.Commander - Order JJ3GKIDLAM90: Shipping service unavailable, order not placed..
13:02:07.733 [main] INFO com.iluwatar.commander.Commander - Sorry, there was a problem in creating your order. Please try later.
13:02:07.733 [main] ERROR com.iluwatar.commander.Commander - Order JJ3GKIDLAM90: Shipping service unavailable, order not placed..
13:02:07.733 [main] INFO com.iluwatar.commander.Commander - Sorry, there was a problem in creating your order. Please try later.
13:02:07.733 [main] ERROR com.iluwatar.commander.Commander - Order JJ3GKIDLAM90: Shipping service unavailable, order not placed..
13:02:07.733 [main] INFO com.iluwatar.commander.Commander - Sorry, there was a problem in creating your order. Please try later.
13:02:07.733 [main] ERROR com.iluwatar.commander.Commander - Order JJ3GKIDLAM90: Shipping service unavailable, order not placed..
13:02:07.733 [main] DEBUG com.iluwatar.commander.Commander - Order 3YXK9XKRTR48: Error in connecting to shipping service, trying again..
13:02:07.733 [main] INFO com.iluwatar.commander.Commander - Sorry, there was a problem in creating your order. Please try later.
13:02:07.733 [main] ERROR com.iluwatar.commander.Commander - Order 3YXK9XKRTR48: Shipping service unavailable, order not placed..
13:02:07.733 [main] INFO com.iluwatar.commander.Commander - Order 3YXK9XKRTR48: Shipping placed successfully, transaction id: N9YZ7O4GHRU9
13:02:07.733 [main] INFO com.iluwatar.commander.Commander - Order has been placed and will be shipped to you. Please wait while we make your payment... 
13:02:07.733 [main] ERROR com.iluwatar.commander.Commander - Order 3YXK9XKRTR48: Payment time for order over, failed and returning..
13:02:07.733 [main] INFO com.iluwatar.commander.Commander - Order 3YXK9XKRTR48: Shipping placed successfully, transaction id: UBZV5SKAR1G0
13:02:07.733 [main] INFO com.iluwatar.commander.Commander - Order has been placed and will be shipped to you. Please wait while we make your payment... 
13:02:07.733 [main] INFO com.iluwatar.commander.Commander - Order 3YXK9XKRTR48: Shipping placed successfully, transaction id: XEUB29XN3WDI
13:02:07.733 [main] INFO com.iluwatar.commander.Commander - Order has been placed and will be shipped to you. Please wait while we make your payment... 
13:02:07.733 [main] DEBUG com.iluwatar.commander.Commander - Order SYNDR3JO39YH: Error in creating shipping request..
13:02:07.733 [main] INFO com.iluwatar.commander.Commander - Sorry, there was a problem in creating your order. Please try later.
13:02:07.733 [main] ERROR com.iluwatar.commander.Commander - Order SYNDR3JO39YH: Shipping service unavailable, order not placed..
13:02:07.733 [main] INFO com.iluwatar.commander.Commander - Order SYNDR3JO39YH: Shipping placed successfully, transaction id: 2O11FA4UK84O
13:02:07.733 [main] INFO com.iluwatar.commander.Commander - Order has been placed and will be shipped to you. Please wait while we make your payment... 
13:02:07.733 [main] ERROR com.iluwatar.commander.Commander - Order SYNDR3JO39YH: Payment time for order over, failed and returning..
13:02:07.733 [main] INFO com.iluwatar.commander.Commander - Order SYNDR3JO39YH: Shipping placed successfully, transaction id: 4L1ZVYUVUBDF
13:02:07.733 [main] INFO com.iluwatar.commander.Commander - Order has been placed and will be shipped to you. Please wait while we make your payment... 
13:02:07.733 [main] INFO com.iluwatar.commander.Commander - Order SYNDR3JO39YH: Shipping placed successfully, transaction id: ADY5KSV0JHY4
13:02:07.733 [main] INFO com.iluwatar.commander.Commander - Order has been placed and will be shipped to you. Please wait while we make your payment... 
13:02:07.733 [main] INFO com.iluwatar.commander.Commander - Sorry, there was a problem in creating your order. Please try later.
13:02:07.733 [main] ERROR com.iluwatar.commander.Commander - Order 1F4PT05XFKLG: Shipping service unavailable, order not placed..
13:02:07.733 [main] INFO com.iluwatar.commander.Commander - Sorry, there was a problem in creating your order. Please try later.
13:02:07.733 [main] ERROR com.iluwatar.commander.Commander - Order 1F4PT05XFKLG: Shipping service unavailable, order not placed..
13:02:07.733 [main] INFO com.iluwatar.commander.Commander - Sorry, there was a problem in creating your order. Please try later.
13:02:07.733 [main] ERROR com.iluwatar.commander.Commander - Order 1F4PT05XFKLG: Shipping service unavailable, order not placed..
13:02:07.733 [main] INFO com.iluwatar.commander.Commander - Sorry, there was a problem in creating your order. Please try later.
13:02:07.733 [main] ERROR com.iluwatar.commander.Commander - Order 1F4PT05XFKLG: Shipping service unavailable, order not placed..
13:02:07.733 [main] INFO com.iluwatar.commander.Commander - Sorry, there was a problem in creating your order. Please try later.
13:02:07.733 [main] ERROR com.iluwatar.commander.Commander - Order GLGE10H9KI3Y: Shipping service unavailable, order not placed..
13:02:07.733 [main] INFO com.iluwatar.commander.Commander - Sorry, there was a problem in creating your order. Please try later.
13:02:07.733 [main] ERROR com.iluwatar.commander.Commander - Order GLGE10H9KI3Y: Shipping service unavailable, order not placed..
13:02:07.733 [main] INFO com.iluwatar.commander.Commander - Sorry, there was a problem in creating your order. Please try later.
13:02:07.733 [main] ERROR com.iluwatar.commander.Commander - Order GLGE10H9KI3Y: Shipping service unavailable, order not placed..
13:02:07.733 [main] INFO com.iluwatar.commander.Commander - Sorry, there was a problem in creating your order. Please try later.
13:02:07.733 [main] ERROR com.iluwatar.commander.Commander - Order GLGE10H9KI3Y: Shipping service unavailable, order not placed..
13:02:07.733 [main] DEBUG com.iluwatar.commander.Commander - Order X42TUAUQ88VY: Error in connecting to shipping service, trying again..
13:02:07.733 [main] INFO com.iluwatar.commander.Commander - Sorry, there was a problem in creating your order. Please try later.
13:02:07.733 [main] ERROR com.iluwatar.commander.Commander - Order X42TUAUQ88VY: Shipping service unavailable, order not placed..
13:02:07.733 [main] INFO com.iluwatar.commander.Commander - Order X42TUAUQ88VY: Shipping placed successfully, transaction id: BIN1K76U0I6N
13:02:07.733 [main] INFO com.iluwatar.commander.Commander - Order has been placed and will be shipped to you. Please wait while we make your payment... 
13:02:07.733 [main] ERROR com.iluwatar.commander.Commander - Order X42TUAUQ88VY: Payment time for order over, failed and returning..
13:02:07.733 [main] INFO com.iluwatar.commander.Commander - Order X42TUAUQ88VY: Shipping placed successfully, transaction id: G0Y7U5THGRJU
13:02:07.733 [main] INFO com.iluwatar.commander.Commander - Order has been placed and will be shipped to you. Please wait while we make your payment... 
13:02:07.733 [main] INFO com.iluwatar.commander.Commander - Order X42TUAUQ88VY: Shipping placed successfully, transaction id: QR3VNZTSJQN6
13:02:07.733 [main] INFO com.iluwatar.commander.Commander - Order has been placed and will be shipped to you. Please wait while we make your payment... 
13:02:07.733 [main] DEBUG com.iluwatar.commander.Commander - Order 3P0ANAKWTFFU: Error in connecting to shipping service, trying again..
13:02:07.733 [main] INFO com.iluwatar.commander.Commander - Sorry, there was a problem in creating your order. Please try later.
13:02:07.733 [main] ERROR com.iluwatar.commander.Commander - Order 3P0ANAKWTFFU: Shipping service unavailable, order not placed..
13:02:07.733 [main] INFO com.iluwatar.commander.Commander - Order 3P0ANAKWTFFU: Shipping placed successfully, transaction id: R77R1FK70O8M
13:02:07.733 [main] INFO com.iluwatar.commander.Commander - Order has been placed and will be shipped to you. Please wait while we make your payment... 
13:02:07.733 [main] ERROR com.iluwatar.commander.Commander - Order 3P0ANAKWTFFU: Payment time for order over, failed and returning..
13:02:07.733 [main] INFO com.iluwatar.commander.Commander - Order 3P0ANAKWTFFU: Shipping placed successfully, transaction id: SBHT6V6JVOHS
13:02:07.733 [main] INFO com.iluwatar.commander.Commander - Order has been placed and will be shipped to you. Please wait while we make your payment... 
13:02:07.733 [main] INFO com.iluwatar.commander.Commander - Order 3P0ANAKWTFFU: Shipping placed successfully, transaction id: 50UA4J7DQB9H
13:02:07.733 [main] INFO com.iluwatar.commander.Commander - Order has been placed and will be shipped to you. Please wait while we make your payment... 
13:02:07.733 [main] INFO com.iluwatar.commander.Commander - Sorry, there was a problem in creating your order. Please try later.
13:02:07.733 [main] ERROR com.iluwatar.commander.Commander - Order JLUPB0XQSRDQ: Shipping service unavailable, order not placed..
13:02:07.733 [main] INFO com.iluwatar.commander.Commander - Sorry, there was a problem in creating your order. Please try later.
13:02:07.733 [main] ERROR com.iluwatar.commander.Commander - Order JLUPB0XQSRDQ: Shipping service unavailable, order not placed..
13:02:07.733 [main] INFO com.iluwatar.commander.Commander - Sorry, there was a problem in creating your order. Please try later.
13:02:07.733 [main] ERROR com.iluwatar.commander.Commander - Order JLUPB0XQSRDQ: Shipping service unavailable, order not placed..
13:02:07.733 [main] INFO com.iluwatar.commander.Commander - Sorry, there was a problem in creating your order. Please try later.
13:02:07.733 [main] ERROR com.iluwatar.commander.Commander - Order JLUPB0XQSRDQ: Shipping service unavailable, order not placed..
13:02:07.733 [main] INFO com.iluwatar.commander.Commander - Sorry, there was a problem in creating your order. Please try later.
13:02:07.733 [main] ERROR com.iluwatar.commander.Commander - Order 6M80IQ3I5NPC: Shipping service unavailable, order not placed..
13:02:07.733 [main] INFO com.iluwatar.commander.Commander - Sorry, there was a problem in creating your order. Please try later.
13:02:07.733 [main] ERROR com.iluwatar.commander.Commander - Order 6M80IQ3I5NPC: Shipping service unavailable, order not placed..
13:02:07.734 [main] INFO com.iluwatar.commander.Commander - Sorry, there was a problem in creating your order. Please try later.
13:02:07.734 [main] ERROR com.iluwatar.commander.Commander - Order 6M80IQ3I5NPC: Shipping service unavailable, order not placed..
13:02:07.734 [main] INFO com.iluwatar.commander.Commander - Sorry, there was a problem in creating your order. Please try later.
13:02:07.734 [main] ERROR com.iluwatar.commander.Commander - Order 6M80IQ3I5NPC: Shipping service unavailable, order not placed..
13:02:07.734 [main] DEBUG com.iluwatar.commander.Commander - Order RM4YKJG0TO8F: Error in connecting to shipping service, trying again..
13:02:07.734 [main] INFO com.iluwatar.commander.Commander - Sorry, there was a problem in creating your order. Please try later.
13:02:07.734 [main] ERROR com.iluwatar.commander.Commander - Order RM4YKJG0TO8F: Shipping service unavailable, order not placed..
13:02:07.734 [main] INFO com.iluwatar.commander.Commander - Order RM4YKJG0TO8F: Shipping placed successfully, transaction id: 49EOPRI5GN12
13:02:07.734 [main] INFO com.iluwatar.commander.Commander - Order has been placed and will be shipped to you. Please wait while we make your payment... 
13:02:07.734 [main] ERROR com.iluwatar.commander.Commander - Order RM4YKJG0TO8F: Payment time for order over, failed and returning..
13:02:07.734 [main] INFO com.iluwatar.commander.Commander - Order RM4YKJG0TO8F: Shipping placed successfully, transaction id: 7FQ7KYF8NLWS
13:02:07.734 [main] INFO com.iluwatar.commander.Commander - Order has been placed and will be shipped to you. Please wait while we make your payment... 
13:02:07.734 [main] INFO com.iluwatar.commander.Commander - Order RM4YKJG0TO8F: Shipping placed successfully, transaction id: 49SLT0ETOI7B
13:02:07.734 [main] INFO com.iluwatar.commander.Commander - Order has been placed and will be shipped to you. Please wait while we make your payment... 
13:02:07.734 [main] DEBUG com.iluwatar.commander.Commander - Order 04EKS5P7NPWS: Error in creating shipping request..
13:02:07.734 [main] INFO com.iluwatar.commander.Commander - Shipping is currently not possible to your address. We are working on the problem and will get back to you asap.
13:02:07.734 [main] INFO com.iluwatar.commander.Commander - Order 04EKS5P7NPWS: Shipping not possible to address, trying to add problem to employee db..
13:02:07.734 [main] INFO com.iluwatar.commander.Commander - Order 04EKS5P7NPWS: Shipping placed successfully, transaction id: NK92CGXRMCRR
13:02:07.734 [main] INFO com.iluwatar.commander.Commander - Order has been placed and will be shipped to you. Please wait while we make your payment... 
13:02:07.734 [main] ERROR com.iluwatar.commander.Commander - Order 04EKS5P7NPWS: Payment time for order over, failed and returning..
13:02:07.734 [main] INFO com.iluwatar.commander.Commander - Order 04EKS5P7NPWS: Shipping placed successfully, transaction id: M6MZBBCN4LIF
13:02:07.734 [main] INFO com.iluwatar.commander.Commander - Order has been placed and will be shipped to you. Please wait while we make your payment... 
13:02:07.734 [main] INFO com.iluwatar.commander.Commander - Order 04EKS5P7NPWS: Shipping placed successfully, transaction id: 43SIN476F9IO
13:02:07.734 [main] INFO com.iluwatar.commander.Commander - Order has been placed and will be shipped to you. Please wait while we make your payment... 
13:02:07.734 [main] INFO com.iluwatar.commander.Commander - Sorry, there was a problem in creating your order. Please try later.
13:02:07.734 [main] ERROR com.iluwatar.commander.Commander - Order UL2XL1048E0B: Shipping service unavailable, order not placed..
13:02:07.734 [main] INFO com.iluwatar.commander.Commander - Sorry, there was a problem in creating your order. Please try later.
13:02:07.734 [main] ERROR com.iluwatar.commander.Commander - Order UL2XL1048E0B: Shipping service unavailable, order not placed..
13:02:07.734 [main] INFO com.iluwatar.commander.Commander - Sorry, there was a problem in creating your order. Please try later.
13:02:07.734 [main] ERROR com.iluwatar.commander.Commander - Order UL2XL1048E0B: Shipping service unavailable, order not placed..
13:02:07.734 [main] INFO com.iluwatar.commander.Commander - Sorry, there was a problem in creating your order. Please try later.
13:02:07.734 [main] ERROR com.iluwatar.commander.Commander - Order UL2XL1048E0B: Shipping service unavailable, order not placed..
13:02:07.734 [main] INFO com.iluwatar.commander.Commander - Sorry, there was a problem in creating your order. Please try later.
13:02:07.734 [main] ERROR com.iluwatar.commander.Commander - Order DO722HHV9HS0: Shipping service unavailable, order not placed..
13:02:07.734 [main] INFO com.iluwatar.commander.Commander - Sorry, there was a problem in creating your order. Please try later.
13:02:07.734 [main] ERROR com.iluwatar.commander.Commander - Order DO722HHV9HS0: Shipping service unavailable, order not placed..
13:02:07.734 [main] INFO com.iluwatar.commander.Commander - Sorry, there was a problem in creating your order. Please try later.
13:02:07.734 [main] ERROR com.iluwatar.commander.Commander - Order DO722HHV9HS0: Shipping service unavailable, order not placed..
13:02:07.734 [main] INFO com.iluwatar.commander.Commander - Sorry, there was a problem in creating your order. Please try later.
13:02:07.734 [main] ERROR com.iluwatar.commander.Commander - Order DO722HHV9HS0: Shipping service unavailable, order not placed..
13:02:07.734 [main] DEBUG com.iluwatar.commander.Commander - Order DIGXAW176FL1: Error in connecting to shipping service, trying again..
13:02:07.734 [main] INFO com.iluwatar.commander.Commander - Sorry, there was a problem in creating your order. Please try later.
13:02:07.734 [main] ERROR com.iluwatar.commander.Commander - Order DIGXAW176FL1: Shipping service unavailable, order not placed..
13:02:07.734 [main] INFO com.iluwatar.commander.Commander - Order DIGXAW176FL1: Shipping placed successfully, transaction id: JW9B874TO7OX
13:02:07.734 [main] INFO com.iluwatar.commander.Commander - Order has been placed and will be shipped to you. Please wait while we make your payment... 
13:02:07.734 [main] ERROR com.iluwatar.commander.Commander - Order DIGXAW176FL1: Payment time for order over, failed and returning..
13:02:07.734 [main] INFO com.iluwatar.commander.Commander - Order DIGXAW176FL1: Shipping placed successfully, transaction id: 3Z1BKBGYYEZ7
13:02:07.734 [main] INFO com.iluwatar.commander.Commander - Order has been placed and will be shipped to you. Please wait while we make your payment... 
13:02:07.734 [main] INFO com.iluwatar.commander.Commander - Order DIGXAW176FL1: Shipping placed successfully, transaction id: 5TIEU9X6NCQY
13:02:07.734 [main] INFO com.iluwatar.commander.Commander - Order has been placed and will be shipped to you. Please wait while we make your payment... 
13:02:07.734 [main] DEBUG com.iluwatar.commander.Commander - Order HESCEOMSC88L: Error in creating shipping request..
13:02:07.734 [main] INFO com.iluwatar.commander.Commander - This item is currently unavailable. We will inform you as soon as the item becomes available again.
13:02:07.734 [main] INFO com.iluwatar.commander.Commander - Order HESCEOMSC88L: Item pen unavailable, trying to add problem to employee handle..
13:02:07.734 [main] INFO com.iluwatar.commander.Commander - Order HESCEOMSC88L: Shipping placed successfully, transaction id: C6DJBJO3UU5L
13:02:07.734 [main] INFO com.iluwatar.commander.Commander - Order has been placed and will be shipped to you. Please wait while we make your payment... 
13:02:07.734 [main] ERROR com.iluwatar.commander.Commander - Order HESCEOMSC88L: Payment time for order over, failed and returning..
13:02:07.734 [main] INFO com.iluwatar.commander.Commander - Order HESCEOMSC88L: Shipping placed successfully, transaction id: 9OHEMLW8691Y
13:02:07.734 [main] INFO com.iluwatar.commander.Commander - Order has been placed and will be shipped to you. Please wait while we make your payment... 
13:02:07.734 [main] INFO com.iluwatar.commander.Commander - Order HESCEOMSC88L: Shipping placed successfully, transaction id: YIWMIZMV93DN
13:02:07.734 [main] INFO com.iluwatar.commander.Commander - Order has been placed and will be shipped to you. Please wait while we make your payment... 
13:02:07.734 [main] INFO com.iluwatar.commander.Commander - Sorry, there was a problem in creating your order. Please try later.
13:02:07.734 [main] ERROR com.iluwatar.commander.Commander - Order YO59ME4JGQJ4: Shipping service unavailable, order not placed..
13:02:07.734 [main] INFO com.iluwatar.commander.Commander - Sorry, there was a problem in creating your order. Please try later.
13:02:07.734 [main] ERROR com.iluwatar.commander.Commander - Order YO59ME4JGQJ4: Shipping service unavailable, order not placed..
13:02:07.734 [main] INFO com.iluwatar.commander.Commander - Sorry, there was a problem in creating your order. Please try later.
13:02:07.734 [main] ERROR com.iluwatar.commander.Commander - Order YO59ME4JGQJ4: Shipping service unavailable, order not placed..
13:02:07.734 [main] INFO com.iluwatar.commander.Commander - Sorry, there was a problem in creating your order. Please try later.
13:02:07.734 [main] ERROR com.iluwatar.commander.Commander - Order YO59ME4JGQJ4: Shipping service unavailable, order not placed..
13:02:07.734 [main] INFO com.iluwatar.commander.Commander - Sorry, there was a problem in creating your order. Please try later.
13:02:07.734 [main] ERROR com.iluwatar.commander.Commander - Order L4C8J3MTYQXS: Shipping service unavailable, order not placed..
13:02:07.734 [main] INFO com.iluwatar.commander.Commander - Sorry, there was a problem in creating your order. Please try later.
13:02:07.734 [main] ERROR com.iluwatar.commander.Commander - Order L4C8J3MTYQXS: Shipping service unavailable, order not placed..
13:02:07.734 [main] INFO com.iluwatar.commander.Commander - Sorry, there was a problem in creating your order. Please try later.
13:02:07.734 [main] ERROR com.iluwatar.commander.Commander - Order L4C8J3MTYQXS: Shipping service unavailable, order not placed..
13:02:07.734 [main] INFO com.iluwatar.commander.Commander - Sorry, there was a problem in creating your order. Please try later.
13:02:07.734 [main] ERROR com.iluwatar.commander.Commander - Order L4C8J3MTYQXS: Shipping service unavailable, order not placed..
13:02:07.734 [main] DEBUG com.iluwatar.commander.Commander - Order NO29421CNLC6: Error in connecting to shipping service, trying again..
13:02:07.734 [main] INFO com.iluwatar.commander.Commander - Sorry, there was a problem in creating your order. Please try later.
13:02:07.734 [main] ERROR com.iluwatar.commander.Commander - Order NO29421CNLC6: Shipping service unavailable, order not placed..
13:02:07.734 [main] INFO com.iluwatar.commander.Commander - Order NO29421CNLC6: Shipping placed successfully, transaction id: LQDCCSU9IJYH
13:02:07.734 [main] INFO com.iluwatar.commander.Commander - Order has been placed and will be shipped to you. Please wait while we make your payment... 
13:02:07.734 [main] ERROR com.iluwatar.commander.Commander - Order NO29421CNLC6: Payment time for order over, failed and returning..
13:02:07.734 [main] INFO com.iluwatar.commander.Commander - Order NO29421CNLC6: Shipping placed successfully, transaction id: 1FVFFH7WJHLZ
13:02:07.734 [main] INFO com.iluwatar.commander.Commander - Order has been placed and will be shipped to you. Please wait while we make your payment... 
13:02:07.734 [main] INFO com.iluwatar.commander.Commander - Order NO29421CNLC6: Shipping placed successfully, transaction id: CUS1K7E1NPNV
13:02:07.734 [main] INFO com.iluwatar.commander.Commander - Order has been placed and will be shipped to you. Please wait while we make your payment... 
13:02:07.734 [main] DEBUG com.iluwatar.commander.Commander - Order 5BGR9EYRUR13: Error in creating shipping request..
13:02:07.734 [main] INFO com.iluwatar.commander.Commander - Sorry, there was a problem in creating your order. Please try later.
13:02:07.734 [main] ERROR com.iluwatar.commander.Commander - Order 5BGR9EYRUR13: Shipping service unavailable, order not placed..
13:02:07.734 [main] INFO com.iluwatar.commander.Commander - Order 5BGR9EYRUR13: Shipping placed successfully, transaction id: 0S7QOV1Z8POQ
13:02:07.734 [main] INFO com.iluwatar.commander.Commander - Order has been placed and will be shipped to you. Please wait while we make your payment... 
13:02:07.734 [main] ERROR com.iluwatar.commander.Commander - Order 5BGR9EYRUR13: Payment time for order over, failed and returning..
13:02:07.734 [main] INFO com.iluwatar.commander.Commander - Order 5BGR9EYRUR13: Shipping placed successfully, transaction id: MXVMWG3GCDP2
13:02:07.734 [main] INFO com.iluwatar.commander.Commander - Order has been placed and will be shipped to you. Please wait while we make your payment... 
13:02:07.734 [main] INFO com.iluwatar.commander.Commander - Order 5BGR9EYRUR13: Shipping placed successfully, transaction id: 71QMWZHBL49K
13:02:07.734 [main] INFO com.iluwatar.commander.Commander - Order has been placed and will be shipped to you. Please wait while we make your payment... 
13:02:07.734 [main] INFO com.iluwatar.commander.Commander - Sorry, there was a problem in creating your order. Please try later.
13:02:07.734 [main] ERROR com.iluwatar.commander.Commander - Order CJDXPT2RK9W0: Shipping service unavailable, order not placed..
13:02:07.734 [main] INFO com.iluwatar.commander.Commander - Sorry, there was a problem in creating your order. Please try later.
13:02:07.734 [main] ERROR com.iluwatar.commander.Commander - Order CJDXPT2RK9W0: Shipping service unavailable, order not placed..
13:02:07.734 [main] INFO com.iluwatar.commander.Commander - Sorry, there was a problem in creating your order. Please try later.
13:02:07.734 [main] ERROR com.iluwatar.commander.Commander - Order CJDXPT2RK9W0: Shipping service unavailable, order not placed..
13:02:07.734 [main] INFO com.iluwatar.commander.Commander - Sorry, there was a problem in creating your order. Please try later.
13:02:07.734 [main] ERROR com.iluwatar.commander.Commander - Order CJDXPT2RK9W0: Shipping service unavailable, order not placed..
13:02:07.734 [main] INFO com.iluwatar.commander.Commander - Sorry, there was a problem in creating your order. Please try later.
13:02:07.734 [main] ERROR com.iluwatar.commander.Commander - Order RYEYDZNLLE2Q: Shipping service unavailable, order not placed..
13:02:07.734 [main] INFO com.iluwatar.commander.Commander - Sorry, there was a problem in creating your order. Please try later.
13:02:07.734 [main] ERROR com.iluwatar.commander.Commander - Order RYEYDZNLLE2Q: Shipping service unavailable, order not placed..
13:02:07.734 [main] INFO com.iluwatar.commander.Commander - Sorry, there was a problem in creating your order. Please try later.
13:02:07.734 [main] ERROR com.iluwatar.commander.Commander - Order RYEYDZNLLE2Q: Shipping service unavailable, order not placed..
13:02:07.734 [main] INFO com.iluwatar.commander.Commander - Sorry, there was a problem in creating your order. Please try later.
13:02:07.734 [main] ERROR com.iluwatar.commander.Commander - Order RYEYDZNLLE2Q: Shipping service unavailable, order not placed..
13:02:07.734 [main] DEBUG com.iluwatar.commander.Commander - Order X123Z6Z9PXPB: Error in connecting to shipping service, trying again..
13:02:07.734 [main] INFO com.iluwatar.commander.Commander - Sorry, there was a problem in creating your order. Please try later.
13:02:07.734 [main] ERROR com.iluwatar.commander.Commander - Order X123Z6Z9PXPB: Shipping service unavailable, order not placed..
13:02:07.734 [main] INFO com.iluwatar.commander.Commander - Order X123Z6Z9PXPB: Shipping placed successfully, transaction id: 8IWSFLJBPKNI
13:02:07.734 [main] INFO com.iluwatar.commander.Commander - Order has been placed and will be shipped to you. Please wait while we make your payment... 
13:02:07.734 [main] ERROR com.iluwatar.commander.Commander - Order X123Z6Z9PXPB: Payment time for order over, failed and returning..
13:02:07.734 [main] INFO com.iluwatar.commander.Commander - Order X123Z6Z9PXPB: Shipping placed successfully, transaction id: DWF46X4RKG4U
13:02:07.734 [main] INFO com.iluwatar.commander.Commander - Order has been placed and will be shipped to you. Please wait while we make your payment... 
13:02:07.734 [main] INFO com.iluwatar.commander.Commander - Order X123Z6Z9PXPB: Shipping placed successfully, transaction id: CEDO9YZJLEIK
13:02:07.734 [main] INFO com.iluwatar.commander.Commander - Order has been placed and will be shipped to you. Please wait while we make your payment... 
13:02:07.734 [main] DEBUG com.iluwatar.commander.Commander - Order Z64PV8BUVXAQ: Error in creating shipping request..
13:02:07.734 [main] INFO com.iluwatar.commander.Commander - Sorry, there was a problem in creating your order. Please try later.
13:02:07.734 [main] ERROR com.iluwatar.commander.Commander - Order Z64PV8BUVXAQ: Shipping service unavailable, order not placed..
13:02:07.734 [main] INFO com.iluwatar.commander.Commander - Order Z64PV8BUVXAQ: Shipping placed successfully, transaction id: 9LBTIVYAF2HB
13:02:07.734 [main] INFO com.iluwatar.commander.Commander - Order has been placed and will be shipped to you. Please wait while we make your payment... 
13:02:07.734 [main] ERROR com.iluwatar.commander.Commander - Order Z64PV8BUVXAQ: Payment time for order over, failed and returning..
13:02:07.734 [main] INFO com.iluwatar.commander.Commander - Order Z64PV8BUVXAQ: Shipping placed successfully, transaction id: 56IMT79O8GVQ
13:02:07.734 [main] INFO com.iluwatar.commander.Commander - Order has been placed and will be shipped to you. Please wait while we make your payment... 
13:02:07.734 [main] INFO com.iluwatar.commander.Commander - Order Z64PV8BUVXAQ: Shipping placed successfully, transaction id: 8RK9BYB7M53X
13:02:07.734 [main] INFO com.iluwatar.commander.Commander - Order has been placed and will be shipped to you. Please wait while we make your payment... 
13:02:07.734 [main] INFO com.iluwatar.commander.Commander - Sorry, there was a problem in creating your order. Please try later.
13:02:07.734 [main] ERROR com.iluwatar.commander.Commander - Order 2SZUWSMN13UD: Shipping service unavailable, order not placed..
13:02:07.734 [main] INFO com.iluwatar.commander.Commander - Sorry, there was a problem in creating your order. Please try later.
13:02:07.734 [main] ERROR com.iluwatar.commander.Commander - Order 2SZUWSMN13UD: Shipping service unavailable, order not placed..
13:02:07.735 [main] INFO com.iluwatar.commander.Commander - Sorry, there was a problem in creating your order. Please try later.
13:02:07.735 [main] ERROR com.iluwatar.commander.Commander - Order 2SZUWSMN13UD: Shipping service unavailable, order not placed..
13:02:07.735 [main] INFO com.iluwatar.commander.Commander - Sorry, there was a problem in creating your order. Please try later.
13:02:07.735 [main] ERROR com.iluwatar.commander.Commander - Order 2SZUWSMN13UD: Shipping service unavailable, order not placed..
13:02:07.735 [main] INFO com.iluwatar.commander.Commander - Sorry, there was a problem in creating your order. Please try later.
13:02:07.735 [main] ERROR com.iluwatar.commander.Commander - Order 1DLV7OKRECJ9: Shipping service unavailable, order not placed..
13:02:07.735 [main] INFO com.iluwatar.commander.Commander - Sorry, there was a problem in creating your order. Please try later.
13:02:07.735 [main] ERROR com.iluwatar.commander.Commander - Order 1DLV7OKRECJ9: Shipping service unavailable, order not placed..
13:02:07.735 [main] INFO com.iluwatar.commander.Commander - Sorry, there was a problem in creating your order. Please try later.
13:02:07.735 [main] ERROR com.iluwatar.commander.Commander - Order 1DLV7OKRECJ9: Shipping service unavailable, order not placed..
13:02:07.735 [main] INFO com.iluwatar.commander.Commander - Sorry, there was a problem in creating your order. Please try later.
13:02:07.735 [main] ERROR com.iluwatar.commander.Commander - Order 1DLV7OKRECJ9: Shipping service unavailable, order not placed..
13:02:07.735 [main] DEBUG com.iluwatar.commander.Commander - Order J08DW1H0H0L8: Error in connecting to shipping service, trying again..
13:02:07.735 [main] INFO com.iluwatar.commander.Commander - Sorry, there was a problem in creating your order. Please try later.
13:02:07.735 [main] ERROR com.iluwatar.commander.Commander - Order J08DW1H0H0L8: Shipping service unavailable, order not placed..
13:02:07.735 [main] INFO com.iluwatar.commander.Commander - Order J08DW1H0H0L8: Shipping placed successfully, transaction id: 939S24YW45U8
13:02:07.735 [main] INFO com.iluwatar.commander.Commander - Order has been placed and will be shipped to you. Please wait while we make your payment... 
13:02:07.735 [main] ERROR com.iluwatar.commander.Commander - Order J08DW1H0H0L8: Payment time for order over, failed and returning..
13:02:07.735 [main] INFO com.iluwatar.commander.Commander - Order J08DW1H0H0L8: Shipping placed successfully, transaction id: LQ3HF5VJHNVB
13:02:07.735 [main] INFO com.iluwatar.commander.Commander - Order has been placed and will be shipped to you. Please wait while we make your payment... 
13:02:07.735 [main] INFO com.iluwatar.commander.Commander - Order J08DW1H0H0L8: Shipping placed successfully, transaction id: M2JNS8R5I7BL
13:02:07.735 [main] INFO com.iluwatar.commander.Commander - Order has been placed and will be shipped to you. Please wait while we make your payment... 
13:02:07.735 [main] DEBUG com.iluwatar.commander.Commander - Order RL9MI3JFYDRO: Error in connecting to shipping service, trying again..
13:02:07.735 [main] INFO com.iluwatar.commander.Commander - Sorry, there was a problem in creating your order. Please try later.
13:02:07.735 [main] ERROR com.iluwatar.commander.Commander - Order RL9MI3JFYDRO: Shipping service unavailable, order not placed..
13:02:07.735 [main] INFO com.iluwatar.commander.Commander - Order RL9MI3JFYDRO: Shipping placed successfully, transaction id: N9QG4XBOWTP8
13:02:07.735 [main] INFO com.iluwatar.commander.Commander - Order has been placed and will be shipped to you. Please wait while we make your payment... 
13:02:07.735 [main] ERROR com.iluwatar.commander.Commander - Order RL9MI3JFYDRO: Payment time for order over, failed and returning..
13:02:07.735 [main] INFO com.iluwatar.commander.Commander - Order RL9MI3JFYDRO: Shipping placed successfully, transaction id: NZS5HWYY2KU2
13:02:07.735 [main] INFO com.iluwatar.commander.Commander - Order has been placed and will be shipped to you. Please wait while we make your payment... 
13:02:07.735 [main] INFO com.iluwatar.commander.Commander - Order RL9MI3JFYDRO: Shipping placed successfully, transaction id: 3C5GZOCG3DYJ
13:02:07.735 [main] INFO com.iluwatar.commander.Commander - Order has been placed and will be shipped to you. Please wait while we make your payment... 
13:02:07.735 [main] INFO com.iluwatar.commander.Commander - Sorry, there was a problem in creating your order. Please try later.
13:02:07.735 [main] ERROR com.iluwatar.commander.Commander - Order 6400ZKYJ6QA3: Shipping service unavailable, order not placed..
13:02:07.735 [main] INFO com.iluwatar.commander.Commander - Sorry, there was a problem in creating your order. Please try later.
13:02:07.735 [main] ERROR com.iluwatar.commander.Commander - Order 6400ZKYJ6QA3: Shipping service unavailable, order not placed..
13:02:07.735 [main] INFO com.iluwatar.commander.Commander - Sorry, there was a problem in creating your order. Please try later.
13:02:07.735 [main] ERROR com.iluwatar.commander.Commander - Order 6400ZKYJ6QA3: Shipping service unavailable, order not placed..
13:02:07.735 [main] INFO com.iluwatar.commander.Commander - Sorry, there was a problem in creating your order. Please try later.
13:02:07.735 [main] ERROR com.iluwatar.commander.Commander - Order 6400ZKYJ6QA3: Shipping service unavailable, order not placed..
13:02:07.735 [main] INFO com.iluwatar.commander.Commander - Sorry, there was a problem in creating your order. Please try later.
13:02:07.735 [main] ERROR com.iluwatar.commander.Commander - Order ZXCABQMD0B11: Shipping service unavailable, order not placed..
13:02:07.735 [main] INFO com.iluwatar.commander.Commander - Sorry, there was a problem in creating your order. Please try later.
13:02:07.735 [main] ERROR com.iluwatar.commander.Commander - Order ZXCABQMD0B11: Shipping service unavailable, order not placed..
13:02:07.735 [main] INFO com.iluwatar.commander.Commander - Sorry, there was a problem in creating your order. Please try later.
13:02:07.735 [main] ERROR com.iluwatar.commander.Commander - Order ZXCABQMD0B11: Shipping service unavailable, order not placed..
13:02:07.735 [main] INFO com.iluwatar.commander.Commander - Sorry, there was a problem in creating your order. Please try later.
13:02:07.735 [main] ERROR com.iluwatar.commander.Commander - Order ZXCABQMD0B11: Shipping service unavailable, order not placed..
13:02:07.735 [main] DEBUG com.iluwatar.commander.Commander - Order ZKM95TBDBREL: Error in connecting to shipping service, trying again..
13:02:07.735 [main] INFO com.iluwatar.commander.Commander - Sorry, there was a problem in creating your order. Please try later.
13:02:07.735 [main] ERROR com.iluwatar.commander.Commander - Order ZKM95TBDBREL: Shipping service unavailable, order not placed..
13:02:07.735 [main] INFO com.iluwatar.commander.Commander - Order ZKM95TBDBREL: Shipping placed successfully, transaction id: HRRR161ZYOAY
13:02:07.735 [main] INFO com.iluwatar.commander.Commander - Order has been placed and will be shipped to you. Please wait while we make your payment... 
13:02:07.735 [main] ERROR com.iluwatar.commander.Commander - Order ZKM95TBDBREL: Payment time for order over, failed and returning..
13:02:07.735 [main] INFO com.iluwatar.commander.Commander - Order ZKM95TBDBREL: Shipping placed successfully, transaction id: 6YPEODLIT4H9
13:02:07.735 [main] INFO com.iluwatar.commander.Commander - Order has been placed and will be shipped to you. Please wait while we make your payment... 
13:02:07.735 [main] INFO com.iluwatar.commander.Commander - Order ZKM95TBDBREL: Shipping placed successfully, transaction id: TIP3CKN23B8P
13:02:07.735 [main] INFO com.iluwatar.commander.Commander - Order has been placed and will be shipped to you. Please wait while we make your payment... 
13:02:07.735 [main] DEBUG com.iluwatar.commander.Commander - Order 9Q8QRC9BSQSN: Error in creating shipping request..
13:02:07.735 [main] INFO com.iluwatar.commander.Commander - Shipping is currently not possible to your address. We are working on the problem and will get back to you asap.
13:02:07.735 [main] INFO com.iluwatar.commander.Commander - Order 9Q8QRC9BSQSN: Shipping not possible to address, trying to add problem to employee db..
13:02:07.735 [main] INFO com.iluwatar.commander.Commander - Order 9Q8QRC9BSQSN: Shipping placed successfully, transaction id: 18T7MSVEKWT2
13:02:07.735 [main] INFO com.iluwatar.commander.Commander - Order has been placed and will be shipped to you. Please wait while we make your payment... 
13:02:07.735 [main] ERROR com.iluwatar.commander.Commander - Order 9Q8QRC9BSQSN: Payment time for order over, failed and returning..
13:02:07.735 [main] INFO com.iluwatar.commander.Commander - Order 9Q8QRC9BSQSN: Shipping placed successfully, transaction id: A81YNWDBO3C5
13:02:07.735 [main] INFO com.iluwatar.commander.Commander - Order has been placed and will be shipped to you. Please wait while we make your payment... 
13:02:07.735 [main] INFO com.iluwatar.commander.Commander - Order 9Q8QRC9BSQSN: Shipping placed successfully, transaction id: 4CSWI2SKJDI2
13:02:07.735 [main] INFO com.iluwatar.commander.Commander - Order has been placed and will be shipped to you. Please wait while we make your payment... 
13:02:07.735 [main] INFO com.iluwatar.commander.Commander - Sorry, there was a problem in creating your order. Please try later.
13:02:07.735 [main] ERROR com.iluwatar.commander.Commander - Order GORY3C8TEEQ8: Shipping service unavailable, order not placed..
13:02:07.735 [main] INFO com.iluwatar.commander.Commander - Sorry, there was a problem in creating your order. Please try later.
13:02:07.735 [main] ERROR com.iluwatar.commander.Commander - Order GORY3C8TEEQ8: Shipping service unavailable, order not placed..
13:02:07.735 [main] INFO com.iluwatar.commander.Commander - Sorry, there was a problem in creating your order. Please try later.
13:02:07.735 [main] ERROR com.iluwatar.commander.Commander - Order GORY3C8TEEQ8: Shipping service unavailable, order not placed..
13:02:07.735 [main] INFO com.iluwatar.commander.Commander - Sorry, there was a problem in creating your order. Please try later.
13:02:07.735 [main] ERROR com.iluwatar.commander.Commander - Order GORY3C8TEEQ8: Shipping service unavailable, order not placed..
13:02:07.735 [main] INFO com.iluwatar.commander.Commander - Sorry, there was a problem in creating your order. Please try later.
13:02:07.735 [main] ERROR com.iluwatar.commander.Commander - Order I1VILTLJV9D8: Shipping service unavailable, order not placed..
13:02:07.735 [main] INFO com.iluwatar.commander.Commander - Sorry, there was a problem in creating your order. Please try later.
13:02:07.735 [main] ERROR com.iluwatar.commander.Commander - Order I1VILTLJV9D8: Shipping service unavailable, order not placed..
13:02:07.735 [main] INFO com.iluwatar.commander.Commander - Sorry, there was a problem in creating your order. Please try later.
13:02:07.735 [main] ERROR com.iluwatar.commander.Commander - Order I1VILTLJV9D8: Shipping service unavailable, order not placed..
13:02:07.735 [main] INFO com.iluwatar.commander.Commander - Sorry, there was a problem in creating your order. Please try later.
13:02:07.735 [main] ERROR com.iluwatar.commander.Commander - Order I1VILTLJV9D8: Shipping service unavailable, order not placed..
13:02:07.735 [main] DEBUG com.iluwatar.commander.Commander - Order 67I780JLETI3: Error in connecting to shipping service, trying again..
13:02:07.735 [main] INFO com.iluwatar.commander.Commander - Sorry, there was a problem in creating your order. Please try later.
13:02:07.735 [main] ERROR com.iluwatar.commander.Commander - Order 67I780JLETI3: Shipping service unavailable, order not placed..
13:02:07.735 [main] INFO com.iluwatar.commander.Commander - Order 67I780JLETI3: Shipping placed successfully, transaction id: GI6W68N1H44E
13:02:07.735 [main] INFO com.iluwatar.commander.Commander - Order has been placed and will be shipped to you. Please wait while we make your payment... 
13:02:07.735 [main] ERROR com.iluwatar.commander.Commander - Order 67I780JLETI3: Payment time for order over, failed and returning..
13:02:07.735 [main] INFO com.iluwatar.commander.Commander - Order 67I780JLETI3: Shipping placed successfully, transaction id: IDC2C9ODLQFI
13:02:07.735 [main] INFO com.iluwatar.commander.Commander - Order has been placed and will be shipped to you. Please wait while we make your payment... 
13:02:07.735 [main] INFO com.iluwatar.commander.Commander - Order 67I780JLETI3: Shipping placed successfully, transaction id: Z1YHPCFVSNVL
13:02:07.735 [main] INFO com.iluwatar.commander.Commander - Order has been placed and will be shipped to you. Please wait while we make your payment... 
13:02:07.735 [main] DEBUG com.iluwatar.commander.Commander - Order VP4FH4I11BEK: Error in creating shipping request..
13:02:07.735 [main] INFO com.iluwatar.commander.Commander - This item is currently unavailable. We will inform you as soon as the item becomes available again.
13:02:07.735 [main] INFO com.iluwatar.commander.Commander - Order VP4FH4I11BEK: Item pen unavailable, trying to add problem to employee handle..
13:02:07.735 [main] INFO com.iluwatar.commander.Commander - Order VP4FH4I11BEK: Shipping placed successfully, transaction id: T6X56CASSBAX
13:02:07.735 [main] INFO com.iluwatar.commander.Commander - Order has been placed and will be shipped to you. Please wait while we make your payment... 
13:02:07.735 [main] ERROR com.iluwatar.commander.Commander - Order VP4FH4I11BEK: Payment time for order over, failed and returning..
13:02:07.735 [main] INFO com.iluwatar.commander.Commander - Order VP4FH4I11BEK: Shipping placed successfully, transaction id: ZOWBLDCYE1UT
13:02:07.735 [main] INFO com.iluwatar.commander.Commander - Order has been placed and will be shipped to you. Please wait while we make your payment... 
13:02:07.735 [main] INFO com.iluwatar.commander.Commander - Order VP4FH4I11BEK: Shipping placed successfully, transaction id: ULQJNWAZ1JG0
13:02:07.735 [main] INFO com.iluwatar.commander.Commander - Order has been placed and will be shipped to you. Please wait while we make your payment... 
13:02:07.735 [main] INFO com.iluwatar.commander.Commander - Sorry, there was a problem in creating your order. Please try later.
13:02:07.735 [main] ERROR com.iluwatar.commander.Commander - Order D8GPG3GIUEOX: Shipping service unavailable, order not placed..
13:02:07.735 [main] INFO com.iluwatar.commander.Commander - Sorry, there was a problem in creating your order. Please try later.
13:02:07.735 [main] ERROR com.iluwatar.commander.Commander - Order D8GPG3GIUEOX: Shipping service unavailable, order not placed..
13:02:07.735 [main] INFO com.iluwatar.commander.Commander - Sorry, there was a problem in creating your order. Please try later.
13:02:07.735 [main] ERROR com.iluwatar.commander.Commander - Order D8GPG3GIUEOX: Shipping service unavailable, order not placed..
13:02:07.735 [main] INFO com.iluwatar.commander.Commander - Sorry, there was a problem in creating your order. Please try later.
13:02:07.735 [main] ERROR com.iluwatar.commander.Commander - Order D8GPG3GIUEOX: Shipping service unavailable, order not placed..
13:02:07.735 [main] INFO com.iluwatar.commander.Commander - Sorry, there was a problem in creating your order. Please try later.
13:02:07.735 [main] ERROR com.iluwatar.commander.Commander - Order MCMZY5YSUA9I: Shipping service unavailable, order not placed..
13:02:07.735 [main] INFO com.iluwatar.commander.Commander - Sorry, there was a problem in creating your order. Please try later.
13:02:07.735 [main] ERROR com.iluwatar.commander.Commander - Order MCMZY5YSUA9I: Shipping service unavailable, order not placed..
13:02:07.735 [main] INFO com.iluwatar.commander.Commander - Sorry, there was a problem in creating your order. Please try later.
13:02:07.735 [main] ERROR com.iluwatar.commander.Commander - Order MCMZY5YSUA9I: Shipping service unavailable, order not placed..
13:02:07.735 [main] INFO com.iluwatar.commander.Commander - Sorry, there was a problem in creating your order. Please try later.
13:02:07.735 [main] ERROR com.iluwatar.commander.Commander - Order MCMZY5YSUA9I: Shipping service unavailable, order not placed..
13:02:07.735 [main] DEBUG com.iluwatar.commander.Commander - Order J4H0UZZ4HY25: Error in connecting to shipping service, trying again..
13:02:07.735 [main] INFO com.iluwatar.commander.Commander - Sorry, there was a problem in creating your order. Please try later.
13:02:07.735 [main] ERROR com.iluwatar.commander.Commander - Order J4H0UZZ4HY25: Shipping service unavailable, order not placed..
13:02:07.735 [main] INFO com.iluwatar.commander.Commander - Order J4H0UZZ4HY25: Shipping placed successfully, transaction id: LXVDDZ4YDASE
13:02:07.735 [main] INFO com.iluwatar.commander.Commander - Order has been placed and will be shipped to you. Please wait while we make your payment... 
13:02:07.735 [main] ERROR com.iluwatar.commander.Commander - Order J4H0UZZ4HY25: Payment time for order over, failed and returning..
13:02:07.735 [main] INFO com.iluwatar.commander.Commander - Order J4H0UZZ4HY25: Shipping placed successfully, transaction id: R2X9LN8BTWQL
13:02:07.735 [main] INFO com.iluwatar.commander.Commander - Order has been placed and will be shipped to you. Please wait while we make your payment... 
13:02:07.735 [main] INFO com.iluwatar.commander.Commander - Order J4H0UZZ4HY25: Shipping placed successfully, transaction id: QRP2FAWL4UM7
13:02:07.735 [main] INFO com.iluwatar.commander.Commander - Order has been placed and will be shipped to you. Please wait while we make your payment... 
13:02:07.735 [main] DEBUG com.iluwatar.commander.Commander - Order CT3H00EHOCCX: Error in creating shipping request..
13:02:07.735 [main] INFO com.iluwatar.commander.Commander - Sorry, there was a problem in creating your order. Please try later.
13:02:07.735 [main] ERROR com.iluwatar.commander.Commander - Order CT3H00EHOCCX: Shipping service unavailable, order not placed..
13:02:07.735 [main] INFO com.iluwatar.commander.Commander - Order CT3H00EHOCCX: Shipping placed successfully, transaction id: R8QO0IHLEYET
13:02:07.735 [main] INFO com.iluwatar.commander.Commander - Order has been placed and will be shipped to you. Please wait while we make your payment... 
13:02:07.735 [main] ERROR com.iluwatar.commander.Commander - Order CT3H00EHOCCX: Payment time for order over, failed and returning..
13:02:07.735 [main] INFO com.iluwatar.commander.Commander - Order CT3H00EHOCCX: Shipping placed successfully, transaction id: H7T2XMGYT380
13:02:07.735 [main] INFO com.iluwatar.commander.Commander - Order has been placed and will be shipped to you. Please wait while we make your payment... 
13:02:07.735 [main] INFO com.iluwatar.commander.Commander - Order CT3H00EHOCCX: Shipping placed successfully, transaction id: R2HZNDGV4L4E
13:02:07.735 [main] INFO com.iluwatar.commander.Commander - Order has been placed and will be shipped to you. Please wait while we make your payment... 
13:02:07.735 [main] INFO com.iluwatar.commander.Commander - Sorry, there was a problem in creating your order. Please try later.
13:02:07.735 [main] ERROR com.iluwatar.commander.Commander - Order DE8JXGE7X6PS: Shipping service unavailable, order not placed..
13:02:07.736 [main] INFO com.iluwatar.commander.Commander - Sorry, there was a problem in creating your order. Please try later.
13:02:07.736 [main] ERROR com.iluwatar.commander.Commander - Order DE8JXGE7X6PS: Shipping service unavailable, order not placed..
13:02:07.736 [main] INFO com.iluwatar.commander.Commander - Sorry, there was a problem in creating your order. Please try later.
13:02:07.736 [main] ERROR com.iluwatar.commander.Commander - Order DE8JXGE7X6PS: Shipping service unavailable, order not placed..
13:02:07.736 [main] INFO com.iluwatar.commander.Commander - Sorry, there was a problem in creating your order. Please try later.
13:02:07.736 [main] ERROR com.iluwatar.commander.Commander - Order DE8JXGE7X6PS: Shipping service unavailable, order not placed..
13:02:07.736 [main] INFO com.iluwatar.commander.Commander - Sorry, there was a problem in creating your order. Please try later.
13:02:07.736 [main] ERROR com.iluwatar.commander.Commander - Order P3VE3VAPUSUF: Shipping service unavailable, order not placed..
13:02:07.736 [main] INFO com.iluwatar.commander.Commander - Sorry, there was a problem in creating your order. Please try later.
13:02:07.736 [main] ERROR com.iluwatar.commander.Commander - Order P3VE3VAPUSUF: Shipping service unavailable, order not placed..
13:02:07.736 [main] INFO com.iluwatar.commander.Commander - Sorry, there was a problem in creating your order. Please try later.
13:02:07.736 [main] ERROR com.iluwatar.commander.Commander - Order P3VE3VAPUSUF: Shipping service unavailable, order not placed..
13:02:07.736 [main] INFO com.iluwatar.commander.Commander - Sorry, there was a problem in creating your order. Please try later.
13:02:07.736 [main] ERROR com.iluwatar.commander.Commander - Order P3VE3VAPUSUF: Shipping service unavailable, order not placed..
13:02:07.736 [main] DEBUG com.iluwatar.commander.Commander - Order 1HTI36IQ5PRO: Error in connecting to shipping service, trying again..
13:02:07.736 [main] INFO com.iluwatar.commander.Commander - Sorry, there was a problem in creating your order. Please try later.
13:02:07.736 [main] ERROR com.iluwatar.commander.Commander - Order 1HTI36IQ5PRO: Shipping service unavailable, order not placed..
13:02:07.736 [main] INFO com.iluwatar.commander.Commander - Order 1HTI36IQ5PRO: Shipping placed successfully, transaction id: 5CJILHOXJBLV
13:02:07.736 [main] INFO com.iluwatar.commander.Commander - Order has been placed and will be shipped to you. Please wait while we make your payment... 
13:02:07.736 [main] ERROR com.iluwatar.commander.Commander - Order 1HTI36IQ5PRO: Payment time for order over, failed and returning..
13:02:07.736 [main] INFO com.iluwatar.commander.Commander - Order 1HTI36IQ5PRO: Shipping placed successfully, transaction id: TZWXJI3A20WP
13:02:07.736 [main] INFO com.iluwatar.commander.Commander - Order has been placed and will be shipped to you. Please wait while we make your payment... 
13:02:07.736 [main] INFO com.iluwatar.commander.Commander - Order 1HTI36IQ5PRO: Shipping placed successfully, transaction id: NLK9O71Q3XZ3
13:02:07.736 [main] INFO com.iluwatar.commander.Commander - Order has been placed and will be shipped to you. Please wait while we make your payment... 
13:02:07.736 [main] DEBUG com.iluwatar.commander.Commander - Order V5M3Z7WXAP9F: Error in creating shipping request..
13:02:07.736 [main] INFO com.iluwatar.commander.Commander - Sorry, there was a problem in creating your order. Please try later.
13:02:07.736 [main] ERROR com.iluwatar.commander.Commander - Order V5M3Z7WXAP9F: Shipping service unavailable, order not placed..
13:02:07.736 [main] INFO com.iluwatar.commander.Commander - Order V5M3Z7WXAP9F: Shipping placed successfully, transaction id: ZRANRCC06TH8
13:02:07.736 [main] INFO com.iluwatar.commander.Commander - Order has been placed and will be shipped to you. Please wait while we make your payment... 
13:02:07.736 [main] ERROR com.iluwatar.commander.Commander - Order V5M3Z7WXAP9F: Payment time for order over, failed and returning..
13:02:07.736 [main] INFO com.iluwatar.commander.Commander - Order V5M3Z7WXAP9F: Shipping placed successfully, transaction id: OMYDLAWZR0SE
13:02:07.736 [main] INFO com.iluwatar.commander.Commander - Order has been placed and will be shipped to you. Please wait while we make your payment... 
13:02:07.736 [main] INFO com.iluwatar.commander.Commander - Order V5M3Z7WXAP9F: Shipping placed successfully, transaction id: DWPC9B66CRIR
13:02:07.736 [main] INFO com.iluwatar.commander.Commander - Order has been placed and will be shipped to you. Please wait while we make your payment... 
13:02:07.736 [main] INFO com.iluwatar.commander.Commander - Sorry, there was a problem in creating your order. Please try later.
13:02:07.736 [main] ERROR com.iluwatar.commander.Commander - Order 9QMFEJF5VRJH: Shipping service unavailable, order not placed..
13:02:07.736 [main] INFO com.iluwatar.commander.Commander - Sorry, there was a problem in creating your order. Please try later.
13:02:07.736 [main] ERROR com.iluwatar.commander.Commander - Order 9QMFEJF5VRJH: Shipping service unavailable, order not placed..
13:02:07.736 [main] INFO com.iluwatar.commander.Commander - Sorry, there was a problem in creating your order. Please try later.
13:02:07.736 [main] ERROR com.iluwatar.commander.Commander - Order 9QMFEJF5VRJH: Shipping service unavailable, order not placed..
13:02:07.736 [main] INFO com.iluwatar.commander.Commander - Sorry, there was a problem in creating your order. Please try later.
13:02:07.736 [main] ERROR com.iluwatar.commander.Commander - Order 9QMFEJF5VRJH: Shipping service unavailable, order not placed..
13:02:07.736 [main] INFO com.iluwatar.commander.Commander - Sorry, there was a problem in creating your order. Please try later.
13:02:07.736 [main] ERROR com.iluwatar.commander.Commander - Order FA7D79V7G8R3: Shipping service unavailable, order not placed..
13:02:07.736 [main] INFO com.iluwatar.commander.Commander - Sorry, there was a problem in creating your order. Please try later.
13:02:07.736 [main] ERROR com.iluwatar.commander.Commander - Order FA7D79V7G8R3: Shipping service unavailable, order not placed..
13:02:07.736 [main] INFO com.iluwatar.commander.Commander - Sorry, there was a problem in creating your order. Please try later.
13:02:07.736 [main] ERROR com.iluwatar.commander.Commander - Order FA7D79V7G8R3: Shipping service unavailable, order not placed..
13:02:07.736 [main] INFO com.iluwatar.commander.Commander - Sorry, there was a problem in creating your order. Please try later.
13:02:07.736 [main] ERROR com.iluwatar.commander.Commander - Order FA7D79V7G8R3: Shipping service unavailable, order not placed..
13:02:07.736 [main] DEBUG com.iluwatar.commander.Commander - Order J8IUA071C8AG: Error in connecting to shipping service, trying again..
13:02:07.736 [main] INFO com.iluwatar.commander.Commander - Sorry, there was a problem in creating your order. Please try later.
13:02:07.736 [main] ERROR com.iluwatar.commander.Commander - Order J8IUA071C8AG: Shipping service unavailable, order not placed..
13:02:07.736 [main] INFO com.iluwatar.commander.Commander - Order J8IUA071C8AG: Shipping placed successfully, transaction id: ZFK3B15JWD6I
13:02:07.736 [main] INFO com.iluwatar.commander.Commander - Order has been placed and will be shipped to you. Please wait while we make your payment... 
13:02:07.736 [main] ERROR com.iluwatar.commander.Commander - Order J8IUA071C8AG: Payment time for order over, failed and returning..
13:02:07.736 [main] INFO com.iluwatar.commander.Commander - Order J8IUA071C8AG: Shipping placed successfully, transaction id: XQK0QJWONERQ
13:02:07.736 [main] INFO com.iluwatar.commander.Commander - Order has been placed and will be shipped to you. Please wait while we make your payment... 
13:02:07.736 [main] INFO com.iluwatar.commander.Commander - Order J8IUA071C8AG: Shipping placed successfully, transaction id: Y4KXV0TZ2K4P
13:02:07.736 [main] INFO com.iluwatar.commander.Commander - Order has been placed and will be shipped to you. Please wait while we make your payment... 
13:02:07.736 [main] DEBUG com.iluwatar.commander.Commander - Order YW6NS438BDCV: Error in connecting to shipping service, trying again..
13:02:07.736 [main] INFO com.iluwatar.commander.Commander - Sorry, there was a problem in creating your order. Please try later.
13:02:07.736 [main] ERROR com.iluwatar.commander.Commander - Order YW6NS438BDCV: Shipping service unavailable, order not placed..
13:02:07.736 [main] INFO com.iluwatar.commander.Commander - Order YW6NS438BDCV: Shipping placed successfully, transaction id: FIMBRACAHGA6
13:02:07.736 [main] INFO com.iluwatar.commander.Commander - Order has been placed and will be shipped to you. Please wait while we make your payment... 
13:02:07.736 [main] ERROR com.iluwatar.commander.Commander - Order YW6NS438BDCV: Payment time for order over, failed and returning..
13:02:07.736 [main] INFO com.iluwatar.commander.Commander - Order YW6NS438BDCV: Shipping placed successfully, transaction id: A77SXI1XPI62
13:02:07.736 [main] INFO com.iluwatar.commander.Commander - Order has been placed and will be shipped to you. Please wait while we make your payment... 
13:02:07.736 [main] INFO com.iluwatar.commander.Commander - Order YW6NS438BDCV: Shipping placed successfully, transaction id: ZVRBR0U8HYNM
13:02:07.736 [main] INFO com.iluwatar.commander.Commander - Order has been placed and will be shipped to you. Please wait while we make your payment... 
13:02:07.736 [main] INFO com.iluwatar.commander.Commander - Sorry, there was a problem in creating your order. Please try later.
13:02:07.736 [main] ERROR com.iluwatar.commander.Commander - Order A9OIGZ0ZEG4C: Shipping service unavailable, order not placed..
13:02:07.736 [main] INFO com.iluwatar.commander.Commander - Sorry, there was a problem in creating your order. Please try later.
13:02:07.736 [main] ERROR com.iluwatar.commander.Commander - Order A9OIGZ0ZEG4C: Shipping service unavailable, order not placed..
13:02:07.736 [main] INFO com.iluwatar.commander.Commander - Sorry, there was a problem in creating your order. Please try later.
13:02:07.736 [main] ERROR com.iluwatar.commander.Commander - Order A9OIGZ0ZEG4C: Shipping service unavailable, order not placed..
13:02:07.736 [main] INFO com.iluwatar.commander.Commander - Sorry, there was a problem in creating your order. Please try later.
13:02:07.736 [main] ERROR com.iluwatar.commander.Commander - Order A9OIGZ0ZEG4C: Shipping service unavailable, order not placed..
13:02:07.736 [main] INFO com.iluwatar.commander.Commander - Sorry, there was a problem in creating your order. Please try later.
13:02:07.736 [main] ERROR com.iluwatar.commander.Commander - Order PIHEHO88FTIO: Shipping service unavailable, order not placed..
13:02:07.736 [main] INFO com.iluwatar.commander.Commander - Sorry, there was a problem in creating your order. Please try later.
13:02:07.736 [main] ERROR com.iluwatar.commander.Commander - Order PIHEHO88FTIO: Shipping service unavailable, order not placed..
13:02:07.736 [main] INFO com.iluwatar.commander.Commander - Sorry, there was a problem in creating your order. Please try later.
13:02:07.736 [main] ERROR com.iluwatar.commander.Commander - Order PIHEHO88FTIO: Shipping service unavailable, order not placed..
13:02:07.736 [main] INFO com.iluwatar.commander.Commander - Sorry, there was a problem in creating your order. Please try later.
13:02:07.736 [main] ERROR com.iluwatar.commander.Commander - Order PIHEHO88FTIO: Shipping service unavailable, order not placed..
13:02:07.736 [main] DEBUG com.iluwatar.commander.Commander - Order 1Q4DFDZBFYK9: Error in connecting to shipping service, trying again..
13:02:07.736 [main] INFO com.iluwatar.commander.Commander - Sorry, there was a problem in creating your order. Please try later.
13:02:07.736 [main] ERROR com.iluwatar.commander.Commander - Order 1Q4DFDZBFYK9: Shipping service unavailable, order not placed..
13:02:07.736 [main] INFO com.iluwatar.commander.Commander - Order 1Q4DFDZBFYK9: Shipping placed successfully, transaction id: USEUIDKU0BIZ
13:02:07.736 [main] INFO com.iluwatar.commander.Commander - Order has been placed and will be shipped to you. Please wait while we make your payment... 
13:02:07.736 [main] ERROR com.iluwatar.commander.Commander - Order 1Q4DFDZBFYK9: Payment time for order over, failed and returning..
13:02:07.736 [main] INFO com.iluwatar.commander.Commander - Order 1Q4DFDZBFYK9: Shipping placed successfully, transaction id: NHNNCCBKLB4Q
13:02:07.736 [main] INFO com.iluwatar.commander.Commander - Order has been placed and will be shipped to you. Please wait while we make your payment... 
13:02:07.736 [main] INFO com.iluwatar.commander.Commander - Order 1Q4DFDZBFYK9: Shipping placed successfully, transaction id: U5A8OM08TUQ8
13:02:07.736 [main] INFO com.iluwatar.commander.Commander - Order has been placed and will be shipped to you. Please wait while we make your payment... 
13:02:07.736 [main] DEBUG com.iluwatar.commander.Commander - Order LBAIEWUCRKXJ: Error in creating shipping request..
13:02:07.736 [main] INFO com.iluwatar.commander.Commander - Shipping is currently not possible to your address. We are working on the problem and will get back to you asap.
13:02:07.736 [main] INFO com.iluwatar.commander.Commander - Order LBAIEWUCRKXJ: Shipping not possible to address, trying to add problem to employee db..
13:02:07.737 [main] INFO com.iluwatar.commander.Commander - Order LBAIEWUCRKXJ: Shipping placed successfully, transaction id: YV9ZCB0HAMW8
13:02:07.737 [main] INFO com.iluwatar.commander.Commander - Order has been placed and will be shipped to you. Please wait while we make your payment... 
13:02:07.737 [main] ERROR com.iluwatar.commander.Commander - Order LBAIEWUCRKXJ: Payment time for order over, failed and returning..
13:02:07.737 [main] INFO com.iluwatar.commander.Commander - Order LBAIEWUCRKXJ: Shipping placed successfully, transaction id: YSNK4MHL70JT
13:02:07.737 [main] INFO com.iluwatar.commander.Commander - Order has been placed and will be shipped to you. Please wait while we make your payment... 
13:02:07.737 [main] INFO com.iluwatar.commander.Commander - Order LBAIEWUCRKXJ: Shipping placed successfully, transaction id: P1KV6QSMAS81
13:02:07.737 [main] INFO com.iluwatar.commander.Commander - Order has been placed and will be shipped to you. Please wait while we make your payment... 
13:02:07.737 [main] INFO com.iluwatar.commander.Commander - Sorry, there was a problem in creating your order. Please try later.
13:02:07.737 [main] ERROR com.iluwatar.commander.Commander - Order M05WZOIBE4KO: Shipping service unavailable, order not placed..
13:02:07.737 [main] INFO com.iluwatar.commander.Commander - Sorry, there was a problem in creating your order. Please try later.
13:02:07.737 [main] ERROR com.iluwatar.commander.Commander - Order M05WZOIBE4KO: Shipping service unavailable, order not placed..
13:02:07.737 [main] INFO com.iluwatar.commander.Commander - Sorry, there was a problem in creating your order. Please try later.
13:02:07.737 [main] ERROR com.iluwatar.commander.Commander - Order M05WZOIBE4KO: Shipping service unavailable, order not placed..
13:02:07.737 [main] INFO com.iluwatar.commander.Commander - Sorry, there was a problem in creating your order. Please try later.
13:02:07.737 [main] ERROR com.iluwatar.commander.Commander - Order M05WZOIBE4KO: Shipping service unavailable, order not placed..
13:02:07.737 [main] INFO com.iluwatar.commander.Commander - Sorry, there was a problem in creating your order. Please try later.
13:02:07.737 [main] ERROR com.iluwatar.commander.Commander - Order U9ECWGD4ZBX0: Shipping service unavailable, order not placed..
13:02:07.737 [main] INFO com.iluwatar.commander.Commander - Sorry, there was a problem in creating your order. Please try later.
13:02:07.737 [main] ERROR com.iluwatar.commander.Commander - Order U9ECWGD4ZBX0: Shipping service unavailable, order not placed..
13:02:07.737 [main] INFO com.iluwatar.commander.Commander - Sorry, there was a problem in creating your order. Please try later.
13:02:07.737 [main] ERROR com.iluwatar.commander.Commander - Order U9ECWGD4ZBX0: Shipping service unavailable, order not placed..
13:02:07.737 [main] INFO com.iluwatar.commander.Commander - Sorry, there was a problem in creating your order. Please try later.
13:02:07.737 [main] ERROR com.iluwatar.commander.Commander - Order U9ECWGD4ZBX0: Shipping service unavailable, order not placed..
13:02:07.737 [main] DEBUG com.iluwatar.commander.Commander - Order TQPOBZRMKLEF: Error in connecting to shipping service, trying again..
13:02:07.737 [main] INFO com.iluwatar.commander.Commander - Sorry, there was a problem in creating your order. Please try later.
13:02:07.737 [main] ERROR com.iluwatar.commander.Commander - Order TQPOBZRMKLEF: Shipping service unavailable, order not placed..
13:02:07.737 [main] INFO com.iluwatar.commander.Commander - Order TQPOBZRMKLEF: Shipping placed successfully, transaction id: MK2XUPUMQ8VW
13:02:07.737 [main] INFO com.iluwatar.commander.Commander - Order has been placed and will be shipped to you. Please wait while we make your payment... 
13:02:07.737 [main] ERROR com.iluwatar.commander.Commander - Order TQPOBZRMKLEF: Payment time for order over, failed and returning..
13:02:07.737 [main] INFO com.iluwatar.commander.Commander - Order TQPOBZRMKLEF: Shipping placed successfully, transaction id: G9T5RDHCFTZI
13:02:07.737 [main] INFO com.iluwatar.commander.Commander - Order has been placed and will be shipped to you. Please wait while we make your payment... 
13:02:07.737 [main] INFO com.iluwatar.commander.Commander - Order TQPOBZRMKLEF: Shipping placed successfully, transaction id: HDMLAPXKAB9V
13:02:07.737 [main] INFO com.iluwatar.commander.Commander - Order has been placed and will be shipped to you. Please wait while we make your payment... 
13:02:07.737 [main] DEBUG com.iluwatar.commander.Commander - Order DM5LJZNG6UI8: Error in creating shipping request..
13:02:07.737 [main] INFO com.iluwatar.commander.Commander - This item is currently unavailable. We will inform you as soon as the item becomes available again.
13:02:07.737 [main] INFO com.iluwatar.commander.Commander - Order DM5LJZNG6UI8: Item pen unavailable, trying to add problem to employee handle..
13:02:07.737 [main] INFO com.iluwatar.commander.Commander - Order DM5LJZNG6UI8: Shipping placed successfully, transaction id: 71M8G310WPF9
13:02:07.737 [main] INFO com.iluwatar.commander.Commander - Order has been placed and will be shipped to you. Please wait while we make your payment... 
13:02:07.737 [main] ERROR com.iluwatar.commander.Commander - Order DM5LJZNG6UI8: Payment time for order over, failed and returning..
13:02:07.737 [main] INFO com.iluwatar.commander.Commander - Order DM5LJZNG6UI8: Shipping placed successfully, transaction id: ZEJA0Q1FHQ2I
13:02:07.737 [main] INFO com.iluwatar.commander.Commander - Order has been placed and will be shipped to you. Please wait while we make your payment... 
13:02:07.737 [main] INFO com.iluwatar.commander.Commander - Order DM5LJZNG6UI8: Shipping placed successfully, transaction id: 9NGMU32GH1KB
13:02:07.737 [main] INFO com.iluwatar.commander.Commander - Order has been placed and will be shipped to you. Please wait while we make your payment... 
13:02:07.737 [main] INFO com.iluwatar.commander.Commander - Sorry, there was a problem in creating your order. Please try later.
13:02:07.737 [main] ERROR com.iluwatar.commander.Commander - Order 7OSPG55R8LMK: Shipping service unavailable, order not placed..
13:02:07.737 [main] INFO com.iluwatar.commander.Commander - Sorry, there was a problem in creating your order. Please try later.
13:02:07.737 [main] ERROR com.iluwatar.commander.Commander - Order 7OSPG55R8LMK: Shipping service unavailable, order not placed..
13:02:07.737 [main] INFO com.iluwatar.commander.Commander - Sorry, there was a problem in creating your order. Please try later.
13:02:07.737 [main] ERROR com.iluwatar.commander.Commander - Order 7OSPG55R8LMK: Shipping service unavailable, order not placed..
13:02:07.737 [main] INFO com.iluwatar.commander.Commander - Sorry, there was a problem in creating your order. Please try later.
13:02:07.737 [main] ERROR com.iluwatar.commander.Commander - Order 7OSPG55R8LMK: Shipping service unavailable, order not placed..
13:02:07.737 [main] INFO com.iluwatar.commander.Commander - Sorry, there was a problem in creating your order. Please try later.
13:02:07.737 [main] ERROR com.iluwatar.commander.Commander - Order DFINTQ0LVSMP: Shipping service unavailable, order not placed..
13:02:07.737 [main] INFO com.iluwatar.commander.Commander - Sorry, there was a problem in creating your order. Please try later.
13:02:07.737 [main] ERROR com.iluwatar.commander.Commander - Order DFINTQ0LVSMP: Shipping service unavailable, order not placed..
13:02:07.737 [main] INFO com.iluwatar.commander.Commander - Sorry, there was a problem in creating your order. Please try later.
13:02:07.737 [main] ERROR com.iluwatar.commander.Commander - Order DFINTQ0LVSMP: Shipping service unavailable, order not placed..
13:02:07.737 [main] INFO com.iluwatar.commander.Commander - Sorry, there was a problem in creating your order. Please try later.
13:02:07.737 [main] ERROR com.iluwatar.commander.Commander - Order DFINTQ0LVSMP: Shipping service unavailable, order not placed..
13:02:07.737 [main] DEBUG com.iluwatar.commander.Commander - Order 60NF1EQHQQMI: Error in connecting to shipping service, trying again..
13:02:07.737 [main] INFO com.iluwatar.commander.Commander - Sorry, there was a problem in creating your order. Please try later.
13:02:07.737 [main] ERROR com.iluwatar.commander.Commander - Order 60NF1EQHQQMI: Shipping service unavailable, order not placed..
13:02:07.737 [main] INFO com.iluwatar.commander.Commander - Order 60NF1EQHQQMI: Shipping placed successfully, transaction id: ABG1KBYS435T
13:02:07.737 [main] INFO com.iluwatar.commander.Commander - Order has been placed and will be shipped to you. Please wait while we make your payment... 
13:02:07.737 [main] ERROR com.iluwatar.commander.Commander - Order 60NF1EQHQQMI: Payment time for order over, failed and returning..
13:02:07.737 [main] INFO com.iluwatar.commander.Commander - Order 60NF1EQHQQMI: Shipping placed successfully, transaction id: 4L8FMULQT7BX
13:02:07.737 [main] INFO com.iluwatar.commander.Commander - Order has been placed and will be shipped to you. Please wait while we make your payment... 
13:02:07.737 [main] INFO com.iluwatar.commander.Commander - Order 60NF1EQHQQMI: Shipping placed successfully, transaction id: 6E57MCXVK6EP
13:02:07.737 [main] INFO com.iluwatar.commander.Commander - Order has been placed and will be shipped to you. Please wait while we make your payment... 
13:02:07.737 [main] DEBUG com.iluwatar.commander.Commander - Order KPC7CF3S2WQI: Error in creating shipping request..
13:02:07.737 [main] INFO com.iluwatar.commander.Commander - Sorry, there was a problem in creating your order. Please try later.
13:02:07.737 [main] ERROR com.iluwatar.commander.Commander - Order KPC7CF3S2WQI: Shipping service unavailable, order not placed..
13:02:07.737 [main] INFO com.iluwatar.commander.Commander - Order KPC7CF3S2WQI: Shipping placed successfully, transaction id: U67EAZON80FI
13:02:07.737 [main] INFO com.iluwatar.commander.Commander - Order has been placed and will be shipped to you. Please wait while we make your payment... 
13:02:07.737 [main] ERROR com.iluwatar.commander.Commander - Order KPC7CF3S2WQI: Payment time for order over, failed and returning..
13:02:07.737 [main] INFO com.iluwatar.commander.Commander - Order KPC7CF3S2WQI: Shipping placed successfully, transaction id: BGW9RSS17371
13:02:07.737 [main] INFO com.iluwatar.commander.Commander - Order has been placed and will be shipped to you. Please wait while we make your payment... 
13:02:07.737 [main] INFO com.iluwatar.commander.Commander - Order KPC7CF3S2WQI: Shipping placed successfully, transaction id: 5AP769QA2271
13:02:07.737 [main] INFO com.iluwatar.commander.Commander - Order has been placed and will be shipped to you. Please wait while we make your payment... 
13:02:07.737 [main] INFO com.iluwatar.commander.Commander - Sorry, there was a problem in creating your order. Please try later.
13:02:07.737 [main] ERROR com.iluwatar.commander.Commander - Order AUKLNMP1CL1K: Shipping service unavailable, order not placed..
13:02:07.737 [main] INFO com.iluwatar.commander.Commander - Sorry, there was a problem in creating your order. Please try later.
13:02:07.737 [main] ERROR com.iluwatar.commander.Commander - Order AUKLNMP1CL1K: Shipping service unavailable, order not placed..
13:02:07.737 [main] INFO com.iluwatar.commander.Commander - Sorry, there was a problem in creating your order. Please try later.
13:02:07.737 [main] ERROR com.iluwatar.commander.Commander - Order AUKLNMP1CL1K: Shipping service unavailable, order not placed..
13:02:07.737 [main] INFO com.iluwatar.commander.Commander - Sorry, there was a problem in creating your order. Please try later.
13:02:07.737 [main] ERROR com.iluwatar.commander.Commander - Order AUKLNMP1CL1K: Shipping service unavailable, order not placed..
13:02:07.737 [main] INFO com.iluwatar.commander.Commander - Sorry, there was a problem in creating your order. Please try later.
13:02:07.737 [main] ERROR com.iluwatar.commander.Commander - Order OUJ7PFJKSTXX: Shipping service unavailable, order not placed..
13:02:07.737 [main] INFO com.iluwatar.commander.Commander - Sorry, there was a problem in creating your order. Please try later.
13:02:07.737 [main] ERROR com.iluwatar.commander.Commander - Order OUJ7PFJKSTXX: Shipping service unavailable, order not placed..
13:02:07.737 [main] INFO com.iluwatar.commander.Commander - Sorry, there was a problem in creating your order. Please try later.
13:02:07.737 [main] ERROR com.iluwatar.commander.Commander - Order OUJ7PFJKSTXX: Shipping service unavailable, order not placed..
13:02:07.737 [main] INFO com.iluwatar.commander.Commander - Sorry, there was a problem in creating your order. Please try later.
13:02:07.737 [main] ERROR com.iluwatar.commander.Commander - Order OUJ7PFJKSTXX: Shipping service unavailable, order not placed..
13:02:07.737 [main] DEBUG com.iluwatar.commander.Commander - Order 4TDZSFD4XPML: Error in connecting to shipping service, trying again..
13:02:07.737 [main] INFO com.iluwatar.commander.Commander - Sorry, there was a problem in creating your order. Please try later.
13:02:07.737 [main] ERROR com.iluwatar.commander.Commander - Order 4TDZSFD4XPML: Shipping service unavailable, order not placed..
13:02:07.737 [main] INFO com.iluwatar.commander.Commander - Order 4TDZSFD4XPML: Shipping placed successfully, transaction id: LNT1JHUCX5HZ
13:02:07.737 [main] INFO com.iluwatar.commander.Commander - Order has been placed and will be shipped to you. Please wait while we make your payment... 
13:02:07.737 [main] ERROR com.iluwatar.commander.Commander - Order 4TDZSFD4XPML: Payment time for order over, failed and returning..
13:02:07.737 [main] INFO com.iluwatar.commander.Commander - Order 4TDZSFD4XPML: Shipping placed successfully, transaction id: 5X9YNMSPPD2W
13:02:07.737 [main] INFO com.iluwatar.commander.Commander - Order has been placed and will be shipped to you. Please wait while we make your payment... 
13:02:07.737 [main] INFO com.iluwatar.commander.Commander - Order 4TDZSFD4XPML: Shipping placed successfully, transaction id: M9N4H20TJ5CY
13:02:07.737 [main] INFO com.iluwatar.commander.Commander - Order has been placed and will be shipped to you. Please wait while we make your payment... 
13:02:07.737 [main] DEBUG com.iluwatar.commander.Commander - Order 2NH5X0MOVZJF: Error in creating shipping request..
13:02:07.737 [main] INFO com.iluwatar.commander.Commander - Sorry, there was a problem in creating your order. Please try later.
13:02:07.737 [main] ERROR com.iluwatar.commander.Commander - Order 2NH5X0MOVZJF: Shipping service unavailable, order not placed..
13:02:07.737 [main] INFO com.iluwatar.commander.Commander - Order 2NH5X0MOVZJF: Shipping placed successfully, transaction id: 546B9GFYNTVP
13:02:07.737 [main] INFO com.iluwatar.commander.Commander - Order has been placed and will be shipped to you. Please wait while we make your payment... 
13:02:07.737 [main] ERROR com.iluwatar.commander.Commander - Order 2NH5X0MOVZJF: Payment time for order over, failed and returning..
13:02:07.737 [main] INFO com.iluwatar.commander.Commander - Order 2NH5X0MOVZJF: Shipping placed successfully, transaction id: FLP4U9VVMTAZ
13:02:07.737 [main] INFO com.iluwatar.commander.Commander - Order has been placed and will be shipped to you. Please wait while we make your payment... 
13:02:07.737 [main] INFO com.iluwatar.commander.Commander - Order 2NH5X0MOVZJF: Shipping placed successfully, transaction id: 5J9K5068098G
13:02:07.737 [main] INFO com.iluwatar.commander.Commander - Order has been placed and will be shipped to you. Please wait while we make your payment... 
13:02:07.737 [main] INFO com.iluwatar.commander.Commander - Sorry, there was a problem in creating your order. Please try later.
13:02:07.737 [main] ERROR com.iluwatar.commander.Commander - Order 2415LW4JJ24E: Shipping service unavailable, order not placed..
13:02:07.737 [main] INFO com.iluwatar.commander.Commander - Sorry, there was a problem in creating your order. Please try later.
13:02:07.737 [main] ERROR com.iluwatar.commander.Commander - Order 2415LW4JJ24E: Shipping service unavailable, order not placed..
13:02:07.737 [main] INFO com.iluwatar.commander.Commander - Sorry, there was a problem in creating your order. Please try later.
13:02:07.737 [main] ERROR com.iluwatar.commander.Commander - Order 2415LW4JJ24E: Shipping service unavailable, order not placed..
13:02:07.737 [main] INFO com.iluwatar.commander.Commander - Sorry, there was a problem in creating your order. Please try later.
13:02:07.737 [main] ERROR com.iluwatar.commander.Commander - Order 2415LW4JJ24E: Shipping service unavailable, order not placed..
13:02:07.737 [main] INFO com.iluwatar.commander.Commander - Sorry, there was a problem in creating your order. Please try later.
13:02:07.737 [main] ERROR com.iluwatar.commander.Commander - Order 8629H1GCCVXU: Shipping service unavailable, order not placed..
13:02:07.737 [main] INFO com.iluwatar.commander.Commander - Sorry, there was a problem in creating your order. Please try later.
13:02:07.737 [main] ERROR com.iluwatar.commander.Commander - Order 8629H1GCCVXU: Shipping service unavailable, order not placed..
13:02:07.737 [main] INFO com.iluwatar.commander.Commander - Sorry, there was a problem in creating your order. Please try later.
13:02:07.737 [main] ERROR com.iluwatar.commander.Commander - Order 8629H1GCCVXU: Shipping service unavailable, order not placed..
13:02:07.738 [main] INFO com.iluwatar.commander.Commander - Sorry, there was a problem in creating your order. Please try later.
13:02:07.738 [main] ERROR com.iluwatar.commander.Commander - Order 8629H1GCCVXU: Shipping service unavailable, order not placed..
13:02:07.738 [main] DEBUG com.iluwatar.commander.Commander - Order 39HN3K4C3C6K: Error in connecting to shipping service, trying again..
13:02:07.738 [main] INFO com.iluwatar.commander.Commander - Sorry, there was a problem in creating your order. Please try later.
13:02:07.738 [main] ERROR com.iluwatar.commander.Commander - Order 39HN3K4C3C6K: Shipping service unavailable, order not placed..
13:02:07.738 [main] INFO com.iluwatar.commander.Commander - Order 39HN3K4C3C6K: Shipping placed successfully, transaction id: NPOLCAZOK8NA
13:02:07.738 [main] INFO com.iluwatar.commander.Commander - Order has been placed and will be shipped to you. Please wait while we make your payment... 
13:02:07.738 [main] ERROR com.iluwatar.commander.Commander - Order 39HN3K4C3C6K: Payment time for order over, failed and returning..
13:02:07.738 [main] INFO com.iluwatar.commander.Commander - Order 39HN3K4C3C6K: Shipping placed successfully, transaction id: KIHQW8BQZUEM
13:02:07.738 [main] INFO com.iluwatar.commander.Commander - Order has been placed and will be shipped to you. Please wait while we make your payment... 
13:02:07.738 [main] INFO com.iluwatar.commander.Commander - Order 39HN3K4C3C6K: Shipping placed successfully, transaction id: VQPGFQ51LXLS
13:02:07.738 [main] INFO com.iluwatar.commander.Commander - Order has been placed and will be shipped to you. Please wait while we make your payment... 
13:02:07.738 [main] DEBUG com.iluwatar.commander.Commander - Order GL9CG480TL2M: Error in connecting to shipping service, trying again..
13:02:07.738 [main] INFO com.iluwatar.commander.Commander - Sorry, there was a problem in creating your order. Please try later.
13:02:07.738 [main] ERROR com.iluwatar.commander.Commander - Order GL9CG480TL2M: Shipping service unavailable, order not placed..
13:02:07.738 [main] INFO com.iluwatar.commander.Commander - Order GL9CG480TL2M: Shipping placed successfully, transaction id: 7GSRUHHA0VZ4
13:02:07.738 [main] INFO com.iluwatar.commander.Commander - Order has been placed and will be shipped to you. Please wait while we make your payment... 
13:02:07.738 [main] ERROR com.iluwatar.commander.Commander - Order GL9CG480TL2M: Payment time for order over, failed and returning..
13:02:07.738 [main] INFO com.iluwatar.commander.Commander - Order GL9CG480TL2M: Shipping placed successfully, transaction id: ILM6NXCLFRZ1
13:02:07.738 [main] INFO com.iluwatar.commander.Commander - Order has been placed and will be shipped to you. Please wait while we make your payment... 
13:02:07.738 [main] INFO com.iluwatar.commander.Commander - Order GL9CG480TL2M: Shipping placed successfully, transaction id: YHG4A79C8D1T
13:02:07.738 [main] INFO com.iluwatar.commander.Commander - Order has been placed and will be shipped to you. Please wait while we make your payment... 
13:02:07.738 [main] INFO com.iluwatar.commander.Commander - Sorry, there was a problem in creating your order. Please try later.
13:02:07.738 [main] ERROR com.iluwatar.commander.Commander - Order GJ902TWEW1S7: Shipping service unavailable, order not placed..
13:02:07.738 [main] INFO com.iluwatar.commander.Commander - Sorry, there was a problem in creating your order. Please try later.
13:02:07.738 [main] ERROR com.iluwatar.commander.Commander - Order GJ902TWEW1S7: Shipping service unavailable, order not placed..
13:02:07.738 [main] INFO com.iluwatar.commander.Commander - Sorry, there was a problem in creating your order. Please try later.
13:02:07.738 [main] ERROR com.iluwatar.commander.Commander - Order GJ902TWEW1S7: Shipping service unavailable, order not placed..
13:02:07.738 [main] INFO com.iluwatar.commander.Commander - Sorry, there was a problem in creating your order. Please try later.
13:02:07.738 [main] ERROR com.iluwatar.commander.Commander - Order GJ902TWEW1S7: Shipping service unavailable, order not placed..
13:02:07.738 [main] INFO com.iluwatar.commander.Commander - Sorry, there was a problem in creating your order. Please try later.
13:02:07.738 [main] ERROR com.iluwatar.commander.Commander - Order 3Z23IDPDUELH: Shipping service unavailable, order not placed..
13:02:07.738 [main] INFO com.iluwatar.commander.Commander - Sorry, there was a problem in creating your order. Please try later.
13:02:07.738 [main] ERROR com.iluwatar.commander.Commander - Order 3Z23IDPDUELH: Shipping service unavailable, order not placed..
13:02:07.738 [main] INFO com.iluwatar.commander.Commander - Sorry, there was a problem in creating your order. Please try later.
13:02:07.738 [main] ERROR com.iluwatar.commander.Commander - Order 3Z23IDPDUELH: Shipping service unavailable, order not placed..
13:02:07.738 [main] INFO com.iluwatar.commander.Commander - Sorry, there was a problem in creating your order. Please try later.
13:02:07.738 [main] ERROR com.iluwatar.commander.Commander - Order 3Z23IDPDUELH: Shipping service unavailable, order not placed..
13:02:07.738 [main] DEBUG com.iluwatar.commander.Commander - Order ESTV4GNNWL3H: Error in connecting to shipping service, trying again..
13:02:07.738 [main] INFO com.iluwatar.commander.Commander - Sorry, there was a problem in creating your order. Please try later.
13:02:07.738 [main] ERROR com.iluwatar.commander.Commander - Order ESTV4GNNWL3H: Shipping service unavailable, order not placed..
13:02:07.738 [main] INFO com.iluwatar.commander.Commander - Order ESTV4GNNWL3H: Shipping placed successfully, transaction id: GAIS7K84JHL7
13:02:07.738 [main] INFO com.iluwatar.commander.Commander - Order has been placed and will be shipped to you. Please wait while we make your payment... 
13:02:07.738 [main] ERROR com.iluwatar.commander.Commander - Order ESTV4GNNWL3H: Payment time for order over, failed and returning..
13:02:07.738 [main] INFO com.iluwatar.commander.Commander - Order ESTV4GNNWL3H: Shipping placed successfully, transaction id: BUBVH5UGRN1V
13:02:07.738 [main] INFO com.iluwatar.commander.Commander - Order has been placed and will be shipped to you. Please wait while we make your payment... 
13:02:07.738 [main] INFO com.iluwatar.commander.Commander - Order ESTV4GNNWL3H: Shipping placed successfully, transaction id: SJZ4U7Y78NCV
13:02:07.738 [main] INFO com.iluwatar.commander.Commander - Order has been placed and will be shipped to you. Please wait while we make your payment... 
13:02:07.738 [main] DEBUG com.iluwatar.commander.Commander - Order GPRZOWW5NP7D: Error in creating shipping request..
13:02:07.738 [main] INFO com.iluwatar.commander.Commander - Shipping is currently not possible to your address. We are working on the problem and will get back to you asap.
13:02:07.738 [main] INFO com.iluwatar.commander.Commander - Order GPRZOWW5NP7D: Shipping not possible to address, trying to add problem to employee db..
13:02:07.738 [main] INFO com.iluwatar.commander.Commander - Order GPRZOWW5NP7D: Shipping placed successfully, transaction id: QNOTYUSGEP94
13:02:07.738 [main] INFO com.iluwatar.commander.Commander - Order has been placed and will be shipped to you. Please wait while we make your payment... 
13:02:07.738 [main] ERROR com.iluwatar.commander.Commander - Order GPRZOWW5NP7D: Payment time for order over, failed and returning..
13:02:07.738 [main] INFO com.iluwatar.commander.Commander - Order GPRZOWW5NP7D: Shipping placed successfully, transaction id: 53LG8DET8W5X
13:02:07.738 [main] INFO com.iluwatar.commander.Commander - Order has been placed and will be shipped to you. Please wait while we make your payment... 
13:02:07.738 [main] INFO com.iluwatar.commander.Commander - Order GPRZOWW5NP7D: Shipping placed successfully, transaction id: 2P1SIZD8XOOZ
13:02:07.738 [main] INFO com.iluwatar.commander.Commander - Order has been placed and will be shipped to you. Please wait while we make your payment... 
13:02:07.738 [main] INFO com.iluwatar.commander.Commander - Sorry, there was a problem in creating your order. Please try later.
13:02:07.738 [main] ERROR com.iluwatar.commander.Commander - Order JGDCP38WXDVA: Shipping service unavailable, order not placed..
13:02:07.738 [main] INFO com.iluwatar.commander.Commander - Sorry, there was a problem in creating your order. Please try later.
13:02:07.738 [main] ERROR com.iluwatar.commander.Commander - Order JGDCP38WXDVA: Shipping service unavailable, order not placed..
13:02:07.738 [main] INFO com.iluwatar.commander.Commander - Sorry, there was a problem in creating your order. Please try later.
13:02:07.738 [main] ERROR com.iluwatar.commander.Commander - Order JGDCP38WXDVA: Shipping service unavailable, order not placed..
13:02:07.738 [main] INFO com.iluwatar.commander.Commander - Sorry, there was a problem in creating your order. Please try later.
13:02:07.738 [main] ERROR com.iluwatar.commander.Commander - Order JGDCP38WXDVA: Shipping service unavailable, order not placed..
13:02:07.738 [main] INFO com.iluwatar.commander.Commander - Sorry, there was a problem in creating your order. Please try later.
13:02:07.738 [main] ERROR com.iluwatar.commander.Commander - Order 79BCVENNP3C4: Shipping service unavailable, order not placed..
13:02:07.738 [main] INFO com.iluwatar.commander.Commander - Sorry, there was a problem in creating your order. Please try later.
13:02:07.738 [main] ERROR com.iluwatar.commander.Commander - Order 79BCVENNP3C4: Shipping service unavailable, order not placed..
13:02:07.738 [main] INFO com.iluwatar.commander.Commander - Sorry, there was a problem in creating your order. Please try later.
13:02:07.738 [main] ERROR com.iluwatar.commander.Commander - Order 79BCVENNP3C4: Shipping service unavailable, order not placed..
13:02:07.738 [main] INFO com.iluwatar.commander.Commander - Sorry, there was a problem in creating your order. Please try later.
13:02:07.738 [main] ERROR com.iluwatar.commander.Commander - Order 79BCVENNP3C4: Shipping service unavailable, order not placed..
13:02:07.738 [main] DEBUG com.iluwatar.commander.Commander - Order 5VI63940QE5K: Error in connecting to shipping service, trying again..
13:02:07.738 [main] INFO com.iluwatar.commander.Commander - Sorry, there was a problem in creating your order. Please try later.
13:02:07.738 [main] ERROR com.iluwatar.commander.Commander - Order 5VI63940QE5K: Shipping service unavailable, order not placed..
13:02:07.738 [main] INFO com.iluwatar.commander.Commander - Order 5VI63940QE5K: Shipping placed successfully, transaction id: 3LACIQNHTKNG
13:02:07.738 [main] INFO com.iluwatar.commander.Commander - Order has been placed and will be shipped to you. Please wait while we make your payment... 
13:02:07.738 [main] ERROR com.iluwatar.commander.Commander - Order 5VI63940QE5K: Payment time for order over, failed and returning..
13:02:07.738 [main] INFO com.iluwatar.commander.Commander - Order 5VI63940QE5K: Shipping placed successfully, transaction id: BI2Q63M3VDYT
13:02:07.738 [main] INFO com.iluwatar.commander.Commander - Order has been placed and will be shipped to you. Please wait while we make your payment... 
13:02:07.738 [main] INFO com.iluwatar.commander.Commander - Order 5VI63940QE5K: Shipping placed successfully, transaction id: 4WZW2P973TAO
13:02:07.738 [main] INFO com.iluwatar.commander.Commander - Order has been placed and will be shipped to you. Please wait while we make your payment... 
13:02:07.738 [main] DEBUG com.iluwatar.commander.Commander - Order 35893JCHWZ2S: Error in creating shipping request..
13:02:07.738 [main] INFO com.iluwatar.commander.Commander - This item is currently unavailable. We will inform you as soon as the item becomes available again.
13:02:07.738 [main] INFO com.iluwatar.commander.Commander - Order 35893JCHWZ2S: Item pen unavailable, trying to add problem to employee handle..
13:02:07.738 [main] INFO com.iluwatar.commander.Commander - Order 35893JCHWZ2S: Shipping placed successfully, transaction id: 1I5ZXKTK43C3
13:02:07.738 [main] INFO com.iluwatar.commander.Commander - Order has been placed and will be shipped to you. Please wait while we make your payment... 
13:02:07.738 [main] ERROR com.iluwatar.commander.Commander - Order 35893JCHWZ2S: Payment time for order over, failed and returning..
13:02:07.738 [main] INFO com.iluwatar.commander.Commander - Order 35893JCHWZ2S: Shipping placed successfully, transaction id: 47E26L9TOMJG
13:02:07.738 [main] INFO com.iluwatar.commander.Commander - Order has been placed and will be shipped to you. Please wait while we make your payment... 
13:02:07.738 [main] INFO com.iluwatar.commander.Commander - Order 35893JCHWZ2S: Shipping placed successfully, transaction id: K1ZYUHVCXHAV
13:02:07.738 [main] INFO com.iluwatar.commander.Commander - Order has been placed and will be shipped to you. Please wait while we make your payment... 
13:02:07.738 [main] INFO com.iluwatar.commander.Commander - Sorry, there was a problem in creating your order. Please try later.
13:02:07.738 [main] ERROR com.iluwatar.commander.Commander - Order MI36ENTEQTAL: Shipping service unavailable, order not placed..
13:02:07.738 [main] INFO com.iluwatar.commander.Commander - Sorry, there was a problem in creating your order. Please try later.
13:02:07.738 [main] ERROR com.iluwatar.commander.Commander - Order MI36ENTEQTAL: Shipping service unavailable, order not placed..
13:02:07.738 [main] INFO com.iluwatar.commander.Commander - Sorry, there was a problem in creating your order. Please try later.
13:02:07.738 [main] ERROR com.iluwatar.commander.Commander - Order MI36ENTEQTAL: Shipping service unavailable, order not placed..
13:02:07.738 [main] INFO com.iluwatar.commander.Commander - Sorry, there was a problem in creating your order. Please try later.
13:02:07.738 [main] ERROR com.iluwatar.commander.Commander - Order MI36ENTEQTAL: Shipping service unavailable, order not placed..
13:02:07.738 [main] INFO com.iluwatar.commander.Commander - Sorry, there was a problem in creating your order. Please try later.
13:02:07.738 [main] ERROR com.iluwatar.commander.Commander - Order 4LJIID8HVEAA: Shipping service unavailable, order not placed..
13:02:07.738 [main] INFO com.iluwatar.commander.Commander - Sorry, there was a problem in creating your order. Please try later.
13:02:07.738 [main] ERROR com.iluwatar.commander.Commander - Order 4LJIID8HVEAA: Shipping service unavailable, order not placed..
13:02:07.738 [main] INFO com.iluwatar.commander.Commander - Sorry, there was a problem in creating your order. Please try later.
13:02:07.738 [main] ERROR com.iluwatar.commander.Commander - Order 4LJIID8HVEAA: Shipping service unavailable, order not placed..
13:02:07.738 [main] INFO com.iluwatar.commander.Commander - Sorry, there was a problem in creating your order. Please try later.
13:02:07.738 [main] ERROR com.iluwatar.commander.Commander - Order 4LJIID8HVEAA: Shipping service unavailable, order not placed..
13:02:07.738 [main] DEBUG com.iluwatar.commander.Commander - Order HSFU17GRAB1I: Error in connecting to shipping service, trying again..
13:02:07.738 [main] INFO com.iluwatar.commander.Commander - Sorry, there was a problem in creating your order. Please try later.
13:02:07.738 [main] ERROR com.iluwatar.commander.Commander - Order HSFU17GRAB1I: Shipping service unavailable, order not placed..
13:02:07.738 [main] INFO com.iluwatar.commander.Commander - Order HSFU17GRAB1I: Shipping placed successfully, transaction id: PAA5CNU5O0FV
13:02:07.738 [main] INFO com.iluwatar.commander.Commander - Order has been placed and will be shipped to you. Please wait while we make your payment... 
13:02:07.738 [main] ERROR com.iluwatar.commander.Commander - Order HSFU17GRAB1I: Payment time for order over, failed and returning..
13:02:07.738 [main] INFO com.iluwatar.commander.Commander - Order HSFU17GRAB1I: Shipping placed successfully, transaction id: 0FL6W4MB8LL1
13:02:07.738 [main] INFO com.iluwatar.commander.Commander - Order has been placed and will be shipped to you. Please wait while we make your payment... 
13:02:07.738 [main] INFO com.iluwatar.commander.Commander - Order HSFU17GRAB1I: Shipping placed successfully, transaction id: RPH6UXXOAVK4
13:02:07.738 [main] INFO com.iluwatar.commander.Commander - Order has been placed and will be shipped to you. Please wait while we make your payment... 
13:02:07.738 [main] DEBUG com.iluwatar.commander.Commander - Order A63ZGU1SZY0C: Error in creating shipping request..
13:02:07.738 [main] INFO com.iluwatar.commander.Commander - Sorry, there was a problem in creating your order. Please try later.
13:02:07.738 [main] ERROR com.iluwatar.commander.Commander - Order A63ZGU1SZY0C: Shipping service unavailable, order not placed..
13:02:07.738 [main] INFO com.iluwatar.commander.Commander - Order A63ZGU1SZY0C: Shipping placed successfully, transaction id: 5JBBE4K3F1KK
13:02:07.738 [main] INFO com.iluwatar.commander.Commander - Order has been placed and will be shipped to you. Please wait while we make your payment... 
13:02:07.738 [main] ERROR com.iluwatar.commander.Commander - Order A63ZGU1SZY0C: Payment time for order over, failed and returning..
13:02:07.738 [main] INFO com.iluwatar.commander.Commander - Order A63ZGU1SZY0C: Shipping placed successfully, transaction id: XARA0MZ6QU1K
13:02:07.738 [main] INFO com.iluwatar.commander.Commander - Order has been placed and will be shipped to you. Please wait while we make your payment... 
13:02:07.738 [main] INFO com.iluwatar.commander.Commander - Order A63ZGU1SZY0C: Shipping placed successfully, transaction id: OH771GMF4X2I
13:02:07.738 [main] INFO com.iluwatar.commander.Commander - Order has been placed and will be shipped to you. Please wait while we make your payment... 
13:02:07.738 [main] INFO com.iluwatar.commander.Commander - Sorry, there was a problem in creating your order. Please try later.
13:02:07.738 [main] ERROR com.iluwatar.commander.Commander - Order OH7UY2DTBAD9: Shipping service unavailable, order not placed..
13:02:07.738 [main] INFO com.iluwatar.commander.Commander - Sorry, there was a problem in creating your order. Please try later.
13:02:07.738 [main] ERROR com.iluwatar.commander.Commander - Order OH7UY2DTBAD9: Shipping service unavailable, order not placed..
13:02:07.738 [main] INFO com.iluwatar.commander.Commander - Sorry, there was a problem in creating your order. Please try later.
13:02:07.738 [main] ERROR com.iluwatar.commander.Commander - Order OH7UY2DTBAD9: Shipping service unavailable, order not placed..
13:02:07.738 [main] INFO com.iluwatar.commander.Commander - Sorry, there was a problem in creating your order. Please try later.
13:02:07.738 [main] ERROR com.iluwatar.commander.Commander - Order OH7UY2DTBAD9: Shipping service unavailable, order not placed..
13:02:07.738 [main] INFO com.iluwatar.commander.Commander - Sorry, there was a problem in creating your order. Please try later.
13:02:07.738 [main] ERROR com.iluwatar.commander.Commander - Order 19WB70DRZIOB: Shipping service unavailable, order not placed..
13:02:07.738 [main] INFO com.iluwatar.commander.Commander - Sorry, there was a problem in creating your order. Please try later.
13:02:07.738 [main] ERROR com.iluwatar.commander.Commander - Order 19WB70DRZIOB: Shipping service unavailable, order not placed..
13:02:07.738 [main] INFO com.iluwatar.commander.Commander - Sorry, there was a problem in creating your order. Please try later.
13:02:07.738 [main] ERROR com.iluwatar.commander.Commander - Order 19WB70DRZIOB: Shipping service unavailable, order not placed..
13:02:07.738 [main] INFO com.iluwatar.commander.Commander - Sorry, there was a problem in creating your order. Please try later.
13:02:07.738 [main] ERROR com.iluwatar.commander.Commander - Order 19WB70DRZIOB: Shipping service unavailable, order not placed..
13:02:07.738 [main] DEBUG com.iluwatar.commander.Commander - Order B2FY3E1USCVA: Error in connecting to shipping service, trying again..
13:02:07.738 [main] INFO com.iluwatar.commander.Commander - Sorry, there was a problem in creating your order. Please try later.
13:02:07.738 [main] ERROR com.iluwatar.commander.Commander - Order B2FY3E1USCVA: Shipping service unavailable, order not placed..
13:02:07.738 [main] INFO com.iluwatar.commander.Commander - Order B2FY3E1USCVA: Shipping placed successfully, transaction id: A603TFD140I7
13:02:07.738 [main] INFO com.iluwatar.commander.Commander - Order has been placed and will be shipped to you. Please wait while we make your payment... 
13:02:07.738 [main] ERROR com.iluwatar.commander.Commander - Order B2FY3E1USCVA: Payment time for order over, failed and returning..
13:02:07.738 [main] INFO com.iluwatar.commander.Commander - Order B2FY3E1USCVA: Shipping placed successfully, transaction id: 7O4LY2S5EA1E
13:02:07.738 [main] INFO com.iluwatar.commander.Commander - Order has been placed and will be shipped to you. Please wait while we make your payment... 
13:02:07.738 [main] INFO com.iluwatar.commander.Commander - Order B2FY3E1USCVA: Shipping placed successfully, transaction id: D37M0PEUSI5M
13:02:07.738 [main] INFO com.iluwatar.commander.Commander - Order has been placed and will be shipped to you. Please wait while we make your payment... 
13:02:07.738 [main] DEBUG com.iluwatar.commander.Commander - Order UIW6HQYKLN7Z: Error in creating shipping request..
13:02:07.738 [main] INFO com.iluwatar.commander.Commander - Sorry, there was a problem in creating your order. Please try later.
13:02:07.738 [main] ERROR com.iluwatar.commander.Commander - Order UIW6HQYKLN7Z: Shipping service unavailable, order not placed..
13:02:07.738 [main] INFO com.iluwatar.commander.Commander - Order UIW6HQYKLN7Z: Shipping placed successfully, transaction id: 714TH9XU6RP1
13:02:07.738 [main] INFO com.iluwatar.commander.Commander - Order has been placed and will be shipped to you. Please wait while we make your payment... 
13:02:07.738 [main] ERROR com.iluwatar.commander.Commander - Order UIW6HQYKLN7Z: Payment time for order over, failed and returning..
13:02:07.738 [main] INFO com.iluwatar.commander.Commander - Order UIW6HQYKLN7Z: Shipping placed successfully, transaction id: 5F0T399PISDM
13:02:07.738 [main] INFO com.iluwatar.commander.Commander - Order has been placed and will be shipped to you. Please wait while we make your payment... 
13:02:07.738 [main] INFO com.iluwatar.commander.Commander - Order UIW6HQYKLN7Z: Shipping placed successfully, transaction id: 8CGCJICEOKE7
13:02:07.738 [main] INFO com.iluwatar.commander.Commander - Order has been placed and will be shipped to you. Please wait while we make your payment... 
13:02:07.739 [main] INFO com.iluwatar.commander.Commander - Sorry, there was a problem in creating your order. Please try later.
13:02:07.739 [main] ERROR com.iluwatar.commander.Commander - Order TZFQOAT6RTAS: Shipping service unavailable, order not placed..
13:02:07.739 [main] INFO com.iluwatar.commander.Commander - Sorry, there was a problem in creating your order. Please try later.
13:02:07.739 [main] ERROR com.iluwatar.commander.Commander - Order TZFQOAT6RTAS: Shipping service unavailable, order not placed..
13:02:07.739 [main] INFO com.iluwatar.commander.Commander - Sorry, there was a problem in creating your order. Please try later.
13:02:07.739 [main] ERROR com.iluwatar.commander.Commander - Order TZFQOAT6RTAS: Shipping service unavailable, order not placed..
13:02:07.739 [main] INFO com.iluwatar.commander.Commander - Sorry, there was a problem in creating your order. Please try later.
13:02:07.739 [main] ERROR com.iluwatar.commander.Commander - Order TZFQOAT6RTAS: Shipping service unavailable, order not placed..
13:02:07.739 [main] INFO com.iluwatar.commander.Commander - Sorry, there was a problem in creating your order. Please try later.
13:02:07.739 [main] ERROR com.iluwatar.commander.Commander - Order 6UNYK2BTLYR3: Shipping service unavailable, order not placed..
13:02:07.739 [main] INFO com.iluwatar.commander.Commander - Sorry, there was a problem in creating your order. Please try later.
13:02:07.739 [main] ERROR com.iluwatar.commander.Commander - Order 6UNYK2BTLYR3: Shipping service unavailable, order not placed..
13:02:07.739 [main] INFO com.iluwatar.commander.Commander - Sorry, there was a problem in creating your order. Please try later.
13:02:07.739 [main] ERROR com.iluwatar.commander.Commander - Order 6UNYK2BTLYR3: Shipping service unavailable, order not placed..
13:02:07.739 [main] INFO com.iluwatar.commander.Commander - Sorry, there was a problem in creating your order. Please try later.
13:02:07.739 [main] ERROR com.iluwatar.commander.Commander - Order 6UNYK2BTLYR3: Shipping service unavailable, order not placed..
13:02:07.739 [main] DEBUG com.iluwatar.commander.Commander - Order 6294NWRZGLVM: Error in connecting to shipping service, trying again..
13:02:07.739 [main] INFO com.iluwatar.commander.Commander - Sorry, there was a problem in creating your order. Please try later.
13:02:07.739 [main] ERROR com.iluwatar.commander.Commander - Order 6294NWRZGLVM: Shipping service unavailable, order not placed..
13:02:07.739 [main] INFO com.iluwatar.commander.Commander - Order 6294NWRZGLVM: Shipping placed successfully, transaction id: P0SKGHOI0WIJ
13:02:07.739 [main] INFO com.iluwatar.commander.Commander - Order has been placed and will be shipped to you. Please wait while we make your payment... 
13:02:07.739 [main] ERROR com.iluwatar.commander.Commander - Order 6294NWRZGLVM: Payment time for order over, failed and returning..
13:02:07.739 [main] INFO com.iluwatar.commander.Commander - Order 6294NWRZGLVM: Shipping placed successfully, transaction id: SK40F5TTR752
13:02:07.739 [main] INFO com.iluwatar.commander.Commander - Order has been placed and will be shipped to you. Please wait while we make your payment... 
13:02:07.739 [main] INFO com.iluwatar.commander.Commander - Order 6294NWRZGLVM: Shipping placed successfully, transaction id: DCZIZ810OVY8
13:02:07.739 [main] INFO com.iluwatar.commander.Commander - Order has been placed and will be shipped to you. Please wait while we make your payment... 
13:02:07.739 [main] DEBUG com.iluwatar.commander.Commander - Order UGOOJLZT34AC: Error in connecting to shipping service, trying again..
13:02:07.739 [main] INFO com.iluwatar.commander.Commander - Sorry, there was a problem in creating your order. Please try later.
13:02:07.739 [main] ERROR com.iluwatar.commander.Commander - Order UGOOJLZT34AC: Shipping service unavailable, order not placed..
13:02:07.739 [main] INFO com.iluwatar.commander.Commander - Order UGOOJLZT34AC: Shipping placed successfully, transaction id: JP85TQPFPUZ5
13:02:07.739 [main] INFO com.iluwatar.commander.Commander - Order has been placed and will be shipped to you. Please wait while we make your payment... 
13:02:07.739 [main] ERROR com.iluwatar.commander.Commander - Order UGOOJLZT34AC: Payment time for order over, failed and returning..
13:02:07.739 [main] INFO com.iluwatar.commander.Commander - Order UGOOJLZT34AC: Shipping placed successfully, transaction id: KHOAHIDQLLG9
13:02:07.739 [main] INFO com.iluwatar.commander.Commander - Order has been placed and will be shipped to you. Please wait while we make your payment... 
13:02:07.739 [main] INFO com.iluwatar.commander.Commander - Order UGOOJLZT34AC: Shipping placed successfully, transaction id: 6NU6O2ON9GL9
13:02:07.739 [main] INFO com.iluwatar.commander.Commander - Order has been placed and will be shipped to you. Please wait while we make your payment... 
13:02:07.739 [main] INFO com.iluwatar.commander.Commander - Sorry, there was a problem in creating your order. Please try later.
13:02:07.739 [main] ERROR com.iluwatar.commander.Commander - Order CVM25G789X8K: Shipping service unavailable, order not placed..
13:02:07.739 [main] INFO com.iluwatar.commander.Commander - Sorry, there was a problem in creating your order. Please try later.
13:02:07.739 [main] ERROR com.iluwatar.commander.Commander - Order CVM25G789X8K: Shipping service unavailable, order not placed..
13:02:07.739 [main] INFO com.iluwatar.commander.Commander - Sorry, there was a problem in creating your order. Please try later.
13:02:07.739 [main] ERROR com.iluwatar.commander.Commander - Order CVM25G789X8K: Shipping service unavailable, order not placed..
13:02:07.739 [main] INFO com.iluwatar.commander.Commander - Sorry, there was a problem in creating your order. Please try later.
13:02:07.739 [main] ERROR com.iluwatar.commander.Commander - Order CVM25G789X8K: Shipping service unavailable, order not placed..
13:02:07.739 [main] INFO com.iluwatar.commander.Commander - Sorry, there was a problem in creating your order. Please try later.
13:02:07.739 [main] ERROR com.iluwatar.commander.Commander - Order YA7C7NNDKHIF: Shipping service unavailable, order not placed..
13:02:07.739 [main] INFO com.iluwatar.commander.Commander - Sorry, there was a problem in creating your order. Please try later.
13:02:07.739 [main] ERROR com.iluwatar.commander.Commander - Order YA7C7NNDKHIF: Shipping service unavailable, order not placed..
13:02:07.739 [main] INFO com.iluwatar.commander.Commander - Sorry, there was a problem in creating your order. Please try later.
13:02:07.739 [main] ERROR com.iluwatar.commander.Commander - Order YA7C7NNDKHIF: Shipping service unavailable, order not placed..
13:02:07.739 [main] INFO com.iluwatar.commander.Commander - Sorry, there was a problem in creating your order. Please try later.
13:02:07.739 [main] ERROR com.iluwatar.commander.Commander - Order YA7C7NNDKHIF: Shipping service unavailable, order not placed..
13:02:07.739 [main] DEBUG com.iluwatar.commander.Commander - Order TQO7MB3IAJ65: Error in connecting to shipping service, trying again..
13:02:07.739 [main] INFO com.iluwatar.commander.Commander - Sorry, there was a problem in creating your order. Please try later.
13:02:07.739 [main] ERROR com.iluwatar.commander.Commander - Order TQO7MB3IAJ65: Shipping service unavailable, order not placed..
13:02:07.739 [main] INFO com.iluwatar.commander.Commander - Order TQO7MB3IAJ65: Shipping placed successfully, transaction id: QBCQE86L6B5N
13:02:07.739 [main] INFO com.iluwatar.commander.Commander - Order has been placed and will be shipped to you. Please wait while we make your payment... 
13:02:07.739 [main] ERROR com.iluwatar.commander.Commander - Order TQO7MB3IAJ65: Payment time for order over, failed and returning..
13:02:07.739 [main] INFO com.iluwatar.commander.Commander - Order TQO7MB3IAJ65: Shipping placed successfully, transaction id: E6FZWG4OS0SQ
13:02:07.739 [main] INFO com.iluwatar.commander.Commander - Order has been placed and will be shipped to you. Please wait while we make your payment... 
13:02:07.739 [main] INFO com.iluwatar.commander.Commander - Order TQO7MB3IAJ65: Shipping placed successfully, transaction id: 4MMSVWOCWTQI
13:02:07.739 [main] INFO com.iluwatar.commander.Commander - Order has been placed and will be shipped to you. Please wait while we make your payment... 
13:02:07.739 [main] DEBUG com.iluwatar.commander.Commander - Order T9959L1HPG93: Error in creating shipping request..
13:02:07.739 [main] INFO com.iluwatar.commander.Commander - Shipping is currently not possible to your address. We are working on the problem and will get back to you asap.
13:02:07.739 [main] INFO com.iluwatar.commander.Commander - Order T9959L1HPG93: Shipping not possible to address, trying to add problem to employee db..
13:02:07.739 [main] INFO com.iluwatar.commander.Commander - Order T9959L1HPG93: Shipping placed successfully, transaction id: Y9F4N6CXU1H5
13:02:07.739 [main] INFO com.iluwatar.commander.Commander - Order has been placed and will be shipped to you. Please wait while we make your payment... 
13:02:07.739 [main] ERROR com.iluwatar.commander.Commander - Order T9959L1HPG93: Payment time for order over, failed and returning..
13:02:07.739 [main] INFO com.iluwatar.commander.Commander - Order T9959L1HPG93: Shipping placed successfully, transaction id: 0XJM90Q02KH1
13:02:07.739 [main] INFO com.iluwatar.commander.Commander - Order has been placed and will be shipped to you. Please wait while we make your payment... 
13:02:07.739 [main] INFO com.iluwatar.commander.Commander - Order T9959L1HPG93: Shipping placed successfully, transaction id: 15BRFO18CG5V
13:02:07.739 [main] INFO com.iluwatar.commander.Commander - Order has been placed and will be shipped to you. Please wait while we make your payment... 
13:02:07.739 [main] INFO com.iluwatar.commander.Commander - Sorry, there was a problem in creating your order. Please try later.
13:02:07.739 [main] ERROR com.iluwatar.commander.Commander - Order 267OMWOHJY2J: Shipping service unavailable, order not placed..
13:02:07.739 [main] INFO com.iluwatar.commander.Commander - Sorry, there was a problem in creating your order. Please try later.
13:02:07.739 [main] ERROR com.iluwatar.commander.Commander - Order 267OMWOHJY2J: Shipping service unavailable, order not placed..
13:02:07.739 [main] INFO com.iluwatar.commander.Commander - Sorry, there was a problem in creating your order. Please try later.
13:02:07.739 [main] ERROR com.iluwatar.commander.Commander - Order 267OMWOHJY2J: Shipping service unavailable, order not placed..
13:02:07.739 [main] INFO com.iluwatar.commander.Commander - Sorry, there was a problem in creating your order. Please try later.
13:02:07.739 [main] ERROR com.iluwatar.commander.Commander - Order 267OMWOHJY2J: Shipping service unavailable, order not placed..
13:02:07.739 [main] INFO com.iluwatar.commander.Commander - Sorry, there was a problem in creating your order. Please try later.
13:02:07.739 [main] ERROR com.iluwatar.commander.Commander - Order 2I09BWCPRKMM: Shipping service unavailable, order not placed..
13:02:07.739 [main] INFO com.iluwatar.commander.Commander - Sorry, there was a problem in creating your order. Please try later.
13:02:07.739 [main] ERROR com.iluwatar.commander.Commander - Order 2I09BWCPRKMM: Shipping service unavailable, order not placed..
13:02:07.739 [main] INFO com.iluwatar.commander.Commander - Sorry, there was a problem in creating your order. Please try later.
13:02:07.739 [main] ERROR com.iluwatar.commander.Commander - Order 2I09BWCPRKMM: Shipping service unavailable, order not placed..
13:02:07.739 [main] INFO com.iluwatar.commander.Commander - Sorry, there was a problem in creating your order. Please try later.
13:02:07.739 [main] ERROR com.iluwatar.commander.Commander - Order 2I09BWCPRKMM: Shipping service unavailable, order not placed..
13:02:07.739 [main] DEBUG com.iluwatar.commander.Commander - Order 7BKE9QLSAAZ3: Error in connecting to shipping service, trying again..
13:02:07.739 [main] INFO com.iluwatar.commander.Commander - Sorry, there was a problem in creating your order. Please try later.
13:02:07.739 [main] ERROR com.iluwatar.commander.Commander - Order 7BKE9QLSAAZ3: Shipping service unavailable, order not placed..
13:02:07.739 [main] INFO com.iluwatar.commander.Commander - Order 7BKE9QLSAAZ3: Shipping placed successfully, transaction id: 7DZKV2D4ULTV
13:02:07.739 [main] INFO com.iluwatar.commander.Commander - Order has been placed and will be shipped to you. Please wait while we make your payment... 
13:02:07.739 [main] ERROR com.iluwatar.commander.Commander - Order 7BKE9QLSAAZ3: Payment time for order over, failed and returning..
13:02:07.739 [main] INFO com.iluwatar.commander.Commander - Order 7BKE9QLSAAZ3: Shipping placed successfully, transaction id: 09R40W7V0X5Z
13:02:07.739 [main] INFO com.iluwatar.commander.Commander - Order has been placed and will be shipped to you. Please wait while we make your payment... 
13:02:07.739 [main] INFO com.iluwatar.commander.Commander - Order 7BKE9QLSAAZ3: Shipping placed successfully, transaction id: 6FYXGC52ULLF
13:02:07.739 [main] INFO com.iluwatar.commander.Commander - Order has been placed and will be shipped to you. Please wait while we make your payment... 
13:02:07.739 [main] DEBUG com.iluwatar.commander.Commander - Order KS9UX61DZV5S: Error in creating shipping request..
13:02:07.739 [main] INFO com.iluwatar.commander.Commander - This item is currently unavailable. We will inform you as soon as the item becomes available again.
13:02:07.739 [main] INFO com.iluwatar.commander.Commander - Order KS9UX61DZV5S: Item pen unavailable, trying to add problem to employee handle..
13:02:07.739 [main] INFO com.iluwatar.commander.Commander - Order KS9UX61DZV5S: Shipping placed successfully, transaction id: JI4TOB3MY1NS
13:02:07.739 [main] INFO com.iluwatar.commander.Commander - Order has been placed and will be shipped to you. Please wait while we make your payment... 
13:02:07.739 [main] ERROR com.iluwatar.commander.Commander - Order KS9UX61DZV5S: Payment time for order over, failed and returning..
13:02:07.739 [main] INFO com.iluwatar.commander.Commander - Order KS9UX61DZV5S: Shipping placed successfully, transaction id: 1TT6J43ELBID
13:02:07.739 [main] INFO com.iluwatar.commander.Commander - Order has been placed and will be shipped to you. Please wait while we make your payment... 
13:02:07.739 [main] INFO com.iluwatar.commander.Commander - Order KS9UX61DZV5S: Shipping placed successfully, transaction id: 8XRRAT4LX40O
13:02:07.739 [main] INFO com.iluwatar.commander.Commander - Order has been placed and will be shipped to you. Please wait while we make your payment... 
13:02:07.739 [main] INFO com.iluwatar.commander.Commander - Sorry, there was a problem in creating your order. Please try later.
13:02:07.739 [main] ERROR com.iluwatar.commander.Commander - Order EOPB0A2NACNT: Shipping service unavailable, order not placed..
13:02:07.739 [main] INFO com.iluwatar.commander.Commander - Sorry, there was a problem in creating your order. Please try later.
13:02:07.739 [main] ERROR com.iluwatar.commander.Commander - Order EOPB0A2NACNT: Shipping service unavailable, order not placed..
13:02:07.739 [main] INFO com.iluwatar.commander.Commander - Sorry, there was a problem in creating your order. Please try later.
13:02:07.739 [main] ERROR com.iluwatar.commander.Commander - Order EOPB0A2NACNT: Shipping service unavailable, order not placed..
13:02:07.739 [main] INFO com.iluwatar.commander.Commander - Sorry, there was a problem in creating your order. Please try later.
13:02:07.739 [main] ERROR com.iluwatar.commander.Commander - Order EOPB0A2NACNT: Shipping service unavailable, order not placed..
13:02:07.739 [main] INFO com.iluwatar.commander.Commander - Sorry, there was a problem in creating your order. Please try later.
13:02:07.739 [main] ERROR com.iluwatar.commander.Commander - Order EZHF4WS3A4MH: Shipping service unavailable, order not placed..
13:02:07.739 [main] INFO com.iluwatar.commander.Commander - Sorry, there was a problem in creating your order. Please try later.
13:02:07.739 [main] ERROR com.iluwatar.commander.Commander - Order EZHF4WS3A4MH: Shipping service unavailable, order not placed..
13:02:07.739 [main] INFO com.iluwatar.commander.Commander - Sorry, there was a problem in creating your order. Please try later.
13:02:07.739 [main] ERROR com.iluwatar.commander.Commander - Order EZHF4WS3A4MH: Shipping service unavailable, order not placed..
13:02:07.739 [main] INFO com.iluwatar.commander.Commander - Sorry, there was a problem in creating your order. Please try later.
13:02:07.739 [main] ERROR com.iluwatar.commander.Commander - Order EZHF4WS3A4MH: Shipping service unavailable, order not placed..
13:02:07.739 [main] DEBUG com.iluwatar.commander.Commander - Order 4NPQ94ZJDZBH: Error in connecting to shipping service, trying again..
13:02:07.739 [main] INFO com.iluwatar.commander.Commander - Sorry, there was a problem in creating your order. Please try later.
13:02:07.739 [main] ERROR com.iluwatar.commander.Commander - Order 4NPQ94ZJDZBH: Shipping service unavailable, order not placed..
13:02:07.739 [main] INFO com.iluwatar.commander.Commander - Order 4NPQ94ZJDZBH: Shipping placed successfully, transaction id: 68KMBS2HYOCR
13:02:07.739 [main] INFO com.iluwatar.commander.Commander - Order has been placed and will be shipped to you. Please wait while we make your payment... 
13:02:07.739 [main] ERROR com.iluwatar.commander.Commander - Order 4NPQ94ZJDZBH: Payment time for order over, failed and returning..
13:02:07.739 [main] INFO com.iluwatar.commander.Commander - Order 4NPQ94ZJDZBH: Shipping placed successfully, transaction id: Z3OLKK49BFSQ
13:02:07.739 [main] INFO com.iluwatar.commander.Commander - Order has been placed and will be shipped to you. Please wait while we make your payment... 
13:02:07.739 [main] INFO com.iluwatar.commander.Commander - Order 4NPQ94ZJDZBH: Shipping placed successfully, transaction id: Q09M98LNCNYO
13:02:07.739 [main] INFO com.iluwatar.commander.Commander - Order has been placed and will be shipped to you. Please wait while we make your payment... 
13:02:07.740 [main] DEBUG com.iluwatar.commander.Commander - Order EXEUO95E1FOB: Error in creating shipping request..
13:02:07.740 [main] INFO com.iluwatar.commander.Commander - Sorry, there was a problem in creating your order. Please try later.
13:02:07.740 [main] ERROR com.iluwatar.commander.Commander - Order EXEUO95E1FOB: Shipping service unavailable, order not placed..
13:02:07.740 [main] INFO com.iluwatar.commander.Commander - Order EXEUO95E1FOB: Shipping placed successfully, transaction id: 34P1S9WYFBX6
13:02:07.740 [main] INFO com.iluwatar.commander.Commander - Order has been placed and will be shipped to you. Please wait while we make your payment... 
13:02:07.740 [main] ERROR com.iluwatar.commander.Commander - Order EXEUO95E1FOB: Payment time for order over, failed and returning..
13:02:07.740 [main] INFO com.iluwatar.commander.Commander - Order EXEUO95E1FOB: Shipping placed successfully, transaction id: W831VUF25IFU
13:02:07.740 [main] INFO com.iluwatar.commander.Commander - Order has been placed and will be shipped to you. Please wait while we make your payment... 
13:02:07.740 [main] INFO com.iluwatar.commander.Commander - Order EXEUO95E1FOB: Shipping placed successfully, transaction id: EA3XOHJOHA90
13:02:07.740 [main] INFO com.iluwatar.commander.Commander - Order has been placed and will be shipped to you. Please wait while we make your payment... 
13:02:07.740 [main] INFO com.iluwatar.commander.Commander - Sorry, there was a problem in creating your order. Please try later.
13:02:07.740 [main] ERROR com.iluwatar.commander.Commander - Order Y3WLKS4SM6BZ: Shipping service unavailable, order not placed..
13:02:07.740 [main] INFO com.iluwatar.commander.Commander - Sorry, there was a problem in creating your order. Please try later.
13:02:07.740 [main] ERROR com.iluwatar.commander.Commander - Order Y3WLKS4SM6BZ: Shipping service unavailable, order not placed..
13:02:07.740 [main] INFO com.iluwatar.commander.Commander - Sorry, there was a problem in creating your order. Please try later.
13:02:07.740 [main] ERROR com.iluwatar.commander.Commander - Order Y3WLKS4SM6BZ: Shipping service unavailable, order not placed..
13:02:07.740 [main] INFO com.iluwatar.commander.Commander - Sorry, there was a problem in creating your order. Please try later.
13:02:07.740 [main] ERROR com.iluwatar.commander.Commander - Order Y3WLKS4SM6BZ: Shipping service unavailable, order not placed..
13:02:07.740 [main] INFO com.iluwatar.commander.Commander - Sorry, there was a problem in creating your order. Please try later.
13:02:07.740 [main] ERROR com.iluwatar.commander.Commander - Order M21DWL2SPT6S: Shipping service unavailable, order not placed..
13:02:07.740 [main] INFO com.iluwatar.commander.Commander - Sorry, there was a problem in creating your order. Please try later.
13:02:07.740 [main] ERROR com.iluwatar.commander.Commander - Order M21DWL2SPT6S: Shipping service unavailable, order not placed..
13:02:07.740 [main] INFO com.iluwatar.commander.Commander - Sorry, there was a problem in creating your order. Please try later.
13:02:07.740 [main] ERROR com.iluwatar.commander.Commander - Order M21DWL2SPT6S: Shipping service unavailable, order not placed..
13:02:07.740 [main] INFO com.iluwatar.commander.Commander - Sorry, there was a problem in creating your order. Please try later.
13:02:07.740 [main] ERROR com.iluwatar.commander.Commander - Order M21DWL2SPT6S: Shipping service unavailable, order not placed..
13:02:07.740 [main] DEBUG com.iluwatar.commander.Commander - Order OL686YIHF8XQ: Error in connecting to shipping service, trying again..
13:02:07.740 [main] INFO com.iluwatar.commander.Commander - Sorry, there was a problem in creating your order. Please try later.
13:02:07.740 [main] ERROR com.iluwatar.commander.Commander - Order OL686YIHF8XQ: Shipping service unavailable, order not placed..
13:02:07.740 [main] INFO com.iluwatar.commander.Commander - Order OL686YIHF8XQ: Shipping placed successfully, transaction id: B56YUH5ZR4KU
13:02:07.740 [main] INFO com.iluwatar.commander.Commander - Order has been placed and will be shipped to you. Please wait while we make your payment... 
13:02:07.740 [main] ERROR com.iluwatar.commander.Commander - Order OL686YIHF8XQ: Payment time for order over, failed and returning..
13:02:07.740 [main] INFO com.iluwatar.commander.Commander - Order OL686YIHF8XQ: Shipping placed successfully, transaction id: SA9HLEDSTTFN
13:02:07.740 [main] INFO com.iluwatar.commander.Commander - Order has been placed and will be shipped to you. Please wait while we make your payment... 
13:02:07.740 [main] INFO com.iluwatar.commander.Commander - Order OL686YIHF8XQ: Shipping placed successfully, transaction id: JGBF1V5QJNM9
13:02:07.740 [main] INFO com.iluwatar.commander.Commander - Order has been placed and will be shipped to you. Please wait while we make your payment... 
13:02:07.740 [main] DEBUG com.iluwatar.commander.Commander - Order W2KVB52GARNR: Error in creating shipping request..
13:02:07.740 [main] INFO com.iluwatar.commander.Commander - Sorry, there was a problem in creating your order. Please try later.
13:02:07.740 [main] ERROR com.iluwatar.commander.Commander - Order W2KVB52GARNR: Shipping service unavailable, order not placed..
13:02:07.740 [main] INFO com.iluwatar.commander.Commander - Order W2KVB52GARNR: Shipping placed successfully, transaction id: AC7UXGY5SUCA
13:02:07.740 [main] INFO com.iluwatar.commander.Commander - Order has been placed and will be shipped to you. Please wait while we make your payment... 
13:02:07.740 [main] ERROR com.iluwatar.commander.Commander - Order W2KVB52GARNR: Payment time for order over, failed and returning..
13:02:07.740 [main] INFO com.iluwatar.commander.Commander - Order W2KVB52GARNR: Shipping placed successfully, transaction id: EES9HK1ODIA4
13:02:07.740 [main] INFO com.iluwatar.commander.Commander - Order has been placed and will be shipped to you. Please wait while we make your payment... 
13:02:07.740 [main] INFO com.iluwatar.commander.Commander - Order W2KVB52GARNR: Shipping placed successfully, transaction id: CQQIY5WCHSH3
13:02:07.740 [main] INFO com.iluwatar.commander.Commander - Order has been placed and will be shipped to you. Please wait while we make your payment... 
13:02:07.740 [main] INFO com.iluwatar.commander.Commander - Sorry, there was a problem in creating your order. Please try later.
13:02:07.740 [main] ERROR com.iluwatar.commander.Commander - Order PF0HNK4TVFF5: Shipping service unavailable, order not placed..
13:02:07.740 [main] INFO com.iluwatar.commander.Commander - Sorry, there was a problem in creating your order. Please try later.
13:02:07.740 [main] ERROR com.iluwatar.commander.Commander - Order PF0HNK4TVFF5: Shipping service unavailable, order not placed..
13:02:07.740 [main] INFO com.iluwatar.commander.Commander - Sorry, there was a problem in creating your order. Please try later.
13:02:07.740 [main] ERROR com.iluwatar.commander.Commander - Order PF0HNK4TVFF5: Shipping service unavailable, order not placed..
13:02:07.740 [main] INFO com.iluwatar.commander.Commander - Sorry, there was a problem in creating your order. Please try later.
13:02:07.740 [main] ERROR com.iluwatar.commander.Commander - Order PF0HNK4TVFF5: Shipping service unavailable, order not placed..
13:02:07.740 [main] INFO com.iluwatar.commander.Commander - Sorry, there was a problem in creating your order. Please try later.
13:02:07.740 [main] ERROR com.iluwatar.commander.Commander - Order 9CIR2MJQ036H: Shipping service unavailable, order not placed..
13:02:07.740 [main] INFO com.iluwatar.commander.Commander - Sorry, there was a problem in creating your order. Please try later.
13:02:07.740 [main] ERROR com.iluwatar.commander.Commander - Order 9CIR2MJQ036H: Shipping service unavailable, order not placed..
13:02:07.740 [main] INFO com.iluwatar.commander.Commander - Sorry, there was a problem in creating your order. Please try later.
13:02:07.740 [main] ERROR com.iluwatar.commander.Commander - Order 9CIR2MJQ036H: Shipping service unavailable, order not placed..
13:02:07.740 [main] INFO com.iluwatar.commander.Commander - Sorry, there was a problem in creating your order. Please try later.
13:02:07.740 [main] ERROR com.iluwatar.commander.Commander - Order 9CIR2MJQ036H: Shipping service unavailable, order not placed..
13:02:07.740 [main] DEBUG com.iluwatar.commander.Commander - Order 8Q41I8F5HJFJ: Error in connecting to shipping service, trying again..
13:02:07.740 [main] INFO com.iluwatar.commander.Commander - Sorry, there was a problem in creating your order. Please try later.
13:02:07.740 [main] ERROR com.iluwatar.commander.Commander - Order 8Q41I8F5HJFJ: Shipping service unavailable, order not placed..
13:02:07.740 [main] INFO com.iluwatar.commander.Commander - Order 8Q41I8F5HJFJ: Shipping placed successfully, transaction id: W3NAOTJ6R07I
13:02:07.740 [main] INFO com.iluwatar.commander.Commander - Order has been placed and will be shipped to you. Please wait while we make your payment... 
13:02:07.740 [main] ERROR com.iluwatar.commander.Commander - Order 8Q41I8F5HJFJ: Payment time for order over, failed and returning..
13:02:07.740 [main] INFO com.iluwatar.commander.Commander - Order 8Q41I8F5HJFJ: Shipping placed successfully, transaction id: KUW24SMDG5CG
13:02:07.740 [main] INFO com.iluwatar.commander.Commander - Order has been placed and will be shipped to you. Please wait while we make your payment... 
13:02:07.740 [main] INFO com.iluwatar.commander.Commander - Order 8Q41I8F5HJFJ: Shipping placed successfully, transaction id: KLWRS04HMXIY
13:02:07.740 [main] INFO com.iluwatar.commander.Commander - Order has been placed and will be shipped to you. Please wait while we make your payment... 
13:02:07.740 [main] DEBUG com.iluwatar.commander.Commander - Order OAV8ZFRS4N5W: Error in connecting to shipping service, trying again..
13:02:07.740 [main] INFO com.iluwatar.commander.Commander - Sorry, there was a problem in creating your order. Please try later.
13:02:07.740 [main] ERROR com.iluwatar.commander.Commander - Order OAV8ZFRS4N5W: Shipping service unavailable, order not placed..
13:02:07.740 [main] INFO com.iluwatar.commander.Commander - Order OAV8ZFRS4N5W: Shipping placed successfully, transaction id: 523VBFBTLRAI
13:02:07.740 [main] INFO com.iluwatar.commander.Commander - Order has been placed and will be shipped to you. Please wait while we make your payment... 
13:02:07.740 [main] ERROR com.iluwatar.commander.Commander - Order OAV8ZFRS4N5W: Payment time for order over, failed and returning..
13:02:07.740 [main] INFO com.iluwatar.commander.Commander - Order OAV8ZFRS4N5W: Shipping placed successfully, transaction id: 52AQ54M52JEJ
13:02:07.740 [main] INFO com.iluwatar.commander.Commander - Order has been placed and will be shipped to you. Please wait while we make your payment... 
13:02:07.740 [main] INFO com.iluwatar.commander.Commander - Order OAV8ZFRS4N5W: Shipping placed successfully, transaction id: LEU1G1O0WD1F
13:02:07.740 [main] INFO com.iluwatar.commander.Commander - Order has been placed and will be shipped to you. Please wait while we make your payment... 
13:02:07.740 [main] INFO com.iluwatar.commander.Commander - Sorry, there was a problem in creating your order. Please try later.
13:02:07.740 [main] ERROR com.iluwatar.commander.Commander - Order W7X57GPH3160: Shipping service unavailable, order not placed..
13:02:07.740 [main] INFO com.iluwatar.commander.Commander - Sorry, there was a problem in creating your order. Please try later.
13:02:07.740 [main] ERROR com.iluwatar.commander.Commander - Order W7X57GPH3160: Shipping service unavailable, order not placed..
13:02:07.740 [main] INFO com.iluwatar.commander.Commander - Sorry, there was a problem in creating your order. Please try later.
13:02:07.740 [main] ERROR com.iluwatar.commander.Commander - Order W7X57GPH3160: Shipping service unavailable, order not placed..
13:02:07.740 [main] INFO com.iluwatar.commander.Commander - Sorry, there was a problem in creating your order. Please try later.
13:02:07.740 [main] ERROR com.iluwatar.commander.Commander - Order W7X57GPH3160: Shipping service unavailable, order not placed..
13:02:07.740 [main] INFO com.iluwatar.commander.Commander - Sorry, there was a problem in creating your order. Please try later.
13:02:07.740 [main] ERROR com.iluwatar.commander.Commander - Order 38ZBZ9LSYT2K: Shipping service unavailable, order not placed..
13:02:07.740 [main] INFO com.iluwatar.commander.Commander - Sorry, there was a problem in creating your order. Please try later.
13:02:07.740 [main] ERROR com.iluwatar.commander.Commander - Order 38ZBZ9LSYT2K: Shipping service unavailable, order not placed..
13:02:07.740 [main] INFO com.iluwatar.commander.Commander - Sorry, there was a problem in creating your order. Please try later.
13:02:07.740 [main] ERROR com.iluwatar.commander.Commander - Order 38ZBZ9LSYT2K: Shipping service unavailable, order not placed..
13:02:07.740 [main] INFO com.iluwatar.commander.Commander - Sorry, there was a problem in creating your order. Please try later.
13:02:07.740 [main] ERROR com.iluwatar.commander.Commander - Order 38ZBZ9LSYT2K: Shipping service unavailable, order not placed..
13:02:07.740 [main] DEBUG com.iluwatar.commander.Commander - Order JTLQ59ID1H9M: Error in connecting to shipping service, trying again..
13:02:07.740 [main] INFO com.iluwatar.commander.Commander - Sorry, there was a problem in creating your order. Please try later.
13:02:07.740 [main] ERROR com.iluwatar.commander.Commander - Order JTLQ59ID1H9M: Shipping service unavailable, order not placed..
13:02:07.740 [main] INFO com.iluwatar.commander.Commander - Order JTLQ59ID1H9M: Shipping placed successfully, transaction id: H47W30OVQ4U2
13:02:07.740 [main] INFO com.iluwatar.commander.Commander - Order has been placed and will be shipped to you. Please wait while we make your payment... 
13:02:07.740 [main] ERROR com.iluwatar.commander.Commander - Order JTLQ59ID1H9M: Payment time for order over, failed and returning..
13:02:07.740 [main] INFO com.iluwatar.commander.Commander - Order JTLQ59ID1H9M: Shipping placed successfully, transaction id: 7H3NHY3WQQN3
13:02:07.740 [main] INFO com.iluwatar.commander.Commander - Order has been placed and will be shipped to you. Please wait while we make your payment... 
13:02:07.740 [main] INFO com.iluwatar.commander.Commander - Order JTLQ59ID1H9M: Shipping placed successfully, transaction id: 924ADJ62LNBS
13:02:07.740 [main] INFO com.iluwatar.commander.Commander - Order has been placed and will be shipped to you. Please wait while we make your payment... 
13:02:07.740 [main] DEBUG com.iluwatar.commander.Commander - Order SSYNWBLYU4KD: Error in creating shipping request..
13:02:07.740 [main] INFO com.iluwatar.commander.Commander - Shipping is currently not possible to your address. We are working on the problem and will get back to you asap.
13:02:07.740 [main] INFO com.iluwatar.commander.Commander - Order SSYNWBLYU4KD: Shipping not possible to address, trying to add problem to employee db..
13:02:07.740 [main] INFO com.iluwatar.commander.Commander - Order SSYNWBLYU4KD: Shipping placed successfully, transaction id: XMMLXIU82XH6
13:02:07.740 [main] INFO com.iluwatar.commander.Commander - Order has been placed and will be shipped to you. Please wait while we make your payment... 
13:02:07.740 [main] ERROR com.iluwatar.commander.Commander - Order SSYNWBLYU4KD: Payment time for order over, failed and returning..
13:02:07.740 [main] INFO com.iluwatar.commander.Commander - Order SSYNWBLYU4KD: Shipping placed successfully, transaction id: S58LMI6ABNWL
13:02:07.740 [main] INFO com.iluwatar.commander.Commander - Order has been placed and will be shipped to you. Please wait while we make your payment... 
13:02:07.740 [main] INFO com.iluwatar.commander.Commander - Order SSYNWBLYU4KD: Shipping placed successfully, transaction id: X6YEVVQY8YM6
13:02:07.740 [main] INFO com.iluwatar.commander.Commander - Order has been placed and will be shipped to you. Please wait while we make your payment... 
13:02:07.740 [main] INFO com.iluwatar.commander.Commander - Sorry, there was a problem in creating your order. Please try later.
13:02:07.740 [main] ERROR com.iluwatar.commander.Commander - Order 3ZA46LY77PBO: Shipping service unavailable, order not placed..
13:02:07.740 [main] INFO com.iluwatar.commander.Commander - Sorry, there was a problem in creating your order. Please try later.
13:02:07.740 [main] ERROR com.iluwatar.commander.Commander - Order 3ZA46LY77PBO: Shipping service unavailable, order not placed..
13:02:07.740 [main] INFO com.iluwatar.commander.Commander - Sorry, there was a problem in creating your order. Please try later.
13:02:07.740 [main] ERROR com.iluwatar.commander.Commander - Order 3ZA46LY77PBO: Shipping service unavailable, order not placed..
13:02:07.740 [main] INFO com.iluwatar.commander.Commander - Sorry, there was a problem in creating your order. Please try later.
13:02:07.740 [main] ERROR com.iluwatar.commander.Commander - Order 3ZA46LY77PBO: Shipping service unavailable, order not placed..
13:02:07.741 [main] INFO com.iluwatar.commander.Commander - Sorry, there was a problem in creating your order. Please try later.
13:02:07.741 [main] ERROR com.iluwatar.commander.Commander - Order TK766KQG1N47: Shipping service unavailable, order not placed..
13:02:07.741 [main] INFO com.iluwatar.commander.Commander - Sorry, there was a problem in creating your order. Please try later.
13:02:07.741 [main] ERROR com.iluwatar.commander.Commander - Order TK766KQG1N47: Shipping service unavailable, order not placed..
13:02:07.741 [main] INFO com.iluwatar.commander.Commander - Sorry, there was a problem in creating your order. Please try later.
13:02:07.741 [main] ERROR com.iluwatar.commander.Commander - Order TK766KQG1N47: Shipping service unavailable, order not placed..
13:02:07.741 [main] INFO com.iluwatar.commander.Commander - Sorry, there was a problem in creating your order. Please try later.
13:02:07.741 [main] ERROR com.iluwatar.commander.Commander - Order TK766KQG1N47: Shipping service unavailable, order not placed..
13:02:07.741 [main] DEBUG com.iluwatar.commander.Commander - Order 3MDYTVO907AI: Error in connecting to shipping service, trying again..
13:02:07.741 [main] INFO com.iluwatar.commander.Commander - Sorry, there was a problem in creating your order. Please try later.
13:02:07.741 [main] ERROR com.iluwatar.commander.Commander - Order 3MDYTVO907AI: Shipping service unavailable, order not placed..
13:02:07.741 [main] INFO com.iluwatar.commander.Commander - Order 3MDYTVO907AI: Shipping placed successfully, transaction id: FW0A5YXZ16UH
13:02:07.741 [main] INFO com.iluwatar.commander.Commander - Order has been placed and will be shipped to you. Please wait while we make your payment... 
13:02:07.741 [main] ERROR com.iluwatar.commander.Commander - Order 3MDYTVO907AI: Payment time for order over, failed and returning..
13:02:07.741 [main] INFO com.iluwatar.commander.Commander - Order 3MDYTVO907AI: Shipping placed successfully, transaction id: LGJLUEFO8AK1
13:02:07.741 [main] INFO com.iluwatar.commander.Commander - Order has been placed and will be shipped to you. Please wait while we make your payment... 
13:02:07.741 [main] INFO com.iluwatar.commander.Commander - Order 3MDYTVO907AI: Shipping placed successfully, transaction id: AFUBYL17A49W
13:02:07.741 [main] INFO com.iluwatar.commander.Commander - Order has been placed and will be shipped to you. Please wait while we make your payment... 
13:02:07.741 [main] DEBUG com.iluwatar.commander.Commander - Order OVXXS1D7WUJO: Error in creating shipping request..
13:02:07.741 [main] INFO com.iluwatar.commander.Commander - This item is currently unavailable. We will inform you as soon as the item becomes available again.
13:02:07.741 [main] INFO com.iluwatar.commander.Commander - Order OVXXS1D7WUJO: Item pen unavailable, trying to add problem to employee handle..
13:02:07.741 [main] INFO com.iluwatar.commander.Commander - Order OVXXS1D7WUJO: Shipping placed successfully, transaction id: JMVBUWLP0LUK
13:02:07.741 [main] INFO com.iluwatar.commander.Commander - Order has been placed and will be shipped to you. Please wait while we make your payment... 
13:02:07.741 [main] ERROR com.iluwatar.commander.Commander - Order OVXXS1D7WUJO: Payment time for order over, failed and returning..
13:02:07.741 [main] INFO com.iluwatar.commander.Commander - Order OVXXS1D7WUJO: Shipping placed successfully, transaction id: FDMIVXSU1BVB
13:02:07.741 [main] INFO com.iluwatar.commander.Commander - Order has been placed and will be shipped to you. Please wait while we make your payment... 
13:02:07.741 [main] INFO com.iluwatar.commander.Commander - Order OVXXS1D7WUJO: Shipping placed successfully, transaction id: PVB8YT7NECZZ
13:02:07.741 [main] INFO com.iluwatar.commander.Commander - Order has been placed and will be shipped to you. Please wait while we make your payment... 
13:02:07.741 [main] INFO com.iluwatar.commander.Commander - Sorry, there was a problem in creating your order. Please try later.
13:02:07.741 [main] ERROR com.iluwatar.commander.Commander - Order TU5VSZCCD4VI: Shipping service unavailable, order not placed..
13:02:07.741 [main] INFO com.iluwatar.commander.Commander - Sorry, there was a problem in creating your order. Please try later.
13:02:07.741 [main] ERROR com.iluwatar.commander.Commander - Order TU5VSZCCD4VI: Shipping service unavailable, order not placed..
13:02:07.741 [main] INFO com.iluwatar.commander.Commander - Sorry, there was a problem in creating your order. Please try later.
13:02:07.741 [main] ERROR com.iluwatar.commander.Commander - Order TU5VSZCCD4VI: Shipping service unavailable, order not placed..
13:02:07.741 [main] INFO com.iluwatar.commander.Commander - Sorry, there was a problem in creating your order. Please try later.
13:02:07.741 [main] ERROR com.iluwatar.commander.Commander - Order TU5VSZCCD4VI: Shipping service unavailable, order not placed..
13:02:07.741 [main] INFO com.iluwatar.commander.Commander - Sorry, there was a problem in creating your order. Please try later.
13:02:07.741 [main] ERROR com.iluwatar.commander.Commander - Order NL1UDF2KEVT1: Shipping service unavailable, order not placed..
13:02:07.741 [main] INFO com.iluwatar.commander.Commander - Sorry, there was a problem in creating your order. Please try later.
13:02:07.741 [main] ERROR com.iluwatar.commander.Commander - Order NL1UDF2KEVT1: Shipping service unavailable, order not placed..
13:02:07.741 [main] INFO com.iluwatar.commander.Commander - Sorry, there was a problem in creating your order. Please try later.
13:02:07.741 [main] ERROR com.iluwatar.commander.Commander - Order NL1UDF2KEVT1: Shipping service unavailable, order not placed..
13:02:07.741 [main] INFO com.iluwatar.commander.Commander - Sorry, there was a problem in creating your order. Please try later.
13:02:07.741 [main] ERROR com.iluwatar.commander.Commander - Order NL1UDF2KEVT1: Shipping service unavailable, order not placed..
13:02:07.741 [main] DEBUG com.iluwatar.commander.Commander - Order K6LJPVDNRCN5: Error in connecting to shipping service, trying again..
13:02:07.741 [main] INFO com.iluwatar.commander.Commander - Sorry, there was a problem in creating your order. Please try later.
13:02:07.741 [main] ERROR com.iluwatar.commander.Commander - Order K6LJPVDNRCN5: Shipping service unavailable, order not placed..
13:02:07.741 [main] INFO com.iluwatar.commander.Commander - Order K6LJPVDNRCN5: Shipping placed successfully, transaction id: CH911CPEUF9E
13:02:07.741 [main] INFO com.iluwatar.commander.Commander - Order has been placed and will be shipped to you. Please wait while we make your payment... 
13:02:07.741 [main] ERROR com.iluwatar.commander.Commander - Order K6LJPVDNRCN5: Payment time for order over, failed and returning..
13:02:07.741 [main] INFO com.iluwatar.commander.Commander - Order K6LJPVDNRCN5: Shipping placed successfully, transaction id: EHJDUTM8AR9R
13:02:07.741 [main] INFO com.iluwatar.commander.Commander - Order has been placed and will be shipped to you. Please wait while we make your payment... 
13:02:07.741 [main] INFO com.iluwatar.commander.Commander - Order K6LJPVDNRCN5: Shipping placed successfully, transaction id: ZNB2P02BDOGF
13:02:07.741 [main] INFO com.iluwatar.commander.Commander - Order has been placed and will be shipped to you. Please wait while we make your payment... 
13:02:07.741 [main] DEBUG com.iluwatar.commander.Commander - Order S5H88GNPHEVI: Error in creating shipping request..
13:02:07.741 [main] INFO com.iluwatar.commander.Commander - Sorry, there was a problem in creating your order. Please try later.
13:02:07.741 [main] ERROR com.iluwatar.commander.Commander - Order S5H88GNPHEVI: Shipping service unavailable, order not placed..
13:02:07.741 [main] INFO com.iluwatar.commander.Commander - Order S5H88GNPHEVI: Shipping placed successfully, transaction id: KEQU6H28Z9EJ
13:02:07.741 [main] INFO com.iluwatar.commander.Commander - Order has been placed and will be shipped to you. Please wait while we make your payment... 
13:02:07.741 [main] ERROR com.iluwatar.commander.Commander - Order S5H88GNPHEVI: Payment time for order over, failed and returning..
13:02:07.741 [main] INFO com.iluwatar.commander.Commander - Order S5H88GNPHEVI: Shipping placed successfully, transaction id: 88T8ICNSQMP9
13:02:07.741 [main] INFO com.iluwatar.commander.Commander - Order has been placed and will be shipped to you. Please wait while we make your payment... 
13:02:07.741 [main] INFO com.iluwatar.commander.Commander - Order S5H88GNPHEVI: Shipping placed successfully, transaction id: B664SQU8XGUB
13:02:07.741 [main] INFO com.iluwatar.commander.Commander - Order has been placed and will be shipped to you. Please wait while we make your payment... 
13:02:07.741 [main] INFO com.iluwatar.commander.Commander - Sorry, there was a problem in creating your order. Please try later.
13:02:07.741 [main] ERROR com.iluwatar.commander.Commander - Order B2UDNRCS2ZVS: Shipping service unavailable, order not placed..
13:02:07.741 [main] INFO com.iluwatar.commander.Commander - Sorry, there was a problem in creating your order. Please try later.
13:02:07.741 [main] ERROR com.iluwatar.commander.Commander - Order B2UDNRCS2ZVS: Shipping service unavailable, order not placed..
13:02:07.741 [main] INFO com.iluwatar.commander.Commander - Sorry, there was a problem in creating your order. Please try later.
13:02:07.741 [main] ERROR com.iluwatar.commander.Commander - Order B2UDNRCS2ZVS: Shipping service unavailable, order not placed..
13:02:07.741 [main] INFO com.iluwatar.commander.Commander - Sorry, there was a problem in creating your order. Please try later.
13:02:07.741 [main] ERROR com.iluwatar.commander.Commander - Order B2UDNRCS2ZVS: Shipping service unavailable, order not placed..
13:02:07.741 [main] INFO com.iluwatar.commander.Commander - Sorry, there was a problem in creating your order. Please try later.
13:02:07.741 [main] ERROR com.iluwatar.commander.Commander - Order 9L5XHJ0ZUSWZ: Shipping service unavailable, order not placed..
13:02:07.741 [main] INFO com.iluwatar.commander.Commander - Sorry, there was a problem in creating your order. Please try later.
13:02:07.741 [main] ERROR com.iluwatar.commander.Commander - Order 9L5XHJ0ZUSWZ: Shipping service unavailable, order not placed..
13:02:07.741 [main] INFO com.iluwatar.commander.Commander - Sorry, there was a problem in creating your order. Please try later.
13:02:07.741 [main] ERROR com.iluwatar.commander.Commander - Order 9L5XHJ0ZUSWZ: Shipping service unavailable, order not placed..
13:02:07.741 [main] INFO com.iluwatar.commander.Commander - Sorry, there was a problem in creating your order. Please try later.
13:02:07.741 [main] ERROR com.iluwatar.commander.Commander - Order 9L5XHJ0ZUSWZ: Shipping service unavailable, order not placed..
13:02:07.741 [main] DEBUG com.iluwatar.commander.Commander - Order 2O881EX5EN5L: Error in connecting to shipping service, trying again..
13:02:07.741 [main] INFO com.iluwatar.commander.Commander - Sorry, there was a problem in creating your order. Please try later.
13:02:07.741 [main] ERROR com.iluwatar.commander.Commander - Order 2O881EX5EN5L: Shipping service unavailable, order not placed..
13:02:07.741 [main] INFO com.iluwatar.commander.Commander - Order 2O881EX5EN5L: Shipping placed successfully, transaction id: 8B1TDCTGOBEA
13:02:07.741 [main] INFO com.iluwatar.commander.Commander - Order has been placed and will be shipped to you. Please wait while we make your payment... 
13:02:07.741 [main] ERROR com.iluwatar.commander.Commander - Order 2O881EX5EN5L: Payment time for order over, failed and returning..
13:02:07.741 [main] INFO com.iluwatar.commander.Commander - Order 2O881EX5EN5L: Shipping placed successfully, transaction id: ES6GK7LWG19F
13:02:07.741 [main] INFO com.iluwatar.commander.Commander - Order has been placed and will be shipped to you. Please wait while we make your payment... 
13:02:07.741 [main] INFO com.iluwatar.commander.Commander - Order 2O881EX5EN5L: Shipping placed successfully, transaction id: OVKC52XA6W2J
13:02:07.741 [main] INFO com.iluwatar.commander.Commander - Order has been placed and will be shipped to you. Please wait while we make your payment... 
13:02:07.741 [main] DEBUG com.iluwatar.commander.Commander - Order DO3WERI62MPE: Error in creating shipping request..
13:02:07.741 [main] INFO com.iluwatar.commander.Commander - Sorry, there was a problem in creating your order. Please try later.
13:02:07.741 [main] ERROR com.iluwatar.commander.Commander - Order DO3WERI62MPE: Shipping service unavailable, order not placed..
13:02:07.741 [main] INFO com.iluwatar.commander.Commander - Order DO3WERI62MPE: Shipping placed successfully, transaction id: U58UBZGW44YO
13:02:07.741 [main] INFO com.iluwatar.commander.Commander - Order has been placed and will be shipped to you. Please wait while we make your payment... 
13:02:07.741 [main] ERROR com.iluwatar.commander.Commander - Order DO3WERI62MPE: Payment time for order over, failed and returning..
13:02:07.741 [main] INFO com.iluwatar.commander.Commander - Order DO3WERI62MPE: Shipping placed successfully, transaction id: FGF8RPD5WMKC
13:02:07.741 [main] INFO com.iluwatar.commander.Commander - Order has been placed and will be shipped to you. Please wait while we make your payment... 
13:02:07.741 [main] INFO com.iluwatar.commander.Commander - Order DO3WERI62MPE: Shipping placed successfully, transaction id: 3UQOA2BDKCF7
13:02:07.741 [main] INFO com.iluwatar.commander.Commander - Order has been placed and will be shipped to you. Please wait while we make your payment... 
13:02:07.741 [main] INFO com.iluwatar.commander.Commander - Sorry, there was a problem in creating your order. Please try later.
13:02:07.741 [main] ERROR com.iluwatar.commander.Commander - Order GNO54V8KYO26: Shipping service unavailable, order not placed..
13:02:07.741 [main] INFO com.iluwatar.commander.Commander - Sorry, there was a problem in creating your order. Please try later.
13:02:07.741 [main] ERROR com.iluwatar.commander.Commander - Order GNO54V8KYO26: Shipping service unavailable, order not placed..
13:02:07.741 [main] INFO com.iluwatar.commander.Commander - Sorry, there was a problem in creating your order. Please try later.
13:02:07.741 [main] ERROR com.iluwatar.commander.Commander - Order GNO54V8KYO26: Shipping service unavailable, order not placed..
13:02:07.741 [main] INFO com.iluwatar.commander.Commander - Sorry, there was a problem in creating your order. Please try later.
13:02:07.741 [main] ERROR com.iluwatar.commander.Commander - Order GNO54V8KYO26: Shipping service unavailable, order not placed..
13:02:07.741 [main] INFO com.iluwatar.commander.Commander - Sorry, there was a problem in creating your order. Please try later.
13:02:07.741 [main] ERROR com.iluwatar.commander.Commander - Order 8ANUGA4IHM7T: Shipping service unavailable, order not placed..
13:02:07.741 [main] INFO com.iluwatar.commander.Commander - Sorry, there was a problem in creating your order. Please try later.
13:02:07.741 [main] ERROR com.iluwatar.commander.Commander - Order 8ANUGA4IHM7T: Shipping service unavailable, order not placed..
13:02:07.741 [main] INFO com.iluwatar.commander.Commander - Sorry, there was a problem in creating your order. Please try later.
13:02:07.741 [main] ERROR com.iluwatar.commander.Commander - Order 8ANUGA4IHM7T: Shipping service unavailable, order not placed..
13:02:07.741 [main] INFO com.iluwatar.commander.Commander - Sorry, there was a problem in creating your order. Please try later.
13:02:07.741 [main] ERROR com.iluwatar.commander.Commander - Order 8ANUGA4IHM7T: Shipping service unavailable, order not placed..
]]></system-out>
    <system-err><![CDATA[java.lang.NullPointerException
	at com.iluwatar.commander.Commander.updateQueue(Commander.java:257)
	at com.iluwatar.commander.Commander.lambda$sendPaymentRequest$4(Commander.java:227)
	at com.iluwatar.commander.Retry.perform(Retry.java:96)
	at com.iluwatar.commander.Commander.lambda$sendPaymentRequest$6(Commander.java:234)
	at java.base/java.lang.Thread.run(Thread.java:829)
java.lang.NullPointerException
	at com.iluwatar.commander.Commander.updateQueue(Commander.java:257)
	at com.iluwatar.commander.Commander.handlePaymentPossibleErrorMsgErrorIssue(Commander.java:479)
	at com.iluwatar.commander.Commander.lambda$sendPaymentPossibleErrorMsg$28(Commander.java:461)
	at com.iluwatar.commander.Retry.perform(Retry.java:96)
	at com.iluwatar.commander.Commander.lambda$sendPaymentPossibleErrorMsg$30(Commander.java:466)
	at java.base/java.lang.Thread.run(Thread.java:829)
java.lang.NullPointerException
	at com.iluwatar.commander.Commander.updateQueue(Commander.java:257)
	at com.iluwatar.commander.Commander.lambda$sendPaymentRequest$4(Commander.java:227)
	at com.iluwatar.commander.Retry.perform(Retry.java:96)
	at com.iluwatar.commander.Commander.lambda$sendPaymentRequest$6(Commander.java:234)
	at java.base/java.lang.Thread.run(Thread.java:829)
java.lang.NullPointerException
	at com.iluwatar.commander.Commander.updateQueue(Commander.java:257)
	at com.iluwatar.commander.Commander.handlePaymentPossibleErrorMsgErrorIssue(Commander.java:479)
	at com.iluwatar.commander.Commander.lambda$sendPaymentPossibleErrorMsg$28(Commander.java:461)
	at com.iluwatar.commander.Retry.perform(Retry.java:96)
	at com.iluwatar.commander.Commander.lambda$sendPaymentPossibleErrorMsg$30(Commander.java:466)
	at java.base/java.lang.Thread.run(Thread.java:829)
java.lang.NullPointerException
	at com.iluwatar.commander.Commander.updateQueue(Commander.java:257)
	at com.iluwatar.commander.Commander.lambda$employeeHandleIssue$32(Commander.java:530)
	at com.iluwatar.commander.Retry.perform(Retry.java:96)
	at com.iluwatar.commander.Commander.lambda$employeeHandleIssue$34(Commander.java:538)
	at java.base/java.lang.Thread.run(Thread.java:829)
java.lang.NullPointerException
	at com.iluwatar.commander.Commander.updateQueue(Commander.java:257)
	at com.iluwatar.commander.Commander.handleSuccessMessageErrorIssue(Commander.java:365)
	at com.iluwatar.commander.Commander.lambda$sendSuccessMessage$19(Commander.java:347)
	at com.iluwatar.commander.Retry.perform(Retry.java:96)
	at com.iluwatar.commander.Commander.lambda$sendSuccessMessage$21(Commander.java:352)
	at java.base/java.lang.Thread.run(Thread.java:829)
java.lang.NullPointerException
	at com.iluwatar.commander.Commander.updateQueue(Commander.java:257)
	at com.iluwatar.commander.Commander.lambda$employeeHandleIssue$32(Commander.java:530)
	at com.iluwatar.commander.Retry.perform(Retry.java:96)
	at com.iluwatar.commander.Commander.lambda$employeeHandleIssue$34(Commander.java:538)
	at java.base/java.lang.Thread.run(Thread.java:829)
java.lang.NullPointerException
	at com.iluwatar.commander.Commander.updateQueue(Commander.java:257)
	at com.iluwatar.commander.Commander.handlePaymentErrorIssue(Commander.java:423)
	at com.iluwatar.commander.Commander.lambda$sendPaymentFailureMessage$24(Commander.java:405)
	at com.iluwatar.commander.Retry.perform(Retry.java:96)
	at com.iluwatar.commander.Commander.lambda$sendPaymentFailureMessage$26(Commander.java:410)
	at java.base/java.lang.Thread.run(Thread.java:829)
java.lang.NullPointerException
	at com.iluwatar.commander.Commander.updateQueue(Commander.java:257)
	at com.iluwatar.commander.Commander.handleSuccessMessageErrorIssue(Commander.java:365)
	at com.iluwatar.commander.Commander.lambda$sendSuccessMessage$19(Commander.java:347)
	at com.iluwatar.commander.Retry.perform(Retry.java:96)
	at com.iluwatar.commander.Commander.lambda$sendSuccessMessage$21(Commander.java:352)
	at java.base/java.lang.Thread.run(Thread.java:829)
java.lang.NullPointerException
	at com.iluwatar.commander.Commander.updateQueue(Commander.java:257)
	at com.iluwatar.commander.Commander.lambda$sendPaymentRequest$4(Commander.java:227)
	at com.iluwatar.commander.Retry.perform(Retry.java:96)
	at com.iluwatar.commander.Commander.lambda$sendPaymentRequest$6(Commander.java:234)
	at java.base/java.lang.Thread.run(Thread.java:829)
java.lang.NullPointerException
	at com.iluwatar.commander.Commander.updateQueue(Commander.java:257)
	at com.iluwatar.commander.Commander.handlePaymentPossibleErrorMsgErrorIssue(Commander.java:479)
	at com.iluwatar.commander.Commander.lambda$sendPaymentPossibleErrorMsg$28(Commander.java:461)
	at com.iluwatar.commander.Retry.perform(Retry.java:96)
	at com.iluwatar.commander.Commander.lambda$sendPaymentPossibleErrorMsg$30(Commander.java:466)
	at java.base/java.lang.Thread.run(Thread.java:829)
java.lang.NullPointerException
	at com.iluwatar.commander.Commander.updateQueue(Commander.java:257)
	at com.iluwatar.commander.Commander.lambda$employeeHandleIssue$32(Commander.java:530)
	at com.iluwatar.commander.Retry.perform(Retry.java:96)
	at com.iluwatar.commander.Commander.lambda$employeeHandleIssue$34(Commander.java:538)
	at java.base/java.lang.Thread.run(Thread.java:829)
java.lang.NullPointerException
	at com.iluwatar.commander.Commander.updateQueue(Commander.java:257)
	at com.iluwatar.commander.Commander.lambda$sendPaymentRequest$4(Commander.java:227)
	at com.iluwatar.commander.Retry.perform(Retry.java:96)
	at com.iluwatar.commander.Commander.lambda$sendPaymentRequest$6(Commander.java:234)
	at java.base/java.lang.Thread.run(Thread.java:829)
java.lang.NullPointerException
	at com.iluwatar.commander.Commander.updateQueue(Commander.java:257)
	at com.iluwatar.commander.Commander.lambda$sendPaymentRequest$4(Commander.java:227)
	at com.iluwatar.commander.Retry.perform(Retry.java:96)
	at com.iluwatar.commander.Commander.lambda$sendPaymentRequest$6(Commander.java:234)
	at java.base/java.lang.Thread.run(Thread.java:829)
java.lang.NullPointerException
	at com.iluwatar.commander.Commander.updateQueue(Commander.java:257)
	at com.iluwatar.commander.Commander.handleSuccessMessageErrorIssue(Commander.java:365)
	at com.iluwatar.commander.Commander.lambda$sendSuccessMessage$19(Commander.java:347)
	at com.iluwatar.commander.Retry.perform(Retry.java:96)
	at com.iluwatar.commander.Commander.lambda$sendSuccessMessage$21(Commander.java:352)
	at java.base/java.lang.Thread.run(Thread.java:829)
java.lang.NullPointerException
	at com.iluwatar.commander.Commander.updateQueue(Commander.java:257)
	at com.iluwatar.commander.Commander.lambda$employeeHandleIssue$32(Commander.java:530)
	at com.iluwatar.commander.Retry.perform(Retry.java:96)
	at com.iluwatar.commander.Commander.lambda$employeeHandleIssue$34(Commander.java:538)
	at java.base/java.lang.Thread.run(Thread.java:829)
java.lang.NullPointerException
	at com.iluwatar.commander.Commander.updateQueue(Commander.java:257)
	at com.iluwatar.commander.Commander.lambda$sendPaymentRequest$4(Commander.java:227)
	at com.iluwatar.commander.Retry.perform(Retry.java:96)
	at com.iluwatar.commander.Commander.lambda$sendPaymentRequest$6(Commander.java:234)
	at java.base/java.lang.Thread.run(Thread.java:829)
java.lang.NullPointerException
	at com.iluwatar.commander.Commander.updateQueue(Commander.java:257)
	at com.iluwatar.commander.Commander.handlePaymentPossibleErrorMsgErrorIssue(Commander.java:479)
	at com.iluwatar.commander.Commander.lambda$sendPaymentPossibleErrorMsg$28(Commander.java:461)
	at com.iluwatar.commander.Retry.perform(Retry.java:96)
	at com.iluwatar.commander.Commander.lambda$sendPaymentPossibleErrorMsg$30(Commander.java:466)
	at java.base/java.lang.Thread.run(Thread.java:829)
java.lang.NullPointerException
	at com.iluwatar.commander.Commander.updateQueue(Commander.java:257)
	at com.iluwatar.commander.Commander.handlePaymentErrorIssue(Commander.java:423)
	at com.iluwatar.commander.Commander.lambda$sendPaymentFailureMessage$24(Commander.java:405)
	at com.iluwatar.commander.Retry.perform(Retry.java:96)
	at com.iluwatar.commander.Commander.lambda$sendPaymentFailureMessage$26(Commander.java:410)
	at java.base/java.lang.Thread.run(Thread.java:829)
java.lang.NullPointerException
	at com.iluwatar.commander.Commander.updateQueue(Commander.java:257)
	at com.iluwatar.commander.Commander.handleSuccessMessageErrorIssue(Commander.java:365)
	at com.iluwatar.commander.Commander.lambda$sendSuccessMessage$19(Commander.java:347)
	at com.iluwatar.commander.Retry.perform(Retry.java:96)
	at com.iluwatar.commander.Commander.lambda$sendSuccessMessage$21(Commander.java:352)
	at java.base/java.lang.Thread.run(Thread.java:829)
]]></system-err>
  </testcase>
  <testcase name="testPlaceOrderNoExceptionShortQueueDuration" classname="com.iluwatar.commander.CommanderTest" time="0.004">
    <system-out><![CDATA[13:02:07.742 [main] INFO com.iluwatar.commander.Commander - Order 71705FMIT1M7: Shipping placed successfully, transaction id: 1YH4W3RN2OBH
13:02:07.742 [main] INFO com.iluwatar.commander.Commander - Order has been placed and will be shipped to you. Please wait while we make your payment... 
13:02:07.742 [main] INFO com.iluwatar.commander.Commander - Order 71705FMIT1M7: Shipping placed successfully, transaction id: ZV0Z0JV6BWB1
13:02:07.742 [main] INFO com.iluwatar.commander.Commander - Order has been placed and will be shipped to you. Please wait while we make your payment... 
13:02:07.742 [Thread-2275] DEBUG com.iluwatar.commander.Commander - Order 71705FMIT1M7: Error in creating payment request..
13:02:07.742 [Thread-2275] INFO com.iluwatar.commander.Commander - There was an error in payment. We are on it, and will get back to you asap. Don't worry, your order has been placed and will be shipped.
13:02:07.742 [Thread-2275] WARN com.iluwatar.commander.Commander - Order 71705FMIT1M7: Payment error, going to queue..
13:02:07.743 [Thread-2276] INFO com.iluwatar.commander.Commander - Order 71705FMIT1M7: Payment successful, transaction Id: T8RAHDVLILGJ
13:02:07.743 [main] INFO com.iluwatar.commander.Commander - Order 71705FMIT1M7: Shipping placed successfully, transaction id: W6RJDP8V74WC
13:02:07.743 [main] INFO com.iluwatar.commander.Commander - Order has been placed and will be shipped to you. Please wait while we make your payment... 
13:02:07.743 [Thread-2278] INFO com.iluwatar.commander.messagingservice.MessagingService - Msg: Your order has been placed and paid for successfully! Thank you for shopping with us!
13:02:07.743 [Thread-2278] INFO com.iluwatar.commander.Commander - Order 71705FMIT1M7: Payment Success message sent, request Id: 22UJL5QM2QPH
13:02:07.743 [main] INFO com.iluwatar.commander.Commander - Order 71705FMIT1M7: Shipping placed successfully, transaction id: KXMB9B3B49L1
13:02:07.743 [main] INFO com.iluwatar.commander.Commander - Order has been placed and will be shipped to you. Please wait while we make your payment... 
13:02:07.743 [main] INFO com.iluwatar.commander.Commander - Order 4QCNUUUXNE5T: Shipping placed successfully, transaction id: F20WCQGZAV6V
13:02:07.743 [main] INFO com.iluwatar.commander.Commander - Order has been placed and will be shipped to you. Please wait while we make your payment... 
13:02:07.743 [main] INFO com.iluwatar.commander.Commander - Order 4QCNUUUXNE5T: Shipping placed successfully, transaction id: 3IGBS8131ON3
13:02:07.743 [main] INFO com.iluwatar.commander.Commander - Order has been placed and will be shipped to you. Please wait while we make your payment... 
13:02:07.743 [Thread-2281] DEBUG com.iluwatar.commander.Commander - Order 4QCNUUUXNE5T: Error in creating payment request..
13:02:07.743 [Thread-2281] INFO com.iluwatar.commander.Commander - There was an error in payment. We are on it, and will get back to you asap. Don't worry, your order has been placed and will be shipped.
13:02:07.743 [Thread-2281] WARN com.iluwatar.commander.Commander - Order 4QCNUUUXNE5T: Payment error, going to queue..
13:02:07.743 [Thread-2282] INFO com.iluwatar.commander.Commander - Order 4QCNUUUXNE5T: Payment successful, transaction Id: F1T3N1VZXOXN
13:02:07.743 [main] INFO com.iluwatar.commander.Commander - Order 4QCNUUUXNE5T: Shipping placed successfully, transaction id: OLL25KS49TT0
13:02:07.743 [main] INFO com.iluwatar.commander.Commander - Order has been placed and will be shipped to you. Please wait while we make your payment... 
13:02:07.743 [Thread-2284] INFO com.iluwatar.commander.messagingservice.MessagingService - Msg: Your order has been placed and paid for successfully! Thank you for shopping with us!
13:02:07.743 [Thread-2284] INFO com.iluwatar.commander.Commander - Order 4QCNUUUXNE5T: Payment Success message sent, request Id: BXHIX22EWWR9
13:02:07.743 [main] INFO com.iluwatar.commander.Commander - Order 4QCNUUUXNE5T: Shipping placed successfully, transaction id: CUA7VYU2B5U5
13:02:07.743 [main] INFO com.iluwatar.commander.Commander - Order has been placed and will be shipped to you. Please wait while we make your payment... 
13:02:07.743 [main] INFO com.iluwatar.commander.Commander - Order 55TMCTAP5T8L: Shipping placed successfully, transaction id: NOTXDZVJXPZV
13:02:07.743 [main] INFO com.iluwatar.commander.Commander - Order has been placed and will be shipped to you. Please wait while we make your payment... 
13:02:07.743 [main] INFO com.iluwatar.commander.Commander - Order 55TMCTAP5T8L: Shipping placed successfully, transaction id: BULE4BCQAJGK
13:02:07.743 [main] INFO com.iluwatar.commander.Commander - Order has been placed and will be shipped to you. Please wait while we make your payment... 
13:02:07.744 [Thread-2287] DEBUG com.iluwatar.commander.Commander - Order 55TMCTAP5T8L: Error in creating payment request..
13:02:07.744 [Thread-2287] INFO com.iluwatar.commander.Commander - There was an error in payment. We are on it, and will get back to you asap. Don't worry, your order has been placed and will be shipped.
13:02:07.744 [Thread-2287] WARN com.iluwatar.commander.Commander - Order 55TMCTAP5T8L: Payment error, going to queue..
13:02:07.744 [main] INFO com.iluwatar.commander.Commander - Order 55TMCTAP5T8L: Shipping placed successfully, transaction id: BYAX7NNKDLK9
13:02:07.744 [main] INFO com.iluwatar.commander.Commander - Order has been placed and will be shipped to you. Please wait while we make your payment... 
13:02:07.744 [Thread-2288] INFO com.iluwatar.commander.Commander - Order 55TMCTAP5T8L: Payment successful, transaction Id: E8HVSUL19F21
13:02:07.744 [Thread-2291] INFO com.iluwatar.commander.messagingservice.MessagingService - Msg: Your order has been placed and paid for successfully! Thank you for shopping with us!
13:02:07.744 [main] INFO com.iluwatar.commander.Commander - Order 55TMCTAP5T8L: Shipping placed successfully, transaction id: F6EKK4SWZYWX
13:02:07.744 [main] INFO com.iluwatar.commander.Commander - Order has been placed and will be shipped to you. Please wait while we make your payment... 
13:02:07.744 [Thread-2291] INFO com.iluwatar.commander.Commander - Order 55TMCTAP5T8L: Payment Success message sent, request Id: LYSVU5TFY1H4
13:02:07.744 [main] INFO com.iluwatar.commander.Commander - Order ON8VJ5V3BBDR: Shipping placed successfully, transaction id: AOFAJLWCKD9U
13:02:07.744 [main] INFO com.iluwatar.commander.Commander - Order has been placed and will be shipped to you. Please wait while we make your payment... 
13:02:07.744 [main] INFO com.iluwatar.commander.Commander - Order ON8VJ5V3BBDR: Shipping placed successfully, transaction id: 3QPA34YWLTZW
13:02:07.744 [main] INFO com.iluwatar.commander.Commander - Order has been placed and will be shipped to you. Please wait while we make your payment... 
13:02:07.744 [Thread-2293] DEBUG com.iluwatar.commander.Commander - Order ON8VJ5V3BBDR: Error in creating payment request..
13:02:07.744 [Thread-2293] INFO com.iluwatar.commander.Commander - There was an error in payment. We are on it, and will get back to you asap. Don't worry, your order has been placed and will be shipped.
13:02:07.744 [Thread-2293] WARN com.iluwatar.commander.Commander - Order ON8VJ5V3BBDR: Payment error, going to queue..
13:02:07.744 [main] INFO com.iluwatar.commander.Commander - Order ON8VJ5V3BBDR: Shipping placed successfully, transaction id: YGXBSYAIN0SU
13:02:07.744 [main] INFO com.iluwatar.commander.Commander - Order has been placed and will be shipped to you. Please wait while we make your payment... 
13:02:07.744 [Thread-2294] INFO com.iluwatar.commander.Commander - Order ON8VJ5V3BBDR: Payment successful, transaction Id: 86APE5E97VV2
13:02:07.744 [Thread-2297] INFO com.iluwatar.commander.messagingservice.MessagingService - Msg: Your order has been placed and paid for successfully! Thank you for shopping with us!
13:02:07.744 [Thread-2297] INFO com.iluwatar.commander.Commander - Order ON8VJ5V3BBDR: Payment Success message sent, request Id: O1QT3MK0UUIB
13:02:07.744 [main] INFO com.iluwatar.commander.Commander - Order ON8VJ5V3BBDR: Shipping placed successfully, transaction id: S226W0S21MJ4
13:02:07.744 [main] INFO com.iluwatar.commander.Commander - Order has been placed and will be shipped to you. Please wait while we make your payment... 
13:02:07.744 [main] INFO com.iluwatar.commander.Commander - Order XU43MV0WYDB5: Shipping placed successfully, transaction id: 8SD40KZYBRPN
13:02:07.744 [main] INFO com.iluwatar.commander.Commander - Order has been placed and will be shipped to you. Please wait while we make your payment... 
13:02:07.744 [main] INFO com.iluwatar.commander.Commander - Order XU43MV0WYDB5: Shipping placed successfully, transaction id: MUVZTZFCL2J0
13:02:07.744 [main] INFO com.iluwatar.commander.Commander - Order has been placed and will be shipped to you. Please wait while we make your payment... 
13:02:07.744 [Thread-2299] DEBUG com.iluwatar.commander.Commander - Order XU43MV0WYDB5: Error in creating payment request..
13:02:07.744 [Thread-2299] INFO com.iluwatar.commander.Commander - There was an error in payment. We are on it, and will get back to you asap. Don't worry, your order has been placed and will be shipped.
13:02:07.744 [Thread-2299] WARN com.iluwatar.commander.Commander - Order XU43MV0WYDB5: Payment error, going to queue..
13:02:07.744 [main] INFO com.iluwatar.commander.Commander - Order XU43MV0WYDB5: Shipping placed successfully, transaction id: XUY6SN6MFURK
13:02:07.744 [main] INFO com.iluwatar.commander.Commander - Order has been placed and will be shipped to you. Please wait while we make your payment... 
13:02:07.744 [Thread-2300] INFO com.iluwatar.commander.Commander - Order XU43MV0WYDB5: Payment successful, transaction Id: QYR2APZEOXIE
13:02:07.744 [Thread-2303] INFO com.iluwatar.commander.messagingservice.MessagingService - Msg: Your order has been placed and paid for successfully! Thank you for shopping with us!
13:02:07.744 [Thread-2303] INFO com.iluwatar.commander.Commander - Order XU43MV0WYDB5: Payment Success message sent, request Id: WNJGUVM1TOLP
13:02:07.744 [main] INFO com.iluwatar.commander.Commander - Order XU43MV0WYDB5: Shipping placed successfully, transaction id: WJ4TRPFBTFSZ
13:02:07.744 [main] INFO com.iluwatar.commander.Commander - Order has been placed and will be shipped to you. Please wait while we make your payment... 
13:02:07.744 [main] INFO com.iluwatar.commander.Commander - Order Z6QGBTQ8DP4O: Shipping placed successfully, transaction id: 3YG906MI2B5G
13:02:07.744 [main] INFO com.iluwatar.commander.Commander - Order has been placed and will be shipped to you. Please wait while we make your payment... 
13:02:07.744 [main] INFO com.iluwatar.commander.Commander - Order Z6QGBTQ8DP4O: Shipping placed successfully, transaction id: 9ONULQCE4BY2
13:02:07.744 [main] INFO com.iluwatar.commander.Commander - Order has been placed and will be shipped to you. Please wait while we make your payment... 
13:02:07.744 [main] INFO com.iluwatar.commander.Commander - Order Z6QGBTQ8DP4O: Shipping placed successfully, transaction id: 552MBA2XPC8W
13:02:07.744 [main] INFO com.iluwatar.commander.Commander - Order has been placed and will be shipped to you. Please wait while we make your payment... 
13:02:07.744 [Thread-2306] DEBUG com.iluwatar.commander.Commander - Order Z6QGBTQ8DP4O: Error in creating payment request..
13:02:07.744 [Thread-2306] INFO com.iluwatar.commander.Commander - There was an error in payment. We are on it, and will get back to you asap. Don't worry, your order has been placed and will be shipped.
13:02:07.744 [Thread-2306] WARN com.iluwatar.commander.Commander - Order Z6QGBTQ8DP4O: Payment error, going to queue..
13:02:07.744 [Thread-2305] INFO com.iluwatar.commander.Commander - Order Z6QGBTQ8DP4O: Payment successful, transaction Id: H61CR929JC0G
13:02:07.744 [main] INFO com.iluwatar.commander.Commander - Order Z6QGBTQ8DP4O: Shipping placed successfully, transaction id: UGPIW9AIQ6LT
13:02:07.744 [main] INFO com.iluwatar.commander.Commander - Order has been placed and will be shipped to you. Please wait while we make your payment... 
13:02:07.744 [Thread-2309] INFO com.iluwatar.commander.messagingservice.MessagingService - Msg: Your order has been placed and paid for successfully! Thank you for shopping with us!
13:02:07.744 [Thread-2309] INFO com.iluwatar.commander.Commander - Order Z6QGBTQ8DP4O: Payment Success message sent, request Id: ASPRW6JG6I5S
13:02:07.744 [main] INFO com.iluwatar.commander.Commander - Order 1WNF5TYONWAX: Shipping placed successfully, transaction id: XW37V1H1RZ5Z
13:02:07.744 [main] INFO com.iluwatar.commander.Commander - Order has been placed and will be shipped to you. Please wait while we make your payment... 
13:02:07.745 [main] INFO com.iluwatar.commander.Commander - Order 1WNF5TYONWAX: Shipping placed successfully, transaction id: IZNGRD924FRX
13:02:07.745 [main] INFO com.iluwatar.commander.Commander - Order has been placed and will be shipped to you. Please wait while we make your payment... 
13:02:07.745 [Thread-2311] DEBUG com.iluwatar.commander.Commander - Order 1WNF5TYONWAX: Error in creating payment request..
13:02:07.745 [Thread-2311] INFO com.iluwatar.commander.Commander - There was an error in payment. We are on it, and will get back to you asap. Don't worry, your order has been placed and will be shipped.
13:02:07.745 [Thread-2311] WARN com.iluwatar.commander.Commander - Order 1WNF5TYONWAX: Payment error, going to queue..
13:02:07.745 [main] INFO com.iluwatar.commander.Commander - Order 1WNF5TYONWAX: Shipping placed successfully, transaction id: PNICMIDQ12HS
13:02:07.745 [main] INFO com.iluwatar.commander.Commander - Order has been placed and will be shipped to you. Please wait while we make your payment... 
13:02:07.745 [Thread-2312] INFO com.iluwatar.commander.Commander - Order 1WNF5TYONWAX: Payment successful, transaction Id: VI97XS9KGJL5
13:02:07.745 [main] INFO com.iluwatar.commander.Commander - Order 1WNF5TYONWAX: Shipping placed successfully, transaction id: JZX6LIW06P5G
13:02:07.745 [main] INFO com.iluwatar.commander.Commander - Order has been placed and will be shipped to you. Please wait while we make your payment... 
13:02:07.745 [Thread-2315] INFO com.iluwatar.commander.messagingservice.MessagingService - Msg: Your order has been placed and paid for successfully! Thank you for shopping with us!
13:02:07.745 [Thread-2315] INFO com.iluwatar.commander.Commander - Order 1WNF5TYONWAX: Payment Success message sent, request Id: W9EVJDVQ7RKQ
13:02:07.745 [main] INFO com.iluwatar.commander.Commander - Order VGQ4591M8ZBE: Shipping placed successfully, transaction id: 8TSJV8Y2S9ZX
13:02:07.745 [main] INFO com.iluwatar.commander.Commander - Order has been placed and will be shipped to you. Please wait while we make your payment... 
13:02:07.745 [main] INFO com.iluwatar.commander.Commander - Order VGQ4591M8ZBE: Shipping placed successfully, transaction id: WURXG6YUZUW1
13:02:07.745 [main] INFO com.iluwatar.commander.Commander - Order has been placed and will be shipped to you. Please wait while we make your payment... 
13:02:07.745 [Thread-2317] DEBUG com.iluwatar.commander.Commander - Order VGQ4591M8ZBE: Error in creating payment request..
13:02:07.745 [Thread-2317] INFO com.iluwatar.commander.Commander - There was an error in payment. We are on it, and will get back to you asap. Don't worry, your order has been placed and will be shipped.
13:02:07.745 [Thread-2317] WARN com.iluwatar.commander.Commander - Order VGQ4591M8ZBE: Payment error, going to queue..
13:02:07.745 [main] INFO com.iluwatar.commander.Commander - Order VGQ4591M8ZBE: Shipping placed successfully, transaction id: 40KBA0YQB2YV
13:02:07.745 [main] INFO com.iluwatar.commander.Commander - Order has been placed and will be shipped to you. Please wait while we make your payment... 
13:02:07.745 [Thread-2318] INFO com.iluwatar.commander.Commander - Order VGQ4591M8ZBE: Payment successful, transaction Id: ULAQ9A29TYHS
13:02:07.745 [Thread-2321] INFO com.iluwatar.commander.messagingservice.MessagingService - Msg: Your order has been placed and paid for successfully! Thank you for shopping with us!
13:02:07.745 [Thread-2321] INFO com.iluwatar.commander.Commander - Order VGQ4591M8ZBE: Payment Success message sent, request Id: 4C7IOCM3VZV1
13:02:07.745 [main] INFO com.iluwatar.commander.Commander - Order VGQ4591M8ZBE: Shipping placed successfully, transaction id: M4KSI8QS8RI5
13:02:07.745 [main] INFO com.iluwatar.commander.Commander - Order has been placed and will be shipped to you. Please wait while we make your payment... 
13:02:07.745 [main] INFO com.iluwatar.commander.Commander - Order C2Z4QFUS29UA: Shipping placed successfully, transaction id: Q8YGUY4O8YEB
13:02:07.745 [main] INFO com.iluwatar.commander.Commander - Order has been placed and will be shipped to you. Please wait while we make your payment... 
13:02:07.745 [main] ERROR com.iluwatar.commander.Commander - Order C2Z4QFUS29UA: Payment time for order over, failed and returning..
13:02:07.745 [main] INFO com.iluwatar.commander.Commander - Order C2Z4QFUS29UA: Shipping placed successfully, transaction id: VXDJ1H7HVJ0D
13:02:07.745 [main] INFO com.iluwatar.commander.Commander - Order has been placed and will be shipped to you. Please wait while we make your payment... 
13:02:07.745 [main] INFO com.iluwatar.commander.Commander - Order C2Z4QFUS29UA: Shipping placed successfully, transaction id: QA60Y0RGCG66
13:02:07.745 [main] INFO com.iluwatar.commander.Commander - Order has been placed and will be shipped to you. Please wait while we make your payment... 
13:02:07.745 [main] INFO com.iluwatar.commander.Commander - Order C2Z4QFUS29UA: Shipping placed successfully, transaction id: JVMV5JFYW5UM
13:02:07.745 [main] INFO com.iluwatar.commander.Commander - Order has been placed and will be shipped to you. Please wait while we make your payment... 
13:02:07.745 [main] INFO com.iluwatar.commander.Commander - Order 02AAIUXIGYNN: Shipping placed successfully, transaction id: P8BKD3VDE09K
13:02:07.745 [main] INFO com.iluwatar.commander.Commander - Order has been placed and will be shipped to you. Please wait while we make your payment... 
13:02:07.745 [main] ERROR com.iluwatar.commander.Commander - Order 02AAIUXIGYNN: Payment time for order over, failed and returning..
13:02:07.745 [main] INFO com.iluwatar.commander.Commander - Order 02AAIUXIGYNN: Shipping placed successfully, transaction id: KFGGTR6I922S
13:02:07.745 [main] INFO com.iluwatar.commander.Commander - Order has been placed and will be shipped to you. Please wait while we make your payment... 
13:02:07.745 [main] INFO com.iluwatar.commander.Commander - Order 02AAIUXIGYNN: Shipping placed successfully, transaction id: I01WJ6RW123O
13:02:07.745 [main] INFO com.iluwatar.commander.Commander - Order has been placed and will be shipped to you. Please wait while we make your payment... 
13:02:07.745 [main] INFO com.iluwatar.commander.Commander - Order 02AAIUXIGYNN: Shipping placed successfully, transaction id: 4WP4FE7R4ATV
13:02:07.745 [main] INFO com.iluwatar.commander.Commander - Order has been placed and will be shipped to you. Please wait while we make your payment... 
13:02:07.745 [main] INFO com.iluwatar.commander.Commander - Order TRCXIFKV7QRM: Shipping placed successfully, transaction id: RN1P46J4HDSQ
13:02:07.745 [main] INFO com.iluwatar.commander.Commander - Order has been placed and will be shipped to you. Please wait while we make your payment... 
13:02:07.745 [main] ERROR com.iluwatar.commander.Commander - Order TRCXIFKV7QRM: Payment time for order over, failed and returning..
13:02:07.745 [main] INFO com.iluwatar.commander.Commander - Order TRCXIFKV7QRM: Shipping placed successfully, transaction id: 4XDBT2PSA8FR
13:02:07.745 [main] INFO com.iluwatar.commander.Commander - Order has been placed and will be shipped to you. Please wait while we make your payment... 
13:02:07.745 [main] INFO com.iluwatar.commander.Commander - Order TRCXIFKV7QRM: Shipping placed successfully, transaction id: MHH7OE4D3ZS4
13:02:07.745 [main] INFO com.iluwatar.commander.Commander - Order has been placed and will be shipped to you. Please wait while we make your payment... 
13:02:07.745 [main] INFO com.iluwatar.commander.Commander - Order TRCXIFKV7QRM: Shipping placed successfully, transaction id: H1RIS0ST7GKB
13:02:07.745 [main] INFO com.iluwatar.commander.Commander - Order has been placed and will be shipped to you. Please wait while we make your payment... 
13:02:07.745 [main] INFO com.iluwatar.commander.Commander - Order KX9B4HKKM8YA: Shipping placed successfully, transaction id: 4ISYNRDDCCBP
13:02:07.745 [main] INFO com.iluwatar.commander.Commander - Order has been placed and will be shipped to you. Please wait while we make your payment... 
13:02:07.745 [main] ERROR com.iluwatar.commander.Commander - Order KX9B4HKKM8YA: Payment time for order over, failed and returning..
13:02:07.745 [main] INFO com.iluwatar.commander.Commander - Order KX9B4HKKM8YA: Shipping placed successfully, transaction id: OELU7AOK2A57
13:02:07.745 [main] INFO com.iluwatar.commander.Commander - Order has been placed and will be shipped to you. Please wait while we make your payment... 
13:02:07.745 [main] INFO com.iluwatar.commander.Commander - Order KX9B4HKKM8YA: Shipping placed successfully, transaction id: 3656TPXOFUD5
13:02:07.745 [main] INFO com.iluwatar.commander.Commander - Order has been placed and will be shipped to you. Please wait while we make your payment... 
13:02:07.745 [main] INFO com.iluwatar.commander.Commander - Order KX9B4HKKM8YA: Shipping placed successfully, transaction id: SS1VYQFEBV7C
13:02:07.745 [main] INFO com.iluwatar.commander.Commander - Order has been placed and will be shipped to you. Please wait while we make your payment... 
13:02:07.745 [main] INFO com.iluwatar.commander.Commander - Order RLCKP8X0PBIW: Shipping placed successfully, transaction id: LCRTTTUAGEUC
13:02:07.745 [main] INFO com.iluwatar.commander.Commander - Order has been placed and will be shipped to you. Please wait while we make your payment... 
13:02:07.745 [main] ERROR com.iluwatar.commander.Commander - Order RLCKP8X0PBIW: Payment time for order over, failed and returning..
13:02:07.745 [main] INFO com.iluwatar.commander.Commander - Order RLCKP8X0PBIW: Shipping placed successfully, transaction id: ONLNP7OH7PV9
13:02:07.745 [main] INFO com.iluwatar.commander.Commander - Order has been placed and will be shipped to you. Please wait while we make your payment... 
13:02:07.745 [main] INFO com.iluwatar.commander.Commander - Order RLCKP8X0PBIW: Shipping placed successfully, transaction id: K5G29VGLRQ2K
13:02:07.745 [main] INFO com.iluwatar.commander.Commander - Order has been placed and will be shipped to you. Please wait while we make your payment... 
13:02:07.745 [main] INFO com.iluwatar.commander.Commander - Order RLCKP8X0PBIW: Shipping placed successfully, transaction id: SKIHY1VV9CNS
13:02:07.745 [main] INFO com.iluwatar.commander.Commander - Order has been placed and will be shipped to you. Please wait while we make your payment... 
13:02:07.745 [main] INFO com.iluwatar.commander.Commander - Order 8CZ02EXOVY24: Shipping placed successfully, transaction id: W66T82HGBYAO
13:02:07.745 [main] INFO com.iluwatar.commander.Commander - Order has been placed and will be shipped to you. Please wait while we make your payment... 
13:02:07.745 [main] ERROR com.iluwatar.commander.Commander - Order 8CZ02EXOVY24: Payment time for order over, failed and returning..
13:02:07.745 [main] INFO com.iluwatar.commander.Commander - Order 8CZ02EXOVY24: Shipping placed successfully, transaction id: COFH7WKORP0Q
13:02:07.745 [main] INFO com.iluwatar.commander.Commander - Order has been placed and will be shipped to you. Please wait while we make your payment... 
13:02:07.745 [main] INFO com.iluwatar.commander.Commander - Order 8CZ02EXOVY24: Shipping placed successfully, transaction id: ZMA50G807RSQ
13:02:07.745 [main] INFO com.iluwatar.commander.Commander - Order has been placed and will be shipped to you. Please wait while we make your payment... 
13:02:07.745 [main] INFO com.iluwatar.commander.Commander - Order 8CZ02EXOVY24: Shipping placed successfully, transaction id: PGR847K5WN3Z
13:02:07.745 [main] INFO com.iluwatar.commander.Commander - Order has been placed and will be shipped to you. Please wait while we make your payment... 
13:02:07.745 [main] INFO com.iluwatar.commander.Commander - Order D0IWIWB581NX: Shipping placed successfully, transaction id: VXG0XZSMG3UM
13:02:07.745 [main] INFO com.iluwatar.commander.Commander - Order has been placed and will be shipped to you. Please wait while we make your payment... 
13:02:07.745 [main] ERROR com.iluwatar.commander.Commander - Order D0IWIWB581NX: Payment time for order over, failed and returning..
13:02:07.745 [main] INFO com.iluwatar.commander.Commander - Order D0IWIWB581NX: Shipping placed successfully, transaction id: Q8ROWF4TITPJ
13:02:07.745 [main] INFO com.iluwatar.commander.Commander - Order has been placed and will be shipped to you. Please wait while we make your payment... 
13:02:07.745 [main] INFO com.iluwatar.commander.Commander - Order D0IWIWB581NX: Shipping placed successfully, transaction id: DOES5OLOKMHZ
13:02:07.745 [main] INFO com.iluwatar.commander.Commander - Order has been placed and will be shipped to you. Please wait while we make your payment... 
13:02:07.745 [main] INFO com.iluwatar.commander.Commander - Order D0IWIWB581NX: Shipping placed successfully, transaction id: V19C8T9MC7T4
13:02:07.745 [main] INFO com.iluwatar.commander.Commander - Order has been placed and will be shipped to you. Please wait while we make your payment... 
13:02:07.745 [main] INFO com.iluwatar.commander.Commander - Order QGYFSSBYRASS: Shipping placed successfully, transaction id: TD4GGEPJAK8O
13:02:07.745 [main] INFO com.iluwatar.commander.Commander - Order has been placed and will be shipped to you. Please wait while we make your payment... 
13:02:07.745 [main] ERROR com.iluwatar.commander.Commander - Order QGYFSSBYRASS: Payment time for order over, failed and returning..
13:02:07.745 [main] INFO com.iluwatar.commander.Commander - Order QGYFSSBYRASS: Shipping placed successfully, transaction id: 97ZCQW5M6W9A
13:02:07.745 [main] INFO com.iluwatar.commander.Commander - Order has been placed and will be shipped to you. Please wait while we make your payment... 
13:02:07.745 [main] INFO com.iluwatar.commander.Commander - Order QGYFSSBYRASS: Shipping placed successfully, transaction id: P8Z4GC3NF84J
13:02:07.745 [main] INFO com.iluwatar.commander.Commander - Order has been placed and will be shipped to you. Please wait while we make your payment... 
13:02:07.745 [main] INFO com.iluwatar.commander.Commander - Order QGYFSSBYRASS: Shipping placed successfully, transaction id: HWTQU6KZOQ9O
13:02:07.745 [main] INFO com.iluwatar.commander.Commander - Order has been placed and will be shipped to you. Please wait while we make your payment... 
13:02:07.745 [main] INFO com.iluwatar.commander.Commander - Order YPVSCU62BAJV: Shipping placed successfully, transaction id: XEH86CC6XSYC
13:02:07.745 [main] INFO com.iluwatar.commander.Commander - Order has been placed and will be shipped to you. Please wait while we make your payment... 
13:02:07.745 [main] ERROR com.iluwatar.commander.Commander - Order YPVSCU62BAJV: Payment time for order over, failed and returning..
13:02:07.745 [main] INFO com.iluwatar.commander.Commander - Order YPVSCU62BAJV: Shipping placed successfully, transaction id: TZ1L3Q6HIYQ3
13:02:07.745 [main] INFO com.iluwatar.commander.Commander - Order has been placed and will be shipped to you. Please wait while we make your payment... 
13:02:07.745 [main] INFO com.iluwatar.commander.Commander - Order YPVSCU62BAJV: Shipping placed successfully, transaction id: O08XJHG44FFS
13:02:07.745 [main] INFO com.iluwatar.commander.Commander - Order has been placed and will be shipped to you. Please wait while we make your payment... 
13:02:07.745 [main] INFO com.iluwatar.commander.Commander - Order YPVSCU62BAJV: Shipping placed successfully, transaction id: B2Z7O95QMWS1
13:02:07.745 [main] INFO com.iluwatar.commander.Commander - Order has been placed and will be shipped to you. Please wait while we make your payment... 
13:02:07.745 [main] INFO com.iluwatar.commander.Commander - Order MXXIR8LQFHXX: Shipping placed successfully, transaction id: QKBB6MBAPQOH
13:02:07.745 [main] INFO com.iluwatar.commander.Commander - Order has been placed and will be shipped to you. Please wait while we make your payment... 
13:02:07.745 [main] ERROR com.iluwatar.commander.Commander - Order MXXIR8LQFHXX: Payment time for order over, failed and returning..
13:02:07.745 [main] INFO com.iluwatar.commander.Commander - Order MXXIR8LQFHXX: Shipping placed successfully, transaction id: VUF142B2FQFH
13:02:07.745 [main] INFO com.iluwatar.commander.Commander - Order has been placed and will be shipped to you. Please wait while we make your payment... 
13:02:07.745 [main] INFO com.iluwatar.commander.Commander - Order MXXIR8LQFHXX: Shipping placed successfully, transaction id: 7HVOLMRTJEI6
13:02:07.745 [main] INFO com.iluwatar.commander.Commander - Order has been placed and will be shipped to you. Please wait while we make your payment... 
13:02:07.745 [main] INFO com.iluwatar.commander.Commander - Order MXXIR8LQFHXX: Shipping placed successfully, transaction id: FDW0PNKUMI6X
13:02:07.745 [main] INFO com.iluwatar.commander.Commander - Order has been placed and will be shipped to you. Please wait while we make your payment... 
13:02:07.745 [main] INFO com.iluwatar.commander.Commander - Order 61XBUQJUAV7Y: Shipping placed successfully, transaction id: 1VKFL0W1KU0V
13:02:07.745 [main] INFO com.iluwatar.commander.Commander - Order has been placed and will be shipped to you. Please wait while we make your payment... 
13:02:07.745 [main] ERROR com.iluwatar.commander.Commander - Order 61XBUQJUAV7Y: Payment time for order over, failed and returning..
13:02:07.745 [main] INFO com.iluwatar.commander.Commander - Order 61XBUQJUAV7Y: Shipping placed successfully, transaction id: HE52XX860KI9
13:02:07.745 [main] INFO com.iluwatar.commander.Commander - Order has been placed and will be shipped to you. Please wait while we make your payment... 
13:02:07.745 [main] INFO com.iluwatar.commander.Commander - Order 61XBUQJUAV7Y: Shipping placed successfully, transaction id: SYDU8RKP9Z8F
13:02:07.745 [main] INFO com.iluwatar.commander.Commander - Order has been placed and will be shipped to you. Please wait while we make your payment... 
13:02:07.745 [main] INFO com.iluwatar.commander.Commander - Order 61XBUQJUAV7Y: Shipping placed successfully, transaction id: UK05IY7BXRTN
13:02:07.745 [main] INFO com.iluwatar.commander.Commander - Order has been placed and will be shipped to you. Please wait while we make your payment... 
]]></system-out>
  </testcase>
  <testcase name="testPlaceOrderWithoutDatabase" classname="com.iluwatar.commander.CommanderTest" time="0.002">
    <system-out><![CDATA[13:02:07.746 [main] INFO com.iluwatar.commander.Commander - Sorry, there was a problem in creating your order. Please try later.
13:02:07.746 [main] ERROR com.iluwatar.commander.Commander - Order SS59NJWF8798: Shipping service unavailable, order not placed..
13:02:07.746 [main] INFO com.iluwatar.commander.Commander - Sorry, there was a problem in creating your order. Please try later.
13:02:07.746 [main] ERROR com.iluwatar.commander.Commander - Order SS59NJWF8798: Shipping service unavailable, order not placed..
13:02:07.746 [main] INFO com.iluwatar.commander.Commander - Sorry, there was a problem in creating your order. Please try later.
13:02:07.746 [main] ERROR com.iluwatar.commander.Commander - Order SS59NJWF8798: Shipping service unavailable, order not placed..
13:02:07.746 [main] INFO com.iluwatar.commander.Commander - Sorry, there was a problem in creating your order. Please try later.
13:02:07.746 [main] ERROR com.iluwatar.commander.Commander - Order SS59NJWF8798: Shipping service unavailable, order not placed..
13:02:07.746 [main] INFO com.iluwatar.commander.Commander - Sorry, there was a problem in creating your order. Please try later.
13:02:07.746 [main] ERROR com.iluwatar.commander.Commander - Order DZ99U291M7WZ: Shipping service unavailable, order not placed..
13:02:07.746 [main] INFO com.iluwatar.commander.Commander - Sorry, there was a problem in creating your order. Please try later.
13:02:07.746 [main] ERROR com.iluwatar.commander.Commander - Order DZ99U291M7WZ: Shipping service unavailable, order not placed..
13:02:07.746 [main] INFO com.iluwatar.commander.Commander - Sorry, there was a problem in creating your order. Please try later.
13:02:07.746 [main] ERROR com.iluwatar.commander.Commander - Order DZ99U291M7WZ: Shipping service unavailable, order not placed..
13:02:07.746 [main] INFO com.iluwatar.commander.Commander - Sorry, there was a problem in creating your order. Please try later.
13:02:07.746 [main] ERROR com.iluwatar.commander.Commander - Order DZ99U291M7WZ: Shipping service unavailable, order not placed..
13:02:07.746 [main] INFO com.iluwatar.commander.Commander - Sorry, there was a problem in creating your order. Please try later.
13:02:07.746 [main] ERROR com.iluwatar.commander.Commander - Order 9SN9TVZX7R5T: Shipping service unavailable, order not placed..
13:02:07.746 [main] INFO com.iluwatar.commander.Commander - Sorry, there was a problem in creating your order. Please try later.
13:02:07.746 [main] ERROR com.iluwatar.commander.Commander - Order 9SN9TVZX7R5T: Shipping service unavailable, order not placed..
13:02:07.746 [main] INFO com.iluwatar.commander.Commander - Sorry, there was a problem in creating your order. Please try later.
13:02:07.746 [main] ERROR com.iluwatar.commander.Commander - Order 9SN9TVZX7R5T: Shipping service unavailable, order not placed..
13:02:07.746 [main] INFO com.iluwatar.commander.Commander - Sorry, there was a problem in creating your order. Please try later.
13:02:07.746 [main] ERROR com.iluwatar.commander.Commander - Order 9SN9TVZX7R5T: Shipping service unavailable, order not placed..
13:02:07.746 [main] INFO com.iluwatar.commander.Commander - Sorry, there was a problem in creating your order. Please try later.
13:02:07.746 [main] ERROR com.iluwatar.commander.Commander - Order ZLHXUMNFY4XZ: Shipping service unavailable, order not placed..
13:02:07.746 [main] INFO com.iluwatar.commander.Commander - Sorry, there was a problem in creating your order. Please try later.
13:02:07.746 [main] ERROR com.iluwatar.commander.Commander - Order ZLHXUMNFY4XZ: Shipping service unavailable, order not placed..
13:02:07.746 [main] INFO com.iluwatar.commander.Commander - Sorry, there was a problem in creating your order. Please try later.
13:02:07.746 [main] ERROR com.iluwatar.commander.Commander - Order ZLHXUMNFY4XZ: Shipping service unavailable, order not placed..
13:02:07.747 [main] INFO com.iluwatar.commander.Commander - Sorry, there was a problem in creating your order. Please try later.
13:02:07.747 [main] ERROR com.iluwatar.commander.Commander - Order ZLHXUMNFY4XZ: Shipping service unavailable, order not placed..
13:02:07.747 [main] INFO com.iluwatar.commander.Commander - Sorry, there was a problem in creating your order. Please try later.
13:02:07.747 [main] ERROR com.iluwatar.commander.Commander - Order GWMYF7ECNZ58: Shipping service unavailable, order not placed..
13:02:07.747 [main] INFO com.iluwatar.commander.Commander - Sorry, there was a problem in creating your order. Please try later.
13:02:07.747 [main] ERROR com.iluwatar.commander.Commander - Order GWMYF7ECNZ58: Shipping service unavailable, order not placed..
13:02:07.747 [main] INFO com.iluwatar.commander.Commander - Sorry, there was a problem in creating your order. Please try later.
13:02:07.747 [main] ERROR com.iluwatar.commander.Commander - Order GWMYF7ECNZ58: Shipping service unavailable, order not placed..
13:02:07.747 [main] INFO com.iluwatar.commander.Commander - Sorry, there was a problem in creating your order. Please try later.
13:02:07.747 [main] ERROR com.iluwatar.commander.Commander - Order GWMYF7ECNZ58: Shipping service unavailable, order not placed..
13:02:07.747 [main] INFO com.iluwatar.commander.Commander - Sorry, there was a problem in creating your order. Please try later.
13:02:07.747 [main] ERROR com.iluwatar.commander.Commander - Order 178BCNYKS4FX: Shipping service unavailable, order not placed..
13:02:07.747 [main] INFO com.iluwatar.commander.Commander - Sorry, there was a problem in creating your order. Please try later.
13:02:07.747 [main] ERROR com.iluwatar.commander.Commander - Order 178BCNYKS4FX: Shipping service unavailable, order not placed..
13:02:07.747 [main] INFO com.iluwatar.commander.Commander - Sorry, there was a problem in creating your order. Please try later.
13:02:07.747 [main] ERROR com.iluwatar.commander.Commander - Order 178BCNYKS4FX: Shipping service unavailable, order not placed..
13:02:07.747 [main] INFO com.iluwatar.commander.Commander - Sorry, there was a problem in creating your order. Please try later.
13:02:07.747 [main] ERROR com.iluwatar.commander.Commander - Order 178BCNYKS4FX: Shipping service unavailable, order not placed..
13:02:07.747 [main] INFO com.iluwatar.commander.Commander - Sorry, there was a problem in creating your order. Please try later.
13:02:07.747 [main] ERROR com.iluwatar.commander.Commander - Order EMY855XKL30W: Shipping service unavailable, order not placed..
13:02:07.747 [main] INFO com.iluwatar.commander.Commander - Sorry, there was a problem in creating your order. Please try later.
13:02:07.747 [main] ERROR com.iluwatar.commander.Commander - Order EMY855XKL30W: Shipping service unavailable, order not placed..
13:02:07.747 [main] INFO com.iluwatar.commander.Commander - Sorry, there was a problem in creating your order. Please try later.
13:02:07.747 [main] ERROR com.iluwatar.commander.Commander - Order EMY855XKL30W: Shipping service unavailable, order not placed..
13:02:07.747 [main] INFO com.iluwatar.commander.Commander - Sorry, there was a problem in creating your order. Please try later.
13:02:07.747 [main] ERROR com.iluwatar.commander.Commander - Order EMY855XKL30W: Shipping service unavailable, order not placed..
13:02:07.747 [main] INFO com.iluwatar.commander.Commander - Sorry, there was a problem in creating your order. Please try later.
13:02:07.747 [main] ERROR com.iluwatar.commander.Commander - Order P5S4JWONOPQT: Shipping service unavailable, order not placed..
13:02:07.747 [main] INFO com.iluwatar.commander.Commander - Sorry, there was a problem in creating your order. Please try later.
13:02:07.747 [main] ERROR com.iluwatar.commander.Commander - Order P5S4JWONOPQT: Shipping service unavailable, order not placed..
13:02:07.747 [main] INFO com.iluwatar.commander.Commander - Sorry, there was a problem in creating your order. Please try later.
13:02:07.747 [main] ERROR com.iluwatar.commander.Commander - Order P5S4JWONOPQT: Shipping service unavailable, order not placed..
13:02:07.747 [main] INFO com.iluwatar.commander.Commander - Sorry, there was a problem in creating your order. Please try later.
13:02:07.747 [main] ERROR com.iluwatar.commander.Commander - Order P5S4JWONOPQT: Shipping service unavailable, order not placed..
13:02:07.747 [main] INFO com.iluwatar.commander.Commander - Sorry, there was a problem in creating your order. Please try later.
13:02:07.747 [main] ERROR com.iluwatar.commander.Commander - Order 2TAYA83U1PBH: Shipping service unavailable, order not placed..
13:02:07.747 [main] INFO com.iluwatar.commander.Commander - Sorry, there was a problem in creating your order. Please try later.
13:02:07.747 [main] ERROR com.iluwatar.commander.Commander - Order 2TAYA83U1PBH: Shipping service unavailable, order not placed..
13:02:07.747 [main] INFO com.iluwatar.commander.Commander - Sorry, there was a problem in creating your order. Please try later.
13:02:07.747 [main] ERROR com.iluwatar.commander.Commander - Order 2TAYA83U1PBH: Shipping service unavailable, order not placed..
13:02:07.747 [main] INFO com.iluwatar.commander.Commander - Sorry, there was a problem in creating your order. Please try later.
13:02:07.747 [main] ERROR com.iluwatar.commander.Commander - Order 2TAYA83U1PBH: Shipping service unavailable, order not placed..
13:02:07.747 [main] INFO com.iluwatar.commander.Commander - Sorry, there was a problem in creating your order. Please try later.
13:02:07.747 [main] ERROR com.iluwatar.commander.Commander - Order 4B41NE42RNYQ: Shipping service unavailable, order not placed..
13:02:07.747 [main] INFO com.iluwatar.commander.Commander - Sorry, there was a problem in creating your order. Please try later.
13:02:07.747 [main] ERROR com.iluwatar.commander.Commander - Order 4B41NE42RNYQ: Shipping service unavailable, order not placed..
13:02:07.747 [main] INFO com.iluwatar.commander.Commander - Sorry, there was a problem in creating your order. Please try later.
13:02:07.747 [main] ERROR com.iluwatar.commander.Commander - Order 4B41NE42RNYQ: Shipping service unavailable, order not placed..
13:02:07.747 [main] INFO com.iluwatar.commander.Commander - Sorry, there was a problem in creating your order. Please try later.
13:02:07.747 [main] ERROR com.iluwatar.commander.Commander - Order 4B41NE42RNYQ: Shipping service unavailable, order not placed..
13:02:07.747 [main] INFO com.iluwatar.commander.Commander - Sorry, there was a problem in creating your order. Please try later.
13:02:07.747 [main] ERROR com.iluwatar.commander.Commander - Order BUYMNXNXXYIU: Shipping service unavailable, order not placed..
13:02:07.747 [main] INFO com.iluwatar.commander.Commander - Sorry, there was a problem in creating your order. Please try later.
13:02:07.747 [main] ERROR com.iluwatar.commander.Commander - Order BUYMNXNXXYIU: Shipping service unavailable, order not placed..
13:02:07.747 [main] INFO com.iluwatar.commander.Commander - Sorry, there was a problem in creating your order. Please try later.
13:02:07.747 [main] ERROR com.iluwatar.commander.Commander - Order BUYMNXNXXYIU: Shipping service unavailable, order not placed..
13:02:07.747 [main] INFO com.iluwatar.commander.Commander - Sorry, there was a problem in creating your order. Please try later.
13:02:07.747 [main] ERROR com.iluwatar.commander.Commander - Order BUYMNXNXXYIU: Shipping service unavailable, order not placed..
13:02:07.747 [main] INFO com.iluwatar.commander.Commander - Sorry, there was a problem in creating your order. Please try later.
13:02:07.747 [main] ERROR com.iluwatar.commander.Commander - Order J6HSYNUNKSFW: Shipping service unavailable, order not placed..
13:02:07.747 [main] INFO com.iluwatar.commander.Commander - Sorry, there was a problem in creating your order. Please try later.
13:02:07.747 [main] ERROR com.iluwatar.commander.Commander - Order J6HSYNUNKSFW: Shipping service unavailable, order not placed..
13:02:07.747 [main] INFO com.iluwatar.commander.Commander - Sorry, there was a problem in creating your order. Please try later.
13:02:07.747 [main] ERROR com.iluwatar.commander.Commander - Order J6HSYNUNKSFW: Shipping service unavailable, order not placed..
13:02:07.747 [main] INFO com.iluwatar.commander.Commander - Sorry, there was a problem in creating your order. Please try later.
13:02:07.747 [main] ERROR com.iluwatar.commander.Commander - Order J6HSYNUNKSFW: Shipping service unavailable, order not placed..
13:02:07.747 [main] INFO com.iluwatar.commander.Commander - Sorry, there was a problem in creating your order. Please try later.
13:02:07.747 [main] ERROR com.iluwatar.commander.Commander - Order JNSFV9HSDF5J: Shipping service unavailable, order not placed..
13:02:07.747 [main] INFO com.iluwatar.commander.Commander - Sorry, there was a problem in creating your order. Please try later.
13:02:07.747 [main] ERROR com.iluwatar.commander.Commander - Order JNSFV9HSDF5J: Shipping service unavailable, order not placed..
13:02:07.747 [main] INFO com.iluwatar.commander.Commander - Sorry, there was a problem in creating your order. Please try later.
13:02:07.747 [main] ERROR com.iluwatar.commander.Commander - Order JNSFV9HSDF5J: Shipping service unavailable, order not placed..
13:02:07.747 [main] INFO com.iluwatar.commander.Commander - Sorry, there was a problem in creating your order. Please try later.
13:02:07.747 [main] ERROR com.iluwatar.commander.Commander - Order JNSFV9HSDF5J: Shipping service unavailable, order not placed..
13:02:07.747 [main] INFO com.iluwatar.commander.Commander - Sorry, there was a problem in creating your order. Please try later.
13:02:07.747 [main] ERROR com.iluwatar.commander.Commander - Order VCIA8OIXKS6N: Shipping service unavailable, order not placed..
13:02:07.747 [main] INFO com.iluwatar.commander.Commander - Sorry, there was a problem in creating your order. Please try later.
13:02:07.747 [main] ERROR com.iluwatar.commander.Commander - Order VCIA8OIXKS6N: Shipping service unavailable, order not placed..
13:02:07.747 [main] INFO com.iluwatar.commander.Commander - Sorry, there was a problem in creating your order. Please try later.
13:02:07.747 [main] ERROR com.iluwatar.commander.Commander - Order VCIA8OIXKS6N: Shipping service unavailable, order not placed..
13:02:07.747 [main] INFO com.iluwatar.commander.Commander - Sorry, there was a problem in creating your order. Please try later.
13:02:07.747 [main] ERROR com.iluwatar.commander.Commander - Order VCIA8OIXKS6N: Shipping service unavailable, order not placed..
13:02:07.747 [main] INFO com.iluwatar.commander.Commander - Sorry, there was a problem in creating your order. Please try later.
13:02:07.747 [main] ERROR com.iluwatar.commander.Commander - Order VU8TJ8D9XEVJ: Shipping service unavailable, order not placed..
13:02:07.747 [main] INFO com.iluwatar.commander.Commander - Sorry, there was a problem in creating your order. Please try later.
13:02:07.747 [main] ERROR com.iluwatar.commander.Commander - Order VU8TJ8D9XEVJ: Shipping service unavailable, order not placed..
13:02:07.747 [main] INFO com.iluwatar.commander.Commander - Sorry, there was a problem in creating your order. Please try later.
13:02:07.747 [main] ERROR com.iluwatar.commander.Commander - Order VU8TJ8D9XEVJ: Shipping service unavailable, order not placed..
13:02:07.747 [main] INFO com.iluwatar.commander.Commander - Sorry, there was a problem in creating your order. Please try later.
13:02:07.747 [main] ERROR com.iluwatar.commander.Commander - Order VU8TJ8D9XEVJ: Shipping service unavailable, order not placed..
13:02:07.747 [main] INFO com.iluwatar.commander.Commander - Sorry, there was a problem in creating your order. Please try later.
13:02:07.747 [main] ERROR com.iluwatar.commander.Commander - Order AAKLN6361Z6T: Shipping service unavailable, order not placed..
13:02:07.747 [main] INFO com.iluwatar.commander.Commander - Sorry, there was a problem in creating your order. Please try later.
13:02:07.747 [main] ERROR com.iluwatar.commander.Commander - Order AAKLN6361Z6T: Shipping service unavailable, order not placed..
13:02:07.747 [main] INFO com.iluwatar.commander.Commander - Sorry, there was a problem in creating your order. Please try later.
13:02:07.747 [main] ERROR com.iluwatar.commander.Commander - Order AAKLN6361Z6T: Shipping service unavailable, order not placed..
13:02:07.747 [main] INFO com.iluwatar.commander.Commander - Sorry, there was a problem in creating your order. Please try later.
13:02:07.747 [main] ERROR com.iluwatar.commander.Commander - Order AAKLN6361Z6T: Shipping service unavailable, order not placed..
13:02:07.747 [main] INFO com.iluwatar.commander.Commander - Sorry, there was a problem in creating your order. Please try later.
13:02:07.747 [main] ERROR com.iluwatar.commander.Commander - Order ZMSFELYZ6AR8: Shipping service unavailable, order not placed..
13:02:07.747 [main] INFO com.iluwatar.commander.Commander - Sorry, there was a problem in creating your order. Please try later.
13:02:07.747 [main] ERROR com.iluwatar.commander.Commander - Order ZMSFELYZ6AR8: Shipping service unavailable, order not placed..
13:02:07.748 [main] INFO com.iluwatar.commander.Commander - Sorry, there was a problem in creating your order. Please try later.
13:02:07.748 [main] ERROR com.iluwatar.commander.Commander - Order ZMSFELYZ6AR8: Shipping service unavailable, order not placed..
13:02:07.748 [main] INFO com.iluwatar.commander.Commander - Sorry, there was a problem in creating your order. Please try later.
13:02:07.748 [main] ERROR com.iluwatar.commander.Commander - Order ZMSFELYZ6AR8: Shipping service unavailable, order not placed..
13:02:07.748 [main] INFO com.iluwatar.commander.Commander - Sorry, there was a problem in creating your order. Please try later.
13:02:07.748 [main] ERROR com.iluwatar.commander.Commander - Order DD14G0159U89: Shipping service unavailable, order not placed..
13:02:07.748 [main] INFO com.iluwatar.commander.Commander - Sorry, there was a problem in creating your order. Please try later.
13:02:07.748 [main] ERROR com.iluwatar.commander.Commander - Order DD14G0159U89: Shipping service unavailable, order not placed..
13:02:07.748 [main] INFO com.iluwatar.commander.Commander - Sorry, there was a problem in creating your order. Please try later.
13:02:07.748 [main] ERROR com.iluwatar.commander.Commander - Order DD14G0159U89: Shipping service unavailable, order not placed..
13:02:07.748 [main] INFO com.iluwatar.commander.Commander - Sorry, there was a problem in creating your order. Please try later.
13:02:07.748 [main] ERROR com.iluwatar.commander.Commander - Order DD14G0159U89: Shipping service unavailable, order not placed..
13:02:07.748 [main] INFO com.iluwatar.commander.Commander - Sorry, there was a problem in creating your order. Please try later.
13:02:07.748 [main] ERROR com.iluwatar.commander.Commander - Order KBO4BW3WDLLD: Shipping service unavailable, order not placed..
13:02:07.748 [main] INFO com.iluwatar.commander.Commander - Sorry, there was a problem in creating your order. Please try later.
13:02:07.748 [main] ERROR com.iluwatar.commander.Commander - Order KBO4BW3WDLLD: Shipping service unavailable, order not placed..
13:02:07.748 [main] INFO com.iluwatar.commander.Commander - Sorry, there was a problem in creating your order. Please try later.
13:02:07.748 [main] ERROR com.iluwatar.commander.Commander - Order KBO4BW3WDLLD: Shipping service unavailable, order not placed..
13:02:07.748 [main] INFO com.iluwatar.commander.Commander - Sorry, there was a problem in creating your order. Please try later.
13:02:07.748 [main] ERROR com.iluwatar.commander.Commander - Order KBO4BW3WDLLD: Shipping service unavailable, order not placed..
]]></system-out>
  </testcase>
</testsuite>