<?xml version="1.0" encoding="UTF-8"?>
<testsuite xmlns:xsi="http://www.w3.org/2001/XMLSchema-instance" xsi:noNamespaceSchemaLocation="https://maven.apache.org/surefire/maven-surefire-plugin/xsd/surefire-test-report-3.0.xsd" version="3.0" name="com.iluwatar.mediator.PartyMemberTest" time="0.279" tests="12" errors="0" skipped="0" failures="0">
  <properties>
    <property name="gopherProxySet" value="false"/>
    <property name="awt.toolkit" value="sun.lwawt.macosx.LWCToolkit"/>
    <property name="java.specification.version" value="11"/>
    <property name="sun.cpu.isalist" value=""/>
    <property name="sun.jnu.encoding" value="UTF-8"/>
    <property name="formatter.skip" value="true"/>
    <property name="java.class.path" value="/Users/nyalllivett/Desktop/LLMTestGeneration/projects-used-for-data/java-design-patterns/mediator/target/test-classes:/Users/nyalllivett/Desktop/LLMTestGeneration/projects-used-for-data/java-design-patterns/mediator/target/classes:/Users/nyalllivett/.m2/repository/org/junit/jupiter/junit-jupiter-engine/5.8.2/junit-jupiter-engine-5.8.2.jar:/Users/nyalllivett/.m2/repository/org/junit/platform/junit-platform-engine/1.8.2/junit-platform-engine-1.8.2.jar:/Users/nyalllivett/.m2/repository/org/apiguardian/apiguardian-api/1.1.2/apiguardian-api-1.1.2.jar:/Users/nyalllivett/.m2/repository/org/junit/jupiter/junit-jupiter-params/5.8.2/junit-jupiter-params-5.8.2.jar:/Users/nyalllivett/.m2/repository/org/mockito/mockito-core/4.5.1/mockito-core-4.5.1.jar:/Users/nyalllivett/.m2/repository/net/bytebuddy/byte-buddy/1.12.18/byte-buddy-1.12.18.jar:/Users/nyalllivett/.m2/repository/net/bytebuddy/byte-buddy-agent/1.12.18/byte-buddy-agent-1.12.18.jar:/Users/nyalllivett/.m2/repository/org/objenesis/objenesis/3.2/objenesis-3.2.jar:/Users/nyalllivett/.m2/repository/org/junit/jupiter/junit-jupiter-api/5.8.2/junit-jupiter-api-5.8.2.jar:/Users/nyalllivett/.m2/repository/org/opentest4j/opentest4j/1.2.0/opentest4j-1.2.0.jar:/Users/nyalllivett/.m2/repository/org/junit/platform/junit-platform-commons/1.8.2/junit-platform-commons-1.8.2.jar:/Users/nyalllivett/.m2/repository/org/junit/vintage/junit-vintage-engine/5.8.2/junit-vintage-engine-5.8.2.jar:/Users/nyalllivett/.m2/repository/junit/junit/4.13.2/junit-4.13.2.jar:/Users/nyalllivett/.m2/repository/org/hamcrest/hamcrest-core/2.2/hamcrest-core-2.2.jar:/Users/nyalllivett/.m2/repository/org/hamcrest/hamcrest/2.2/hamcrest-2.2.jar:/Users/nyalllivett/.m2/repository/org/slf4j/slf4j-api/1.7.36/slf4j-api-1.7.36.jar:/Users/nyalllivett/.m2/repository/org/evosuite/evosuite-runtime/1.2.0/evosuite-runtime-1.2.0.jar:/Users/nyalllivett/.m2/repository/ch/qos/logback/logback-classic/1.2.11/logback-classic-1.2.11.jar:/Users/nyalllivett/.m2/repository/ch/qos/logback/logback-core/1.2.11/logback-core-1.2.11.jar:/Users/nyalllivett/.m2/repository/org/projectlombok/lombok/1.18.24/lombok-1.18.24.jar:"/>
    <property name="java.vm.vendor" value="Amazon.com Inc."/>
    <property name="sun.arch.data.model" value="64"/>
    <property name="maven.javadoc.skip" value="true"/>
    <property name="java.vendor.url" value="https://aws.amazon.com/corretto/"/>
    <property name="user.timezone" value="Europe/London"/>
    <property name="rewrite.skip" value="true"/>
    <property name="os.name" value="Mac OS X"/>
    <property name="java.vm.specification.version" value="11"/>
    <property name="sun.java.launcher" value="SUN_STANDARD"/>
    <property name="user.country" value="GB"/>
    <property name="git-commit-id.skip" value="true"/>
    <property name="sun.boot.library.path" value="/Users/nyalllivett/Library/Java/JavaVirtualMachines/corretto-11.0.22/Contents/Home/lib"/>
    <property name="sun.java.command" value="/Users/nyalllivett/Desktop/LLMTestGeneration/projects-used-for-data/java-design-patterns/mediator/target/surefire/surefirebooter-20240416152513057_3.jar /Users/nyalllivett/Desktop/LLMTestGeneration/projects-used-for-data/java-design-patterns/mediator/target/surefire 2024-04-16T15-25-13_017-jvmRun1 surefire-20240416152513057_1tmp surefire_0-20240416152513057_2tmp"/>
    <property name="http.nonProxyHosts" value="local|*.local|169.254/16|*.169.254/16"/>
    <property name="jdk.debug" value="release"/>
    <property name="test" value="com.iluwatar.mediator.PartyMemberTest"/>
    <property name="surefire.test.class.path" value="/Users/nyalllivett/Desktop/LLMTestGeneration/projects-used-for-data/java-design-patterns/mediator/target/test-classes:/Users/nyalllivett/Desktop/LLMTestGeneration/projects-used-for-data/java-design-patterns/mediator/target/classes:/Users/nyalllivett/.m2/repository/org/junit/jupiter/junit-jupiter-engine/5.8.2/junit-jupiter-engine-5.8.2.jar:/Users/nyalllivett/.m2/repository/org/junit/platform/junit-platform-engine/1.8.2/junit-platform-engine-1.8.2.jar:/Users/nyalllivett/.m2/repository/org/apiguardian/apiguardian-api/1.1.2/apiguardian-api-1.1.2.jar:/Users/nyalllivett/.m2/repository/org/junit/jupiter/junit-jupiter-params/5.8.2/junit-jupiter-params-5.8.2.jar:/Users/nyalllivett/.m2/repository/org/mockito/mockito-core/4.5.1/mockito-core-4.5.1.jar:/Users/nyalllivett/.m2/repository/net/bytebuddy/byte-buddy/1.12.18/byte-buddy-1.12.18.jar:/Users/nyalllivett/.m2/repository/net/bytebuddy/byte-buddy-agent/1.12.18/byte-buddy-agent-1.12.18.jar:/Users/nyalllivett/.m2/repository/org/objenesis/objenesis/3.2/objenesis-3.2.jar:/Users/nyalllivett/.m2/repository/org/junit/jupiter/junit-jupiter-api/5.8.2/junit-jupiter-api-5.8.2.jar:/Users/nyalllivett/.m2/repository/org/opentest4j/opentest4j/1.2.0/opentest4j-1.2.0.jar:/Users/nyalllivett/.m2/repository/org/junit/platform/junit-platform-commons/1.8.2/junit-platform-commons-1.8.2.jar:/Users/nyalllivett/.m2/repository/org/junit/vintage/junit-vintage-engine/5.8.2/junit-vintage-engine-5.8.2.jar:/Users/nyalllivett/.m2/repository/junit/junit/4.13.2/junit-4.13.2.jar:/Users/nyalllivett/.m2/repository/org/hamcrest/hamcrest-core/2.2/hamcrest-core-2.2.jar:/Users/nyalllivett/.m2/repository/org/hamcrest/hamcrest/2.2/hamcrest-2.2.jar:/Users/nyalllivett/.m2/repository/org/slf4j/slf4j-api/1.7.36/slf4j-api-1.7.36.jar:/Users/nyalllivett/.m2/repository/org/evosuite/evosuite-runtime/1.2.0/evosuite-runtime-1.2.0.jar:/Users/nyalllivett/.m2/repository/ch/qos/logback/logback-classic/1.2.11/logback-classic-1.2.11.jar:/Users/nyalllivett/.m2/repository/ch/qos/logback/logback-core/1.2.11/logback-core-1.2.11.jar:/Users/nyalllivett/.m2/repository/org/projectlombok/lombok/1.18.24/lombok-1.18.24.jar:"/>
    <property name="sun.cpu.endian" value="little"/>
    <property name="user.home" value="/Users/nyalllivett"/>
    <property name="user.language" value="en"/>
    <property name="java.specification.vendor" value="Oracle Corporation"/>
    <property name="java.version.date" value="2024-01-16"/>
    <property name="java.home" value="/Users/nyalllivett/Library/Java/JavaVirtualMachines/corretto-11.0.22/Contents/Home"/>
    <property name="jacoco.skip" value="true"/>
    <property name="file.separator" value="/"/>
    <property name="basedir" value="/Users/nyalllivett/Desktop/LLMTestGeneration/projects-used-for-data/java-design-patterns/mediator"/>
    <property name="java.vm.compressedOopsMode" value="Zero based"/>
    <property name="line.separator" value="&#10;"/>
    <property name="checkstyle.skip" value="true"/>
    <property name="java.specification.name" value="Java Platform API Specification"/>
    <property name="java.vm.specification.vendor" value="Oracle Corporation"/>
    <property name="java.awt.graphicsenv" value="sun.awt.CGraphicsEnvironment"/>
    <property name="surefire.real.class.path" value="/Users/nyalllivett/Desktop/LLMTestGeneration/projects-used-for-data/java-design-patterns/mediator/target/surefire/surefirebooter-20240416152513057_3.jar"/>
    <property name="sun.management.compiler" value="HotSpot 64-Bit Tiered Compilers"/>
    <property name="ftp.nonProxyHosts" value="local|*.local|169.254/16|*.169.254/16"/>
    <property name="java.runtime.version" value="11.0.22+7-LTS"/>
    <property name="user.name" value="nyalllivett"/>
    <property name="path.separator" value=":"/>
    <property name="os.version" value="13.5.1"/>
    <property name="java.runtime.name" value="OpenJDK Runtime Environment"/>
    <property name="file.encoding" value="UTF-8"/>
    <property name="java.vm.name" value="OpenJDK 64-Bit Server VM"/>
    <property name="java.vendor.version" value="Corretto-11.0.22.7.1"/>
    <property name="localRepository" value="/Users/nyalllivett/.m2/repository"/>
    <property name="java.vendor.url.bug" value="https://github.com/corretto/corretto-11/issues/"/>
    <property name="java.io.tmpdir" value="/var/folders/r5/wybk1jdx0sd04gfc1n3_j0yw0000gn/T/"/>
    <property name="java.version" value="11.0.22"/>
    <property name="user.dir" value="/Users/nyalllivett/Desktop/LLMTestGeneration/projects-used-for-data/java-design-patterns/mediator"/>
    <property name="os.arch" value="aarch64"/>
    <property name="license.skip" value="true"/>
    <property name="java.vm.specification.name" value="Java Virtual Machine Specification"/>
    <property name="java.awt.printerjob" value="sun.lwawt.macosx.CPrinterJob"/>
    <property name="sun.os.patch.level" value="unknown"/>
    <property name="java.library.path" value="/Users/nyalllivett/Library/Java/Extensions:/Library/Java/Extensions:/Network/Library/Java/Extensions:/System/Library/Java/Extensions:/usr/lib/java:."/>
    <property name="java.vm.info" value="mixed mode"/>
    <property name="java.vendor" value="Amazon.com Inc."/>
    <property name="java.vm.version" value="11.0.22+7-LTS"/>
    <property name="java.specification.maintenance.version" value="2"/>
    <property name="impsort.skip" value="true"/>
    <property name="sun.io.unicode.encoding" value="UnicodeBig"/>
    <property name="enforcer.skip" value="true"/>
    <property name="java.class.version" value="55.0"/>
    <property name="socksNonProxyHosts" value="local|*.local|169.254/16|*.169.254/16"/>
  </properties>
  <testcase name="testAct(Supplier)[1]" classname="com.iluwatar.mediator.PartyMemberTest" time="0.226">
    <system-out><![CDATA[15:25:13.547 [main] INFO com.iluwatar.mediator.PartyMemberBase - Hobbit joins the party
15:25:13.557 [main] INFO com.iluwatar.mediator.PartyMemberBase - Hobbit hunted a rabbit
15:25:13.571 [main] INFO com.iluwatar.mediator.PartyMemberBase - Hobbit tells a tale
15:25:13.572 [main] INFO com.iluwatar.mediator.PartyMemberBase - Hobbit found gold
15:25:13.572 [main] INFO com.iluwatar.mediator.PartyMemberBase - Hobbit spotted enemies
15:25:13.572 [main] INFO com.iluwatar.mediator.PartyMemberBase - Hobbit 
]]></system-out>
  </testcase>
  <testcase name="testAct(Supplier)[2]" classname="com.iluwatar.mediator.PartyMemberTest" time="0.004">
    <system-out><![CDATA[LOGBACK: No context given for com.iluwatar.mediator.PartyMemberTest$InMemoryAppender[null]
15:25:13.582 [main] INFO com.iluwatar.mediator.PartyMemberBase - Hunter joins the party
15:25:13.582 [main] INFO com.iluwatar.mediator.PartyMemberBase - Hunter hunted a rabbit
15:25:13.582 [main] INFO com.iluwatar.mediator.PartyMemberBase - Hunter tells a tale
15:25:13.583 [main] INFO com.iluwatar.mediator.PartyMemberBase - Hunter found gold
15:25:13.584 [main] INFO com.iluwatar.mediator.PartyMemberBase - Hunter spotted enemies
15:25:13.584 [main] INFO com.iluwatar.mediator.PartyMemberBase - Hunter 
]]></system-out>
  </testcase>
  <testcase name="testAct(Supplier)[3]" classname="com.iluwatar.mediator.PartyMemberTest" time="0.003">
    <system-out><![CDATA[LOGBACK: No context given for com.iluwatar.mediator.PartyMemberTest$InMemoryAppender[null]
15:25:13.587 [main] INFO com.iluwatar.mediator.PartyMemberBase - Rogue joins the party
15:25:13.587 [main] INFO com.iluwatar.mediator.PartyMemberBase - Rogue hunted a rabbit
15:25:13.587 [main] INFO com.iluwatar.mediator.PartyMemberBase - Rogue tells a tale
15:25:13.588 [main] INFO com.iluwatar.mediator.PartyMemberBase - Rogue found gold
15:25:13.588 [main] INFO com.iluwatar.mediator.PartyMemberBase - Rogue spotted enemies
15:25:13.588 [main] INFO com.iluwatar.mediator.PartyMemberBase - Rogue 
]]></system-out>
  </testcase>
  <testcase name="testAct(Supplier)[4]" classname="com.iluwatar.mediator.PartyMemberTest" time="0.003">
    <system-out><![CDATA[LOGBACK: No context given for com.iluwatar.mediator.PartyMemberTest$InMemoryAppender[null]
15:25:13.591 [main] INFO com.iluwatar.mediator.PartyMemberBase - Wizard joins the party
15:25:13.591 [main] INFO com.iluwatar.mediator.PartyMemberBase - Wizard hunted a rabbit
15:25:13.591 [main] INFO com.iluwatar.mediator.PartyMemberBase - Wizard tells a tale
15:25:13.592 [main] INFO com.iluwatar.mediator.PartyMemberBase - Wizard found gold
15:25:13.593 [main] INFO com.iluwatar.mediator.PartyMemberBase - Wizard spotted enemies
15:25:13.593 [main] INFO com.iluwatar.mediator.PartyMemberBase - Wizard 
]]></system-out>
  </testcase>
  <testcase name="testToString(Supplier)[1]" classname="com.iluwatar.mediator.PartyMemberTest" time="0.0"/>
  <testcase name="testToString(Supplier)[2]" classname="com.iluwatar.mediator.PartyMemberTest" time="0.0"/>
  <testcase name="testToString(Supplier)[3]" classname="com.iluwatar.mediator.PartyMemberTest" time="0.0"/>
  <testcase name="testToString(Supplier)[4]" classname="com.iluwatar.mediator.PartyMemberTest" time="0.0"/>
  <testcase name="testPartyAction(Supplier)[1]" classname="com.iluwatar.mediator.PartyMemberTest" time="0.001">
    <system-out><![CDATA[LOGBACK: No context given for com.iluwatar.mediator.PartyMemberTest$InMemoryAppender[null]
LOGBACK: No context given for com.iluwatar.mediator.PartyMemberTest$InMemoryAppender[null]
LOGBACK: No context given for com.iluwatar.mediator.PartyMemberTest$InMemoryAppender[null]
LOGBACK: No context given for com.iluwatar.mediator.PartyMemberTest$InMemoryAppender[null]
LOGBACK: No context given for com.iluwatar.mediator.PartyMemberTest$InMemoryAppender[null]
15:25:13.601 [main] INFO com.iluwatar.mediator.PartyMemberBase - Hobbit arrives for dinner
15:25:13.601 [main] INFO com.iluwatar.mediator.PartyMemberBase - Hobbit comes to listen
15:25:13.601 [main] INFO com.iluwatar.mediator.PartyMemberBase - Hobbit takes his share of the gold
15:25:13.601 [main] INFO com.iluwatar.mediator.PartyMemberBase - Hobbit runs for cover
15:25:13.601 [main] INFO com.iluwatar.mediator.PartyMemberBase - Hobbit 
]]></system-out>
  </testcase>
  <testcase name="testPartyAction(Supplier)[2]" classname="com.iluwatar.mediator.PartyMemberTest" time="0.001">
    <system-out><![CDATA[LOGBACK: No context given for com.iluwatar.mediator.PartyMemberTest$InMemoryAppender[null]
15:25:13.602 [main] INFO com.iluwatar.mediator.PartyMemberBase - Hunter arrives for dinner
15:25:13.602 [main] INFO com.iluwatar.mediator.PartyMemberBase - Hunter comes to listen
15:25:13.602 [main] INFO com.iluwatar.mediator.PartyMemberBase - Hunter takes his share of the gold
15:25:13.603 [main] INFO com.iluwatar.mediator.PartyMemberBase - Hunter runs for cover
15:25:13.603 [main] INFO com.iluwatar.mediator.PartyMemberBase - Hunter 
]]></system-out>
  </testcase>
  <testcase name="testPartyAction(Supplier)[3]" classname="com.iluwatar.mediator.PartyMemberTest" time="0.001">
    <system-out><![CDATA[LOGBACK: No context given for com.iluwatar.mediator.PartyMemberTest$InMemoryAppender[null]
15:25:13.604 [main] INFO com.iluwatar.mediator.PartyMemberBase - Rogue arrives for dinner
15:25:13.604 [main] INFO com.iluwatar.mediator.PartyMemberBase - Rogue comes to listen
15:25:13.604 [main] INFO com.iluwatar.mediator.PartyMemberBase - Rogue takes his share of the gold
15:25:13.604 [main] INFO com.iluwatar.mediator.PartyMemberBase - Rogue runs for cover
15:25:13.604 [main] INFO com.iluwatar.mediator.PartyMemberBase - Rogue 
]]></system-out>
  </testcase>
  <testcase name="testPartyAction(Supplier)[4]" classname="com.iluwatar.mediator.PartyMemberTest" time="0.001">
    <system-out><![CDATA[LOGBACK: No context given for com.iluwatar.mediator.PartyMemberTest$InMemoryAppender[null]
15:25:13.605 [main] INFO com.iluwatar.mediator.PartyMemberBase - Wizard arrives for dinner
15:25:13.605 [main] INFO com.iluwatar.mediator.PartyMemberBase - Wizard comes to listen
15:25:13.605 [main] INFO com.iluwatar.mediator.PartyMemberBase - Wizard takes his share of the gold
15:25:13.605 [main] INFO com.iluwatar.mediator.PartyMemberBase - Wizard runs for cover
15:25:13.605 [main] INFO com.iluwatar.mediator.PartyMemberBase - Wizard 
]]></system-out>
  </testcase>
</testsuite>