<?xml version="1.0" encoding="UTF-8"?>
<testsuite xmlns:xsi="http://www.w3.org/2001/XMLSchema-instance" xsi:noNamespaceSchemaLocation="https://maven.apache.org/surefire/maven-surefire-plugin/xsd/surefire-test-report-3.0.xsd" version="3.0" name="com.iluwatar.interpreter.PlusExpressionTest" time="0.061" tests="800" errors="0" skipped="0" failures="0">
  <properties>
    <property name="gopherProxySet" value="false"/>
    <property name="awt.toolkit" value="sun.lwawt.macosx.LWCToolkit"/>
    <property name="java.specification.version" value="11"/>
    <property name="sun.cpu.isalist" value=""/>
    <property name="sun.jnu.encoding" value="UTF-8"/>
    <property name="java.class.path" value="/Users/nyalllivett/Desktop/LLMTestGeneration/projects-used-for-data/java-design-patterns/interpreter/target/test-classes:/Users/nyalllivett/Desktop/LLMTestGeneration/projects-used-for-data/java-design-patterns/interpreter/target/classes:/Users/nyalllivett/.m2/repository/org/junit/jupiter/junit-jupiter-engine/5.8.2/junit-jupiter-engine-5.8.2.jar:/Users/nyalllivett/.m2/repository/org/junit/platform/junit-platform-engine/1.8.2/junit-platform-engine-1.8.2.jar:/Users/nyalllivett/.m2/repository/org/apiguardian/apiguardian-api/1.1.2/apiguardian-api-1.1.2.jar:/Users/nyalllivett/.m2/repository/org/junit/jupiter/junit-jupiter-params/5.8.2/junit-jupiter-params-5.8.2.jar:/Users/nyalllivett/.m2/repository/org/junit/jupiter/junit-jupiter-api/5.8.2/junit-jupiter-api-5.8.2.jar:/Users/nyalllivett/.m2/repository/org/opentest4j/opentest4j/1.2.0/opentest4j-1.2.0.jar:/Users/nyalllivett/.m2/repository/org/junit/platform/junit-platform-commons/1.8.2/junit-platform-commons-1.8.2.jar:/Users/nyalllivett/.m2/repository/org/junit/vintage/junit-vintage-engine/5.8.2/junit-vintage-engine-5.8.2.jar:/Users/nyalllivett/.m2/repository/junit/junit/4.13.2/junit-4.13.2.jar:/Users/nyalllivett/.m2/repository/org/hamcrest/hamcrest-core/2.2/hamcrest-core-2.2.jar:/Users/nyalllivett/.m2/repository/org/hamcrest/hamcrest/2.2/hamcrest-2.2.jar:/Users/nyalllivett/.m2/repository/org/slf4j/slf4j-api/1.7.36/slf4j-api-1.7.36.jar:/Users/nyalllivett/.m2/repository/org/evosuite/evosuite-runtime/1.2.0/evosuite-runtime-1.2.0.jar:/Users/nyalllivett/.m2/repository/ch/qos/logback/logback-classic/1.2.11/logback-classic-1.2.11.jar:/Users/nyalllivett/.m2/repository/ch/qos/logback/logback-core/1.2.11/logback-core-1.2.11.jar:/Users/nyalllivett/.m2/repository/org/projectlombok/lombok/1.18.24/lombok-1.18.24.jar:"/>
    <property name="java.vm.vendor" value="Amazon.com Inc."/>
    <property name="sun.arch.data.model" value="64"/>
    <property name="java.vendor.url" value="https://aws.amazon.com/corretto/"/>
    <property name="user.timezone" value="Europe/London"/>
    <property name="java.vm.specification.version" value="11"/>
    <property name="os.name" value="Mac OS X"/>
    <property name="sun.java.launcher" value="SUN_STANDARD"/>
    <property name="user.country" value="GB"/>
    <property name="sun.boot.library.path" value="/Users/nyalllivett/Library/Java/JavaVirtualMachines/corretto-11.0.22/Contents/Home/lib"/>
    <property name="sun.java.command" value="/Users/nyalllivett/Desktop/LLMTestGeneration/projects-used-for-data/java-design-patterns/interpreter/target/surefire/surefirebooter-20240416125709583_79.jar /Users/nyalllivett/Desktop/LLMTestGeneration/projects-used-for-data/java-design-patterns/interpreter/target/surefire 2024-04-16T12-56-39_886-jvmRun1 surefire-20240416125709583_77tmp surefire_17-20240416125709583_78tmp"/>
    <property name="http.nonProxyHosts" value="local|*.local|169.254/16|*.169.254/16"/>
    <property name="jdk.debug" value="release"/>
    <property name="surefire.test.class.path" value="/Users/nyalllivett/Desktop/LLMTestGeneration/projects-used-for-data/java-design-patterns/interpreter/target/test-classes:/Users/nyalllivett/Desktop/LLMTestGeneration/projects-used-for-data/java-design-patterns/interpreter/target/classes:/Users/nyalllivett/.m2/repository/org/junit/jupiter/junit-jupiter-engine/5.8.2/junit-jupiter-engine-5.8.2.jar:/Users/nyalllivett/.m2/repository/org/junit/platform/junit-platform-engine/1.8.2/junit-platform-engine-1.8.2.jar:/Users/nyalllivett/.m2/repository/org/apiguardian/apiguardian-api/1.1.2/apiguardian-api-1.1.2.jar:/Users/nyalllivett/.m2/repository/org/junit/jupiter/junit-jupiter-params/5.8.2/junit-jupiter-params-5.8.2.jar:/Users/nyalllivett/.m2/repository/org/junit/jupiter/junit-jupiter-api/5.8.2/junit-jupiter-api-5.8.2.jar:/Users/nyalllivett/.m2/repository/org/opentest4j/opentest4j/1.2.0/opentest4j-1.2.0.jar:/Users/nyalllivett/.m2/repository/org/junit/platform/junit-platform-commons/1.8.2/junit-platform-commons-1.8.2.jar:/Users/nyalllivett/.m2/repository/org/junit/vintage/junit-vintage-engine/5.8.2/junit-vintage-engine-5.8.2.jar:/Users/nyalllivett/.m2/repository/junit/junit/4.13.2/junit-4.13.2.jar:/Users/nyalllivett/.m2/repository/org/hamcrest/hamcrest-core/2.2/hamcrest-core-2.2.jar:/Users/nyalllivett/.m2/repository/org/hamcrest/hamcrest/2.2/hamcrest-2.2.jar:/Users/nyalllivett/.m2/repository/org/slf4j/slf4j-api/1.7.36/slf4j-api-1.7.36.jar:/Users/nyalllivett/.m2/repository/org/evosuite/evosuite-runtime/1.2.0/evosuite-runtime-1.2.0.jar:/Users/nyalllivett/.m2/repository/ch/qos/logback/logback-classic/1.2.11/logback-classic-1.2.11.jar:/Users/nyalllivett/.m2/repository/ch/qos/logback/logback-core/1.2.11/logback-core-1.2.11.jar:/Users/nyalllivett/.m2/repository/org/projectlombok/lombok/1.18.24/lombok-1.18.24.jar:"/>
    <property name="sun.cpu.endian" value="little"/>
    <property name="user.home" value="/Users/nyalllivett"/>
    <property name="user.language" value="en"/>
    <property name="java.specification.vendor" value="Oracle Corporation"/>
    <property name="java.version.date" value="2024-01-16"/>
    <property name="java.home" value="/Users/nyalllivett/Library/Java/JavaVirtualMachines/corretto-11.0.22/Contents/Home"/>
    <property name="file.separator" value="/"/>
    <property name="basedir" value="/Users/nyalllivett/Desktop/LLMTestGeneration/projects-used-for-data/java-design-patterns/interpreter"/>
    <property name="java.vm.compressedOopsMode" value="Zero based"/>
    <property name="line.separator" value="&#10;"/>
    <property name="checkstyle.skip" value="true"/>
    <property name="java.specification.name" value="Java Platform API Specification"/>
    <property name="java.vm.specification.vendor" value="Oracle Corporation"/>
    <property name="java.awt.graphicsenv" value="sun.awt.CGraphicsEnvironment"/>
    <property name="surefire.real.class.path" value="/Users/nyalllivett/Desktop/LLMTestGeneration/projects-used-for-data/java-design-patterns/interpreter/target/surefire/surefirebooter-20240416125709583_79.jar"/>
    <property name="sun.management.compiler" value="HotSpot 64-Bit Tiered Compilers"/>
    <property name="ftp.nonProxyHosts" value="local|*.local|169.254/16|*.169.254/16"/>
    <property name="java.runtime.version" value="11.0.22+7-LTS"/>
    <property name="user.name" value="nyalllivett"/>
    <property name="path.separator" value=":"/>
    <property name="os.version" value="13.5.1"/>
    <property name="java.runtime.name" value="OpenJDK Runtime Environment"/>
    <property name="file.encoding" value="UTF-8"/>
    <property name="java.vm.name" value="OpenJDK 64-Bit Server VM"/>
    <property name="java.vendor.version" value="Corretto-11.0.22.7.1"/>
    <property name="localRepository" value="/Users/nyalllivett/.m2/repository"/>
    <property name="java.vendor.url.bug" value="https://github.com/corretto/corretto-11/issues/"/>
    <property name="java.io.tmpdir" value="/var/folders/r5/wybk1jdx0sd04gfc1n3_j0yw0000gn/T/"/>
    <property name="java.version" value="11.0.22"/>
    <property name="user.dir" value="/Users/nyalllivett/Desktop/LLMTestGeneration/projects-used-for-data/java-design-patterns/interpreter"/>
    <property name="os.arch" value="aarch64"/>
    <property name="java.vm.specification.name" value="Java Virtual Machine Specification"/>
    <property name="java.awt.printerjob" value="sun.lwawt.macosx.CPrinterJob"/>
    <property name="sun.os.patch.level" value="unknown"/>
    <property name="java.library.path" value="/Users/nyalllivett/Library/Java/Extensions:/Library/Java/Extensions:/Network/Library/Java/Extensions:/System/Library/Java/Extensions:/usr/lib/java:."/>
    <property name="java.vm.info" value="mixed mode"/>
    <property name="java.vendor" value="Amazon.com Inc."/>
    <property name="java.vm.version" value="11.0.22+7-LTS"/>
    <property name="java.specification.maintenance.version" value="2"/>
    <property name="sun.io.unicode.encoding" value="UnicodeBig"/>
    <property name="java.class.version" value="55.0"/>
    <property name="socksNonProxyHosts" value="local|*.local|169.254/16|*.169.254/16"/>
  </properties>
  <testcase name="testToString(NumberExpression, NumberExpression)[1]" classname="com.iluwatar.interpreter.PlusExpressionTest" time="0.001"/>
  <testcase name="testToString(NumberExpression, NumberExpression)[2]" classname="com.iluwatar.interpreter.PlusExpressionTest" time="0.0"/>
  <testcase name="testToString(NumberExpression, NumberExpression)[3]" classname="com.iluwatar.interpreter.PlusExpressionTest" time="0.0"/>
  <testcase name="testToString(NumberExpression, NumberExpression)[4]" classname="com.iluwatar.interpreter.PlusExpressionTest" time="0.0"/>
  <testcase name="testToString(NumberExpression, NumberExpression)[5]" classname="com.iluwatar.interpreter.PlusExpressionTest" time="0.0"/>
  <testcase name="testToString(NumberExpression, NumberExpression)[6]" classname="com.iluwatar.interpreter.PlusExpressionTest" time="0.0"/>
  <testcase name="testToString(NumberExpression, NumberExpression)[7]" classname="com.iluwatar.interpreter.PlusExpressionTest" time="0.0"/>
  <testcase name="testToString(NumberExpression, NumberExpression)[8]" classname="com.iluwatar.interpreter.PlusExpressionTest" time="0.0"/>
  <testcase name="testToString(NumberExpression, NumberExpression)[9]" classname="com.iluwatar.interpreter.PlusExpressionTest" time="0.0"/>
  <testcase name="testToString(NumberExpression, NumberExpression)[10]" classname="com.iluwatar.interpreter.PlusExpressionTest" time="0.0"/>
  <testcase name="testToString(NumberExpression, NumberExpression)[11]" classname="com.iluwatar.interpreter.PlusExpressionTest" time="0.0"/>
  <testcase name="testToString(NumberExpression, NumberExpression)[12]" classname="com.iluwatar.interpreter.PlusExpressionTest" time="0.0"/>
  <testcase name="testToString(NumberExpression, NumberExpression)[13]" classname="com.iluwatar.interpreter.PlusExpressionTest" time="0.001"/>
  <testcase name="testToString(NumberExpression, NumberExpression)[14]" classname="com.iluwatar.interpreter.PlusExpressionTest" time="0.0"/>
  <testcase name="testToString(NumberExpression, NumberExpression)[15]" classname="com.iluwatar.interpreter.PlusExpressionTest" time="0.0"/>
  <testcase name="testToString(NumberExpression, NumberExpression)[16]" classname="com.iluwatar.interpreter.PlusExpressionTest" time="0.0"/>
  <testcase name="testToString(NumberExpression, NumberExpression)[17]" classname="com.iluwatar.interpreter.PlusExpressionTest" time="0.0"/>
  <testcase name="testToString(NumberExpression, NumberExpression)[18]" classname="com.iluwatar.interpreter.PlusExpressionTest" time="0.0"/>
  <testcase name="testToString(NumberExpression, NumberExpression)[19]" classname="com.iluwatar.interpreter.PlusExpressionTest" time="0.0"/>
  <testcase name="testToString(NumberExpression, NumberExpression)[20]" classname="com.iluwatar.interpreter.PlusExpressionTest" time="0.0"/>
  <testcase name="testToString(NumberExpression, NumberExpression)[21]" classname="com.iluwatar.interpreter.PlusExpressionTest" time="0.0"/>
  <testcase name="testToString(NumberExpression, NumberExpression)[22]" classname="com.iluwatar.interpreter.PlusExpressionTest" time="0.0"/>
  <testcase name="testToString(NumberExpression, NumberExpression)[23]" classname="com.iluwatar.interpreter.PlusExpressionTest" time="0.0"/>
  <testcase name="testToString(NumberExpression, NumberExpression)[24]" classname="com.iluwatar.interpreter.PlusExpressionTest" time="0.0"/>
  <testcase name="testToString(NumberExpression, NumberExpression)[25]" classname="com.iluwatar.interpreter.PlusExpressionTest" time="0.0"/>
  <testcase name="testToString(NumberExpression, NumberExpression)[26]" classname="com.iluwatar.interpreter.PlusExpressionTest" time="0.0"/>
  <testcase name="testToString(NumberExpression, NumberExpression)[27]" classname="com.iluwatar.interpreter.PlusExpressionTest" time="0.001"/>
  <testcase name="testToString(NumberExpression, NumberExpression)[28]" classname="com.iluwatar.interpreter.PlusExpressionTest" time="0.0"/>
  <testcase name="testToString(NumberExpression, NumberExpression)[29]" classname="com.iluwatar.interpreter.PlusExpressionTest" time="0.0"/>
  <testcase name="testToString(NumberExpression, NumberExpression)[30]" classname="com.iluwatar.interpreter.PlusExpressionTest" time="0.0"/>
  <testcase name="testToString(NumberExpression, NumberExpression)[31]" classname="com.iluwatar.interpreter.PlusExpressionTest" time="0.0"/>
  <testcase name="testToString(NumberExpression, NumberExpression)[32]" classname="com.iluwatar.interpreter.PlusExpressionTest" time="0.0"/>
  <testcase name="testToString(NumberExpression, NumberExpression)[33]" classname="com.iluwatar.interpreter.PlusExpressionTest" time="0.0"/>
  <testcase name="testToString(NumberExpression, NumberExpression)[34]" classname="com.iluwatar.interpreter.PlusExpressionTest" time="0.0"/>
  <testcase name="testToString(NumberExpression, NumberExpression)[35]" classname="com.iluwatar.interpreter.PlusExpressionTest" time="0.0"/>
  <testcase name="testToString(NumberExpression, NumberExpression)[36]" classname="com.iluwatar.interpreter.PlusExpressionTest" time="0.0"/>
  <testcase name="testToString(NumberExpression, NumberExpression)[37]" classname="com.iluwatar.interpreter.PlusExpressionTest" time="0.0"/>
  <testcase name="testToString(NumberExpression, NumberExpression)[38]" classname="com.iluwatar.interpreter.PlusExpressionTest" time="0.0"/>
  <testcase name="testToString(NumberExpression, NumberExpression)[39]" classname="com.iluwatar.interpreter.PlusExpressionTest" time="0.0"/>
  <testcase name="testToString(NumberExpression, NumberExpression)[40]" classname="com.iluwatar.interpreter.PlusExpressionTest" time="0.0"/>
  <testcase name="testToString(NumberExpression, NumberExpression)[41]" classname="com.iluwatar.interpreter.PlusExpressionTest" time="0.001"/>
  <testcase name="testToString(NumberExpression, NumberExpression)[42]" classname="com.iluwatar.interpreter.PlusExpressionTest" time="0.0"/>
  <testcase name="testToString(NumberExpression, NumberExpression)[43]" classname="com.iluwatar.interpreter.PlusExpressionTest" time="0.0"/>
  <testcase name="testToString(NumberExpression, NumberExpression)[44]" classname="com.iluwatar.interpreter.PlusExpressionTest" time="0.0"/>
  <testcase name="testToString(NumberExpression, NumberExpression)[45]" classname="com.iluwatar.interpreter.PlusExpressionTest" time="0.0"/>
  <testcase name="testToString(NumberExpression, NumberExpression)[46]" classname="com.iluwatar.interpreter.PlusExpressionTest" time="0.0"/>
  <testcase name="testToString(NumberExpression, NumberExpression)[47]" classname="com.iluwatar.interpreter.PlusExpressionTest" time="0.0"/>
  <testcase name="testToString(NumberExpression, NumberExpression)[48]" classname="com.iluwatar.interpreter.PlusExpressionTest" time="0.0"/>
  <testcase name="testToString(NumberExpression, NumberExpression)[49]" classname="com.iluwatar.interpreter.PlusExpressionTest" time="0.0"/>
  <testcase name="testToString(NumberExpression, NumberExpression)[50]" classname="com.iluwatar.interpreter.PlusExpressionTest" time="0.0"/>
  <testcase name="testToString(NumberExpression, NumberExpression)[51]" classname="com.iluwatar.interpreter.PlusExpressionTest" time="0.0"/>
  <testcase name="testToString(NumberExpression, NumberExpression)[52]" classname="com.iluwatar.interpreter.PlusExpressionTest" time="0.0"/>
  <testcase name="testToString(NumberExpression, NumberExpression)[53]" classname="com.iluwatar.interpreter.PlusExpressionTest" time="0.0"/>
  <testcase name="testToString(NumberExpression, NumberExpression)[54]" classname="com.iluwatar.interpreter.PlusExpressionTest" time="0.0"/>
  <testcase name="testToString(NumberExpression, NumberExpression)[55]" classname="com.iluwatar.interpreter.PlusExpressionTest" time="0.001"/>
  <testcase name="testToString(NumberExpression, NumberExpression)[56]" classname="com.iluwatar.interpreter.PlusExpressionTest" time="0.0"/>
  <testcase name="testToString(NumberExpression, NumberExpression)[57]" classname="com.iluwatar.interpreter.PlusExpressionTest" time="0.0"/>
  <testcase name="testToString(NumberExpression, NumberExpression)[58]" classname="com.iluwatar.interpreter.PlusExpressionTest" time="0.0"/>
  <testcase name="testToString(NumberExpression, NumberExpression)[59]" classname="com.iluwatar.interpreter.PlusExpressionTest" time="0.0"/>
  <testcase name="testToString(NumberExpression, NumberExpression)[60]" classname="com.iluwatar.interpreter.PlusExpressionTest" time="0.0"/>
  <testcase name="testToString(NumberExpression, NumberExpression)[61]" classname="com.iluwatar.interpreter.PlusExpressionTest" time="0.0"/>
  <testcase name="testToString(NumberExpression, NumberExpression)[62]" classname="com.iluwatar.interpreter.PlusExpressionTest" time="0.0"/>
  <testcase name="testToString(NumberExpression, NumberExpression)[63]" classname="com.iluwatar.interpreter.PlusExpressionTest" time="0.0"/>
  <testcase name="testToString(NumberExpression, NumberExpression)[64]" classname="com.iluwatar.interpreter.PlusExpressionTest" time="0.0"/>
  <testcase name="testToString(NumberExpression, NumberExpression)[65]" classname="com.iluwatar.interpreter.PlusExpressionTest" time="0.0"/>
  <testcase name="testToString(NumberExpression, NumberExpression)[66]" classname="com.iluwatar.interpreter.PlusExpressionTest" time="0.0"/>
  <testcase name="testToString(NumberExpression, NumberExpression)[67]" classname="com.iluwatar.interpreter.PlusExpressionTest" time="0.0"/>
  <testcase name="testToString(NumberExpression, NumberExpression)[68]" classname="com.iluwatar.interpreter.PlusExpressionTest" time="0.0"/>
  <testcase name="testToString(NumberExpression, NumberExpression)[69]" classname="com.iluwatar.interpreter.PlusExpressionTest" time="0.0"/>
  <testcase name="testToString(NumberExpression, NumberExpression)[70]" classname="com.iluwatar.interpreter.PlusExpressionTest" time="0.0"/>
  <testcase name="testToString(NumberExpression, NumberExpression)[71]" classname="com.iluwatar.interpreter.PlusExpressionTest" time="0.0"/>
  <testcase name="testToString(NumberExpression, NumberExpression)[72]" classname="com.iluwatar.interpreter.PlusExpressionTest" time="0.0"/>
  <testcase name="testToString(NumberExpression, NumberExpression)[73]" classname="com.iluwatar.interpreter.PlusExpressionTest" time="0.0"/>
  <testcase name="testToString(NumberExpression, NumberExpression)[74]" classname="com.iluwatar.interpreter.PlusExpressionTest" time="0.0"/>
  <testcase name="testToString(NumberExpression, NumberExpression)[75]" classname="com.iluwatar.interpreter.PlusExpressionTest" time="0.0"/>
  <testcase name="testToString(NumberExpression, NumberExpression)[76]" classname="com.iluwatar.interpreter.PlusExpressionTest" time="0.0"/>
  <testcase name="testToString(NumberExpression, NumberExpression)[77]" classname="com.iluwatar.interpreter.PlusExpressionTest" time="0.0"/>
  <testcase name="testToString(NumberExpression, NumberExpression)[78]" classname="com.iluwatar.interpreter.PlusExpressionTest" time="0.0"/>
  <testcase name="testToString(NumberExpression, NumberExpression)[79]" classname="com.iluwatar.interpreter.PlusExpressionTest" time="0.0"/>
  <testcase name="testToString(NumberExpression, NumberExpression)[80]" classname="com.iluwatar.interpreter.PlusExpressionTest" time="0.0"/>
  <testcase name="testToString(NumberExpression, NumberExpression)[81]" classname="com.iluwatar.interpreter.PlusExpressionTest" time="0.0"/>
  <testcase name="testToString(NumberExpression, NumberExpression)[82]" classname="com.iluwatar.interpreter.PlusExpressionTest" time="0.0"/>
  <testcase name="testToString(NumberExpression, NumberExpression)[83]" classname="com.iluwatar.interpreter.PlusExpressionTest" time="0.0"/>
  <testcase name="testToString(NumberExpression, NumberExpression)[84]" classname="com.iluwatar.interpreter.PlusExpressionTest" time="0.0"/>
  <testcase name="testToString(NumberExpression, NumberExpression)[85]" classname="com.iluwatar.interpreter.PlusExpressionTest" time="0.0"/>
  <testcase name="testToString(NumberExpression, NumberExpression)[86]" classname="com.iluwatar.interpreter.PlusExpressionTest" time="0.0"/>
  <testcase name="testToString(NumberExpression, NumberExpression)[87]" classname="com.iluwatar.interpreter.PlusExpressionTest" time="0.0"/>
  <testcase name="testToString(NumberExpression, NumberExpression)[88]" classname="com.iluwatar.interpreter.PlusExpressionTest" time="0.0"/>
  <testcase name="testToString(NumberExpression, NumberExpression)[89]" classname="com.iluwatar.interpreter.PlusExpressionTest" time="0.0"/>
  <testcase name="testToString(NumberExpression, NumberExpression)[90]" classname="com.iluwatar.interpreter.PlusExpressionTest" time="0.0"/>
  <testcase name="testToString(NumberExpression, NumberExpression)[91]" classname="com.iluwatar.interpreter.PlusExpressionTest" time="0.0"/>
  <testcase name="testToString(NumberExpression, NumberExpression)[92]" classname="com.iluwatar.interpreter.PlusExpressionTest" time="0.0"/>
  <testcase name="testToString(NumberExpression, NumberExpression)[93]" classname="com.iluwatar.interpreter.PlusExpressionTest" time="0.0"/>
  <testcase name="testToString(NumberExpression, NumberExpression)[94]" classname="com.iluwatar.interpreter.PlusExpressionTest" time="0.0"/>
  <testcase name="testToString(NumberExpression, NumberExpression)[95]" classname="com.iluwatar.interpreter.PlusExpressionTest" time="0.0"/>
  <testcase name="testToString(NumberExpression, NumberExpression)[96]" classname="com.iluwatar.interpreter.PlusExpressionTest" time="0.0"/>
  <testcase name="testToString(NumberExpression, NumberExpression)[97]" classname="com.iluwatar.interpreter.PlusExpressionTest" time="0.0"/>
  <testcase name="testToString(NumberExpression, NumberExpression)[98]" classname="com.iluwatar.interpreter.PlusExpressionTest" time="0.001"/>
  <testcase name="testToString(NumberExpression, NumberExpression)[99]" classname="com.iluwatar.interpreter.PlusExpressionTest" time="0.0"/>
  <testcase name="testToString(NumberExpression, NumberExpression)[100]" classname="com.iluwatar.interpreter.PlusExpressionTest" time="0.0"/>
  <testcase name="testToString(NumberExpression, NumberExpression)[101]" classname="com.iluwatar.interpreter.PlusExpressionTest" time="0.0"/>
  <testcase name="testToString(NumberExpression, NumberExpression)[102]" classname="com.iluwatar.interpreter.PlusExpressionTest" time="0.0"/>
  <testcase name="testToString(NumberExpression, NumberExpression)[103]" classname="com.iluwatar.interpreter.PlusExpressionTest" time="0.0"/>
  <testcase name="testToString(NumberExpression, NumberExpression)[104]" classname="com.iluwatar.interpreter.PlusExpressionTest" time="0.0"/>
  <testcase name="testToString(NumberExpression, NumberExpression)[105]" classname="com.iluwatar.interpreter.PlusExpressionTest" time="0.0"/>
  <testcase name="testToString(NumberExpression, NumberExpression)[106]" classname="com.iluwatar.interpreter.PlusExpressionTest" time="0.0"/>
  <testcase name="testToString(NumberExpression, NumberExpression)[107]" classname="com.iluwatar.interpreter.PlusExpressionTest" time="0.0"/>
  <testcase name="testToString(NumberExpression, NumberExpression)[108]" classname="com.iluwatar.interpreter.PlusExpressionTest" time="0.0"/>
  <testcase name="testToString(NumberExpression, NumberExpression)[109]" classname="com.iluwatar.interpreter.PlusExpressionTest" time="0.0"/>
  <testcase name="testToString(NumberExpression, NumberExpression)[110]" classname="com.iluwatar.interpreter.PlusExpressionTest" time="0.0"/>
  <testcase name="testToString(NumberExpression, NumberExpression)[111]" classname="com.iluwatar.interpreter.PlusExpressionTest" time="0.0"/>
  <testcase name="testToString(NumberExpression, NumberExpression)[112]" classname="com.iluwatar.interpreter.PlusExpressionTest" time="0.001"/>
  <testcase name="testToString(NumberExpression, NumberExpression)[113]" classname="com.iluwatar.interpreter.PlusExpressionTest" time="0.0"/>
  <testcase name="testToString(NumberExpression, NumberExpression)[114]" classname="com.iluwatar.interpreter.PlusExpressionTest" time="0.0"/>
  <testcase name="testToString(NumberExpression, NumberExpression)[115]" classname="com.iluwatar.interpreter.PlusExpressionTest" time="0.0"/>
  <testcase name="testToString(NumberExpression, NumberExpression)[116]" classname="com.iluwatar.interpreter.PlusExpressionTest" time="0.0"/>
  <testcase name="testToString(NumberExpression, NumberExpression)[117]" classname="com.iluwatar.interpreter.PlusExpressionTest" time="0.0"/>
  <testcase name="testToString(NumberExpression, NumberExpression)[118]" classname="com.iluwatar.interpreter.PlusExpressionTest" time="0.0"/>
  <testcase name="testToString(NumberExpression, NumberExpression)[119]" classname="com.iluwatar.interpreter.PlusExpressionTest" time="0.0"/>
  <testcase name="testToString(NumberExpression, NumberExpression)[120]" classname="com.iluwatar.interpreter.PlusExpressionTest" time="0.0"/>
  <testcase name="testToString(NumberExpression, NumberExpression)[121]" classname="com.iluwatar.interpreter.PlusExpressionTest" time="0.0"/>
  <testcase name="testToString(NumberExpression, NumberExpression)[122]" classname="com.iluwatar.interpreter.PlusExpressionTest" time="0.0"/>
  <testcase name="testToString(NumberExpression, NumberExpression)[123]" classname="com.iluwatar.interpreter.PlusExpressionTest" time="0.0"/>
  <testcase name="testToString(NumberExpression, NumberExpression)[124]" classname="com.iluwatar.interpreter.PlusExpressionTest" time="0.0"/>
  <testcase name="testToString(NumberExpression, NumberExpression)[125]" classname="com.iluwatar.interpreter.PlusExpressionTest" time="0.0"/>
  <testcase name="testToString(NumberExpression, NumberExpression)[126]" classname="com.iluwatar.interpreter.PlusExpressionTest" time="0.0"/>
  <testcase name="testToString(NumberExpression, NumberExpression)[127]" classname="com.iluwatar.interpreter.PlusExpressionTest" time="0.0"/>
  <testcase name="testToString(NumberExpression, NumberExpression)[128]" classname="com.iluwatar.interpreter.PlusExpressionTest" time="0.0"/>
  <testcase name="testToString(NumberExpression, NumberExpression)[129]" classname="com.iluwatar.interpreter.PlusExpressionTest" time="0.0"/>
  <testcase name="testToString(NumberExpression, NumberExpression)[130]" classname="com.iluwatar.interpreter.PlusExpressionTest" time="0.0"/>
  <testcase name="testToString(NumberExpression, NumberExpression)[131]" classname="com.iluwatar.interpreter.PlusExpressionTest" time="0.0"/>
  <testcase name="testToString(NumberExpression, NumberExpression)[132]" classname="com.iluwatar.interpreter.PlusExpressionTest" time="0.0"/>
  <testcase name="testToString(NumberExpression, NumberExpression)[133]" classname="com.iluwatar.interpreter.PlusExpressionTest" time="0.0"/>
  <testcase name="testToString(NumberExpression, NumberExpression)[134]" classname="com.iluwatar.interpreter.PlusExpressionTest" time="0.0"/>
  <testcase name="testToString(NumberExpression, NumberExpression)[135]" classname="com.iluwatar.interpreter.PlusExpressionTest" time="0.0"/>
  <testcase name="testToString(NumberExpression, NumberExpression)[136]" classname="com.iluwatar.interpreter.PlusExpressionTest" time="0.0"/>
  <testcase name="testToString(NumberExpression, NumberExpression)[137]" classname="com.iluwatar.interpreter.PlusExpressionTest" time="0.001"/>
  <testcase name="testToString(NumberExpression, NumberExpression)[138]" classname="com.iluwatar.interpreter.PlusExpressionTest" time="0.0"/>
  <testcase name="testToString(NumberExpression, NumberExpression)[139]" classname="com.iluwatar.interpreter.PlusExpressionTest" time="0.0"/>
  <testcase name="testToString(NumberExpression, NumberExpression)[140]" classname="com.iluwatar.interpreter.PlusExpressionTest" time="0.0"/>
  <testcase name="testToString(NumberExpression, NumberExpression)[141]" classname="com.iluwatar.interpreter.PlusExpressionTest" time="0.0"/>
  <testcase name="testToString(NumberExpression, NumberExpression)[142]" classname="com.iluwatar.interpreter.PlusExpressionTest" time="0.0"/>
  <testcase name="testToString(NumberExpression, NumberExpression)[143]" classname="com.iluwatar.interpreter.PlusExpressionTest" time="0.0"/>
  <testcase name="testToString(NumberExpression, NumberExpression)[144]" classname="com.iluwatar.interpreter.PlusExpressionTest" time="0.0"/>
  <testcase name="testToString(NumberExpression, NumberExpression)[145]" classname="com.iluwatar.interpreter.PlusExpressionTest" time="0.0"/>
  <testcase name="testToString(NumberExpression, NumberExpression)[146]" classname="com.iluwatar.interpreter.PlusExpressionTest" time="0.0"/>
  <testcase name="testToString(NumberExpression, NumberExpression)[147]" classname="com.iluwatar.interpreter.PlusExpressionTest" time="0.0"/>
  <testcase name="testToString(NumberExpression, NumberExpression)[148]" classname="com.iluwatar.interpreter.PlusExpressionTest" time="0.0"/>
  <testcase name="testToString(NumberExpression, NumberExpression)[149]" classname="com.iluwatar.interpreter.PlusExpressionTest" time="0.0"/>
  <testcase name="testToString(NumberExpression, NumberExpression)[150]" classname="com.iluwatar.interpreter.PlusExpressionTest" time="0.0"/>
  <testcase name="testToString(NumberExpression, NumberExpression)[151]" classname="com.iluwatar.interpreter.PlusExpressionTest" time="0.0"/>
  <testcase name="testToString(NumberExpression, NumberExpression)[152]" classname="com.iluwatar.interpreter.PlusExpressionTest" time="0.0"/>
  <testcase name="testToString(NumberExpression, NumberExpression)[153]" classname="com.iluwatar.interpreter.PlusExpressionTest" time="0.0"/>
  <testcase name="testToString(NumberExpression, NumberExpression)[154]" classname="com.iluwatar.interpreter.PlusExpressionTest" time="0.0"/>
  <testcase name="testToString(NumberExpression, NumberExpression)[155]" classname="com.iluwatar.interpreter.PlusExpressionTest" time="0.0"/>
  <testcase name="testToString(NumberExpression, NumberExpression)[156]" classname="com.iluwatar.interpreter.PlusExpressionTest" time="0.0"/>
  <testcase name="testToString(NumberExpression, NumberExpression)[157]" classname="com.iluwatar.interpreter.PlusExpressionTest" time="0.0"/>
  <testcase name="testToString(NumberExpression, NumberExpression)[158]" classname="com.iluwatar.interpreter.PlusExpressionTest" time="0.0"/>
  <testcase name="testToString(NumberExpression, NumberExpression)[159]" classname="com.iluwatar.interpreter.PlusExpressionTest" time="0.0"/>
  <testcase name="testToString(NumberExpression, NumberExpression)[160]" classname="com.iluwatar.interpreter.PlusExpressionTest" time="0.0"/>
  <testcase name="testToString(NumberExpression, NumberExpression)[161]" classname="com.iluwatar.interpreter.PlusExpressionTest" time="0.0"/>
  <testcase name="testToString(NumberExpression, NumberExpression)[162]" classname="com.iluwatar.interpreter.PlusExpressionTest" time="0.0"/>
  <testcase name="testToString(NumberExpression, NumberExpression)[163]" classname="com.iluwatar.interpreter.PlusExpressionTest" time="0.0"/>
  <testcase name="testToString(NumberExpression, NumberExpression)[164]" classname="com.iluwatar.interpreter.PlusExpressionTest" time="0.0"/>
  <testcase name="testToString(NumberExpression, NumberExpression)[165]" classname="com.iluwatar.interpreter.PlusExpressionTest" time="0.0"/>
  <testcase name="testToString(NumberExpression, NumberExpression)[166]" classname="com.iluwatar.interpreter.PlusExpressionTest" time="0.0"/>
  <testcase name="testToString(NumberExpression, NumberExpression)[167]" classname="com.iluwatar.interpreter.PlusExpressionTest" time="0.0"/>
  <testcase name="testToString(NumberExpression, NumberExpression)[168]" classname="com.iluwatar.interpreter.PlusExpressionTest" time="0.0"/>
  <testcase name="testToString(NumberExpression, NumberExpression)[169]" classname="com.iluwatar.interpreter.PlusExpressionTest" time="0.0"/>
  <testcase name="testToString(NumberExpression, NumberExpression)[170]" classname="com.iluwatar.interpreter.PlusExpressionTest" time="0.0"/>
  <testcase name="testToString(NumberExpression, NumberExpression)[171]" classname="com.iluwatar.interpreter.PlusExpressionTest" time="0.0"/>
  <testcase name="testToString(NumberExpression, NumberExpression)[172]" classname="com.iluwatar.interpreter.PlusExpressionTest" time="0.001"/>
  <testcase name="testToString(NumberExpression, NumberExpression)[173]" classname="com.iluwatar.interpreter.PlusExpressionTest" time="0.0"/>
  <testcase name="testToString(NumberExpression, NumberExpression)[174]" classname="com.iluwatar.interpreter.PlusExpressionTest" time="0.0"/>
  <testcase name="testToString(NumberExpression, NumberExpression)[175]" classname="com.iluwatar.interpreter.PlusExpressionTest" time="0.0"/>
  <testcase name="testToString(NumberExpression, NumberExpression)[176]" classname="com.iluwatar.interpreter.PlusExpressionTest" time="0.0"/>
  <testcase name="testToString(NumberExpression, NumberExpression)[177]" classname="com.iluwatar.interpreter.PlusExpressionTest" time="0.0"/>
  <testcase name="testToString(NumberExpression, NumberExpression)[178]" classname="com.iluwatar.interpreter.PlusExpressionTest" time="0.0"/>
  <testcase name="testToString(NumberExpression, NumberExpression)[179]" classname="com.iluwatar.interpreter.PlusExpressionTest" time="0.0"/>
  <testcase name="testToString(NumberExpression, NumberExpression)[180]" classname="com.iluwatar.interpreter.PlusExpressionTest" time="0.0"/>
  <testcase name="testToString(NumberExpression, NumberExpression)[181]" classname="com.iluwatar.interpreter.PlusExpressionTest" time="0.0"/>
  <testcase name="testToString(NumberExpression, NumberExpression)[182]" classname="com.iluwatar.interpreter.PlusExpressionTest" time="0.0"/>
  <testcase name="testToString(NumberExpression, NumberExpression)[183]" classname="com.iluwatar.interpreter.PlusExpressionTest" time="0.0"/>
  <testcase name="testToString(NumberExpression, NumberExpression)[184]" classname="com.iluwatar.interpreter.PlusExpressionTest" time="0.0"/>
  <testcase name="testToString(NumberExpression, NumberExpression)[185]" classname="com.iluwatar.interpreter.PlusExpressionTest" time="0.0"/>
  <testcase name="testToString(NumberExpression, NumberExpression)[186]" classname="com.iluwatar.interpreter.PlusExpressionTest" time="0.0"/>
  <testcase name="testToString(NumberExpression, NumberExpression)[187]" classname="com.iluwatar.interpreter.PlusExpressionTest" time="0.0"/>
  <testcase name="testToString(NumberExpression, NumberExpression)[188]" classname="com.iluwatar.interpreter.PlusExpressionTest" time="0.0"/>
  <testcase name="testToString(NumberExpression, NumberExpression)[189]" classname="com.iluwatar.interpreter.PlusExpressionTest" time="0.0"/>
  <testcase name="testToString(NumberExpression, NumberExpression)[190]" classname="com.iluwatar.interpreter.PlusExpressionTest" time="0.0"/>
  <testcase name="testToString(NumberExpression, NumberExpression)[191]" classname="com.iluwatar.interpreter.PlusExpressionTest" time="0.0"/>
  <testcase name="testToString(NumberExpression, NumberExpression)[192]" classname="com.iluwatar.interpreter.PlusExpressionTest" time="0.0"/>
  <testcase name="testToString(NumberExpression, NumberExpression)[193]" classname="com.iluwatar.interpreter.PlusExpressionTest" time="0.0"/>
  <testcase name="testToString(NumberExpression, NumberExpression)[194]" classname="com.iluwatar.interpreter.PlusExpressionTest" time="0.0"/>
  <testcase name="testToString(NumberExpression, NumberExpression)[195]" classname="com.iluwatar.interpreter.PlusExpressionTest" time="0.0"/>
  <testcase name="testToString(NumberExpression, NumberExpression)[196]" classname="com.iluwatar.interpreter.PlusExpressionTest" time="0.0"/>
  <testcase name="testToString(NumberExpression, NumberExpression)[197]" classname="com.iluwatar.interpreter.PlusExpressionTest" time="0.0"/>
  <testcase name="testToString(NumberExpression, NumberExpression)[198]" classname="com.iluwatar.interpreter.PlusExpressionTest" time="0.0"/>
  <testcase name="testToString(NumberExpression, NumberExpression)[199]" classname="com.iluwatar.interpreter.PlusExpressionTest" time="0.0"/>
  <testcase name="testToString(NumberExpression, NumberExpression)[200]" classname="com.iluwatar.interpreter.PlusExpressionTest" time="0.0"/>
  <testcase name="testToString(NumberExpression, NumberExpression)[201]" classname="com.iluwatar.interpreter.PlusExpressionTest" time="0.0"/>
  <testcase name="testToString(NumberExpression, NumberExpression)[202]" classname="com.iluwatar.interpreter.PlusExpressionTest" time="0.0"/>
  <testcase name="testToString(NumberExpression, NumberExpression)[203]" classname="com.iluwatar.interpreter.PlusExpressionTest" time="0.0"/>
  <testcase name="testToString(NumberExpression, NumberExpression)[204]" classname="com.iluwatar.interpreter.PlusExpressionTest" time="0.0"/>
  <testcase name="testToString(NumberExpression, NumberExpression)[205]" classname="com.iluwatar.interpreter.PlusExpressionTest" time="0.0"/>
  <testcase name="testToString(NumberExpression, NumberExpression)[206]" classname="com.iluwatar.interpreter.PlusExpressionTest" time="0.0"/>
  <testcase name="testToString(NumberExpression, NumberExpression)[207]" classname="com.iluwatar.interpreter.PlusExpressionTest" time="0.0"/>
  <testcase name="testToString(NumberExpression, NumberExpression)[208]" classname="com.iluwatar.interpreter.PlusExpressionTest" time="0.0"/>
  <testcase name="testToString(NumberExpression, NumberExpression)[209]" classname="com.iluwatar.interpreter.PlusExpressionTest" time="0.0"/>
  <testcase name="testToString(NumberExpression, NumberExpression)[210]" classname="com.iluwatar.interpreter.PlusExpressionTest" time="0.0"/>
  <testcase name="testToString(NumberExpression, NumberExpression)[211]" classname="com.iluwatar.interpreter.PlusExpressionTest" time="0.0"/>
  <testcase name="testToString(NumberExpression, NumberExpression)[212]" classname="com.iluwatar.interpreter.PlusExpressionTest" time="0.0"/>
  <testcase name="testToString(NumberExpression, NumberExpression)[213]" classname="com.iluwatar.interpreter.PlusExpressionTest" time="0.0"/>
  <testcase name="testToString(NumberExpression, NumberExpression)[214]" classname="com.iluwatar.interpreter.PlusExpressionTest" time="0.0"/>
  <testcase name="testToString(NumberExpression, NumberExpression)[215]" classname="com.iluwatar.interpreter.PlusExpressionTest" time="0.0"/>
  <testcase name="testToString(NumberExpression, NumberExpression)[216]" classname="com.iluwatar.interpreter.PlusExpressionTest" time="0.0"/>
  <testcase name="testToString(NumberExpression, NumberExpression)[217]" classname="com.iluwatar.interpreter.PlusExpressionTest" time="0.0"/>
  <testcase name="testToString(NumberExpression, NumberExpression)[218]" classname="com.iluwatar.interpreter.PlusExpressionTest" time="0.0"/>
  <testcase name="testToString(NumberExpression, NumberExpression)[219]" classname="com.iluwatar.interpreter.PlusExpressionTest" time="0.0"/>
  <testcase name="testToString(NumberExpression, NumberExpression)[220]" classname="com.iluwatar.interpreter.PlusExpressionTest" time="0.0"/>
  <testcase name="testToString(NumberExpression, NumberExpression)[221]" classname="com.iluwatar.interpreter.PlusExpressionTest" time="0.0"/>
  <testcase name="testToString(NumberExpression, NumberExpression)[222]" classname="com.iluwatar.interpreter.PlusExpressionTest" time="0.0"/>
  <testcase name="testToString(NumberExpression, NumberExpression)[223]" classname="com.iluwatar.interpreter.PlusExpressionTest" time="0.0"/>
  <testcase name="testToString(NumberExpression, NumberExpression)[224]" classname="com.iluwatar.interpreter.PlusExpressionTest" time="0.0"/>
  <testcase name="testToString(NumberExpression, NumberExpression)[225]" classname="com.iluwatar.interpreter.PlusExpressionTest" time="0.0"/>
  <testcase name="testToString(NumberExpression, NumberExpression)[226]" classname="com.iluwatar.interpreter.PlusExpressionTest" time="0.0"/>
  <testcase name="testToString(NumberExpression, NumberExpression)[227]" classname="com.iluwatar.interpreter.PlusExpressionTest" time="0.0"/>
  <testcase name="testToString(NumberExpression, NumberExpression)[228]" classname="com.iluwatar.interpreter.PlusExpressionTest" time="0.0"/>
  <testcase name="testToString(NumberExpression, NumberExpression)[229]" classname="com.iluwatar.interpreter.PlusExpressionTest" time="0.0"/>
  <testcase name="testToString(NumberExpression, NumberExpression)[230]" classname="com.iluwatar.interpreter.PlusExpressionTest" time="0.0"/>
  <testcase name="testToString(NumberExpression, NumberExpression)[231]" classname="com.iluwatar.interpreter.PlusExpressionTest" time="0.0"/>
  <testcase name="testToString(NumberExpression, NumberExpression)[232]" classname="com.iluwatar.interpreter.PlusExpressionTest" time="0.0"/>
  <testcase name="testToString(NumberExpression, NumberExpression)[233]" classname="com.iluwatar.interpreter.PlusExpressionTest" time="0.0"/>
  <testcase name="testToString(NumberExpression, NumberExpression)[234]" classname="com.iluwatar.interpreter.PlusExpressionTest" time="0.0"/>
  <testcase name="testToString(NumberExpression, NumberExpression)[235]" classname="com.iluwatar.interpreter.PlusExpressionTest" time="0.0"/>
  <testcase name="testToString(NumberExpression, NumberExpression)[236]" classname="com.iluwatar.interpreter.PlusExpressionTest" time="0.0"/>
  <testcase name="testToString(NumberExpression, NumberExpression)[237]" classname="com.iluwatar.interpreter.PlusExpressionTest" time="0.0"/>
  <testcase name="testToString(NumberExpression, NumberExpression)[238]" classname="com.iluwatar.interpreter.PlusExpressionTest" time="0.0"/>
  <testcase name="testToString(NumberExpression, NumberExpression)[239]" classname="com.iluwatar.interpreter.PlusExpressionTest" time="0.0"/>
  <testcase name="testToString(NumberExpression, NumberExpression)[240]" classname="com.iluwatar.interpreter.PlusExpressionTest" time="0.0"/>
  <testcase name="testToString(NumberExpression, NumberExpression)[241]" classname="com.iluwatar.interpreter.PlusExpressionTest" time="0.0"/>
  <testcase name="testToString(NumberExpression, NumberExpression)[242]" classname="com.iluwatar.interpreter.PlusExpressionTest" time="0.0"/>
  <testcase name="testToString(NumberExpression, NumberExpression)[243]" classname="com.iluwatar.interpreter.PlusExpressionTest" time="0.0"/>
  <testcase name="testToString(NumberExpression, NumberExpression)[244]" classname="com.iluwatar.interpreter.PlusExpressionTest" time="0.0"/>
  <testcase name="testToString(NumberExpression, NumberExpression)[245]" classname="com.iluwatar.interpreter.PlusExpressionTest" time="0.0"/>
  <testcase name="testToString(NumberExpression, NumberExpression)[246]" classname="com.iluwatar.interpreter.PlusExpressionTest" time="0.0"/>
  <testcase name="testToString(NumberExpression, NumberExpression)[247]" classname="com.iluwatar.interpreter.PlusExpressionTest" time="0.001"/>
  <testcase name="testToString(NumberExpression, NumberExpression)[248]" classname="com.iluwatar.interpreter.PlusExpressionTest" time="0.0"/>
  <testcase name="testToString(NumberExpression, NumberExpression)[249]" classname="com.iluwatar.interpreter.PlusExpressionTest" time="0.0"/>
  <testcase name="testToString(NumberExpression, NumberExpression)[250]" classname="com.iluwatar.interpreter.PlusExpressionTest" time="0.0"/>
  <testcase name="testToString(NumberExpression, NumberExpression)[251]" classname="com.iluwatar.interpreter.PlusExpressionTest" time="0.0"/>
  <testcase name="testToString(NumberExpression, NumberExpression)[252]" classname="com.iluwatar.interpreter.PlusExpressionTest" time="0.0"/>
  <testcase name="testToString(NumberExpression, NumberExpression)[253]" classname="com.iluwatar.interpreter.PlusExpressionTest" time="0.0"/>
  <testcase name="testToString(NumberExpression, NumberExpression)[254]" classname="com.iluwatar.interpreter.PlusExpressionTest" time="0.0"/>
  <testcase name="testToString(NumberExpression, NumberExpression)[255]" classname="com.iluwatar.interpreter.PlusExpressionTest" time="0.0"/>
  <testcase name="testToString(NumberExpression, NumberExpression)[256]" classname="com.iluwatar.interpreter.PlusExpressionTest" time="0.0"/>
  <testcase name="testToString(NumberExpression, NumberExpression)[257]" classname="com.iluwatar.interpreter.PlusExpressionTest" time="0.0"/>
  <testcase name="testToString(NumberExpression, NumberExpression)[258]" classname="com.iluwatar.interpreter.PlusExpressionTest" time="0.0"/>
  <testcase name="testToString(NumberExpression, NumberExpression)[259]" classname="com.iluwatar.interpreter.PlusExpressionTest" time="0.0"/>
  <testcase name="testToString(NumberExpression, NumberExpression)[260]" classname="com.iluwatar.interpreter.PlusExpressionTest" time="0.0"/>
  <testcase name="testToString(NumberExpression, NumberExpression)[261]" classname="com.iluwatar.interpreter.PlusExpressionTest" time="0.0"/>
  <testcase name="testToString(NumberExpression, NumberExpression)[262]" classname="com.iluwatar.interpreter.PlusExpressionTest" time="0.0"/>
  <testcase name="testToString(NumberExpression, NumberExpression)[263]" classname="com.iluwatar.interpreter.PlusExpressionTest" time="0.0"/>
  <testcase name="testToString(NumberExpression, NumberExpression)[264]" classname="com.iluwatar.interpreter.PlusExpressionTest" time="0.0"/>
  <testcase name="testToString(NumberExpression, NumberExpression)[265]" classname="com.iluwatar.interpreter.PlusExpressionTest" time="0.0"/>
  <testcase name="testToString(NumberExpression, NumberExpression)[266]" classname="com.iluwatar.interpreter.PlusExpressionTest" time="0.001"/>
  <testcase name="testToString(NumberExpression, NumberExpression)[267]" classname="com.iluwatar.interpreter.PlusExpressionTest" time="0.0"/>
  <testcase name="testToString(NumberExpression, NumberExpression)[268]" classname="com.iluwatar.interpreter.PlusExpressionTest" time="0.0"/>
  <testcase name="testToString(NumberExpression, NumberExpression)[269]" classname="com.iluwatar.interpreter.PlusExpressionTest" time="0.0"/>
  <testcase name="testToString(NumberExpression, NumberExpression)[270]" classname="com.iluwatar.interpreter.PlusExpressionTest" time="0.0"/>
  <testcase name="testToString(NumberExpression, NumberExpression)[271]" classname="com.iluwatar.interpreter.PlusExpressionTest" time="0.0"/>
  <testcase name="testToString(NumberExpression, NumberExpression)[272]" classname="com.iluwatar.interpreter.PlusExpressionTest" time="0.0"/>
  <testcase name="testToString(NumberExpression, NumberExpression)[273]" classname="com.iluwatar.interpreter.PlusExpressionTest" time="0.0"/>
  <testcase name="testToString(NumberExpression, NumberExpression)[274]" classname="com.iluwatar.interpreter.PlusExpressionTest" time="0.0"/>
  <testcase name="testToString(NumberExpression, NumberExpression)[275]" classname="com.iluwatar.interpreter.PlusExpressionTest" time="0.0"/>
  <testcase name="testToString(NumberExpression, NumberExpression)[276]" classname="com.iluwatar.interpreter.PlusExpressionTest" time="0.0"/>
  <testcase name="testToString(NumberExpression, NumberExpression)[277]" classname="com.iluwatar.interpreter.PlusExpressionTest" time="0.0"/>
  <testcase name="testToString(NumberExpression, NumberExpression)[278]" classname="com.iluwatar.interpreter.PlusExpressionTest" time="0.001"/>
  <testcase name="testToString(NumberExpression, NumberExpression)[279]" classname="com.iluwatar.interpreter.PlusExpressionTest" time="0.0"/>
  <testcase name="testToString(NumberExpression, NumberExpression)[280]" classname="com.iluwatar.interpreter.PlusExpressionTest" time="0.0"/>
  <testcase name="testToString(NumberExpression, NumberExpression)[281]" classname="com.iluwatar.interpreter.PlusExpressionTest" time="0.0"/>
  <testcase name="testToString(NumberExpression, NumberExpression)[282]" classname="com.iluwatar.interpreter.PlusExpressionTest" time="0.0"/>
  <testcase name="testToString(NumberExpression, NumberExpression)[283]" classname="com.iluwatar.interpreter.PlusExpressionTest" time="0.0"/>
  <testcase name="testToString(NumberExpression, NumberExpression)[284]" classname="com.iluwatar.interpreter.PlusExpressionTest" time="0.0"/>
  <testcase name="testToString(NumberExpression, NumberExpression)[285]" classname="com.iluwatar.interpreter.PlusExpressionTest" time="0.0"/>
  <testcase name="testToString(NumberExpression, NumberExpression)[286]" classname="com.iluwatar.interpreter.PlusExpressionTest" time="0.0"/>
  <testcase name="testToString(NumberExpression, NumberExpression)[287]" classname="com.iluwatar.interpreter.PlusExpressionTest" time="0.0"/>
  <testcase name="testToString(NumberExpression, NumberExpression)[288]" classname="com.iluwatar.interpreter.PlusExpressionTest" time="0.0"/>
  <testcase name="testToString(NumberExpression, NumberExpression)[289]" classname="com.iluwatar.interpreter.PlusExpressionTest" time="0.001"/>
  <testcase name="testToString(NumberExpression, NumberExpression)[290]" classname="com.iluwatar.interpreter.PlusExpressionTest" time="0.0"/>
  <testcase name="testToString(NumberExpression, NumberExpression)[291]" classname="com.iluwatar.interpreter.PlusExpressionTest" time="0.0"/>
  <testcase name="testToString(NumberExpression, NumberExpression)[292]" classname="com.iluwatar.interpreter.PlusExpressionTest" time="0.0"/>
  <testcase name="testToString(NumberExpression, NumberExpression)[293]" classname="com.iluwatar.interpreter.PlusExpressionTest" time="0.0"/>
  <testcase name="testToString(NumberExpression, NumberExpression)[294]" classname="com.iluwatar.interpreter.PlusExpressionTest" time="0.0"/>
  <testcase name="testToString(NumberExpression, NumberExpression)[295]" classname="com.iluwatar.interpreter.PlusExpressionTest" time="0.0"/>
  <testcase name="testToString(NumberExpression, NumberExpression)[296]" classname="com.iluwatar.interpreter.PlusExpressionTest" time="0.0"/>
  <testcase name="testToString(NumberExpression, NumberExpression)[297]" classname="com.iluwatar.interpreter.PlusExpressionTest" time="0.0"/>
  <testcase name="testToString(NumberExpression, NumberExpression)[298]" classname="com.iluwatar.interpreter.PlusExpressionTest" time="0.0"/>
  <testcase name="testToString(NumberExpression, NumberExpression)[299]" classname="com.iluwatar.interpreter.PlusExpressionTest" time="0.0"/>
  <testcase name="testToString(NumberExpression, NumberExpression)[300]" classname="com.iluwatar.interpreter.PlusExpressionTest" time="0.0"/>
  <testcase name="testToString(NumberExpression, NumberExpression)[301]" classname="com.iluwatar.interpreter.PlusExpressionTest" time="0.0"/>
  <testcase name="testToString(NumberExpression, NumberExpression)[302]" classname="com.iluwatar.interpreter.PlusExpressionTest" time="0.0"/>
  <testcase name="testToString(NumberExpression, NumberExpression)[303]" classname="com.iluwatar.interpreter.PlusExpressionTest" time="0.0"/>
  <testcase name="testToString(NumberExpression, NumberExpression)[304]" classname="com.iluwatar.interpreter.PlusExpressionTest" time="0.0"/>
  <testcase name="testToString(NumberExpression, NumberExpression)[305]" classname="com.iluwatar.interpreter.PlusExpressionTest" time="0.0"/>
  <testcase name="testToString(NumberExpression, NumberExpression)[306]" classname="com.iluwatar.interpreter.PlusExpressionTest" time="0.0"/>
  <testcase name="testToString(NumberExpression, NumberExpression)[307]" classname="com.iluwatar.interpreter.PlusExpressionTest" time="0.0"/>
  <testcase name="testToString(NumberExpression, NumberExpression)[308]" classname="com.iluwatar.interpreter.PlusExpressionTest" time="0.0"/>
  <testcase name="testToString(NumberExpression, NumberExpression)[309]" classname="com.iluwatar.interpreter.PlusExpressionTest" time="0.0"/>
  <testcase name="testToString(NumberExpression, NumberExpression)[310]" classname="com.iluwatar.interpreter.PlusExpressionTest" time="0.0"/>
  <testcase name="testToString(NumberExpression, NumberExpression)[311]" classname="com.iluwatar.interpreter.PlusExpressionTest" time="0.0"/>
  <testcase name="testToString(NumberExpression, NumberExpression)[312]" classname="com.iluwatar.interpreter.PlusExpressionTest" time="0.0"/>
  <testcase name="testToString(NumberExpression, NumberExpression)[313]" classname="com.iluwatar.interpreter.PlusExpressionTest" time="0.0"/>
  <testcase name="testToString(NumberExpression, NumberExpression)[314]" classname="com.iluwatar.interpreter.PlusExpressionTest" time="0.0"/>
  <testcase name="testToString(NumberExpression, NumberExpression)[315]" classname="com.iluwatar.interpreter.PlusExpressionTest" time="0.0"/>
  <testcase name="testToString(NumberExpression, NumberExpression)[316]" classname="com.iluwatar.interpreter.PlusExpressionTest" time="0.0"/>
  <testcase name="testToString(NumberExpression, NumberExpression)[317]" classname="com.iluwatar.interpreter.PlusExpressionTest" time="0.0"/>
  <testcase name="testToString(NumberExpression, NumberExpression)[318]" classname="com.iluwatar.interpreter.PlusExpressionTest" time="0.001"/>
  <testcase name="testToString(NumberExpression, NumberExpression)[319]" classname="com.iluwatar.interpreter.PlusExpressionTest" time="0.0"/>
  <testcase name="testToString(NumberExpression, NumberExpression)[320]" classname="com.iluwatar.interpreter.PlusExpressionTest" time="0.0"/>
  <testcase name="testToString(NumberExpression, NumberExpression)[321]" classname="com.iluwatar.interpreter.PlusExpressionTest" time="0.0"/>
  <testcase name="testToString(NumberExpression, NumberExpression)[322]" classname="com.iluwatar.interpreter.PlusExpressionTest" time="0.0"/>
  <testcase name="testToString(NumberExpression, NumberExpression)[323]" classname="com.iluwatar.interpreter.PlusExpressionTest" time="0.0"/>
  <testcase name="testToString(NumberExpression, NumberExpression)[324]" classname="com.iluwatar.interpreter.PlusExpressionTest" time="0.0"/>
  <testcase name="testToString(NumberExpression, NumberExpression)[325]" classname="com.iluwatar.interpreter.PlusExpressionTest" time="0.0"/>
  <testcase name="testToString(NumberExpression, NumberExpression)[326]" classname="com.iluwatar.interpreter.PlusExpressionTest" time="0.0"/>
  <testcase name="testToString(NumberExpression, NumberExpression)[327]" classname="com.iluwatar.interpreter.PlusExpressionTest" time="0.0"/>
  <testcase name="testToString(NumberExpression, NumberExpression)[328]" classname="com.iluwatar.interpreter.PlusExpressionTest" time="0.0"/>
  <testcase name="testToString(NumberExpression, NumberExpression)[329]" classname="com.iluwatar.interpreter.PlusExpressionTest" time="0.0"/>
  <testcase name="testToString(NumberExpression, NumberExpression)[330]" classname="com.iluwatar.interpreter.PlusExpressionTest" time="0.0"/>
  <testcase name="testToString(NumberExpression, NumberExpression)[331]" classname="com.iluwatar.interpreter.PlusExpressionTest" time="0.0"/>
  <testcase name="testToString(NumberExpression, NumberExpression)[332]" classname="com.iluwatar.interpreter.PlusExpressionTest" time="0.001"/>
  <testcase name="testToString(NumberExpression, NumberExpression)[333]" classname="com.iluwatar.interpreter.PlusExpressionTest" time="0.0"/>
  <testcase name="testToString(NumberExpression, NumberExpression)[334]" classname="com.iluwatar.interpreter.PlusExpressionTest" time="0.0"/>
  <testcase name="testToString(NumberExpression, NumberExpression)[335]" classname="com.iluwatar.interpreter.PlusExpressionTest" time="0.0"/>
  <testcase name="testToString(NumberExpression, NumberExpression)[336]" classname="com.iluwatar.interpreter.PlusExpressionTest" time="0.0"/>
  <testcase name="testToString(NumberExpression, NumberExpression)[337]" classname="com.iluwatar.interpreter.PlusExpressionTest" time="0.0"/>
  <testcase name="testToString(NumberExpression, NumberExpression)[338]" classname="com.iluwatar.interpreter.PlusExpressionTest" time="0.0"/>
  <testcase name="testToString(NumberExpression, NumberExpression)[339]" classname="com.iluwatar.interpreter.PlusExpressionTest" time="0.0"/>
  <testcase name="testToString(NumberExpression, NumberExpression)[340]" classname="com.iluwatar.interpreter.PlusExpressionTest" time="0.0"/>
  <testcase name="testToString(NumberExpression, NumberExpression)[341]" classname="com.iluwatar.interpreter.PlusExpressionTest" time="0.0"/>
  <testcase name="testToString(NumberExpression, NumberExpression)[342]" classname="com.iluwatar.interpreter.PlusExpressionTest" time="0.0"/>
  <testcase name="testToString(NumberExpression, NumberExpression)[343]" classname="com.iluwatar.interpreter.PlusExpressionTest" time="0.0"/>
  <testcase name="testToString(NumberExpression, NumberExpression)[344]" classname="com.iluwatar.interpreter.PlusExpressionTest" time="0.0"/>
  <testcase name="testToString(NumberExpression, NumberExpression)[345]" classname="com.iluwatar.interpreter.PlusExpressionTest" time="0.0"/>
  <testcase name="testToString(NumberExpression, NumberExpression)[346]" classname="com.iluwatar.interpreter.PlusExpressionTest" time="0.0"/>
  <testcase name="testToString(NumberExpression, NumberExpression)[347]" classname="com.iluwatar.interpreter.PlusExpressionTest" time="0.001"/>
  <testcase name="testToString(NumberExpression, NumberExpression)[348]" classname="com.iluwatar.interpreter.PlusExpressionTest" time="0.0"/>
  <testcase name="testToString(NumberExpression, NumberExpression)[349]" classname="com.iluwatar.interpreter.PlusExpressionTest" time="0.0"/>
  <testcase name="testToString(NumberExpression, NumberExpression)[350]" classname="com.iluwatar.interpreter.PlusExpressionTest" time="0.0"/>
  <testcase name="testToString(NumberExpression, NumberExpression)[351]" classname="com.iluwatar.interpreter.PlusExpressionTest" time="0.0"/>
  <testcase name="testToString(NumberExpression, NumberExpression)[352]" classname="com.iluwatar.interpreter.PlusExpressionTest" time="0.0"/>
  <testcase name="testToString(NumberExpression, NumberExpression)[353]" classname="com.iluwatar.interpreter.PlusExpressionTest" time="0.0"/>
  <testcase name="testToString(NumberExpression, NumberExpression)[354]" classname="com.iluwatar.interpreter.PlusExpressionTest" time="0.0"/>
  <testcase name="testToString(NumberExpression, NumberExpression)[355]" classname="com.iluwatar.interpreter.PlusExpressionTest" time="0.0"/>
  <testcase name="testToString(NumberExpression, NumberExpression)[356]" classname="com.iluwatar.interpreter.PlusExpressionTest" time="0.0"/>
  <testcase name="testToString(NumberExpression, NumberExpression)[357]" classname="com.iluwatar.interpreter.PlusExpressionTest" time="0.0"/>
  <testcase name="testToString(NumberExpression, NumberExpression)[358]" classname="com.iluwatar.interpreter.PlusExpressionTest" time="0.0"/>
  <testcase name="testToString(NumberExpression, NumberExpression)[359]" classname="com.iluwatar.interpreter.PlusExpressionTest" time="0.0"/>
  <testcase name="testToString(NumberExpression, NumberExpression)[360]" classname="com.iluwatar.interpreter.PlusExpressionTest" time="0.0"/>
  <testcase name="testToString(NumberExpression, NumberExpression)[361]" classname="com.iluwatar.interpreter.PlusExpressionTest" time="0.001"/>
  <testcase name="testToString(NumberExpression, NumberExpression)[362]" classname="com.iluwatar.interpreter.PlusExpressionTest" time="0.0"/>
  <testcase name="testToString(NumberExpression, NumberExpression)[363]" classname="com.iluwatar.interpreter.PlusExpressionTest" time="0.0"/>
  <testcase name="testToString(NumberExpression, NumberExpression)[364]" classname="com.iluwatar.interpreter.PlusExpressionTest" time="0.0"/>
  <testcase name="testToString(NumberExpression, NumberExpression)[365]" classname="com.iluwatar.interpreter.PlusExpressionTest" time="0.0"/>
  <testcase name="testToString(NumberExpression, NumberExpression)[366]" classname="com.iluwatar.interpreter.PlusExpressionTest" time="0.0"/>
  <testcase name="testToString(NumberExpression, NumberExpression)[367]" classname="com.iluwatar.interpreter.PlusExpressionTest" time="0.0"/>
  <testcase name="testToString(NumberExpression, NumberExpression)[368]" classname="com.iluwatar.interpreter.PlusExpressionTest" time="0.0"/>
  <testcase name="testToString(NumberExpression, NumberExpression)[369]" classname="com.iluwatar.interpreter.PlusExpressionTest" time="0.0"/>
  <testcase name="testToString(NumberExpression, NumberExpression)[370]" classname="com.iluwatar.interpreter.PlusExpressionTest" time="0.0"/>
  <testcase name="testToString(NumberExpression, NumberExpression)[371]" classname="com.iluwatar.interpreter.PlusExpressionTest" time="0.0"/>
  <testcase name="testToString(NumberExpression, NumberExpression)[372]" classname="com.iluwatar.interpreter.PlusExpressionTest" time="0.0"/>
  <testcase name="testToString(NumberExpression, NumberExpression)[373]" classname="com.iluwatar.interpreter.PlusExpressionTest" time="0.0"/>
  <testcase name="testToString(NumberExpression, NumberExpression)[374]" classname="com.iluwatar.interpreter.PlusExpressionTest" time="0.0"/>
  <testcase name="testToString(NumberExpression, NumberExpression)[375]" classname="com.iluwatar.interpreter.PlusExpressionTest" time="0.001"/>
  <testcase name="testToString(NumberExpression, NumberExpression)[376]" classname="com.iluwatar.interpreter.PlusExpressionTest" time="0.0"/>
  <testcase name="testToString(NumberExpression, NumberExpression)[377]" classname="com.iluwatar.interpreter.PlusExpressionTest" time="0.0"/>
  <testcase name="testToString(NumberExpression, NumberExpression)[378]" classname="com.iluwatar.interpreter.PlusExpressionTest" time="0.0"/>
  <testcase name="testToString(NumberExpression, NumberExpression)[379]" classname="com.iluwatar.interpreter.PlusExpressionTest" time="0.0"/>
  <testcase name="testToString(NumberExpression, NumberExpression)[380]" classname="com.iluwatar.interpreter.PlusExpressionTest" time="0.0"/>
  <testcase name="testToString(NumberExpression, NumberExpression)[381]" classname="com.iluwatar.interpreter.PlusExpressionTest" time="0.0"/>
  <testcase name="testToString(NumberExpression, NumberExpression)[382]" classname="com.iluwatar.interpreter.PlusExpressionTest" time="0.0"/>
  <testcase name="testToString(NumberExpression, NumberExpression)[383]" classname="com.iluwatar.interpreter.PlusExpressionTest" time="0.0"/>
  <testcase name="testToString(NumberExpression, NumberExpression)[384]" classname="com.iluwatar.interpreter.PlusExpressionTest" time="0.0"/>
  <testcase name="testToString(NumberExpression, NumberExpression)[385]" classname="com.iluwatar.interpreter.PlusExpressionTest" time="0.0"/>
  <testcase name="testToString(NumberExpression, NumberExpression)[386]" classname="com.iluwatar.interpreter.PlusExpressionTest" time="0.0"/>
  <testcase name="testToString(NumberExpression, NumberExpression)[387]" classname="com.iluwatar.interpreter.PlusExpressionTest" time="0.0"/>
  <testcase name="testToString(NumberExpression, NumberExpression)[388]" classname="com.iluwatar.interpreter.PlusExpressionTest" time="0.0"/>
  <testcase name="testToString(NumberExpression, NumberExpression)[389]" classname="com.iluwatar.interpreter.PlusExpressionTest" time="0.0"/>
  <testcase name="testToString(NumberExpression, NumberExpression)[390]" classname="com.iluwatar.interpreter.PlusExpressionTest" time="0.0"/>
  <testcase name="testToString(NumberExpression, NumberExpression)[391]" classname="com.iluwatar.interpreter.PlusExpressionTest" time="0.0"/>
  <testcase name="testToString(NumberExpression, NumberExpression)[392]" classname="com.iluwatar.interpreter.PlusExpressionTest" time="0.0"/>
  <testcase name="testToString(NumberExpression, NumberExpression)[393]" classname="com.iluwatar.interpreter.PlusExpressionTest" time="0.0"/>
  <testcase name="testToString(NumberExpression, NumberExpression)[394]" classname="com.iluwatar.interpreter.PlusExpressionTest" time="0.0"/>
  <testcase name="testToString(NumberExpression, NumberExpression)[395]" classname="com.iluwatar.interpreter.PlusExpressionTest" time="0.0"/>
  <testcase name="testToString(NumberExpression, NumberExpression)[396]" classname="com.iluwatar.interpreter.PlusExpressionTest" time="0.0"/>
  <testcase name="testToString(NumberExpression, NumberExpression)[397]" classname="com.iluwatar.interpreter.PlusExpressionTest" time="0.0"/>
  <testcase name="testToString(NumberExpression, NumberExpression)[398]" classname="com.iluwatar.interpreter.PlusExpressionTest" time="0.0"/>
  <testcase name="testToString(NumberExpression, NumberExpression)[399]" classname="com.iluwatar.interpreter.PlusExpressionTest" time="0.0"/>
  <testcase name="testToString(NumberExpression, NumberExpression)[400]" classname="com.iluwatar.interpreter.PlusExpressionTest" time="0.0"/>
  <testcase name="testInterpret(NumberExpression, NumberExpression, int)[1]" classname="com.iluwatar.interpreter.PlusExpressionTest" time="0.0"/>
  <testcase name="testInterpret(NumberExpression, NumberExpression, int)[2]" classname="com.iluwatar.interpreter.PlusExpressionTest" time="0.0"/>
  <testcase name="testInterpret(NumberExpression, NumberExpression, int)[3]" classname="com.iluwatar.interpreter.PlusExpressionTest" time="0.0"/>
  <testcase name="testInterpret(NumberExpression, NumberExpression, int)[4]" classname="com.iluwatar.interpreter.PlusExpressionTest" time="0.0"/>
  <testcase name="testInterpret(NumberExpression, NumberExpression, int)[5]" classname="com.iluwatar.interpreter.PlusExpressionTest" time="0.0"/>
  <testcase name="testInterpret(NumberExpression, NumberExpression, int)[6]" classname="com.iluwatar.interpreter.PlusExpressionTest" time="0.0"/>
  <testcase name="testInterpret(NumberExpression, NumberExpression, int)[7]" classname="com.iluwatar.interpreter.PlusExpressionTest" time="0.0"/>
  <testcase name="testInterpret(NumberExpression, NumberExpression, int)[8]" classname="com.iluwatar.interpreter.PlusExpressionTest" time="0.0"/>
  <testcase name="testInterpret(NumberExpression, NumberExpression, int)[9]" classname="com.iluwatar.interpreter.PlusExpressionTest" time="0.0"/>
  <testcase name="testInterpret(NumberExpression, NumberExpression, int)[10]" classname="com.iluwatar.interpreter.PlusExpressionTest" time="0.0"/>
  <testcase name="testInterpret(NumberExpression, NumberExpression, int)[11]" classname="com.iluwatar.interpreter.PlusExpressionTest" time="0.0"/>
  <testcase name="testInterpret(NumberExpression, NumberExpression, int)[12]" classname="com.iluwatar.interpreter.PlusExpressionTest" time="0.0"/>
  <testcase name="testInterpret(NumberExpression, NumberExpression, int)[13]" classname="com.iluwatar.interpreter.PlusExpressionTest" time="0.0"/>
  <testcase name="testInterpret(NumberExpression, NumberExpression, int)[14]" classname="com.iluwatar.interpreter.PlusExpressionTest" time="0.0"/>
  <testcase name="testInterpret(NumberExpression, NumberExpression, int)[15]" classname="com.iluwatar.interpreter.PlusExpressionTest" time="0.0"/>
  <testcase name="testInterpret(NumberExpression, NumberExpression, int)[16]" classname="com.iluwatar.interpreter.PlusExpressionTest" time="0.0"/>
  <testcase name="testInterpret(NumberExpression, NumberExpression, int)[17]" classname="com.iluwatar.interpreter.PlusExpressionTest" time="0.0"/>
  <testcase name="testInterpret(NumberExpression, NumberExpression, int)[18]" classname="com.iluwatar.interpreter.PlusExpressionTest" time="0.0"/>
  <testcase name="testInterpret(NumberExpression, NumberExpression, int)[19]" classname="com.iluwatar.interpreter.PlusExpressionTest" time="0.0"/>
  <testcase name="testInterpret(NumberExpression, NumberExpression, int)[20]" classname="com.iluwatar.interpreter.PlusExpressionTest" time="0.0"/>
  <testcase name="testInterpret(NumberExpression, NumberExpression, int)[21]" classname="com.iluwatar.interpreter.PlusExpressionTest" time="0.0"/>
  <testcase name="testInterpret(NumberExpression, NumberExpression, int)[22]" classname="com.iluwatar.interpreter.PlusExpressionTest" time="0.0"/>
  <testcase name="testInterpret(NumberExpression, NumberExpression, int)[23]" classname="com.iluwatar.interpreter.PlusExpressionTest" time="0.0"/>
  <testcase name="testInterpret(NumberExpression, NumberExpression, int)[24]" classname="com.iluwatar.interpreter.PlusExpressionTest" time="0.0"/>
  <testcase name="testInterpret(NumberExpression, NumberExpression, int)[25]" classname="com.iluwatar.interpreter.PlusExpressionTest" time="0.0"/>
  <testcase name="testInterpret(NumberExpression, NumberExpression, int)[26]" classname="com.iluwatar.interpreter.PlusExpressionTest" time="0.0"/>
  <testcase name="testInterpret(NumberExpression, NumberExpression, int)[27]" classname="com.iluwatar.interpreter.PlusExpressionTest" time="0.0"/>
  <testcase name="testInterpret(NumberExpression, NumberExpression, int)[28]" classname="com.iluwatar.interpreter.PlusExpressionTest" time="0.0"/>
  <testcase name="testInterpret(NumberExpression, NumberExpression, int)[29]" classname="com.iluwatar.interpreter.PlusExpressionTest" time="0.0"/>
  <testcase name="testInterpret(NumberExpression, NumberExpression, int)[30]" classname="com.iluwatar.interpreter.PlusExpressionTest" time="0.0"/>
  <testcase name="testInterpret(NumberExpression, NumberExpression, int)[31]" classname="com.iluwatar.interpreter.PlusExpressionTest" time="0.0"/>
  <testcase name="testInterpret(NumberExpression, NumberExpression, int)[32]" classname="com.iluwatar.interpreter.PlusExpressionTest" time="0.0"/>
  <testcase name="testInterpret(NumberExpression, NumberExpression, int)[33]" classname="com.iluwatar.interpreter.PlusExpressionTest" time="0.0"/>
  <testcase name="testInterpret(NumberExpression, NumberExpression, int)[34]" classname="com.iluwatar.interpreter.PlusExpressionTest" time="0.0"/>
  <testcase name="testInterpret(NumberExpression, NumberExpression, int)[35]" classname="com.iluwatar.interpreter.PlusExpressionTest" time="0.0"/>
  <testcase name="testInterpret(NumberExpression, NumberExpression, int)[36]" classname="com.iluwatar.interpreter.PlusExpressionTest" time="0.0"/>
  <testcase name="testInterpret(NumberExpression, NumberExpression, int)[37]" classname="com.iluwatar.interpreter.PlusExpressionTest" time="0.0"/>
  <testcase name="testInterpret(NumberExpression, NumberExpression, int)[38]" classname="com.iluwatar.interpreter.PlusExpressionTest" time="0.0"/>
  <testcase name="testInterpret(NumberExpression, NumberExpression, int)[39]" classname="com.iluwatar.interpreter.PlusExpressionTest" time="0.0"/>
  <testcase name="testInterpret(NumberExpression, NumberExpression, int)[40]" classname="com.iluwatar.interpreter.PlusExpressionTest" time="0.0"/>
  <testcase name="testInterpret(NumberExpression, NumberExpression, int)[41]" classname="com.iluwatar.interpreter.PlusExpressionTest" time="0.0"/>
  <testcase name="testInterpret(NumberExpression, NumberExpression, int)[42]" classname="com.iluwatar.interpreter.PlusExpressionTest" time="0.001"/>
  <testcase name="testInterpret(NumberExpression, NumberExpression, int)[43]" classname="com.iluwatar.interpreter.PlusExpressionTest" time="0.0"/>
  <testcase name="testInterpret(NumberExpression, NumberExpression, int)[44]" classname="com.iluwatar.interpreter.PlusExpressionTest" time="0.0"/>
  <testcase name="testInterpret(NumberExpression, NumberExpression, int)[45]" classname="com.iluwatar.interpreter.PlusExpressionTest" time="0.0"/>
  <testcase name="testInterpret(NumberExpression, NumberExpression, int)[46]" classname="com.iluwatar.interpreter.PlusExpressionTest" time="0.0"/>
  <testcase name="testInterpret(NumberExpression, NumberExpression, int)[47]" classname="com.iluwatar.interpreter.PlusExpressionTest" time="0.0"/>
  <testcase name="testInterpret(NumberExpression, NumberExpression, int)[48]" classname="com.iluwatar.interpreter.PlusExpressionTest" time="0.0"/>
  <testcase name="testInterpret(NumberExpression, NumberExpression, int)[49]" classname="com.iluwatar.interpreter.PlusExpressionTest" time="0.0"/>
  <testcase name="testInterpret(NumberExpression, NumberExpression, int)[50]" classname="com.iluwatar.interpreter.PlusExpressionTest" time="0.0"/>
  <testcase name="testInterpret(NumberExpression, NumberExpression, int)[51]" classname="com.iluwatar.interpreter.PlusExpressionTest" time="0.0"/>
  <testcase name="testInterpret(NumberExpression, NumberExpression, int)[52]" classname="com.iluwatar.interpreter.PlusExpressionTest" time="0.0"/>
  <testcase name="testInterpret(NumberExpression, NumberExpression, int)[53]" classname="com.iluwatar.interpreter.PlusExpressionTest" time="0.0"/>
  <testcase name="testInterpret(NumberExpression, NumberExpression, int)[54]" classname="com.iluwatar.interpreter.PlusExpressionTest" time="0.0"/>
  <testcase name="testInterpret(NumberExpression, NumberExpression, int)[55]" classname="com.iluwatar.interpreter.PlusExpressionTest" time="0.0"/>
  <testcase name="testInterpret(NumberExpression, NumberExpression, int)[56]" classname="com.iluwatar.interpreter.PlusExpressionTest" time="0.0"/>
  <testcase name="testInterpret(NumberExpression, NumberExpression, int)[57]" classname="com.iluwatar.interpreter.PlusExpressionTest" time="0.0"/>
  <testcase name="testInterpret(NumberExpression, NumberExpression, int)[58]" classname="com.iluwatar.interpreter.PlusExpressionTest" time="0.0"/>
  <testcase name="testInterpret(NumberExpression, NumberExpression, int)[59]" classname="com.iluwatar.interpreter.PlusExpressionTest" time="0.0"/>
  <testcase name="testInterpret(NumberExpression, NumberExpression, int)[60]" classname="com.iluwatar.interpreter.PlusExpressionTest" time="0.0"/>
  <testcase name="testInterpret(NumberExpression, NumberExpression, int)[61]" classname="com.iluwatar.interpreter.PlusExpressionTest" time="0.0"/>
  <testcase name="testInterpret(NumberExpression, NumberExpression, int)[62]" classname="com.iluwatar.interpreter.PlusExpressionTest" time="0.0"/>
  <testcase name="testInterpret(NumberExpression, NumberExpression, int)[63]" classname="com.iluwatar.interpreter.PlusExpressionTest" time="0.0"/>
  <testcase name="testInterpret(NumberExpression, NumberExpression, int)[64]" classname="com.iluwatar.interpreter.PlusExpressionTest" time="0.0"/>
  <testcase name="testInterpret(NumberExpression, NumberExpression, int)[65]" classname="com.iluwatar.interpreter.PlusExpressionTest" time="0.0"/>
  <testcase name="testInterpret(NumberExpression, NumberExpression, int)[66]" classname="com.iluwatar.interpreter.PlusExpressionTest" time="0.0"/>
  <testcase name="testInterpret(NumberExpression, NumberExpression, int)[67]" classname="com.iluwatar.interpreter.PlusExpressionTest" time="0.0"/>
  <testcase name="testInterpret(NumberExpression, NumberExpression, int)[68]" classname="com.iluwatar.interpreter.PlusExpressionTest" time="0.0"/>
  <testcase name="testInterpret(NumberExpression, NumberExpression, int)[69]" classname="com.iluwatar.interpreter.PlusExpressionTest" time="0.0"/>
  <testcase name="testInterpret(NumberExpression, NumberExpression, int)[70]" classname="com.iluwatar.interpreter.PlusExpressionTest" time="0.0"/>
  <testcase name="testInterpret(NumberExpression, NumberExpression, int)[71]" classname="com.iluwatar.interpreter.PlusExpressionTest" time="0.0"/>
  <testcase name="testInterpret(NumberExpression, NumberExpression, int)[72]" classname="com.iluwatar.interpreter.PlusExpressionTest" time="0.0"/>
  <testcase name="testInterpret(NumberExpression, NumberExpression, int)[73]" classname="com.iluwatar.interpreter.PlusExpressionTest" time="0.0"/>
  <testcase name="testInterpret(NumberExpression, NumberExpression, int)[74]" classname="com.iluwatar.interpreter.PlusExpressionTest" time="0.0"/>
  <testcase name="testInterpret(NumberExpression, NumberExpression, int)[75]" classname="com.iluwatar.interpreter.PlusExpressionTest" time="0.0"/>
  <testcase name="testInterpret(NumberExpression, NumberExpression, int)[76]" classname="com.iluwatar.interpreter.PlusExpressionTest" time="0.0"/>
  <testcase name="testInterpret(NumberExpression, NumberExpression, int)[77]" classname="com.iluwatar.interpreter.PlusExpressionTest" time="0.0"/>
  <testcase name="testInterpret(NumberExpression, NumberExpression, int)[78]" classname="com.iluwatar.interpreter.PlusExpressionTest" time="0.001"/>
  <testcase name="testInterpret(NumberExpression, NumberExpression, int)[79]" classname="com.iluwatar.interpreter.PlusExpressionTest" time="0.0"/>
  <testcase name="testInterpret(NumberExpression, NumberExpression, int)[80]" classname="com.iluwatar.interpreter.PlusExpressionTest" time="0.0"/>
  <testcase name="testInterpret(NumberExpression, NumberExpression, int)[81]" classname="com.iluwatar.interpreter.PlusExpressionTest" time="0.0"/>
  <testcase name="testInterpret(NumberExpression, NumberExpression, int)[82]" classname="com.iluwatar.interpreter.PlusExpressionTest" time="0.0"/>
  <testcase name="testInterpret(NumberExpression, NumberExpression, int)[83]" classname="com.iluwatar.interpreter.PlusExpressionTest" time="0.0"/>
  <testcase name="testInterpret(NumberExpression, NumberExpression, int)[84]" classname="com.iluwatar.interpreter.PlusExpressionTest" time="0.0"/>
  <testcase name="testInterpret(NumberExpression, NumberExpression, int)[85]" classname="com.iluwatar.interpreter.PlusExpressionTest" time="0.0"/>
  <testcase name="testInterpret(NumberExpression, NumberExpression, int)[86]" classname="com.iluwatar.interpreter.PlusExpressionTest" time="0.0"/>
  <testcase name="testInterpret(NumberExpression, NumberExpression, int)[87]" classname="com.iluwatar.interpreter.PlusExpressionTest" time="0.0"/>
  <testcase name="testInterpret(NumberExpression, NumberExpression, int)[88]" classname="com.iluwatar.interpreter.PlusExpressionTest" time="0.0"/>
  <testcase name="testInterpret(NumberExpression, NumberExpression, int)[89]" classname="com.iluwatar.interpreter.PlusExpressionTest" time="0.0"/>
  <testcase name="testInterpret(NumberExpression, NumberExpression, int)[90]" classname="com.iluwatar.interpreter.PlusExpressionTest" time="0.0"/>
  <testcase name="testInterpret(NumberExpression, NumberExpression, int)[91]" classname="com.iluwatar.interpreter.PlusExpressionTest" time="0.0"/>
  <testcase name="testInterpret(NumberExpression, NumberExpression, int)[92]" classname="com.iluwatar.interpreter.PlusExpressionTest" time="0.0"/>
  <testcase name="testInterpret(NumberExpression, NumberExpression, int)[93]" classname="com.iluwatar.interpreter.PlusExpressionTest" time="0.001"/>
  <testcase name="testInterpret(NumberExpression, NumberExpression, int)[94]" classname="com.iluwatar.interpreter.PlusExpressionTest" time="0.0"/>
  <testcase name="testInterpret(NumberExpression, NumberExpression, int)[95]" classname="com.iluwatar.interpreter.PlusExpressionTest" time="0.0"/>
  <testcase name="testInterpret(NumberExpression, NumberExpression, int)[96]" classname="com.iluwatar.interpreter.PlusExpressionTest" time="0.0"/>
  <testcase name="testInterpret(NumberExpression, NumberExpression, int)[97]" classname="com.iluwatar.interpreter.PlusExpressionTest" time="0.0"/>
  <testcase name="testInterpret(NumberExpression, NumberExpression, int)[98]" classname="com.iluwatar.interpreter.PlusExpressionTest" time="0.0"/>
  <testcase name="testInterpret(NumberExpression, NumberExpression, int)[99]" classname="com.iluwatar.interpreter.PlusExpressionTest" time="0.0"/>
  <testcase name="testInterpret(NumberExpression, NumberExpression, int)[100]" classname="com.iluwatar.interpreter.PlusExpressionTest" time="0.0"/>
  <testcase name="testInterpret(NumberExpression, NumberExpression, int)[101]" classname="com.iluwatar.interpreter.PlusExpressionTest" time="0.0"/>
  <testcase name="testInterpret(NumberExpression, NumberExpression, int)[102]" classname="com.iluwatar.interpreter.PlusExpressionTest" time="0.0"/>
  <testcase name="testInterpret(NumberExpression, NumberExpression, int)[103]" classname="com.iluwatar.interpreter.PlusExpressionTest" time="0.0"/>
  <testcase name="testInterpret(NumberExpression, NumberExpression, int)[104]" classname="com.iluwatar.interpreter.PlusExpressionTest" time="0.0"/>
  <testcase name="testInterpret(NumberExpression, NumberExpression, int)[105]" classname="com.iluwatar.interpreter.PlusExpressionTest" time="0.0"/>
  <testcase name="testInterpret(NumberExpression, NumberExpression, int)[106]" classname="com.iluwatar.interpreter.PlusExpressionTest" time="0.0"/>
  <testcase name="testInterpret(NumberExpression, NumberExpression, int)[107]" classname="com.iluwatar.interpreter.PlusExpressionTest" time="0.0"/>
  <testcase name="testInterpret(NumberExpression, NumberExpression, int)[108]" classname="com.iluwatar.interpreter.PlusExpressionTest" time="0.001"/>
  <testcase name="testInterpret(NumberExpression, NumberExpression, int)[109]" classname="com.iluwatar.interpreter.PlusExpressionTest" time="0.0"/>
  <testcase name="testInterpret(NumberExpression, NumberExpression, int)[110]" classname="com.iluwatar.interpreter.PlusExpressionTest" time="0.0"/>
  <testcase name="testInterpret(NumberExpression, NumberExpression, int)[111]" classname="com.iluwatar.interpreter.PlusExpressionTest" time="0.0"/>
  <testcase name="testInterpret(NumberExpression, NumberExpression, int)[112]" classname="com.iluwatar.interpreter.PlusExpressionTest" time="0.0"/>
  <testcase name="testInterpret(NumberExpression, NumberExpression, int)[113]" classname="com.iluwatar.interpreter.PlusExpressionTest" time="0.0"/>
  <testcase name="testInterpret(NumberExpression, NumberExpression, int)[114]" classname="com.iluwatar.interpreter.PlusExpressionTest" time="0.0"/>
  <testcase name="testInterpret(NumberExpression, NumberExpression, int)[115]" classname="com.iluwatar.interpreter.PlusExpressionTest" time="0.0"/>
  <testcase name="testInterpret(NumberExpression, NumberExpression, int)[116]" classname="com.iluwatar.interpreter.PlusExpressionTest" time="0.0"/>
  <testcase name="testInterpret(NumberExpression, NumberExpression, int)[117]" classname="com.iluwatar.interpreter.PlusExpressionTest" time="0.0"/>
  <testcase name="testInterpret(NumberExpression, NumberExpression, int)[118]" classname="com.iluwatar.interpreter.PlusExpressionTest" time="0.0"/>
  <testcase name="testInterpret(NumberExpression, NumberExpression, int)[119]" classname="com.iluwatar.interpreter.PlusExpressionTest" time="0.0"/>
  <testcase name="testInterpret(NumberExpression, NumberExpression, int)[120]" classname="com.iluwatar.interpreter.PlusExpressionTest" time="0.0"/>
  <testcase name="testInterpret(NumberExpression, NumberExpression, int)[121]" classname="com.iluwatar.interpreter.PlusExpressionTest" time="0.0"/>
  <testcase name="testInterpret(NumberExpression, NumberExpression, int)[122]" classname="com.iluwatar.interpreter.PlusExpressionTest" time="0.0"/>
  <testcase name="testInterpret(NumberExpression, NumberExpression, int)[123]" classname="com.iluwatar.interpreter.PlusExpressionTest" time="0.0"/>
  <testcase name="testInterpret(NumberExpression, NumberExpression, int)[124]" classname="com.iluwatar.interpreter.PlusExpressionTest" time="0.0"/>
  <testcase name="testInterpret(NumberExpression, NumberExpression, int)[125]" classname="com.iluwatar.interpreter.PlusExpressionTest" time="0.0"/>
  <testcase name="testInterpret(NumberExpression, NumberExpression, int)[126]" classname="com.iluwatar.interpreter.PlusExpressionTest" time="0.0"/>
  <testcase name="testInterpret(NumberExpression, NumberExpression, int)[127]" classname="com.iluwatar.interpreter.PlusExpressionTest" time="0.0"/>
  <testcase name="testInterpret(NumberExpression, NumberExpression, int)[128]" classname="com.iluwatar.interpreter.PlusExpressionTest" time="0.0"/>
  <testcase name="testInterpret(NumberExpression, NumberExpression, int)[129]" classname="com.iluwatar.interpreter.PlusExpressionTest" time="0.0"/>
  <testcase name="testInterpret(NumberExpression, NumberExpression, int)[130]" classname="com.iluwatar.interpreter.PlusExpressionTest" time="0.0"/>
  <testcase name="testInterpret(NumberExpression, NumberExpression, int)[131]" classname="com.iluwatar.interpreter.PlusExpressionTest" time="0.0"/>
  <testcase name="testInterpret(NumberExpression, NumberExpression, int)[132]" classname="com.iluwatar.interpreter.PlusExpressionTest" time="0.0"/>
  <testcase name="testInterpret(NumberExpression, NumberExpression, int)[133]" classname="com.iluwatar.interpreter.PlusExpressionTest" time="0.0"/>
  <testcase name="testInterpret(NumberExpression, NumberExpression, int)[134]" classname="com.iluwatar.interpreter.PlusExpressionTest" time="0.0"/>
  <testcase name="testInterpret(NumberExpression, NumberExpression, int)[135]" classname="com.iluwatar.interpreter.PlusExpressionTest" time="0.0"/>
  <testcase name="testInterpret(NumberExpression, NumberExpression, int)[136]" classname="com.iluwatar.interpreter.PlusExpressionTest" time="0.0"/>
  <testcase name="testInterpret(NumberExpression, NumberExpression, int)[137]" classname="com.iluwatar.interpreter.PlusExpressionTest" time="0.0"/>
  <testcase name="testInterpret(NumberExpression, NumberExpression, int)[138]" classname="com.iluwatar.interpreter.PlusExpressionTest" time="0.0"/>
  <testcase name="testInterpret(NumberExpression, NumberExpression, int)[139]" classname="com.iluwatar.interpreter.PlusExpressionTest" time="0.0"/>
  <testcase name="testInterpret(NumberExpression, NumberExpression, int)[140]" classname="com.iluwatar.interpreter.PlusExpressionTest" time="0.0"/>
  <testcase name="testInterpret(NumberExpression, NumberExpression, int)[141]" classname="com.iluwatar.interpreter.PlusExpressionTest" time="0.0"/>
  <testcase name="testInterpret(NumberExpression, NumberExpression, int)[142]" classname="com.iluwatar.interpreter.PlusExpressionTest" time="0.0"/>
  <testcase name="testInterpret(NumberExpression, NumberExpression, int)[143]" classname="com.iluwatar.interpreter.PlusExpressionTest" time="0.0"/>
  <testcase name="testInterpret(NumberExpression, NumberExpression, int)[144]" classname="com.iluwatar.interpreter.PlusExpressionTest" time="0.0"/>
  <testcase name="testInterpret(NumberExpression, NumberExpression, int)[145]" classname="com.iluwatar.interpreter.PlusExpressionTest" time="0.0"/>
  <testcase name="testInterpret(NumberExpression, NumberExpression, int)[146]" classname="com.iluwatar.interpreter.PlusExpressionTest" time="0.0"/>
  <testcase name="testInterpret(NumberExpression, NumberExpression, int)[147]" classname="com.iluwatar.interpreter.PlusExpressionTest" time="0.0"/>
  <testcase name="testInterpret(NumberExpression, NumberExpression, int)[148]" classname="com.iluwatar.interpreter.PlusExpressionTest" time="0.0"/>
  <testcase name="testInterpret(NumberExpression, NumberExpression, int)[149]" classname="com.iluwatar.interpreter.PlusExpressionTest" time="0.0"/>
  <testcase name="testInterpret(NumberExpression, NumberExpression, int)[150]" classname="com.iluwatar.interpreter.PlusExpressionTest" time="0.0"/>
  <testcase name="testInterpret(NumberExpression, NumberExpression, int)[151]" classname="com.iluwatar.interpreter.PlusExpressionTest" time="0.0"/>
  <testcase name="testInterpret(NumberExpression, NumberExpression, int)[152]" classname="com.iluwatar.interpreter.PlusExpressionTest" time="0.0"/>
  <testcase name="testInterpret(NumberExpression, NumberExpression, int)[153]" classname="com.iluwatar.interpreter.PlusExpressionTest" time="0.0"/>
  <testcase name="testInterpret(NumberExpression, NumberExpression, int)[154]" classname="com.iluwatar.interpreter.PlusExpressionTest" time="0.0"/>
  <testcase name="testInterpret(NumberExpression, NumberExpression, int)[155]" classname="com.iluwatar.interpreter.PlusExpressionTest" time="0.0"/>
  <testcase name="testInterpret(NumberExpression, NumberExpression, int)[156]" classname="com.iluwatar.interpreter.PlusExpressionTest" time="0.0"/>
  <testcase name="testInterpret(NumberExpression, NumberExpression, int)[157]" classname="com.iluwatar.interpreter.PlusExpressionTest" time="0.0"/>
  <testcase name="testInterpret(NumberExpression, NumberExpression, int)[158]" classname="com.iluwatar.interpreter.PlusExpressionTest" time="0.0"/>
  <testcase name="testInterpret(NumberExpression, NumberExpression, int)[159]" classname="com.iluwatar.interpreter.PlusExpressionTest" time="0.0"/>
  <testcase name="testInterpret(NumberExpression, NumberExpression, int)[160]" classname="com.iluwatar.interpreter.PlusExpressionTest" time="0.0"/>
  <testcase name="testInterpret(NumberExpression, NumberExpression, int)[161]" classname="com.iluwatar.interpreter.PlusExpressionTest" time="0.0"/>
  <testcase name="testInterpret(NumberExpression, NumberExpression, int)[162]" classname="com.iluwatar.interpreter.PlusExpressionTest" time="0.0"/>
  <testcase name="testInterpret(NumberExpression, NumberExpression, int)[163]" classname="com.iluwatar.interpreter.PlusExpressionTest" time="0.0"/>
  <testcase name="testInterpret(NumberExpression, NumberExpression, int)[164]" classname="com.iluwatar.interpreter.PlusExpressionTest" time="0.0"/>
  <testcase name="testInterpret(NumberExpression, NumberExpression, int)[165]" classname="com.iluwatar.interpreter.PlusExpressionTest" time="0.0"/>
  <testcase name="testInterpret(NumberExpression, NumberExpression, int)[166]" classname="com.iluwatar.interpreter.PlusExpressionTest" time="0.0"/>
  <testcase name="testInterpret(NumberExpression, NumberExpression, int)[167]" classname="com.iluwatar.interpreter.PlusExpressionTest" time="0.0"/>
  <testcase name="testInterpret(NumberExpression, NumberExpression, int)[168]" classname="com.iluwatar.interpreter.PlusExpressionTest" time="0.0"/>
  <testcase name="testInterpret(NumberExpression, NumberExpression, int)[169]" classname="com.iluwatar.interpreter.PlusExpressionTest" time="0.0"/>
  <testcase name="testInterpret(NumberExpression, NumberExpression, int)[170]" classname="com.iluwatar.interpreter.PlusExpressionTest" time="0.0"/>
  <testcase name="testInterpret(NumberExpression, NumberExpression, int)[171]" classname="com.iluwatar.interpreter.PlusExpressionTest" time="0.0"/>
  <testcase name="testInterpret(NumberExpression, NumberExpression, int)[172]" classname="com.iluwatar.interpreter.PlusExpressionTest" time="0.0"/>
  <testcase name="testInterpret(NumberExpression, NumberExpression, int)[173]" classname="com.iluwatar.interpreter.PlusExpressionTest" time="0.0"/>
  <testcase name="testInterpret(NumberExpression, NumberExpression, int)[174]" classname="com.iluwatar.interpreter.PlusExpressionTest" time="0.0"/>
  <testcase name="testInterpret(NumberExpression, NumberExpression, int)[175]" classname="com.iluwatar.interpreter.PlusExpressionTest" time="0.0"/>
  <testcase name="testInterpret(NumberExpression, NumberExpression, int)[176]" classname="com.iluwatar.interpreter.PlusExpressionTest" time="0.0"/>
  <testcase name="testInterpret(NumberExpression, NumberExpression, int)[177]" classname="com.iluwatar.interpreter.PlusExpressionTest" time="0.0"/>
  <testcase name="testInterpret(NumberExpression, NumberExpression, int)[178]" classname="com.iluwatar.interpreter.PlusExpressionTest" time="0.0"/>
  <testcase name="testInterpret(NumberExpression, NumberExpression, int)[179]" classname="com.iluwatar.interpreter.PlusExpressionTest" time="0.0"/>
  <testcase name="testInterpret(NumberExpression, NumberExpression, int)[180]" classname="com.iluwatar.interpreter.PlusExpressionTest" time="0.0"/>
  <testcase name="testInterpret(NumberExpression, NumberExpression, int)[181]" classname="com.iluwatar.interpreter.PlusExpressionTest" time="0.0"/>
  <testcase name="testInterpret(NumberExpression, NumberExpression, int)[182]" classname="com.iluwatar.interpreter.PlusExpressionTest" time="0.0"/>
  <testcase name="testInterpret(NumberExpression, NumberExpression, int)[183]" classname="com.iluwatar.interpreter.PlusExpressionTest" time="0.0"/>
  <testcase name="testInterpret(NumberExpression, NumberExpression, int)[184]" classname="com.iluwatar.interpreter.PlusExpressionTest" time="0.0"/>
  <testcase name="testInterpret(NumberExpression, NumberExpression, int)[185]" classname="com.iluwatar.interpreter.PlusExpressionTest" time="0.0"/>
  <testcase name="testInterpret(NumberExpression, NumberExpression, int)[186]" classname="com.iluwatar.interpreter.PlusExpressionTest" time="0.0"/>
  <testcase name="testInterpret(NumberExpression, NumberExpression, int)[187]" classname="com.iluwatar.interpreter.PlusExpressionTest" time="0.0"/>
  <testcase name="testInterpret(NumberExpression, NumberExpression, int)[188]" classname="com.iluwatar.interpreter.PlusExpressionTest" time="0.0"/>
  <testcase name="testInterpret(NumberExpression, NumberExpression, int)[189]" classname="com.iluwatar.interpreter.PlusExpressionTest" time="0.0"/>
  <testcase name="testInterpret(NumberExpression, NumberExpression, int)[190]" classname="com.iluwatar.interpreter.PlusExpressionTest" time="0.0"/>
  <testcase name="testInterpret(NumberExpression, NumberExpression, int)[191]" classname="com.iluwatar.interpreter.PlusExpressionTest" time="0.0"/>
  <testcase name="testInterpret(NumberExpression, NumberExpression, int)[192]" classname="com.iluwatar.interpreter.PlusExpressionTest" time="0.0"/>
  <testcase name="testInterpret(NumberExpression, NumberExpression, int)[193]" classname="com.iluwatar.interpreter.PlusExpressionTest" time="0.0"/>
  <testcase name="testInterpret(NumberExpression, NumberExpression, int)[194]" classname="com.iluwatar.interpreter.PlusExpressionTest" time="0.0"/>
  <testcase name="testInterpret(NumberExpression, NumberExpression, int)[195]" classname="com.iluwatar.interpreter.PlusExpressionTest" time="0.0"/>
  <testcase name="testInterpret(NumberExpression, NumberExpression, int)[196]" classname="com.iluwatar.interpreter.PlusExpressionTest" time="0.0"/>
  <testcase name="testInterpret(NumberExpression, NumberExpression, int)[197]" classname="com.iluwatar.interpreter.PlusExpressionTest" time="0.0"/>
  <testcase name="testInterpret(NumberExpression, NumberExpression, int)[198]" classname="com.iluwatar.interpreter.PlusExpressionTest" time="0.0"/>
  <testcase name="testInterpret(NumberExpression, NumberExpression, int)[199]" classname="com.iluwatar.interpreter.PlusExpressionTest" time="0.0"/>
  <testcase name="testInterpret(NumberExpression, NumberExpression, int)[200]" classname="com.iluwatar.interpreter.PlusExpressionTest" time="0.0"/>
  <testcase name="testInterpret(NumberExpression, NumberExpression, int)[201]" classname="com.iluwatar.interpreter.PlusExpressionTest" time="0.0"/>
  <testcase name="testInterpret(NumberExpression, NumberExpression, int)[202]" classname="com.iluwatar.interpreter.PlusExpressionTest" time="0.0"/>
  <testcase name="testInterpret(NumberExpression, NumberExpression, int)[203]" classname="com.iluwatar.interpreter.PlusExpressionTest" time="0.0"/>
  <testcase name="testInterpret(NumberExpression, NumberExpression, int)[204]" classname="com.iluwatar.interpreter.PlusExpressionTest" time="0.0"/>
  <testcase name="testInterpret(NumberExpression, NumberExpression, int)[205]" classname="com.iluwatar.interpreter.PlusExpressionTest" time="0.001"/>
  <testcase name="testInterpret(NumberExpression, NumberExpression, int)[206]" classname="com.iluwatar.interpreter.PlusExpressionTest" time="0.0"/>
  <testcase name="testInterpret(NumberExpression, NumberExpression, int)[207]" classname="com.iluwatar.interpreter.PlusExpressionTest" time="0.0"/>
  <testcase name="testInterpret(NumberExpression, NumberExpression, int)[208]" classname="com.iluwatar.interpreter.PlusExpressionTest" time="0.0"/>
  <testcase name="testInterpret(NumberExpression, NumberExpression, int)[209]" classname="com.iluwatar.interpreter.PlusExpressionTest" time="0.0"/>
  <testcase name="testInterpret(NumberExpression, NumberExpression, int)[210]" classname="com.iluwatar.interpreter.PlusExpressionTest" time="0.0"/>
  <testcase name="testInterpret(NumberExpression, NumberExpression, int)[211]" classname="com.iluwatar.interpreter.PlusExpressionTest" time="0.0"/>
  <testcase name="testInterpret(NumberExpression, NumberExpression, int)[212]" classname="com.iluwatar.interpreter.PlusExpressionTest" time="0.0"/>
  <testcase name="testInterpret(NumberExpression, NumberExpression, int)[213]" classname="com.iluwatar.interpreter.PlusExpressionTest" time="0.0"/>
  <testcase name="testInterpret(NumberExpression, NumberExpression, int)[214]" classname="com.iluwatar.interpreter.PlusExpressionTest" time="0.0"/>
  <testcase name="testInterpret(NumberExpression, NumberExpression, int)[215]" classname="com.iluwatar.interpreter.PlusExpressionTest" time="0.0"/>
  <testcase name="testInterpret(NumberExpression, NumberExpression, int)[216]" classname="com.iluwatar.interpreter.PlusExpressionTest" time="0.0"/>
  <testcase name="testInterpret(NumberExpression, NumberExpression, int)[217]" classname="com.iluwatar.interpreter.PlusExpressionTest" time="0.0"/>
  <testcase name="testInterpret(NumberExpression, NumberExpression, int)[218]" classname="com.iluwatar.interpreter.PlusExpressionTest" time="0.0"/>
  <testcase name="testInterpret(NumberExpression, NumberExpression, int)[219]" classname="com.iluwatar.interpreter.PlusExpressionTest" time="0.0"/>
  <testcase name="testInterpret(NumberExpression, NumberExpression, int)[220]" classname="com.iluwatar.interpreter.PlusExpressionTest" time="0.0"/>
  <testcase name="testInterpret(NumberExpression, NumberExpression, int)[221]" classname="com.iluwatar.interpreter.PlusExpressionTest" time="0.0"/>
  <testcase name="testInterpret(NumberExpression, NumberExpression, int)[222]" classname="com.iluwatar.interpreter.PlusExpressionTest" time="0.0"/>
  <testcase name="testInterpret(NumberExpression, NumberExpression, int)[223]" classname="com.iluwatar.interpreter.PlusExpressionTest" time="0.0"/>
  <testcase name="testInterpret(NumberExpression, NumberExpression, int)[224]" classname="com.iluwatar.interpreter.PlusExpressionTest" time="0.0"/>
  <testcase name="testInterpret(NumberExpression, NumberExpression, int)[225]" classname="com.iluwatar.interpreter.PlusExpressionTest" time="0.0"/>
  <testcase name="testInterpret(NumberExpression, NumberExpression, int)[226]" classname="com.iluwatar.interpreter.PlusExpressionTest" time="0.0"/>
  <testcase name="testInterpret(NumberExpression, NumberExpression, int)[227]" classname="com.iluwatar.interpreter.PlusExpressionTest" time="0.0"/>
  <testcase name="testInterpret(NumberExpression, NumberExpression, int)[228]" classname="com.iluwatar.interpreter.PlusExpressionTest" time="0.0"/>
  <testcase name="testInterpret(NumberExpression, NumberExpression, int)[229]" classname="com.iluwatar.interpreter.PlusExpressionTest" time="0.0"/>
  <testcase name="testInterpret(NumberExpression, NumberExpression, int)[230]" classname="com.iluwatar.interpreter.PlusExpressionTest" time="0.0"/>
  <testcase name="testInterpret(NumberExpression, NumberExpression, int)[231]" classname="com.iluwatar.interpreter.PlusExpressionTest" time="0.0"/>
  <testcase name="testInterpret(NumberExpression, NumberExpression, int)[232]" classname="com.iluwatar.interpreter.PlusExpressionTest" time="0.0"/>
  <testcase name="testInterpret(NumberExpression, NumberExpression, int)[233]" classname="com.iluwatar.interpreter.PlusExpressionTest" time="0.0"/>
  <testcase name="testInterpret(NumberExpression, NumberExpression, int)[234]" classname="com.iluwatar.interpreter.PlusExpressionTest" time="0.0"/>
  <testcase name="testInterpret(NumberExpression, NumberExpression, int)[235]" classname="com.iluwatar.interpreter.PlusExpressionTest" time="0.0"/>
  <testcase name="testInterpret(NumberExpression, NumberExpression, int)[236]" classname="com.iluwatar.interpreter.PlusExpressionTest" time="0.0"/>
  <testcase name="testInterpret(NumberExpression, NumberExpression, int)[237]" classname="com.iluwatar.interpreter.PlusExpressionTest" time="0.0"/>
  <testcase name="testInterpret(NumberExpression, NumberExpression, int)[238]" classname="com.iluwatar.interpreter.PlusExpressionTest" time="0.0"/>
  <testcase name="testInterpret(NumberExpression, NumberExpression, int)[239]" classname="com.iluwatar.interpreter.PlusExpressionTest" time="0.0"/>
  <testcase name="testInterpret(NumberExpression, NumberExpression, int)[240]" classname="com.iluwatar.interpreter.PlusExpressionTest" time="0.0"/>
  <testcase name="testInterpret(NumberExpression, NumberExpression, int)[241]" classname="com.iluwatar.interpreter.PlusExpressionTest" time="0.0"/>
  <testcase name="testInterpret(NumberExpression, NumberExpression, int)[242]" classname="com.iluwatar.interpreter.PlusExpressionTest" time="0.0"/>
  <testcase name="testInterpret(NumberExpression, NumberExpression, int)[243]" classname="com.iluwatar.interpreter.PlusExpressionTest" time="0.0"/>
  <testcase name="testInterpret(NumberExpression, NumberExpression, int)[244]" classname="com.iluwatar.interpreter.PlusExpressionTest" time="0.0"/>
  <testcase name="testInterpret(NumberExpression, NumberExpression, int)[245]" classname="com.iluwatar.interpreter.PlusExpressionTest" time="0.0"/>
  <testcase name="testInterpret(NumberExpression, NumberExpression, int)[246]" classname="com.iluwatar.interpreter.PlusExpressionTest" time="0.0"/>
  <testcase name="testInterpret(NumberExpression, NumberExpression, int)[247]" classname="com.iluwatar.interpreter.PlusExpressionTest" time="0.0"/>
  <testcase name="testInterpret(NumberExpression, NumberExpression, int)[248]" classname="com.iluwatar.interpreter.PlusExpressionTest" time="0.0"/>
  <testcase name="testInterpret(NumberExpression, NumberExpression, int)[249]" classname="com.iluwatar.interpreter.PlusExpressionTest" time="0.001"/>
  <testcase name="testInterpret(NumberExpression, NumberExpression, int)[250]" classname="com.iluwatar.interpreter.PlusExpressionTest" time="0.0"/>
  <testcase name="testInterpret(NumberExpression, NumberExpression, int)[251]" classname="com.iluwatar.interpreter.PlusExpressionTest" time="0.0"/>
  <testcase name="testInterpret(NumberExpression, NumberExpression, int)[252]" classname="com.iluwatar.interpreter.PlusExpressionTest" time="0.0"/>
  <testcase name="testInterpret(NumberExpression, NumberExpression, int)[253]" classname="com.iluwatar.interpreter.PlusExpressionTest" time="0.0"/>
  <testcase name="testInterpret(NumberExpression, NumberExpression, int)[254]" classname="com.iluwatar.interpreter.PlusExpressionTest" time="0.0"/>
  <testcase name="testInterpret(NumberExpression, NumberExpression, int)[255]" classname="com.iluwatar.interpreter.PlusExpressionTest" time="0.0"/>
  <testcase name="testInterpret(NumberExpression, NumberExpression, int)[256]" classname="com.iluwatar.interpreter.PlusExpressionTest" time="0.0"/>
  <testcase name="testInterpret(NumberExpression, NumberExpression, int)[257]" classname="com.iluwatar.interpreter.PlusExpressionTest" time="0.0"/>
  <testcase name="testInterpret(NumberExpression, NumberExpression, int)[258]" classname="com.iluwatar.interpreter.PlusExpressionTest" time="0.0"/>
  <testcase name="testInterpret(NumberExpression, NumberExpression, int)[259]" classname="com.iluwatar.interpreter.PlusExpressionTest" time="0.0"/>
  <testcase name="testInterpret(NumberExpression, NumberExpression, int)[260]" classname="com.iluwatar.interpreter.PlusExpressionTest" time="0.0"/>
  <testcase name="testInterpret(NumberExpression, NumberExpression, int)[261]" classname="com.iluwatar.interpreter.PlusExpressionTest" time="0.0"/>
  <testcase name="testInterpret(NumberExpression, NumberExpression, int)[262]" classname="com.iluwatar.interpreter.PlusExpressionTest" time="0.0"/>
  <testcase name="testInterpret(NumberExpression, NumberExpression, int)[263]" classname="com.iluwatar.interpreter.PlusExpressionTest" time="0.0"/>
  <testcase name="testInterpret(NumberExpression, NumberExpression, int)[264]" classname="com.iluwatar.interpreter.PlusExpressionTest" time="0.0"/>
  <testcase name="testInterpret(NumberExpression, NumberExpression, int)[265]" classname="com.iluwatar.interpreter.PlusExpressionTest" time="0.0"/>
  <testcase name="testInterpret(NumberExpression, NumberExpression, int)[266]" classname="com.iluwatar.interpreter.PlusExpressionTest" time="0.0"/>
  <testcase name="testInterpret(NumberExpression, NumberExpression, int)[267]" classname="com.iluwatar.interpreter.PlusExpressionTest" time="0.0"/>
  <testcase name="testInterpret(NumberExpression, NumberExpression, int)[268]" classname="com.iluwatar.interpreter.PlusExpressionTest" time="0.0"/>
  <testcase name="testInterpret(NumberExpression, NumberExpression, int)[269]" classname="com.iluwatar.interpreter.PlusExpressionTest" time="0.0"/>
  <testcase name="testInterpret(NumberExpression, NumberExpression, int)[270]" classname="com.iluwatar.interpreter.PlusExpressionTest" time="0.0"/>
  <testcase name="testInterpret(NumberExpression, NumberExpression, int)[271]" classname="com.iluwatar.interpreter.PlusExpressionTest" time="0.0"/>
  <testcase name="testInterpret(NumberExpression, NumberExpression, int)[272]" classname="com.iluwatar.interpreter.PlusExpressionTest" time="0.0"/>
  <testcase name="testInterpret(NumberExpression, NumberExpression, int)[273]" classname="com.iluwatar.interpreter.PlusExpressionTest" time="0.0"/>
  <testcase name="testInterpret(NumberExpression, NumberExpression, int)[274]" classname="com.iluwatar.interpreter.PlusExpressionTest" time="0.0"/>
  <testcase name="testInterpret(NumberExpression, NumberExpression, int)[275]" classname="com.iluwatar.interpreter.PlusExpressionTest" time="0.0"/>
  <testcase name="testInterpret(NumberExpression, NumberExpression, int)[276]" classname="com.iluwatar.interpreter.PlusExpressionTest" time="0.0"/>
  <testcase name="testInterpret(NumberExpression, NumberExpression, int)[277]" classname="com.iluwatar.interpreter.PlusExpressionTest" time="0.0"/>
  <testcase name="testInterpret(NumberExpression, NumberExpression, int)[278]" classname="com.iluwatar.interpreter.PlusExpressionTest" time="0.001"/>
  <testcase name="testInterpret(NumberExpression, NumberExpression, int)[279]" classname="com.iluwatar.interpreter.PlusExpressionTest" time="0.0"/>
  <testcase name="testInterpret(NumberExpression, NumberExpression, int)[280]" classname="com.iluwatar.interpreter.PlusExpressionTest" time="0.0"/>
  <testcase name="testInterpret(NumberExpression, NumberExpression, int)[281]" classname="com.iluwatar.interpreter.PlusExpressionTest" time="0.0"/>
  <testcase name="testInterpret(NumberExpression, NumberExpression, int)[282]" classname="com.iluwatar.interpreter.PlusExpressionTest" time="0.0"/>
  <testcase name="testInterpret(NumberExpression, NumberExpression, int)[283]" classname="com.iluwatar.interpreter.PlusExpressionTest" time="0.0"/>
  <testcase name="testInterpret(NumberExpression, NumberExpression, int)[284]" classname="com.iluwatar.interpreter.PlusExpressionTest" time="0.0"/>
  <testcase name="testInterpret(NumberExpression, NumberExpression, int)[285]" classname="com.iluwatar.interpreter.PlusExpressionTest" time="0.0"/>
  <testcase name="testInterpret(NumberExpression, NumberExpression, int)[286]" classname="com.iluwatar.interpreter.PlusExpressionTest" time="0.0"/>
  <testcase name="testInterpret(NumberExpression, NumberExpression, int)[287]" classname="com.iluwatar.interpreter.PlusExpressionTest" time="0.0"/>
  <testcase name="testInterpret(NumberExpression, NumberExpression, int)[288]" classname="com.iluwatar.interpreter.PlusExpressionTest" time="0.0"/>
  <testcase name="testInterpret(NumberExpression, NumberExpression, int)[289]" classname="com.iluwatar.interpreter.PlusExpressionTest" time="0.0"/>
  <testcase name="testInterpret(NumberExpression, NumberExpression, int)[290]" classname="com.iluwatar.interpreter.PlusExpressionTest" time="0.0"/>
  <testcase name="testInterpret(NumberExpression, NumberExpression, int)[291]" classname="com.iluwatar.interpreter.PlusExpressionTest" time="0.0"/>
  <testcase name="testInterpret(NumberExpression, NumberExpression, int)[292]" classname="com.iluwatar.interpreter.PlusExpressionTest" time="0.0"/>
  <testcase name="testInterpret(NumberExpression, NumberExpression, int)[293]" classname="com.iluwatar.interpreter.PlusExpressionTest" time="0.0"/>
  <testcase name="testInterpret(NumberExpression, NumberExpression, int)[294]" classname="com.iluwatar.interpreter.PlusExpressionTest" time="0.0"/>
  <testcase name="testInterpret(NumberExpression, NumberExpression, int)[295]" classname="com.iluwatar.interpreter.PlusExpressionTest" time="0.0"/>
  <testcase name="testInterpret(NumberExpression, NumberExpression, int)[296]" classname="com.iluwatar.interpreter.PlusExpressionTest" time="0.0"/>
  <testcase name="testInterpret(NumberExpression, NumberExpression, int)[297]" classname="com.iluwatar.interpreter.PlusExpressionTest" time="0.0"/>
  <testcase name="testInterpret(NumberExpression, NumberExpression, int)[298]" classname="com.iluwatar.interpreter.PlusExpressionTest" time="0.0"/>
  <testcase name="testInterpret(NumberExpression, NumberExpression, int)[299]" classname="com.iluwatar.interpreter.PlusExpressionTest" time="0.0"/>
  <testcase name="testInterpret(NumberExpression, NumberExpression, int)[300]" classname="com.iluwatar.interpreter.PlusExpressionTest" time="0.0"/>
  <testcase name="testInterpret(NumberExpression, NumberExpression, int)[301]" classname="com.iluwatar.interpreter.PlusExpressionTest" time="0.0"/>
  <testcase name="testInterpret(NumberExpression, NumberExpression, int)[302]" classname="com.iluwatar.interpreter.PlusExpressionTest" time="0.0"/>
  <testcase name="testInterpret(NumberExpression, NumberExpression, int)[303]" classname="com.iluwatar.interpreter.PlusExpressionTest" time="0.0"/>
  <testcase name="testInterpret(NumberExpression, NumberExpression, int)[304]" classname="com.iluwatar.interpreter.PlusExpressionTest" time="0.0"/>
  <testcase name="testInterpret(NumberExpression, NumberExpression, int)[305]" classname="com.iluwatar.interpreter.PlusExpressionTest" time="0.0"/>
  <testcase name="testInterpret(NumberExpression, NumberExpression, int)[306]" classname="com.iluwatar.interpreter.PlusExpressionTest" time="0.0"/>
  <testcase name="testInterpret(NumberExpression, NumberExpression, int)[307]" classname="com.iluwatar.interpreter.PlusExpressionTest" time="0.0"/>
  <testcase name="testInterpret(NumberExpression, NumberExpression, int)[308]" classname="com.iluwatar.interpreter.PlusExpressionTest" time="0.0"/>
  <testcase name="testInterpret(NumberExpression, NumberExpression, int)[309]" classname="com.iluwatar.interpreter.PlusExpressionTest" time="0.0"/>
  <testcase name="testInterpret(NumberExpression, NumberExpression, int)[310]" classname="com.iluwatar.interpreter.PlusExpressionTest" time="0.0"/>
  <testcase name="testInterpret(NumberExpression, NumberExpression, int)[311]" classname="com.iluwatar.interpreter.PlusExpressionTest" time="0.0"/>
  <testcase name="testInterpret(NumberExpression, NumberExpression, int)[312]" classname="com.iluwatar.interpreter.PlusExpressionTest" time="0.0"/>
  <testcase name="testInterpret(NumberExpression, NumberExpression, int)[313]" classname="com.iluwatar.interpreter.PlusExpressionTest" time="0.0"/>
  <testcase name="testInterpret(NumberExpression, NumberExpression, int)[314]" classname="com.iluwatar.interpreter.PlusExpressionTest" time="0.0"/>
  <testcase name="testInterpret(NumberExpression, NumberExpression, int)[315]" classname="com.iluwatar.interpreter.PlusExpressionTest" time="0.0"/>
  <testcase name="testInterpret(NumberExpression, NumberExpression, int)[316]" classname="com.iluwatar.interpreter.PlusExpressionTest" time="0.0"/>
  <testcase name="testInterpret(NumberExpression, NumberExpression, int)[317]" classname="com.iluwatar.interpreter.PlusExpressionTest" time="0.0"/>
  <testcase name="testInterpret(NumberExpression, NumberExpression, int)[318]" classname="com.iluwatar.interpreter.PlusExpressionTest" time="0.0"/>
  <testcase name="testInterpret(NumberExpression, NumberExpression, int)[319]" classname="com.iluwatar.interpreter.PlusExpressionTest" time="0.0"/>
  <testcase name="testInterpret(NumberExpression, NumberExpression, int)[320]" classname="com.iluwatar.interpreter.PlusExpressionTest" time="0.001"/>
  <testcase name="testInterpret(NumberExpression, NumberExpression, int)[321]" classname="com.iluwatar.interpreter.PlusExpressionTest" time="0.0"/>
  <testcase name="testInterpret(NumberExpression, NumberExpression, int)[322]" classname="com.iluwatar.interpreter.PlusExpressionTest" time="0.0"/>
  <testcase name="testInterpret(NumberExpression, NumberExpression, int)[323]" classname="com.iluwatar.interpreter.PlusExpressionTest" time="0.0"/>
  <testcase name="testInterpret(NumberExpression, NumberExpression, int)[324]" classname="com.iluwatar.interpreter.PlusExpressionTest" time="0.0"/>
  <testcase name="testInterpret(NumberExpression, NumberExpression, int)[325]" classname="com.iluwatar.interpreter.PlusExpressionTest" time="0.0"/>
  <testcase name="testInterpret(NumberExpression, NumberExpression, int)[326]" classname="com.iluwatar.interpreter.PlusExpressionTest" time="0.0"/>
  <testcase name="testInterpret(NumberExpression, NumberExpression, int)[327]" classname="com.iluwatar.interpreter.PlusExpressionTest" time="0.0"/>
  <testcase name="testInterpret(NumberExpression, NumberExpression, int)[328]" classname="com.iluwatar.interpreter.PlusExpressionTest" time="0.0"/>
  <testcase name="testInterpret(NumberExpression, NumberExpression, int)[329]" classname="com.iluwatar.interpreter.PlusExpressionTest" time="0.0"/>
  <testcase name="testInterpret(NumberExpression, NumberExpression, int)[330]" classname="com.iluwatar.interpreter.PlusExpressionTest" time="0.0"/>
  <testcase name="testInterpret(NumberExpression, NumberExpression, int)[331]" classname="com.iluwatar.interpreter.PlusExpressionTest" time="0.0"/>
  <testcase name="testInterpret(NumberExpression, NumberExpression, int)[332]" classname="com.iluwatar.interpreter.PlusExpressionTest" time="0.0"/>
  <testcase name="testInterpret(NumberExpression, NumberExpression, int)[333]" classname="com.iluwatar.interpreter.PlusExpressionTest" time="0.0"/>
  <testcase name="testInterpret(NumberExpression, NumberExpression, int)[334]" classname="com.iluwatar.interpreter.PlusExpressionTest" time="0.0"/>
  <testcase name="testInterpret(NumberExpression, NumberExpression, int)[335]" classname="com.iluwatar.interpreter.PlusExpressionTest" time="0.0"/>
  <testcase name="testInterpret(NumberExpression, NumberExpression, int)[336]" classname="com.iluwatar.interpreter.PlusExpressionTest" time="0.0"/>
  <testcase name="testInterpret(NumberExpression, NumberExpression, int)[337]" classname="com.iluwatar.interpreter.PlusExpressionTest" time="0.0"/>
  <testcase name="testInterpret(NumberExpression, NumberExpression, int)[338]" classname="com.iluwatar.interpreter.PlusExpressionTest" time="0.0"/>
  <testcase name="testInterpret(NumberExpression, NumberExpression, int)[339]" classname="com.iluwatar.interpreter.PlusExpressionTest" time="0.0"/>
  <testcase name="testInterpret(NumberExpression, NumberExpression, int)[340]" classname="com.iluwatar.interpreter.PlusExpressionTest" time="0.0"/>
  <testcase name="testInterpret(NumberExpression, NumberExpression, int)[341]" classname="com.iluwatar.interpreter.PlusExpressionTest" time="0.0"/>
  <testcase name="testInterpret(NumberExpression, NumberExpression, int)[342]" classname="com.iluwatar.interpreter.PlusExpressionTest" time="0.0"/>
  <testcase name="testInterpret(NumberExpression, NumberExpression, int)[343]" classname="com.iluwatar.interpreter.PlusExpressionTest" time="0.0"/>
  <testcase name="testInterpret(NumberExpression, NumberExpression, int)[344]" classname="com.iluwatar.interpreter.PlusExpressionTest" time="0.0"/>
  <testcase name="testInterpret(NumberExpression, NumberExpression, int)[345]" classname="com.iluwatar.interpreter.PlusExpressionTest" time="0.001"/>
  <testcase name="testInterpret(NumberExpression, NumberExpression, int)[346]" classname="com.iluwatar.interpreter.PlusExpressionTest" time="0.0"/>
  <testcase name="testInterpret(NumberExpression, NumberExpression, int)[347]" classname="com.iluwatar.interpreter.PlusExpressionTest" time="0.0"/>
  <testcase name="testInterpret(NumberExpression, NumberExpression, int)[348]" classname="com.iluwatar.interpreter.PlusExpressionTest" time="0.0"/>
  <testcase name="testInterpret(NumberExpression, NumberExpression, int)[349]" classname="com.iluwatar.interpreter.PlusExpressionTest" time="0.0"/>
  <testcase name="testInterpret(NumberExpression, NumberExpression, int)[350]" classname="com.iluwatar.interpreter.PlusExpressionTest" time="0.0"/>
  <testcase name="testInterpret(NumberExpression, NumberExpression, int)[351]" classname="com.iluwatar.interpreter.PlusExpressionTest" time="0.0"/>
  <testcase name="testInterpret(NumberExpression, NumberExpression, int)[352]" classname="com.iluwatar.interpreter.PlusExpressionTest" time="0.0"/>
  <testcase name="testInterpret(NumberExpression, NumberExpression, int)[353]" classname="com.iluwatar.interpreter.PlusExpressionTest" time="0.0"/>
  <testcase name="testInterpret(NumberExpression, NumberExpression, int)[354]" classname="com.iluwatar.interpreter.PlusExpressionTest" time="0.0"/>
  <testcase name="testInterpret(NumberExpression, NumberExpression, int)[355]" classname="com.iluwatar.interpreter.PlusExpressionTest" time="0.0"/>
  <testcase name="testInterpret(NumberExpression, NumberExpression, int)[356]" classname="com.iluwatar.interpreter.PlusExpressionTest" time="0.0"/>
  <testcase name="testInterpret(NumberExpression, NumberExpression, int)[357]" classname="com.iluwatar.interpreter.PlusExpressionTest" time="0.0"/>
  <testcase name="testInterpret(NumberExpression, NumberExpression, int)[358]" classname="com.iluwatar.interpreter.PlusExpressionTest" time="0.0"/>
  <testcase name="testInterpret(NumberExpression, NumberExpression, int)[359]" classname="com.iluwatar.interpreter.PlusExpressionTest" time="0.0"/>
  <testcase name="testInterpret(NumberExpression, NumberExpression, int)[360]" classname="com.iluwatar.interpreter.PlusExpressionTest" time="0.0"/>
  <testcase name="testInterpret(NumberExpression, NumberExpression, int)[361]" classname="com.iluwatar.interpreter.PlusExpressionTest" time="0.0"/>
  <testcase name="testInterpret(NumberExpression, NumberExpression, int)[362]" classname="com.iluwatar.interpreter.PlusExpressionTest" time="0.0"/>
  <testcase name="testInterpret(NumberExpression, NumberExpression, int)[363]" classname="com.iluwatar.interpreter.PlusExpressionTest" time="0.0"/>
  <testcase name="testInterpret(NumberExpression, NumberExpression, int)[364]" classname="com.iluwatar.interpreter.PlusExpressionTest" time="0.0"/>
  <testcase name="testInterpret(NumberExpression, NumberExpression, int)[365]" classname="com.iluwatar.interpreter.PlusExpressionTest" time="0.0"/>
  <testcase name="testInterpret(NumberExpression, NumberExpression, int)[366]" classname="com.iluwatar.interpreter.PlusExpressionTest" time="0.0"/>
  <testcase name="testInterpret(NumberExpression, NumberExpression, int)[367]" classname="com.iluwatar.interpreter.PlusExpressionTest" time="0.0"/>
  <testcase name="testInterpret(NumberExpression, NumberExpression, int)[368]" classname="com.iluwatar.interpreter.PlusExpressionTest" time="0.0"/>
  <testcase name="testInterpret(NumberExpression, NumberExpression, int)[369]" classname="com.iluwatar.interpreter.PlusExpressionTest" time="0.0"/>
  <testcase name="testInterpret(NumberExpression, NumberExpression, int)[370]" classname="com.iluwatar.interpreter.PlusExpressionTest" time="0.0"/>
  <testcase name="testInterpret(NumberExpression, NumberExpression, int)[371]" classname="com.iluwatar.interpreter.PlusExpressionTest" time="0.0"/>
  <testcase name="testInterpret(NumberExpression, NumberExpression, int)[372]" classname="com.iluwatar.interpreter.PlusExpressionTest" time="0.0"/>
  <testcase name="testInterpret(NumberExpression, NumberExpression, int)[373]" classname="com.iluwatar.interpreter.PlusExpressionTest" time="0.001"/>
  <testcase name="testInterpret(NumberExpression, NumberExpression, int)[374]" classname="com.iluwatar.interpreter.PlusExpressionTest" time="0.0"/>
  <testcase name="testInterpret(NumberExpression, NumberExpression, int)[375]" classname="com.iluwatar.interpreter.PlusExpressionTest" time="0.0"/>
  <testcase name="testInterpret(NumberExpression, NumberExpression, int)[376]" classname="com.iluwatar.interpreter.PlusExpressionTest" time="0.0"/>
  <testcase name="testInterpret(NumberExpression, NumberExpression, int)[377]" classname="com.iluwatar.interpreter.PlusExpressionTest" time="0.0"/>
  <testcase name="testInterpret(NumberExpression, NumberExpression, int)[378]" classname="com.iluwatar.interpreter.PlusExpressionTest" time="0.0"/>
  <testcase name="testInterpret(NumberExpression, NumberExpression, int)[379]" classname="com.iluwatar.interpreter.PlusExpressionTest" time="0.0"/>
  <testcase name="testInterpret(NumberExpression, NumberExpression, int)[380]" classname="com.iluwatar.interpreter.PlusExpressionTest" time="0.0"/>
  <testcase name="testInterpret(NumberExpression, NumberExpression, int)[381]" classname="com.iluwatar.interpreter.PlusExpressionTest" time="0.0"/>
  <testcase name="testInterpret(NumberExpression, NumberExpression, int)[382]" classname="com.iluwatar.interpreter.PlusExpressionTest" time="0.0"/>
  <testcase name="testInterpret(NumberExpression, NumberExpression, int)[383]" classname="com.iluwatar.interpreter.PlusExpressionTest" time="0.0"/>
  <testcase name="testInterpret(NumberExpression, NumberExpression, int)[384]" classname="com.iluwatar.interpreter.PlusExpressionTest" time="0.0"/>
  <testcase name="testInterpret(NumberExpression, NumberExpression, int)[385]" classname="com.iluwatar.interpreter.PlusExpressionTest" time="0.001"/>
  <testcase name="testInterpret(NumberExpression, NumberExpression, int)[386]" classname="com.iluwatar.interpreter.PlusExpressionTest" time="0.0"/>
  <testcase name="testInterpret(NumberExpression, NumberExpression, int)[387]" classname="com.iluwatar.interpreter.PlusExpressionTest" time="0.0"/>
  <testcase name="testInterpret(NumberExpression, NumberExpression, int)[388]" classname="com.iluwatar.interpreter.PlusExpressionTest" time="0.0"/>
  <testcase name="testInterpret(NumberExpression, NumberExpression, int)[389]" classname="com.iluwatar.interpreter.PlusExpressionTest" time="0.0"/>
  <testcase name="testInterpret(NumberExpression, NumberExpression, int)[390]" classname="com.iluwatar.interpreter.PlusExpressionTest" time="0.0"/>
  <testcase name="testInterpret(NumberExpression, NumberExpression, int)[391]" classname="com.iluwatar.interpreter.PlusExpressionTest" time="0.0"/>
  <testcase name="testInterpret(NumberExpression, NumberExpression, int)[392]" classname="com.iluwatar.interpreter.PlusExpressionTest" time="0.0"/>
  <testcase name="testInterpret(NumberExpression, NumberExpression, int)[393]" classname="com.iluwatar.interpreter.PlusExpressionTest" time="0.0"/>
  <testcase name="testInterpret(NumberExpression, NumberExpression, int)[394]" classname="com.iluwatar.interpreter.PlusExpressionTest" time="0.0"/>
  <testcase name="testInterpret(NumberExpression, NumberExpression, int)[395]" classname="com.iluwatar.interpreter.PlusExpressionTest" time="0.0"/>
  <testcase name="testInterpret(NumberExpression, NumberExpression, int)[396]" classname="com.iluwatar.interpreter.PlusExpressionTest" time="0.0"/>
  <testcase name="testInterpret(NumberExpression, NumberExpression, int)[397]" classname="com.iluwatar.interpreter.PlusExpressionTest" time="0.0"/>
  <testcase name="testInterpret(NumberExpression, NumberExpression, int)[398]" classname="com.iluwatar.interpreter.PlusExpressionTest" time="0.0"/>
  <testcase name="testInterpret(NumberExpression, NumberExpression, int)[399]" classname="com.iluwatar.interpreter.PlusExpressionTest" time="0.0"/>
  <testcase name="testInterpret(NumberExpression, NumberExpression, int)[400]" classname="com.iluwatar.interpreter.PlusExpressionTest" time="0.0"/>
</testsuite>