<?xml version="1.0" encoding="UTF-8"?>
<testsuite xmlns:xsi="http://www.w3.org/2001/XMLSchema-instance" xsi:noNamespaceSchemaLocation="https://maven.apache.org/surefire/maven-surefire-plugin/xsd/surefire-test-report-3.0.xsd" version="3.0" name="com.iluwatar.presentationmodel.ViewTest" time="0.098" tests="4" errors="0" skipped="0" failures="0">
  <properties>
    <property name="gopherProxySet" value="false"/>
    <property name="awt.toolkit" value="sun.lwawt.macosx.LWCToolkit"/>
    <property name="java.specification.version" value="11"/>
    <property name="sun.cpu.isalist" value=""/>
    <property name="sun.jnu.encoding" value="UTF-8"/>
    <property name="sun.awt.enableExtraMouseButtons" value="true"/>
    <property name="java.class.path" value="/Users/nyalllivett/Desktop/LLMTestGeneration/projects-used-for-data/java-design-patterns/presentation-model/target/test-classes:/Users/nyalllivett/Desktop/LLMTestGeneration/projects-used-for-data/java-design-patterns/presentation-model/target/classes:/Users/nyalllivett/.m2/repository/org/junit/jupiter/junit-jupiter-engine/5.8.2/junit-jupiter-engine-5.8.2.jar:/Users/nyalllivett/.m2/repository/org/junit/platform/junit-platform-engine/1.8.2/junit-platform-engine-1.8.2.jar:/Users/nyalllivett/.m2/repository/org/apiguardian/apiguardian-api/1.1.2/apiguardian-api-1.1.2.jar:/Users/nyalllivett/.m2/repository/org/junit/jupiter/junit-jupiter-api/5.8.2/junit-jupiter-api-5.8.2.jar:/Users/nyalllivett/.m2/repository/org/opentest4j/opentest4j/1.2.0/opentest4j-1.2.0.jar:/Users/nyalllivett/.m2/repository/org/junit/platform/junit-platform-commons/1.8.2/junit-platform-commons-1.8.2.jar:/Users/nyalllivett/.m2/repository/org/junit/vintage/junit-vintage-engine/5.8.2/junit-vintage-engine-5.8.2.jar:/Users/nyalllivett/.m2/repository/junit/junit/4.13.2/junit-4.13.2.jar:/Users/nyalllivett/.m2/repository/org/hamcrest/hamcrest-core/2.2/hamcrest-core-2.2.jar:/Users/nyalllivett/.m2/repository/org/hamcrest/hamcrest/2.2/hamcrest-2.2.jar:/Users/nyalllivett/.m2/repository/org/slf4j/slf4j-api/1.7.36/slf4j-api-1.7.36.jar:/Users/nyalllivett/.m2/repository/org/evosuite/evosuite-runtime/1.2.0/evosuite-runtime-1.2.0.jar:/Users/nyalllivett/.m2/repository/ch/qos/logback/logback-classic/1.2.11/logback-classic-1.2.11.jar:/Users/nyalllivett/.m2/repository/ch/qos/logback/logback-core/1.2.11/logback-core-1.2.11.jar:/Users/nyalllivett/.m2/repository/org/projectlombok/lombok/1.18.24/lombok-1.18.24.jar:"/>
    <property name="java.vm.vendor" value="Amazon.com Inc."/>
    <property name="sun.arch.data.model" value="64"/>
    <property name="sun.font.fontmanager" value="sun.font.CFontManager"/>
    <property name="java.vendor.url" value="https://aws.amazon.com/corretto/"/>
    <property name="user.timezone" value="Europe/London"/>
    <property name="java.vm.specification.version" value="11"/>
    <property name="os.name" value="Mac OS X"/>
    <property name="sun.java.launcher" value="SUN_STANDARD"/>
    <property name="user.country" value="GB"/>
    <property name="sun.boot.library.path" value="/Users/nyalllivett/Library/Java/JavaVirtualMachines/corretto-11.0.22/Contents/Home/lib"/>
    <property name="sun.java.command" value="/Users/nyalllivett/Desktop/LLMTestGeneration/projects-used-for-data/java-design-patterns/presentation-model/target/surefire/surefirebooter-20240416130306123_762.jar /Users/nyalllivett/Desktop/LLMTestGeneration/projects-used-for-data/java-design-patterns/presentation-model/target/surefire 2024-04-16T12-56-39_886-jvmRun1 surefire-20240416130306123_760tmp surefire_135-20240416130306123_761tmp"/>
    <property name="http.nonProxyHosts" value="local|*.local|169.254/16|*.169.254/16"/>
    <property name="jdk.debug" value="release"/>
    <property name="surefire.test.class.path" value="/Users/nyalllivett/Desktop/LLMTestGeneration/projects-used-for-data/java-design-patterns/presentation-model/target/test-classes:/Users/nyalllivett/Desktop/LLMTestGeneration/projects-used-for-data/java-design-patterns/presentation-model/target/classes:/Users/nyalllivett/.m2/repository/org/junit/jupiter/junit-jupiter-engine/5.8.2/junit-jupiter-engine-5.8.2.jar:/Users/nyalllivett/.m2/repository/org/junit/platform/junit-platform-engine/1.8.2/junit-platform-engine-1.8.2.jar:/Users/nyalllivett/.m2/repository/org/apiguardian/apiguardian-api/1.1.2/apiguardian-api-1.1.2.jar:/Users/nyalllivett/.m2/repository/org/junit/jupiter/junit-jupiter-api/5.8.2/junit-jupiter-api-5.8.2.jar:/Users/nyalllivett/.m2/repository/org/opentest4j/opentest4j/1.2.0/opentest4j-1.2.0.jar:/Users/nyalllivett/.m2/repository/org/junit/platform/junit-platform-commons/1.8.2/junit-platform-commons-1.8.2.jar:/Users/nyalllivett/.m2/repository/org/junit/vintage/junit-vintage-engine/5.8.2/junit-vintage-engine-5.8.2.jar:/Users/nyalllivett/.m2/repository/junit/junit/4.13.2/junit-4.13.2.jar:/Users/nyalllivett/.m2/repository/org/hamcrest/hamcrest-core/2.2/hamcrest-core-2.2.jar:/Users/nyalllivett/.m2/repository/org/hamcrest/hamcrest/2.2/hamcrest-2.2.jar:/Users/nyalllivett/.m2/repository/org/slf4j/slf4j-api/1.7.36/slf4j-api-1.7.36.jar:/Users/nyalllivett/.m2/repository/org/evosuite/evosuite-runtime/1.2.0/evosuite-runtime-1.2.0.jar:/Users/nyalllivett/.m2/repository/ch/qos/logback/logback-classic/1.2.11/logback-classic-1.2.11.jar:/Users/nyalllivett/.m2/repository/ch/qos/logback/logback-core/1.2.11/logback-core-1.2.11.jar:/Users/nyalllivett/.m2/repository/org/projectlombok/lombok/1.18.24/lombok-1.18.24.jar:"/>
    <property name="sun.cpu.endian" value="little"/>
    <property name="user.home" value="/Users/nyalllivett"/>
    <property name="user.language" value="en"/>
    <property name="java.specification.vendor" value="Oracle Corporation"/>
    <property name="java.version.date" value="2024-01-16"/>
    <property name="java.home" value="/Users/nyalllivett/Library/Java/JavaVirtualMachines/corretto-11.0.22/Contents/Home"/>
    <property name="file.separator" value="/"/>
    <property name="basedir" value="/Users/nyalllivett/Desktop/LLMTestGeneration/projects-used-for-data/java-design-patterns/presentation-model"/>
    <property name="java.vm.compressedOopsMode" value="Zero based"/>
    <property name="line.separator" value="&#10;"/>
    <property name="checkstyle.skip" value="true"/>
    <property name="java.specification.name" value="Java Platform API Specification"/>
    <property name="java.vm.specification.vendor" value="Oracle Corporation"/>
    <property name="java.awt.graphicsenv" value="sun.awt.CGraphicsEnvironment"/>
    <property name="surefire.real.class.path" value="/Users/nyalllivett/Desktop/LLMTestGeneration/projects-used-for-data/java-design-patterns/presentation-model/target/surefire/surefirebooter-20240416130306123_762.jar"/>
    <property name="sun.management.compiler" value="HotSpot 64-Bit Tiered Compilers"/>
    <property name="ftp.nonProxyHosts" value="local|*.local|169.254/16|*.169.254/16"/>
    <property name="java.runtime.version" value="11.0.22+7-LTS"/>
    <property name="user.name" value="nyalllivett"/>
    <property name="path.separator" value=":"/>
    <property name="os.version" value="13.5.1"/>
    <property name="java.runtime.name" value="OpenJDK Runtime Environment"/>
    <property name="file.encoding" value="UTF-8"/>
    <property name="java.vm.name" value="OpenJDK 64-Bit Server VM"/>
    <property name="java.vendor.version" value="Corretto-11.0.22.7.1"/>
    <property name="localRepository" value="/Users/nyalllivett/.m2/repository"/>
    <property name="java.vendor.url.bug" value="https://github.com/corretto/corretto-11/issues/"/>
    <property name="java.io.tmpdir" value="/var/folders/r5/wybk1jdx0sd04gfc1n3_j0yw0000gn/T/"/>
    <property name="java.version" value="11.0.22"/>
    <property name="user.dir" value="/Users/nyalllivett/Desktop/LLMTestGeneration/projects-used-for-data/java-design-patterns/presentation-model"/>
    <property name="os.arch" value="aarch64"/>
    <property name="java.vm.specification.name" value="Java Virtual Machine Specification"/>
    <property name="java.awt.printerjob" value="sun.lwawt.macosx.CPrinterJob"/>
    <property name="sun.os.patch.level" value="unknown"/>
    <property name="java.library.path" value="/Users/nyalllivett/Library/Java/Extensions:/Library/Java/Extensions:/Network/Library/Java/Extensions:/System/Library/Java/Extensions:/usr/lib/java:."/>
    <property name="java.vm.info" value="mixed mode"/>
    <property name="java.vendor" value="Amazon.com Inc."/>
    <property name="java.vm.version" value="11.0.22+7-LTS"/>
    <property name="java.specification.maintenance.version" value="2"/>
    <property name="sun.io.unicode.encoding" value="UnicodeBig"/>
    <property name="java.class.version" value="55.0"/>
    <property name="socksNonProxyHosts" value="local|*.local|169.254/16|*.169.254/16"/>
  </properties>
  <testcase name="testSave_setArtistAndTitle" classname="com.iluwatar.presentationmodel.ViewTest" time="0.029">
    <system-out><![CDATA[13:03:07.954 [main] INFO com.iluwatar.presentationmodel.View - Save data to PresentationModel
13:03:07.959 [main] INFO com.iluwatar.presentationmodel.PresentationModel - Change album artist from Roy Harper to testArtist
13:03:07.960 [main] INFO com.iluwatar.presentationmodel.PresentationModel - Change album title from HQ to testTitle
13:03:07.960 [main] INFO com.iluwatar.presentationmodel.PresentationModel - Change album isClassical from false to false
13:03:07.960 [main] INFO com.iluwatar.presentationmodel.PresentationModel - Composer can not be changed
13:03:07.960 [main] INFO com.iluwatar.presentationmodel.View - Load data from PresentationModel
]]></system-out>
  </testcase>
  <testcase name="testSave_setClassicalAndComposer" classname="com.iluwatar.presentationmodel.ViewTest" time="0.015">
    <system-out><![CDATA[13:03:07.976 [main] INFO com.iluwatar.presentationmodel.View - Save data to PresentationModel
13:03:07.976 [main] INFO com.iluwatar.presentationmodel.PresentationModel - Change album artist from Roy Harper to 
13:03:07.976 [main] INFO com.iluwatar.presentationmodel.PresentationModel - Change album title from HQ to 
13:03:07.976 [main] INFO com.iluwatar.presentationmodel.PresentationModel - Change album isClassical from false to true
13:03:07.976 [main] INFO com.iluwatar.presentationmodel.PresentationModel - Change album composer from  to testComposer
13:03:07.976 [main] INFO com.iluwatar.presentationmodel.View - Load data from PresentationModel
]]></system-out>
  </testcase>
  <testcase name="testLoad_1" classname="com.iluwatar.presentationmodel.ViewTest" time="0.021">
    <system-out><![CDATA[13:03:07.996 [main] INFO com.iluwatar.presentationmodel.PresentationModel - Change select number from 1 to 2
13:03:07.997 [main] INFO com.iluwatar.presentationmodel.View - Load data from PresentationModel
]]></system-out>
  </testcase>
  <testcase name="testLoad_2" classname="com.iluwatar.presentationmodel.ViewTest" time="0.03">
    <system-out><![CDATA[13:03:08.026 [main] INFO com.iluwatar.presentationmodel.PresentationModel - Change select number from 1 to 4
13:03:08.027 [main] INFO com.iluwatar.presentationmodel.View - Load data from PresentationModel
]]></system-out>
  </testcase>
</testsuite>